  Using 'git status' to determine working set for adaptive non-unity build (E:\UE4\Projects\WargamingAcademy).
  Parsing headers for Cyberpunk2022Editor
    Running UnrealHeaderTool "E:\UE4\Projects\WargamingAcademy\Cyberpunk2022\Cyberpunk2022.uproject" "E:\UE4\Projects\WargamingAcademy\Cyberpunk2022\Intermediate\Build\Win64\Cyberpunk2022Editor\Development\Cyberpunk2022Editor.uhtmanifest" -LogCmds="loginit warning, logexit warning, logdatabase error" -Unattended -WarningsAsErrors -abslog="C:\Users\Artem\AppData\Local\UnrealBuildTool\Log_UHT.txt" -installed
  LogInit: Display: Loading text-based GConfig....
  Reflection code generated for Cyberpunk2022Editor in 3.6922441 seconds
  Building Cyberpunk2022Editor...
  Using Visual Studio 2022 14.30.30706 toolchain (C:\Program Files\Microsoft Visual Studio\2022\Community\VC\Tools\MSVC\14.30.30705) and Windows 10.0.19041.0 SDK (C:\Program Files (x86)\Windows Kits\10).
  Building 6 actions with 12 processes...
    [1/6] Weapon.gen.cpp
    [2/6] Cyberpunk2022Character.cpp
E:\UE4\Projects\WargamingAcademy\Cyberpunk2022\Source\Cyberpunk2022\Cyberpunk2022Character.cpp(295): warning C4996: 'USceneComponent::AttachTo': This function is deprecated, please use AttachToComponent instead. Please update your code to the new API before upgrading to the next release, otherwise your project will no longer compile.
    [3/6] Weapon.cpp
E:\UE4\UE_4.27\Engine\Plugins\Cameras\GameplayCameras\Source\GameplayCameras\Public\Camera/CameraShake.h(7): warning : UCameraShake has been renamed to UMatineeCameraShake, change to #include "MatineeCameraShake.h" and rename references
    [4/6] UE4Editor-Cyberpunk2022.lib
       Creating library E:\UE4\Projects\WargamingAcademy\Cyberpunk2022\Intermediate\Build\Win64\UE4Editor\Development\Cyberpunk2022\UE4Editor-Cyberpunk2022.lib and object E:\UE4\Projects\WargamingAcademy\Cyberpunk2022\Intermediate\Build\Win64\UE4Editor\Development\Cyberpunk2022\UE4Editor-Cyberpunk2022.exp
    [5/6] UE4Editor-Cyberpunk2022.dll
       Creating library E:\UE4\Projects\WargamingAcademy\Cyberpunk2022\Intermediate\Build\Win64\UE4Editor\Development\Cyberpunk2022\UE4Editor-Cyberpunk2022.suppressed.lib and object E:\UE4\Projects\WargamingAcademy\Cyberpunk2022\Intermediate\Build\Win64\UE4Editor\Development\Cyberpunk2022\UE4Editor-Cyberpunk2022.suppressed.exp
    [6/6] Cyberpunk2022Editor.target
  Total time in Parallel executor: 11.82 seconds
  Total execution time: 16.03 seconds
