Log file open, 03/14/22 13:50:51
LogWindows: Failed to load 'aqProf.dll' (GetLastError=126)
LogWindows: File 'aqProf.dll' does not exist
LogWindows: Failed to load 'VtuneApi.dll' (GetLastError=126)
LogWindows: File 'VtuneApi.dll' does not exist
LogWindows: Failed to load 'VtuneApi32e.dll' (GetLastError=126)
LogWindows: File 'VtuneApi32e.dll' does not exist
LogConsoleResponse: Display: Failed to find resolution value strings in scalability ini. Falling back to default.
LogConsoleResponse: Display: Failed to find resolution value strings in scalability ini. Falling back to default.
LogInit: Display: Running engine for game: Cyberpunk2022
LogPlatformFile: Not using cached read wrapper
LogTaskGraph: Started task graph with 5 named threads and 35 total threads with 3 sets of task threads.
LogStats: Stats thread started at 0.876823
LogICUInternationalization: ICU TimeZone Detection - Raw Offset: +3:00, Platform Override: ''
LogInit: Display: Loading text-based GConfig....
LogPluginManager: Mounting plugin MeshPainting
LogPluginManager: Mounting plugin XGEController
LogPluginManager: Mounting plugin Paper2D
LogPluginManager: Mounting plugin EnvironmentQueryEditor
LogPluginManager: Mounting plugin AISupport
LogPluginManager: Mounting plugin LiveLink
LogPluginManager: Mounting plugin OodleNetwork
LogPluginManager: Mounting plugin CameraShakePreviewer
LogPluginManager: Mounting plugin LightPropagationVolume
LogPluginManager: Mounting plugin OodleData
LogPluginManager: Mounting plugin AssetManagerEditor
LogPluginManager: Mounting plugin GameplayCameras
LogPluginManager: Mounting plugin CurveEditorTools
LogPluginManager: Mounting plugin DataValidation
LogPluginManager: Mounting plugin FacialAnimation
LogPluginManager: Mounting plugin GameplayTagsEditor
LogPluginManager: Mounting plugin GeometryMode
LogPluginManager: Mounting plugin MaterialAnalyzer
LogPluginManager: Mounting plugin MacGraphicsSwitching
LogPluginManager: Mounting plugin MobileLauncherProfileWizard
LogPluginManager: Mounting plugin PluginBrowser
LogPluginManager: Mounting plugin SpeedTreeImporter
LogPluginManager: Mounting plugin BackChannel
LogPluginManager: Mounting plugin AutomationUtils
LogPluginManager: Mounting plugin AlembicImporter
LogPluginManager: Mounting plugin CryptoKeys
LogPluginManager: Mounting plugin ChaosCloth
LogPluginManager: Mounting plugin ChaosEditor
LogPluginManager: Mounting plugin ChaosClothEditor
LogPluginManager: Mounting plugin ChaosNiagara
LogPluginManager: Mounting plugin ChaosSolverPlugin
LogPluginManager: Mounting plugin CharacterAI
LogPluginManager: Mounting plugin GeometryCache
LogPluginManager: Mounting plugin GeometryCollectionPlugin
LogPluginManager: Mounting plugin GeometryProcessing
LogPluginManager: Mounting plugin OpenImageDenoise
LogPluginManager: Mounting plugin PlanarCut
LogPluginManager: Mounting plugin MotoSynth
LogPluginManager: Mounting plugin ProxyLODPlugin
LogPluginManager: Mounting plugin PlatformCrypto
LogPluginManager: Mounting plugin PythonScriptPlugin
LogPluginManager: Mounting plugin SkeletalReduction
LogPluginManager: Mounting plugin Niagara
LogPluginManager: Mounting plugin LuminPlatformFeatures
LogPluginManager: Mounting plugin MagicLeap
LogPluginManager: Mounting plugin AndroidMedia
LogPluginManager: Mounting plugin MagicLeapLightEstimation
LogPluginManager: Mounting plugin MagicLeapMedia
LogPluginManager: Mounting plugin ActorSequence
LogPluginManager: Mounting plugin LevelSequenceEditor
LogPluginManager: Mounting plugin MatineeToLevelSequence
LogPluginManager: Mounting plugin AvfMedia
LogPluginManager: Mounting plugin MagicLeapPassableWorld
LogPluginManager: Mounting plugin TemplateSequence
LogPluginManager: Mounting plugin MLSDK
LogPluginManager: Mounting plugin ImgMedia
LogPluginManager: Mounting plugin MediaCompositing
LogPluginManager: Mounting plugin MediaPlayerEditor
LogPluginManager: Mounting plugin TcpMessaging
LogPluginManager: Mounting plugin WebMMedia
LogPluginManager: Mounting plugin WmfMedia
LogPluginManager: Mounting plugin LauncherChunkInstaller
LogPluginManager: Mounting plugin UdpMessaging
LogPluginManager: Mounting plugin OnlineSubsystem
LogPluginManager: Mounting plugin OnlineSubsystemNull
LogPluginManager: Mounting plugin OnlineSubsystemUtils
LogPluginManager: Mounting plugin ScreenshotTools
LogPluginManager: Mounting plugin ActorLayerUtilities
LogPluginManager: Mounting plugin AndroidMoviePlayer
LogPluginManager: Mounting plugin AndroidPermission
LogPluginManager: Mounting plugin AndroidDeviceProfileSelector
LogPluginManager: Mounting plugin AppleImageUtils
LogPluginManager: Mounting plugin AppleMoviePlayer
LogPluginManager: Mounting plugin AudioCapture
LogPluginManager: Mounting plugin AssetTags
LogPluginManager: Mounting plugin ArchVisCharacter
LogPluginManager: Mounting plugin AudioSynesthesia
LogPluginManager: Mounting plugin CableComponent
LogPluginManager: Mounting plugin ChunkDownloader
LogPluginManager: Mounting plugin CustomMeshComponent
LogPluginManager: Mounting plugin ExampleDeviceProfileSelector
LogPluginManager: Mounting plugin EditableMesh
LogPluginManager: Mounting plugin GoogleCloudMessaging
LogPluginManager: Mounting plugin IOSDeviceProfileSelector
LogPluginManager: Mounting plugin GooglePAD
LogPluginManager: Mounting plugin LinuxDeviceProfileSelector
LogPluginManager: Mounting plugin LocationServicesBPLibrary
LogPluginManager: Mounting plugin MobilePatchingUtils
LogPluginManager: Mounting plugin OpenXR
LogPluginManager: Mounting plugin OpenXREyeTracker
LogPluginManager: Mounting plugin OpenXRHandTracking
LogPluginManager: Mounting plugin PhysXVehicles
LogPluginManager: Mounting plugin PostSplashScreen
LogPluginManager: Mounting plugin PropertyAccessEditor
LogPluginManager: Mounting plugin ProceduralMeshComponent
LogPluginManager: Mounting plugin RuntimePhysXCooking
LogPluginManager: Mounting plugin SignificanceManager
LogPluginManager: Mounting plugin SoundFields
LogPluginManager: Mounting plugin Synthesis
LogPluginManager: Mounting plugin WebMMoviePlayer
LogPluginManager: Mounting plugin WindowsMoviePlayer
LogPluginManager: Mounting plugin AnimationSharing
LogPluginManager: Mounting plugin Takes
LogPluginManager: Mounting plugin CLionSourceCodeAccess
LogPluginManager: Mounting plugin DatasmithContent
LogPluginManager: Mounting plugin VariantManagerContent
LogPluginManager: Mounting plugin KDevelopSourceCodeAccess
LogPluginManager: Mounting plugin CodeLiteSourceCodeAccess
LogPluginManager: Mounting plugin GitSourceControl
LogPluginManager: Mounting plugin NullSourceCodeAccess
LogPluginManager: Mounting plugin PluginUtils
LogPluginManager: Mounting plugin PlasticSourceControl
LogPluginManager: Mounting plugin PixWinPlugin
LogPluginManager: Mounting plugin PropertyAccessNode
LogPluginManager: Mounting plugin RiderSourceCodeAccess
LogPluginManager: Mounting plugin TextureFormatOodle
LogPluginManager: Mounting plugin SubversionSourceControl
LogPluginManager: Mounting plugin UObjectPlugin
LogPluginManager: Mounting plugin VisualStudioCodeSourceCodeAccess
LogPluginManager: Mounting plugin XCodeSourceCodeAccess
LogPluginManager: Mounting plugin PerforceSourceControl
LogPluginManager: Mounting plugin VisualStudioSourceCodeAccess
LogPluginManager: Mounting plugin ContentBrowserClassDataSource
LogPluginManager: Mounting plugin ContentBrowserFileDataSource
LogPluginManager: Mounting plugin ContentBrowserAssetDataSource
LogPluginManager: Mounting plugin OnlineSubsystemGooglePlay
LogPluginManager: Mounting plugin OnlineSubsystemIOS
LogPluginManager: Mounting plugin OculusVR
LogPluginManager: Mounting plugin SteamVR
LogInit: Using libcurl 7.55.1-DEV
LogInit:  - built for x86_64-pc-win32
LogInit:  - supports SSL with OpenSSL/1.1.1
LogInit:  - supports HTTP deflate (compression) using libz 1.2.8
LogInit:  - other features:
LogInit:      CURL_VERSION_SSL
LogInit:      CURL_VERSION_LIBZ
LogInit:      CURL_VERSION_IPV6
LogInit:      CURL_VERSION_ASYNCHDNS
LogInit:      CURL_VERSION_LARGEFILE
LogInit:      CURL_VERSION_IDN
LogInit:  CurlRequestOptions (configurable via config and command line):
LogInit:  - bVerifyPeer = true  - Libcurl will verify peer certificate
LogInit:  - bUseHttpProxy = false  - Libcurl will NOT use HTTP proxy
LogInit:  - bDontReuseConnections = false  - Libcurl will reuse connections
LogInit:  - MaxHostConnections = 16  - Libcurl will limit the number of connections to a host
LogInit:  - LocalHostAddr = Default
LogInit:  - BufferSize = 65536
LogOnline: OSS: Creating online subsystem instance for: NULL
LogInit: WinSock: version 1.1 (2.2), MaxSocks=32767, MaxUdp=65467
LogOnline: OSS: TryLoadSubsystemAndSetDefault: Loaded subsystem for module [NULL]
PixWinPlugin: PIX capture plugin failed to initialize! Check that the process is launched from PIX.
LogOculusPluginWrapper: OculusPlugin initialized successfully
LogHMD: Failed initializing OVRPlugin 1.59.0
LogInit: Build: ++UE4+Release-4.27-CL-18319896
LogInit: Engine Version: 4.27.2-18319896+++UE4+Release-4.27
LogInit: Compatible Engine Version: 4.27.0-17155196+++UE4+Release-4.27
LogInit: Net CL: 17155196
LogInit: OS: Windows 10 (Release 2009) (), CPU: AMD Ryzen 5 5600H with Radeon Graphics         , GPU: AMD Radeon(TM) Graphics
LogInit: Compiled (64-bit): Nov 30 2021 07:12:08
LogInit: Compiled with Visual C++: 19.24.28315.00
LogInit: Build Configuration: Development
LogInit: Branch Name: ++UE4+Release-4.27
LogInit: Command Line:  -skipcompile
LogInit: Base Directory: E:/UE4/UE_4.27/Engine/Binaries/Win64/
LogInit: Allocator: TBB
LogInit: Installed Engine Build: 1
LogDevObjectVersion: Number of dev versions registered: 29
LogDevObjectVersion:   Dev-Blueprints (B0D832E4-1F89-4F0D-ACCF-7EB736FD4AA2): 10
LogDevObjectVersion:   Dev-Build (E1C64328-A22C-4D53-A36C-8E866417BD8C): 0
LogDevObjectVersion:   Dev-Core (375EC13C-06E4-48FB-B500-84F0262A717E): 4
LogDevObjectVersion:   Dev-Editor (E4B068ED-F494-42E9-A231-DA0B2E46BB41): 40
LogDevObjectVersion:   Dev-Framework (CFFC743F-43B0-4480-9391-14DF171D2073): 37
LogDevObjectVersion:   Dev-Mobile (B02B49B5-BB20-44E9-A304-32B752E40360): 3
LogDevObjectVersion:   Dev-Networking (A4E4105C-59A1-49B5-A7C5-40C4547EDFEE): 0
LogDevObjectVersion:   Dev-Online (39C831C9-5AE6-47DC-9A44-9C173E1C8E7C): 0
LogDevObjectVersion:   Dev-Physics (78F01B33-EBEA-4F98-B9B4-84EACCB95AA2): 14
LogDevObjectVersion:   Dev-Platform (6631380F-2D4D-43E0-8009-CF276956A95A): 0
LogDevObjectVersion:   Dev-Rendering (12F88B9F-8875-4AFC-A67C-D90C383ABD29): 45
LogDevObjectVersion:   Dev-Sequencer (7B5AE74C-D270-4C10-A958-57980B212A5A): 13
LogDevObjectVersion:   Dev-VR (D7296918-1DD6-4BDD-9DE2-64A83CC13884): 3
LogDevObjectVersion:   Dev-LoadTimes (C2A15278-BFE7-4AFE-6C17-90FF531DF755): 1
LogDevObjectVersion:   Private-Geometry (6EACA3D4-40EC-4CC1-B786-8BED09428FC5): 3
LogDevObjectVersion:   Dev-AnimPhys (29E575DD-E0A3-4627-9D10-D276232CDCEA): 17
LogDevObjectVersion:   Dev-Anim (AF43A65D-7FD3-4947-9873-3E8ED9C1BB05): 15
LogDevObjectVersion:   Dev-ReflectionCapture (6B266CEC-1EC7-4B8F-A30B-E4D90942FC07): 1
LogDevObjectVersion:   Dev-Automation (0DF73D61-A23F-47EA-B727-89E90C41499A): 1
LogDevObjectVersion:   FortniteMain (601D1886-AC64-4F84-AA16-D3DE0DEAC7D6): 47
LogDevObjectVersion:   FortniteRelease (E7086368-6B23-4C58-8439-1B7016265E91): 1
LogDevObjectVersion:   Dev-Enterprise (9DFFBCD6-494F-0158-E221-12823C92A888): 10
LogDevObjectVersion:   Dev-Niagara (F2AED0AC-9AFE-416F-8664-AA7FFA26D6FC): 1
LogDevObjectVersion:   Dev-Destruction (174F1F0B-B4C6-45A5-B13F-2EE8D0FB917D): 10
LogDevObjectVersion:   Dev-Physics-Ext (35F94A83-E258-406C-A318-09F59610247C): 41
LogDevObjectVersion:   Dev-PhysicsMaterial-Chaos (B68FC16E-8B1B-42E2-B453-215C058844FE): 1
LogDevObjectVersion:   Dev-CineCamera (B2E18506-4273-CFC2-A54E-F4BB758BBA07): 1
LogDevObjectVersion:   Dev-VirtualProduction (64F58936-FD1B-42BA-BA96-7289D5D0FA4E): 1
LogDevObjectVersion:   Dev-MediaFramework (6F0ED827-A609-4895-9C91-998D90180EA4): 2
LogInit: Presizing for max 25165824 objects, including 0 objects not considered by GC, pre-allocating 0 bytes for permanent pool.
LogConfig: Applying CVar settings from Section [/Script/Engine.StreamingSettings] File [E:/UE4/Projects/WargamingAcademy/Cyberpunk2022/Saved/Config/Windows/Engine.ini]
LogConfig: Setting CVar [[s.MinBulkDataSizeForAsyncLoading:131072]]
LogConfig: Setting CVar [[s.AsyncLoadingThreadEnabled:0]]
LogConfig: Setting CVar [[s.EventDrivenLoaderEnabled:1]]
LogConfig: Setting CVar [[s.WarnIfTimeLimitExceeded:0]]
LogConfig: Setting CVar [[s.TimeLimitExceededMultiplier:1.5]]
LogConfig: Setting CVar [[s.TimeLimitExceededMinTime:0.005]]
LogConfig: Setting CVar [[s.UseBackgroundLevelStreaming:1]]
LogConfig: Setting CVar [[s.PriorityAsyncLoadingExtraTime:15.0]]
LogConfig: Setting CVar [[s.LevelStreamingActorsUpdateTimeLimit:5.0]]
LogConfig: Setting CVar [[s.PriorityLevelStreamingActorsUpdateExtraTime:5.0]]
LogConfig: Setting CVar [[s.LevelStreamingComponentsRegistrationGranularity:10]]
LogConfig: Setting CVar [[s.UnregisterComponentsTimeLimit:1.0]]
LogConfig: Setting CVar [[s.LevelStreamingComponentsUnregistrationGranularity:5]]
LogConfig: Setting CVar [[s.FlushStreamingOnExit:1]]
LogInit: Object subsystem initialized
LogConfig: Setting CVar [[con.DebugEarlyDefault:1]]
LogConfig: Setting CVar [[r.setres:1280x720]]
[2022.03.14-10.50.51:934][  0]LogConfig: Setting CVar [[r.VSync:0]]
[2022.03.14-10.50.51:934][  0]LogConfig: Setting CVar [[r.RHICmdBypass:0]]
[2022.03.14-10.50.51:934][  0]LogConfig: Applying CVar settings from Section [/Script/Engine.RendererSettings] File [E:/UE4/Projects/WargamingAcademy/Cyberpunk2022/Saved/Config/Windows/Engine.ini]
[2022.03.14-10.50.51:934][  0]LogConfig: Setting CVar [[r.GPUCrashDebugging:0]]
[2022.03.14-10.50.51:934][  0]LogConfig: Setting CVar [[r.DefaultFeature.MotionBlur:0]]
[2022.03.14-10.50.51:934][  0]LogConfig: Applying CVar settings from Section [/Script/Engine.RendererOverrideSettings] File [E:/UE4/Projects/WargamingAcademy/Cyberpunk2022/Saved/Config/Windows/Engine.ini]
[2022.03.14-10.50.51:934][  0]LogConfig: Applying CVar settings from Section [/Script/Engine.StreamingSettings] File [E:/UE4/Projects/WargamingAcademy/Cyberpunk2022/Saved/Config/Windows/Engine.ini]
[2022.03.14-10.50.51:934][  0]LogConfig: Setting CVar [[s.MinBulkDataSizeForAsyncLoading:131072]]
[2022.03.14-10.50.51:934][  0]LogConfig: Setting CVar [[s.AsyncLoadingThreadEnabled:0]]
[2022.03.14-10.50.51:934][  0]LogConfig: Setting CVar [[s.EventDrivenLoaderEnabled:1]]
[2022.03.14-10.50.51:934][  0]LogConfig: Setting CVar [[s.WarnIfTimeLimitExceeded:0]]
[2022.03.14-10.50.51:934][  0]LogConfig: Setting CVar [[s.TimeLimitExceededMultiplier:1.5]]
[2022.03.14-10.50.51:934][  0]LogConfig: Setting CVar [[s.TimeLimitExceededMinTime:0.005]]
[2022.03.14-10.50.51:934][  0]LogConfig: Setting CVar [[s.UseBackgroundLevelStreaming:1]]
[2022.03.14-10.50.51:934][  0]LogConfig: Setting CVar [[s.PriorityAsyncLoadingExtraTime:15.0]]
[2022.03.14-10.50.51:934][  0]LogConfig: Setting CVar [[s.LevelStreamingActorsUpdateTimeLimit:5.0]]
[2022.03.14-10.50.51:934][  0]LogConfig: Setting CVar [[s.PriorityLevelStreamingActorsUpdateExtraTime:5.0]]
[2022.03.14-10.50.51:934][  0]LogConfig: Setting CVar [[s.LevelStreamingComponentsRegistrationGranularity:10]]
[2022.03.14-10.50.51:935][  0]LogConfig: Setting CVar [[s.UnregisterComponentsTimeLimit:1.0]]
[2022.03.14-10.50.51:935][  0]LogConfig: Setting CVar [[s.LevelStreamingComponentsUnregistrationGranularity:5]]
[2022.03.14-10.50.51:935][  0]LogConfig: Setting CVar [[s.FlushStreamingOnExit:1]]
[2022.03.14-10.50.51:935][  0]LogConfig: Applying CVar settings from Section [/Script/Engine.GarbageCollectionSettings] File [E:/UE4/Projects/WargamingAcademy/Cyberpunk2022/Saved/Config/Windows/Engine.ini]
[2022.03.14-10.50.51:935][  0]LogConfig: Setting CVar [[gc.MaxObjectsNotConsideredByGC:1]]
[2022.03.14-10.50.51:935][  0]LogConfig: Setting CVar [[gc.SizeOfPermanentObjectPool:0]]
[2022.03.14-10.50.51:935][  0]LogConfig: Setting CVar [[gc.FlushStreamingOnGC:0]]
[2022.03.14-10.50.51:935][  0]LogConfig: Setting CVar [[gc.NumRetriesBeforeForcingGC:10]]
[2022.03.14-10.50.51:935][  0]LogConfig: Setting CVar [[gc.AllowParallelGC:1]]
[2022.03.14-10.50.51:935][  0]LogConfig: Setting CVar [[gc.TimeBetweenPurgingPendingKillObjects:61.1]]
[2022.03.14-10.50.51:935][  0]LogConfig: Setting CVar [[gc.MaxObjectsInEditor:25165824]]
[2022.03.14-10.50.51:935][  0]LogConfig: Setting CVar [[gc.IncrementalBeginDestroyEnabled:1]]
[2022.03.14-10.50.51:935][  0]LogConfig: Setting CVar [[gc.CreateGCClusters:1]]
[2022.03.14-10.50.51:935][  0]LogConfig: Setting CVar [[gc.MinGCClusterSize:5]]
[2022.03.14-10.50.51:935][  0]LogConfig: Setting CVar [[gc.ActorClusteringEnabled:0]]
[2022.03.14-10.50.51:935][  0]LogConfig: Setting CVar [[gc.BlueprintClusteringEnabled:0]]
[2022.03.14-10.50.51:935][  0]LogConfig: Setting CVar [[gc.UseDisregardForGCOnDedicatedServers:0]]
[2022.03.14-10.50.51:935][  0]LogConfig: Setting CVar [[gc.MultithreadedDestructionEnabled:1]]
[2022.03.14-10.50.51:935][  0]LogConfig: Applying CVar settings from Section [/Script/Engine.NetworkSettings] File [E:/UE4/Projects/WargamingAcademy/Cyberpunk2022/Saved/Config/Windows/Engine.ini]
[2022.03.14-10.50.51:935][  0]LogConfig: Applying CVar settings from Section [/Script/UnrealEd.CookerSettings] File [E:/UE4/Projects/WargamingAcademy/Cyberpunk2022/Saved/Config/Windows/Engine.ini]
[2022.03.14-10.50.51:944][  0]LogConfig: Applying CVar settings from Section [ViewDistanceQuality@3] File [E:/UE4/Projects/WargamingAcademy/Cyberpunk2022/Saved/Config/Windows/Scalability.ini]
[2022.03.14-10.50.51:944][  0]LogConfig: Setting CVar [[r.SkeletalMeshLODBias:0]]
[2022.03.14-10.50.51:944][  0]LogConfig: Setting CVar [[r.ViewDistanceScale:1.0]]
[2022.03.14-10.50.51:944][  0]LogConfig: Applying CVar settings from Section [AntiAliasingQuality@3] File [E:/UE4/Projects/WargamingAcademy/Cyberpunk2022/Saved/Config/Windows/Scalability.ini]
[2022.03.14-10.50.51:944][  0]LogConfig: Setting CVar [[r.PostProcessAAQuality:4]]
[2022.03.14-10.50.51:945][  0]LogConfig: Applying CVar settings from Section [ShadowQuality@3] File [E:/UE4/Projects/WargamingAcademy/Cyberpunk2022/Saved/Config/Windows/Scalability.ini]
[2022.03.14-10.50.51:945][  0]LogConfig: Setting CVar [[r.LightFunctionQuality:1]]
[2022.03.14-10.50.51:945][  0]LogConfig: Setting CVar [[r.ShadowQuality:5]]
[2022.03.14-10.50.51:945][  0]LogConfig: Setting CVar [[r.Shadow.CSM.MaxCascades:10]]
[2022.03.14-10.50.51:945][  0]LogConfig: Setting CVar [[r.Shadow.MaxResolution:2048]]
[2022.03.14-10.50.51:945][  0]LogConfig: Setting CVar [[r.Shadow.MaxCSMResolution:2048]]
[2022.03.14-10.50.51:945][  0]LogConfig: Setting CVar [[r.Shadow.RadiusThreshold:0.01]]
[2022.03.14-10.50.51:945][  0]LogConfig: Setting CVar [[r.Shadow.DistanceScale:1.0]]
[2022.03.14-10.50.51:945][  0]LogConfig: Setting CVar [[r.Shadow.CSM.TransitionScale:1.0]]
[2022.03.14-10.50.51:945][  0]LogConfig: Setting CVar [[r.Shadow.PreShadowResolutionFactor:1.0]]
[2022.03.14-10.50.51:945][  0]LogConfig: Setting CVar [[r.DistanceFieldShadowing:1]]
[2022.03.14-10.50.51:945][  0]LogConfig: Setting CVar [[r.DistanceFieldAO:1]]
[2022.03.14-10.50.51:945][  0]LogConfig: Setting CVar [[r.AOQuality:2]]
[2022.03.14-10.50.51:945][  0]LogConfig: Setting CVar [[r.VolumetricFog:1]]
[2022.03.14-10.50.51:945][  0]LogConfig: Setting CVar [[r.VolumetricFog.GridPixelSize:8]]
[2022.03.14-10.50.51:945][  0]LogConfig: Setting CVar [[r.VolumetricFog.GridSizeZ:128]]
[2022.03.14-10.50.51:945][  0]LogConfig: Setting CVar [[r.VolumetricFog.HistoryMissSupersampleCount:4]]
[2022.03.14-10.50.51:945][  0]LogConfig: Setting CVar [[r.LightMaxDrawDistanceScale:1]]
[2022.03.14-10.50.51:945][  0]LogConfig: Setting CVar [[r.CapsuleShadows:1]]
[2022.03.14-10.50.51:945][  0]LogConfig: Applying CVar settings from Section [PostProcessQuality@3] File [E:/UE4/Projects/WargamingAcademy/Cyberpunk2022/Saved/Config/Windows/Scalability.ini]
[2022.03.14-10.50.51:945][  0]LogConfig: Setting CVar [[r.MotionBlurQuality:4]]
[2022.03.14-10.50.51:945][  0]LogConfig: Setting CVar [[r.AmbientOcclusionMipLevelFactor:0.4]]
[2022.03.14-10.50.51:945][  0]LogConfig: Setting CVar [[r.AmbientOcclusionMaxQuality:100]]
[2022.03.14-10.50.51:945][  0]LogConfig: Setting CVar [[r.AmbientOcclusionLevels:-1]]
[2022.03.14-10.50.51:945][  0]LogConfig: Setting CVar [[r.AmbientOcclusionRadiusScale:1.0]]
[2022.03.14-10.50.51:945][  0]LogConfig: Setting CVar [[r.DepthOfFieldQuality:2]]
[2022.03.14-10.50.51:946][  0]LogConfig: Setting CVar [[r.RenderTargetPoolMin:400]]
[2022.03.14-10.50.51:946][  0]LogConfig: Setting CVar [[r.LensFlareQuality:2]]
[2022.03.14-10.50.51:946][  0]LogConfig: Setting CVar [[r.SceneColorFringeQuality:1]]
[2022.03.14-10.50.51:946][  0]LogConfig: Setting CVar [[r.EyeAdaptationQuality:2]]
[2022.03.14-10.50.51:946][  0]LogConfig: Setting CVar [[r.BloomQuality:5]]
[2022.03.14-10.50.51:946][  0]LogConfig: Setting CVar [[r.FastBlurThreshold:100]]
[2022.03.14-10.50.51:946][  0]LogConfig: Setting CVar [[r.Upscale.Quality:3]]
[2022.03.14-10.50.51:946][  0]LogConfig: Setting CVar [[r.Tonemapper.GrainQuantization:1]]
[2022.03.14-10.50.51:946][  0]LogConfig: Setting CVar [[r.LightShaftQuality:1]]
[2022.03.14-10.50.51:946][  0]LogConfig: Setting CVar [[r.Filter.SizeScale:1]]
[2022.03.14-10.50.51:946][  0]LogConfig: Setting CVar [[r.Tonemapper.Quality:5]]
[2022.03.14-10.50.51:946][  0]LogConfig: Setting CVar [[r.DOF.Gather.AccumulatorQuality:1        ; higher gathering accumulator quality]]
[2022.03.14-10.50.51:946][  0]LogConfig: Setting CVar [[r.DOF.Gather.PostfilterMethod:1          ; Median3x3 postfilering method]]
[2022.03.14-10.50.51:946][  0]LogConfig: Setting CVar [[r.DOF.Gather.EnableBokehSettings:0       ; no bokeh simulation when gathering]]
[2022.03.14-10.50.51:946][  0]LogConfig: Setting CVar [[r.DOF.Gather.RingCount:4                 ; medium number of samples when gathering]]
[2022.03.14-10.50.51:946][  0]LogConfig: Setting CVar [[r.DOF.Scatter.ForegroundCompositing:1    ; additive foreground scattering]]
[2022.03.14-10.50.51:946][  0]LogConfig: Setting CVar [[r.DOF.Scatter.BackgroundCompositing:2    ; additive background scattering]]
[2022.03.14-10.50.51:946][  0]LogConfig: Setting CVar [[r.DOF.Scatter.EnableBokehSettings:1      ; bokeh simulation when scattering]]
[2022.03.14-10.50.51:946][  0]LogConfig: Setting CVar [[r.DOF.Scatter.MaxSpriteRatio:0.1         ; only a maximum of 10% of scattered bokeh]]
[2022.03.14-10.50.51:946][  0]LogConfig: Setting CVar [[r.DOF.Recombine.Quality:1                ; cheap slight out of focus]]
[2022.03.14-10.50.51:946][  0]LogConfig: Setting CVar [[r.DOF.Recombine.EnableBokehSettings:0    ; no bokeh simulation on slight out of focus]]
[2022.03.14-10.50.51:946][  0]LogConfig: Setting CVar [[r.DOF.TemporalAAQuality:1                ; more stable temporal accumulation]]
[2022.03.14-10.50.51:946][  0]LogConfig: Setting CVar [[r.DOF.Kernel.MaxForegroundRadius:0.025]]
[2022.03.14-10.50.51:946][  0]LogConfig: Setting CVar [[r.DOF.Kernel.MaxBackgroundRadius:0.025]]
[2022.03.14-10.50.51:946][  0]LogConfig: Applying CVar settings from Section [TextureQuality@3] File [E:/UE4/Projects/WargamingAcademy/Cyberpunk2022/Saved/Config/Windows/Scalability.ini]
[2022.03.14-10.50.51:946][  0]LogConfig: Setting CVar [[r.Streaming.MipBias:0]]
[2022.03.14-10.50.51:946][  0]LogConfig: Setting CVar [[r.Streaming.AmortizeCPUToGPUCopy:0]]
[2022.03.14-10.50.51:946][  0]LogConfig: Setting CVar [[r.Streaming.MaxNumTexturesToStreamPerFrame:0]]
[2022.03.14-10.50.51:946][  0]LogConfig: Setting CVar [[r.Streaming.Boost:1]]
[2022.03.14-10.50.51:946][  0]LogConfig: Setting CVar [[r.MaxAnisotropy:8]]
[2022.03.14-10.50.51:946][  0]LogConfig: Setting CVar [[r.VT.MaxAnisotropy:8]]
[2022.03.14-10.50.51:947][  0]LogConfig: Setting CVar [[r.Streaming.LimitPoolSizeToVRAM:0]]
[2022.03.14-10.50.51:947][  0]LogConfig: Setting CVar [[r.Streaming.PoolSize:1000]]
[2022.03.14-10.50.51:947][  0]LogConfig: Setting CVar [[r.Streaming.MaxEffectiveScreenSize:0]]
[2022.03.14-10.50.51:947][  0]LogConfig: Applying CVar settings from Section [EffectsQuality@3] File [E:/UE4/Projects/WargamingAcademy/Cyberpunk2022/Saved/Config/Windows/Scalability.ini]
[2022.03.14-10.50.51:947][  0]LogConfig: Setting CVar [[r.TranslucencyLightingVolumeDim:64]]
[2022.03.14-10.50.51:947][  0]LogConfig: Setting CVar [[r.RefractionQuality:2]]
[2022.03.14-10.50.51:947][  0]LogConfig: Setting CVar [[r.SSR.Quality:3]]
[2022.03.14-10.50.51:947][  0]LogConfig: Setting CVar [[r.SSR.HalfResSceneColor:0]]
[2022.03.14-10.50.51:947][  0]LogConfig: Setting CVar [[r.SceneColorFormat:4]]
[2022.03.14-10.50.51:947][  0]LogConfig: Setting CVar [[r.DetailMode:2]]
[2022.03.14-10.50.51:947][  0]LogConfig: Setting CVar [[r.TranslucencyVolumeBlur:1]]
[2022.03.14-10.50.51:947][  0]LogConfig: Setting CVar [[r.MaterialQualityLevel:1 ; High quality]]
[2022.03.14-10.50.51:947][  0]LogConfig: Setting CVar [[r.AnisotropicMaterials:1]]
[2022.03.14-10.50.51:947][  0]LogConfig: Setting CVar [[r.SSS.Scale:1]]
[2022.03.14-10.50.51:947][  0]LogConfig: Setting CVar [[r.SSS.SampleSet:2]]
[2022.03.14-10.50.51:947][  0]LogConfig: Setting CVar [[r.SSS.Quality:1]]
[2022.03.14-10.50.51:947][  0]LogConfig: Setting CVar [[r.SSS.HalfRes:0]]
[2022.03.14-10.50.51:947][  0]LogConfig: Setting CVar [[r.SSGI.Quality:3]]
[2022.03.14-10.50.51:947][  0]LogConfig: Setting CVar [[r.EmitterSpawnRateScale:1.0]]
[2022.03.14-10.50.51:947][  0]LogConfig: Setting CVar [[r.ParticleLightQuality:2]]
[2022.03.14-10.50.51:947][  0]LogConfig: Setting CVar [[r.SkyAtmosphere.AerialPerspectiveLUT.FastApplyOnOpaque:1 ; Always have FastSkyLUT 1 in this case to avoid wrong sky]]
[2022.03.14-10.50.51:947][  0]LogConfig: Setting CVar [[r.SkyAtmosphere.AerialPerspectiveLUT.SampleCountMaxPerSlice:4]]
[2022.03.14-10.50.51:947][  0]LogConfig: Setting CVar [[r.SkyAtmosphere.AerialPerspectiveLUT.DepthResolution:16.0]]
[2022.03.14-10.50.51:947][  0]LogConfig: Setting CVar [[r.SkyAtmosphere.FastSkyLUT:1]]
[2022.03.14-10.50.51:947][  0]LogConfig: Setting CVar [[r.SkyAtmosphere.FastSkyLUT.SampleCountMin:4.0]]
[2022.03.14-10.50.51:947][  0]LogConfig: Setting CVar [[r.SkyAtmosphere.FastSkyLUT.SampleCountMax:128.0]]
[2022.03.14-10.50.51:947][  0]LogConfig: Setting CVar [[r.SkyAtmosphere.SampleCountMin:4.0]]
[2022.03.14-10.50.51:947][  0]LogConfig: Setting CVar [[r.SkyAtmosphere.SampleCountMax:128.0]]
[2022.03.14-10.50.51:947][  0]LogConfig: Setting CVar [[r.SkyAtmosphere.TransmittanceLUT.UseSmallFormat:0]]
[2022.03.14-10.50.51:947][  0]LogConfig: Setting CVar [[r.SkyAtmosphere.TransmittanceLUT.SampleCount:10.0]]
[2022.03.14-10.50.51:947][  0]LogConfig: Setting CVar [[r.SkyAtmosphere.MultiScatteringLUT.SampleCount:15.0]]
[2022.03.14-10.50.51:948][  0]LogConfig: Setting CVar [[r.SkyLight.RealTimeReflectionCapture:1]]
[2022.03.14-10.50.51:948][  0]LogConfig: Applying CVar settings from Section [FoliageQuality@3] File [E:/UE4/Projects/WargamingAcademy/Cyberpunk2022/Saved/Config/Windows/Scalability.ini]
[2022.03.14-10.50.51:948][  0]LogConfig: Setting CVar [[foliage.DensityScale:1.0]]
[2022.03.14-10.50.51:948][  0]LogConfig: Setting CVar [[grass.DensityScale:1.0]]
[2022.03.14-10.50.51:948][  0]LogConfig: Applying CVar settings from Section [ShadingQuality@3] File [E:/UE4/Projects/WargamingAcademy/Cyberpunk2022/Saved/Config/Windows/Scalability.ini]
[2022.03.14-10.50.51:948][  0]LogConfig: Setting CVar [[r.HairStrands.SkyLighting.IntegrationType:2]]
[2022.03.14-10.50.51:948][  0]LogConfig: Setting CVar [[r.HairStrands.SkyAO.SampleCount:4]]
[2022.03.14-10.50.51:948][  0]LogConfig: Setting CVar [[r.HairStrands.Visibility.MSAA.SamplePerPixel:4]]
[2022.03.14-10.50.51:948][  0]LogInit: Selected Device Profile: [Windows]
[2022.03.14-10.50.51:948][  0]LogInit: Applying CVar settings loaded from the selected device profile: [Windows]
[2022.03.14-10.50.51:948][  0]LogHAL: Display: Platform has ~ 16 GB [16487870464 / 17179869184 / 16], which maps to Larger [LargestMinGB=32, LargerMinGB=12, DefaultMinGB=8, SmallerMinGB=6, SmallestMinGB=0)
[2022.03.14-10.50.51:949][  0]LogInit: Going up to parent DeviceProfile []
[2022.03.14-10.50.51:949][  0]LogConfig: Applying CVar settings from Section [ViewDistanceQuality@3] File [E:/UE4/Projects/WargamingAcademy/Cyberpunk2022/Saved/Config/Windows/Scalability.ini]
[2022.03.14-10.50.51:949][  0]LogConfig: Setting CVar [[r.SkeletalMeshLODBias:0]]
[2022.03.14-10.50.51:949][  0]LogConfig: Setting CVar [[r.ViewDistanceScale:1.0]]
[2022.03.14-10.50.51:949][  0]LogConfig: Applying CVar settings from Section [AntiAliasingQuality@3] File [E:/UE4/Projects/WargamingAcademy/Cyberpunk2022/Saved/Config/Windows/Scalability.ini]
[2022.03.14-10.50.51:949][  0]LogConfig: Setting CVar [[r.PostProcessAAQuality:4]]
[2022.03.14-10.50.51:949][  0]LogConfig: Applying CVar settings from Section [ShadowQuality@3] File [E:/UE4/Projects/WargamingAcademy/Cyberpunk2022/Saved/Config/Windows/Scalability.ini]
[2022.03.14-10.50.51:949][  0]LogConfig: Setting CVar [[r.LightFunctionQuality:1]]
[2022.03.14-10.50.51:949][  0]LogConfig: Setting CVar [[r.ShadowQuality:5]]
[2022.03.14-10.50.51:949][  0]LogConfig: Setting CVar [[r.Shadow.CSM.MaxCascades:10]]
[2022.03.14-10.50.51:949][  0]LogConfig: Setting CVar [[r.Shadow.MaxResolution:2048]]
[2022.03.14-10.50.51:949][  0]LogConfig: Setting CVar [[r.Shadow.MaxCSMResolution:2048]]
[2022.03.14-10.50.51:949][  0]LogConfig: Setting CVar [[r.Shadow.RadiusThreshold:0.01]]
[2022.03.14-10.50.51:949][  0]LogConfig: Setting CVar [[r.Shadow.DistanceScale:1.0]]
[2022.03.14-10.50.51:949][  0]LogConfig: Setting CVar [[r.Shadow.CSM.TransitionScale:1.0]]
[2022.03.14-10.50.51:949][  0]LogConfig: Setting CVar [[r.Shadow.PreShadowResolutionFactor:1.0]]
[2022.03.14-10.50.51:949][  0]LogConfig: Setting CVar [[r.DistanceFieldShadowing:1]]
[2022.03.14-10.50.51:949][  0]LogConfig: Setting CVar [[r.DistanceFieldAO:1]]
[2022.03.14-10.50.51:949][  0]LogConfig: Setting CVar [[r.AOQuality:2]]
[2022.03.14-10.50.51:949][  0]LogConfig: Setting CVar [[r.VolumetricFog:1]]
[2022.03.14-10.50.51:949][  0]LogConfig: Setting CVar [[r.VolumetricFog.GridPixelSize:8]]
[2022.03.14-10.50.51:949][  0]LogConfig: Setting CVar [[r.VolumetricFog.GridSizeZ:128]]
[2022.03.14-10.50.51:950][  0]LogConfig: Setting CVar [[r.VolumetricFog.HistoryMissSupersampleCount:4]]
[2022.03.14-10.50.51:950][  0]LogConfig: Setting CVar [[r.LightMaxDrawDistanceScale:1]]
[2022.03.14-10.50.51:950][  0]LogConfig: Setting CVar [[r.CapsuleShadows:1]]
[2022.03.14-10.50.51:950][  0]LogConfig: Applying CVar settings from Section [PostProcessQuality@3] File [E:/UE4/Projects/WargamingAcademy/Cyberpunk2022/Saved/Config/Windows/Scalability.ini]
[2022.03.14-10.50.51:950][  0]LogConfig: Setting CVar [[r.MotionBlurQuality:4]]
[2022.03.14-10.50.51:950][  0]LogConfig: Setting CVar [[r.AmbientOcclusionMipLevelFactor:0.4]]
[2022.03.14-10.50.51:950][  0]LogConfig: Setting CVar [[r.AmbientOcclusionMaxQuality:100]]
[2022.03.14-10.50.51:950][  0]LogConfig: Setting CVar [[r.AmbientOcclusionLevels:-1]]
[2022.03.14-10.50.51:950][  0]LogConfig: Setting CVar [[r.AmbientOcclusionRadiusScale:1.0]]
[2022.03.14-10.50.51:950][  0]LogConfig: Setting CVar [[r.DepthOfFieldQuality:2]]
[2022.03.14-10.50.51:950][  0]LogConfig: Setting CVar [[r.RenderTargetPoolMin:400]]
[2022.03.14-10.50.51:950][  0]LogConfig: Setting CVar [[r.LensFlareQuality:2]]
[2022.03.14-10.50.51:950][  0]LogConfig: Setting CVar [[r.SceneColorFringeQuality:1]]
[2022.03.14-10.50.51:950][  0]LogConfig: Setting CVar [[r.EyeAdaptationQuality:2]]
[2022.03.14-10.50.51:950][  0]LogConfig: Setting CVar [[r.BloomQuality:5]]
[2022.03.14-10.50.51:950][  0]LogConfig: Setting CVar [[r.FastBlurThreshold:100]]
[2022.03.14-10.50.51:950][  0]LogConfig: Setting CVar [[r.Upscale.Quality:3]]
[2022.03.14-10.50.51:950][  0]LogConfig: Setting CVar [[r.Tonemapper.GrainQuantization:1]]
[2022.03.14-10.50.51:950][  0]LogConfig: Setting CVar [[r.LightShaftQuality:1]]
[2022.03.14-10.50.51:950][  0]LogConfig: Setting CVar [[r.Filter.SizeScale:1]]
[2022.03.14-10.50.51:950][  0]LogConfig: Setting CVar [[r.Tonemapper.Quality:5]]
[2022.03.14-10.50.51:950][  0]LogConfig: Setting CVar [[r.DOF.Gather.AccumulatorQuality:1        ; higher gathering accumulator quality]]
[2022.03.14-10.50.51:950][  0]LogConfig: Setting CVar [[r.DOF.Gather.PostfilterMethod:1          ; Median3x3 postfilering method]]
[2022.03.14-10.50.51:950][  0]LogConfig: Setting CVar [[r.DOF.Gather.EnableBokehSettings:0       ; no bokeh simulation when gathering]]
[2022.03.14-10.50.51:950][  0]LogConfig: Setting CVar [[r.DOF.Gather.RingCount:4                 ; medium number of samples when gathering]]
[2022.03.14-10.50.51:950][  0]LogConfig: Setting CVar [[r.DOF.Scatter.ForegroundCompositing:1    ; additive foreground scattering]]
[2022.03.14-10.50.51:950][  0]LogConfig: Setting CVar [[r.DOF.Scatter.BackgroundCompositing:2    ; additive background scattering]]
[2022.03.14-10.50.51:950][  0]LogConfig: Setting CVar [[r.DOF.Scatter.EnableBokehSettings:1      ; bokeh simulation when scattering]]
[2022.03.14-10.50.51:950][  0]LogConfig: Setting CVar [[r.DOF.Scatter.MaxSpriteRatio:0.1         ; only a maximum of 10% of scattered bokeh]]
[2022.03.14-10.50.51:950][  0]LogConfig: Setting CVar [[r.DOF.Recombine.Quality:1                ; cheap slight out of focus]]
[2022.03.14-10.50.51:950][  0]LogConfig: Setting CVar [[r.DOF.Recombine.EnableBokehSettings:0    ; no bokeh simulation on slight out of focus]]
[2022.03.14-10.50.51:951][  0]LogConfig: Setting CVar [[r.DOF.TemporalAAQuality:1                ; more stable temporal accumulation]]
[2022.03.14-10.50.51:951][  0]LogConfig: Setting CVar [[r.DOF.Kernel.MaxForegroundRadius:0.025]]
[2022.03.14-10.50.51:951][  0]LogConfig: Setting CVar [[r.DOF.Kernel.MaxBackgroundRadius:0.025]]
[2022.03.14-10.50.51:951][  0]LogConfig: Applying CVar settings from Section [TextureQuality@3] File [E:/UE4/Projects/WargamingAcademy/Cyberpunk2022/Saved/Config/Windows/Scalability.ini]
[2022.03.14-10.50.51:951][  0]LogConfig: Setting CVar [[r.Streaming.MipBias:0]]
[2022.03.14-10.50.51:951][  0]LogConfig: Setting CVar [[r.Streaming.AmortizeCPUToGPUCopy:0]]
[2022.03.14-10.50.51:951][  0]LogConfig: Setting CVar [[r.Streaming.MaxNumTexturesToStreamPerFrame:0]]
[2022.03.14-10.50.51:951][  0]LogConfig: Setting CVar [[r.Streaming.Boost:1]]
[2022.03.14-10.50.51:951][  0]LogConfig: Setting CVar [[r.MaxAnisotropy:8]]
[2022.03.14-10.50.51:951][  0]LogConfig: Setting CVar [[r.VT.MaxAnisotropy:8]]
[2022.03.14-10.50.51:951][  0]LogConfig: Setting CVar [[r.Streaming.LimitPoolSizeToVRAM:0]]
[2022.03.14-10.50.51:951][  0]LogConfig: Setting CVar [[r.Streaming.PoolSize:1000]]
[2022.03.14-10.50.51:951][  0]LogConfig: Setting CVar [[r.Streaming.MaxEffectiveScreenSize:0]]
[2022.03.14-10.50.51:951][  0]LogConfig: Applying CVar settings from Section [EffectsQuality@3] File [E:/UE4/Projects/WargamingAcademy/Cyberpunk2022/Saved/Config/Windows/Scalability.ini]
[2022.03.14-10.50.51:951][  0]LogConfig: Setting CVar [[r.TranslucencyLightingVolumeDim:64]]
[2022.03.14-10.50.51:951][  0]LogConfig: Setting CVar [[r.RefractionQuality:2]]
[2022.03.14-10.50.51:951][  0]LogConfig: Setting CVar [[r.SSR.Quality:3]]
[2022.03.14-10.50.51:951][  0]LogConfig: Setting CVar [[r.SSR.HalfResSceneColor:0]]
[2022.03.14-10.50.51:951][  0]LogConfig: Setting CVar [[r.SceneColorFormat:4]]
[2022.03.14-10.50.51:951][  0]LogConfig: Setting CVar [[r.DetailMode:2]]
[2022.03.14-10.50.51:951][  0]LogConfig: Setting CVar [[r.TranslucencyVolumeBlur:1]]
[2022.03.14-10.50.51:951][  0]LogConfig: Setting CVar [[r.MaterialQualityLevel:1 ; High quality]]
[2022.03.14-10.50.51:951][  0]LogConfig: Setting CVar [[r.AnisotropicMaterials:1]]
[2022.03.14-10.50.51:951][  0]LogConfig: Setting CVar [[r.SSS.Scale:1]]
[2022.03.14-10.50.51:951][  0]LogConfig: Setting CVar [[r.SSS.SampleSet:2]]
[2022.03.14-10.50.51:951][  0]LogConfig: Setting CVar [[r.SSS.Quality:1]]
[2022.03.14-10.50.51:951][  0]LogConfig: Setting CVar [[r.SSS.HalfRes:0]]
[2022.03.14-10.50.51:951][  0]LogConfig: Setting CVar [[r.SSGI.Quality:3]]
[2022.03.14-10.50.51:951][  0]LogConfig: Setting CVar [[r.EmitterSpawnRateScale:1.0]]
[2022.03.14-10.50.51:951][  0]LogConfig: Setting CVar [[r.ParticleLightQuality:2]]
[2022.03.14-10.50.51:951][  0]LogConfig: Setting CVar [[r.SkyAtmosphere.AerialPerspectiveLUT.FastApplyOnOpaque:1 ; Always have FastSkyLUT 1 in this case to avoid wrong sky]]
[2022.03.14-10.50.51:951][  0]LogConfig: Setting CVar [[r.SkyAtmosphere.AerialPerspectiveLUT.SampleCountMaxPerSlice:4]]
[2022.03.14-10.50.51:952][  0]LogConfig: Setting CVar [[r.SkyAtmosphere.AerialPerspectiveLUT.DepthResolution:16.0]]
[2022.03.14-10.50.51:952][  0]LogConfig: Setting CVar [[r.SkyAtmosphere.FastSkyLUT:1]]
[2022.03.14-10.50.51:952][  0]LogConfig: Setting CVar [[r.SkyAtmosphere.FastSkyLUT.SampleCountMin:4.0]]
[2022.03.14-10.50.51:952][  0]LogConfig: Setting CVar [[r.SkyAtmosphere.FastSkyLUT.SampleCountMax:128.0]]
[2022.03.14-10.50.51:952][  0]LogConfig: Setting CVar [[r.SkyAtmosphere.SampleCountMin:4.0]]
[2022.03.14-10.50.51:952][  0]LogConfig: Setting CVar [[r.SkyAtmosphere.SampleCountMax:128.0]]
[2022.03.14-10.50.51:952][  0]LogConfig: Setting CVar [[r.SkyAtmosphere.TransmittanceLUT.UseSmallFormat:0]]
[2022.03.14-10.50.51:952][  0]LogConfig: Setting CVar [[r.SkyAtmosphere.TransmittanceLUT.SampleCount:10.0]]
[2022.03.14-10.50.51:952][  0]LogConfig: Setting CVar [[r.SkyAtmosphere.MultiScatteringLUT.SampleCount:15.0]]
[2022.03.14-10.50.51:952][  0]LogConfig: Setting CVar [[r.SkyLight.RealTimeReflectionCapture:1]]
[2022.03.14-10.50.51:952][  0]LogConfig: Applying CVar settings from Section [FoliageQuality@3] File [E:/UE4/Projects/WargamingAcademy/Cyberpunk2022/Saved/Config/Windows/Scalability.ini]
[2022.03.14-10.50.51:952][  0]LogConfig: Setting CVar [[foliage.DensityScale:1.0]]
[2022.03.14-10.50.51:952][  0]LogConfig: Setting CVar [[grass.DensityScale:1.0]]
[2022.03.14-10.50.51:952][  0]LogConfig: Applying CVar settings from Section [ShadingQuality@3] File [E:/UE4/Projects/WargamingAcademy/Cyberpunk2022/Saved/Config/Windows/Scalability.ini]
[2022.03.14-10.50.51:952][  0]LogConfig: Setting CVar [[r.HairStrands.SkyLighting.IntegrationType:2]]
[2022.03.14-10.50.51:952][  0]LogConfig: Setting CVar [[r.HairStrands.SkyAO.SampleCount:4]]
[2022.03.14-10.50.51:952][  0]LogConfig: Setting CVar [[r.HairStrands.Visibility.MSAA.SamplePerPixel:4]]
[2022.03.14-10.50.51:952][  0]LogConfig: Applying CVar settings from Section [Startup] File [../../../Engine/Config/ConsoleVariables.ini]
[2022.03.14-10.50.51:953][  0]LogConfig: Setting CVar [[net.UseAdaptiveNetUpdateFrequency:0]]
[2022.03.14-10.50.51:953][  0]LogConfig: Setting CVar [[p.chaos.AllowCreatePhysxBodies:1]]
[2022.03.14-10.50.51:953][  0]LogConfig: Setting CVar [[fx.SkipVectorVMBackendOptimizations:1]]
[2022.03.14-10.50.51:953][  0]LogConfig: Applying CVar settings from Section [ConsoleVariables] File [E:/UE4/Projects/WargamingAcademy/Cyberpunk2022/Saved/Config/Windows/Engine.ini]
[2022.03.14-10.50.51:953][  0]LogConfig: Applying CVar settings from Section [ConsoleVariables] File [E:/UE4/Projects/WargamingAcademy/Cyberpunk2022/Saved/Config/Windows/Editor.ini]
[2022.03.14-10.50.51:954][  0]LogInit: Computer: DESKTOP-P6OQVGL
[2022.03.14-10.50.51:954][  0]LogInit: User: Artem
[2022.03.14-10.50.51:954][  0]LogInit: CPU Page size=4096, Cores=6
[2022.03.14-10.50.51:954][  0]LogInit: High frequency timer resolution =10.000000 MHz
[2022.03.14-10.50.51:955][  0]LogMemory: Memory total: Physical=15.4GB (16GB approx)
[2022.03.14-10.50.51:955][  0]LogMemory: Platform Memory Stats for Windows
[2022.03.14-10.50.51:955][  0]LogMemory: Process Physical Memory: 144.76 MB used, 144.76 MB peak
[2022.03.14-10.50.51:955][  0]LogMemory: Process Virtual Memory: 125.95 MB used, 125.95 MB peak
[2022.03.14-10.50.51:955][  0]LogMemory: Physical Memory: 9667.61 MB used,  6056.45 MB free, 15724.06 MB total
[2022.03.14-10.50.51:955][  0]LogMemory: Virtual Memory: 134208320.00 MB used,  9411.85 MB free, 134217728.00 MB total
[2022.03.14-10.50.51:963][  0]LogWindows: WindowsPlatformFeatures enabled
[2022.03.14-10.50.52:167][  0]LogInit: Physics initialised using underlying interface: PhysX
[2022.03.14-10.50.52:170][  0]LogInit: Using OS detected language (en-US).
[2022.03.14-10.50.52:170][  0]LogInit: Using OS detected locale (en-US).
[2022.03.14-10.50.52:186][  0]LogTextLocalizationManager: No specific localization for 'en-US' exists, so the 'en' localization will be used.
[2022.03.14-10.50.52:461][  0]LogInit: Setting process to per monitor DPI aware
[2022.03.14-10.50.52:482][  0]LogWindowsTextInputMethodSystem: Display: IME system deactivated.
[2022.03.14-10.50.52:532][  0]LogSlate: New Slate User Created.  User Index 0, Is Virtual User: 0
[2022.03.14-10.50.52:532][  0]LogSlate: Slate User Registered.  User Index 0, Is Virtual User: 0
[2022.03.14-10.50.52:815][  0]LogD3D11RHI: Loaded GFSDK_Aftermath_Lib.x64.dll
[2022.03.14-10.50.52:832][  0]LogHMD: Failed to initialize OpenVR with code 110
[2022.03.14-10.50.52:832][  0]LogD3D11RHI: D3D11 min allowed feature level: 11_0
[2022.03.14-10.50.52:832][  0]LogD3D11RHI: D3D11 max allowed feature level: 11_0
[2022.03.14-10.50.52:832][  0]LogD3D11RHI: D3D11 adapters:
[2022.03.14-10.50.52:927][  0]LogD3D11RHI:    0. 'NVIDIA GeForce RTX 3060 Laptop GPU' (Feature Level 11_0)
[2022.03.14-10.50.52:927][  0]LogD3D11RHI:       6023/0/7862 MB DedicatedVideo/DedicatedSystem/SharedSystem, Outputs:2, VendorId:0x10de
[2022.03.14-10.50.52:969][  0]LogD3D11RHI:    1. 'AMD Radeon(TM) Graphics' (Feature Level 11_0)
[2022.03.14-10.50.52:969][  0]LogD3D11RHI:       496/0/7862 MB DedicatedVideo/DedicatedSystem/SharedSystem, Outputs:0, VendorId:0x1002
[2022.03.14-10.50.52:977][  0]LogD3D11RHI:    2. 'Microsoft Basic Render Driver' (Feature Level 11_0)
[2022.03.14-10.50.52:977][  0]LogD3D11RHI:       0/0/7862 MB DedicatedVideo/DedicatedSystem/SharedSystem, Outputs:0, VendorId:0x1414
[2022.03.14-10.50.52:977][  0]LogD3D11RHI: Chosen D3D11 Adapter:
[2022.03.14-10.50.52:977][  0]LogD3D11RHI:     Description : NVIDIA GeForce RTX 3060 Laptop GPU
[2022.03.14-10.50.52:977][  0]LogD3D11RHI:     VendorId    : 10de
[2022.03.14-10.50.52:977][  0]LogD3D11RHI:     DeviceId    : 2520
[2022.03.14-10.50.52:977][  0]LogD3D11RHI:     SubSysId    : 151f1025
[2022.03.14-10.50.52:977][  0]LogD3D11RHI:     Revision    : 00a1
[2022.03.14-10.50.52:977][  0]LogD3D11RHI:     DedicatedVideoMemory : 6315573248 bytes
[2022.03.14-10.50.52:977][  0]LogD3D11RHI:     DedicatedSystemMemory : 0 bytes
[2022.03.14-10.50.52:977][  0]LogD3D11RHI:     SharedSystemMemory : 8243935232 bytes
[2022.03.14-10.50.52:977][  0]LogD3D11RHI:     AdapterLuid : 0 59695
[2022.03.14-10.50.52:984][  0]LogD3D11RHI: Creating new Direct3DDevice
[2022.03.14-10.50.52:984][  0]LogD3D11RHI:     GPU DeviceId: 0x2520 (for the marketing name, search the web for "GPU Device Id")
[2022.03.14-10.50.52:984][  0]LogWindows: EnumDisplayDevices:
[2022.03.14-10.50.52:985][  0]LogWindows:    0. 'AMD Radeon(TM) Graphics' (P:1 D:1)
[2022.03.14-10.50.52:985][  0]LogWindows:    1. 'AMD Radeon(TM) Graphics' (P:0 D:0)
[2022.03.14-10.50.52:985][  0]LogWindows:    2. 'AMD Radeon(TM) Graphics' (P:0 D:0)
[2022.03.14-10.50.52:985][  0]LogWindows:    3. 'NVIDIA GeForce RTX 3060 Laptop GPU' (P:0 D:1)
[2022.03.14-10.50.52:986][  0]LogWindows: DebugString: PrimaryIsNotTheChoosenAdapter PrimaryIsNotTheChoosenAdapter PrimaryIsNotTheChoosenAdapter 
[2022.03.14-10.50.52:986][  0]LogD3D11RHI:     Adapter Name: NVIDIA GeForce RTX 3060 Laptop GPU
[2022.03.14-10.50.52:986][  0]LogD3D11RHI:   Driver Version: 497.09 (internal:30.0.14.9709, unified:497.09)
[2022.03.14-10.50.52:986][  0]LogD3D11RHI:      Driver Date: 11-26-2021
[2022.03.14-10.50.52:986][  0]LogRHI: Texture pool is 4216 MB (70% of 6023 MB)
[2022.03.14-10.50.52:986][  0]LogD3D11RHI: Creating D3DDevice using adapter:
[2022.03.14-10.50.52:986][  0]LogD3D11RHI:     Description : NVIDIA GeForce RTX 3060 Laptop GPU
[2022.03.14-10.50.52:986][  0]LogD3D11RHI:     VendorId    : 10de
[2022.03.14-10.50.52:986][  0]LogD3D11RHI:     DeviceId    : 2520
[2022.03.14-10.50.52:986][  0]LogD3D11RHI:     SubSysId    : 151f1025
[2022.03.14-10.50.52:986][  0]LogD3D11RHI:     Revision    : 00a1
[2022.03.14-10.50.52:986][  0]LogD3D11RHI:     DedicatedVideoMemory : 6315573248 bytes
[2022.03.14-10.50.52:986][  0]LogD3D11RHI:     DedicatedSystemMemory : 0 bytes
[2022.03.14-10.50.52:986][  0]LogD3D11RHI:     SharedSystemMemory : 8243935232 bytes
[2022.03.14-10.50.52:986][  0]LogD3D11RHI:     AdapterLuid : 0 59695
[2022.03.14-10.50.53:043][  0]LogD3D11RHI: RHI has support for 64 bit atomics
[2022.03.14-10.50.53:043][  0]LogD3D11RHI: Async texture creation enabled
[2022.03.14-10.50.53:043][  0]LogD3D11RHI: Array index from any shader is supported
[2022.03.14-10.50.53:074][  0]LogD3D11RHI: GPU Timing Frequency: 1000.000000 (Debug: 2 1)
[2022.03.14-10.50.53:104][  0]LogRHI: GeForceNow SDK initialized: 1
[2022.03.14-10.50.53:334][  0]LogTargetPlatformManager: Display: Loaded TargetPlatform 'AllDesktop'
[2022.03.14-10.50.53:355][  0]LogTargetPlatformManager: Display: Loaded TargetPlatform 'Android'
[2022.03.14-10.50.53:355][  0]LogTargetPlatformManager: Display: Loaded TargetPlatform 'Android_ASTC'
[2022.03.14-10.50.53:355][  0]LogTargetPlatformManager: Display: Loaded TargetPlatform 'Android_DXT'
[2022.03.14-10.50.53:355][  0]LogTargetPlatformManager: Display: Loaded TargetPlatform 'Android_ETC2'
[2022.03.14-10.50.53:355][  0]LogTargetPlatformManager: Display: Loaded TargetPlatform 'AndroidClient'
[2022.03.14-10.50.53:355][  0]LogTargetPlatformManager: Display: Loaded TargetPlatform 'Android_ASTCClient'
[2022.03.14-10.50.53:355][  0]LogTargetPlatformManager: Display: Loaded TargetPlatform 'Android_DXTClient'
[2022.03.14-10.50.53:356][  0]LogTargetPlatformManager: Display: Loaded TargetPlatform 'Android_ETC2Client'
[2022.03.14-10.50.53:356][  0]LogTargetPlatformManager: Display: Loaded TargetPlatform 'Android_Multi'
[2022.03.14-10.50.53:356][  0]LogTargetPlatformManager: Display: Loaded TargetPlatform 'Android_MultiClient'
[2022.03.14-10.50.53:380][  0]LogTargetPlatformManager: Display: Loaded TargetPlatform 'IOSClient'
[2022.03.14-10.50.53:380][  0]LogTargetPlatformManager: Display: Loaded TargetPlatform 'IOS'
[2022.03.14-10.50.53:391][  0]LogTargetPlatformManager: Display: Loaded TargetPlatform 'Linux'
[2022.03.14-10.50.53:399][  0]LogTargetPlatformManager: Display: Loaded TargetPlatform 'LinuxNoEditor'
[2022.03.14-10.50.53:406][  0]LogTargetPlatformManager: Display: Loaded TargetPlatform 'LinuxClient'
[2022.03.14-10.50.53:412][  0]LogTargetPlatformManager: Display: Loaded TargetPlatform 'LinuxServer'
[2022.03.14-10.50.53:422][  0]LogTargetPlatformManager: Display: Loaded TargetPlatform 'LinuxAArch64NoEditor'
[2022.03.14-10.50.53:428][  0]LogTargetPlatformManager: Display: Loaded TargetPlatform 'LinuxAArch64Client'
[2022.03.14-10.50.53:434][  0]LogTargetPlatformManager: Display: Loaded TargetPlatform 'LinuxAArch64Server'
[2022.03.14-10.50.53:454][  0]LogTargetPlatformManager: Display: Loaded TargetPlatform 'Lumin'
[2022.03.14-10.50.53:454][  0]LogTargetPlatformManager: Display: Loaded TargetPlatform 'LuminClient'
[2022.03.14-10.50.53:465][  0]LogTargetPlatformManager: Display: Loaded TargetPlatform 'MacNoEditor'
[2022.03.14-10.50.53:472][  0]LogTargetPlatformManager: Display: Loaded TargetPlatform 'Mac'
[2022.03.14-10.50.53:477][  0]LogTargetPlatformManager: Display: Loaded TargetPlatform 'MacClient'
[2022.03.14-10.50.53:483][  0]LogTargetPlatformManager: Display: Loaded TargetPlatform 'MacServer'
[2022.03.14-10.50.53:493][  0]LogTargetPlatformManager: Display: Loaded TargetPlatform 'TVOSClient'
[2022.03.14-10.50.53:493][  0]LogTargetPlatformManager: Display: Loaded TargetPlatform 'TVOS'
[2022.03.14-10.50.53:503][  0]LogTargetPlatformManager: Display: Loaded TargetPlatform 'WindowsNoEditor'
[2022.03.14-10.50.53:514][  0]LogTargetPlatformManager: Display: Loaded TargetPlatform 'Windows'
[2022.03.14-10.50.53:520][  0]LogTargetPlatformManager: Display: Loaded TargetPlatform 'WindowsClient'
[2022.03.14-10.50.53:526][  0]LogTargetPlatformManager: Display: Loaded TargetPlatform 'WindowsServer'
[2022.03.14-10.50.53:526][  0]LogTargetPlatformManager: Display: Building Assets For Windows
[2022.03.14-10.50.53:540][  0]LogAudioDebug: Display: Lib vorbis DLL was dynamically loaded.
[2022.03.14-10.50.53:604][  0]LogTextureFormatOodle: Display: Oodle Texture 2.9.0 init RDO Off
[2022.03.14-10.50.53:722][  0]LogRendererCore: Ray tracing is disabled. Reason: r.RayTracing=0.
[2022.03.14-10.50.53:723][  0]LogShaderCompilers: Guid format shader working directory is -6 characters bigger than the processId version (../../../../Projects/WargamingAcademy/Cyberpunk2022/Intermediate/Shaders/WorkingDirectory/23240/).
[2022.03.14-10.50.53:723][  0]LogShaderCompilers: Cleaned the shader compiler working directory 'C:/Users/Artem/AppData/Local/Temp/UnrealShaderWorkingDir/BC9C94664A98AF5349328BB371831A78/'.
[2022.03.14-10.50.53:723][  0]LogXGEController: Cannot use XGE Controller as Incredibuild is not installed on this machine.
[2022.03.14-10.50.53:723][  0]LogShaderCompilers: Cannot use XGE Shader Compiler as Incredibuild is not installed on this machine.
[2022.03.14-10.50.53:723][  0]LogShaderCompilers: Display: Using Local Shader Compiler.
[2022.03.14-10.50.54:509][  0]LogDerivedDataCache: Display: Max Cache Size: 512 MB
[2022.03.14-10.50.54:646][  0]LogDerivedDataCache: Loaded boot cache 0.14s 103MB C:/Users/Artem/AppData/Local/UnrealEngine/4.27/DerivedDataCache/Boot.ddc.
[2022.03.14-10.50.54:647][  0]LogDerivedDataCache: Display: Loaded Boot cache: C:/Users/Artem/AppData/Local/UnrealEngine/4.27/DerivedDataCache/Boot.ddc
[2022.03.14-10.50.54:647][  0]LogDerivedDataCache: FDerivedDataBackendGraph:  Pak pak cache file ../../../../Projects/WargamingAcademy/Cyberpunk2022/DerivedDataCache/DDC.ddp not found, will not use a pak cache.
[2022.03.14-10.50.54:647][  0]LogDerivedDataCache: Unable to find inner node Pak for hierarchical cache Hierarchy.
[2022.03.14-10.50.54:647][  0]LogDerivedDataCache: FDerivedDataBackendGraph:  CompressedPak pak cache file ../../../../Projects/WargamingAcademy/Cyberpunk2022/DerivedDataCache/Compressed.ddp not found, will not use a pak cache.
[2022.03.14-10.50.54:647][  0]LogDerivedDataCache: Unable to find inner node CompressedPak for hierarchical cache Hierarchy.
[2022.03.14-10.50.54:664][  0]LogDerivedDataCache: Display: Pak cache opened for reading ../../../Engine/DerivedDataCache/Compressed.ddp.
[2022.03.14-10.50.54:664][  0]LogDerivedDataCache: FDerivedDataBackendGraph:  EnterprisePak pak cache file ../../../Enterprise/DerivedDataCache/Compressed.ddp not found, will not use a pak cache.
[2022.03.14-10.50.54:664][  0]LogDerivedDataCache: Unable to find inner node EnterprisePak for hierarchical cache Hierarchy.
[2022.03.14-10.50.54:675][  0]LogDerivedDataCache: Speed tests for C:/Users/Artem/AppData/Local/UnrealEngine/Common/DerivedDataCache took 0.01 seconds
[2022.03.14-10.50.54:675][  0]LogDerivedDataCache: Display: Performance to C:/Users/Artem/AppData/Local/UnrealEngine/Common/DerivedDataCache: Latency=0.03ms. RandomReadSpeed=182.39MBs, RandomWriteSpeed=183.84MBs. Assigned SpeedClass 'Local'
[2022.03.14-10.50.54:677][  0]LogDerivedDataCache: Using Local data cache path C:/Users/Artem/AppData/Local/UnrealEngine/Common/DerivedDataCache: Writable
[2022.03.14-10.50.54:677][  0]LogDerivedDataCache: Shared data cache path not found in *engine.ini, will not use an Shared cache.
[2022.03.14-10.50.54:677][  0]LogDerivedDataCache: Unable to find inner node Shared for hierarchical cache Hierarchy.
[2022.03.14-10.50.54:716][  0]LogSlate: Using FreeType 2.10.0
[2022.03.14-10.50.54:718][  0]LogSlate: SlateFontServices - WITH_FREETYPE: 1, WITH_HARFBUZZ: 1
[2022.03.14-10.50.54:749][  0]LogAssetRegistry: FAssetRegistry took 0.0037 seconds to start up
[2022.03.14-10.50.55:033][  0]LogInit: Selected Device Profile: [Windows]
[2022.03.14-10.50.55:033][  0]LogInit: Active device profile: [0000028ADAE56C00][0000028AD8D0A880 49] Windows
[2022.03.14-10.50.55:033][  0]LogInit: Profiles: [0000028ADAE56C00][0000028AD8D0A880 49] Windows, [0000028ADAE11600][0000028AD8D0E9C0 49] WindowsNoEditor, [0000028ADAE55600][0000028AD8D16B40 49] WindowsServer, [0000028ADAE12300][0000028AD8D1ACC0 49] WindowsClient, [0000028ADAE56200][0000028AD8D1EE40 49] IOS, [0000028ADAE12600][0000028AD8D22FC0 49] iPadAir, [0000028ADAE56900][0000028AD8D27140 49] iPadAir2, [0000028ADADAEC00][0000028AD8623400 49] IPadPro, [0000028ADADAED00][0000028AD8D2B440 49] iPadAir3, [0000028ADAE57400][0000028AD86275C0 49] iPadAir4, [0000028ADADAF400][0000028AD862B740 49] iPadMini2, [0000028ADAE55D00][0000028AD862F8C0 49] iPadMini3, [0000028ADADAD200][0000028AD8633A40 49] iPadMini4, [0000028ADAE54B00][0000028AD8637BC0 49] iPadMini5, [0000028ADADF6500][0000028AD863E300 49] iPhone6, [0000028ADADF6600][0000028AD863A340 49] iPodTouch6, [0000028ADADADF00][0000028AD8646600 49] iPhone7, [0000028ADADAE000][0000028AD8642640 49] iPodTouch7, [0000028ADADF6900][0000028AD8D12780 49] iPhone5S, [0000028ADADACA00][0000028AD864A8C0 49] iPhone6Plus, [0000028ADADF5200][0000028AD864EA00 49] iPhone6S, [0000028ADADAFB00][0000028AD8652B40 49] iPhone6SPlus, [0000028ADADF7C00][0000028AD865ACC0 49] iPhone7Plus, [0000028ADADAF700][0000028AD865EE40 49] iPhoneSE, [0000028ADADF6F00][0000028AD8662FC0 49] iPhone8, [0000028ADADAC700][0000028AD8667140 49] iPhone8Plus, [0000028ADADF5800][0000028AD866B2C0 49] iPhoneX, [0000028ADADAF000][0000028AD866F440 49] iPhoneXS, [0000028ADADF7F00][0000028AD86735C0 49] iPhoneXSMax, [0000028ADADAE400][0000028AD8677740 49] iPhoneXR, [0000028ADADF7E00][0000028AD867B8C0 49] iPhone11, [0000028ADADACF00][0000028AD867FA40 49] iPhone11Pro, [0000028ADADF7000][0000028AD8683BC0 49] iPhone11ProMax, [0000028ADADAEE00][0000028AD86861C0 49] iPhoneSE2, [0000028ADADF4500][0000028AD868A340 49] iPhone12Mini, [0000028ADADAFD00][0000028AD868E4C0 49] iPhone12, [0000028ADADF4600][0000028AD8692640 49] iPhone12Pro, [0000028ADADAC800][0000028AD86967C0 49] iPhone12ProMax, [0000028ADADF7300][0000028AD869A940 49] iPadPro105, [0000028ADADAC600][0000028AD8656A80 49] iPadPro129, [0000028ADADF4A00][0000028AD869EBC0 49] iPadPro97, [0000028ADADAF900][0000028AD86A2D00 49] iPadPro2_129, [0000028ADADF5F00][0000028AD86AAE80 49] iPad5, [0000028ADADAF800][0000028AD86AF000 49] iPad6, [0000028ADADF4B00][0000028AD86B3180 49] iPad7, [0000028ADADAF100][0000028AD86B7300 49] iPad8, [0000028ADADF4700][0000028AD86BB480 49] iPadPro11, [0000028ADADAE300][0000028AD86BF600 49] iPadPro2_11, [0000028ADADF4C00][0000028AD86C3780 49] iPadPro3_129, [0000028ADADAC300][0000028AD86C7900 49] iPadPro4_129, [0000028ADAE11900][0000028AD86CBA80 49] AppleTV, [0000028ADAE98800][0000028AD86CFC00 49] AppleTV4K, [0000028ADAE13500][0000028AD86D2200 49] TVOS, [0000028ADAE99C00][0000028AD86D6380 49] Mac, [0000028ADAE13200][0000028AD86DA500 49] MacClient, [0000028ADAE99600][0000028AD86DE680 49] MacNoEditor, [0000028ADAE13900][0000028AD86E2800 49] MacServer, [0000028ADAE9A100][0000028AD86E6980 49] Linux, [0000028ADAE12400][0000028AD86EAB00 49] LinuxAArch64, [0000028ADAE98C00][0000028AD86A6C40 49] LinuxNoEditor, [0000028ADAE13600][0000028AD86EED80 49] LinuxAArch64NoEditor, [0000028ADAE99100][0000028AD86F2EC0 49] LinuxClient, [0000028ADAE12900][0000028AD86FB040 49] LinuxAArch64Client, [0000028ADAE99A00][0000028AD86FF1C0 49] LinuxServer, [0000028ADAE11000][0000028AD8703340 49] LinuxAArch64Server, [0000028ADAE99800][0000028AD87074C0 49] Android, [0000028ADAE10C00][0000028AD870B640 49] Android_Low, [0000028ADAE99000][0000028AD870F7C0 49] Android_Mid, [0000028ADADADA00][0000028AD8713940 49] Android_High, [0000028ADADF4300][0000028AD8717AC0 49] Android_Default, [0000028ADADAF200][0000028AD871A0C0 49] Android_Adreno4xx, [0000028ADADF5A00][0000028AD871E240 49] Android_Adreno5xx_Low, [0000028ADADAFF00][0000028AD87223C0 49] Android_Adreno5xx, [0000028ADADF6B00][0000028AD8726540 49] Android_Adreno6xx, [0000028ADADAFC00][0000028AD872A6C0 49] Android_Adreno6xx_Vulkan, [0000028ADADF6000][0000028AD872E840 49] Android_Mali_T6xx, [0000028ADADADB00][0000028AD87329C0 49] Android_Mali_T7xx, [0000028ADADF5100][0000028AD8736B40 49] Android_Mali_T8xx, [0000028ADADADC00][0000028AD873ACC0 49] Android_Mali_G71, [0000028ADADF6200][0000028AD86F6E00 49] Android_Mali_G72, [0000028ADADAE600][0000028AD873EF40 49] Android_Mali_G72_Vulkan, [0000028ADADF6C00][0000028AD8743080 49] Android_Mali_G76, [0000028ADADAC400][0000028AD87471C0 49] Android_Mali_G76_Vulkan, [0000028ADADF6A00][0000028AD874F340 49] Android_Mali_G77, [0000028ADADAE900][0000028AD87534C0 49] Android_Mali_G77_Vulkan, [0000028ADAE98600][0000028AD8757640 49] Android_Mali_G78, [0000028ADADAE800][0000028AD875B7C0 49] Android_Mali_G78_Vulkan, [0000028ADAE99400][0000028AD875F940 49] Android_Mali_G710, [0000028ADADAFE00][0000028AD8763AC0 49] Android_Mali_G710_Vulkan, [0000028ADADF4800][0000028AD87660C0 49] Android_Vulkan_SM5, [0000028ADADAD700][0000028AD876A240 49] Android_PowerVR_G6xxx, [0000028ADADF5500][0000028AD876E3C0 49] Android_PowerVR_GT7xxx, [0000028ADADAF600][0000028AD8772540 49] Android_PowerVR_GE8xxx, [0000028ADADF4900][0000028AD87766C0 49] Android_PowerVR_GM9xxx, [0000028ADADAD600][0000028AD877A840 49] Android_PowerVR_GM9xxx_Vulkan, [0000028ADADF4F00][0000028AD877E9C0 49] Android_TegraK1, [0000028ADADAEB00][0000028AD8782B40 49] Android_Unknown_Vulkan, [0000028ADADF5700][0000028AD8786CC0 49] Lumin, [0000028ADADAD500][0000028AD878AE40 49] Lumin_Desktop, [0000028ADADF7900][0000028AD874AF80 49] HoloLens, 
[2022.03.14-10.50.55:241][  0]LogMeshReduction: Using QuadricMeshReduction for automatic static mesh reduction
[2022.03.14-10.50.55:241][  0]LogMeshReduction: Using SimplygonMeshReduction for automatic skeletal mesh reduction
[2022.03.14-10.50.55:241][  0]LogMeshReduction: Using ProxyLODMeshReduction for automatic mesh merging
[2022.03.14-10.50.55:241][  0]LogMeshReduction: No distributed automatic mesh merging module available
[2022.03.14-10.50.55:242][  0]LogMeshMerging: No distributed automatic mesh merging module available
[2022.03.14-10.50.55:263][  0]LogNetVersion: Cyberpunk2022 1.0.0, NetCL: 17155196, EngineNetVer: 17, GameNetVer: 0 (Checksum: 1028016206)
[2022.03.14-10.50.55:770][  0]LogTexture: Default maximum texture size for cubemaps generated from long-lat sources has been changed from 512 to unlimited. In order to preserve old behaiour for '/Engine/MapTemplates/Sky/DaylightAmbientCubemap.DaylightAmbientCubemap', its maximum texture size has been explicitly set to 512.
[2022.03.14-10.50.55:833][  0]LogHMD: PokeAHoleMaterial loaded successfully
[2022.03.14-10.50.55:839][  0]LogUObjectArray: 17178 objects as part of root set at end of initial load.
[2022.03.14-10.50.55:839][  0]LogUObjectAllocator: 4302048 out of 0 bytes used by permanent object pool.
[2022.03.14-10.50.55:839][  0]LogUObjectArray: CloseDisregardForGC: 0/0 objects in disregard for GC pool
[2022.03.14-10.50.56:371][  0]LogPython: Using Python 3.7.7
[2022.03.14-10.50.56:903][  0]LogNiagaraDebuggerClient: Niagara Debugger Client Initialized | Session: 226C320441EC09059F98E88A1B0E0D44 | Instance: A5EEC4AD49CC9C568B82CE9394E4902B (DESKTOP-P6OQVGL-23240).
[2022.03.14-10.50.57:236][  0]LogTcpMessaging: Initializing TcpMessaging bridge
[2022.03.14-10.50.57:245][  0]LogUdpMessaging: Initializing bridge on interface 0.0.0.0:0 to multicast group 230.0.0.1:6666.
[2022.03.14-10.50.58:465][  0]LogOpenImageDenoise: OIDN starting up
[2022.03.14-10.50.58:600][  0]LogAndroidPermission: UAndroidPermissionCallbackProxy::GetInstance
[2022.03.14-10.50.58:627][  0]LogAudioCaptureCore: Display: No Audio Capture implementations found. Audio input will be silent.
[2022.03.14-10.50.58:627][  0]LogAudioCaptureCore: Display: No Audio Capture implementations found. Audio input will be silent.
[2022.03.14-10.50.58:896][  0]SourceControl: Source control is disabled
[2022.03.14-10.50.58:897][  0]SourceControl: Source control is disabled
[2022.03.14-10.50.58:906][  0]SourceControl: Source control is disabled
[2022.03.14-10.50.58:921][  0]SourceControl: Source control is disabled
[2022.03.14-10.50.58:933][  0]LogUProjectInfo: Found projects:
[2022.03.14-10.50.58:948][  0]SourceControl: Source control is disabled
[2022.03.14-10.50.58:978][  0]LogCollectionManager: Loaded 0 collections in 0.000989 seconds
[2022.03.14-10.50.59:029][  0]LogFileCache: Scanning file cache for directory 'E:/UE4/Projects/WargamingAcademy/Cyberpunk2022/Saved/Collections/' took 0.00s
[2022.03.14-10.50.59:029][  0]LogFileCache: Scanning file cache for directory 'E:/UE4/Projects/WargamingAcademy/Cyberpunk2022/Content/Developers/Artem/Collections/' took 0.00s
[2022.03.14-10.50.59:029][  0]LogFileCache: Scanning file cache for directory 'E:/UE4/Projects/WargamingAcademy/Cyberpunk2022/Content/Collections/' took 0.00s
[2022.03.14-10.50.59:029][  0]LogOcInput: OculusInput pre-init called
[2022.03.14-10.50.59:345][  0]LogClass: Warning: ObjectProperty FUDecalStruct::Material is not initialized properly. Module:Cyberpunk2022 File:DecalStruct.h
[2022.03.14-10.50.59:346][  0]LogClass: Display: 1 Uninitialized script struct members found including 1 object properties
[2022.03.14-10.50.59:348][  0]LogAutomationTest: Warning: ObjectProperty FUDecalStruct::Material is not initialized properly. Module:Cyberpunk2022 File:DecalStruct.h
[2022.03.14-10.50.59:350][  0]LogEngine: Initializing Engine...
[2022.03.14-10.50.59:360][  0]LogHMD: Failed to enumerate extensions. Please check that you have a valid OpenXR runtime installed.
[2022.03.14-10.50.59:361][  0]LogHMD: Failed to initialize OpenVR with code 110
[2022.03.14-10.50.59:361][  0]LogMagicLeap: Warning: VR disabled because ZI is not enabled.  To enable, in the editor, Edit -> Project Settings -> Plugins -> Magic Leap Plugin -> Enable Zero Iteration
[2022.03.14-10.50.59:364][  0]LogStats: UGameplayTagsManager::InitializeManager -  0.002 s
[2022.03.14-10.50.59:563][  0]LogInit: Initializing FReadOnlyCVARCache
[2022.03.14-10.50.59:585][  0]LogAIModule: Creating AISystem for world Untitled
[2022.03.14-10.50.59:586][  0]LogAudio: Display: Initializing Audio Device Manager...
[2022.03.14-10.50.59:594][  0]LogAudio: Display: Loading Default Audio Settings Objects...
[2022.03.14-10.50.59:596][  0]LogAudio: Display: No default SoundConcurrencyObject specified (or failed to load).
[2022.03.14-10.50.59:598][  0]LogAudio: Display: Audio Device Manager Initialized
[2022.03.14-10.50.59:598][  0]LogAudio: Display: Creating Audio Device:                 Id: 1, Scope: Shared, Realtime: True
[2022.03.14-10.50.59:598][  0]LogAudioMixer: Display: Audio Mixer Platform Settings:
[2022.03.14-10.50.59:598][  0]LogAudioMixer: Display: 	Sample Rate:						  48000
[2022.03.14-10.50.59:598][  0]LogAudioMixer: Display: 	Callback Buffer Frame Size Requested: 1024
[2022.03.14-10.50.59:598][  0]LogAudioMixer: Display: 	Callback Buffer Frame Size To Use:	  1024
[2022.03.14-10.50.59:598][  0]LogAudioMixer: Display: 	Number of buffers to queue:			  2
[2022.03.14-10.50.59:598][  0]LogAudioMixer: Display: 	Max Channels (voices):				  32
[2022.03.14-10.50.59:598][  0]LogAudioMixer: Display: 	Number of Async Source Workers:		  0
[2022.03.14-10.50.59:598][  0]LogAudio: Display: AudioDevice MaxSources: 32
[2022.03.14-10.50.59:599][  0]LogAudio: Display: Audio Spatialization Plugin: None (built-in).
[2022.03.14-10.50.59:599][  0]LogAudio: Display: Audio Reverb Plugin: None (built-in).
[2022.03.14-10.50.59:599][  0]LogAudio: Display: Audio Occlusion Plugin: None (built-in).
[2022.03.14-10.50.59:599][  0]LogAudioMixer: Display: Initializing audio mixer.
[2022.03.14-10.50.59:625][  0]LogAudioMixer: Display: 0: FrontLeft
[2022.03.14-10.50.59:625][  0]LogAudioMixer: Display: 1: FrontRight
[2022.03.14-10.50.59:722][  0]LogAudioMixer: Display: Using Audio Device Headphones (Realtek(R) Audio)
[2022.03.14-10.50.59:724][  0]LogAudioMixer: Display: Initializing Sound Submixes...
[2022.03.14-10.50.59:726][  0]LogAudioMixer: Display: Creating Master Submix 'MasterSubmixDefault'
[2022.03.14-10.50.59:726][  0]LogAudioMixer: Display: Creating Master Submix 'MasterReverbSubmixDefault'
[2022.03.14-10.50.59:728][  0]LogAudioMixer: Display: Creating Master Submix 'MasterEQSubmixDefault'
[2022.03.14-10.50.59:728][  0]LogAudioMixer: FMixerPlatformXAudio2::StartAudioStream() called
[2022.03.14-10.50.59:728][  0]LogAudioMixer: Display: Output buffers initialized: Frames=1024, Channels=2, Samples=2048
[2022.03.14-10.50.59:731][  0]LogAudioMixer: Display: Starting AudioMixerPlatformInterface::RunInternal()
[2022.03.14-10.50.59:731][  0]LogAudioMixer: Display: FMixerPlatformXAudio2::SubmitBuffer() called for the first time
[2022.03.14-10.50.59:731][  0]LogInit: FAudioDevice initialized.
[2022.03.14-10.50.59:731][  0]LogAudio: Display: Audio Device (ID: 1) registered with world 'Untitled'.
[2022.03.14-10.50.59:732][  0]LogNetVersion: Set ProjectVersion to 1.0.0.0. Version Checksum will be recalculated on next use.
[2022.03.14-10.50.59:792][  0]LogDerivedDataCache: Saved boot cache 0.06s 103MB C:/Users/Artem/AppData/Local/UnrealEngine/4.27/DerivedDataCache/Boot.ddc.
[2022.03.14-10.50.59:793][  0]LogInit: Texture streaming: Enabled
[2022.03.14-10.50.59:818][  0]LogAnalytics: Display: [UEEditor.Rocket.Release] APIServer = https://datarouter.ol.epicgames.com/. AppVersion = 4.27.2-18319896+++UE4+Release-4.27
[2022.03.14-10.50.59:824][  0]LogEngineSessionManager: EngineSessionManager initialized
[2022.03.14-10.50.59:824][  0]LogEditorSessionSummary: Verbose: Initializing EditorSessionSummaryWriter for editor session tracking
[2022.03.14-10.50.59:826][  0]LogEditorSessionSummary: EditorSessionSummaryWriter initialized
[2022.03.14-10.50.59:867][  0]LogInit: Transaction tracking system initialized
[2022.03.14-10.50.59:927][  0]BlueprintLog: New page: Editor Load
[2022.03.14-10.51.00:064][  0]LocalizationService: Localization service is disabled
[2022.03.14-10.51.00:129][  0]TimingProfiler: Initialize
[2022.03.14-10.51.00:131][  0]TimingProfiler: OnSessionChanged
[2022.03.14-10.51.00:131][  0]LoadingProfiler: Initialize
[2022.03.14-10.51.00:132][  0]LoadingProfiler: OnSessionChanged
[2022.03.14-10.51.00:132][  0]NetworkingProfiler: Initialize
[2022.03.14-10.51.00:133][  0]NetworkingProfiler: OnSessionChanged
[2022.03.14-10.51.00:133][  0]MemoryProfiler: Initialize
[2022.03.14-10.51.00:133][  0]MemoryProfiler: OnSessionChanged
[2022.03.14-10.51.00:372][  0]LogCook: Display: CookSettings for Memory: MemoryMaxUsedVirtual 0MiB, MemoryMaxUsedPhysical 16384MiB, MemoryMinFreeVirtual 0MiB, MemoryMinFreePhysical 1024MiB
[2022.03.14-10.51.00:372][  0]LogCook: Display: Mobile HDR setting 1
[2022.03.14-10.51.00:620][  0]LogFileCache: Scanning file cache for directory 'E:/UE4/Projects/WargamingAcademy/Cyberpunk2022/Content/' took 0.01s
[2022.03.14-10.51.00:985][  0]LogInit: Display: Engine is initialized. Leaving FEngineLoop::Init()
[2022.03.14-10.51.00:994][  0]SourceControl: Source control is disabled
[2022.03.14-10.51.00:994][  0]LogUnrealEdMisc: Loading editor; pre map load, took 11.359
[2022.03.14-10.51.00:995][  0]Cmd: MAP LOAD FILE="../../../../Projects/WargamingAcademy/Cyberpunk2022/Content/FirstPersonCPP/Maps/bloking_new.umap" TEMPLATE=0 SHOWPROGRESS=1 FEATURELEVEL=3
[2022.03.14-10.51.00:997][  0]LightingResults: New page: Lighting Build
[2022.03.14-10.51.01:002][  0]LogWorld: UWorld::CleanupWorld for Untitled, bSessionEnded=true, bCleanupResources=true
[2022.03.14-10.51.01:002][  0]LogSlate: InvalidateAllWidgets triggered.  All widgets were invalidated
[2022.03.14-10.51.01:002][  0]MapCheck: New page: Map Check
[2022.03.14-10.51.01:003][  0]LightingResults: New page: Lighting Build
[2022.03.14-10.51.01:008][  0]LogAudio: Display: Audio Device unregistered from world 'None'.
[2022.03.14-10.51.01:016][  0]LogUObjectHash: Compacting FUObjectHashTables data took   1.48ms
[2022.03.14-10.51.01:969][  0]LogAudio: Display: Audio Device (ID: 1) registered with world 'bloking_new'.
[2022.03.14-10.51.01:970][  0]LogAIModule: Creating AISystem for world bloking_new
[2022.03.14-10.51.02:148][  0]LogEditorServer: Finished looking for orphan Actors (0.000 secs)
[2022.03.14-10.51.02:217][  0]LogUObjectHash: Compacting FUObjectHashTables data took   1.42ms
[2022.03.14-10.51.02:219][  0]Cmd: MAP CHECKDEP NOCLEARLOG
[2022.03.14-10.51.02:219][  0]MapCheck: Map check complete: 0 Error(s), 0 Warning(s), took 0.334ms to complete.
[2022.03.14-10.51.02:219][  0]LogFileHelpers: Loading map 'bloking_new' took 1.224
[2022.03.14-10.51.02:225][  0]LogUnrealEdMisc: Total Editor Startup Time, took 12.589
[2022.03.14-10.51.02:361][  0]LogSlate: Updating window title bar state: overlay mode, drag disabled, window buttons hidden, title bar hidden
[2022.03.14-10.51.02:368][  0]LogSlate: Updating window title bar state: overlay mode, drag disabled, window buttons hidden, title bar hidden
[2022.03.14-10.51.02:375][  0]LogSlate: Updating window title bar state: overlay mode, drag disabled, window buttons hidden, title bar hidden
[2022.03.14-10.51.02:383][  0]LogSlate: Updating window title bar state: overlay mode, drag disabled, window buttons hidden, title bar hidden
[2022.03.14-10.51.02:401][  0]LogNativeClassHierarchy: Verbose: Native class hierarchy populated in 0.0099 seconds. Added 3831 classes and 930 folders.
[2022.03.14-10.51.02:408][  0]LogNativeClassHierarchy: Verbose: Native class hierarchy updated for 'WidgetCarousel' in 0.0003 seconds. Added 0 classes and 0 folders.
[2022.03.14-10.51.02:414][  0]LogPakFile: PakFile PrimaryIndexSize=187
[2022.03.14-10.51.02:414][  0]LogPakFile: PakFile PathHashIndexSize=101
[2022.03.14-10.51.02:414][  0]LogPakFile: PakFile FullDirectoryIndexSize=148
[2022.03.14-10.51.02:414][  0]LogShaderLibrary: Display: ShaderCodeLibraryPakFileMountedCallback: PakFile 'E:/UE4/UE_4.27/FeaturePacks/FP_FirstPerson.upack' (chunk index -1, root 'root:/') mounted
[2022.03.14-10.51.02:414][  0]LogShaderLibrary: Display: ShaderCodeLibraryPakFileMountedCallback: pending pak file info (ChunkID:-1 Root:root:/ File:E:/UE4/UE_4.27/FeaturePacks/FP_FirstPerson.upack)
[2022.03.14-10.51.02:414][  0]LogPakFile: OnPakFileMounted2Time == 0.000174
[2022.03.14-10.51.02:419][  0]LogPakFile: PakFile PrimaryIndexSize=189
[2022.03.14-10.51.02:419][  0]LogPakFile: PakFile PathHashIndexSize=101
[2022.03.14-10.51.02:419][  0]LogPakFile: PakFile FullDirectoryIndexSize=152
[2022.03.14-10.51.02:419][  0]LogShaderLibrary: Display: ShaderCodeLibraryPakFileMountedCallback: PakFile 'E:/UE4/UE_4.27/FeaturePacks/FP_FirstPersonBP.upack' (chunk index -1, root 'root:/') mounted
[2022.03.14-10.51.02:420][  0]LogShaderLibrary: Display: ShaderCodeLibraryPakFileMountedCallback: pending pak file info (ChunkID:-1 Root:root:/ File:E:/UE4/UE_4.27/FeaturePacks/FP_FirstPersonBP.upack)
[2022.03.14-10.51.02:420][  0]LogPakFile: OnPakFileMounted2Time == 0.000143
[2022.03.14-10.51.02:422][  0]LogPakFile: PakFile PrimaryIndexSize=191
[2022.03.14-10.51.02:422][  0]LogPakFile: PakFile PathHashIndexSize=101
[2022.03.14-10.51.02:422][  0]LogPakFile: PakFile FullDirectoryIndexSize=160
[2022.03.14-10.51.02:422][  0]LogShaderLibrary: Display: ShaderCodeLibraryPakFileMountedCallback: PakFile 'E:/UE4/UE_4.27/FeaturePacks/MobileStarterContent.upack' (chunk index -1, root 'root:/') mounted
[2022.03.14-10.51.02:422][  0]LogShaderLibrary: Display: ShaderCodeLibraryPakFileMountedCallback: pending pak file info (ChunkID:-1 Root:root:/ File:E:/UE4/UE_4.27/FeaturePacks/MobileStarterContent.upack)
[2022.03.14-10.51.02:422][  0]LogPakFile: OnPakFileMounted2Time == 0.000129
[2022.03.14-10.51.02:424][  0]LogPakFile: PakFile PrimaryIndexSize=185
[2022.03.14-10.51.02:424][  0]LogPakFile: PakFile PathHashIndexSize=101
[2022.03.14-10.51.02:424][  0]LogPakFile: PakFile FullDirectoryIndexSize=148
[2022.03.14-10.51.02:424][  0]LogShaderLibrary: Display: ShaderCodeLibraryPakFileMountedCallback: PakFile 'E:/UE4/UE_4.27/FeaturePacks/StarterContent.upack' (chunk index -1, root 'root:/') mounted
[2022.03.14-10.51.02:424][  0]LogShaderLibrary: Display: ShaderCodeLibraryPakFileMountedCallback: pending pak file info (ChunkID:-1 Root:root:/ File:E:/UE4/UE_4.27/FeaturePacks/StarterContent.upack)
[2022.03.14-10.51.02:424][  0]LogPakFile: OnPakFileMounted2Time == 0.000149
[2022.03.14-10.51.02:426][  0]LogPakFile: PakFile PrimaryIndexSize=190
[2022.03.14-10.51.02:426][  0]LogPakFile: PakFile PathHashIndexSize=101
[2022.03.14-10.51.02:426][  0]LogPakFile: PakFile FullDirectoryIndexSize=154
[2022.03.14-10.51.02:426][  0]LogShaderLibrary: Display: ShaderCodeLibraryPakFileMountedCallback: PakFile 'E:/UE4/UE_4.27/FeaturePacks/TP_2DSideScroller.upack' (chunk index -1, root 'root:/') mounted
[2022.03.14-10.51.02:427][  0]LogShaderLibrary: Display: ShaderCodeLibraryPakFileMountedCallback: pending pak file info (ChunkID:-1 Root:root:/ File:E:/UE4/UE_4.27/FeaturePacks/TP_2DSideScroller.upack)
[2022.03.14-10.51.02:427][  0]LogPakFile: OnPakFileMounted2Time == 0.000118
[2022.03.14-10.51.02:428][  0]LogPakFile: PakFile PrimaryIndexSize=192
[2022.03.14-10.51.02:429][  0]LogPakFile: PakFile PathHashIndexSize=101
[2022.03.14-10.51.02:429][  0]LogPakFile: PakFile FullDirectoryIndexSize=158
[2022.03.14-10.51.02:429][  0]LogShaderLibrary: Display: ShaderCodeLibraryPakFileMountedCallback: PakFile 'E:/UE4/UE_4.27/FeaturePacks/TP_2DSideScrollerBP.upack' (chunk index -1, root 'root:/') mounted
[2022.03.14-10.51.02:429][  0]LogShaderLibrary: Display: ShaderCodeLibraryPakFileMountedCallback: pending pak file info (ChunkID:-1 Root:root:/ File:E:/UE4/UE_4.27/FeaturePacks/TP_2DSideScrollerBP.upack)
[2022.03.14-10.51.02:429][  0]LogPakFile: OnPakFileMounted2Time == 0.000147
[2022.03.14-10.51.02:431][  0]LogPakFile: PakFile PrimaryIndexSize=182
[2022.03.14-10.51.02:431][  0]LogPakFile: PakFile PathHashIndexSize=101
[2022.03.14-10.51.02:431][  0]LogPakFile: PakFile FullDirectoryIndexSize=138
[2022.03.14-10.51.02:431][  0]LogShaderLibrary: Display: ShaderCodeLibraryPakFileMountedCallback: PakFile 'E:/UE4/UE_4.27/FeaturePacks/TP_Flying.upack' (chunk index -1, root 'root:/') mounted
[2022.03.14-10.51.02:431][  0]LogShaderLibrary: Display: ShaderCodeLibraryPakFileMountedCallback: pending pak file info (ChunkID:-1 Root:root:/ File:E:/UE4/UE_4.27/FeaturePacks/TP_Flying.upack)
[2022.03.14-10.51.02:431][  0]LogPakFile: OnPakFileMounted2Time == 0.000164
[2022.03.14-10.51.02:433][  0]LogPakFile: PakFile PrimaryIndexSize=184
[2022.03.14-10.51.02:433][  0]LogPakFile: PakFile PathHashIndexSize=101
[2022.03.14-10.51.02:433][  0]LogPakFile: PakFile FullDirectoryIndexSize=142
[2022.03.14-10.51.02:433][  0]LogShaderLibrary: Display: ShaderCodeLibraryPakFileMountedCallback: PakFile 'E:/UE4/UE_4.27/FeaturePacks/TP_FlyingBP.upack' (chunk index -1, root 'root:/') mounted
[2022.03.14-10.51.02:433][  0]LogShaderLibrary: Display: ShaderCodeLibraryPakFileMountedCallback: pending pak file info (ChunkID:-1 Root:root:/ File:E:/UE4/UE_4.27/FeaturePacks/TP_FlyingBP.upack)
[2022.03.14-10.51.02:434][  0]LogPakFile: OnPakFileMounted2Time == 0.000121
[2022.03.14-10.51.02:435][  0]LogPakFile: PakFile PrimaryIndexSize=188
[2022.03.14-10.51.02:435][  0]LogPakFile: PakFile PathHashIndexSize=101
[2022.03.14-10.51.02:435][  0]LogPakFile: PakFile FullDirectoryIndexSize=150
[2022.03.14-10.51.02:435][  0]LogShaderLibrary: Display: ShaderCodeLibraryPakFileMountedCallback: PakFile 'E:/UE4/UE_4.27/FeaturePacks/TP_HandheldARBP.upack' (chunk index -1, root 'root:/') mounted
[2022.03.14-10.51.02:435][  0]LogShaderLibrary: Display: ShaderCodeLibraryPakFileMountedCallback: pending pak file info (ChunkID:-1 Root:root:/ File:E:/UE4/UE_4.27/FeaturePacks/TP_HandheldARBP.upack)
[2022.03.14-10.51.02:435][  0]LogPakFile: OnPakFileMounted2Time == 0.000112
[2022.03.14-10.51.02:438][  0]LogPakFile: PakFile PrimaryIndexSize=182
[2022.03.14-10.51.02:438][  0]LogPakFile: PakFile PathHashIndexSize=101
[2022.03.14-10.51.02:438][  0]LogPakFile: PakFile FullDirectoryIndexSize=138
[2022.03.14-10.51.02:439][  0]LogShaderLibrary: Display: ShaderCodeLibraryPakFileMountedCallback: PakFile 'E:/UE4/UE_4.27/FeaturePacks/TP_Puzzle.upack' (chunk index -1, root 'root:/') mounted
[2022.03.14-10.51.02:439][  0]LogShaderLibrary: Display: ShaderCodeLibraryPakFileMountedCallback: pending pak file info (ChunkID:-1 Root:root:/ File:E:/UE4/UE_4.27/FeaturePacks/TP_Puzzle.upack)
[2022.03.14-10.51.02:439][  0]LogPakFile: OnPakFileMounted2Time == 0.000163
[2022.03.14-10.51.02:441][  0]LogPakFile: PakFile PrimaryIndexSize=184
[2022.03.14-10.51.02:441][  0]LogPakFile: PakFile PathHashIndexSize=101
[2022.03.14-10.51.02:441][  0]LogPakFile: PakFile FullDirectoryIndexSize=142
[2022.03.14-10.51.02:441][  0]LogShaderLibrary: Display: ShaderCodeLibraryPakFileMountedCallback: PakFile 'E:/UE4/UE_4.27/FeaturePacks/TP_PuzzleBP.upack' (chunk index -1, root 'root:/') mounted
[2022.03.14-10.51.02:441][  0]LogShaderLibrary: Display: ShaderCodeLibraryPakFileMountedCallback: pending pak file info (ChunkID:-1 Root:root:/ File:E:/UE4/UE_4.27/FeaturePacks/TP_PuzzleBP.upack)
[2022.03.14-10.51.02:441][  0]LogPakFile: OnPakFileMounted2Time == 0.000129
[2022.03.14-10.51.02:443][  0]LogPakFile: PakFile PrimaryIndexSize=183
[2022.03.14-10.51.02:443][  0]LogPakFile: PakFile PathHashIndexSize=101
[2022.03.14-10.51.02:443][  0]LogPakFile: PakFile FullDirectoryIndexSize=140
[2022.03.14-10.51.02:443][  0]LogShaderLibrary: Display: ShaderCodeLibraryPakFileMountedCallback: PakFile 'E:/UE4/UE_4.27/FeaturePacks/TP_Rolling.upack' (chunk index -1, root 'root:/') mounted
[2022.03.14-10.51.02:443][  0]LogShaderLibrary: Display: ShaderCodeLibraryPakFileMountedCallback: pending pak file info (ChunkID:-1 Root:root:/ File:E:/UE4/UE_4.27/FeaturePacks/TP_Rolling.upack)
[2022.03.14-10.51.02:443][  0]LogPakFile: OnPakFileMounted2Time == 0.000156
[2022.03.14-10.51.02:445][  0]LogPakFile: PakFile PrimaryIndexSize=185
[2022.03.14-10.51.02:446][  0]LogPakFile: PakFile PathHashIndexSize=101
[2022.03.14-10.51.02:446][  0]LogPakFile: PakFile FullDirectoryIndexSize=144
[2022.03.14-10.51.02:446][  0]LogShaderLibrary: Display: ShaderCodeLibraryPakFileMountedCallback: PakFile 'E:/UE4/UE_4.27/FeaturePacks/TP_RollingBP.upack' (chunk index -1, root 'root:/') mounted
[2022.03.14-10.51.02:446][  0]LogShaderLibrary: Display: ShaderCodeLibraryPakFileMountedCallback: pending pak file info (ChunkID:-1 Root:root:/ File:E:/UE4/UE_4.27/FeaturePacks/TP_RollingBP.upack)
[2022.03.14-10.51.02:446][  0]LogPakFile: OnPakFileMounted2Time == 0.000198
[2022.03.14-10.51.02:448][  0]LogPakFile: PakFile PrimaryIndexSize=188
[2022.03.14-10.51.02:448][  0]LogPakFile: PakFile PathHashIndexSize=101
[2022.03.14-10.51.02:448][  0]LogPakFile: PakFile FullDirectoryIndexSize=150
[2022.03.14-10.51.02:448][  0]LogShaderLibrary: Display: ShaderCodeLibraryPakFileMountedCallback: PakFile 'E:/UE4/UE_4.27/FeaturePacks/TP_SideScroller.upack' (chunk index -1, root 'root:/') mounted
[2022.03.14-10.51.02:448][  0]LogShaderLibrary: Display: ShaderCodeLibraryPakFileMountedCallback: pending pak file info (ChunkID:-1 Root:root:/ File:E:/UE4/UE_4.27/FeaturePacks/TP_SideScroller.upack)
[2022.03.14-10.51.02:448][  0]LogPakFile: OnPakFileMounted2Time == 0.000121
[2022.03.14-10.51.02:449][  0]LogPakFile: PakFile PrimaryIndexSize=190
[2022.03.14-10.51.02:449][  0]LogPakFile: PakFile PathHashIndexSize=101
[2022.03.14-10.51.02:449][  0]LogPakFile: PakFile FullDirectoryIndexSize=154
[2022.03.14-10.51.02:449][  0]LogShaderLibrary: Display: ShaderCodeLibraryPakFileMountedCallback: PakFile 'E:/UE4/UE_4.27/FeaturePacks/TP_SideScrollerBP.upack' (chunk index -1, root 'root:/') mounted
[2022.03.14-10.51.02:449][  0]LogShaderLibrary: Display: ShaderCodeLibraryPakFileMountedCallback: pending pak file info (ChunkID:-1 Root:root:/ File:E:/UE4/UE_4.27/FeaturePacks/TP_SideScrollerBP.upack)
[2022.03.14-10.51.02:449][  0]LogPakFile: OnPakFileMounted2Time == 0.000112
[2022.03.14-10.51.02:451][  0]LogPakFile: PakFile PrimaryIndexSize=187
[2022.03.14-10.51.02:451][  0]LogPakFile: PakFile PathHashIndexSize=101
[2022.03.14-10.51.02:451][  0]LogPakFile: PakFile FullDirectoryIndexSize=148
[2022.03.14-10.51.02:451][  0]LogShaderLibrary: Display: ShaderCodeLibraryPakFileMountedCallback: PakFile 'E:/UE4/UE_4.27/FeaturePacks/TP_ThirdPerson.upack' (chunk index -1, root 'root:/') mounted
[2022.03.14-10.51.02:451][  0]LogShaderLibrary: Display: ShaderCodeLibraryPakFileMountedCallback: pending pak file info (ChunkID:-1 Root:root:/ File:E:/UE4/UE_4.27/FeaturePacks/TP_ThirdPerson.upack)
[2022.03.14-10.51.02:451][  0]LogPakFile: OnPakFileMounted2Time == 0.000107
[2022.03.14-10.51.02:453][  0]LogPakFile: PakFile PrimaryIndexSize=189
[2022.03.14-10.51.02:453][  0]LogPakFile: PakFile PathHashIndexSize=101
[2022.03.14-10.51.02:453][  0]LogPakFile: PakFile FullDirectoryIndexSize=152
[2022.03.14-10.51.02:453][  0]LogShaderLibrary: Display: ShaderCodeLibraryPakFileMountedCallback: PakFile 'E:/UE4/UE_4.27/FeaturePacks/TP_ThirdPersonBP.upack' (chunk index -1, root 'root:/') mounted
[2022.03.14-10.51.02:453][  0]LogShaderLibrary: Display: ShaderCodeLibraryPakFileMountedCallback: pending pak file info (ChunkID:-1 Root:root:/ File:E:/UE4/UE_4.27/FeaturePacks/TP_ThirdPersonBP.upack)
[2022.03.14-10.51.02:453][  0]LogPakFile: OnPakFileMounted2Time == 0.000122
[2022.03.14-10.51.02:455][  0]LogPakFile: PakFile PrimaryIndexSize=183
[2022.03.14-10.51.02:455][  0]LogPakFile: PakFile PathHashIndexSize=101
[2022.03.14-10.51.02:455][  0]LogPakFile: PakFile FullDirectoryIndexSize=140
[2022.03.14-10.51.02:455][  0]LogShaderLibrary: Display: ShaderCodeLibraryPakFileMountedCallback: PakFile 'E:/UE4/UE_4.27/FeaturePacks/TP_TopDown.upack' (chunk index -1, root 'root:/') mounted
[2022.03.14-10.51.02:455][  0]LogShaderLibrary: Display: ShaderCodeLibraryPakFileMountedCallback: pending pak file info (ChunkID:-1 Root:root:/ File:E:/UE4/UE_4.27/FeaturePacks/TP_TopDown.upack)
[2022.03.14-10.51.02:455][  0]LogPakFile: OnPakFileMounted2Time == 0.000129
[2022.03.14-10.51.02:457][  0]LogPakFile: PakFile PrimaryIndexSize=185
[2022.03.14-10.51.02:457][  0]LogPakFile: PakFile PathHashIndexSize=101
[2022.03.14-10.51.02:457][  0]LogPakFile: PakFile FullDirectoryIndexSize=144
[2022.03.14-10.51.02:457][  0]LogShaderLibrary: Display: ShaderCodeLibraryPakFileMountedCallback: PakFile 'E:/UE4/UE_4.27/FeaturePacks/TP_TopDownBP.upack' (chunk index -1, root 'root:/') mounted
[2022.03.14-10.51.02:457][  0]LogShaderLibrary: Display: ShaderCodeLibraryPakFileMountedCallback: pending pak file info (ChunkID:-1 Root:root:/ File:E:/UE4/UE_4.27/FeaturePacks/TP_TopDownBP.upack)
[2022.03.14-10.51.02:457][  0]LogPakFile: OnPakFileMounted2Time == 0.000146
[2022.03.14-10.51.02:459][  0]LogPakFile: PakFile PrimaryIndexSize=185
[2022.03.14-10.51.02:459][  0]LogPakFile: PakFile PathHashIndexSize=101
[2022.03.14-10.51.02:459][  0]LogPakFile: PakFile FullDirectoryIndexSize=144
[2022.03.14-10.51.02:459][  0]LogShaderLibrary: Display: ShaderCodeLibraryPakFileMountedCallback: PakFile 'E:/UE4/UE_4.27/FeaturePacks/TP_TwinStick.upack' (chunk index -1, root 'root:/') mounted
[2022.03.14-10.51.02:459][  0]LogShaderLibrary: Display: ShaderCodeLibraryPakFileMountedCallback: pending pak file info (ChunkID:-1 Root:root:/ File:E:/UE4/UE_4.27/FeaturePacks/TP_TwinStick.upack)
[2022.03.14-10.51.02:459][  0]LogPakFile: OnPakFileMounted2Time == 0.000162
[2022.03.14-10.51.02:460][  0]LogPakFile: PakFile PrimaryIndexSize=187
[2022.03.14-10.51.02:461][  0]LogPakFile: PakFile PathHashIndexSize=101
[2022.03.14-10.51.02:461][  0]LogPakFile: PakFile FullDirectoryIndexSize=148
[2022.03.14-10.51.02:461][  0]LogShaderLibrary: Display: ShaderCodeLibraryPakFileMountedCallback: PakFile 'E:/UE4/UE_4.27/FeaturePacks/TP_TwinStickBP.upack' (chunk index -1, root 'root:/') mounted
[2022.03.14-10.51.02:461][  0]LogShaderLibrary: Display: ShaderCodeLibraryPakFileMountedCallback: pending pak file info (ChunkID:-1 Root:root:/ File:E:/UE4/UE_4.27/FeaturePacks/TP_TwinStickBP.upack)
[2022.03.14-10.51.02:461][  0]LogPakFile: OnPakFileMounted2Time == 0.000115
[2022.03.14-10.51.02:462][  0]LogPakFile: PakFile PrimaryIndexSize=183
[2022.03.14-10.51.02:462][  0]LogPakFile: PakFile PathHashIndexSize=101
[2022.03.14-10.51.02:462][  0]LogPakFile: PakFile FullDirectoryIndexSize=140
[2022.03.14-10.51.02:462][  0]LogShaderLibrary: Display: ShaderCodeLibraryPakFileMountedCallback: PakFile 'E:/UE4/UE_4.27/FeaturePacks/TP_Vehicle.upack' (chunk index -1, root 'root:/') mounted
[2022.03.14-10.51.02:462][  0]LogShaderLibrary: Display: ShaderCodeLibraryPakFileMountedCallback: pending pak file info (ChunkID:-1 Root:root:/ File:E:/UE4/UE_4.27/FeaturePacks/TP_Vehicle.upack)
[2022.03.14-10.51.02:462][  0]LogPakFile: OnPakFileMounted2Time == 0.000101
[2022.03.14-10.51.02:464][  0]LogPakFile: PakFile PrimaryIndexSize=186
[2022.03.14-10.51.02:464][  0]LogPakFile: PakFile PathHashIndexSize=101
[2022.03.14-10.51.02:464][  0]LogPakFile: PakFile FullDirectoryIndexSize=146
[2022.03.14-10.51.02:464][  0]LogShaderLibrary: Display: ShaderCodeLibraryPakFileMountedCallback: PakFile 'E:/UE4/UE_4.27/FeaturePacks/TP_VehicleAdv.upack' (chunk index -1, root 'root:/') mounted
[2022.03.14-10.51.02:464][  0]LogShaderLibrary: Display: ShaderCodeLibraryPakFileMountedCallback: pending pak file info (ChunkID:-1 Root:root:/ File:E:/UE4/UE_4.27/FeaturePacks/TP_VehicleAdv.upack)
[2022.03.14-10.51.02:464][  0]LogPakFile: OnPakFileMounted2Time == 0.000110
[2022.03.14-10.51.02:466][  0]LogPakFile: PakFile PrimaryIndexSize=188
[2022.03.14-10.51.02:466][  0]LogPakFile: PakFile PathHashIndexSize=101
[2022.03.14-10.51.02:466][  0]LogPakFile: PakFile FullDirectoryIndexSize=150
[2022.03.14-10.51.02:466][  0]LogShaderLibrary: Display: ShaderCodeLibraryPakFileMountedCallback: PakFile 'E:/UE4/UE_4.27/FeaturePacks/TP_VehicleAdvBP.upack' (chunk index -1, root 'root:/') mounted
[2022.03.14-10.51.02:466][  0]LogShaderLibrary: Display: ShaderCodeLibraryPakFileMountedCallback: pending pak file info (ChunkID:-1 Root:root:/ File:E:/UE4/UE_4.27/FeaturePacks/TP_VehicleAdvBP.upack)
[2022.03.14-10.51.02:466][  0]LogPakFile: OnPakFileMounted2Time == 0.000113
[2022.03.14-10.51.02:468][  0]LogPakFile: PakFile PrimaryIndexSize=185
[2022.03.14-10.51.02:468][  0]LogPakFile: PakFile PathHashIndexSize=101
[2022.03.14-10.51.02:468][  0]LogPakFile: PakFile FullDirectoryIndexSize=144
[2022.03.14-10.51.02:468][  0]LogShaderLibrary: Display: ShaderCodeLibraryPakFileMountedCallback: PakFile 'E:/UE4/UE_4.27/FeaturePacks/TP_VehicleBP.upack' (chunk index -1, root 'root:/') mounted
[2022.03.14-10.51.02:468][  0]LogShaderLibrary: Display: ShaderCodeLibraryPakFileMountedCallback: pending pak file info (ChunkID:-1 Root:root:/ File:E:/UE4/UE_4.27/FeaturePacks/TP_VehicleBP.upack)
[2022.03.14-10.51.02:468][  0]LogPakFile: OnPakFileMounted2Time == 0.000110
[2022.03.14-10.51.02:470][  0]LogPakFile: PakFile PrimaryIndexSize=192
[2022.03.14-10.51.02:470][  0]LogPakFile: PakFile PathHashIndexSize=101
[2022.03.14-10.51.02:470][  0]LogPakFile: PakFile FullDirectoryIndexSize=158
[2022.03.14-10.51.02:470][  0]LogShaderLibrary: Display: ShaderCodeLibraryPakFileMountedCallback: PakFile 'E:/UE4/UE_4.27/FeaturePacks/TP_VirtualRealityBP.upack' (chunk index -1, root 'root:/') mounted
[2022.03.14-10.51.02:470][  0]LogShaderLibrary: Display: ShaderCodeLibraryPakFileMountedCallback: pending pak file info (ChunkID:-1 Root:root:/ File:E:/UE4/UE_4.27/FeaturePacks/TP_VirtualRealityBP.upack)
[2022.03.14-10.51.02:470][  0]LogPakFile: OnPakFileMounted2Time == 0.000103
[2022.03.14-10.51.02:574][  0]LogNativeClassHierarchy: Verbose: Native class hierarchy updated for 'AddContentDialog' in 0.0004 seconds. Added 0 classes and 0 folders.
[2022.03.14-10.51.02:576][  0]LogNativeClassHierarchy: Verbose: Native class hierarchy updated for 'SceneOutliner' in 0.0004 seconds. Added 2 classes and 0 folders.
[2022.03.14-10.51.02:673][  0]LogSlate: Took 0.001629 seconds to synchronously load lazily loaded font '../../../Engine/Content/Slate/Fonts/Roboto-Regular.ttf' (155K)
[2022.03.14-10.51.02:676][  0]LogSlate: Took 0.001058 seconds to synchronously load lazily loaded font '../../../Engine/Content/Editor/Slate/Fonts/FontAwesome.ttf' (139K)
[2022.03.14-10.51.02:678][  0]LogSlate: Took 0.000634 seconds to synchronously load lazily loaded font '../../../Engine/Content/Slate/Fonts/Roboto-Bold.ttf' (160K)
[2022.03.14-10.51.02:812][  0]LogRenderer: Reallocating scene render targets to support 1256x572 Format 10 NumSamples 1 (Frame:1).
[2022.03.14-10.51.02:899][  0]LogSlate: Took 0.001150 seconds to synchronously load lazily loaded font '../../../Engine/Content/Slate/Fonts/Roboto-Light.ttf' (167K)
[2022.03.14-10.51.03:010][  0]LogNativeClassHierarchy: Verbose: Native class hierarchy updated for 'HierarchicalLODOutliner' in 0.0005 seconds. Added 0 classes and 0 folders.
[2022.03.14-10.51.03:010][  0]LogLoad: (Engine Initialization) Total time: 13.37 seconds
[2022.03.14-10.51.03:010][  0]LogLoad: (Engine Initialization) Total Blueprint compile time: 0.00 seconds
[2022.03.14-10.51.03:110][  0]LogContentStreaming: Texture pool size now 1000 MB
[2022.03.14-10.51.03:181][  1]LogAssetRegistry: Asset discovery search completed in 8.4348 seconds
[2022.03.14-10.51.03:190][  1]LogCollectionManager: Fixed up redirectors for 0 collections in 0.000004 seconds (updated 0 objects)
[2022.03.14-10.51.08:494][104]LogFileCache: Retrieving MD5 hashes for directory 'E:/UE4/Projects/WargamingAcademy/Cyberpunk2022/Content/' took 5.45s
[2022.03.14-10.51.12:610][288]LogSlate: Took 0.000116 seconds to synchronously load lazily loaded font '../../../Engine/Content/Slate/Fonts/Roboto-Light.ttf' (167K)
[2022.03.14-10.51.12:641][288]LogEditorClassViewer: Warning: Class /Engine/Tutorial/InWorldBlueprintEditing/TutorialAssets/IWBE_Blutility.IWBE_Blutility_C has parent /Script/Blutility.PlacedEditorUtilityBase, but this parent is not found. The Class will not be shown in ClassViewer.
[2022.03.14-10.51.12:700][288]LogSlate: Took 0.006893 seconds to synchronously load lazily loaded font '../../../Engine/Content/Slate/Fonts/Roboto-BoldCondensed.ttf' (158K)
[2022.03.14-10.51.18:982][501]LogWindowsTextInputMethodSystem: Display: IME system deactivated.
[2022.03.14-10.51.18:982][501]LogWindowsTextInputMethodSystem: Display: IME system deactivated.
[2022.03.14-10.51.30:612][184]Running E:/UE4/UE_4.27/Engine/Binaries/DotNET/UnrealBuildTool.exe  -projectfiles -project="E:/UE4/Projects/WargamingAcademy/Cyberpunk2022/Cyberpunk2022.uproject" -game -rocket -progress
[2022.03.14-10.51.30:915][184]Discovering modules, targets and source code for project...
[2022.03.14-10.51.32:723][184]Binding IntelliSense data...
[2022.03.14-10.51.35:138][184]Binding IntelliSense data... 100%
[2022.03.14-10.51.35:138][184]Writing project files...
[2022.03.14-10.51.37:751][184]Writing project files... 100%
[2022.03.14-10.51.38:619][184]Candidate modules for hot reload:
[2022.03.14-10.51.38:620][184]  Cyberpunk2022
[2022.03.14-10.51.38:620][184]Launching UnrealBuildTool... [E:/UE4/UE_4.27/Engine/Binaries/DotNET/UnrealBuildTool.exe  -ModuleWithSuffix=Cyberpunk2022,1318 Cyberpunk2022Editor Win64 Development -Project="E:/UE4/Projects/WargamingAcademy/Cyberpunk2022/Cyberpunk2022.uproject" "E:/UE4/Projects/WargamingAcademy/Cyberpunk2022/Cyberpunk2022.uproject"  -IgnoreJunk]
[2022.03.14-10.52.05:360][184]CompilerResultsLog: New page: Compilation - Mar 14, 2022, 4:52:05 PM
[2022.03.14-10.52.05:361][184]CompilerResultsLog: Using 'git status' to determine working set for adaptive non-unity build (E:\UE4\Projects\WargamingAcademy).
[2022.03.14-10.52.05:361][184]CompilerResultsLog: Creating makefile for Cyberpunk2022Editor (no existing makefile)
[2022.03.14-10.52.05:361][184]CompilerResultsLog: Parsing headers for Cyberpunk2022Editor
[2022.03.14-10.52.05:361][184]CompilerResultsLog:   Running UnrealHeaderTool "E:\UE4\Projects\WargamingAcademy\Cyberpunk2022\Cyberpunk2022.uproject" "E:\UE4\Projects\WargamingAcademy\Cyberpunk2022\Intermediate\Build\Win64\Cyberpunk2022Editor\Development\Cyberpunk2022Editor.uhtmanifest" -LogCmds="loginit warning, logexit warning, logdatabase error" -Unattended -WarningsAsErrors -abslog="C:\Users\Artem\AppData\Local\UnrealBuildTool\Log_UHT.txt" -installed
[2022.03.14-10.52.05:361][184]CompilerResultsLog: LogInit: Display: Loading text-based GConfig....
[2022.03.14-10.52.05:361][184]CompilerResultsLog: Reflection code generated for Cyberpunk2022Editor in 13.644481 seconds
[2022.03.14-10.52.05:361][184]CompilerResultsLog: Building Cyberpunk2022Editor...
[2022.03.14-10.52.05:361][184]CompilerResultsLog: Using Visual Studio 2022 14.30.30706 toolchain (C:\Program Files\Microsoft Visual Studio\2022\Community\VC\Tools\MSVC\14.30.30705) and Windows 10.0.19041.0 SDK (C:\Program Files (x86)\Windows Kits\10).
[2022.03.14-10.52.05:361][184]CompilerResultsLog: Building 6 actions with 12 processes...
[2022.03.14-10.52.05:361][184]CompilerResultsLog:   [1/6] Cyberpunk2022.init.gen.cpp
[2022.03.14-10.52.05:361][184]CompilerResultsLog:   [2/6] Ammo.cpp
[2022.03.14-10.52.05:361][184]CompilerResultsLog:   [3/6] Ammo.gen.cpp
[2022.03.14-10.52.05:361][184]CompilerResultsLog:   [4/6] UE4Editor-Cyberpunk2022-1318.lib
[2022.03.14-10.52.05:361][184]CompilerResultsLog:      Creating library E:\UE4\Projects\WargamingAcademy\Cyberpunk2022\Intermediate\Build\Win64\UE4Editor\Development\Cyberpunk2022\UE4Editor-Cyberpunk2022-1318.lib and object E:\UE4\Projects\WargamingAcademy\Cyberpunk2022\Intermediate\Build\Win64\UE4Editor\Development\Cyberpunk2022\UE4Editor-Cyberpunk2022-1318.exp
[2022.03.14-10.52.05:362][184]CompilerResultsLog:   [5/6] UE4Editor-Cyberpunk2022-1318.dll
[2022.03.14-10.52.05:362][184]CompilerResultsLog:      Creating library E:\UE4\Projects\WargamingAcademy\Cyberpunk2022\Intermediate\Build\Win64\UE4Editor\Development\Cyberpunk2022\UE4Editor-Cyberpunk2022-1318.suppressed.lib and object E:\UE4\Projects\WargamingAcademy\Cyberpunk2022\Intermediate\Build\Win64\UE4Editor\Development\Cyberpunk2022\UE4Editor-Cyberpunk2022-1318.suppressed.exp
[2022.03.14-10.52.05:362][184]CompilerResultsLog:   [6/6] Cyberpunk2022Editor.target
[2022.03.14-10.52.05:362][184]CompilerResultsLog: Total time in Parallel executor: 10.81 seconds
[2022.03.14-10.52.05:362][184]CompilerResultsLog: Total execution time: 26.65 seconds
[2022.03.14-10.52.05:362][184]LogMainFrame: MainFrame: Module compiling took 26.782 seconds
[2022.03.14-10.52.05:401][184]LogClass: Could not find existing class Ammo in package /Script/Cyberpunk2022 for HotReload, assuming new class
[2022.03.14-10.52.05:406][184]LogClass: EAmmoType HotReload.
[2022.03.14-10.52.05:406][184]LogClass: ECombatState HotReload.
[2022.03.14-10.52.05:406][184]LogClass: EWeaponType HotReload.
[2022.03.14-10.52.05:407][184]LogClass: UDecalStruct HotReload.
[2022.03.14-10.52.05:413][184]LogNativeClassHierarchy: Verbose: Native class hierarchy updated for 'Cyberpunk2022' in 0.0003 seconds. Added 10 classes and 2 folders.
[2022.03.14-10.52.05:417][184]Display: HotReload successful (11 functions remapped  1 scriptstructs remapped)
[2022.03.14-10.52.05:484][184]LogNativeClassHierarchy: Verbose: Native class hierarchy populated in 0.0089 seconds. Added 3832 classes and 930 folders.
[2022.03.14-10.52.05:489][184]Display: HotReload took 27.6s.
[2022.03.14-10.52.05:496][184]Warning: HotReload operation took 27.6s.
[2022.03.14-10.52.06:423][184]LogVSAccessor: Warning: Couldn't goto line number '1' in 'E:/UE4/Projects/WargamingAcademy/Cyberpunk2022/Source/Cyberpunk2022/Ammo.h'
[2022.03.14-10.52.06:425][184]LogVSAccessor: Warning: Couldn't open file 'E:/UE4/Projects/WargamingAcademy/Cyberpunk2022/Source/Cyberpunk2022/Ammo.cpp'.
[2022.03.14-10.52.06:431][184]LogSlate: Window 'Add C++ Class' being destroyed
[2022.03.14-10.52.06:444][184]LogHotReload: New module detected: UE4Editor-Cyberpunk2022-1318.dll
[2022.03.14-10.52.06:500][185]LogHotReload: Starting Hot-Reload from IDE
[2022.03.14-10.52.06:557][185]LogNativeClassHierarchy: Verbose: Native class hierarchy updated for 'Cyberpunk2022' in 0.0004 seconds. Added 10 classes and 2 folders.
[2022.03.14-10.52.06:563][185]Display: HotReload successful (0 functions remapped  1 scriptstructs remapped)
[2022.03.14-10.52.06:574][185]LogNativeClassHierarchy: Verbose: Native class hierarchy populated in 0.0112 seconds. Added 3832 classes and 930 folders.
[2022.03.14-10.52.06:583][185]Display: HotReload took  0.1s.
