Log file open, 03/23/22 16:17:58
LogWindows: Failed to load 'aqProf.dll' (GetLastError=126)
LogWindows: File 'aqProf.dll' does not exist
LogWindows: Failed to load 'VtuneApi.dll' (GetLastError=126)
LogWindows: File 'VtuneApi.dll' does not exist
LogWindows: Failed to load 'VtuneApi32e.dll' (GetLastError=126)
LogWindows: File 'VtuneApi32e.dll' does not exist
LogConsoleResponse: Display: Failed to find resolution value strings in scalability ini. Falling back to default.
LogConsoleResponse: Display: Failed to find resolution value strings in scalability ini. Falling back to default.
LogInit: Display: Running engine for game: Cyberpunk2022
LogPlatformFile: Not using cached read wrapper
LogTaskGraph: Started task graph with 5 named threads and 35 total threads with 3 sets of task threads.
LogStats: Stats thread started at 0.325301
LogICUInternationalization: ICU TimeZone Detection - Raw Offset: +3:00, Platform Override: ''
LogInit: Display: Loading text-based GConfig....
LogPluginManager: Mounting plugin MeshPainting
LogPluginManager: Mounting plugin XGEController
LogPluginManager: Mounting plugin Paper2D
LogPluginManager: Mounting plugin LiveLink
LogPluginManager: Mounting plugin AISupport
LogPluginManager: Mounting plugin EnvironmentQueryEditor
LogPluginManager: Mounting plugin LightPropagationVolume
LogPluginManager: Mounting plugin CameraShakePreviewer
LogPluginManager: Mounting plugin AssetManagerEditor
LogPluginManager: Mounting plugin CryptoKeys
LogPluginManager: Mounting plugin CurveEditorTools
LogPluginManager: Mounting plugin GameplayCameras
LogPluginManager: Mounting plugin DataValidation
LogPluginManager: Mounting plugin OodleData
LogPluginManager: Mounting plugin FacialAnimation
LogPluginManager: Mounting plugin GameplayTagsEditor
LogPluginManager: Mounting plugin OodleNetwork
LogPluginManager: Mounting plugin GeometryMode
LogPluginManager: Mounting plugin MacGraphicsSwitching
LogPluginManager: Mounting plugin MaterialAnalyzer
LogPluginManager: Mounting plugin MobileLauncherProfileWizard
LogPluginManager: Mounting plugin PluginBrowser
LogPluginManager: Mounting plugin AnimationSharing
LogPluginManager: Mounting plugin CLionSourceCodeAccess
LogPluginManager: Mounting plugin SpeedTreeImporter
LogPluginManager: Mounting plugin CodeLiteSourceCodeAccess
LogPluginManager: Mounting plugin KDevelopSourceCodeAccess
LogPluginManager: Mounting plugin GitSourceControl
LogPluginManager: Mounting plugin NullSourceCodeAccess
LogPluginManager: Mounting plugin PerforceSourceControl
LogPluginManager: Mounting plugin PixWinPlugin
LogPluginManager: Mounting plugin PlasticSourceControl
LogPluginManager: Mounting plugin PluginUtils
LogPluginManager: Mounting plugin PropertyAccessNode
LogPluginManager: Mounting plugin RiderSourceCodeAccess
LogPluginManager: Mounting plugin SubversionSourceControl
LogPluginManager: Mounting plugin TextureFormatOodle
LogPluginManager: Mounting plugin UObjectPlugin
LogPluginManager: Mounting plugin VisualStudioCodeSourceCodeAccess
LogPluginManager: Mounting plugin XCodeSourceCodeAccess
LogPluginManager: Mounting plugin VisualStudioSourceCodeAccess
LogPluginManager: Mounting plugin Niagara
LogPluginManager: Mounting plugin AlembicImporter
LogPluginManager: Mounting plugin AutomationUtils
LogPluginManager: Mounting plugin BackChannel
LogPluginManager: Mounting plugin ChaosCloth
LogPluginManager: Mounting plugin ChaosClothEditor
LogPluginManager: Mounting plugin DatasmithContent
LogPluginManager: Mounting plugin ChaosEditor
LogPluginManager: Mounting plugin ChaosNiagara
LogPluginManager: Mounting plugin ChaosSolverPlugin
LogPluginManager: Mounting plugin CharacterAI
LogPluginManager: Mounting plugin VariantManagerContent
LogPluginManager: Mounting plugin GeometryCache
LogPluginManager: Mounting plugin GeometryCollectionPlugin
LogPluginManager: Mounting plugin GeometryProcessing
LogPluginManager: Mounting plugin OpenImageDenoise
LogPluginManager: Mounting plugin MotoSynth
LogPluginManager: Mounting plugin PlanarCut
LogPluginManager: Mounting plugin PlatformCrypto
LogPluginManager: Mounting plugin ProxyLODPlugin
LogPluginManager: Mounting plugin PythonScriptPlugin
LogPluginManager: Mounting plugin LuminPlatformFeatures
LogPluginManager: Mounting plugin MagicLeap
LogPluginManager: Mounting plugin MagicLeapLightEstimation
LogPluginManager: Mounting plugin MagicLeapMedia
LogPluginManager: Mounting plugin MagicLeapPassableWorld
LogPluginManager: Mounting plugin SkeletalReduction
LogPluginManager: Mounting plugin MLSDK
LogPluginManager: Mounting plugin AndroidMedia
LogPluginManager: Mounting plugin AvfMedia
LogPluginManager: Mounting plugin ImgMedia
LogPluginManager: Mounting plugin MediaCompositing
LogPluginManager: Mounting plugin MediaPlayerEditor
LogPluginManager: Mounting plugin WebMMedia
LogPluginManager: Mounting plugin WmfMedia
LogPluginManager: Mounting plugin ActorSequence
LogPluginManager: Mounting plugin LevelSequenceEditor
LogPluginManager: Mounting plugin MatineeToLevelSequence
LogPluginManager: Mounting plugin TemplateSequence
LogPluginManager: Mounting plugin ActorLayerUtilities
LogPluginManager: Mounting plugin LauncherChunkInstaller
LogPluginManager: Mounting plugin AndroidDeviceProfileSelector
LogPluginManager: Mounting plugin AndroidMoviePlayer
LogPluginManager: Mounting plugin AndroidPermission
LogPluginManager: Mounting plugin AppleImageUtils
LogPluginManager: Mounting plugin AppleMoviePlayer
LogPluginManager: Mounting plugin ArchVisCharacter
LogPluginManager: Mounting plugin AudioCapture
LogPluginManager: Mounting plugin AssetTags
LogPluginManager: Mounting plugin AudioSynesthesia
LogPluginManager: Mounting plugin CableComponent
LogPluginManager: Mounting plugin ChunkDownloader
LogPluginManager: Mounting plugin CustomMeshComponent
LogPluginManager: Mounting plugin EditableMesh
LogPluginManager: Mounting plugin GoogleCloudMessaging
LogPluginManager: Mounting plugin ExampleDeviceProfileSelector
LogPluginManager: Mounting plugin GooglePAD
LogPluginManager: Mounting plugin IOSDeviceProfileSelector
LogPluginManager: Mounting plugin LinuxDeviceProfileSelector
LogPluginManager: Mounting plugin LocationServicesBPLibrary
LogPluginManager: Mounting plugin MobilePatchingUtils
LogPluginManager: Mounting plugin OpenXR
LogPluginManager: Mounting plugin OpenXREyeTracker
LogPluginManager: Mounting plugin OpenXRHandTracking
LogPluginManager: Mounting plugin PhysXVehicles
LogPluginManager: Mounting plugin PostSplashScreen
LogPluginManager: Mounting plugin PropertyAccessEditor
LogPluginManager: Mounting plugin RuntimePhysXCooking
LogPluginManager: Mounting plugin SignificanceManager
LogPluginManager: Mounting plugin SoundFields
LogPluginManager: Mounting plugin Synthesis
LogPluginManager: Mounting plugin WebMMoviePlayer
LogPluginManager: Mounting plugin WindowsMoviePlayer
LogPluginManager: Mounting plugin ProceduralMeshComponent
LogPluginManager: Mounting plugin Takes
LogPluginManager: Mounting plugin ScreenshotTools
LogPluginManager: Mounting plugin TcpMessaging
LogPluginManager: Mounting plugin UdpMessaging
LogPluginManager: Mounting plugin OnlineSubsystem
LogPluginManager: Mounting plugin OnlineSubsystemNull
LogPluginManager: Mounting plugin OnlineSubsystemUtils
LogPluginManager: Mounting plugin ContentBrowserAssetDataSource
LogPluginManager: Mounting plugin ContentBrowserClassDataSource
LogPluginManager: Mounting plugin ContentBrowserFileDataSource
LogPluginManager: Mounting plugin OnlineSubsystemGooglePlay
LogPluginManager: Mounting plugin OculusVR
LogPluginManager: Mounting plugin SteamVR
LogPluginManager: Mounting plugin OnlineSubsystemIOS
PixWinPlugin: PIX capture plugin failed to initialize! Check that the process is launched from PIX.
LogInit: Using libcurl 7.55.1-DEV
LogInit:  - built for x86_64-pc-win32
LogInit:  - supports SSL with OpenSSL/1.1.1
LogInit:  - supports HTTP deflate (compression) using libz 1.2.8
LogInit:  - other features:
LogInit:      CURL_VERSION_SSL
LogInit:      CURL_VERSION_LIBZ
LogInit:      CURL_VERSION_IPV6
LogInit:      CURL_VERSION_ASYNCHDNS
LogInit:      CURL_VERSION_LARGEFILE
LogInit:      CURL_VERSION_IDN
LogInit:  CurlRequestOptions (configurable via config and command line):
LogInit:  - bVerifyPeer = true  - Libcurl will verify peer certificate
LogInit:  - bUseHttpProxy = false  - Libcurl will NOT use HTTP proxy
LogInit:  - bDontReuseConnections = false  - Libcurl will reuse connections
LogInit:  - MaxHostConnections = 16  - Libcurl will limit the number of connections to a host
LogInit:  - LocalHostAddr = Default
LogInit:  - BufferSize = 65536
LogOnline: OSS: Creating online subsystem instance for: NULL
LogInit: WinSock: version 1.1 (2.2), MaxSocks=32767, MaxUdp=65467
LogOnline: OSS: TryLoadSubsystemAndSetDefault: Loaded subsystem for module [NULL]
LogOculusPluginWrapper: OculusPlugin initialized successfully
LogHMD: Failed initializing OVRPlugin 1.59.0
LogInit: Build: ++UE4+Release-4.27-CL-18319896
LogInit: Engine Version: 4.27.2-18319896+++UE4+Release-4.27
LogInit: Compatible Engine Version: 4.27.0-17155196+++UE4+Release-4.27
LogInit: Net CL: 17155196
LogInit: OS: Windows 10 (Release 2009) (), CPU: AMD Ryzen 5 5600H with Radeon Graphics         , GPU: AMD Radeon(TM) Graphics
LogInit: Compiled (64-bit): Nov 30 2021 07:12:08
LogInit: Compiled with Visual C++: 19.24.28315.00
LogInit: Build Configuration: Development
LogInit: Branch Name: ++UE4+Release-4.27
LogInit: Command Line:  -skipcompile
LogInit: Base Directory: E:/UE4/UE_4.27/Engine/Binaries/Win64/
LogInit: Allocator: TBB
LogInit: Installed Engine Build: 1
LogDevObjectVersion: Number of dev versions registered: 29
LogDevObjectVersion:   Dev-Blueprints (B0D832E4-1F89-4F0D-ACCF-7EB736FD4AA2): 10
LogDevObjectVersion:   Dev-Build (E1C64328-A22C-4D53-A36C-8E866417BD8C): 0
LogDevObjectVersion:   Dev-Core (375EC13C-06E4-48FB-B500-84F0262A717E): 4
LogDevObjectVersion:   Dev-Editor (E4B068ED-F494-42E9-A231-DA0B2E46BB41): 40
LogDevObjectVersion:   Dev-Framework (CFFC743F-43B0-4480-9391-14DF171D2073): 37
LogDevObjectVersion:   Dev-Mobile (B02B49B5-BB20-44E9-A304-32B752E40360): 3
LogDevObjectVersion:   Dev-Networking (A4E4105C-59A1-49B5-A7C5-40C4547EDFEE): 0
LogDevObjectVersion:   Dev-Online (39C831C9-5AE6-47DC-9A44-9C173E1C8E7C): 0
LogDevObjectVersion:   Dev-Physics (78F01B33-EBEA-4F98-B9B4-84EACCB95AA2): 14
LogDevObjectVersion:   Dev-Platform (6631380F-2D4D-43E0-8009-CF276956A95A): 0
LogDevObjectVersion:   Dev-Rendering (12F88B9F-8875-4AFC-A67C-D90C383ABD29): 45
LogDevObjectVersion:   Dev-Sequencer (7B5AE74C-D270-4C10-A958-57980B212A5A): 13
LogDevObjectVersion:   Dev-VR (D7296918-1DD6-4BDD-9DE2-64A83CC13884): 3
LogDevObjectVersion:   Dev-LoadTimes (C2A15278-BFE7-4AFE-6C17-90FF531DF755): 1
LogDevObjectVersion:   Private-Geometry (6EACA3D4-40EC-4CC1-B786-8BED09428FC5): 3
LogDevObjectVersion:   Dev-AnimPhys (29E575DD-E0A3-4627-9D10-D276232CDCEA): 17
LogDevObjectVersion:   Dev-Anim (AF43A65D-7FD3-4947-9873-3E8ED9C1BB05): 15
LogDevObjectVersion:   Dev-ReflectionCapture (6B266CEC-1EC7-4B8F-A30B-E4D90942FC07): 1
LogDevObjectVersion:   Dev-Automation (0DF73D61-A23F-47EA-B727-89E90C41499A): 1
LogDevObjectVersion:   FortniteMain (601D1886-AC64-4F84-AA16-D3DE0DEAC7D6): 47
LogDevObjectVersion:   FortniteRelease (E7086368-6B23-4C58-8439-1B7016265E91): 1
LogDevObjectVersion:   Dev-Enterprise (9DFFBCD6-494F-0158-E221-12823C92A888): 10
LogDevObjectVersion:   Dev-Niagara (F2AED0AC-9AFE-416F-8664-AA7FFA26D6FC): 1
LogDevObjectVersion:   Dev-Destruction (174F1F0B-B4C6-45A5-B13F-2EE8D0FB917D): 10
LogDevObjectVersion:   Dev-Physics-Ext (35F94A83-E258-406C-A318-09F59610247C): 41
LogDevObjectVersion:   Dev-PhysicsMaterial-Chaos (B68FC16E-8B1B-42E2-B453-215C058844FE): 1
LogDevObjectVersion:   Dev-CineCamera (B2E18506-4273-CFC2-A54E-F4BB758BBA07): 1
LogDevObjectVersion:   Dev-VirtualProduction (64F58936-FD1B-42BA-BA96-7289D5D0FA4E): 1
LogDevObjectVersion:   Dev-MediaFramework (6F0ED827-A609-4895-9C91-998D90180EA4): 2
LogInit: Presizing for max 25165824 objects, including 0 objects not considered by GC, pre-allocating 0 bytes for permanent pool.
LogConfig: Applying CVar settings from Section [/Script/Engine.StreamingSettings] File [E:/UE4/Projects/WargamingAcademy/Cyberpunk2022/Saved/Config/Windows/Engine.ini]
LogConfig: Setting CVar [[s.MinBulkDataSizeForAsyncLoading:131072]]
LogConfig: Setting CVar [[s.AsyncLoadingThreadEnabled:0]]
LogConfig: Setting CVar [[s.EventDrivenLoaderEnabled:1]]
LogConfig: Setting CVar [[s.WarnIfTimeLimitExceeded:0]]
LogConfig: Setting CVar [[s.TimeLimitExceededMultiplier:1.5]]
LogConfig: Setting CVar [[s.TimeLimitExceededMinTime:0.005]]
LogConfig: Setting CVar [[s.UseBackgroundLevelStreaming:1]]
LogConfig: Setting CVar [[s.PriorityAsyncLoadingExtraTime:15.0]]
LogConfig: Setting CVar [[s.LevelStreamingActorsUpdateTimeLimit:5.0]]
LogConfig: Setting CVar [[s.PriorityLevelStreamingActorsUpdateExtraTime:5.0]]
LogConfig: Setting CVar [[s.LevelStreamingComponentsRegistrationGranularity:10]]
LogConfig: Setting CVar [[s.UnregisterComponentsTimeLimit:1.0]]
LogConfig: Setting CVar [[s.LevelStreamingComponentsUnregistrationGranularity:5]]
LogConfig: Setting CVar [[s.FlushStreamingOnExit:1]]
LogInit: Object subsystem initialized
LogConfig: Setting CVar [[con.DebugEarlyDefault:1]]
LogConfig: Setting CVar [[r.setres:1280x720]]
[2022.03.23-13.17.59:004][  0]LogConfig: Setting CVar [[r.VSync:0]]
[2022.03.23-13.17.59:005][  0]LogConfig: Setting CVar [[r.RHICmdBypass:0]]
[2022.03.23-13.17.59:005][  0]LogConfig: Applying CVar settings from Section [/Script/Engine.RendererSettings] File [E:/UE4/Projects/WargamingAcademy/Cyberpunk2022/Saved/Config/Windows/Engine.ini]
[2022.03.23-13.17.59:005][  0]LogConfig: Setting CVar [[r.GPUCrashDebugging:0]]
[2022.03.23-13.17.59:005][  0]LogConfig: Setting CVar [[r.DefaultFeature.MotionBlur:0]]
[2022.03.23-13.17.59:005][  0]LogConfig: Applying CVar settings from Section [/Script/Engine.RendererOverrideSettings] File [E:/UE4/Projects/WargamingAcademy/Cyberpunk2022/Saved/Config/Windows/Engine.ini]
[2022.03.23-13.17.59:005][  0]LogConfig: Applying CVar settings from Section [/Script/Engine.StreamingSettings] File [E:/UE4/Projects/WargamingAcademy/Cyberpunk2022/Saved/Config/Windows/Engine.ini]
[2022.03.23-13.17.59:005][  0]LogConfig: Setting CVar [[s.MinBulkDataSizeForAsyncLoading:131072]]
[2022.03.23-13.17.59:005][  0]LogConfig: Setting CVar [[s.AsyncLoadingThreadEnabled:0]]
[2022.03.23-13.17.59:005][  0]LogConfig: Setting CVar [[s.EventDrivenLoaderEnabled:1]]
[2022.03.23-13.17.59:005][  0]LogConfig: Setting CVar [[s.WarnIfTimeLimitExceeded:0]]
[2022.03.23-13.17.59:005][  0]LogConfig: Setting CVar [[s.TimeLimitExceededMultiplier:1.5]]
[2022.03.23-13.17.59:005][  0]LogConfig: Setting CVar [[s.TimeLimitExceededMinTime:0.005]]
[2022.03.23-13.17.59:005][  0]LogConfig: Setting CVar [[s.UseBackgroundLevelStreaming:1]]
[2022.03.23-13.17.59:005][  0]LogConfig: Setting CVar [[s.PriorityAsyncLoadingExtraTime:15.0]]
[2022.03.23-13.17.59:005][  0]LogConfig: Setting CVar [[s.LevelStreamingActorsUpdateTimeLimit:5.0]]
[2022.03.23-13.17.59:005][  0]LogConfig: Setting CVar [[s.PriorityLevelStreamingActorsUpdateExtraTime:5.0]]
[2022.03.23-13.17.59:005][  0]LogConfig: Setting CVar [[s.LevelStreamingComponentsRegistrationGranularity:10]]
[2022.03.23-13.17.59:005][  0]LogConfig: Setting CVar [[s.UnregisterComponentsTimeLimit:1.0]]
[2022.03.23-13.17.59:005][  0]LogConfig: Setting CVar [[s.LevelStreamingComponentsUnregistrationGranularity:5]]
[2022.03.23-13.17.59:005][  0]LogConfig: Setting CVar [[s.FlushStreamingOnExit:1]]
[2022.03.23-13.17.59:005][  0]LogConfig: Applying CVar settings from Section [/Script/Engine.GarbageCollectionSettings] File [E:/UE4/Projects/WargamingAcademy/Cyberpunk2022/Saved/Config/Windows/Engine.ini]
[2022.03.23-13.17.59:005][  0]LogConfig: Setting CVar [[gc.MaxObjectsNotConsideredByGC:1]]
[2022.03.23-13.17.59:006][  0]LogConfig: Setting CVar [[gc.SizeOfPermanentObjectPool:0]]
[2022.03.23-13.17.59:006][  0]LogConfig: Setting CVar [[gc.FlushStreamingOnGC:0]]
[2022.03.23-13.17.59:006][  0]LogConfig: Setting CVar [[gc.NumRetriesBeforeForcingGC:10]]
[2022.03.23-13.17.59:006][  0]LogConfig: Setting CVar [[gc.AllowParallelGC:1]]
[2022.03.23-13.17.59:006][  0]LogConfig: Setting CVar [[gc.TimeBetweenPurgingPendingKillObjects:61.1]]
[2022.03.23-13.17.59:006][  0]LogConfig: Setting CVar [[gc.MaxObjectsInEditor:25165824]]
[2022.03.23-13.17.59:006][  0]LogConfig: Setting CVar [[gc.IncrementalBeginDestroyEnabled:1]]
[2022.03.23-13.17.59:006][  0]LogConfig: Setting CVar [[gc.CreateGCClusters:1]]
[2022.03.23-13.17.59:006][  0]LogConfig: Setting CVar [[gc.MinGCClusterSize:5]]
[2022.03.23-13.17.59:006][  0]LogConfig: Setting CVar [[gc.ActorClusteringEnabled:0]]
[2022.03.23-13.17.59:006][  0]LogConfig: Setting CVar [[gc.BlueprintClusteringEnabled:0]]
[2022.03.23-13.17.59:006][  0]LogConfig: Setting CVar [[gc.UseDisregardForGCOnDedicatedServers:0]]
[2022.03.23-13.17.59:006][  0]LogConfig: Setting CVar [[gc.MultithreadedDestructionEnabled:1]]
[2022.03.23-13.17.59:006][  0]LogConfig: Applying CVar settings from Section [/Script/Engine.NetworkSettings] File [E:/UE4/Projects/WargamingAcademy/Cyberpunk2022/Saved/Config/Windows/Engine.ini]
[2022.03.23-13.17.59:006][  0]LogConfig: Applying CVar settings from Section [/Script/UnrealEd.CookerSettings] File [E:/UE4/Projects/WargamingAcademy/Cyberpunk2022/Saved/Config/Windows/Engine.ini]
[2022.03.23-13.17.59:017][  0]LogConfig: Applying CVar settings from Section [ViewDistanceQuality@3] File [E:/UE4/Projects/WargamingAcademy/Cyberpunk2022/Saved/Config/Windows/Scalability.ini]
[2022.03.23-13.17.59:017][  0]LogConfig: Setting CVar [[r.SkeletalMeshLODBias:0]]
[2022.03.23-13.17.59:017][  0]LogConfig: Setting CVar [[r.ViewDistanceScale:1.0]]
[2022.03.23-13.17.59:017][  0]LogConfig: Applying CVar settings from Section [AntiAliasingQuality@3] File [E:/UE4/Projects/WargamingAcademy/Cyberpunk2022/Saved/Config/Windows/Scalability.ini]
[2022.03.23-13.17.59:018][  0]LogConfig: Setting CVar [[r.PostProcessAAQuality:4]]
[2022.03.23-13.17.59:018][  0]LogConfig: Applying CVar settings from Section [ShadowQuality@3] File [E:/UE4/Projects/WargamingAcademy/Cyberpunk2022/Saved/Config/Windows/Scalability.ini]
[2022.03.23-13.17.59:018][  0]LogConfig: Setting CVar [[r.LightFunctionQuality:1]]
[2022.03.23-13.17.59:018][  0]LogConfig: Setting CVar [[r.ShadowQuality:5]]
[2022.03.23-13.17.59:018][  0]LogConfig: Setting CVar [[r.Shadow.CSM.MaxCascades:10]]
[2022.03.23-13.17.59:018][  0]LogConfig: Setting CVar [[r.Shadow.MaxResolution:2048]]
[2022.03.23-13.17.59:018][  0]LogConfig: Setting CVar [[r.Shadow.MaxCSMResolution:2048]]
[2022.03.23-13.17.59:018][  0]LogConfig: Setting CVar [[r.Shadow.RadiusThreshold:0.01]]
[2022.03.23-13.17.59:018][  0]LogConfig: Setting CVar [[r.Shadow.DistanceScale:1.0]]
[2022.03.23-13.17.59:018][  0]LogConfig: Setting CVar [[r.Shadow.CSM.TransitionScale:1.0]]
[2022.03.23-13.17.59:018][  0]LogConfig: Setting CVar [[r.Shadow.PreShadowResolutionFactor:1.0]]
[2022.03.23-13.17.59:018][  0]LogConfig: Setting CVar [[r.DistanceFieldShadowing:1]]
[2022.03.23-13.17.59:018][  0]LogConfig: Setting CVar [[r.DistanceFieldAO:1]]
[2022.03.23-13.17.59:018][  0]LogConfig: Setting CVar [[r.AOQuality:2]]
[2022.03.23-13.17.59:018][  0]LogConfig: Setting CVar [[r.VolumetricFog:1]]
[2022.03.23-13.17.59:018][  0]LogConfig: Setting CVar [[r.VolumetricFog.GridPixelSize:8]]
[2022.03.23-13.17.59:018][  0]LogConfig: Setting CVar [[r.VolumetricFog.GridSizeZ:128]]
[2022.03.23-13.17.59:018][  0]LogConfig: Setting CVar [[r.VolumetricFog.HistoryMissSupersampleCount:4]]
[2022.03.23-13.17.59:018][  0]LogConfig: Setting CVar [[r.LightMaxDrawDistanceScale:1]]
[2022.03.23-13.17.59:018][  0]LogConfig: Setting CVar [[r.CapsuleShadows:1]]
[2022.03.23-13.17.59:018][  0]LogConfig: Applying CVar settings from Section [PostProcessQuality@3] File [E:/UE4/Projects/WargamingAcademy/Cyberpunk2022/Saved/Config/Windows/Scalability.ini]
[2022.03.23-13.17.59:019][  0]LogConfig: Setting CVar [[r.MotionBlurQuality:4]]
[2022.03.23-13.17.59:019][  0]LogConfig: Setting CVar [[r.AmbientOcclusionMipLevelFactor:0.4]]
[2022.03.23-13.17.59:019][  0]LogConfig: Setting CVar [[r.AmbientOcclusionMaxQuality:100]]
[2022.03.23-13.17.59:019][  0]LogConfig: Setting CVar [[r.AmbientOcclusionLevels:-1]]
[2022.03.23-13.17.59:019][  0]LogConfig: Setting CVar [[r.AmbientOcclusionRadiusScale:1.0]]
[2022.03.23-13.17.59:019][  0]LogConfig: Setting CVar [[r.DepthOfFieldQuality:2]]
[2022.03.23-13.17.59:019][  0]LogConfig: Setting CVar [[r.RenderTargetPoolMin:400]]
[2022.03.23-13.17.59:019][  0]LogConfig: Setting CVar [[r.LensFlareQuality:2]]
[2022.03.23-13.17.59:019][  0]LogConfig: Setting CVar [[r.SceneColorFringeQuality:1]]
[2022.03.23-13.17.59:019][  0]LogConfig: Setting CVar [[r.EyeAdaptationQuality:2]]
[2022.03.23-13.17.59:019][  0]LogConfig: Setting CVar [[r.BloomQuality:5]]
[2022.03.23-13.17.59:019][  0]LogConfig: Setting CVar [[r.FastBlurThreshold:100]]
[2022.03.23-13.17.59:019][  0]LogConfig: Setting CVar [[r.Upscale.Quality:3]]
[2022.03.23-13.17.59:019][  0]LogConfig: Setting CVar [[r.Tonemapper.GrainQuantization:1]]
[2022.03.23-13.17.59:019][  0]LogConfig: Setting CVar [[r.LightShaftQuality:1]]
[2022.03.23-13.17.59:019][  0]LogConfig: Setting CVar [[r.Filter.SizeScale:1]]
[2022.03.23-13.17.59:019][  0]LogConfig: Setting CVar [[r.Tonemapper.Quality:5]]
[2022.03.23-13.17.59:019][  0]LogConfig: Setting CVar [[r.DOF.Gather.AccumulatorQuality:1        ; higher gathering accumulator quality]]
[2022.03.23-13.17.59:019][  0]LogConfig: Setting CVar [[r.DOF.Gather.PostfilterMethod:1          ; Median3x3 postfilering method]]
[2022.03.23-13.17.59:019][  0]LogConfig: Setting CVar [[r.DOF.Gather.EnableBokehSettings:0       ; no bokeh simulation when gathering]]
[2022.03.23-13.17.59:019][  0]LogConfig: Setting CVar [[r.DOF.Gather.RingCount:4                 ; medium number of samples when gathering]]
[2022.03.23-13.17.59:019][  0]LogConfig: Setting CVar [[r.DOF.Scatter.ForegroundCompositing:1    ; additive foreground scattering]]
[2022.03.23-13.17.59:019][  0]LogConfig: Setting CVar [[r.DOF.Scatter.BackgroundCompositing:2    ; additive background scattering]]
[2022.03.23-13.17.59:020][  0]LogConfig: Setting CVar [[r.DOF.Scatter.EnableBokehSettings:1      ; bokeh simulation when scattering]]
[2022.03.23-13.17.59:020][  0]LogConfig: Setting CVar [[r.DOF.Scatter.MaxSpriteRatio:0.1         ; only a maximum of 10% of scattered bokeh]]
[2022.03.23-13.17.59:020][  0]LogConfig: Setting CVar [[r.DOF.Recombine.Quality:1                ; cheap slight out of focus]]
[2022.03.23-13.17.59:020][  0]LogConfig: Setting CVar [[r.DOF.Recombine.EnableBokehSettings:0    ; no bokeh simulation on slight out of focus]]
[2022.03.23-13.17.59:020][  0]LogConfig: Setting CVar [[r.DOF.TemporalAAQuality:1                ; more stable temporal accumulation]]
[2022.03.23-13.17.59:020][  0]LogConfig: Setting CVar [[r.DOF.Kernel.MaxForegroundRadius:0.025]]
[2022.03.23-13.17.59:020][  0]LogConfig: Setting CVar [[r.DOF.Kernel.MaxBackgroundRadius:0.025]]
[2022.03.23-13.17.59:020][  0]LogConfig: Applying CVar settings from Section [TextureQuality@3] File [E:/UE4/Projects/WargamingAcademy/Cyberpunk2022/Saved/Config/Windows/Scalability.ini]
[2022.03.23-13.17.59:020][  0]LogConfig: Setting CVar [[r.Streaming.MipBias:0]]
[2022.03.23-13.17.59:020][  0]LogConfig: Setting CVar [[r.Streaming.AmortizeCPUToGPUCopy:0]]
[2022.03.23-13.17.59:020][  0]LogConfig: Setting CVar [[r.Streaming.MaxNumTexturesToStreamPerFrame:0]]
[2022.03.23-13.17.59:020][  0]LogConfig: Setting CVar [[r.Streaming.Boost:1]]
[2022.03.23-13.17.59:020][  0]LogConfig: Setting CVar [[r.MaxAnisotropy:8]]
[2022.03.23-13.17.59:020][  0]LogConfig: Setting CVar [[r.VT.MaxAnisotropy:8]]
[2022.03.23-13.17.59:020][  0]LogConfig: Setting CVar [[r.Streaming.LimitPoolSizeToVRAM:0]]
[2022.03.23-13.17.59:020][  0]LogConfig: Setting CVar [[r.Streaming.PoolSize:1000]]
[2022.03.23-13.17.59:020][  0]LogConfig: Setting CVar [[r.Streaming.MaxEffectiveScreenSize:0]]
[2022.03.23-13.17.59:020][  0]LogConfig: Applying CVar settings from Section [EffectsQuality@3] File [E:/UE4/Projects/WargamingAcademy/Cyberpunk2022/Saved/Config/Windows/Scalability.ini]
[2022.03.23-13.17.59:020][  0]LogConfig: Setting CVar [[r.TranslucencyLightingVolumeDim:64]]
[2022.03.23-13.17.59:020][  0]LogConfig: Setting CVar [[r.RefractionQuality:2]]
[2022.03.23-13.17.59:020][  0]LogConfig: Setting CVar [[r.SSR.Quality:3]]
[2022.03.23-13.17.59:020][  0]LogConfig: Setting CVar [[r.SSR.HalfResSceneColor:0]]
[2022.03.23-13.17.59:020][  0]LogConfig: Setting CVar [[r.SceneColorFormat:4]]
[2022.03.23-13.17.59:020][  0]LogConfig: Setting CVar [[r.DetailMode:2]]
[2022.03.23-13.17.59:021][  0]LogConfig: Setting CVar [[r.TranslucencyVolumeBlur:1]]
[2022.03.23-13.17.59:021][  0]LogConfig: Setting CVar [[r.MaterialQualityLevel:1 ; High quality]]
[2022.03.23-13.17.59:021][  0]LogConfig: Setting CVar [[r.AnisotropicMaterials:1]]
[2022.03.23-13.17.59:021][  0]LogConfig: Setting CVar [[r.SSS.Scale:1]]
[2022.03.23-13.17.59:021][  0]LogConfig: Setting CVar [[r.SSS.SampleSet:2]]
[2022.03.23-13.17.59:021][  0]LogConfig: Setting CVar [[r.SSS.Quality:1]]
[2022.03.23-13.17.59:021][  0]LogConfig: Setting CVar [[r.SSS.HalfRes:0]]
[2022.03.23-13.17.59:021][  0]LogConfig: Setting CVar [[r.SSGI.Quality:3]]
[2022.03.23-13.17.59:021][  0]LogConfig: Setting CVar [[r.EmitterSpawnRateScale:1.0]]
[2022.03.23-13.17.59:021][  0]LogConfig: Setting CVar [[r.ParticleLightQuality:2]]
[2022.03.23-13.17.59:021][  0]LogConfig: Setting CVar [[r.SkyAtmosphere.AerialPerspectiveLUT.FastApplyOnOpaque:1 ; Always have FastSkyLUT 1 in this case to avoid wrong sky]]
[2022.03.23-13.17.59:021][  0]LogConfig: Setting CVar [[r.SkyAtmosphere.AerialPerspectiveLUT.SampleCountMaxPerSlice:4]]
[2022.03.23-13.17.59:021][  0]LogConfig: Setting CVar [[r.SkyAtmosphere.AerialPerspectiveLUT.DepthResolution:16.0]]
[2022.03.23-13.17.59:021][  0]LogConfig: Setting CVar [[r.SkyAtmosphere.FastSkyLUT:1]]
[2022.03.23-13.17.59:021][  0]LogConfig: Setting CVar [[r.SkyAtmosphere.FastSkyLUT.SampleCountMin:4.0]]
[2022.03.23-13.17.59:021][  0]LogConfig: Setting CVar [[r.SkyAtmosphere.FastSkyLUT.SampleCountMax:128.0]]
[2022.03.23-13.17.59:021][  0]LogConfig: Setting CVar [[r.SkyAtmosphere.SampleCountMin:4.0]]
[2022.03.23-13.17.59:021][  0]LogConfig: Setting CVar [[r.SkyAtmosphere.SampleCountMax:128.0]]
[2022.03.23-13.17.59:021][  0]LogConfig: Setting CVar [[r.SkyAtmosphere.TransmittanceLUT.UseSmallFormat:0]]
[2022.03.23-13.17.59:021][  0]LogConfig: Setting CVar [[r.SkyAtmosphere.TransmittanceLUT.SampleCount:10.0]]
[2022.03.23-13.17.59:021][  0]LogConfig: Setting CVar [[r.SkyAtmosphere.MultiScatteringLUT.SampleCount:15.0]]
[2022.03.23-13.17.59:021][  0]LogConfig: Setting CVar [[r.SkyLight.RealTimeReflectionCapture:1]]
[2022.03.23-13.17.59:021][  0]LogConfig: Applying CVar settings from Section [FoliageQuality@3] File [E:/UE4/Projects/WargamingAcademy/Cyberpunk2022/Saved/Config/Windows/Scalability.ini]
[2022.03.23-13.17.59:021][  0]LogConfig: Setting CVar [[foliage.DensityScale:1.0]]
[2022.03.23-13.17.59:021][  0]LogConfig: Setting CVar [[grass.DensityScale:1.0]]
[2022.03.23-13.17.59:021][  0]LogConfig: Applying CVar settings from Section [ShadingQuality@3] File [E:/UE4/Projects/WargamingAcademy/Cyberpunk2022/Saved/Config/Windows/Scalability.ini]
[2022.03.23-13.17.59:022][  0]LogConfig: Setting CVar [[r.HairStrands.SkyLighting.IntegrationType:2]]
[2022.03.23-13.17.59:022][  0]LogConfig: Setting CVar [[r.HairStrands.SkyAO.SampleCount:4]]
[2022.03.23-13.17.59:022][  0]LogConfig: Setting CVar [[r.HairStrands.Visibility.MSAA.SamplePerPixel:4]]
[2022.03.23-13.17.59:022][  0]LogInit: Selected Device Profile: [Windows]
[2022.03.23-13.17.59:022][  0]LogInit: Applying CVar settings loaded from the selected device profile: [Windows]
[2022.03.23-13.17.59:022][  0]LogHAL: Display: Platform has ~ 16 GB [16487870464 / 17179869184 / 16], which maps to Larger [LargestMinGB=32, LargerMinGB=12, DefaultMinGB=8, SmallerMinGB=6, SmallestMinGB=0)
[2022.03.23-13.17.59:022][  0]LogInit: Going up to parent DeviceProfile []
[2022.03.23-13.17.59:022][  0]LogConfig: Applying CVar settings from Section [ViewDistanceQuality@3] File [E:/UE4/Projects/WargamingAcademy/Cyberpunk2022/Saved/Config/Windows/Scalability.ini]
[2022.03.23-13.17.59:022][  0]LogConfig: Setting CVar [[r.SkeletalMeshLODBias:0]]
[2022.03.23-13.17.59:022][  0]LogConfig: Setting CVar [[r.ViewDistanceScale:1.0]]
[2022.03.23-13.17.59:022][  0]LogConfig: Applying CVar settings from Section [AntiAliasingQuality@3] File [E:/UE4/Projects/WargamingAcademy/Cyberpunk2022/Saved/Config/Windows/Scalability.ini]
[2022.03.23-13.17.59:022][  0]LogConfig: Setting CVar [[r.PostProcessAAQuality:4]]
[2022.03.23-13.17.59:022][  0]LogConfig: Applying CVar settings from Section [ShadowQuality@3] File [E:/UE4/Projects/WargamingAcademy/Cyberpunk2022/Saved/Config/Windows/Scalability.ini]
[2022.03.23-13.17.59:022][  0]LogConfig: Setting CVar [[r.LightFunctionQuality:1]]
[2022.03.23-13.17.59:022][  0]LogConfig: Setting CVar [[r.ShadowQuality:5]]
[2022.03.23-13.17.59:022][  0]LogConfig: Setting CVar [[r.Shadow.CSM.MaxCascades:10]]
[2022.03.23-13.17.59:022][  0]LogConfig: Setting CVar [[r.Shadow.MaxResolution:2048]]
[2022.03.23-13.17.59:022][  0]LogConfig: Setting CVar [[r.Shadow.MaxCSMResolution:2048]]
[2022.03.23-13.17.59:022][  0]LogConfig: Setting CVar [[r.Shadow.RadiusThreshold:0.01]]
[2022.03.23-13.17.59:022][  0]LogConfig: Setting CVar [[r.Shadow.DistanceScale:1.0]]
[2022.03.23-13.17.59:022][  0]LogConfig: Setting CVar [[r.Shadow.CSM.TransitionScale:1.0]]
[2022.03.23-13.17.59:022][  0]LogConfig: Setting CVar [[r.Shadow.PreShadowResolutionFactor:1.0]]
[2022.03.23-13.17.59:022][  0]LogConfig: Setting CVar [[r.DistanceFieldShadowing:1]]
[2022.03.23-13.17.59:022][  0]LogConfig: Setting CVar [[r.DistanceFieldAO:1]]
[2022.03.23-13.17.59:022][  0]LogConfig: Setting CVar [[r.AOQuality:2]]
[2022.03.23-13.17.59:023][  0]LogConfig: Setting CVar [[r.VolumetricFog:1]]
[2022.03.23-13.17.59:023][  0]LogConfig: Setting CVar [[r.VolumetricFog.GridPixelSize:8]]
[2022.03.23-13.17.59:023][  0]LogConfig: Setting CVar [[r.VolumetricFog.GridSizeZ:128]]
[2022.03.23-13.17.59:023][  0]LogConfig: Setting CVar [[r.VolumetricFog.HistoryMissSupersampleCount:4]]
[2022.03.23-13.17.59:023][  0]LogConfig: Setting CVar [[r.LightMaxDrawDistanceScale:1]]
[2022.03.23-13.17.59:023][  0]LogConfig: Setting CVar [[r.CapsuleShadows:1]]
[2022.03.23-13.17.59:023][  0]LogConfig: Applying CVar settings from Section [PostProcessQuality@3] File [E:/UE4/Projects/WargamingAcademy/Cyberpunk2022/Saved/Config/Windows/Scalability.ini]
[2022.03.23-13.17.59:023][  0]LogConfig: Setting CVar [[r.MotionBlurQuality:4]]
[2022.03.23-13.17.59:023][  0]LogConfig: Setting CVar [[r.AmbientOcclusionMipLevelFactor:0.4]]
[2022.03.23-13.17.59:023][  0]LogConfig: Setting CVar [[r.AmbientOcclusionMaxQuality:100]]
[2022.03.23-13.17.59:023][  0]LogConfig: Setting CVar [[r.AmbientOcclusionLevels:-1]]
[2022.03.23-13.17.59:023][  0]LogConfig: Setting CVar [[r.AmbientOcclusionRadiusScale:1.0]]
[2022.03.23-13.17.59:023][  0]LogConfig: Setting CVar [[r.DepthOfFieldQuality:2]]
[2022.03.23-13.17.59:023][  0]LogConfig: Setting CVar [[r.RenderTargetPoolMin:400]]
[2022.03.23-13.17.59:023][  0]LogConfig: Setting CVar [[r.LensFlareQuality:2]]
[2022.03.23-13.17.59:023][  0]LogConfig: Setting CVar [[r.SceneColorFringeQuality:1]]
[2022.03.23-13.17.59:023][  0]LogConfig: Setting CVar [[r.EyeAdaptationQuality:2]]
[2022.03.23-13.17.59:023][  0]LogConfig: Setting CVar [[r.BloomQuality:5]]
[2022.03.23-13.17.59:023][  0]LogConfig: Setting CVar [[r.FastBlurThreshold:100]]
[2022.03.23-13.17.59:023][  0]LogConfig: Setting CVar [[r.Upscale.Quality:3]]
[2022.03.23-13.17.59:023][  0]LogConfig: Setting CVar [[r.Tonemapper.GrainQuantization:1]]
[2022.03.23-13.17.59:023][  0]LogConfig: Setting CVar [[r.LightShaftQuality:1]]
[2022.03.23-13.17.59:024][  0]LogConfig: Setting CVar [[r.Filter.SizeScale:1]]
[2022.03.23-13.17.59:024][  0]LogConfig: Setting CVar [[r.Tonemapper.Quality:5]]
[2022.03.23-13.17.59:024][  0]LogConfig: Setting CVar [[r.DOF.Gather.AccumulatorQuality:1        ; higher gathering accumulator quality]]
[2022.03.23-13.17.59:024][  0]LogConfig: Setting CVar [[r.DOF.Gather.PostfilterMethod:1          ; Median3x3 postfilering method]]
[2022.03.23-13.17.59:024][  0]LogConfig: Setting CVar [[r.DOF.Gather.EnableBokehSettings:0       ; no bokeh simulation when gathering]]
[2022.03.23-13.17.59:024][  0]LogConfig: Setting CVar [[r.DOF.Gather.RingCount:4                 ; medium number of samples when gathering]]
[2022.03.23-13.17.59:024][  0]LogConfig: Setting CVar [[r.DOF.Scatter.ForegroundCompositing:1    ; additive foreground scattering]]
[2022.03.23-13.17.59:024][  0]LogConfig: Setting CVar [[r.DOF.Scatter.BackgroundCompositing:2    ; additive background scattering]]
[2022.03.23-13.17.59:024][  0]LogConfig: Setting CVar [[r.DOF.Scatter.EnableBokehSettings:1      ; bokeh simulation when scattering]]
[2022.03.23-13.17.59:024][  0]LogConfig: Setting CVar [[r.DOF.Scatter.MaxSpriteRatio:0.1         ; only a maximum of 10% of scattered bokeh]]
[2022.03.23-13.17.59:024][  0]LogConfig: Setting CVar [[r.DOF.Recombine.Quality:1                ; cheap slight out of focus]]
[2022.03.23-13.17.59:024][  0]LogConfig: Setting CVar [[r.DOF.Recombine.EnableBokehSettings:0    ; no bokeh simulation on slight out of focus]]
[2022.03.23-13.17.59:024][  0]LogConfig: Setting CVar [[r.DOF.TemporalAAQuality:1                ; more stable temporal accumulation]]
[2022.03.23-13.17.59:024][  0]LogConfig: Setting CVar [[r.DOF.Kernel.MaxForegroundRadius:0.025]]
[2022.03.23-13.17.59:024][  0]LogConfig: Setting CVar [[r.DOF.Kernel.MaxBackgroundRadius:0.025]]
[2022.03.23-13.17.59:024][  0]LogConfig: Applying CVar settings from Section [TextureQuality@3] File [E:/UE4/Projects/WargamingAcademy/Cyberpunk2022/Saved/Config/Windows/Scalability.ini]
[2022.03.23-13.17.59:024][  0]LogConfig: Setting CVar [[r.Streaming.MipBias:0]]
[2022.03.23-13.17.59:024][  0]LogConfig: Setting CVar [[r.Streaming.AmortizeCPUToGPUCopy:0]]
[2022.03.23-13.17.59:024][  0]LogConfig: Setting CVar [[r.Streaming.MaxNumTexturesToStreamPerFrame:0]]
[2022.03.23-13.17.59:024][  0]LogConfig: Setting CVar [[r.Streaming.Boost:1]]
[2022.03.23-13.17.59:024][  0]LogConfig: Setting CVar [[r.MaxAnisotropy:8]]
[2022.03.23-13.17.59:024][  0]LogConfig: Setting CVar [[r.VT.MaxAnisotropy:8]]
[2022.03.23-13.17.59:025][  0]LogConfig: Setting CVar [[r.Streaming.LimitPoolSizeToVRAM:0]]
[2022.03.23-13.17.59:025][  0]LogConfig: Setting CVar [[r.Streaming.PoolSize:1000]]
[2022.03.23-13.17.59:025][  0]LogConfig: Setting CVar [[r.Streaming.MaxEffectiveScreenSize:0]]
[2022.03.23-13.17.59:025][  0]LogConfig: Applying CVar settings from Section [EffectsQuality@3] File [E:/UE4/Projects/WargamingAcademy/Cyberpunk2022/Saved/Config/Windows/Scalability.ini]
[2022.03.23-13.17.59:025][  0]LogConfig: Setting CVar [[r.TranslucencyLightingVolumeDim:64]]
[2022.03.23-13.17.59:025][  0]LogConfig: Setting CVar [[r.RefractionQuality:2]]
[2022.03.23-13.17.59:025][  0]LogConfig: Setting CVar [[r.SSR.Quality:3]]
[2022.03.23-13.17.59:025][  0]LogConfig: Setting CVar [[r.SSR.HalfResSceneColor:0]]
[2022.03.23-13.17.59:025][  0]LogConfig: Setting CVar [[r.SceneColorFormat:4]]
[2022.03.23-13.17.59:025][  0]LogConfig: Setting CVar [[r.DetailMode:2]]
[2022.03.23-13.17.59:025][  0]LogConfig: Setting CVar [[r.TranslucencyVolumeBlur:1]]
[2022.03.23-13.17.59:025][  0]LogConfig: Setting CVar [[r.MaterialQualityLevel:1 ; High quality]]
[2022.03.23-13.17.59:025][  0]LogConfig: Setting CVar [[r.AnisotropicMaterials:1]]
[2022.03.23-13.17.59:025][  0]LogConfig: Setting CVar [[r.SSS.Scale:1]]
[2022.03.23-13.17.59:025][  0]LogConfig: Setting CVar [[r.SSS.SampleSet:2]]
[2022.03.23-13.17.59:025][  0]LogConfig: Setting CVar [[r.SSS.Quality:1]]
[2022.03.23-13.17.59:025][  0]LogConfig: Setting CVar [[r.SSS.HalfRes:0]]
[2022.03.23-13.17.59:025][  0]LogConfig: Setting CVar [[r.SSGI.Quality:3]]
[2022.03.23-13.17.59:025][  0]LogConfig: Setting CVar [[r.EmitterSpawnRateScale:1.0]]
[2022.03.23-13.17.59:025][  0]LogConfig: Setting CVar [[r.ParticleLightQuality:2]]
[2022.03.23-13.17.59:025][  0]LogConfig: Setting CVar [[r.SkyAtmosphere.AerialPerspectiveLUT.FastApplyOnOpaque:1 ; Always have FastSkyLUT 1 in this case to avoid wrong sky]]
[2022.03.23-13.17.59:025][  0]LogConfig: Setting CVar [[r.SkyAtmosphere.AerialPerspectiveLUT.SampleCountMaxPerSlice:4]]
[2022.03.23-13.17.59:025][  0]LogConfig: Setting CVar [[r.SkyAtmosphere.AerialPerspectiveLUT.DepthResolution:16.0]]
[2022.03.23-13.17.59:025][  0]LogConfig: Setting CVar [[r.SkyAtmosphere.FastSkyLUT:1]]
[2022.03.23-13.17.59:025][  0]LogConfig: Setting CVar [[r.SkyAtmosphere.FastSkyLUT.SampleCountMin:4.0]]
[2022.03.23-13.17.59:026][  0]LogConfig: Setting CVar [[r.SkyAtmosphere.FastSkyLUT.SampleCountMax:128.0]]
[2022.03.23-13.17.59:026][  0]LogConfig: Setting CVar [[r.SkyAtmosphere.SampleCountMin:4.0]]
[2022.03.23-13.17.59:026][  0]LogConfig: Setting CVar [[r.SkyAtmosphere.SampleCountMax:128.0]]
[2022.03.23-13.17.59:026][  0]LogConfig: Setting CVar [[r.SkyAtmosphere.TransmittanceLUT.UseSmallFormat:0]]
[2022.03.23-13.17.59:026][  0]LogConfig: Setting CVar [[r.SkyAtmosphere.TransmittanceLUT.SampleCount:10.0]]
[2022.03.23-13.17.59:026][  0]LogConfig: Setting CVar [[r.SkyAtmosphere.MultiScatteringLUT.SampleCount:15.0]]
[2022.03.23-13.17.59:026][  0]LogConfig: Setting CVar [[r.SkyLight.RealTimeReflectionCapture:1]]
[2022.03.23-13.17.59:026][  0]LogConfig: Applying CVar settings from Section [FoliageQuality@3] File [E:/UE4/Projects/WargamingAcademy/Cyberpunk2022/Saved/Config/Windows/Scalability.ini]
[2022.03.23-13.17.59:026][  0]LogConfig: Setting CVar [[foliage.DensityScale:1.0]]
[2022.03.23-13.17.59:026][  0]LogConfig: Setting CVar [[grass.DensityScale:1.0]]
[2022.03.23-13.17.59:026][  0]LogConfig: Applying CVar settings from Section [ShadingQuality@3] File [E:/UE4/Projects/WargamingAcademy/Cyberpunk2022/Saved/Config/Windows/Scalability.ini]
[2022.03.23-13.17.59:026][  0]LogConfig: Setting CVar [[r.HairStrands.SkyLighting.IntegrationType:2]]
[2022.03.23-13.17.59:026][  0]LogConfig: Setting CVar [[r.HairStrands.SkyAO.SampleCount:4]]
[2022.03.23-13.17.59:026][  0]LogConfig: Setting CVar [[r.HairStrands.Visibility.MSAA.SamplePerPixel:4]]
[2022.03.23-13.17.59:026][  0]LogConfig: Applying CVar settings from Section [Startup] File [../../../Engine/Config/ConsoleVariables.ini]
[2022.03.23-13.17.59:026][  0]LogConfig: Setting CVar [[net.UseAdaptiveNetUpdateFrequency:0]]
[2022.03.23-13.17.59:026][  0]LogConfig: Setting CVar [[p.chaos.AllowCreatePhysxBodies:1]]
[2022.03.23-13.17.59:026][  0]LogConfig: Setting CVar [[fx.SkipVectorVMBackendOptimizations:1]]
[2022.03.23-13.17.59:027][  0]LogConfig: Applying CVar settings from Section [ConsoleVariables] File [E:/UE4/Projects/WargamingAcademy/Cyberpunk2022/Saved/Config/Windows/Engine.ini]
[2022.03.23-13.17.59:027][  0]LogConfig: Applying CVar settings from Section [ConsoleVariables] File [E:/UE4/Projects/WargamingAcademy/Cyberpunk2022/Saved/Config/Windows/Editor.ini]
[2022.03.23-13.17.59:027][  0]LogInit: Computer: DESKTOP-P6OQVGL
[2022.03.23-13.17.59:027][  0]LogInit: User: Artem
[2022.03.23-13.17.59:027][  0]LogInit: CPU Page size=4096, Cores=6
[2022.03.23-13.17.59:027][  0]LogInit: High frequency timer resolution =10.000000 MHz
[2022.03.23-13.17.59:027][  0]LogMemory: Memory total: Physical=15.4GB (16GB approx)
[2022.03.23-13.17.59:027][  0]LogMemory: Platform Memory Stats for Windows
[2022.03.23-13.17.59:027][  0]LogMemory: Process Physical Memory: 145.93 MB used, 145.94 MB peak
[2022.03.23-13.17.59:027][  0]LogMemory: Process Virtual Memory: 125.80 MB used, 125.80 MB peak
[2022.03.23-13.17.59:027][  0]LogMemory: Physical Memory: 12228.24 MB used,  3495.82 MB free, 15724.06 MB total
[2022.03.23-13.17.59:027][  0]LogMemory: Virtual Memory: 134208872.00 MB used,  8853.69 MB free, 134217728.00 MB total
[2022.03.23-13.17.59:036][  0]LogWindows: WindowsPlatformFeatures enabled
[2022.03.23-13.17.59:145][  0]LogInit: Physics initialised using underlying interface: PhysX
[2022.03.23-13.17.59:148][  0]LogInit: Using OS detected language (en-US).
[2022.03.23-13.17.59:148][  0]LogInit: Using OS detected locale (en-US).
[2022.03.23-13.17.59:150][  0]LogTextLocalizationManager: No specific localization for 'en-US' exists, so the 'en' localization will be used.
[2022.03.23-13.17.59:349][  0]LogInit: Setting process to per monitor DPI aware
[2022.03.23-13.17.59:371][  0]LogWindowsTextInputMethodSystem: Display: IME system deactivated.
[2022.03.23-13.17.59:388][  0]LogSlate: New Slate User Created.  User Index 0, Is Virtual User: 0
[2022.03.23-13.17.59:388][  0]LogSlate: Slate User Registered.  User Index 0, Is Virtual User: 0
[2022.03.23-13.17.59:687][  0]LogD3D11RHI: Loaded GFSDK_Aftermath_Lib.x64.dll
[2022.03.23-13.17.59:706][  0]LogHMD: Failed to initialize OpenVR with code 110
[2022.03.23-13.17.59:706][  0]LogD3D11RHI: D3D11 min allowed feature level: 11_0
[2022.03.23-13.17.59:706][  0]LogD3D11RHI: D3D11 max allowed feature level: 11_0
[2022.03.23-13.17.59:706][  0]LogD3D11RHI: D3D11 adapters:
[2022.03.23-13.17.59:803][  0]LogD3D11RHI:    0. 'NVIDIA GeForce RTX 3060 Laptop GPU' (Feature Level 11_0)
[2022.03.23-13.17.59:803][  0]LogD3D11RHI:       6023/0/7862 MB DedicatedVideo/DedicatedSystem/SharedSystem, Outputs:2, VendorId:0x10de
[2022.03.23-13.17.59:853][  0]LogD3D11RHI:    1. 'AMD Radeon(TM) Graphics' (Feature Level 11_0)
[2022.03.23-13.17.59:853][  0]LogD3D11RHI:       496/0/7862 MB DedicatedVideo/DedicatedSystem/SharedSystem, Outputs:0, VendorId:0x1002
[2022.03.23-13.17.59:857][  0]LogD3D11RHI:    2. 'Microsoft Basic Render Driver' (Feature Level 11_0)
[2022.03.23-13.17.59:857][  0]LogD3D11RHI:       0/0/7862 MB DedicatedVideo/DedicatedSystem/SharedSystem, Outputs:0, VendorId:0x1414
[2022.03.23-13.17.59:857][  0]LogD3D11RHI: Chosen D3D11 Adapter:
[2022.03.23-13.17.59:857][  0]LogD3D11RHI:     Description : NVIDIA GeForce RTX 3060 Laptop GPU
[2022.03.23-13.17.59:857][  0]LogD3D11RHI:     VendorId    : 10de
[2022.03.23-13.17.59:857][  0]LogD3D11RHI:     DeviceId    : 2520
[2022.03.23-13.17.59:858][  0]LogD3D11RHI:     SubSysId    : 151f1025
[2022.03.23-13.17.59:858][  0]LogD3D11RHI:     Revision    : 00a1
[2022.03.23-13.17.59:858][  0]LogD3D11RHI:     DedicatedVideoMemory : 6315573248 bytes
[2022.03.23-13.17.59:858][  0]LogD3D11RHI:     DedicatedSystemMemory : 0 bytes
[2022.03.23-13.17.59:858][  0]LogD3D11RHI:     SharedSystemMemory : 8243935232 bytes
[2022.03.23-13.17.59:858][  0]LogD3D11RHI:     AdapterLuid : 0 59384
[2022.03.23-13.17.59:864][  0]LogD3D11RHI: Creating new Direct3DDevice
[2022.03.23-13.17.59:864][  0]LogD3D11RHI:     GPU DeviceId: 0x2520 (for the marketing name, search the web for "GPU Device Id")
[2022.03.23-13.17.59:864][  0]LogWindows: EnumDisplayDevices:
[2022.03.23-13.17.59:864][  0]LogWindows:    0. 'AMD Radeon(TM) Graphics' (P:1 D:1)
[2022.03.23-13.17.59:865][  0]LogWindows:    1. 'AMD Radeon(TM) Graphics' (P:0 D:0)
[2022.03.23-13.17.59:865][  0]LogWindows:    2. 'AMD Radeon(TM) Graphics' (P:0 D:0)
[2022.03.23-13.17.59:865][  0]LogWindows:    3. 'NVIDIA GeForce RTX 3060 Laptop GPU' (P:0 D:1)
[2022.03.23-13.17.59:865][  0]LogWindows: DebugString: PrimaryIsNotTheChoosenAdapter PrimaryIsNotTheChoosenAdapter PrimaryIsNotTheChoosenAdapter 
[2022.03.23-13.17.59:865][  0]LogD3D11RHI:     Adapter Name: NVIDIA GeForce RTX 3060 Laptop GPU
[2022.03.23-13.17.59:866][  0]LogD3D11RHI:   Driver Version: 497.09 (internal:30.0.14.9709, unified:497.09)
[2022.03.23-13.17.59:866][  0]LogD3D11RHI:      Driver Date: 11-26-2021
[2022.03.23-13.17.59:866][  0]LogRHI: Texture pool is 4216 MB (70% of 6023 MB)
[2022.03.23-13.17.59:866][  0]LogD3D11RHI: Creating D3DDevice using adapter:
[2022.03.23-13.17.59:866][  0]LogD3D11RHI:     Description : NVIDIA GeForce RTX 3060 Laptop GPU
[2022.03.23-13.17.59:866][  0]LogD3D11RHI:     VendorId    : 10de
[2022.03.23-13.17.59:866][  0]LogD3D11RHI:     DeviceId    : 2520
[2022.03.23-13.17.59:866][  0]LogD3D11RHI:     SubSysId    : 151f1025
[2022.03.23-13.17.59:866][  0]LogD3D11RHI:     Revision    : 00a1
[2022.03.23-13.17.59:866][  0]LogD3D11RHI:     DedicatedVideoMemory : 6315573248 bytes
[2022.03.23-13.17.59:866][  0]LogD3D11RHI:     DedicatedSystemMemory : 0 bytes
[2022.03.23-13.17.59:866][  0]LogD3D11RHI:     SharedSystemMemory : 8243935232 bytes
[2022.03.23-13.17.59:866][  0]LogD3D11RHI:     AdapterLuid : 0 59384
[2022.03.23-13.17.59:926][  0]LogD3D11RHI: RHI has support for 64 bit atomics
[2022.03.23-13.17.59:926][  0]LogD3D11RHI: Async texture creation enabled
[2022.03.23-13.17.59:926][  0]LogD3D11RHI: Array index from any shader is supported
[2022.03.23-13.17.59:955][  0]LogD3D11RHI: GPU Timing Frequency: 1000.000000 (Debug: 2 2)
[2022.03.23-13.17.59:978][  0]LogRHI: GeForceNow SDK initialized: 1
[2022.03.23-13.18.00:215][  0]LogTargetPlatformManager: Display: Loaded TargetPlatform 'AllDesktop'
[2022.03.23-13.18.00:233][  0]LogTargetPlatformManager: Display: Loaded TargetPlatform 'Android'
[2022.03.23-13.18.00:233][  0]LogTargetPlatformManager: Display: Loaded TargetPlatform 'Android_ASTC'
[2022.03.23-13.18.00:233][  0]LogTargetPlatformManager: Display: Loaded TargetPlatform 'Android_DXT'
[2022.03.23-13.18.00:233][  0]LogTargetPlatformManager: Display: Loaded TargetPlatform 'Android_ETC2'
[2022.03.23-13.18.00:233][  0]LogTargetPlatformManager: Display: Loaded TargetPlatform 'AndroidClient'
[2022.03.23-13.18.00:233][  0]LogTargetPlatformManager: Display: Loaded TargetPlatform 'Android_ASTCClient'
[2022.03.23-13.18.00:233][  0]LogTargetPlatformManager: Display: Loaded TargetPlatform 'Android_DXTClient'
[2022.03.23-13.18.00:233][  0]LogTargetPlatformManager: Display: Loaded TargetPlatform 'Android_ETC2Client'
[2022.03.23-13.18.00:233][  0]LogTargetPlatformManager: Display: Loaded TargetPlatform 'Android_Multi'
[2022.03.23-13.18.00:233][  0]LogTargetPlatformManager: Display: Loaded TargetPlatform 'Android_MultiClient'
[2022.03.23-13.18.00:251][  0]LogTargetPlatformManager: Display: Loaded TargetPlatform 'IOSClient'
[2022.03.23-13.18.00:251][  0]LogTargetPlatformManager: Display: Loaded TargetPlatform 'IOS'
[2022.03.23-13.18.00:259][  0]LogTargetPlatformManager: Display: Loaded TargetPlatform 'Linux'
[2022.03.23-13.18.00:264][  0]LogTargetPlatformManager: Display: Loaded TargetPlatform 'LinuxNoEditor'
[2022.03.23-13.18.00:268][  0]LogTargetPlatformManager: Display: Loaded TargetPlatform 'LinuxClient'
[2022.03.23-13.18.00:273][  0]LogTargetPlatformManager: Display: Loaded TargetPlatform 'LinuxServer'
[2022.03.23-13.18.00:283][  0]LogTargetPlatformManager: Display: Loaded TargetPlatform 'LinuxAArch64NoEditor'
[2022.03.23-13.18.00:288][  0]LogTargetPlatformManager: Display: Loaded TargetPlatform 'LinuxAArch64Client'
[2022.03.23-13.18.00:293][  0]LogTargetPlatformManager: Display: Loaded TargetPlatform 'LinuxAArch64Server'
[2022.03.23-13.18.00:311][  0]LogTargetPlatformManager: Display: Loaded TargetPlatform 'Lumin'
[2022.03.23-13.18.00:311][  0]LogTargetPlatformManager: Display: Loaded TargetPlatform 'LuminClient'
[2022.03.23-13.18.00:319][  0]LogTargetPlatformManager: Display: Loaded TargetPlatform 'MacNoEditor'
[2022.03.23-13.18.00:324][  0]LogTargetPlatformManager: Display: Loaded TargetPlatform 'Mac'
[2022.03.23-13.18.00:329][  0]LogTargetPlatformManager: Display: Loaded TargetPlatform 'MacClient'
[2022.03.23-13.18.00:334][  0]LogTargetPlatformManager: Display: Loaded TargetPlatform 'MacServer'
[2022.03.23-13.18.00:344][  0]LogTargetPlatformManager: Display: Loaded TargetPlatform 'TVOSClient'
[2022.03.23-13.18.00:344][  0]LogTargetPlatformManager: Display: Loaded TargetPlatform 'TVOS'
[2022.03.23-13.18.00:352][  0]LogTargetPlatformManager: Display: Loaded TargetPlatform 'WindowsNoEditor'
[2022.03.23-13.18.00:357][  0]LogTargetPlatformManager: Display: Loaded TargetPlatform 'Windows'
[2022.03.23-13.18.00:361][  0]LogTargetPlatformManager: Display: Loaded TargetPlatform 'WindowsClient'
[2022.03.23-13.18.00:366][  0]LogTargetPlatformManager: Display: Loaded TargetPlatform 'WindowsServer'
[2022.03.23-13.18.00:366][  0]LogTargetPlatformManager: Display: Building Assets For Windows
[2022.03.23-13.18.00:375][  0]LogAudioDebug: Display: Lib vorbis DLL was dynamically loaded.
[2022.03.23-13.18.00:405][  0]LogTextureFormatOodle: Display: Oodle Texture 2.9.0 init RDO Off
[2022.03.23-13.18.00:444][  0]LogRendererCore: Ray tracing is disabled. Reason: r.RayTracing=0.
[2022.03.23-13.18.00:445][  0]LogShaderCompilers: Guid format shader working directory is -6 characters bigger than the processId version (../../../../Projects/WargamingAcademy/Cyberpunk2022/Intermediate/Shaders/WorkingDirectory/15692/).
[2022.03.23-13.18.00:445][  0]LogShaderCompilers: Cleaned the shader compiler working directory 'C:/Users/Artem/AppData/Local/Temp/UnrealShaderWorkingDir/917E32A94C0D2FB15A25E0A307E9B69F/'.
[2022.03.23-13.18.00:445][  0]LogXGEController: Cannot use XGE Controller as Incredibuild is not installed on this machine.
[2022.03.23-13.18.00:445][  0]LogShaderCompilers: Cannot use XGE Shader Compiler as Incredibuild is not installed on this machine.
[2022.03.23-13.18.00:445][  0]LogShaderCompilers: Display: Using Local Shader Compiler.
[2022.03.23-13.18.01:045][  0]LogDerivedDataCache: Display: Max Cache Size: 512 MB
[2022.03.23-13.18.01:095][  0]LogDerivedDataCache: Loaded boot cache 0.05s 103MB C:/Users/Artem/AppData/Local/UnrealEngine/4.27/DerivedDataCache/Boot.ddc.
[2022.03.23-13.18.01:095][  0]LogDerivedDataCache: Display: Loaded Boot cache: C:/Users/Artem/AppData/Local/UnrealEngine/4.27/DerivedDataCache/Boot.ddc
[2022.03.23-13.18.01:096][  0]LogDerivedDataCache: FDerivedDataBackendGraph:  Pak pak cache file ../../../../Projects/WargamingAcademy/Cyberpunk2022/DerivedDataCache/DDC.ddp not found, will not use a pak cache.
[2022.03.23-13.18.01:096][  0]LogDerivedDataCache: Unable to find inner node Pak for hierarchical cache Hierarchy.
[2022.03.23-13.18.01:096][  0]LogDerivedDataCache: FDerivedDataBackendGraph:  CompressedPak pak cache file ../../../../Projects/WargamingAcademy/Cyberpunk2022/DerivedDataCache/Compressed.ddp not found, will not use a pak cache.
[2022.03.23-13.18.01:096][  0]LogDerivedDataCache: Unable to find inner node CompressedPak for hierarchical cache Hierarchy.
[2022.03.23-13.18.01:112][  0]LogDerivedDataCache: Display: Pak cache opened for reading ../../../Engine/DerivedDataCache/Compressed.ddp.
[2022.03.23-13.18.01:112][  0]LogDerivedDataCache: FDerivedDataBackendGraph:  EnterprisePak pak cache file ../../../Enterprise/DerivedDataCache/Compressed.ddp not found, will not use a pak cache.
[2022.03.23-13.18.01:112][  0]LogDerivedDataCache: Unable to find inner node EnterprisePak for hierarchical cache Hierarchy.
[2022.03.23-13.18.01:118][  0]LogDerivedDataCache: Speed tests for C:/Users/Artem/AppData/Local/UnrealEngine/Common/DerivedDataCache took 0.01 seconds
[2022.03.23-13.18.01:118][  0]LogDerivedDataCache: Display: Performance to C:/Users/Artem/AppData/Local/UnrealEngine/Common/DerivedDataCache: Latency=0.03ms. RandomReadSpeed=1645.76MBs, RandomWriteSpeed=182.83MBs. Assigned SpeedClass 'Local'
[2022.03.23-13.18.01:120][  0]LogDerivedDataCache: Using Local data cache path C:/Users/Artem/AppData/Local/UnrealEngine/Common/DerivedDataCache: Writable
[2022.03.23-13.18.01:120][  0]LogDerivedDataCache: Shared data cache path not found in *engine.ini, will not use an Shared cache.
[2022.03.23-13.18.01:120][  0]LogDerivedDataCache: Unable to find inner node Shared for hierarchical cache Hierarchy.
[2022.03.23-13.18.01:160][  0]LogSlate: Using FreeType 2.10.0
[2022.03.23-13.18.01:161][  0]LogSlate: SlateFontServices - WITH_FREETYPE: 1, WITH_HARFBUZZ: 1
[2022.03.23-13.18.01:181][  0]LogAssetRegistry: FAssetRegistry took 0.0035 seconds to start up
[2022.03.23-13.18.01:387][  0]LogInit: Selected Device Profile: [Windows]
[2022.03.23-13.18.01:387][  0]LogInit: Active device profile: [000001983A8D4D00][000001983AE48500 49] Windows
[2022.03.23-13.18.01:387][  0]LogInit: Profiles: [000001983A8D4D00][000001983AE48500 49] Windows, [000001983A89A300][000001983B332640 49] WindowsNoEditor, [000001983A8D5C00][000001983AE34780 49] WindowsServer, [000001983A89B100][000001983B3568C0 49] WindowsClient, [000001983A8D6900][0000019837CB4A40 49] IOS, [000001983A899A00][0000019837CB8BC0 49] iPadAir, [000001983A8D7E00][0000019837CBCD40 49] iPadAir2, [000001983A811100][0000019837CC5000 49] IPadPro, [000001983A811200][0000019837CC1040 49] iPadAir3, [000001983A898C00][000001983AF531C0 49] iPadAir4, [000001983A811E00][000001983B0ED340 49] iPadMini2, [000001983A89B300][000001983AF574C0 49] iPadMini3, [000001983A813900][000001983B6DB640 49] iPadMini4, [000001983A899000][000001983B6E37C0 49] iPadMini5, [000001983A820900][000001983B6EBA80 49] iPhone6, [000001983A820A00][000001983B6E7AC0 49] iPodTouch6, [000001983A8D6E00][000001983B824200 49] iPhone7, [000001983A8D6F00][000001983B6EE240 49] iPodTouch7, [000001983A813E00][000001983B8343C0 49] iPhone5S, [000001983A8D5100][000001983B89E540 49] iPhone6Plus, [000001983A820100][000001983B8C06C0 49] iPhone6S, [000001983A810300][000001983B35A800 49] iPhone6SPlus, [000001983A822800][000001983B8C4940 49] iPhone7Plus, [000001983A812300][000001983B8C8A80 49] iPhoneSE, [000001983A822600][000001983B8D6BC0 49] iPhone8, [000001983A811000][000001983BAA6D40 49] iPhone8Plus, [000001983A823100][000001983BAE0EC0 49] iPhoneX, [000001983A8D5500][000001983BB01040 49] iPhoneXS, [000001983A822B00][000001983BC8D1C0 49] iPhoneXSMax, [000001983A8D4700][000001983BCCD340 49] iPhoneXR, [000001983A820700][000001983BCD14C0 49] iPhone11, [000001983A8D4E00][000001983BCE5640 49] iPhone11Pro, [000001983A821A00][000001983BCE97C0 49] iPhone11ProMax, [000001983A8D7800][000001983BCED940 49] iPhoneSE2, [000001983A823800][000001983BCF1AC0 49] iPhone12Mini, [000001983A8D6300][000001983AFA20C0 49] iPhone12, [000001983A822300][000001983AFA6240 49] iPhone12Pro, [000001983A8D4500][000001983AFB03C0 49] iPhone12ProMax, [000001983A821500][000001983AFE8540 49] iPadPro105, [000001983A8D4A00][000001983AFEC6C0 49] iPadPro129, [000001983A823D00][000001983B336840 49] iPadPro97, [000001983A8D5200][000001983BAA2980 49] iPadPro2_129, [000001983A822A00][000001983B344AC0 49] iPad5, [000001983A8D5D00][000001983B086C00 49] iPad6, [000001983A821300][000001983B096D40 49] iPad7, [000001983A8D7A00][000001983B0B8EC0 49] iPad8, [000001983A820300][000001983B0BD040 49] iPadPro11, [000001983A8D4100][000001983BDF91C0 49] iPadPro2_11, [000001983A821600][000001983BDFD340 49] iPadPro3_129, [000001983A8D7300][000001983BE014C0 49] iPadPro4_129, [000001983A821000][000001983BE05640 49] AppleTV, [000001983A8D5B00][000001983BE097C0 49] AppleTV4K, [000001983A823200][000001983BE0D940 49] TVOS, [000001983A8D7B00][000001982CB97AC0 49] Mac, [000001983A823700][000001982CB9A0C0 49] MacClient, [000001983A8D7F00][000001982CBA2240 49] MacNoEditor, [000001983A823000][000001982CBA63C0 49] MacServer, [000001983A8D6C00][000001982CBAA540 49] Linux, [000001983A821D00][0000019837C7A6C0 49] LinuxAArch64, [000001983A8D6A00][0000019837C7E840 49] LinuxNoEditor, [000001983A823900][000001983B6DE9C0 49] LinuxAArch64NoEditor, [000001983A8D7100][000001982CB9EB40 49] LinuxClient, [000001983A822F00][000001983B0B4C80 49] LinuxAArch64Client, [000001983A8D7200][0000019837C82DC0 49] LinuxServer, [000001983A823F00][0000019837C86F00 49] LinuxAArch64Server, [000001983A8D4200][0000019837CA7080 49] Android, [000001983A820500][0000019837CAB200 49] Android_Low, [000001983A8D6200][0000019837CAF380 49] Android_Mid, [000001983A823B00][000001983BC65500 49] Android_High, [000001983A8D6000][000001983BC69680 49] Android_Default, [000001983A823300][000001983BC6D800 49] Android_Adreno4xx, [000001983A8D7700][000001983BC71980 49] Android_Adreno5xx_Low, [000001983A820B00][000001983BC75B00 49] Android_Adreno5xx, [000001983A8D6600][000001983BC78100 49] Android_Adreno6xx, [000001983A898500][000001983BC7C280 49] Android_Adreno6xx_Vulkan, [000001983A811300][000001983B8BC400 49] Android_Mali_T6xx, [000001983A89BD00][000001983B8B8580 49] Android_Mali_T7xx, [000001983A813300][000001983B8AA700 49] Android_Mali_T8xx, [000001983A89AE00][000001983BC88880 49] Android_Mali_G71, [000001983A812800][000001983B902A00 49] Android_Mali_G72, [000001983A899400][000001983AE38B80 49] Android_Mali_G72_Vulkan, [000001983A811500][000001983B8A6D00 49] Android_Mali_G76, [000001983A89BA00][0000019837CA2E40 49] Android_Mali_G76_Vulkan, [000001983A812C00][000001983B8A2F80 49] Android_Mali_G77, [000001983A89B600][000001983B8530C0 49] Android_Mali_G77_Vulkan, [000001983A811700][000001983AF5B240 49] Android_Mali_G78, [000001983A89A200][0000019837CC93C0 49] Android_Mali_G78_Vulkan, [000001983A810B00][000001983AE3D540 49] Android_Mali_G710, [000001983A898300][000001983BC816C0 49] Android_Mali_G710_Vulkan, [000001983A810200][000001983BC85840 49] Android_Vulkan_SM5, [000001983A898800][000001983B3139C0 49] Android_PowerVR_G6xxx, [000001983A812500][000001983B317B40 49] Android_PowerVR_GT7xxx, [000001983A898E00][000001983B31A140 49] Android_PowerVR_GE8xxx, [000001983A811400][000001983B31E2C0 49] Android_PowerVR_GM9xxx, [000001983A89B400][000001983B322440 49] Android_PowerVR_GM9xxx_Vulkan, [000001983A810600][000001983B3265C0 49] Android_TegraK1, [000001983A899E00][000001983B32A740 49] Android_Unknown_Vulkan, [000001983A812100][000001983B32E8C0 49] Lumin, [000001983A899100][000001983AF1AA40 49] Lumin_Desktop, [000001983A813400][000001983AF1EBC0 49] HoloLens, 
[2022.03.23-13.18.01:495][  0]LogMeshReduction: Using QuadricMeshReduction for automatic static mesh reduction
[2022.03.23-13.18.01:495][  0]LogMeshReduction: Using SimplygonMeshReduction for automatic skeletal mesh reduction
[2022.03.23-13.18.01:495][  0]LogMeshReduction: Using ProxyLODMeshReduction for automatic mesh merging
[2022.03.23-13.18.01:495][  0]LogMeshReduction: No distributed automatic mesh merging module available
[2022.03.23-13.18.01:495][  0]LogMeshMerging: No distributed automatic mesh merging module available
[2022.03.23-13.18.01:508][  0]LogNetVersion: Cyberpunk2022 1.0.0, NetCL: 17155196, EngineNetVer: 17, GameNetVer: 0 (Checksum: 1028016206)
[2022.03.23-13.18.01:788][  0]LogTexture: Default maximum texture size for cubemaps generated from long-lat sources has been changed from 512 to unlimited. In order to preserve old behaiour for '/Engine/MapTemplates/Sky/DaylightAmbientCubemap.DaylightAmbientCubemap', its maximum texture size has been explicitly set to 512.
[2022.03.23-13.18.01:835][  0]LogHMD: PokeAHoleMaterial loaded successfully
[2022.03.23-13.18.01:839][  0]LogUObjectArray: 17178 objects as part of root set at end of initial load.
[2022.03.23-13.18.01:839][  0]LogUObjectAllocator: 4302048 out of 0 bytes used by permanent object pool.
[2022.03.23-13.18.01:839][  0]LogUObjectArray: CloseDisregardForGC: 0/0 objects in disregard for GC pool
[2022.03.23-13.18.02:100][  0]LogNiagaraDebuggerClient: Niagara Debugger Client Initialized | Session: DB3DB2ED4A35F3102FC1758661948B75 | Instance: 57184F4B4ADB85EEB16319A0F21C64AE (DESKTOP-P6OQVGL-15692).
[2022.03.23-13.18.02:134][  0]LogPython: Using Python 3.7.7
[2022.03.23-13.18.02:682][  0]LogTcpMessaging: Initializing TcpMessaging bridge
[2022.03.23-13.18.02:687][  0]LogUdpMessaging: Initializing bridge on interface 0.0.0.0:0 to multicast group 230.0.0.1:6666.
[2022.03.23-13.18.03:089][  0]SourceControl: Source control is disabled
[2022.03.23-13.18.03:089][  0]SourceControl: Source control is disabled
[2022.03.23-13.18.03:093][  0]SourceControl: Source control is disabled
[2022.03.23-13.18.03:096][  0]SourceControl: Source control is disabled
[2022.03.23-13.18.03:103][  0]SourceControl: Source control is disabled
[2022.03.23-13.18.03:110][  0]LogUProjectInfo: Found projects:
[2022.03.23-13.18.03:253][  0]LogOpenImageDenoise: OIDN starting up
[2022.03.23-13.18.03:307][  0]LogAndroidPermission: UAndroidPermissionCallbackProxy::GetInstance
[2022.03.23-13.18.03:326][  0]LogAudioCaptureCore: Display: No Audio Capture implementations found. Audio input will be silent.
[2022.03.23-13.18.03:326][  0]LogAudioCaptureCore: Display: No Audio Capture implementations found. Audio input will be silent.
[2022.03.23-13.18.03:441][  0]LogCollectionManager: Loaded 0 collections in 0.000545 seconds
[2022.03.23-13.18.03:468][  0]LogFileCache: Scanning file cache for directory 'E:/UE4/Projects/WargamingAcademy/Cyberpunk2022/Saved/Collections/' took 0.00s
[2022.03.23-13.18.03:468][  0]LogFileCache: Scanning file cache for directory 'E:/UE4/Projects/WargamingAcademy/Cyberpunk2022/Content/Developers/Artem/Collections/' took 0.00s
[2022.03.23-13.18.03:468][  0]LogFileCache: Scanning file cache for directory 'E:/UE4/Projects/WargamingAcademy/Cyberpunk2022/Content/Collections/' took 0.00s
[2022.03.23-13.18.03:468][  0]LogOcInput: OculusInput pre-init called
[2022.03.23-13.18.03:652][  0]LogClass: Warning: ObjectProperty FUDecalStruct::Material is not initialized properly. Module:Cyberpunk2022 File:DecalStruct.h
[2022.03.23-13.18.03:652][  0]LogClass: Warning: ObjectProperty FULootStruct::_dropItem is not initialized properly. Module:Cyberpunk2022 File:LootStruct.h
[2022.03.23-13.18.03:653][  0]LogClass: Display: FloatProperty FULootStruct::_dropChance is not initialized properly. Module:Cyberpunk2022 File:LootStruct.h
[2022.03.23-13.18.03:653][  0]LogClass: Display: 3 Uninitialized script struct members found including 2 object properties
[2022.03.23-13.18.03:654][  0]LogAutomationTest: Warning: ObjectProperty FUDecalStruct::Material is not initialized properly. Module:Cyberpunk2022 File:DecalStruct.h
[2022.03.23-13.18.03:654][  0]LogAutomationTest: Warning: ObjectProperty FULootStruct::_dropItem is not initialized properly. Module:Cyberpunk2022 File:LootStruct.h
[2022.03.23-13.18.03:654][  0]LogEngine: Initializing Engine...
[2022.03.23-13.18.03:658][  0]LogHMD: Failed to enumerate extensions. Please check that you have a valid OpenXR runtime installed.
[2022.03.23-13.18.03:658][  0]LogHMD: Failed to initialize OpenVR with code 110
[2022.03.23-13.18.03:658][  0]LogMagicLeap: Warning: VR disabled because ZI is not enabled.  To enable, in the editor, Edit -> Project Settings -> Plugins -> Magic Leap Plugin -> Enable Zero Iteration
[2022.03.23-13.18.03:659][  0]LogStats: UGameplayTagsManager::InitializeManager -  0.000 s
[2022.03.23-13.18.03:754][  0]LogInit: Initializing FReadOnlyCVARCache
[2022.03.23-13.18.03:762][  0]LogAIModule: Creating AISystem for world Untitled
[2022.03.23-13.18.03:773][  0]LogAudio: Display: Initializing Audio Device Manager...
[2022.03.23-13.18.03:777][  0]LogAudio: Display: Loading Default Audio Settings Objects...
[2022.03.23-13.18.03:777][  0]LogAudio: Display: No default SoundConcurrencyObject specified (or failed to load).
[2022.03.23-13.18.03:778][  0]LogAudio: Display: Audio Device Manager Initialized
[2022.03.23-13.18.03:778][  0]LogAudio: Display: Creating Audio Device:                 Id: 1, Scope: Shared, Realtime: True
[2022.03.23-13.18.03:778][  0]LogAudioMixer: Display: Audio Mixer Platform Settings:
[2022.03.23-13.18.03:778][  0]LogAudioMixer: Display: 	Sample Rate:						  48000
[2022.03.23-13.18.03:778][  0]LogAudioMixer: Display: 	Callback Buffer Frame Size Requested: 1024
[2022.03.23-13.18.03:778][  0]LogAudioMixer: Display: 	Callback Buffer Frame Size To Use:	  1024
[2022.03.23-13.18.03:778][  0]LogAudioMixer: Display: 	Number of buffers to queue:			  2
[2022.03.23-13.18.03:778][  0]LogAudioMixer: Display: 	Max Channels (voices):				  32
[2022.03.23-13.18.03:778][  0]LogAudioMixer: Display: 	Number of Async Source Workers:		  0
[2022.03.23-13.18.03:778][  0]LogAudio: Display: AudioDevice MaxSources: 32
[2022.03.23-13.18.03:778][  0]LogAudio: Display: Audio Spatialization Plugin: None (built-in).
[2022.03.23-13.18.03:778][  0]LogAudio: Display: Audio Reverb Plugin: None (built-in).
[2022.03.23-13.18.03:778][  0]LogAudio: Display: Audio Occlusion Plugin: None (built-in).
[2022.03.23-13.18.03:778][  0]LogAudioMixer: Display: Initializing audio mixer.
[2022.03.23-13.18.03:789][  0]LogAudioMixer: Display: 0: FrontLeft
[2022.03.23-13.18.03:789][  0]LogAudioMixer: Display: 1: FrontRight
[2022.03.23-13.18.03:867][  0]LogAudioMixer: Display: Using Audio Device Headphones (Realtek(R) Audio)
[2022.03.23-13.18.03:869][  0]LogAudioMixer: Display: Initializing Sound Submixes...
[2022.03.23-13.18.03:870][  0]LogAudioMixer: Display: Creating Master Submix 'MasterSubmixDefault'
[2022.03.23-13.18.03:871][  0]LogAudioMixer: Display: Creating Master Submix 'MasterReverbSubmixDefault'
[2022.03.23-13.18.03:871][  0]LogAudioMixer: Display: Creating Master Submix 'MasterEQSubmixDefault'
[2022.03.23-13.18.03:871][  0]LogAudioMixer: FMixerPlatformXAudio2::StartAudioStream() called
[2022.03.23-13.18.03:871][  0]LogAudioMixer: Display: Output buffers initialized: Frames=1024, Channels=2, Samples=2048
[2022.03.23-13.18.03:873][  0]LogAudioMixer: Display: Starting AudioMixerPlatformInterface::RunInternal()
[2022.03.23-13.18.03:873][  0]LogAudioMixer: Display: FMixerPlatformXAudio2::SubmitBuffer() called for the first time
[2022.03.23-13.18.03:873][  0]LogInit: FAudioDevice initialized.
[2022.03.23-13.18.03:873][  0]LogAudio: Display: Audio Device (ID: 1) registered with world 'Untitled'.
[2022.03.23-13.18.03:873][  0]LogNetVersion: Set ProjectVersion to 1.0.0.0. Version Checksum will be recalculated on next use.
[2022.03.23-13.18.03:929][  0]LogDerivedDataCache: Saved boot cache 0.05s 103MB C:/Users/Artem/AppData/Local/UnrealEngine/4.27/DerivedDataCache/Boot.ddc.
[2022.03.23-13.18.03:929][  0]LogInit: Texture streaming: Enabled
[2022.03.23-13.18.03:943][  0]LogAnalytics: Display: [UEEditor.Rocket.Release] APIServer = https://datarouter.ol.epicgames.com/. AppVersion = 4.27.2-18319896+++UE4+Release-4.27
[2022.03.23-13.18.03:947][  0]LogEngineSessionManager: EngineSessionManager initialized
[2022.03.23-13.18.03:947][  0]LogEditorSessionSummary: Verbose: Initializing EditorSessionSummaryWriter for editor session tracking
[2022.03.23-13.18.03:949][  0]LogEditorSessionSummary: EditorSessionSummaryWriter initialized
[2022.03.23-13.18.03:968][  0]LogInit: Transaction tracking system initialized
[2022.03.23-13.18.03:990][  0]BlueprintLog: New page: Editor Load
[2022.03.23-13.18.04:052][  0]LocalizationService: Localization service is disabled
[2022.03.23-13.18.04:078][  0]TimingProfiler: Initialize
[2022.03.23-13.18.04:078][  0]TimingProfiler: OnSessionChanged
[2022.03.23-13.18.04:078][  0]LoadingProfiler: Initialize
[2022.03.23-13.18.04:078][  0]LoadingProfiler: OnSessionChanged
[2022.03.23-13.18.04:078][  0]NetworkingProfiler: Initialize
[2022.03.23-13.18.04:078][  0]NetworkingProfiler: OnSessionChanged
[2022.03.23-13.18.04:078][  0]MemoryProfiler: Initialize
[2022.03.23-13.18.04:079][  0]MemoryProfiler: OnSessionChanged
[2022.03.23-13.18.04:197][  0]LogCook: Display: CookSettings for Memory: MemoryMaxUsedVirtual 0MiB, MemoryMaxUsedPhysical 16384MiB, MemoryMinFreeVirtual 0MiB, MemoryMinFreePhysical 1024MiB
[2022.03.23-13.18.04:197][  0]LogCook: Display: Mobile HDR setting 1
[2022.03.23-13.18.04:391][  0]LogFileCache: Scanning file cache for directory 'E:/UE4/Projects/WargamingAcademy/Cyberpunk2022/Content/' took 0.01s
[2022.03.23-13.18.04:523][  0]LogInit: Display: Engine is initialized. Leaving FEngineLoop::Init()
[2022.03.23-13.18.04:525][  0]SourceControl: Source control is disabled
[2022.03.23-13.18.04:525][  0]LogUnrealEdMisc: Loading editor; pre map load, took 6.805
[2022.03.23-13.18.04:525][  0]Cmd: MAP LOAD FILE="../../../../Projects/WargamingAcademy/Cyberpunk2022/Content/FirstPersonCPP/Maps/bloking_new.umap" TEMPLATE=0 SHOWPROGRESS=1 FEATURELEVEL=3
[2022.03.23-13.18.04:525][  0]LightingResults: New page: Lighting Build
[2022.03.23-13.18.04:526][  0]LogWorld: UWorld::CleanupWorld for Untitled, bSessionEnded=true, bCleanupResources=true
[2022.03.23-13.18.04:526][  0]LogSlate: InvalidateAllWidgets triggered.  All widgets were invalidated
[2022.03.23-13.18.04:526][  0]MapCheck: New page: Map Check
[2022.03.23-13.18.04:526][  0]LightingResults: New page: Lighting Build
[2022.03.23-13.18.04:530][  0]LogAudio: Display: Audio Device unregistered from world 'None'.
[2022.03.23-13.18.04:534][  0]LogUObjectHash: Compacting FUObjectHashTables data took   0.85ms
[2022.03.23-13.18.05:518][  0]LogAudio: Display: Audio Device (ID: 1) registered with world 'bloking_new'.
[2022.03.23-13.18.05:519][  0]LogAIModule: Creating AISystem for world bloking_new
[2022.03.23-13.18.05:571][  0]LogEditorServer: Finished looking for orphan Actors (0.000 secs)
[2022.03.23-13.18.05:616][  0]LogUObjectHash: Compacting FUObjectHashTables data took   1.16ms
[2022.03.23-13.18.05:617][  0]Cmd: MAP CHECKDEP NOCLEARLOG
[2022.03.23-13.18.05:617][  0]MapCheck: Map check complete: 0 Error(s), 0 Warning(s), took 0.242ms to complete.
[2022.03.23-13.18.05:617][  0]LogFileHelpers: Loading map 'bloking_new' took 1.092
[2022.03.23-13.18.05:619][  0]LogUnrealEdMisc: Total Editor Startup Time, took 7.899
[2022.03.23-13.18.05:722][  0]LogSlate: Updating window title bar state: overlay mode, drag disabled, window buttons hidden, title bar hidden
[2022.03.23-13.18.05:728][  0]LogSlate: Updating window title bar state: overlay mode, drag disabled, window buttons hidden, title bar hidden
[2022.03.23-13.18.05:733][  0]LogSlate: Updating window title bar state: overlay mode, drag disabled, window buttons hidden, title bar hidden
[2022.03.23-13.18.05:738][  0]LogSlate: Updating window title bar state: overlay mode, drag disabled, window buttons hidden, title bar hidden
[2022.03.23-13.18.05:751][  0]LogNativeClassHierarchy: Verbose: Native class hierarchy populated in 0.0090 seconds. Added 3833 classes and 930 folders.
[2022.03.23-13.18.05:753][  0]LogNativeClassHierarchy: Verbose: Native class hierarchy updated for 'WidgetCarousel' in 0.0003 seconds. Added 0 classes and 0 folders.
[2022.03.23-13.18.05:754][  0]LogPakFile: PakFile PrimaryIndexSize=187
[2022.03.23-13.18.05:754][  0]LogPakFile: PakFile PathHashIndexSize=101
[2022.03.23-13.18.05:754][  0]LogPakFile: PakFile FullDirectoryIndexSize=148
[2022.03.23-13.18.05:754][  0]LogShaderLibrary: Display: ShaderCodeLibraryPakFileMountedCallback: PakFile 'E:/UE4/UE_4.27/FeaturePacks/FP_FirstPerson.upack' (chunk index -1, root 'root:/') mounted
[2022.03.23-13.18.05:754][  0]LogShaderLibrary: Display: ShaderCodeLibraryPakFileMountedCallback: pending pak file info (ChunkID:-1 Root:root:/ File:E:/UE4/UE_4.27/FeaturePacks/FP_FirstPerson.upack)
[2022.03.23-13.18.05:754][  0]LogPakFile: OnPakFileMounted2Time == 0.000109
[2022.03.23-13.18.05:755][  0]LogPakFile: PakFile PrimaryIndexSize=189
[2022.03.23-13.18.05:755][  0]LogPakFile: PakFile PathHashIndexSize=101
[2022.03.23-13.18.05:755][  0]LogPakFile: PakFile FullDirectoryIndexSize=152
[2022.03.23-13.18.05:755][  0]LogShaderLibrary: Display: ShaderCodeLibraryPakFileMountedCallback: PakFile 'E:/UE4/UE_4.27/FeaturePacks/FP_FirstPersonBP.upack' (chunk index -1, root 'root:/') mounted
[2022.03.23-13.18.05:755][  0]LogShaderLibrary: Display: ShaderCodeLibraryPakFileMountedCallback: pending pak file info (ChunkID:-1 Root:root:/ File:E:/UE4/UE_4.27/FeaturePacks/FP_FirstPersonBP.upack)
[2022.03.23-13.18.05:755][  0]LogPakFile: OnPakFileMounted2Time == 0.000083
[2022.03.23-13.18.05:756][  0]LogPakFile: PakFile PrimaryIndexSize=191
[2022.03.23-13.18.05:756][  0]LogPakFile: PakFile PathHashIndexSize=101
[2022.03.23-13.18.05:756][  0]LogPakFile: PakFile FullDirectoryIndexSize=160
[2022.03.23-13.18.05:756][  0]LogShaderLibrary: Display: ShaderCodeLibraryPakFileMountedCallback: PakFile 'E:/UE4/UE_4.27/FeaturePacks/MobileStarterContent.upack' (chunk index -1, root 'root:/') mounted
[2022.03.23-13.18.05:756][  0]LogShaderLibrary: Display: ShaderCodeLibraryPakFileMountedCallback: pending pak file info (ChunkID:-1 Root:root:/ File:E:/UE4/UE_4.27/FeaturePacks/MobileStarterContent.upack)
[2022.03.23-13.18.05:756][  0]LogPakFile: OnPakFileMounted2Time == 0.000114
[2022.03.23-13.18.05:756][  0]LogPakFile: PakFile PrimaryIndexSize=185
[2022.03.23-13.18.05:756][  0]LogPakFile: PakFile PathHashIndexSize=101
[2022.03.23-13.18.05:756][  0]LogPakFile: PakFile FullDirectoryIndexSize=148
[2022.03.23-13.18.05:756][  0]LogShaderLibrary: Display: ShaderCodeLibraryPakFileMountedCallback: PakFile 'E:/UE4/UE_4.27/FeaturePacks/StarterContent.upack' (chunk index -1, root 'root:/') mounted
[2022.03.23-13.18.05:756][  0]LogShaderLibrary: Display: ShaderCodeLibraryPakFileMountedCallback: pending pak file info (ChunkID:-1 Root:root:/ File:E:/UE4/UE_4.27/FeaturePacks/StarterContent.upack)
[2022.03.23-13.18.05:757][  0]LogPakFile: OnPakFileMounted2Time == 0.000105
[2022.03.23-13.18.05:757][  0]LogPakFile: PakFile PrimaryIndexSize=190
[2022.03.23-13.18.05:757][  0]LogPakFile: PakFile PathHashIndexSize=101
[2022.03.23-13.18.05:757][  0]LogPakFile: PakFile FullDirectoryIndexSize=154
[2022.03.23-13.18.05:757][  0]LogShaderLibrary: Display: ShaderCodeLibraryPakFileMountedCallback: PakFile 'E:/UE4/UE_4.27/FeaturePacks/TP_2DSideScroller.upack' (chunk index -1, root 'root:/') mounted
[2022.03.23-13.18.05:757][  0]LogShaderLibrary: Display: ShaderCodeLibraryPakFileMountedCallback: pending pak file info (ChunkID:-1 Root:root:/ File:E:/UE4/UE_4.27/FeaturePacks/TP_2DSideScroller.upack)
[2022.03.23-13.18.05:757][  0]LogPakFile: OnPakFileMounted2Time == 0.000078
[2022.03.23-13.18.05:757][  0]LogPakFile: PakFile PrimaryIndexSize=192
[2022.03.23-13.18.05:757][  0]LogPakFile: PakFile PathHashIndexSize=101
[2022.03.23-13.18.05:758][  0]LogPakFile: PakFile FullDirectoryIndexSize=158
[2022.03.23-13.18.05:758][  0]LogShaderLibrary: Display: ShaderCodeLibraryPakFileMountedCallback: PakFile 'E:/UE4/UE_4.27/FeaturePacks/TP_2DSideScrollerBP.upack' (chunk index -1, root 'root:/') mounted
[2022.03.23-13.18.05:758][  0]LogShaderLibrary: Display: ShaderCodeLibraryPakFileMountedCallback: pending pak file info (ChunkID:-1 Root:root:/ File:E:/UE4/UE_4.27/FeaturePacks/TP_2DSideScrollerBP.upack)
[2022.03.23-13.18.05:758][  0]LogPakFile: OnPakFileMounted2Time == 0.000075
[2022.03.23-13.18.05:758][  0]LogPakFile: PakFile PrimaryIndexSize=182
[2022.03.23-13.18.05:758][  0]LogPakFile: PakFile PathHashIndexSize=101
[2022.03.23-13.18.05:758][  0]LogPakFile: PakFile FullDirectoryIndexSize=138
[2022.03.23-13.18.05:758][  0]LogShaderLibrary: Display: ShaderCodeLibraryPakFileMountedCallback: PakFile 'E:/UE4/UE_4.27/FeaturePacks/TP_Flying.upack' (chunk index -1, root 'root:/') mounted
[2022.03.23-13.18.05:758][  0]LogShaderLibrary: Display: ShaderCodeLibraryPakFileMountedCallback: pending pak file info (ChunkID:-1 Root:root:/ File:E:/UE4/UE_4.27/FeaturePacks/TP_Flying.upack)
[2022.03.23-13.18.05:758][  0]LogPakFile: OnPakFileMounted2Time == 0.000077
[2022.03.23-13.18.05:759][  0]LogPakFile: PakFile PrimaryIndexSize=184
[2022.03.23-13.18.05:759][  0]LogPakFile: PakFile PathHashIndexSize=101
[2022.03.23-13.18.05:759][  0]LogPakFile: PakFile FullDirectoryIndexSize=142
[2022.03.23-13.18.05:759][  0]LogShaderLibrary: Display: ShaderCodeLibraryPakFileMountedCallback: PakFile 'E:/UE4/UE_4.27/FeaturePacks/TP_FlyingBP.upack' (chunk index -1, root 'root:/') mounted
[2022.03.23-13.18.05:759][  0]LogShaderLibrary: Display: ShaderCodeLibraryPakFileMountedCallback: pending pak file info (ChunkID:-1 Root:root:/ File:E:/UE4/UE_4.27/FeaturePacks/TP_FlyingBP.upack)
[2022.03.23-13.18.05:759][  0]LogPakFile: OnPakFileMounted2Time == 0.000076
[2022.03.23-13.18.05:759][  0]LogPakFile: PakFile PrimaryIndexSize=188
[2022.03.23-13.18.05:759][  0]LogPakFile: PakFile PathHashIndexSize=101
[2022.03.23-13.18.05:759][  0]LogPakFile: PakFile FullDirectoryIndexSize=150
[2022.03.23-13.18.05:759][  0]LogShaderLibrary: Display: ShaderCodeLibraryPakFileMountedCallback: PakFile 'E:/UE4/UE_4.27/FeaturePacks/TP_HandheldARBP.upack' (chunk index -1, root 'root:/') mounted
[2022.03.23-13.18.05:759][  0]LogShaderLibrary: Display: ShaderCodeLibraryPakFileMountedCallback: pending pak file info (ChunkID:-1 Root:root:/ File:E:/UE4/UE_4.27/FeaturePacks/TP_HandheldARBP.upack)
[2022.03.23-13.18.05:759][  0]LogPakFile: OnPakFileMounted2Time == 0.000080
[2022.03.23-13.18.05:760][  0]LogPakFile: PakFile PrimaryIndexSize=182
[2022.03.23-13.18.05:760][  0]LogPakFile: PakFile PathHashIndexSize=101
[2022.03.23-13.18.05:760][  0]LogPakFile: PakFile FullDirectoryIndexSize=138
[2022.03.23-13.18.05:760][  0]LogShaderLibrary: Display: ShaderCodeLibraryPakFileMountedCallback: PakFile 'E:/UE4/UE_4.27/FeaturePacks/TP_Puzzle.upack' (chunk index -1, root 'root:/') mounted
[2022.03.23-13.18.05:760][  0]LogShaderLibrary: Display: ShaderCodeLibraryPakFileMountedCallback: pending pak file info (ChunkID:-1 Root:root:/ File:E:/UE4/UE_4.27/FeaturePacks/TP_Puzzle.upack)
[2022.03.23-13.18.05:760][  0]LogPakFile: OnPakFileMounted2Time == 0.000103
[2022.03.23-13.18.05:760][  0]LogPakFile: PakFile PrimaryIndexSize=184
[2022.03.23-13.18.05:761][  0]LogPakFile: PakFile PathHashIndexSize=101
[2022.03.23-13.18.05:761][  0]LogPakFile: PakFile FullDirectoryIndexSize=142
[2022.03.23-13.18.05:761][  0]LogShaderLibrary: Display: ShaderCodeLibraryPakFileMountedCallback: PakFile 'E:/UE4/UE_4.27/FeaturePacks/TP_PuzzleBP.upack' (chunk index -1, root 'root:/') mounted
[2022.03.23-13.18.05:761][  0]LogShaderLibrary: Display: ShaderCodeLibraryPakFileMountedCallback: pending pak file info (ChunkID:-1 Root:root:/ File:E:/UE4/UE_4.27/FeaturePacks/TP_PuzzleBP.upack)
[2022.03.23-13.18.05:761][  0]LogPakFile: OnPakFileMounted2Time == 0.000075
[2022.03.23-13.18.05:761][  0]LogPakFile: PakFile PrimaryIndexSize=183
[2022.03.23-13.18.05:761][  0]LogPakFile: PakFile PathHashIndexSize=101
[2022.03.23-13.18.05:761][  0]LogPakFile: PakFile FullDirectoryIndexSize=140
[2022.03.23-13.18.05:761][  0]LogShaderLibrary: Display: ShaderCodeLibraryPakFileMountedCallback: PakFile 'E:/UE4/UE_4.27/FeaturePacks/TP_Rolling.upack' (chunk index -1, root 'root:/') mounted
[2022.03.23-13.18.05:761][  0]LogShaderLibrary: Display: ShaderCodeLibraryPakFileMountedCallback: pending pak file info (ChunkID:-1 Root:root:/ File:E:/UE4/UE_4.27/FeaturePacks/TP_Rolling.upack)
[2022.03.23-13.18.05:761][  0]LogPakFile: OnPakFileMounted2Time == 0.000084
[2022.03.23-13.18.05:762][  0]LogPakFile: PakFile PrimaryIndexSize=185
[2022.03.23-13.18.05:762][  0]LogPakFile: PakFile PathHashIndexSize=101
[2022.03.23-13.18.05:762][  0]LogPakFile: PakFile FullDirectoryIndexSize=144
[2022.03.23-13.18.05:762][  0]LogShaderLibrary: Display: ShaderCodeLibraryPakFileMountedCallback: PakFile 'E:/UE4/UE_4.27/FeaturePacks/TP_RollingBP.upack' (chunk index -1, root 'root:/') mounted
[2022.03.23-13.18.05:762][  0]LogShaderLibrary: Display: ShaderCodeLibraryPakFileMountedCallback: pending pak file info (ChunkID:-1 Root:root:/ File:E:/UE4/UE_4.27/FeaturePacks/TP_RollingBP.upack)
[2022.03.23-13.18.05:762][  0]LogPakFile: OnPakFileMounted2Time == 0.000085
[2022.03.23-13.18.05:762][  0]LogPakFile: PakFile PrimaryIndexSize=188
[2022.03.23-13.18.05:762][  0]LogPakFile: PakFile PathHashIndexSize=101
[2022.03.23-13.18.05:762][  0]LogPakFile: PakFile FullDirectoryIndexSize=150
[2022.03.23-13.18.05:762][  0]LogShaderLibrary: Display: ShaderCodeLibraryPakFileMountedCallback: PakFile 'E:/UE4/UE_4.27/FeaturePacks/TP_SideScroller.upack' (chunk index -1, root 'root:/') mounted
[2022.03.23-13.18.05:763][  0]LogShaderLibrary: Display: ShaderCodeLibraryPakFileMountedCallback: pending pak file info (ChunkID:-1 Root:root:/ File:E:/UE4/UE_4.27/FeaturePacks/TP_SideScroller.upack)
[2022.03.23-13.18.05:763][  0]LogPakFile: OnPakFileMounted2Time == 0.000088
[2022.03.23-13.18.05:763][  0]LogPakFile: PakFile PrimaryIndexSize=190
[2022.03.23-13.18.05:763][  0]LogPakFile: PakFile PathHashIndexSize=101
[2022.03.23-13.18.05:763][  0]LogPakFile: PakFile FullDirectoryIndexSize=154
[2022.03.23-13.18.05:763][  0]LogShaderLibrary: Display: ShaderCodeLibraryPakFileMountedCallback: PakFile 'E:/UE4/UE_4.27/FeaturePacks/TP_SideScrollerBP.upack' (chunk index -1, root 'root:/') mounted
[2022.03.23-13.18.05:763][  0]LogShaderLibrary: Display: ShaderCodeLibraryPakFileMountedCallback: pending pak file info (ChunkID:-1 Root:root:/ File:E:/UE4/UE_4.27/FeaturePacks/TP_SideScrollerBP.upack)
[2022.03.23-13.18.05:763][  0]LogPakFile: OnPakFileMounted2Time == 0.000074
[2022.03.23-13.18.05:763][  0]LogPakFile: PakFile PrimaryIndexSize=187
[2022.03.23-13.18.05:764][  0]LogPakFile: PakFile PathHashIndexSize=101
[2022.03.23-13.18.05:764][  0]LogPakFile: PakFile FullDirectoryIndexSize=148
[2022.03.23-13.18.05:764][  0]LogShaderLibrary: Display: ShaderCodeLibraryPakFileMountedCallback: PakFile 'E:/UE4/UE_4.27/FeaturePacks/TP_ThirdPerson.upack' (chunk index -1, root 'root:/') mounted
[2022.03.23-13.18.05:764][  0]LogShaderLibrary: Display: ShaderCodeLibraryPakFileMountedCallback: pending pak file info (ChunkID:-1 Root:root:/ File:E:/UE4/UE_4.27/FeaturePacks/TP_ThirdPerson.upack)
[2022.03.23-13.18.05:764][  0]LogPakFile: OnPakFileMounted2Time == 0.000088
[2022.03.23-13.18.05:764][  0]LogPakFile: PakFile PrimaryIndexSize=189
[2022.03.23-13.18.05:764][  0]LogPakFile: PakFile PathHashIndexSize=101
[2022.03.23-13.18.05:764][  0]LogPakFile: PakFile FullDirectoryIndexSize=152
[2022.03.23-13.18.05:764][  0]LogShaderLibrary: Display: ShaderCodeLibraryPakFileMountedCallback: PakFile 'E:/UE4/UE_4.27/FeaturePacks/TP_ThirdPersonBP.upack' (chunk index -1, root 'root:/') mounted
[2022.03.23-13.18.05:764][  0]LogShaderLibrary: Display: ShaderCodeLibraryPakFileMountedCallback: pending pak file info (ChunkID:-1 Root:root:/ File:E:/UE4/UE_4.27/FeaturePacks/TP_ThirdPersonBP.upack)
[2022.03.23-13.18.05:764][  0]LogPakFile: OnPakFileMounted2Time == 0.000087
[2022.03.23-13.18.05:765][  0]LogPakFile: PakFile PrimaryIndexSize=183
[2022.03.23-13.18.05:765][  0]LogPakFile: PakFile PathHashIndexSize=101
[2022.03.23-13.18.05:765][  0]LogPakFile: PakFile FullDirectoryIndexSize=140
[2022.03.23-13.18.05:765][  0]LogShaderLibrary: Display: ShaderCodeLibraryPakFileMountedCallback: PakFile 'E:/UE4/UE_4.27/FeaturePacks/TP_TopDown.upack' (chunk index -1, root 'root:/') mounted
[2022.03.23-13.18.05:765][  0]LogShaderLibrary: Display: ShaderCodeLibraryPakFileMountedCallback: pending pak file info (ChunkID:-1 Root:root:/ File:E:/UE4/UE_4.27/FeaturePacks/TP_TopDown.upack)
[2022.03.23-13.18.05:765][  0]LogPakFile: OnPakFileMounted2Time == 0.000085
[2022.03.23-13.18.05:765][  0]LogPakFile: PakFile PrimaryIndexSize=185
[2022.03.23-13.18.05:765][  0]LogPakFile: PakFile PathHashIndexSize=101
[2022.03.23-13.18.05:765][  0]LogPakFile: PakFile FullDirectoryIndexSize=144
[2022.03.23-13.18.05:765][  0]LogShaderLibrary: Display: ShaderCodeLibraryPakFileMountedCallback: PakFile 'E:/UE4/UE_4.27/FeaturePacks/TP_TopDownBP.upack' (chunk index -1, root 'root:/') mounted
[2022.03.23-13.18.05:765][  0]LogShaderLibrary: Display: ShaderCodeLibraryPakFileMountedCallback: pending pak file info (ChunkID:-1 Root:root:/ File:E:/UE4/UE_4.27/FeaturePacks/TP_TopDownBP.upack)
[2022.03.23-13.18.05:765][  0]LogPakFile: OnPakFileMounted2Time == 0.000091
[2022.03.23-13.18.05:766][  0]LogPakFile: PakFile PrimaryIndexSize=185
[2022.03.23-13.18.05:766][  0]LogPakFile: PakFile PathHashIndexSize=101
[2022.03.23-13.18.05:766][  0]LogPakFile: PakFile FullDirectoryIndexSize=144
[2022.03.23-13.18.05:766][  0]LogShaderLibrary: Display: ShaderCodeLibraryPakFileMountedCallback: PakFile 'E:/UE4/UE_4.27/FeaturePacks/TP_TwinStick.upack' (chunk index -1, root 'root:/') mounted
[2022.03.23-13.18.05:766][  0]LogShaderLibrary: Display: ShaderCodeLibraryPakFileMountedCallback: pending pak file info (ChunkID:-1 Root:root:/ File:E:/UE4/UE_4.27/FeaturePacks/TP_TwinStick.upack)
[2022.03.23-13.18.05:766][  0]LogPakFile: OnPakFileMounted2Time == 0.000091
[2022.03.23-13.18.05:766][  0]LogPakFile: PakFile PrimaryIndexSize=187
[2022.03.23-13.18.05:767][  0]LogPakFile: PakFile PathHashIndexSize=101
[2022.03.23-13.18.05:767][  0]LogPakFile: PakFile FullDirectoryIndexSize=148
[2022.03.23-13.18.05:767][  0]LogShaderLibrary: Display: ShaderCodeLibraryPakFileMountedCallback: PakFile 'E:/UE4/UE_4.27/FeaturePacks/TP_TwinStickBP.upack' (chunk index -1, root 'root:/') mounted
[2022.03.23-13.18.05:767][  0]LogShaderLibrary: Display: ShaderCodeLibraryPakFileMountedCallback: pending pak file info (ChunkID:-1 Root:root:/ File:E:/UE4/UE_4.27/FeaturePacks/TP_TwinStickBP.upack)
[2022.03.23-13.18.05:767][  0]LogPakFile: OnPakFileMounted2Time == 0.000105
[2022.03.23-13.18.05:767][  0]LogPakFile: PakFile PrimaryIndexSize=183
[2022.03.23-13.18.05:767][  0]LogPakFile: PakFile PathHashIndexSize=101
[2022.03.23-13.18.05:767][  0]LogPakFile: PakFile FullDirectoryIndexSize=140
[2022.03.23-13.18.05:767][  0]LogShaderLibrary: Display: ShaderCodeLibraryPakFileMountedCallback: PakFile 'E:/UE4/UE_4.27/FeaturePacks/TP_Vehicle.upack' (chunk index -1, root 'root:/') mounted
[2022.03.23-13.18.05:767][  0]LogShaderLibrary: Display: ShaderCodeLibraryPakFileMountedCallback: pending pak file info (ChunkID:-1 Root:root:/ File:E:/UE4/UE_4.27/FeaturePacks/TP_Vehicle.upack)
[2022.03.23-13.18.05:767][  0]LogPakFile: OnPakFileMounted2Time == 0.000071
[2022.03.23-13.18.05:768][  0]LogPakFile: PakFile PrimaryIndexSize=186
[2022.03.23-13.18.05:768][  0]LogPakFile: PakFile PathHashIndexSize=101
[2022.03.23-13.18.05:768][  0]LogPakFile: PakFile FullDirectoryIndexSize=146
[2022.03.23-13.18.05:768][  0]LogShaderLibrary: Display: ShaderCodeLibraryPakFileMountedCallback: PakFile 'E:/UE4/UE_4.27/FeaturePacks/TP_VehicleAdv.upack' (chunk index -1, root 'root:/') mounted
[2022.03.23-13.18.05:768][  0]LogShaderLibrary: Display: ShaderCodeLibraryPakFileMountedCallback: pending pak file info (ChunkID:-1 Root:root:/ File:E:/UE4/UE_4.27/FeaturePacks/TP_VehicleAdv.upack)
[2022.03.23-13.18.05:768][  0]LogPakFile: OnPakFileMounted2Time == 0.000095
[2022.03.23-13.18.05:768][  0]LogPakFile: PakFile PrimaryIndexSize=188
[2022.03.23-13.18.05:768][  0]LogPakFile: PakFile PathHashIndexSize=101
[2022.03.23-13.18.05:768][  0]LogPakFile: PakFile FullDirectoryIndexSize=150
[2022.03.23-13.18.05:768][  0]LogShaderLibrary: Display: ShaderCodeLibraryPakFileMountedCallback: PakFile 'E:/UE4/UE_4.27/FeaturePacks/TP_VehicleAdvBP.upack' (chunk index -1, root 'root:/') mounted
[2022.03.23-13.18.05:768][  0]LogShaderLibrary: Display: ShaderCodeLibraryPakFileMountedCallback: pending pak file info (ChunkID:-1 Root:root:/ File:E:/UE4/UE_4.27/FeaturePacks/TP_VehicleAdvBP.upack)
[2022.03.23-13.18.05:768][  0]LogPakFile: OnPakFileMounted2Time == 0.000079
[2022.03.23-13.18.05:769][  0]LogPakFile: PakFile PrimaryIndexSize=185
[2022.03.23-13.18.05:769][  0]LogPakFile: PakFile PathHashIndexSize=101
[2022.03.23-13.18.05:769][  0]LogPakFile: PakFile FullDirectoryIndexSize=144
[2022.03.23-13.18.05:769][  0]LogShaderLibrary: Display: ShaderCodeLibraryPakFileMountedCallback: PakFile 'E:/UE4/UE_4.27/FeaturePacks/TP_VehicleBP.upack' (chunk index -1, root 'root:/') mounted
[2022.03.23-13.18.05:769][  0]LogShaderLibrary: Display: ShaderCodeLibraryPakFileMountedCallback: pending pak file info (ChunkID:-1 Root:root:/ File:E:/UE4/UE_4.27/FeaturePacks/TP_VehicleBP.upack)
[2022.03.23-13.18.05:769][  0]LogPakFile: OnPakFileMounted2Time == 0.000078
[2022.03.23-13.18.05:769][  0]LogPakFile: PakFile PrimaryIndexSize=192
[2022.03.23-13.18.05:769][  0]LogPakFile: PakFile PathHashIndexSize=101
[2022.03.23-13.18.05:770][  0]LogPakFile: PakFile FullDirectoryIndexSize=158
[2022.03.23-13.18.05:770][  0]LogShaderLibrary: Display: ShaderCodeLibraryPakFileMountedCallback: PakFile 'E:/UE4/UE_4.27/FeaturePacks/TP_VirtualRealityBP.upack' (chunk index -1, root 'root:/') mounted
[2022.03.23-13.18.05:770][  0]LogShaderLibrary: Display: ShaderCodeLibraryPakFileMountedCallback: pending pak file info (ChunkID:-1 Root:root:/ File:E:/UE4/UE_4.27/FeaturePacks/TP_VirtualRealityBP.upack)
[2022.03.23-13.18.05:770][  0]LogPakFile: OnPakFileMounted2Time == 0.000076
[2022.03.23-13.18.05:797][  0]LogNativeClassHierarchy: Verbose: Native class hierarchy updated for 'AddContentDialog' in 0.0004 seconds. Added 0 classes and 0 folders.
[2022.03.23-13.18.05:798][  0]LogNativeClassHierarchy: Verbose: Native class hierarchy updated for 'SceneOutliner' in 0.0003 seconds. Added 2 classes and 0 folders.
[2022.03.23-13.18.05:870][  0]LogSlate: Took 0.000133 seconds to synchronously load lazily loaded font '../../../Engine/Content/Slate/Fonts/Roboto-Regular.ttf' (155K)
[2022.03.23-13.18.05:871][  0]LogSlate: Took 0.000131 seconds to synchronously load lazily loaded font '../../../Engine/Content/Editor/Slate/Fonts/FontAwesome.ttf' (139K)
[2022.03.23-13.18.05:872][  0]LogSlate: Took 0.000162 seconds to synchronously load lazily loaded font '../../../Engine/Content/Slate/Fonts/Roboto-Bold.ttf' (160K)
[2022.03.23-13.18.05:962][  0]LogRenderer: Reallocating scene render targets to support 1256x572 Format 10 NumSamples 1 (Frame:1).
[2022.03.23-13.18.06:048][  0]LogSlate: Took 0.000154 seconds to synchronously load lazily loaded font '../../../Engine/Content/Slate/Fonts/Roboto-Light.ttf' (167K)
[2022.03.23-13.18.06:128][  0]LogNativeClassHierarchy: Verbose: Native class hierarchy updated for 'HierarchicalLODOutliner' in 0.0003 seconds. Added 0 classes and 0 folders.
[2022.03.23-13.18.06:128][  0]LogLoad: (Engine Initialization) Total time: 8.41 seconds
[2022.03.23-13.18.06:128][  0]LogLoad: (Engine Initialization) Total Blueprint compile time: 0.00 seconds
[2022.03.23-13.18.06:198][  0]LogContentStreaming: Texture pool size now 1000 MB
[2022.03.23-13.18.06:220][  1]LogAssetRegistry: Asset discovery search completed in 5.0404 seconds
[2022.03.23-13.18.06:225][  1]LogCollectionManager: Fixed up redirectors for 0 collections in 0.000004 seconds (updated 0 objects)
[2022.03.23-13.18.06:250][  2]LogStaticMesh: Allocated 60x10x60 distance field atlas = 0.1Mb, with 1 objects containing 0.1Mb backing data
[2022.03.23-13.18.11:233][286]LogFileCache: Retrieving MD5 hashes for directory 'E:/UE4/Projects/WargamingAcademy/Cyberpunk2022/Content/' took 5.08s
[2022.03.23-13.18.11:620][309]LogSlate: Took 0.000108 seconds to synchronously load lazily loaded font '../../../Engine/Content/Slate/Fonts/Roboto-Light.ttf' (167K)
[2022.03.23-13.18.11:641][309]LogAssetEditorSubsystem: Opening Asset editor for DataTable /Game/Assets/DataTables/DT_DefaultLoot.DT_DefaultLoot
