Log file open, 01/29/22 20:11:02
LogWindows: Failed to load 'aqProf.dll' (GetLastError=126)
LogWindows: File 'aqProf.dll' does not exist
LogWindows: Failed to load 'VtuneApi.dll' (GetLastError=126)
LogWindows: File 'VtuneApi.dll' does not exist
LogWindows: Failed to load 'VtuneApi32e.dll' (GetLastError=126)
LogWindows: File 'VtuneApi32e.dll' does not exist
LogConsoleResponse: Display: Failed to find resolution value strings in scalability ini. Falling back to default.
LogConsoleResponse: Display: Failed to find resolution value strings in scalability ini. Falling back to default.
LogInit: Display: Running engine for game: Cyberpunk2022
LogPlatformFile: Not using cached read wrapper
LogTaskGraph: Started task graph with 5 named threads and 35 total threads with 3 sets of task threads.
LogStats: Stats thread started at 0.331317
LogICUInternationalization: ICU TimeZone Detection - Raw Offset: +3:00, Platform Override: ''
LogInit: Display: Loading text-based GConfig....
LogPluginManager: Mounting plugin MeshPainting
LogPluginManager: Mounting plugin XGEController
LogPluginManager: Mounting plugin Paper2D
LogPluginManager: Mounting plugin AISupport
LogPluginManager: Mounting plugin EnvironmentQueryEditor
LogPluginManager: Mounting plugin LightPropagationVolume
LogPluginManager: Mounting plugin GameplayCameras
LogPluginManager: Mounting plugin OodleData
LogPluginManager: Mounting plugin OodleNetwork
LogPluginManager: Mounting plugin AssetManagerEditor
LogPluginManager: Mounting plugin CryptoKeys
LogPluginManager: Mounting plugin CurveEditorTools
LogPluginManager: Mounting plugin DataValidation
LogPluginManager: Mounting plugin GameplayTagsEditor
LogPluginManager: Mounting plugin FacialAnimation
LogPluginManager: Mounting plugin GeometryMode
LogPluginManager: Mounting plugin MacGraphicsSwitching
LogPluginManager: Mounting plugin MaterialAnalyzer
LogPluginManager: Mounting plugin MobileLauncherProfileWizard
LogPluginManager: Mounting plugin PluginBrowser
LogPluginManager: Mounting plugin SpeedTreeImporter
LogPluginManager: Mounting plugin AnimationSharing
LogPluginManager: Mounting plugin CLionSourceCodeAccess
LogPluginManager: Mounting plugin CodeLiteSourceCodeAccess
LogPluginManager: Mounting plugin GitSourceControl
LogPluginManager: Mounting plugin KDevelopSourceCodeAccess
LogPluginManager: Mounting plugin NullSourceCodeAccess
LogPluginManager: Mounting plugin PerforceSourceControl
LogPluginManager: Mounting plugin PixWinPlugin
LogPluginManager: Mounting plugin PlasticSourceControl
LogPluginManager: Mounting plugin PluginUtils
LogPluginManager: Mounting plugin PropertyAccessNode
LogPluginManager: Mounting plugin SubversionSourceControl
LogPluginManager: Mounting plugin RiderSourceCodeAccess
LogPluginManager: Mounting plugin TextureFormatOodle
LogPluginManager: Mounting plugin UObjectPlugin
LogPluginManager: Mounting plugin VisualStudioCodeSourceCodeAccess
LogPluginManager: Mounting plugin VisualStudioSourceCodeAccess
LogPluginManager: Mounting plugin XCodeSourceCodeAccess
LogPluginManager: Mounting plugin DatasmithContent
LogPluginManager: Mounting plugin Niagara
LogPluginManager: Mounting plugin VariantManagerContent
LogPluginManager: Mounting plugin AlembicImporter
LogPluginManager: Mounting plugin AutomationUtils
LogPluginManager: Mounting plugin BackChannel
LogPluginManager: Mounting plugin ChaosCloth
LogPluginManager: Mounting plugin ChaosClothEditor
LogPluginManager: Mounting plugin ChaosNiagara
LogPluginManager: Mounting plugin ChaosEditor
LogPluginManager: Mounting plugin ChaosSolverPlugin
LogPluginManager: Mounting plugin CharacterAI
LogPluginManager: Mounting plugin GeometryCache
LogPluginManager: Mounting plugin GeometryCollectionPlugin
LogPluginManager: Mounting plugin GeometryProcessing
LogPluginManager: Mounting plugin MotoSynth
LogPluginManager: Mounting plugin OpenImageDenoise
LogPluginManager: Mounting plugin PlanarCut
LogPluginManager: Mounting plugin PlatformCrypto
LogPluginManager: Mounting plugin ProxyLODPlugin
LogPluginManager: Mounting plugin LuminPlatformFeatures
LogPluginManager: Mounting plugin PythonScriptPlugin
LogPluginManager: Mounting plugin MagicLeap
LogPluginManager: Mounting plugin LiveLink
LogPluginManager: Mounting plugin MagicLeapLightEstimation
LogPluginManager: Mounting plugin MagicLeapMedia
LogPluginManager: Mounting plugin SkeletalReduction
LogPluginManager: Mounting plugin CameraShakePreviewer
LogPluginManager: Mounting plugin MagicLeapPassableWorld
LogPluginManager: Mounting plugin MLSDK
LogPluginManager: Mounting plugin AvfMedia
LogPluginManager: Mounting plugin ImgMedia
LogPluginManager: Mounting plugin MediaCompositing
LogPluginManager: Mounting plugin MediaPlayerEditor
LogPluginManager: Mounting plugin WmfMedia
LogPluginManager: Mounting plugin WebMMedia
LogPluginManager: Mounting plugin TcpMessaging
LogPluginManager: Mounting plugin UdpMessaging
LogPluginManager: Mounting plugin ActorSequence
LogPluginManager: Mounting plugin LevelSequenceEditor
LogPluginManager: Mounting plugin MatineeToLevelSequence
LogPluginManager: Mounting plugin TemplateSequence
LogPluginManager: Mounting plugin OnlineSubsystem
LogPluginManager: Mounting plugin OnlineSubsystemNull
LogPluginManager: Mounting plugin OnlineSubsystemUtils
LogPluginManager: Mounting plugin ActorLayerUtilities
LogPluginManager: Mounting plugin LauncherChunkInstaller
LogPluginManager: Mounting plugin AndroidDeviceProfileSelector
LogPluginManager: Mounting plugin AndroidMoviePlayer
LogPluginManager: Mounting plugin AndroidPermission
LogPluginManager: Mounting plugin AppleImageUtils
LogPluginManager: Mounting plugin AppleMoviePlayer
LogPluginManager: Mounting plugin ArchVisCharacter
LogPluginManager: Mounting plugin AssetTags
LogPluginManager: Mounting plugin AudioCapture
LogPluginManager: Mounting plugin AudioSynesthesia
LogPluginManager: Mounting plugin CableComponent
LogPluginManager: Mounting plugin ChunkDownloader
LogPluginManager: Mounting plugin CustomMeshComponent
LogPluginManager: Mounting plugin EditableMesh
LogPluginManager: Mounting plugin ExampleDeviceProfileSelector
LogPluginManager: Mounting plugin GoogleCloudMessaging
LogPluginManager: Mounting plugin GooglePAD
LogPluginManager: Mounting plugin IOSDeviceProfileSelector
LogPluginManager: Mounting plugin LinuxDeviceProfileSelector
LogPluginManager: Mounting plugin LocationServicesBPLibrary
LogPluginManager: Mounting plugin MobilePatchingUtils
LogPluginManager: Mounting plugin OpenXR
LogPluginManager: Mounting plugin OpenXREyeTracker
LogPluginManager: Mounting plugin OpenXRHandTracking
LogPluginManager: Mounting plugin PhysXVehicles
LogPluginManager: Mounting plugin PostSplashScreen
LogPluginManager: Mounting plugin ProceduralMeshComponent
LogPluginManager: Mounting plugin PropertyAccessEditor
LogPluginManager: Mounting plugin RuntimePhysXCooking
LogPluginManager: Mounting plugin SoundFields
LogPluginManager: Mounting plugin Synthesis
LogPluginManager: Mounting plugin WebMMoviePlayer
LogPluginManager: Mounting plugin WindowsMoviePlayer
LogPluginManager: Mounting plugin ScreenshotTools
LogPluginManager: Mounting plugin SignificanceManager
LogPluginManager: Mounting plugin Takes
LogPluginManager: Mounting plugin AndroidMedia
LogPluginManager: Mounting plugin ContentBrowserAssetDataSource
LogPluginManager: Mounting plugin ContentBrowserFileDataSource
LogPluginManager: Mounting plugin ContentBrowserClassDataSource
LogPluginManager: Mounting plugin OnlineSubsystemIOS
LogPluginManager: Mounting plugin OnlineSubsystemGooglePlay
LogPluginManager: Mounting plugin OculusVR
LogPluginManager: Mounting plugin SteamVR
PixWinPlugin: PIX capture plugin failed to initialize! Check that the process is launched from PIX.
LogInit: Using libcurl 7.55.1-DEV
LogInit:  - built for x86_64-pc-win32
LogInit:  - supports SSL with OpenSSL/1.1.1
LogInit:  - supports HTTP deflate (compression) using libz 1.2.8
LogInit:  - other features:
LogInit:      CURL_VERSION_SSL
LogInit:      CURL_VERSION_LIBZ
LogInit:      CURL_VERSION_IPV6
LogInit:      CURL_VERSION_ASYNCHDNS
LogInit:      CURL_VERSION_LARGEFILE
LogInit:      CURL_VERSION_IDN
LogInit:  CurlRequestOptions (configurable via config and command line):
LogInit:  - bVerifyPeer = true  - Libcurl will verify peer certificate
LogInit:  - bUseHttpProxy = false  - Libcurl will NOT use HTTP proxy
LogInit:  - bDontReuseConnections = false  - Libcurl will reuse connections
LogInit:  - MaxHostConnections = 16  - Libcurl will limit the number of connections to a host
LogInit:  - LocalHostAddr = Default
LogInit:  - BufferSize = 65536
LogOnline: OSS: Creating online subsystem instance for: NULL
LogInit: WinSock: version 1.1 (2.2), MaxSocks=32767, MaxUdp=65467
LogOnline: OSS: TryLoadSubsystemAndSetDefault: Loaded subsystem for module [NULL]
LogOculusPluginWrapper: OculusPlugin initialized successfully
LogHMD: Failed initializing OVRPlugin 1.59.0
LogInit: Build: ++UE4+Release-4.27-CL-18319896
LogInit: Engine Version: 4.27.2-18319896+++UE4+Release-4.27
LogInit: Compatible Engine Version: 4.27.0-17155196+++UE4+Release-4.27
LogInit: Net CL: 17155196
LogInit: OS: Windows 10 (Release 2009) (), CPU: AMD Ryzen 5 5600H with Radeon Graphics         , GPU: AMD Radeon(TM) Graphics
LogInit: Compiled (64-bit): Nov 30 2021 07:12:08
LogInit: Compiled with Visual C++: 19.24.28315.00
LogInit: Build Configuration: Development
LogInit: Branch Name: ++UE4+Release-4.27
LogInit: Command Line:  -skipcompile
LogInit: Base Directory: E:/UE4/UE_4.27/Engine/Binaries/Win64/
LogInit: Allocator: TBB
LogInit: Installed Engine Build: 1
LogDevObjectVersion: Number of dev versions registered: 29
LogDevObjectVersion:   Dev-Blueprints (B0D832E4-1F89-4F0D-ACCF-7EB736FD4AA2): 10
LogDevObjectVersion:   Dev-Build (E1C64328-A22C-4D53-A36C-8E866417BD8C): 0
LogDevObjectVersion:   Dev-Core (375EC13C-06E4-48FB-B500-84F0262A717E): 4
LogDevObjectVersion:   Dev-Editor (E4B068ED-F494-42E9-A231-DA0B2E46BB41): 40
LogDevObjectVersion:   Dev-Framework (CFFC743F-43B0-4480-9391-14DF171D2073): 37
LogDevObjectVersion:   Dev-Mobile (B02B49B5-BB20-44E9-A304-32B752E40360): 3
LogDevObjectVersion:   Dev-Networking (A4E4105C-59A1-49B5-A7C5-40C4547EDFEE): 0
LogDevObjectVersion:   Dev-Online (39C831C9-5AE6-47DC-9A44-9C173E1C8E7C): 0
LogDevObjectVersion:   Dev-Physics (78F01B33-EBEA-4F98-B9B4-84EACCB95AA2): 14
LogDevObjectVersion:   Dev-Platform (6631380F-2D4D-43E0-8009-CF276956A95A): 0
LogDevObjectVersion:   Dev-Rendering (12F88B9F-8875-4AFC-A67C-D90C383ABD29): 45
LogDevObjectVersion:   Dev-Sequencer (7B5AE74C-D270-4C10-A958-57980B212A5A): 13
LogDevObjectVersion:   Dev-VR (D7296918-1DD6-4BDD-9DE2-64A83CC13884): 3
LogDevObjectVersion:   Dev-LoadTimes (C2A15278-BFE7-4AFE-6C17-90FF531DF755): 1
LogDevObjectVersion:   Private-Geometry (6EACA3D4-40EC-4CC1-B786-8BED09428FC5): 3
LogDevObjectVersion:   Dev-AnimPhys (29E575DD-E0A3-4627-9D10-D276232CDCEA): 17
LogDevObjectVersion:   Dev-Anim (AF43A65D-7FD3-4947-9873-3E8ED9C1BB05): 15
LogDevObjectVersion:   Dev-ReflectionCapture (6B266CEC-1EC7-4B8F-A30B-E4D90942FC07): 1
LogDevObjectVersion:   Dev-Automation (0DF73D61-A23F-47EA-B727-89E90C41499A): 1
LogDevObjectVersion:   FortniteMain (601D1886-AC64-4F84-AA16-D3DE0DEAC7D6): 47
LogDevObjectVersion:   FortniteRelease (E7086368-6B23-4C58-8439-1B7016265E91): 1
LogDevObjectVersion:   Dev-Enterprise (9DFFBCD6-494F-0158-E221-12823C92A888): 10
LogDevObjectVersion:   Dev-Niagara (F2AED0AC-9AFE-416F-8664-AA7FFA26D6FC): 1
LogDevObjectVersion:   Dev-Destruction (174F1F0B-B4C6-45A5-B13F-2EE8D0FB917D): 10
LogDevObjectVersion:   Dev-Physics-Ext (35F94A83-E258-406C-A318-09F59610247C): 41
LogDevObjectVersion:   Dev-PhysicsMaterial-Chaos (B68FC16E-8B1B-42E2-B453-215C058844FE): 1
LogDevObjectVersion:   Dev-CineCamera (B2E18506-4273-CFC2-A54E-F4BB758BBA07): 1
LogDevObjectVersion:   Dev-VirtualProduction (64F58936-FD1B-42BA-BA96-7289D5D0FA4E): 1
LogDevObjectVersion:   Dev-MediaFramework (6F0ED827-A609-4895-9C91-998D90180EA4): 2
LogInit: Presizing for max 25165824 objects, including 0 objects not considered by GC, pre-allocating 0 bytes for permanent pool.
LogConfig: Applying CVar settings from Section [/Script/Engine.StreamingSettings] File [E:/UE4/Projects/WargamingAcademy/Cyberpunk2022/Saved/Config/Windows/Engine.ini]
LogConfig: Setting CVar [[s.MinBulkDataSizeForAsyncLoading:131072]]
LogConfig: Setting CVar [[s.AsyncLoadingThreadEnabled:0]]
LogConfig: Setting CVar [[s.EventDrivenLoaderEnabled:1]]
LogConfig: Setting CVar [[s.WarnIfTimeLimitExceeded:0]]
LogConfig: Setting CVar [[s.TimeLimitExceededMultiplier:1.5]]
LogConfig: Setting CVar [[s.TimeLimitExceededMinTime:0.005]]
LogConfig: Setting CVar [[s.UseBackgroundLevelStreaming:1]]
LogConfig: Setting CVar [[s.PriorityAsyncLoadingExtraTime:15.0]]
LogConfig: Setting CVar [[s.LevelStreamingActorsUpdateTimeLimit:5.0]]
LogConfig: Setting CVar [[s.PriorityLevelStreamingActorsUpdateExtraTime:5.0]]
LogConfig: Setting CVar [[s.LevelStreamingComponentsRegistrationGranularity:10]]
LogConfig: Setting CVar [[s.UnregisterComponentsTimeLimit:1.0]]
LogConfig: Setting CVar [[s.LevelStreamingComponentsUnregistrationGranularity:5]]
LogConfig: Setting CVar [[s.FlushStreamingOnExit:1]]
LogInit: Object subsystem initialized
LogConfig: Setting CVar [[con.DebugEarlyDefault:1]]
LogConfig: Setting CVar [[r.setres:1280x720]]
[2022.01.29-17.11.03:117][  0]LogConfig: Setting CVar [[r.VSync:0]]
[2022.01.29-17.11.03:117][  0]LogConfig: Setting CVar [[r.RHICmdBypass:0]]
[2022.01.29-17.11.03:117][  0]LogConfig: Applying CVar settings from Section [/Script/Engine.RendererSettings] File [E:/UE4/Projects/WargamingAcademy/Cyberpunk2022/Saved/Config/Windows/Engine.ini]
[2022.01.29-17.11.03:117][  0]LogConfig: Setting CVar [[r.GPUCrashDebugging:0]]
[2022.01.29-17.11.03:117][  0]LogConfig: Setting CVar [[r.DefaultFeature.MotionBlur:0]]
[2022.01.29-17.11.03:117][  0]LogConfig: Applying CVar settings from Section [/Script/Engine.RendererOverrideSettings] File [E:/UE4/Projects/WargamingAcademy/Cyberpunk2022/Saved/Config/Windows/Engine.ini]
[2022.01.29-17.11.03:117][  0]LogConfig: Applying CVar settings from Section [/Script/Engine.StreamingSettings] File [E:/UE4/Projects/WargamingAcademy/Cyberpunk2022/Saved/Config/Windows/Engine.ini]
[2022.01.29-17.11.03:117][  0]LogConfig: Setting CVar [[s.MinBulkDataSizeForAsyncLoading:131072]]
[2022.01.29-17.11.03:117][  0]LogConfig: Setting CVar [[s.AsyncLoadingThreadEnabled:0]]
[2022.01.29-17.11.03:117][  0]LogConfig: Setting CVar [[s.EventDrivenLoaderEnabled:1]]
[2022.01.29-17.11.03:117][  0]LogConfig: Setting CVar [[s.WarnIfTimeLimitExceeded:0]]
[2022.01.29-17.11.03:117][  0]LogConfig: Setting CVar [[s.TimeLimitExceededMultiplier:1.5]]
[2022.01.29-17.11.03:118][  0]LogConfig: Setting CVar [[s.TimeLimitExceededMinTime:0.005]]
[2022.01.29-17.11.03:118][  0]LogConfig: Setting CVar [[s.UseBackgroundLevelStreaming:1]]
[2022.01.29-17.11.03:118][  0]LogConfig: Setting CVar [[s.PriorityAsyncLoadingExtraTime:15.0]]
[2022.01.29-17.11.03:118][  0]LogConfig: Setting CVar [[s.LevelStreamingActorsUpdateTimeLimit:5.0]]
[2022.01.29-17.11.03:118][  0]LogConfig: Setting CVar [[s.PriorityLevelStreamingActorsUpdateExtraTime:5.0]]
[2022.01.29-17.11.03:118][  0]LogConfig: Setting CVar [[s.LevelStreamingComponentsRegistrationGranularity:10]]
[2022.01.29-17.11.03:118][  0]LogConfig: Setting CVar [[s.UnregisterComponentsTimeLimit:1.0]]
[2022.01.29-17.11.03:118][  0]LogConfig: Setting CVar [[s.LevelStreamingComponentsUnregistrationGranularity:5]]
[2022.01.29-17.11.03:118][  0]LogConfig: Setting CVar [[s.FlushStreamingOnExit:1]]
[2022.01.29-17.11.03:118][  0]LogConfig: Applying CVar settings from Section [/Script/Engine.GarbageCollectionSettings] File [E:/UE4/Projects/WargamingAcademy/Cyberpunk2022/Saved/Config/Windows/Engine.ini]
[2022.01.29-17.11.03:118][  0]LogConfig: Setting CVar [[gc.MaxObjectsNotConsideredByGC:1]]
[2022.01.29-17.11.03:118][  0]LogConfig: Setting CVar [[gc.SizeOfPermanentObjectPool:0]]
[2022.01.29-17.11.03:118][  0]LogConfig: Setting CVar [[gc.FlushStreamingOnGC:0]]
[2022.01.29-17.11.03:118][  0]LogConfig: Setting CVar [[gc.NumRetriesBeforeForcingGC:10]]
[2022.01.29-17.11.03:118][  0]LogConfig: Setting CVar [[gc.AllowParallelGC:1]]
[2022.01.29-17.11.03:118][  0]LogConfig: Setting CVar [[gc.TimeBetweenPurgingPendingKillObjects:61.1]]
[2022.01.29-17.11.03:118][  0]LogConfig: Setting CVar [[gc.MaxObjectsInEditor:25165824]]
[2022.01.29-17.11.03:118][  0]LogConfig: Setting CVar [[gc.IncrementalBeginDestroyEnabled:1]]
[2022.01.29-17.11.03:118][  0]LogConfig: Setting CVar [[gc.CreateGCClusters:1]]
[2022.01.29-17.11.03:118][  0]LogConfig: Setting CVar [[gc.MinGCClusterSize:5]]
[2022.01.29-17.11.03:118][  0]LogConfig: Setting CVar [[gc.ActorClusteringEnabled:0]]
[2022.01.29-17.11.03:118][  0]LogConfig: Setting CVar [[gc.BlueprintClusteringEnabled:0]]
[2022.01.29-17.11.03:118][  0]LogConfig: Setting CVar [[gc.UseDisregardForGCOnDedicatedServers:0]]
[2022.01.29-17.11.03:119][  0]LogConfig: Setting CVar [[gc.MultithreadedDestructionEnabled:1]]
[2022.01.29-17.11.03:119][  0]LogConfig: Applying CVar settings from Section [/Script/Engine.NetworkSettings] File [E:/UE4/Projects/WargamingAcademy/Cyberpunk2022/Saved/Config/Windows/Engine.ini]
[2022.01.29-17.11.03:119][  0]LogConfig: Applying CVar settings from Section [/Script/UnrealEd.CookerSettings] File [E:/UE4/Projects/WargamingAcademy/Cyberpunk2022/Saved/Config/Windows/Engine.ini]
[2022.01.29-17.11.03:125][  0]LogConfig: Applying CVar settings from Section [ViewDistanceQuality@3] File [E:/UE4/Projects/WargamingAcademy/Cyberpunk2022/Saved/Config/Windows/Scalability.ini]
[2022.01.29-17.11.03:125][  0]LogConfig: Setting CVar [[r.SkeletalMeshLODBias:0]]
[2022.01.29-17.11.03:125][  0]LogConfig: Setting CVar [[r.ViewDistanceScale:1.0]]
[2022.01.29-17.11.03:125][  0]LogConfig: Applying CVar settings from Section [AntiAliasingQuality@3] File [E:/UE4/Projects/WargamingAcademy/Cyberpunk2022/Saved/Config/Windows/Scalability.ini]
[2022.01.29-17.11.03:125][  0]LogConfig: Setting CVar [[r.PostProcessAAQuality:4]]
[2022.01.29-17.11.03:125][  0]LogConfig: Applying CVar settings from Section [ShadowQuality@3] File [E:/UE4/Projects/WargamingAcademy/Cyberpunk2022/Saved/Config/Windows/Scalability.ini]
[2022.01.29-17.11.03:125][  0]LogConfig: Setting CVar [[r.LightFunctionQuality:1]]
[2022.01.29-17.11.03:125][  0]LogConfig: Setting CVar [[r.ShadowQuality:5]]
[2022.01.29-17.11.03:125][  0]LogConfig: Setting CVar [[r.Shadow.CSM.MaxCascades:10]]
[2022.01.29-17.11.03:125][  0]LogConfig: Setting CVar [[r.Shadow.MaxResolution:2048]]
[2022.01.29-17.11.03:125][  0]LogConfig: Setting CVar [[r.Shadow.MaxCSMResolution:2048]]
[2022.01.29-17.11.03:125][  0]LogConfig: Setting CVar [[r.Shadow.RadiusThreshold:0.01]]
[2022.01.29-17.11.03:126][  0]LogConfig: Setting CVar [[r.Shadow.DistanceScale:1.0]]
[2022.01.29-17.11.03:126][  0]LogConfig: Setting CVar [[r.Shadow.CSM.TransitionScale:1.0]]
[2022.01.29-17.11.03:126][  0]LogConfig: Setting CVar [[r.Shadow.PreShadowResolutionFactor:1.0]]
[2022.01.29-17.11.03:126][  0]LogConfig: Setting CVar [[r.DistanceFieldShadowing:1]]
[2022.01.29-17.11.03:126][  0]LogConfig: Setting CVar [[r.DistanceFieldAO:1]]
[2022.01.29-17.11.03:126][  0]LogConfig: Setting CVar [[r.AOQuality:2]]
[2022.01.29-17.11.03:126][  0]LogConfig: Setting CVar [[r.VolumetricFog:1]]
[2022.01.29-17.11.03:126][  0]LogConfig: Setting CVar [[r.VolumetricFog.GridPixelSize:8]]
[2022.01.29-17.11.03:126][  0]LogConfig: Setting CVar [[r.VolumetricFog.GridSizeZ:128]]
[2022.01.29-17.11.03:126][  0]LogConfig: Setting CVar [[r.VolumetricFog.HistoryMissSupersampleCount:4]]
[2022.01.29-17.11.03:126][  0]LogConfig: Setting CVar [[r.LightMaxDrawDistanceScale:1]]
[2022.01.29-17.11.03:126][  0]LogConfig: Setting CVar [[r.CapsuleShadows:1]]
[2022.01.29-17.11.03:126][  0]LogConfig: Applying CVar settings from Section [PostProcessQuality@3] File [E:/UE4/Projects/WargamingAcademy/Cyberpunk2022/Saved/Config/Windows/Scalability.ini]
[2022.01.29-17.11.03:126][  0]LogConfig: Setting CVar [[r.MotionBlurQuality:4]]
[2022.01.29-17.11.03:126][  0]LogConfig: Setting CVar [[r.AmbientOcclusionMipLevelFactor:0.4]]
[2022.01.29-17.11.03:126][  0]LogConfig: Setting CVar [[r.AmbientOcclusionMaxQuality:100]]
[2022.01.29-17.11.03:126][  0]LogConfig: Setting CVar [[r.AmbientOcclusionLevels:-1]]
[2022.01.29-17.11.03:126][  0]LogConfig: Setting CVar [[r.AmbientOcclusionRadiusScale:1.0]]
[2022.01.29-17.11.03:126][  0]LogConfig: Setting CVar [[r.DepthOfFieldQuality:2]]
[2022.01.29-17.11.03:126][  0]LogConfig: Setting CVar [[r.RenderTargetPoolMin:400]]
[2022.01.29-17.11.03:126][  0]LogConfig: Setting CVar [[r.LensFlareQuality:2]]
[2022.01.29-17.11.03:126][  0]LogConfig: Setting CVar [[r.SceneColorFringeQuality:1]]
[2022.01.29-17.11.03:126][  0]LogConfig: Setting CVar [[r.EyeAdaptationQuality:2]]
[2022.01.29-17.11.03:126][  0]LogConfig: Setting CVar [[r.BloomQuality:5]]
[2022.01.29-17.11.03:126][  0]LogConfig: Setting CVar [[r.FastBlurThreshold:100]]
[2022.01.29-17.11.03:126][  0]LogConfig: Setting CVar [[r.Upscale.Quality:3]]
[2022.01.29-17.11.03:126][  0]LogConfig: Setting CVar [[r.Tonemapper.GrainQuantization:1]]
[2022.01.29-17.11.03:126][  0]LogConfig: Setting CVar [[r.LightShaftQuality:1]]
[2022.01.29-17.11.03:126][  0]LogConfig: Setting CVar [[r.Filter.SizeScale:1]]
[2022.01.29-17.11.03:126][  0]LogConfig: Setting CVar [[r.Tonemapper.Quality:5]]
[2022.01.29-17.11.03:126][  0]LogConfig: Setting CVar [[r.DOF.Gather.AccumulatorQuality:1        ; higher gathering accumulator quality]]
[2022.01.29-17.11.03:126][  0]LogConfig: Setting CVar [[r.DOF.Gather.PostfilterMethod:1          ; Median3x3 postfilering method]]
[2022.01.29-17.11.03:126][  0]LogConfig: Setting CVar [[r.DOF.Gather.EnableBokehSettings:0       ; no bokeh simulation when gathering]]
[2022.01.29-17.11.03:126][  0]LogConfig: Setting CVar [[r.DOF.Gather.RingCount:4                 ; medium number of samples when gathering]]
[2022.01.29-17.11.03:126][  0]LogConfig: Setting CVar [[r.DOF.Scatter.ForegroundCompositing:1    ; additive foreground scattering]]
[2022.01.29-17.11.03:126][  0]LogConfig: Setting CVar [[r.DOF.Scatter.BackgroundCompositing:2    ; additive background scattering]]
[2022.01.29-17.11.03:126][  0]LogConfig: Setting CVar [[r.DOF.Scatter.EnableBokehSettings:1      ; bokeh simulation when scattering]]
[2022.01.29-17.11.03:126][  0]LogConfig: Setting CVar [[r.DOF.Scatter.MaxSpriteRatio:0.1         ; only a maximum of 10% of scattered bokeh]]
[2022.01.29-17.11.03:126][  0]LogConfig: Setting CVar [[r.DOF.Recombine.Quality:1                ; cheap slight out of focus]]
[2022.01.29-17.11.03:126][  0]LogConfig: Setting CVar [[r.DOF.Recombine.EnableBokehSettings:0    ; no bokeh simulation on slight out of focus]]
[2022.01.29-17.11.03:126][  0]LogConfig: Setting CVar [[r.DOF.TemporalAAQuality:1                ; more stable temporal accumulation]]
[2022.01.29-17.11.03:126][  0]LogConfig: Setting CVar [[r.DOF.Kernel.MaxForegroundRadius:0.025]]
[2022.01.29-17.11.03:126][  0]LogConfig: Setting CVar [[r.DOF.Kernel.MaxBackgroundRadius:0.025]]
[2022.01.29-17.11.03:126][  0]LogConfig: Applying CVar settings from Section [TextureQuality@3] File [E:/UE4/Projects/WargamingAcademy/Cyberpunk2022/Saved/Config/Windows/Scalability.ini]
[2022.01.29-17.11.03:126][  0]LogConfig: Setting CVar [[r.Streaming.MipBias:0]]
[2022.01.29-17.11.03:126][  0]LogConfig: Setting CVar [[r.Streaming.AmortizeCPUToGPUCopy:0]]
[2022.01.29-17.11.03:126][  0]LogConfig: Setting CVar [[r.Streaming.MaxNumTexturesToStreamPerFrame:0]]
[2022.01.29-17.11.03:126][  0]LogConfig: Setting CVar [[r.Streaming.Boost:1]]
[2022.01.29-17.11.03:126][  0]LogConfig: Setting CVar [[r.MaxAnisotropy:8]]
[2022.01.29-17.11.03:126][  0]LogConfig: Setting CVar [[r.VT.MaxAnisotropy:8]]
[2022.01.29-17.11.03:127][  0]LogConfig: Setting CVar [[r.Streaming.LimitPoolSizeToVRAM:0]]
[2022.01.29-17.11.03:127][  0]LogConfig: Setting CVar [[r.Streaming.PoolSize:1000]]
[2022.01.29-17.11.03:127][  0]LogConfig: Setting CVar [[r.Streaming.MaxEffectiveScreenSize:0]]
[2022.01.29-17.11.03:127][  0]LogConfig: Applying CVar settings from Section [EffectsQuality@3] File [E:/UE4/Projects/WargamingAcademy/Cyberpunk2022/Saved/Config/Windows/Scalability.ini]
[2022.01.29-17.11.03:127][  0]LogConfig: Setting CVar [[r.TranslucencyLightingVolumeDim:64]]
[2022.01.29-17.11.03:127][  0]LogConfig: Setting CVar [[r.RefractionQuality:2]]
[2022.01.29-17.11.03:127][  0]LogConfig: Setting CVar [[r.SSR.Quality:3]]
[2022.01.29-17.11.03:127][  0]LogConfig: Setting CVar [[r.SSR.HalfResSceneColor:0]]
[2022.01.29-17.11.03:127][  0]LogConfig: Setting CVar [[r.SceneColorFormat:4]]
[2022.01.29-17.11.03:127][  0]LogConfig: Setting CVar [[r.DetailMode:2]]
[2022.01.29-17.11.03:127][  0]LogConfig: Setting CVar [[r.TranslucencyVolumeBlur:1]]
[2022.01.29-17.11.03:127][  0]LogConfig: Setting CVar [[r.MaterialQualityLevel:1 ; High quality]]
[2022.01.29-17.11.03:127][  0]LogConfig: Setting CVar [[r.AnisotropicMaterials:1]]
[2022.01.29-17.11.03:127][  0]LogConfig: Setting CVar [[r.SSS.Scale:1]]
[2022.01.29-17.11.03:127][  0]LogConfig: Setting CVar [[r.SSS.SampleSet:2]]
[2022.01.29-17.11.03:127][  0]LogConfig: Setting CVar [[r.SSS.Quality:1]]
[2022.01.29-17.11.03:127][  0]LogConfig: Setting CVar [[r.SSS.HalfRes:0]]
[2022.01.29-17.11.03:127][  0]LogConfig: Setting CVar [[r.SSGI.Quality:3]]
[2022.01.29-17.11.03:127][  0]LogConfig: Setting CVar [[r.EmitterSpawnRateScale:1.0]]
[2022.01.29-17.11.03:127][  0]LogConfig: Setting CVar [[r.ParticleLightQuality:2]]
[2022.01.29-17.11.03:127][  0]LogConfig: Setting CVar [[r.SkyAtmosphere.AerialPerspectiveLUT.FastApplyOnOpaque:1 ; Always have FastSkyLUT 1 in this case to avoid wrong sky]]
[2022.01.29-17.11.03:127][  0]LogConfig: Setting CVar [[r.SkyAtmosphere.AerialPerspectiveLUT.SampleCountMaxPerSlice:4]]
[2022.01.29-17.11.03:127][  0]LogConfig: Setting CVar [[r.SkyAtmosphere.AerialPerspectiveLUT.DepthResolution:16.0]]
[2022.01.29-17.11.03:127][  0]LogConfig: Setting CVar [[r.SkyAtmosphere.FastSkyLUT:1]]
[2022.01.29-17.11.03:127][  0]LogConfig: Setting CVar [[r.SkyAtmosphere.FastSkyLUT.SampleCountMin:4.0]]
[2022.01.29-17.11.03:127][  0]LogConfig: Setting CVar [[r.SkyAtmosphere.FastSkyLUT.SampleCountMax:128.0]]
[2022.01.29-17.11.03:127][  0]LogConfig: Setting CVar [[r.SkyAtmosphere.SampleCountMin:4.0]]
[2022.01.29-17.11.03:127][  0]LogConfig: Setting CVar [[r.SkyAtmosphere.SampleCountMax:128.0]]
[2022.01.29-17.11.03:127][  0]LogConfig: Setting CVar [[r.SkyAtmosphere.TransmittanceLUT.UseSmallFormat:0]]
[2022.01.29-17.11.03:127][  0]LogConfig: Setting CVar [[r.SkyAtmosphere.TransmittanceLUT.SampleCount:10.0]]
[2022.01.29-17.11.03:128][  0]LogConfig: Setting CVar [[r.SkyAtmosphere.MultiScatteringLUT.SampleCount:15.0]]
[2022.01.29-17.11.03:128][  0]LogConfig: Setting CVar [[r.SkyLight.RealTimeReflectionCapture:1]]
[2022.01.29-17.11.03:128][  0]LogConfig: Applying CVar settings from Section [FoliageQuality@3] File [E:/UE4/Projects/WargamingAcademy/Cyberpunk2022/Saved/Config/Windows/Scalability.ini]
[2022.01.29-17.11.03:128][  0]LogConfig: Setting CVar [[foliage.DensityScale:1.0]]
[2022.01.29-17.11.03:128][  0]LogConfig: Setting CVar [[grass.DensityScale:1.0]]
[2022.01.29-17.11.03:128][  0]LogConfig: Applying CVar settings from Section [ShadingQuality@3] File [E:/UE4/Projects/WargamingAcademy/Cyberpunk2022/Saved/Config/Windows/Scalability.ini]
[2022.01.29-17.11.03:128][  0]LogConfig: Setting CVar [[r.HairStrands.SkyLighting.IntegrationType:2]]
[2022.01.29-17.11.03:128][  0]LogConfig: Setting CVar [[r.HairStrands.SkyAO.SampleCount:4]]
[2022.01.29-17.11.03:128][  0]LogConfig: Setting CVar [[r.HairStrands.Visibility.MSAA.SamplePerPixel:4]]
[2022.01.29-17.11.03:128][  0]LogInit: Selected Device Profile: [Windows]
[2022.01.29-17.11.03:128][  0]LogInit: Applying CVar settings loaded from the selected device profile: [Windows]
[2022.01.29-17.11.03:128][  0]LogHAL: Display: Platform has ~ 16 GB [16487870464 / 17179869184 / 16], which maps to Larger [LargestMinGB=32, LargerMinGB=12, DefaultMinGB=8, SmallerMinGB=6, SmallestMinGB=0)
[2022.01.29-17.11.03:128][  0]LogInit: Going up to parent DeviceProfile []
[2022.01.29-17.11.03:128][  0]LogConfig: Applying CVar settings from Section [ViewDistanceQuality@3] File [E:/UE4/Projects/WargamingAcademy/Cyberpunk2022/Saved/Config/Windows/Scalability.ini]
[2022.01.29-17.11.03:128][  0]LogConfig: Setting CVar [[r.SkeletalMeshLODBias:0]]
[2022.01.29-17.11.03:128][  0]LogConfig: Setting CVar [[r.ViewDistanceScale:1.0]]
[2022.01.29-17.11.03:128][  0]LogConfig: Applying CVar settings from Section [AntiAliasingQuality@3] File [E:/UE4/Projects/WargamingAcademy/Cyberpunk2022/Saved/Config/Windows/Scalability.ini]
[2022.01.29-17.11.03:128][  0]LogConfig: Setting CVar [[r.PostProcessAAQuality:4]]
[2022.01.29-17.11.03:128][  0]LogConfig: Applying CVar settings from Section [ShadowQuality@3] File [E:/UE4/Projects/WargamingAcademy/Cyberpunk2022/Saved/Config/Windows/Scalability.ini]
[2022.01.29-17.11.03:128][  0]LogConfig: Setting CVar [[r.LightFunctionQuality:1]]
[2022.01.29-17.11.03:128][  0]LogConfig: Setting CVar [[r.ShadowQuality:5]]
[2022.01.29-17.11.03:129][  0]LogConfig: Setting CVar [[r.Shadow.CSM.MaxCascades:10]]
[2022.01.29-17.11.03:129][  0]LogConfig: Setting CVar [[r.Shadow.MaxResolution:2048]]
[2022.01.29-17.11.03:129][  0]LogConfig: Setting CVar [[r.Shadow.MaxCSMResolution:2048]]
[2022.01.29-17.11.03:129][  0]LogConfig: Setting CVar [[r.Shadow.RadiusThreshold:0.01]]
[2022.01.29-17.11.03:129][  0]LogConfig: Setting CVar [[r.Shadow.DistanceScale:1.0]]
[2022.01.29-17.11.03:129][  0]LogConfig: Setting CVar [[r.Shadow.CSM.TransitionScale:1.0]]
[2022.01.29-17.11.03:129][  0]LogConfig: Setting CVar [[r.Shadow.PreShadowResolutionFactor:1.0]]
[2022.01.29-17.11.03:129][  0]LogConfig: Setting CVar [[r.DistanceFieldShadowing:1]]
[2022.01.29-17.11.03:129][  0]LogConfig: Setting CVar [[r.DistanceFieldAO:1]]
[2022.01.29-17.11.03:129][  0]LogConfig: Setting CVar [[r.AOQuality:2]]
[2022.01.29-17.11.03:129][  0]LogConfig: Setting CVar [[r.VolumetricFog:1]]
[2022.01.29-17.11.03:129][  0]LogConfig: Setting CVar [[r.VolumetricFog.GridPixelSize:8]]
[2022.01.29-17.11.03:129][  0]LogConfig: Setting CVar [[r.VolumetricFog.GridSizeZ:128]]
[2022.01.29-17.11.03:129][  0]LogConfig: Setting CVar [[r.VolumetricFog.HistoryMissSupersampleCount:4]]
[2022.01.29-17.11.03:129][  0]LogConfig: Setting CVar [[r.LightMaxDrawDistanceScale:1]]
[2022.01.29-17.11.03:129][  0]LogConfig: Setting CVar [[r.CapsuleShadows:1]]
[2022.01.29-17.11.03:129][  0]LogConfig: Applying CVar settings from Section [PostProcessQuality@3] File [E:/UE4/Projects/WargamingAcademy/Cyberpunk2022/Saved/Config/Windows/Scalability.ini]
[2022.01.29-17.11.03:129][  0]LogConfig: Setting CVar [[r.MotionBlurQuality:4]]
[2022.01.29-17.11.03:129][  0]LogConfig: Setting CVar [[r.AmbientOcclusionMipLevelFactor:0.4]]
[2022.01.29-17.11.03:129][  0]LogConfig: Setting CVar [[r.AmbientOcclusionMaxQuality:100]]
[2022.01.29-17.11.03:129][  0]LogConfig: Setting CVar [[r.AmbientOcclusionLevels:-1]]
[2022.01.29-17.11.03:129][  0]LogConfig: Setting CVar [[r.AmbientOcclusionRadiusScale:1.0]]
[2022.01.29-17.11.03:129][  0]LogConfig: Setting CVar [[r.DepthOfFieldQuality:2]]
[2022.01.29-17.11.03:129][  0]LogConfig: Setting CVar [[r.RenderTargetPoolMin:400]]
[2022.01.29-17.11.03:129][  0]LogConfig: Setting CVar [[r.LensFlareQuality:2]]
[2022.01.29-17.11.03:129][  0]LogConfig: Setting CVar [[r.SceneColorFringeQuality:1]]
[2022.01.29-17.11.03:129][  0]LogConfig: Setting CVar [[r.EyeAdaptationQuality:2]]
[2022.01.29-17.11.03:129][  0]LogConfig: Setting CVar [[r.BloomQuality:5]]
[2022.01.29-17.11.03:130][  0]LogConfig: Setting CVar [[r.FastBlurThreshold:100]]
[2022.01.29-17.11.03:130][  0]LogConfig: Setting CVar [[r.Upscale.Quality:3]]
[2022.01.29-17.11.03:130][  0]LogConfig: Setting CVar [[r.Tonemapper.GrainQuantization:1]]
[2022.01.29-17.11.03:130][  0]LogConfig: Setting CVar [[r.LightShaftQuality:1]]
[2022.01.29-17.11.03:130][  0]LogConfig: Setting CVar [[r.Filter.SizeScale:1]]
[2022.01.29-17.11.03:130][  0]LogConfig: Setting CVar [[r.Tonemapper.Quality:5]]
[2022.01.29-17.11.03:130][  0]LogConfig: Setting CVar [[r.DOF.Gather.AccumulatorQuality:1        ; higher gathering accumulator quality]]
[2022.01.29-17.11.03:130][  0]LogConfig: Setting CVar [[r.DOF.Gather.PostfilterMethod:1          ; Median3x3 postfilering method]]
[2022.01.29-17.11.03:130][  0]LogConfig: Setting CVar [[r.DOF.Gather.EnableBokehSettings:0       ; no bokeh simulation when gathering]]
[2022.01.29-17.11.03:130][  0]LogConfig: Setting CVar [[r.DOF.Gather.RingCount:4                 ; medium number of samples when gathering]]
[2022.01.29-17.11.03:130][  0]LogConfig: Setting CVar [[r.DOF.Scatter.ForegroundCompositing:1    ; additive foreground scattering]]
[2022.01.29-17.11.03:130][  0]LogConfig: Setting CVar [[r.DOF.Scatter.BackgroundCompositing:2    ; additive background scattering]]
[2022.01.29-17.11.03:130][  0]LogConfig: Setting CVar [[r.DOF.Scatter.EnableBokehSettings:1      ; bokeh simulation when scattering]]
[2022.01.29-17.11.03:130][  0]LogConfig: Setting CVar [[r.DOF.Scatter.MaxSpriteRatio:0.1         ; only a maximum of 10% of scattered bokeh]]
[2022.01.29-17.11.03:130][  0]LogConfig: Setting CVar [[r.DOF.Recombine.Quality:1                ; cheap slight out of focus]]
[2022.01.29-17.11.03:130][  0]LogConfig: Setting CVar [[r.DOF.Recombine.EnableBokehSettings:0    ; no bokeh simulation on slight out of focus]]
[2022.01.29-17.11.03:130][  0]LogConfig: Setting CVar [[r.DOF.TemporalAAQuality:1                ; more stable temporal accumulation]]
[2022.01.29-17.11.03:130][  0]LogConfig: Setting CVar [[r.DOF.Kernel.MaxForegroundRadius:0.025]]
[2022.01.29-17.11.03:130][  0]LogConfig: Setting CVar [[r.DOF.Kernel.MaxBackgroundRadius:0.025]]
[2022.01.29-17.11.03:130][  0]LogConfig: Applying CVar settings from Section [TextureQuality@3] File [E:/UE4/Projects/WargamingAcademy/Cyberpunk2022/Saved/Config/Windows/Scalability.ini]
[2022.01.29-17.11.03:130][  0]LogConfig: Setting CVar [[r.Streaming.MipBias:0]]
[2022.01.29-17.11.03:130][  0]LogConfig: Setting CVar [[r.Streaming.AmortizeCPUToGPUCopy:0]]
[2022.01.29-17.11.03:130][  0]LogConfig: Setting CVar [[r.Streaming.MaxNumTexturesToStreamPerFrame:0]]
[2022.01.29-17.11.03:130][  0]LogConfig: Setting CVar [[r.Streaming.Boost:1]]
[2022.01.29-17.11.03:130][  0]LogConfig: Setting CVar [[r.MaxAnisotropy:8]]
[2022.01.29-17.11.03:130][  0]LogConfig: Setting CVar [[r.VT.MaxAnisotropy:8]]
[2022.01.29-17.11.03:130][  0]LogConfig: Setting CVar [[r.Streaming.LimitPoolSizeToVRAM:0]]
[2022.01.29-17.11.03:131][  0]LogConfig: Setting CVar [[r.Streaming.PoolSize:1000]]
[2022.01.29-17.11.03:131][  0]LogConfig: Setting CVar [[r.Streaming.MaxEffectiveScreenSize:0]]
[2022.01.29-17.11.03:131][  0]LogConfig: Applying CVar settings from Section [EffectsQuality@3] File [E:/UE4/Projects/WargamingAcademy/Cyberpunk2022/Saved/Config/Windows/Scalability.ini]
[2022.01.29-17.11.03:131][  0]LogConfig: Setting CVar [[r.TranslucencyLightingVolumeDim:64]]
[2022.01.29-17.11.03:131][  0]LogConfig: Setting CVar [[r.RefractionQuality:2]]
[2022.01.29-17.11.03:131][  0]LogConfig: Setting CVar [[r.SSR.Quality:3]]
[2022.01.29-17.11.03:131][  0]LogConfig: Setting CVar [[r.SSR.HalfResSceneColor:0]]
[2022.01.29-17.11.03:131][  0]LogConfig: Setting CVar [[r.SceneColorFormat:4]]
[2022.01.29-17.11.03:131][  0]LogConfig: Setting CVar [[r.DetailMode:2]]
[2022.01.29-17.11.03:131][  0]LogConfig: Setting CVar [[r.TranslucencyVolumeBlur:1]]
[2022.01.29-17.11.03:131][  0]LogConfig: Setting CVar [[r.MaterialQualityLevel:1 ; High quality]]
[2022.01.29-17.11.03:131][  0]LogConfig: Setting CVar [[r.AnisotropicMaterials:1]]
[2022.01.29-17.11.03:131][  0]LogConfig: Setting CVar [[r.SSS.Scale:1]]
[2022.01.29-17.11.03:131][  0]LogConfig: Setting CVar [[r.SSS.SampleSet:2]]
[2022.01.29-17.11.03:131][  0]LogConfig: Setting CVar [[r.SSS.Quality:1]]
[2022.01.29-17.11.03:131][  0]LogConfig: Setting CVar [[r.SSS.HalfRes:0]]
[2022.01.29-17.11.03:131][  0]LogConfig: Setting CVar [[r.SSGI.Quality:3]]
[2022.01.29-17.11.03:131][  0]LogConfig: Setting CVar [[r.EmitterSpawnRateScale:1.0]]
[2022.01.29-17.11.03:131][  0]LogConfig: Setting CVar [[r.ParticleLightQuality:2]]
[2022.01.29-17.11.03:131][  0]LogConfig: Setting CVar [[r.SkyAtmosphere.AerialPerspectiveLUT.FastApplyOnOpaque:1 ; Always have FastSkyLUT 1 in this case to avoid wrong sky]]
[2022.01.29-17.11.03:131][  0]LogConfig: Setting CVar [[r.SkyAtmosphere.AerialPerspectiveLUT.SampleCountMaxPerSlice:4]]
[2022.01.29-17.11.03:131][  0]LogConfig: Setting CVar [[r.SkyAtmosphere.AerialPerspectiveLUT.DepthResolution:16.0]]
[2022.01.29-17.11.03:131][  0]LogConfig: Setting CVar [[r.SkyAtmosphere.FastSkyLUT:1]]
[2022.01.29-17.11.03:131][  0]LogConfig: Setting CVar [[r.SkyAtmosphere.FastSkyLUT.SampleCountMin:4.0]]
[2022.01.29-17.11.03:132][  0]LogConfig: Setting CVar [[r.SkyAtmosphere.FastSkyLUT.SampleCountMax:128.0]]
[2022.01.29-17.11.03:132][  0]LogConfig: Setting CVar [[r.SkyAtmosphere.SampleCountMin:4.0]]
[2022.01.29-17.11.03:132][  0]LogConfig: Setting CVar [[r.SkyAtmosphere.SampleCountMax:128.0]]
[2022.01.29-17.11.03:132][  0]LogConfig: Setting CVar [[r.SkyAtmosphere.TransmittanceLUT.UseSmallFormat:0]]
[2022.01.29-17.11.03:132][  0]LogConfig: Setting CVar [[r.SkyAtmosphere.TransmittanceLUT.SampleCount:10.0]]
[2022.01.29-17.11.03:132][  0]LogConfig: Setting CVar [[r.SkyAtmosphere.MultiScatteringLUT.SampleCount:15.0]]
[2022.01.29-17.11.03:132][  0]LogConfig: Setting CVar [[r.SkyLight.RealTimeReflectionCapture:1]]
[2022.01.29-17.11.03:132][  0]LogConfig: Applying CVar settings from Section [FoliageQuality@3] File [E:/UE4/Projects/WargamingAcademy/Cyberpunk2022/Saved/Config/Windows/Scalability.ini]
[2022.01.29-17.11.03:132][  0]LogConfig: Setting CVar [[foliage.DensityScale:1.0]]
[2022.01.29-17.11.03:132][  0]LogConfig: Setting CVar [[grass.DensityScale:1.0]]
[2022.01.29-17.11.03:132][  0]LogConfig: Applying CVar settings from Section [ShadingQuality@3] File [E:/UE4/Projects/WargamingAcademy/Cyberpunk2022/Saved/Config/Windows/Scalability.ini]
[2022.01.29-17.11.03:132][  0]LogConfig: Setting CVar [[r.HairStrands.SkyLighting.IntegrationType:2]]
[2022.01.29-17.11.03:132][  0]LogConfig: Setting CVar [[r.HairStrands.SkyAO.SampleCount:4]]
[2022.01.29-17.11.03:132][  0]LogConfig: Setting CVar [[r.HairStrands.Visibility.MSAA.SamplePerPixel:4]]
[2022.01.29-17.11.03:132][  0]LogConfig: Applying CVar settings from Section [Startup] File [../../../Engine/Config/ConsoleVariables.ini]
[2022.01.29-17.11.03:132][  0]LogConfig: Setting CVar [[net.UseAdaptiveNetUpdateFrequency:0]]
[2022.01.29-17.11.03:132][  0]LogConfig: Setting CVar [[p.chaos.AllowCreatePhysxBodies:1]]
[2022.01.29-17.11.03:132][  0]LogConfig: Setting CVar [[fx.SkipVectorVMBackendOptimizations:1]]
[2022.01.29-17.11.03:132][  0]LogConfig: Applying CVar settings from Section [ConsoleVariables] File [E:/UE4/Projects/WargamingAcademy/Cyberpunk2022/Saved/Config/Windows/Engine.ini]
[2022.01.29-17.11.03:132][  0]LogConfig: Applying CVar settings from Section [ConsoleVariables] File [E:/UE4/Projects/WargamingAcademy/Cyberpunk2022/Saved/Config/Windows/Editor.ini]
[2022.01.29-17.11.03:133][  0]LogInit: Computer: DESKTOP-P6OQVGL
[2022.01.29-17.11.03:133][  0]LogInit: User: Artem
[2022.01.29-17.11.03:133][  0]LogInit: CPU Page size=4096, Cores=6
[2022.01.29-17.11.03:133][  0]LogInit: High frequency timer resolution =10.000000 MHz
[2022.01.29-17.11.03:133][  0]LogMemory: Memory total: Physical=15.4GB (16GB approx)
[2022.01.29-17.11.03:133][  0]LogMemory: Platform Memory Stats for Windows
[2022.01.29-17.11.03:133][  0]LogMemory: Process Physical Memory: 145.70 MB used, 145.71 MB peak
[2022.01.29-17.11.03:133][  0]LogMemory: Process Virtual Memory: 126.82 MB used, 126.82 MB peak
[2022.01.29-17.11.03:133][  0]LogMemory: Physical Memory: 10968.08 MB used,  4755.98 MB free, 15724.06 MB total
[2022.01.29-17.11.03:133][  0]LogMemory: Virtual Memory: 134204784.00 MB used,  12939.93 MB free, 134217728.00 MB total
[2022.01.29-17.11.03:140][  0]LogWindows: WindowsPlatformFeatures enabled
[2022.01.29-17.11.03:246][  0]LogInit: Physics initialised using underlying interface: PhysX
[2022.01.29-17.11.03:247][  0]LogInit: Using OS detected language (en-US).
[2022.01.29-17.11.03:247][  0]LogInit: Using OS detected locale (en-US).
[2022.01.29-17.11.03:249][  0]LogTextLocalizationManager: No specific localization for 'en-US' exists, so the 'en' localization will be used.
[2022.01.29-17.11.03:428][  0]LogInit: Setting process to per monitor DPI aware
[2022.01.29-17.11.03:446][  0]LogWindowsTextInputMethodSystem: Display: IME system deactivated.
[2022.01.29-17.11.03:462][  0]LogSlate: New Slate User Created.  User Index 0, Is Virtual User: 0
[2022.01.29-17.11.03:462][  0]LogSlate: Slate User Registered.  User Index 0, Is Virtual User: 0
[2022.01.29-17.11.03:575][  0]LogD3D11RHI: Loaded GFSDK_Aftermath_Lib.x64.dll
[2022.01.29-17.11.03:599][  0]LogHMD: Failed to initialize OpenVR with code 110
[2022.01.29-17.11.03:599][  0]LogD3D11RHI: D3D11 min allowed feature level: 11_0
[2022.01.29-17.11.03:599][  0]LogD3D11RHI: D3D11 max allowed feature level: 11_0
[2022.01.29-17.11.03:599][  0]LogD3D11RHI: D3D11 adapters:
[2022.01.29-17.11.03:770][  0]LogD3D11RHI:    0. 'NVIDIA GeForce RTX 3060 Laptop GPU' (Feature Level 11_0)
[2022.01.29-17.11.03:770][  0]LogD3D11RHI:       6023/0/7862 MB DedicatedVideo/DedicatedSystem/SharedSystem, Outputs:1, VendorId:0x10de
[2022.01.29-17.11.03:810][  0]LogD3D11RHI:    1. 'AMD Radeon(TM) Graphics' (Feature Level 11_0)
[2022.01.29-17.11.03:810][  0]LogD3D11RHI:       496/0/7862 MB DedicatedVideo/DedicatedSystem/SharedSystem, Outputs:0, VendorId:0x1002
[2022.01.29-17.11.03:813][  0]LogD3D11RHI:    2. 'Microsoft Basic Render Driver' (Feature Level 11_0)
[2022.01.29-17.11.03:814][  0]LogD3D11RHI:       0/0/7862 MB DedicatedVideo/DedicatedSystem/SharedSystem, Outputs:0, VendorId:0x1414
[2022.01.29-17.11.03:814][  0]LogD3D11RHI: Chosen D3D11 Adapter:
[2022.01.29-17.11.03:814][  0]LogD3D11RHI:     Description : NVIDIA GeForce RTX 3060 Laptop GPU
[2022.01.29-17.11.03:814][  0]LogD3D11RHI:     VendorId    : 10de
[2022.01.29-17.11.03:814][  0]LogD3D11RHI:     DeviceId    : 2520
[2022.01.29-17.11.03:814][  0]LogD3D11RHI:     SubSysId    : 151f1025
[2022.01.29-17.11.03:814][  0]LogD3D11RHI:     Revision    : 00a1
[2022.01.29-17.11.03:814][  0]LogD3D11RHI:     DedicatedVideoMemory : 6315573248 bytes
[2022.01.29-17.11.03:814][  0]LogD3D11RHI:     DedicatedSystemMemory : 0 bytes
[2022.01.29-17.11.03:814][  0]LogD3D11RHI:     SharedSystemMemory : 8243935232 bytes
[2022.01.29-17.11.03:814][  0]LogD3D11RHI:     AdapterLuid : 0 58340
[2022.01.29-17.11.03:821][  0]LogD3D11RHI: Creating new Direct3DDevice
[2022.01.29-17.11.03:821][  0]LogD3D11RHI:     GPU DeviceId: 0x2520 (for the marketing name, search the web for "GPU Device Id")
[2022.01.29-17.11.03:821][  0]LogWindows: EnumDisplayDevices:
[2022.01.29-17.11.03:821][  0]LogWindows:    0. 'AMD Radeon(TM) Graphics' (P:1 D:1)
[2022.01.29-17.11.03:822][  0]LogWindows:    1. 'AMD Radeon(TM) Graphics' (P:0 D:0)
[2022.01.29-17.11.03:822][  0]LogWindows:    2. 'AMD Radeon(TM) Graphics' (P:0 D:0)
[2022.01.29-17.11.03:822][  0]LogWindows:    3. 'NVIDIA GeForce RTX 3060 Laptop GPU' (P:0 D:0)
[2022.01.29-17.11.03:822][  0]LogWindows: DebugString: PrimaryIsNotTheChoosenAdapter PrimaryIsNotTheChoosenAdapter PrimaryIsNotTheChoosenAdapter 
[2022.01.29-17.11.03:822][  0]LogD3D11RHI:     Adapter Name: NVIDIA GeForce RTX 3060 Laptop GPU
[2022.01.29-17.11.03:822][  0]LogD3D11RHI:   Driver Version: 497.09 (internal:30.0.14.9709, unified:497.09)
[2022.01.29-17.11.03:822][  0]LogD3D11RHI:      Driver Date: 11-26-2021
[2022.01.29-17.11.03:822][  0]LogRHI: Texture pool is 4216 MB (70% of 6023 MB)
[2022.01.29-17.11.03:822][  0]LogD3D11RHI: Creating D3DDevice using adapter:
[2022.01.29-17.11.03:823][  0]LogD3D11RHI:     Description : NVIDIA GeForce RTX 3060 Laptop GPU
[2022.01.29-17.11.03:823][  0]LogD3D11RHI:     VendorId    : 10de
[2022.01.29-17.11.03:823][  0]LogD3D11RHI:     DeviceId    : 2520
[2022.01.29-17.11.03:823][  0]LogD3D11RHI:     SubSysId    : 151f1025
[2022.01.29-17.11.03:823][  0]LogD3D11RHI:     Revision    : 00a1
[2022.01.29-17.11.03:823][  0]LogD3D11RHI:     DedicatedVideoMemory : 6315573248 bytes
[2022.01.29-17.11.03:823][  0]LogD3D11RHI:     DedicatedSystemMemory : 0 bytes
[2022.01.29-17.11.03:823][  0]LogD3D11RHI:     SharedSystemMemory : 8243935232 bytes
[2022.01.29-17.11.03:823][  0]LogD3D11RHI:     AdapterLuid : 0 58340
[2022.01.29-17.11.03:888][  0]LogD3D11RHI: RHI has support for 64 bit atomics
[2022.01.29-17.11.03:888][  0]LogD3D11RHI: Async texture creation enabled
[2022.01.29-17.11.03:888][  0]LogD3D11RHI: Array index from any shader is supported
[2022.01.29-17.11.03:922][  0]LogD3D11RHI: GPU Timing Frequency: 1000.000000 (Debug: 2 2)
[2022.01.29-17.11.03:951][  0]LogRHI: GeForceNow SDK initialized: 1
[2022.01.29-17.11.04:205][  0]LogTargetPlatformManager: Display: Loaded TargetPlatform 'AllDesktop'
[2022.01.29-17.11.04:225][  0]LogTargetPlatformManager: Display: Loaded TargetPlatform 'Android'
[2022.01.29-17.11.04:225][  0]LogTargetPlatformManager: Display: Loaded TargetPlatform 'Android_ASTC'
[2022.01.29-17.11.04:225][  0]LogTargetPlatformManager: Display: Loaded TargetPlatform 'Android_DXT'
[2022.01.29-17.11.04:225][  0]LogTargetPlatformManager: Display: Loaded TargetPlatform 'Android_ETC2'
[2022.01.29-17.11.04:225][  0]LogTargetPlatformManager: Display: Loaded TargetPlatform 'AndroidClient'
[2022.01.29-17.11.04:225][  0]LogTargetPlatformManager: Display: Loaded TargetPlatform 'Android_ASTCClient'
[2022.01.29-17.11.04:225][  0]LogTargetPlatformManager: Display: Loaded TargetPlatform 'Android_DXTClient'
[2022.01.29-17.11.04:225][  0]LogTargetPlatformManager: Display: Loaded TargetPlatform 'Android_ETC2Client'
[2022.01.29-17.11.04:225][  0]LogTargetPlatformManager: Display: Loaded TargetPlatform 'Android_Multi'
[2022.01.29-17.11.04:225][  0]LogTargetPlatformManager: Display: Loaded TargetPlatform 'Android_MultiClient'
[2022.01.29-17.11.04:249][  0]LogTargetPlatformManager: Display: Loaded TargetPlatform 'IOSClient'
[2022.01.29-17.11.04:249][  0]LogTargetPlatformManager: Display: Loaded TargetPlatform 'IOS'
[2022.01.29-17.11.04:259][  0]LogTargetPlatformManager: Display: Loaded TargetPlatform 'Linux'
[2022.01.29-17.11.04:265][  0]LogTargetPlatformManager: Display: Loaded TargetPlatform 'LinuxNoEditor'
[2022.01.29-17.11.04:271][  0]LogTargetPlatformManager: Display: Loaded TargetPlatform 'LinuxClient'
[2022.01.29-17.11.04:277][  0]LogTargetPlatformManager: Display: Loaded TargetPlatform 'LinuxServer'
[2022.01.29-17.11.04:286][  0]LogTargetPlatformManager: Display: Loaded TargetPlatform 'LinuxAArch64NoEditor'
[2022.01.29-17.11.04:292][  0]LogTargetPlatformManager: Display: Loaded TargetPlatform 'LinuxAArch64Client'
[2022.01.29-17.11.04:298][  0]LogTargetPlatformManager: Display: Loaded TargetPlatform 'LinuxAArch64Server'
[2022.01.29-17.11.04:317][  0]LogTargetPlatformManager: Display: Loaded TargetPlatform 'Lumin'
[2022.01.29-17.11.04:318][  0]LogTargetPlatformManager: Display: Loaded TargetPlatform 'LuminClient'
[2022.01.29-17.11.04:327][  0]LogTargetPlatformManager: Display: Loaded TargetPlatform 'MacNoEditor'
[2022.01.29-17.11.04:332][  0]LogTargetPlatformManager: Display: Loaded TargetPlatform 'Mac'
[2022.01.29-17.11.04:336][  0]LogTargetPlatformManager: Display: Loaded TargetPlatform 'MacClient'
[2022.01.29-17.11.04:341][  0]LogTargetPlatformManager: Display: Loaded TargetPlatform 'MacServer'
[2022.01.29-17.11.04:351][  0]LogTargetPlatformManager: Display: Loaded TargetPlatform 'TVOSClient'
[2022.01.29-17.11.04:351][  0]LogTargetPlatformManager: Display: Loaded TargetPlatform 'TVOS'
[2022.01.29-17.11.04:360][  0]LogTargetPlatformManager: Display: Loaded TargetPlatform 'WindowsNoEditor'
[2022.01.29-17.11.04:367][  0]LogTargetPlatformManager: Display: Loaded TargetPlatform 'Windows'
[2022.01.29-17.11.04:373][  0]LogTargetPlatformManager: Display: Loaded TargetPlatform 'WindowsClient'
[2022.01.29-17.11.04:378][  0]LogTargetPlatformManager: Display: Loaded TargetPlatform 'WindowsServer'
[2022.01.29-17.11.04:378][  0]LogTargetPlatformManager: Display: Building Assets For Windows
[2022.01.29-17.11.04:387][  0]LogAudioDebug: Display: Lib vorbis DLL was dynamically loaded.
[2022.01.29-17.11.04:423][  0]LogTextureFormatOodle: Display: Oodle Texture 2.9.0 init RDO Off
[2022.01.29-17.11.04:467][  0]LogRendererCore: Ray tracing is disabled. Reason: r.RayTracing=0.
[2022.01.29-17.11.04:467][  0]LogShaderCompilers: Guid format shader working directory is -6 characters bigger than the processId version (../../../../Projects/WargamingAcademy/Cyberpunk2022/Intermediate/Shaders/WorkingDirectory/24000/).
[2022.01.29-17.11.04:467][  0]LogShaderCompilers: Cleaned the shader compiler working directory 'C:/Users/Artem/AppData/Local/Temp/UnrealShaderWorkingDir/E7A46103455C9B5F8A37C183E4FBD725/'.
[2022.01.29-17.11.04:468][  0]LogXGEController: Cannot use XGE Controller as Incredibuild is not installed on this machine.
[2022.01.29-17.11.04:468][  0]LogShaderCompilers: Cannot use XGE Shader Compiler as Incredibuild is not installed on this machine.
[2022.01.29-17.11.04:468][  0]LogShaderCompilers: Display: Using Local Shader Compiler.
[2022.01.29-17.11.05:074][  0]LogDerivedDataCache: Display: Max Cache Size: 512 MB
[2022.01.29-17.11.05:128][  0]LogDerivedDataCache: Loaded boot cache 0.05s 102MB C:/Users/Artem/AppData/Local/UnrealEngine/4.27/DerivedDataCache/Boot.ddc.
[2022.01.29-17.11.05:128][  0]LogDerivedDataCache: Display: Loaded Boot cache: C:/Users/Artem/AppData/Local/UnrealEngine/4.27/DerivedDataCache/Boot.ddc
[2022.01.29-17.11.05:129][  0]LogDerivedDataCache: FDerivedDataBackendGraph:  Pak pak cache file ../../../../Projects/WargamingAcademy/Cyberpunk2022/DerivedDataCache/DDC.ddp not found, will not use a pak cache.
[2022.01.29-17.11.05:129][  0]LogDerivedDataCache: Unable to find inner node Pak for hierarchical cache Hierarchy.
[2022.01.29-17.11.05:129][  0]LogDerivedDataCache: FDerivedDataBackendGraph:  CompressedPak pak cache file ../../../../Projects/WargamingAcademy/Cyberpunk2022/DerivedDataCache/Compressed.ddp not found, will not use a pak cache.
[2022.01.29-17.11.05:129][  0]LogDerivedDataCache: Unable to find inner node CompressedPak for hierarchical cache Hierarchy.
[2022.01.29-17.11.05:145][  0]LogDerivedDataCache: Display: Pak cache opened for reading ../../../Engine/DerivedDataCache/Compressed.ddp.
[2022.01.29-17.11.05:145][  0]LogDerivedDataCache: FDerivedDataBackendGraph:  EnterprisePak pak cache file ../../../Enterprise/DerivedDataCache/Compressed.ddp not found, will not use a pak cache.
[2022.01.29-17.11.05:146][  0]LogDerivedDataCache: Unable to find inner node EnterprisePak for hierarchical cache Hierarchy.
[2022.01.29-17.11.05:151][  0]LogDerivedDataCache: Speed tests for C:/Users/Artem/AppData/Local/UnrealEngine/Common/DerivedDataCache took 0.01 seconds
[2022.01.29-17.11.05:151][  0]LogDerivedDataCache: Display: Performance to C:/Users/Artem/AppData/Local/UnrealEngine/Common/DerivedDataCache: Latency=0.02ms. RandomReadSpeed=1672.70MBs, RandomWriteSpeed=221.08MBs. Assigned SpeedClass 'Local'
[2022.01.29-17.11.05:153][  0]LogDerivedDataCache: Using Local data cache path C:/Users/Artem/AppData/Local/UnrealEngine/Common/DerivedDataCache: Writable
[2022.01.29-17.11.05:154][  0]LogDerivedDataCache: Shared data cache path not found in *engine.ini, will not use an Shared cache.
[2022.01.29-17.11.05:154][  0]LogDerivedDataCache: Unable to find inner node Shared for hierarchical cache Hierarchy.
[2022.01.29-17.11.05:193][  0]LogSlate: Using FreeType 2.10.0
[2022.01.29-17.11.05:194][  0]LogSlate: SlateFontServices - WITH_FREETYPE: 1, WITH_HARFBUZZ: 1
[2022.01.29-17.11.05:217][  0]LogAssetRegistry: FAssetRegistry took 0.0046 seconds to start up
[2022.01.29-17.11.05:433][  0]LogInit: Selected Device Profile: [Windows]
[2022.01.29-17.11.05:434][  0]LogInit: Active device profile: [00000207C2CC6C00][00000207BF81D080 49] Windows
[2022.01.29-17.11.05:434][  0]LogInit: Profiles: [00000207C2CC6C00][00000207BF81D080 49] Windows, [00000207C2C89600][00000207BF825200 49] WindowsNoEditor, [00000207C2CC5600][00000207BF83D380 49] WindowsServer, [00000207C2C8A300][00000207BF849500 49] WindowsClient, [00000207C2CC6200][00000207BF84D680 49] IOS, [00000207C2C8A600][00000207BF851800 49] iPadAir, [00000207C2CC6900][00000207BF855980 49] iPadAir2, [00000207C2C06C00][00000207C1C740C0 49] IPadPro, [00000207C2C06D00][00000207C1C70100 49] iPadAir3, [00000207C2CC7400][00000207C1C7C280 49] iPadAir4, [00000207C2C07400][00000207C1C80400 49] iPadMini2, [00000207C2CC5D00][00000207C1C84580 49] iPadMini3, [00000207C2C05200][00000207C32EC700 49] iPadMini4, [00000207C2CC4B00][00000207BF820840 49] iPadMini5, [00000207C2C52500][00000207C32F4A80 49] iPhone6, [00000207C2C52600][00000207C32F0AC0 49] iPodTouch6, [00000207C2C05F00][00000207C32F8D80 49] iPhone7, [00000207C2C06000][00000207C1C78DC0 49] iPodTouch7, [00000207C2C52900][00000207C32FCF40 49] iPhone5S, [00000207C2C04A00][00000207C33010C0 49] iPhone6Plus, [00000207C2C51200][00000207C3305240 49] iPhone6S, [00000207C2C07B00][00000207C33093C0 49] iPhone6SPlus, [00000207C2C53C00][00000207C1D79540 49] iPhone7Plus, [00000207C2C07700][00000207C37616C0 49] iPhoneSE, [00000207C2C52F00][00000207C3765840 49] iPhone8, [00000207C2C04700][00000207C37699C0 49] iPhone8Plus, [00000207C2C51800][00000207C376DB40 49] iPhoneX, [00000207C2C07000][00000207C1D7C140 49] iPhoneXS, [00000207C2C53F00][00000207C1D802C0 49] iPhoneXSMax, [00000207C2C06400][00000207C1D84440 49] iPhoneXR, [00000207C2C53E00][00000207BF7A45C0 49] iPhone11, [00000207C2C04F00][00000207C1F4A740 49] iPhone11Pro, [00000207C2C53000][00000207C1F468C0 49] iPhone11ProMax, [00000207C2C06E00][00000207C1C88A00 49] iPhoneSE2, [00000207C2C50500][00000207C1F42B40 49] iPhone12Mini, [00000207C2C07D00][00000207C1F3EC80 49] iPhone12, [00000207C2C50600][00000207C1F3ADC0 49] iPhone12Pro, [00000207C2C04800][00000207C1F2AF40 49] iPhone12ProMax, [00000207C2C53300][00000207C1F270C0 49] iPadPro105, [00000207C2C04600][00000207C1F23240 49] iPadPro129, [00000207C2C50A00][00000207BF7F53C0 49] iPadPro97, [00000207C2C07900][00000207BF7F1540 49] iPadPro2_129, [00000207C2C51F00][00000207BB17D6C0 49] iPad5, [00000207C2C07800][00000207C1D89840 49] iPad6, [00000207C2C50B00][00000207C1D8D9C0 49] iPad7, [00000207C2C07100][00000207C1D91B40 49] iPad8, [00000207C2C50700][00000207C1D94140 49] iPadPro11, [00000207C2C06300][00000207B69F62C0 49] iPadPro2_11, [00000207C2C50C00][00000207B69FA440 49] iPadPro3_129, [00000207C2C04300][00000207B69FE5C0 49] iPadPro4_129, [00000207C2C89900][00000207B6A02740 49] AppleTV, [00000207C2D24800][00000207B6A068C0 49] AppleTV4K, [00000207C2C8B500][00000207B6A0AA40 49] TVOS, [00000207C2D25C00][00000207C1F2EB80 49] Mac, [00000207C2C8B200][00000207B6A0ECC0 49] MacClient, [00000207C2D25600][00000207B6A12E00 49] MacNoEditor, [00000207C2C8B900][00000207BF7A8F40 49] MacServer, [00000207C2D26100][00000207BF7B10C0 49] Linux, [00000207C2C8A400][00000207BF7B5240 49] LinuxAArch64, [00000207C2D24C00][00000207BF7B93C0 49] LinuxNoEditor, [00000207C2C8B600][00000207BF7BD540 49] LinuxAArch64NoEditor, [00000207C2D25100][00000207BF7C16C0 49] LinuxClient, [00000207C2C8A900][00000207BF7C5840 49] LinuxAArch64Client, [00000207C2D25A00][00000207BF7C99C0 49] LinuxServer, [00000207C2C89000][00000207BF7CDB40 49] LinuxAArch64Server, [00000207C2D25800][00000207C30E2140 49] Android, [00000207C2C88C00][00000207C30E62C0 49] Android_Low, [00000207C2D25000][00000207C30EA440 49] Android_Mid, [00000207C2C05A00][00000207C30EE5C0 49] Android_High, [00000207C2C50300][00000207C30F2740 49] Android_Default, [00000207C2C07200][00000207C30F68C0 49] Android_Adreno4xx, [00000207C2C51A00][00000207C30FAA40 49] Android_Adreno5xx_Low, [00000207C2C07F00][00000207C30FEBC0 49] Android_Adreno5xx, [00000207C2C52B00][00000207C3102D40 49] Android_Adreno6xx, [00000207C2C07C00][00000207BF7ACE80 49] Android_Adreno6xx_Vulkan, [00000207C2C52000][00000207C3106FC0 49] Android_Mali_T6xx, [00000207C2C05B00][00000207C310B100 49] Android_Mali_T7xx, [00000207C2C51100][00000207C3035280 49] Android_Mali_T8xx, [00000207C2C05C00][00000207C3039400 49] Android_Mali_G71, [00000207C2C52200][00000207C303D580 49] Android_Mali_G72, [00000207C2C06600][00000207C3041700 49] Android_Mali_G72_Vulkan, [00000207C2C52C00][00000207C3045880 49] Android_Mali_G76, [00000207C2C04400][00000207C3049A00 49] Android_Mali_G76_Vulkan, [00000207C2C52A00][00000207C304DB80 49] Android_Mali_G77, [00000207C2C06900][00000207C3050180 49] Android_Mali_G77_Vulkan, [00000207C2D24600][00000207C3054300 49] Android_Mali_G78, [00000207C2C06800][00000207C3058480 49] Android_Mali_G78_Vulkan, [00000207C2D25400][00000207C305C600 49] Android_Mali_G710, [00000207C2C07E00][00000207C3060780 49] Android_Mali_G710_Vulkan, [00000207C2C50800][00000207C3064900 49] Android_Vulkan_SM5, [00000207C2C05700][00000207C3068A80 49] Android_PowerVR_G6xxx, [00000207C2C51500][00000207C306CC00 49] Android_PowerVR_GT7xxx, [00000207C2C07600][00000207C3070D80 49] Android_PowerVR_GE8xxx, [00000207C2C50900][00000207C3074F00 49] Android_PowerVR_GM9xxx, [00000207C2C05600][00000207C3031040 49] Android_PowerVR_GM9xxx_Vulkan, [00000207C2C50F00][00000207C3079180 49] Android_TegraK1, [00000207C2C06B00][00000207C307D2C0 49] Android_Unknown_Vulkan, [00000207C2C51700][00000207C3085440 49] Lumin, [00000207C2C05500][00000207C30895C0 49] Lumin_Desktop, [00000207C2C53900][00000207C308D740 49] HoloLens, 
[2022.01.29-17.11.05:551][  0]LogMeshReduction: Using QuadricMeshReduction for automatic static mesh reduction
[2022.01.29-17.11.05:551][  0]LogMeshReduction: Using SimplygonMeshReduction for automatic skeletal mesh reduction
[2022.01.29-17.11.05:551][  0]LogMeshReduction: Using ProxyLODMeshReduction for automatic mesh merging
[2022.01.29-17.11.05:551][  0]LogMeshReduction: No distributed automatic mesh merging module available
[2022.01.29-17.11.05:551][  0]LogMeshMerging: No distributed automatic mesh merging module available
[2022.01.29-17.11.05:565][  0]LogNetVersion: Cyberpunk2022 1.0.0, NetCL: 17155196, EngineNetVer: 17, GameNetVer: 0 (Checksum: 1028016206)
[2022.01.29-17.11.05:855][  0]LogTexture: Default maximum texture size for cubemaps generated from long-lat sources has been changed from 512 to unlimited. In order to preserve old behaiour for '/Engine/MapTemplates/Sky/DaylightAmbientCubemap.DaylightAmbientCubemap', its maximum texture size has been explicitly set to 512.
[2022.01.29-17.11.05:909][  0]LogHMD: PokeAHoleMaterial loaded successfully
[2022.01.29-17.11.05:915][  0]LogUObjectArray: 17178 objects as part of root set at end of initial load.
[2022.01.29-17.11.05:915][  0]LogUObjectAllocator: 4302048 out of 0 bytes used by permanent object pool.
[2022.01.29-17.11.05:915][  0]LogUObjectArray: CloseDisregardForGC: 0/0 objects in disregard for GC pool
[2022.01.29-17.11.06:214][  0]LogNiagaraDebuggerClient: Niagara Debugger Client Initialized | Session: 4EE93227432795965BC32593A6FB7D17 | Instance: 9EAB2B7647B324579CAD0CACC013A3DD (DESKTOP-P6OQVGL-24000).
[2022.01.29-17.11.06:252][  0]LogPython: Using Python 3.7.7
[2022.01.29-17.11.06:790][  0]LogTcpMessaging: Initializing TcpMessaging bridge
[2022.01.29-17.11.06:797][  0]LogUdpMessaging: Initializing bridge on interface 0.0.0.0:0 to multicast group 230.0.0.1:6666.
[2022.01.29-17.11.07:169][  0]SourceControl: Source control is disabled
[2022.01.29-17.11.07:475][  0]LogUProjectInfo: Found projects:
[2022.01.29-17.11.07:650][  0]LogOpenImageDenoise: OIDN starting up
[2022.01.29-17.11.07:755][  0]LogAndroidPermission: UAndroidPermissionCallbackProxy::GetInstance
[2022.01.29-17.11.07:782][  0]LogAudioCaptureCore: Display: No Audio Capture implementations found. Audio input will be silent.
[2022.01.29-17.11.07:782][  0]LogAudioCaptureCore: Display: No Audio Capture implementations found. Audio input will be silent.
[2022.01.29-17.11.07:907][  0]LogCollectionManager: Loaded 0 collections in 0.000563 seconds
[2022.01.29-17.11.07:936][  0]LogFileCache: Scanning file cache for directory 'E:/UE4/Projects/WargamingAcademy/Cyberpunk2022/Saved/Collections/' took 0.00s
[2022.01.29-17.11.07:936][  0]LogFileCache: Scanning file cache for directory 'E:/UE4/Projects/WargamingAcademy/Cyberpunk2022/Content/Developers/Artem/Collections/' took 0.00s
[2022.01.29-17.11.07:936][  0]LogFileCache: Scanning file cache for directory 'E:/UE4/Projects/WargamingAcademy/Cyberpunk2022/Content/Collections/' took 0.00s
[2022.01.29-17.11.07:936][  0]LogOcInput: OculusInput pre-init called
[2022.01.29-17.11.08:139][  0]LogEngine: Initializing Engine...
[2022.01.29-17.11.08:142][  0]LogHMD: Failed to enumerate extensions. Please check that you have a valid OpenXR runtime installed.
[2022.01.29-17.11.08:142][  0]LogHMD: Failed to initialize OpenVR with code 110
[2022.01.29-17.11.08:142][  0]LogMagicLeap: Warning: VR disabled because ZI is not enabled.  To enable, in the editor, Edit -> Project Settings -> Plugins -> Magic Leap Plugin -> Enable Zero Iteration
[2022.01.29-17.11.08:143][  0]LogStats: UGameplayTagsManager::InitializeManager -  0.000 s
[2022.01.29-17.11.08:240][  0]LogInit: Initializing FReadOnlyCVARCache
[2022.01.29-17.11.08:249][  0]LogAIModule: Creating AISystem for world Untitled
[2022.01.29-17.11.08:259][  0]LogAudio: Display: Initializing Audio Device Manager...
[2022.01.29-17.11.08:265][  0]LogAudio: Display: Loading Default Audio Settings Objects...
[2022.01.29-17.11.08:266][  0]LogAudio: Display: No default SoundConcurrencyObject specified (or failed to load).
[2022.01.29-17.11.08:266][  0]LogAudio: Display: Audio Device Manager Initialized
[2022.01.29-17.11.08:267][  0]LogAudio: Display: Creating Audio Device:                 Id: 1, Scope: Shared, Realtime: True
[2022.01.29-17.11.08:267][  0]LogAudioMixer: Display: Audio Mixer Platform Settings:
[2022.01.29-17.11.08:267][  0]LogAudioMixer: Display: 	Sample Rate:						  48000
[2022.01.29-17.11.08:267][  0]LogAudioMixer: Display: 	Callback Buffer Frame Size Requested: 1024
[2022.01.29-17.11.08:267][  0]LogAudioMixer: Display: 	Callback Buffer Frame Size To Use:	  1024
[2022.01.29-17.11.08:267][  0]LogAudioMixer: Display: 	Number of buffers to queue:			  2
[2022.01.29-17.11.08:267][  0]LogAudioMixer: Display: 	Max Channels (voices):				  32
[2022.01.29-17.11.08:267][  0]LogAudioMixer: Display: 	Number of Async Source Workers:		  0
[2022.01.29-17.11.08:267][  0]LogAudio: Display: AudioDevice MaxSources: 32
[2022.01.29-17.11.08:268][  0]LogAudio: Display: Audio Spatialization Plugin: None (built-in).
[2022.01.29-17.11.08:268][  0]LogAudio: Display: Audio Reverb Plugin: None (built-in).
[2022.01.29-17.11.08:268][  0]LogAudio: Display: Audio Occlusion Plugin: None (built-in).
[2022.01.29-17.11.08:268][  0]LogAudioMixer: Display: Initializing audio mixer.
[2022.01.29-17.11.08:277][  0]LogAudioMixer: Display: 0: FrontLeft
[2022.01.29-17.11.08:278][  0]LogAudioMixer: Display: 1: FrontRight
[2022.01.29-17.11.08:359][  0]LogAudioMixer: Display: Using Audio Device Headphones (Realtek(R) Audio)
[2022.01.29-17.11.08:362][  0]LogAudioMixer: Display: Initializing Sound Submixes...
[2022.01.29-17.11.08:365][  0]LogAudioMixer: Display: Creating Master Submix 'MasterSubmixDefault'
[2022.01.29-17.11.08:365][  0]LogAudioMixer: Display: Creating Master Submix 'MasterReverbSubmixDefault'
[2022.01.29-17.11.08:366][  0]LogAudioMixer: Display: Creating Master Submix 'MasterEQSubmixDefault'
[2022.01.29-17.11.08:366][  0]LogAudioMixer: FMixerPlatformXAudio2::StartAudioStream() called
[2022.01.29-17.11.08:366][  0]LogAudioMixer: Display: Output buffers initialized: Frames=1024, Channels=2, Samples=2048
[2022.01.29-17.11.08:367][  0]LogAudioMixer: Display: Starting AudioMixerPlatformInterface::RunInternal()
[2022.01.29-17.11.08:367][  0]LogAudioMixer: Display: FMixerPlatformXAudio2::SubmitBuffer() called for the first time
[2022.01.29-17.11.08:367][  0]LogInit: FAudioDevice initialized.
[2022.01.29-17.11.08:368][  0]LogAudio: Display: Audio Device (ID: 1) registered with world 'Untitled'.
[2022.01.29-17.11.08:368][  0]LogNetVersion: Set ProjectVersion to 1.0.0.0. Version Checksum will be recalculated on next use.
[2022.01.29-17.11.08:422][  0]LogDerivedDataCache: Saved boot cache 0.05s 102MB C:/Users/Artem/AppData/Local/UnrealEngine/4.27/DerivedDataCache/Boot.ddc.
[2022.01.29-17.11.08:423][  0]LogInit: Texture streaming: Enabled
[2022.01.29-17.11.08:440][  0]LogAnalytics: Display: [UEEditor.Rocket.Release] APIServer = https://datarouter.ol.epicgames.com/. AppVersion = 4.27.2-18319896+++UE4+Release-4.27
[2022.01.29-17.11.08:444][  0]LogEngineSessionManager: EngineSessionManager initialized
[2022.01.29-17.11.08:444][  0]LogEditorSessionSummary: Verbose: Initializing EditorSessionSummaryWriter for editor session tracking
[2022.01.29-17.11.08:445][  0]LogEditorSessionSummary: EditorSessionSummaryWriter initialized
[2022.01.29-17.11.08:471][  0]LogInit: Transaction tracking system initialized
[2022.01.29-17.11.08:499][  0]BlueprintLog: New page: Editor Load
[2022.01.29-17.11.08:563][  0]LocalizationService: Localization service is disabled
[2022.01.29-17.11.08:587][  0]TimingProfiler: Initialize
[2022.01.29-17.11.08:587][  0]TimingProfiler: OnSessionChanged
[2022.01.29-17.11.08:587][  0]LoadingProfiler: Initialize
[2022.01.29-17.11.08:587][  0]LoadingProfiler: OnSessionChanged
[2022.01.29-17.11.08:587][  0]NetworkingProfiler: Initialize
[2022.01.29-17.11.08:587][  0]NetworkingProfiler: OnSessionChanged
[2022.01.29-17.11.08:587][  0]MemoryProfiler: Initialize
[2022.01.29-17.11.08:587][  0]MemoryProfiler: OnSessionChanged
[2022.01.29-17.11.08:721][  0]LogCook: Display: CookSettings for Memory: MemoryMaxUsedVirtual 0MiB, MemoryMaxUsedPhysical 16384MiB, MemoryMinFreeVirtual 0MiB, MemoryMinFreePhysical 1024MiB
[2022.01.29-17.11.08:721][  0]LogCook: Display: Mobile HDR setting 1
[2022.01.29-17.11.08:925][  0]LogFileCache: Scanning file cache for directory 'E:/UE4/Projects/WargamingAcademy/Cyberpunk2022/Content/' took 0.01s
[2022.01.29-17.11.09:073][  0]LogInit: Display: Engine is initialized. Leaving FEngineLoop::Init()
[2022.01.29-17.11.09:076][  0]LogUnrealEdMisc: Loading editor; pre map load, took 7.265
[2022.01.29-17.11.09:076][  0]Cmd: MAP LOAD FILE="../../../../Projects/WargamingAcademy/Cyberpunk2022/Content/FirstPersonCPP/Maps/FirstPersonExampleMap.umap" TEMPLATE=0 SHOWPROGRESS=1 FEATURELEVEL=3
[2022.01.29-17.11.09:076][  0]LightingResults: New page: Lighting Build
[2022.01.29-17.11.09:077][  0]LogWorld: UWorld::CleanupWorld for Untitled, bSessionEnded=true, bCleanupResources=true
[2022.01.29-17.11.09:077][  0]LogSlate: InvalidateAllWidgets triggered.  All widgets were invalidated
[2022.01.29-17.11.09:078][  0]MapCheck: New page: Map Check
[2022.01.29-17.11.09:078][  0]LightingResults: New page: Lighting Build
[2022.01.29-17.11.09:081][  0]LogAudio: Display: Audio Device unregistered from world 'None'.
[2022.01.29-17.11.09:085][  0]LogUObjectHash: Compacting FUObjectHashTables data took   0.89ms
[2022.01.29-17.11.09:136][  0]LogAudio: Display: Audio Device (ID: 1) registered with world 'FirstPersonExampleMap'.
[2022.01.29-17.11.09:138][  0]LogAIModule: Creating AISystem for world FirstPersonExampleMap
[2022.01.29-17.11.09:143][  0]LogEditorServer: Finished looking for orphan Actors (0.000 secs)
[2022.01.29-17.11.09:157][  0]LogUObjectHash: Compacting FUObjectHashTables data took   1.12ms
[2022.01.29-17.11.09:158][  0]Cmd: MAP CHECKDEP NOCLEARLOG
[2022.01.29-17.11.09:158][  0]MapCheck: Map check complete: 0 Error(s), 0 Warning(s), took 0.213ms to complete.
[2022.01.29-17.11.09:158][  0]LogFileHelpers: Loading map 'FirstPersonExampleMap' took 0.083
[2022.01.29-17.11.09:161][  0]LogUnrealEdMisc: Total Editor Startup Time, took 7.350
[2022.01.29-17.11.09:261][  0]LogSlate: Updating window title bar state: overlay mode, drag disabled, window buttons hidden, title bar hidden
[2022.01.29-17.11.09:269][  0]LogSlate: Updating window title bar state: overlay mode, drag disabled, window buttons hidden, title bar hidden
[2022.01.29-17.11.09:275][  0]LogSlate: Updating window title bar state: overlay mode, drag disabled, window buttons hidden, title bar hidden
[2022.01.29-17.11.09:281][  0]LogSlate: Updating window title bar state: overlay mode, drag disabled, window buttons hidden, title bar hidden
[2022.01.29-17.11.09:295][  0]LogNativeClassHierarchy: Verbose: Native class hierarchy populated in 0.0098 seconds. Added 3829 classes and 930 folders.
[2022.01.29-17.11.09:298][  0]LogNativeClassHierarchy: Verbose: Native class hierarchy updated for 'WidgetCarousel' in 0.0004 seconds. Added 0 classes and 0 folders.
[2022.01.29-17.11.09:300][  0]LogPakFile: PakFile PrimaryIndexSize=187
[2022.01.29-17.11.09:300][  0]LogPakFile: PakFile PathHashIndexSize=101
[2022.01.29-17.11.09:300][  0]LogPakFile: PakFile FullDirectoryIndexSize=148
[2022.01.29-17.11.09:300][  0]LogShaderLibrary: Display: ShaderCodeLibraryPakFileMountedCallback: PakFile 'E:/UE4/UE_4.27/FeaturePacks/FP_FirstPerson.upack' (chunk index -1, root 'root:/') mounted
[2022.01.29-17.11.09:300][  0]LogShaderLibrary: Display: ShaderCodeLibraryPakFileMountedCallback: pending pak file info (ChunkID:-1 Root:root:/ File:E:/UE4/UE_4.27/FeaturePacks/FP_FirstPerson.upack)
[2022.01.29-17.11.09:300][  0]LogPakFile: OnPakFileMounted2Time == 0.000176
[2022.01.29-17.11.09:301][  0]LogPakFile: PakFile PrimaryIndexSize=189
[2022.01.29-17.11.09:301][  0]LogPakFile: PakFile PathHashIndexSize=101
[2022.01.29-17.11.09:301][  0]LogPakFile: PakFile FullDirectoryIndexSize=152
[2022.01.29-17.11.09:301][  0]LogShaderLibrary: Display: ShaderCodeLibraryPakFileMountedCallback: PakFile 'E:/UE4/UE_4.27/FeaturePacks/FP_FirstPersonBP.upack' (chunk index -1, root 'root:/') mounted
[2022.01.29-17.11.09:301][  0]LogShaderLibrary: Display: ShaderCodeLibraryPakFileMountedCallback: pending pak file info (ChunkID:-1 Root:root:/ File:E:/UE4/UE_4.27/FeaturePacks/FP_FirstPersonBP.upack)
[2022.01.29-17.11.09:301][  0]LogPakFile: OnPakFileMounted2Time == 0.000101
[2022.01.29-17.11.09:302][  0]LogPakFile: PakFile PrimaryIndexSize=191
[2022.01.29-17.11.09:302][  0]LogPakFile: PakFile PathHashIndexSize=101
[2022.01.29-17.11.09:302][  0]LogPakFile: PakFile FullDirectoryIndexSize=160
[2022.01.29-17.11.09:302][  0]LogShaderLibrary: Display: ShaderCodeLibraryPakFileMountedCallback: PakFile 'E:/UE4/UE_4.27/FeaturePacks/MobileStarterContent.upack' (chunk index -1, root 'root:/') mounted
[2022.01.29-17.11.09:302][  0]LogShaderLibrary: Display: ShaderCodeLibraryPakFileMountedCallback: pending pak file info (ChunkID:-1 Root:root:/ File:E:/UE4/UE_4.27/FeaturePacks/MobileStarterContent.upack)
[2022.01.29-17.11.09:302][  0]LogPakFile: OnPakFileMounted2Time == 0.000123
[2022.01.29-17.11.09:303][  0]LogPakFile: PakFile PrimaryIndexSize=185
[2022.01.29-17.11.09:303][  0]LogPakFile: PakFile PathHashIndexSize=101
[2022.01.29-17.11.09:303][  0]LogPakFile: PakFile FullDirectoryIndexSize=148
[2022.01.29-17.11.09:303][  0]LogShaderLibrary: Display: ShaderCodeLibraryPakFileMountedCallback: PakFile 'E:/UE4/UE_4.27/FeaturePacks/StarterContent.upack' (chunk index -1, root 'root:/') mounted
[2022.01.29-17.11.09:303][  0]LogShaderLibrary: Display: ShaderCodeLibraryPakFileMountedCallback: pending pak file info (ChunkID:-1 Root:root:/ File:E:/UE4/UE_4.27/FeaturePacks/StarterContent.upack)
[2022.01.29-17.11.09:303][  0]LogPakFile: OnPakFileMounted2Time == 0.000101
[2022.01.29-17.11.09:304][  0]LogPakFile: PakFile PrimaryIndexSize=190
[2022.01.29-17.11.09:304][  0]LogPakFile: PakFile PathHashIndexSize=101
[2022.01.29-17.11.09:304][  0]LogPakFile: PakFile FullDirectoryIndexSize=154
[2022.01.29-17.11.09:304][  0]LogShaderLibrary: Display: ShaderCodeLibraryPakFileMountedCallback: PakFile 'E:/UE4/UE_4.27/FeaturePacks/TP_2DSideScroller.upack' (chunk index -1, root 'root:/') mounted
[2022.01.29-17.11.09:304][  0]LogShaderLibrary: Display: ShaderCodeLibraryPakFileMountedCallback: pending pak file info (ChunkID:-1 Root:root:/ File:E:/UE4/UE_4.27/FeaturePacks/TP_2DSideScroller.upack)
[2022.01.29-17.11.09:304][  0]LogPakFile: OnPakFileMounted2Time == 0.000123
[2022.01.29-17.11.09:304][  0]LogPakFile: PakFile PrimaryIndexSize=192
[2022.01.29-17.11.09:304][  0]LogPakFile: PakFile PathHashIndexSize=101
[2022.01.29-17.11.09:304][  0]LogPakFile: PakFile FullDirectoryIndexSize=158
[2022.01.29-17.11.09:304][  0]LogShaderLibrary: Display: ShaderCodeLibraryPakFileMountedCallback: PakFile 'E:/UE4/UE_4.27/FeaturePacks/TP_2DSideScrollerBP.upack' (chunk index -1, root 'root:/') mounted
[2022.01.29-17.11.09:304][  0]LogShaderLibrary: Display: ShaderCodeLibraryPakFileMountedCallback: pending pak file info (ChunkID:-1 Root:root:/ File:E:/UE4/UE_4.27/FeaturePacks/TP_2DSideScrollerBP.upack)
[2022.01.29-17.11.09:304][  0]LogPakFile: OnPakFileMounted2Time == 0.000104
[2022.01.29-17.11.09:304][  0]LogPakFile: PakFile PrimaryIndexSize=182
[2022.01.29-17.11.09:304][  0]LogPakFile: PakFile PathHashIndexSize=101
[2022.01.29-17.11.09:304][  0]LogPakFile: PakFile FullDirectoryIndexSize=138
[2022.01.29-17.11.09:304][  0]LogShaderLibrary: Display: ShaderCodeLibraryPakFileMountedCallback: PakFile 'E:/UE4/UE_4.27/FeaturePacks/TP_Flying.upack' (chunk index -1, root 'root:/') mounted
[2022.01.29-17.11.09:304][  0]LogShaderLibrary: Display: ShaderCodeLibraryPakFileMountedCallback: pending pak file info (ChunkID:-1 Root:root:/ File:E:/UE4/UE_4.27/FeaturePacks/TP_Flying.upack)
[2022.01.29-17.11.09:304][  0]LogPakFile: OnPakFileMounted2Time == 0.000082
[2022.01.29-17.11.09:305][  0]LogPakFile: PakFile PrimaryIndexSize=184
[2022.01.29-17.11.09:305][  0]LogPakFile: PakFile PathHashIndexSize=101
[2022.01.29-17.11.09:305][  0]LogPakFile: PakFile FullDirectoryIndexSize=142
[2022.01.29-17.11.09:305][  0]LogShaderLibrary: Display: ShaderCodeLibraryPakFileMountedCallback: PakFile 'E:/UE4/UE_4.27/FeaturePacks/TP_FlyingBP.upack' (chunk index -1, root 'root:/') mounted
[2022.01.29-17.11.09:305][  0]LogShaderLibrary: Display: ShaderCodeLibraryPakFileMountedCallback: pending pak file info (ChunkID:-1 Root:root:/ File:E:/UE4/UE_4.27/FeaturePacks/TP_FlyingBP.upack)
[2022.01.29-17.11.09:305][  0]LogPakFile: OnPakFileMounted2Time == 0.000078
[2022.01.29-17.11.09:306][  0]LogPakFile: PakFile PrimaryIndexSize=188
[2022.01.29-17.11.09:306][  0]LogPakFile: PakFile PathHashIndexSize=101
[2022.01.29-17.11.09:306][  0]LogPakFile: PakFile FullDirectoryIndexSize=150
[2022.01.29-17.11.09:306][  0]LogShaderLibrary: Display: ShaderCodeLibraryPakFileMountedCallback: PakFile 'E:/UE4/UE_4.27/FeaturePacks/TP_HandheldARBP.upack' (chunk index -1, root 'root:/') mounted
[2022.01.29-17.11.09:306][  0]LogShaderLibrary: Display: ShaderCodeLibraryPakFileMountedCallback: pending pak file info (ChunkID:-1 Root:root:/ File:E:/UE4/UE_4.27/FeaturePacks/TP_HandheldARBP.upack)
[2022.01.29-17.11.09:306][  0]LogPakFile: OnPakFileMounted2Time == 0.000096
[2022.01.29-17.11.09:306][  0]LogPakFile: PakFile PrimaryIndexSize=182
[2022.01.29-17.11.09:306][  0]LogPakFile: PakFile PathHashIndexSize=101
[2022.01.29-17.11.09:306][  0]LogPakFile: PakFile FullDirectoryIndexSize=138
[2022.01.29-17.11.09:307][  0]LogShaderLibrary: Display: ShaderCodeLibraryPakFileMountedCallback: PakFile 'E:/UE4/UE_4.27/FeaturePacks/TP_Puzzle.upack' (chunk index -1, root 'root:/') mounted
[2022.01.29-17.11.09:307][  0]LogShaderLibrary: Display: ShaderCodeLibraryPakFileMountedCallback: pending pak file info (ChunkID:-1 Root:root:/ File:E:/UE4/UE_4.27/FeaturePacks/TP_Puzzle.upack)
[2022.01.29-17.11.09:307][  0]LogPakFile: OnPakFileMounted2Time == 0.000093
[2022.01.29-17.11.09:307][  0]LogPakFile: PakFile PrimaryIndexSize=184
[2022.01.29-17.11.09:307][  0]LogPakFile: PakFile PathHashIndexSize=101
[2022.01.29-17.11.09:307][  0]LogPakFile: PakFile FullDirectoryIndexSize=142
[2022.01.29-17.11.09:307][  0]LogShaderLibrary: Display: ShaderCodeLibraryPakFileMountedCallback: PakFile 'E:/UE4/UE_4.27/FeaturePacks/TP_PuzzleBP.upack' (chunk index -1, root 'root:/') mounted
[2022.01.29-17.11.09:307][  0]LogShaderLibrary: Display: ShaderCodeLibraryPakFileMountedCallback: pending pak file info (ChunkID:-1 Root:root:/ File:E:/UE4/UE_4.27/FeaturePacks/TP_PuzzleBP.upack)
[2022.01.29-17.11.09:307][  0]LogPakFile: OnPakFileMounted2Time == 0.000087
[2022.01.29-17.11.09:308][  0]LogPakFile: PakFile PrimaryIndexSize=183
[2022.01.29-17.11.09:308][  0]LogPakFile: PakFile PathHashIndexSize=101
[2022.01.29-17.11.09:308][  0]LogPakFile: PakFile FullDirectoryIndexSize=140
[2022.01.29-17.11.09:308][  0]LogShaderLibrary: Display: ShaderCodeLibraryPakFileMountedCallback: PakFile 'E:/UE4/UE_4.27/FeaturePacks/TP_Rolling.upack' (chunk index -1, root 'root:/') mounted
[2022.01.29-17.11.09:308][  0]LogShaderLibrary: Display: ShaderCodeLibraryPakFileMountedCallback: pending pak file info (ChunkID:-1 Root:root:/ File:E:/UE4/UE_4.27/FeaturePacks/TP_Rolling.upack)
[2022.01.29-17.11.09:308][  0]LogPakFile: OnPakFileMounted2Time == 0.000090
[2022.01.29-17.11.09:309][  0]LogPakFile: PakFile PrimaryIndexSize=185
[2022.01.29-17.11.09:309][  0]LogPakFile: PakFile PathHashIndexSize=101
[2022.01.29-17.11.09:309][  0]LogPakFile: PakFile FullDirectoryIndexSize=144
[2022.01.29-17.11.09:309][  0]LogShaderLibrary: Display: ShaderCodeLibraryPakFileMountedCallback: PakFile 'E:/UE4/UE_4.27/FeaturePacks/TP_RollingBP.upack' (chunk index -1, root 'root:/') mounted
[2022.01.29-17.11.09:309][  0]LogShaderLibrary: Display: ShaderCodeLibraryPakFileMountedCallback: pending pak file info (ChunkID:-1 Root:root:/ File:E:/UE4/UE_4.27/FeaturePacks/TP_RollingBP.upack)
[2022.01.29-17.11.09:309][  0]LogPakFile: OnPakFileMounted2Time == 0.000110
[2022.01.29-17.11.09:309][  0]LogPakFile: PakFile PrimaryIndexSize=188
[2022.01.29-17.11.09:309][  0]LogPakFile: PakFile PathHashIndexSize=101
[2022.01.29-17.11.09:309][  0]LogPakFile: PakFile FullDirectoryIndexSize=150
[2022.01.29-17.11.09:309][  0]LogShaderLibrary: Display: ShaderCodeLibraryPakFileMountedCallback: PakFile 'E:/UE4/UE_4.27/FeaturePacks/TP_SideScroller.upack' (chunk index -1, root 'root:/') mounted
[2022.01.29-17.11.09:310][  0]LogShaderLibrary: Display: ShaderCodeLibraryPakFileMountedCallback: pending pak file info (ChunkID:-1 Root:root:/ File:E:/UE4/UE_4.27/FeaturePacks/TP_SideScroller.upack)
[2022.01.29-17.11.09:310][  0]LogPakFile: OnPakFileMounted2Time == 0.000108
[2022.01.29-17.11.09:310][  0]LogPakFile: PakFile PrimaryIndexSize=190
[2022.01.29-17.11.09:310][  0]LogPakFile: PakFile PathHashIndexSize=101
[2022.01.29-17.11.09:310][  0]LogPakFile: PakFile FullDirectoryIndexSize=154
[2022.01.29-17.11.09:310][  0]LogShaderLibrary: Display: ShaderCodeLibraryPakFileMountedCallback: PakFile 'E:/UE4/UE_4.27/FeaturePacks/TP_SideScrollerBP.upack' (chunk index -1, root 'root:/') mounted
[2022.01.29-17.11.09:310][  0]LogShaderLibrary: Display: ShaderCodeLibraryPakFileMountedCallback: pending pak file info (ChunkID:-1 Root:root:/ File:E:/UE4/UE_4.27/FeaturePacks/TP_SideScrollerBP.upack)
[2022.01.29-17.11.09:310][  0]LogPakFile: OnPakFileMounted2Time == 0.000105
[2022.01.29-17.11.09:311][  0]LogPakFile: PakFile PrimaryIndexSize=187
[2022.01.29-17.11.09:311][  0]LogPakFile: PakFile PathHashIndexSize=101
[2022.01.29-17.11.09:311][  0]LogPakFile: PakFile FullDirectoryIndexSize=148
[2022.01.29-17.11.09:311][  0]LogShaderLibrary: Display: ShaderCodeLibraryPakFileMountedCallback: PakFile 'E:/UE4/UE_4.27/FeaturePacks/TP_ThirdPerson.upack' (chunk index -1, root 'root:/') mounted
[2022.01.29-17.11.09:311][  0]LogShaderLibrary: Display: ShaderCodeLibraryPakFileMountedCallback: pending pak file info (ChunkID:-1 Root:root:/ File:E:/UE4/UE_4.27/FeaturePacks/TP_ThirdPerson.upack)
[2022.01.29-17.11.09:311][  0]LogPakFile: OnPakFileMounted2Time == 0.000136
[2022.01.29-17.11.09:312][  0]LogPakFile: PakFile PrimaryIndexSize=189
[2022.01.29-17.11.09:312][  0]LogPakFile: PakFile PathHashIndexSize=101
[2022.01.29-17.11.09:312][  0]LogPakFile: PakFile FullDirectoryIndexSize=152
[2022.01.29-17.11.09:312][  0]LogShaderLibrary: Display: ShaderCodeLibraryPakFileMountedCallback: PakFile 'E:/UE4/UE_4.27/FeaturePacks/TP_ThirdPersonBP.upack' (chunk index -1, root 'root:/') mounted
[2022.01.29-17.11.09:312][  0]LogShaderLibrary: Display: ShaderCodeLibraryPakFileMountedCallback: pending pak file info (ChunkID:-1 Root:root:/ File:E:/UE4/UE_4.27/FeaturePacks/TP_ThirdPersonBP.upack)
[2022.01.29-17.11.09:312][  0]LogPakFile: OnPakFileMounted2Time == 0.000117
[2022.01.29-17.11.09:312][  0]LogPakFile: PakFile PrimaryIndexSize=183
[2022.01.29-17.11.09:312][  0]LogPakFile: PakFile PathHashIndexSize=101
[2022.01.29-17.11.09:313][  0]LogPakFile: PakFile FullDirectoryIndexSize=140
[2022.01.29-17.11.09:313][  0]LogShaderLibrary: Display: ShaderCodeLibraryPakFileMountedCallback: PakFile 'E:/UE4/UE_4.27/FeaturePacks/TP_TopDown.upack' (chunk index -1, root 'root:/') mounted
[2022.01.29-17.11.09:313][  0]LogShaderLibrary: Display: ShaderCodeLibraryPakFileMountedCallback: pending pak file info (ChunkID:-1 Root:root:/ File:E:/UE4/UE_4.27/FeaturePacks/TP_TopDown.upack)
[2022.01.29-17.11.09:313][  0]LogPakFile: OnPakFileMounted2Time == 0.000132
[2022.01.29-17.11.09:313][  0]LogPakFile: PakFile PrimaryIndexSize=185
[2022.01.29-17.11.09:313][  0]LogPakFile: PakFile PathHashIndexSize=101
[2022.01.29-17.11.09:313][  0]LogPakFile: PakFile FullDirectoryIndexSize=144
[2022.01.29-17.11.09:313][  0]LogShaderLibrary: Display: ShaderCodeLibraryPakFileMountedCallback: PakFile 'E:/UE4/UE_4.27/FeaturePacks/TP_TopDownBP.upack' (chunk index -1, root 'root:/') mounted
[2022.01.29-17.11.09:313][  0]LogShaderLibrary: Display: ShaderCodeLibraryPakFileMountedCallback: pending pak file info (ChunkID:-1 Root:root:/ File:E:/UE4/UE_4.27/FeaturePacks/TP_TopDownBP.upack)
[2022.01.29-17.11.09:313][  0]LogPakFile: OnPakFileMounted2Time == 0.000099
[2022.01.29-17.11.09:314][  0]LogPakFile: PakFile PrimaryIndexSize=185
[2022.01.29-17.11.09:314][  0]LogPakFile: PakFile PathHashIndexSize=101
[2022.01.29-17.11.09:314][  0]LogPakFile: PakFile FullDirectoryIndexSize=144
[2022.01.29-17.11.09:314][  0]LogShaderLibrary: Display: ShaderCodeLibraryPakFileMountedCallback: PakFile 'E:/UE4/UE_4.27/FeaturePacks/TP_TwinStick.upack' (chunk index -1, root 'root:/') mounted
[2022.01.29-17.11.09:314][  0]LogShaderLibrary: Display: ShaderCodeLibraryPakFileMountedCallback: pending pak file info (ChunkID:-1 Root:root:/ File:E:/UE4/UE_4.27/FeaturePacks/TP_TwinStick.upack)
[2022.01.29-17.11.09:314][  0]LogPakFile: OnPakFileMounted2Time == 0.000098
[2022.01.29-17.11.09:315][  0]LogPakFile: PakFile PrimaryIndexSize=187
[2022.01.29-17.11.09:315][  0]LogPakFile: PakFile PathHashIndexSize=101
[2022.01.29-17.11.09:315][  0]LogPakFile: PakFile FullDirectoryIndexSize=148
[2022.01.29-17.11.09:315][  0]LogShaderLibrary: Display: ShaderCodeLibraryPakFileMountedCallback: PakFile 'E:/UE4/UE_4.27/FeaturePacks/TP_TwinStickBP.upack' (chunk index -1, root 'root:/') mounted
[2022.01.29-17.11.09:315][  0]LogShaderLibrary: Display: ShaderCodeLibraryPakFileMountedCallback: pending pak file info (ChunkID:-1 Root:root:/ File:E:/UE4/UE_4.27/FeaturePacks/TP_TwinStickBP.upack)
[2022.01.29-17.11.09:315][  0]LogPakFile: OnPakFileMounted2Time == 0.000120
[2022.01.29-17.11.09:315][  0]LogPakFile: PakFile PrimaryIndexSize=183
[2022.01.29-17.11.09:315][  0]LogPakFile: PakFile PathHashIndexSize=101
[2022.01.29-17.11.09:315][  0]LogPakFile: PakFile FullDirectoryIndexSize=140
[2022.01.29-17.11.09:315][  0]LogShaderLibrary: Display: ShaderCodeLibraryPakFileMountedCallback: PakFile 'E:/UE4/UE_4.27/FeaturePacks/TP_Vehicle.upack' (chunk index -1, root 'root:/') mounted
[2022.01.29-17.11.09:315][  0]LogShaderLibrary: Display: ShaderCodeLibraryPakFileMountedCallback: pending pak file info (ChunkID:-1 Root:root:/ File:E:/UE4/UE_4.27/FeaturePacks/TP_Vehicle.upack)
[2022.01.29-17.11.09:316][  0]LogPakFile: OnPakFileMounted2Time == 0.000114
[2022.01.29-17.11.09:316][  0]LogPakFile: PakFile PrimaryIndexSize=186
[2022.01.29-17.11.09:316][  0]LogPakFile: PakFile PathHashIndexSize=101
[2022.01.29-17.11.09:316][  0]LogPakFile: PakFile FullDirectoryIndexSize=146
[2022.01.29-17.11.09:316][  0]LogShaderLibrary: Display: ShaderCodeLibraryPakFileMountedCallback: PakFile 'E:/UE4/UE_4.27/FeaturePacks/TP_VehicleAdv.upack' (chunk index -1, root 'root:/') mounted
[2022.01.29-17.11.09:316][  0]LogShaderLibrary: Display: ShaderCodeLibraryPakFileMountedCallback: pending pak file info (ChunkID:-1 Root:root:/ File:E:/UE4/UE_4.27/FeaturePacks/TP_VehicleAdv.upack)
[2022.01.29-17.11.09:316][  0]LogPakFile: OnPakFileMounted2Time == 0.000122
[2022.01.29-17.11.09:317][  0]LogPakFile: PakFile PrimaryIndexSize=188
[2022.01.29-17.11.09:317][  0]LogPakFile: PakFile PathHashIndexSize=101
[2022.01.29-17.11.09:317][  0]LogPakFile: PakFile FullDirectoryIndexSize=150
[2022.01.29-17.11.09:317][  0]LogShaderLibrary: Display: ShaderCodeLibraryPakFileMountedCallback: PakFile 'E:/UE4/UE_4.27/FeaturePacks/TP_VehicleAdvBP.upack' (chunk index -1, root 'root:/') mounted
[2022.01.29-17.11.09:317][  0]LogShaderLibrary: Display: ShaderCodeLibraryPakFileMountedCallback: pending pak file info (ChunkID:-1 Root:root:/ File:E:/UE4/UE_4.27/FeaturePacks/TP_VehicleAdvBP.upack)
[2022.01.29-17.11.09:317][  0]LogPakFile: OnPakFileMounted2Time == 0.000131
[2022.01.29-17.11.09:318][  0]LogPakFile: PakFile PrimaryIndexSize=185
[2022.01.29-17.11.09:318][  0]LogPakFile: PakFile PathHashIndexSize=101
[2022.01.29-17.11.09:318][  0]LogPakFile: PakFile FullDirectoryIndexSize=144
[2022.01.29-17.11.09:318][  0]LogShaderLibrary: Display: ShaderCodeLibraryPakFileMountedCallback: PakFile 'E:/UE4/UE_4.27/FeaturePacks/TP_VehicleBP.upack' (chunk index -1, root 'root:/') mounted
[2022.01.29-17.11.09:318][  0]LogShaderLibrary: Display: ShaderCodeLibraryPakFileMountedCallback: pending pak file info (ChunkID:-1 Root:root:/ File:E:/UE4/UE_4.27/FeaturePacks/TP_VehicleBP.upack)
[2022.01.29-17.11.09:318][  0]LogPakFile: OnPakFileMounted2Time == 0.000105
[2022.01.29-17.11.09:319][  0]LogPakFile: PakFile PrimaryIndexSize=192
[2022.01.29-17.11.09:319][  0]LogPakFile: PakFile PathHashIndexSize=101
[2022.01.29-17.11.09:319][  0]LogPakFile: PakFile FullDirectoryIndexSize=158
[2022.01.29-17.11.09:319][  0]LogShaderLibrary: Display: ShaderCodeLibraryPakFileMountedCallback: PakFile 'E:/UE4/UE_4.27/FeaturePacks/TP_VirtualRealityBP.upack' (chunk index -1, root 'root:/') mounted
[2022.01.29-17.11.09:319][  0]LogShaderLibrary: Display: ShaderCodeLibraryPakFileMountedCallback: pending pak file info (ChunkID:-1 Root:root:/ File:E:/UE4/UE_4.27/FeaturePacks/TP_VirtualRealityBP.upack)
[2022.01.29-17.11.09:319][  0]LogPakFile: OnPakFileMounted2Time == 0.000200
[2022.01.29-17.11.09:356][  0]LogNativeClassHierarchy: Verbose: Native class hierarchy updated for 'AddContentDialog' in 0.0003 seconds. Added 0 classes and 0 folders.
[2022.01.29-17.11.09:362][  0]LogNativeClassHierarchy: Verbose: Native class hierarchy updated for 'SceneOutliner' in 0.0005 seconds. Added 2 classes and 0 folders.
[2022.01.29-17.11.09:471][  0]LogSlate: Took 0.000276 seconds to synchronously load lazily loaded font '../../../Engine/Content/Slate/Fonts/Roboto-Regular.ttf' (155K)
[2022.01.29-17.11.09:473][  0]LogSlate: Took 0.000105 seconds to synchronously load lazily loaded font '../../../Engine/Content/Editor/Slate/Fonts/FontAwesome.ttf' (139K)
[2022.01.29-17.11.09:473][  0]LogSlate: Took 0.000091 seconds to synchronously load lazily loaded font '../../../Engine/Content/Slate/Fonts/Roboto-Bold.ttf' (160K)
[2022.01.29-17.11.09:536][  0]LogRenderer: Reallocating scene render targets to support 1208x572 Format 10 NumSamples 1 (Frame:1).
[2022.01.29-17.11.09:583][  0]LogSlate: Took 0.000201 seconds to synchronously load lazily loaded font '../../../Engine/Content/Slate/Fonts/Roboto-Light.ttf' (167K)
[2022.01.29-17.11.09:670][  0]LogNativeClassHierarchy: Verbose: Native class hierarchy updated for 'HierarchicalLODOutliner' in 0.0003 seconds. Added 0 classes and 0 folders.
[2022.01.29-17.11.09:670][  0]LogLoad: (Engine Initialization) Total time: 7.86 seconds
[2022.01.29-17.11.09:670][  0]LogLoad: (Engine Initialization) Total Blueprint compile time: 0.00 seconds
[2022.01.29-17.11.09:725][  0]LogAssetRegistry: Asset discovery search completed in 4.5110 seconds
[2022.01.29-17.11.09:730][  0]LogCollectionManager: Fixed up redirectors for 0 collections in 0.000008 seconds (updated 0 objects)
[2022.01.29-17.11.09:735][  0]LogContentStreaming: Texture pool size now 1000 MB
[2022.01.29-17.11.11:965][130]LogSlate: Took 0.000146 seconds to synchronously load lazily loaded font '../../../Engine/Content/Slate/Fonts/Roboto-Light.ttf' (167K)
[2022.01.29-17.11.11:984][130]LogAssetEditorSubsystem: Opening Asset editor for Blueprint /Game/FirstPersonCPP/AI/NewFolder1/FirstPersonProjectile1.FirstPersonProjectile1
[2022.01.29-17.11.12:139][130]LogNativeClassHierarchy: Verbose: Native class hierarchy updated for 'BlueprintGraph' in 0.0005 seconds. Added 126 classes and 0 folders.
[2022.01.29-17.11.12:890][130]LogSlate: Took 0.000274 seconds to synchronously load lazily loaded font '../../../Engine/Content/Slate/Fonts/Roboto-BoldCondensed.ttf' (158K)
[2022.01.29-17.11.12:941][131]LogSlate: Took 0.000162 seconds to synchronously load lazily loaded font '../../../Engine/Content/Slate/Fonts/Roboto-Italic.ttf' (157K)
[2022.01.29-17.11.53:224][284]BlueprintLog: New page: Compile FirstPersonProjectile1
[2022.01.29-17.11.53:263][284]LogUObjectHash: Compacting FUObjectHashTables data took   4.01ms
[2022.01.29-17.11.53:316][284]LogSlate: Took 0.009052 seconds to synchronously load lazily loaded font '../../../Engine/Content/Slate/Fonts/DroidSansMono.ttf' (77K)
[2022.01.29-17.11.53:784][303]LogSavePackage: Moving '../../../../Projects/WargamingAcademy/Cyberpunk2022/Saved/FirstPersonProjectile1D682A28A4501CE94F922978CCEE93C22.tmp' to '../../../../Projects/WargamingAcademy/Cyberpunk2022/Content/FirstPersonCPP/AI/NewFolder1/FirstPersonProjectile1.uasset'
[2022.01.29-17.11.53:812][303]AssetCheck: New page: Asset Save: FirstPersonProjectile1
[2022.01.29-17.11.53:813][303]LogContentValidation: Display: Validating Blueprint /Game/FirstPersonCPP/AI/NewFolder1/FirstPersonProjectile1.FirstPersonProjectile1
[2022.01.29-17.12.15:514][605]LogSlate: Window 'FirstPersonProjectile1' being destroyed
[2022.01.29-17.12.15:518][605]LogSlate: Window 'FirstPersonProjectile1' being destroyed
[2022.01.29-17.12.15:522][605]LogWorld: UWorld::CleanupWorld for World_0, bSessionEnded=true, bCleanupResources=true
[2022.01.29-17.12.15:522][605]LogSlate: InvalidateAllWidgets triggered.  All widgets were invalidated
[2022.01.29-17.12.27:518][318]LogAssetEditorSubsystem: Opening Asset editor for Blueprint /Game/FirstPersonCPP/AI/NewFolder1/BPI_TakeDamage.BPI_TakeDamage
[2022.01.29-17.12.29:328][409]LogSlate: Window 'BPI_TakeDamage' being destroyed
[2022.01.29-17.12.29:333][409]LogSlate: Window 'BPI_TakeDamage' being destroyed
[2022.01.29-17.12.29:336][409]LogWorld: UWorld::CleanupWorld for World_2, bSessionEnded=true, bCleanupResources=true
[2022.01.29-17.12.29:337][409]LogSlate: InvalidateAllWidgets triggered.  All widgets were invalidated
[2022.01.29-17.12.30:733][489]LogBlueprint: Warning: [AssetLog] E:\UE4\Projects\WargamingAcademy\Cyberpunk2022\Content\AnimStarterPack\Ue4ASP_Character.uasset: [Compiler] InputAction Event references unknown Action 'Crouch' for  InputAction Crouch
[2022.01.29-17.12.30:990][489]LogAssetEditorSubsystem: Opening Asset editor for Blueprint /Game/FirstPersonCPP/AI/NewFolder1/Bot10.Bot10
[2022.01.29-17.13.11:594][679]BlueprintLog: New page: Compile Bot10
[2022.01.29-17.13.11:644][679]LogUObjectHash: Compacting FUObjectHashTables data took   2.85ms
[2022.01.29-17.13.12:321][707]Cmd: OBJ SAVEPACKAGE PACKAGE="/Game/FirstPersonCPP/AI/NewFolder1/Bot10" FILE="../../../../Projects/WargamingAcademy/Cyberpunk2022/Content/FirstPersonCPP/AI/NewFolder1/Bot10.uasset" SILENT=true
[2022.01.29-17.13.12:360][707]LogSavePackage: Moving '../../../../Projects/WargamingAcademy/Cyberpunk2022/Saved/Bot104D48A8BC4FD256B103C1A4B636B99866.tmp' to '../../../../Projects/WargamingAcademy/Cyberpunk2022/Content/FirstPersonCPP/AI/NewFolder1/Bot10.uasset'
[2022.01.29-17.13.12:376][707]AssetCheck: New page: Asset Save: Bot10
[2022.01.29-17.13.12:376][707]LogContentValidation: Display: Validating Blueprint /Game/FirstPersonCPP/AI/NewFolder1/Bot10.Bot10
[2022.01.29-17.13.17:804][  3]LogRenderer: Reallocating scene render targets to support 1208x712 Format 10 NumSamples 1 (Frame:1).
[2022.01.29-17.13.29:211][676]LogAssetEditorSubsystem: Opening Asset editor for Blueprint /Game/FirstPersonCPP/AI/NewFolder1/FirstPersonProjectile1.FirstPersonProjectile1
[2022.01.29-17.14.32:929][236]BlueprintLog: New page: Compile Bot10
[2022.01.29-17.14.32:983][236]LogUObjectHash: Compacting FUObjectHashTables data took   2.70ms
[2022.01.29-17.14.33:813][275]Cmd: OBJ SAVEPACKAGE PACKAGE="/Game/FirstPersonCPP/AI/NewFolder1/Bot10" FILE="../../../../Projects/WargamingAcademy/Cyberpunk2022/Content/FirstPersonCPP/AI/NewFolder1/Bot10.uasset" SILENT=true
[2022.01.29-17.14.33:846][275]LogSavePackage: Moving '../../../../Projects/WargamingAcademy/Cyberpunk2022/Saved/Bot105CA92C2B474B7482EFA9DCAF7E8E93AD.tmp' to '../../../../Projects/WargamingAcademy/Cyberpunk2022/Content/FirstPersonCPP/AI/NewFolder1/Bot10.uasset'
[2022.01.29-17.14.33:863][275]AssetCheck: New page: Asset Save: Bot10
[2022.01.29-17.14.33:863][275]LogContentValidation: Display: Validating Blueprint /Game/FirstPersonCPP/AI/NewFolder1/Bot10.Bot10
