Log file open, 03/12/22 10:17:38
LogWindows: Failed to load 'aqProf.dll' (GetLastError=126)
LogWindows: File 'aqProf.dll' does not exist
LogWindows: Failed to load 'VtuneApi.dll' (GetLastError=126)
LogWindows: File 'VtuneApi.dll' does not exist
LogWindows: Failed to load 'VtuneApi32e.dll' (GetLastError=126)
LogWindows: File 'VtuneApi32e.dll' does not exist
LogConsoleResponse: Display: Failed to find resolution value strings in scalability ini. Falling back to default.
LogConsoleResponse: Display: Failed to find resolution value strings in scalability ini. Falling back to default.
LogInit: Display: Running engine for game: Cyberpunk2022
LogPlatformFile: Not using cached read wrapper
LogTaskGraph: Started task graph with 5 named threads and 35 total threads with 3 sets of task threads.
LogStats: Stats thread started at 0.333966
LogICUInternationalization: ICU TimeZone Detection - Raw Offset: +3:00, Platform Override: ''
LogInit: Display: Loading text-based GConfig....
LogPluginManager: Mounting plugin MeshPainting
LogPluginManager: Mounting plugin XGEController
LogPluginManager: Mounting plugin Paper2D
LogPluginManager: Mounting plugin LiveLink
LogPluginManager: Mounting plugin AISupport
LogPluginManager: Mounting plugin EnvironmentQueryEditor
LogPluginManager: Mounting plugin CameraShakePreviewer
LogPluginManager: Mounting plugin GameplayCameras
LogPluginManager: Mounting plugin OodleNetwork
LogPluginManager: Mounting plugin OodleData
LogPluginManager: Mounting plugin AnimationSharing
LogPluginManager: Mounting plugin CLionSourceCodeAccess
LogPluginManager: Mounting plugin KDevelopSourceCodeAccess
LogPluginManager: Mounting plugin GitSourceControl
LogPluginManager: Mounting plugin NullSourceCodeAccess
LogPluginManager: Mounting plugin PerforceSourceControl
LogPluginManager: Mounting plugin PlasticSourceControl
LogPluginManager: Mounting plugin PropertyAccessNode
LogPluginManager: Mounting plugin PixWinPlugin
LogPluginManager: Mounting plugin PluginUtils
LogPluginManager: Mounting plugin RiderSourceCodeAccess
LogPluginManager: Mounting plugin CodeLiteSourceCodeAccess
LogPluginManager: Mounting plugin SubversionSourceControl
LogPluginManager: Mounting plugin TextureFormatOodle
LogPluginManager: Mounting plugin XCodeSourceCodeAccess
LogPluginManager: Mounting plugin VisualStudioSourceCodeAccess
LogPluginManager: Mounting plugin VisualStudioCodeSourceCodeAccess
LogPluginManager: Mounting plugin UObjectPlugin
LogPluginManager: Mounting plugin AssetManagerEditor
LogPluginManager: Mounting plugin CryptoKeys
LogPluginManager: Mounting plugin CurveEditorTools
LogPluginManager: Mounting plugin DataValidation
LogPluginManager: Mounting plugin FacialAnimation
LogPluginManager: Mounting plugin DatasmithContent
LogPluginManager: Mounting plugin GeometryMode
LogPluginManager: Mounting plugin GameplayTagsEditor
LogPluginManager: Mounting plugin MacGraphicsSwitching
LogPluginManager: Mounting plugin MaterialAnalyzer
LogPluginManager: Mounting plugin MobileLauncherProfileWizard
LogPluginManager: Mounting plugin VariantManagerContent
LogPluginManager: Mounting plugin PluginBrowser
LogPluginManager: Mounting plugin SpeedTreeImporter
LogPluginManager: Mounting plugin AlembicImporter
LogPluginManager: Mounting plugin ChaosClothEditor
LogPluginManager: Mounting plugin BackChannel
LogPluginManager: Mounting plugin ChaosCloth
LogPluginManager: Mounting plugin ChaosEditor
LogPluginManager: Mounting plugin ChaosNiagara
LogPluginManager: Mounting plugin ChaosSolverPlugin
LogPluginManager: Mounting plugin AutomationUtils
LogPluginManager: Mounting plugin CharacterAI
LogPluginManager: Mounting plugin GeometryCollectionPlugin
LogPluginManager: Mounting plugin GeometryProcessing
LogPluginManager: Mounting plugin MotoSynth
LogPluginManager: Mounting plugin OpenImageDenoise
LogPluginManager: Mounting plugin PlanarCut
LogPluginManager: Mounting plugin PlatformCrypto
LogPluginManager: Mounting plugin PythonScriptPlugin
LogPluginManager: Mounting plugin ProxyLODPlugin
LogPluginManager: Mounting plugin SkeletalReduction
LogPluginManager: Mounting plugin Niagara
LogPluginManager: Mounting plugin AndroidMedia
LogPluginManager: Mounting plugin GeometryCache
LogPluginManager: Mounting plugin AvfMedia
LogPluginManager: Mounting plugin ImgMedia
LogPluginManager: Mounting plugin MediaCompositing
LogPluginManager: Mounting plugin MediaPlayerEditor
LogPluginManager: Mounting plugin WebMMedia
LogPluginManager: Mounting plugin WmfMedia
LogPluginManager: Mounting plugin LuminPlatformFeatures
LogPluginManager: Mounting plugin MagicLeap
LogPluginManager: Mounting plugin MagicLeapLightEstimation
LogPluginManager: Mounting plugin MagicLeapMedia
LogPluginManager: Mounting plugin MagicLeapPassableWorld
LogPluginManager: Mounting plugin MLSDK
LogPluginManager: Mounting plugin TcpMessaging
LogPluginManager: Mounting plugin UdpMessaging
LogPluginManager: Mounting plugin ActorSequence
LogPluginManager: Mounting plugin LevelSequenceEditor
LogPluginManager: Mounting plugin MatineeToLevelSequence
LogPluginManager: Mounting plugin OnlineSubsystem
LogPluginManager: Mounting plugin TemplateSequence
LogPluginManager: Mounting plugin OnlineSubsystemNull
LogPluginManager: Mounting plugin OnlineSubsystemUtils
LogPluginManager: Mounting plugin LauncherChunkInstaller
LogPluginManager: Mounting plugin ActorLayerUtilities
LogPluginManager: Mounting plugin AndroidDeviceProfileSelector
LogPluginManager: Mounting plugin AndroidPermission
LogPluginManager: Mounting plugin AndroidMoviePlayer
LogPluginManager: Mounting plugin AppleMoviePlayer
LogPluginManager: Mounting plugin AppleImageUtils
LogPluginManager: Mounting plugin AssetTags
LogPluginManager: Mounting plugin ArchVisCharacter
LogPluginManager: Mounting plugin AudioSynesthesia
LogPluginManager: Mounting plugin CableComponent
LogPluginManager: Mounting plugin ChunkDownloader
LogPluginManager: Mounting plugin AudioCapture
LogPluginManager: Mounting plugin CustomMeshComponent
LogPluginManager: Mounting plugin ExampleDeviceProfileSelector
LogPluginManager: Mounting plugin EditableMesh
LogPluginManager: Mounting plugin GoogleCloudMessaging
LogPluginManager: Mounting plugin GooglePAD
LogPluginManager: Mounting plugin LinuxDeviceProfileSelector
LogPluginManager: Mounting plugin IOSDeviceProfileSelector
LogPluginManager: Mounting plugin LocationServicesBPLibrary
LogPluginManager: Mounting plugin MobilePatchingUtils
LogPluginManager: Mounting plugin OpenXR
LogPluginManager: Mounting plugin OpenXREyeTracker
LogPluginManager: Mounting plugin OpenXRHandTracking
LogPluginManager: Mounting plugin PhysXVehicles
LogPluginManager: Mounting plugin PostSplashScreen
LogPluginManager: Mounting plugin ProceduralMeshComponent
LogPluginManager: Mounting plugin PropertyAccessEditor
LogPluginManager: Mounting plugin SignificanceManager
LogPluginManager: Mounting plugin RuntimePhysXCooking
LogPluginManager: Mounting plugin SoundFields
LogPluginManager: Mounting plugin Synthesis
LogPluginManager: Mounting plugin ScreenshotTools
LogPluginManager: Mounting plugin WebMMoviePlayer
LogPluginManager: Mounting plugin WindowsMoviePlayer
LogPluginManager: Mounting plugin Takes
LogPluginManager: Mounting plugin LightPropagationVolume
LogPluginManager: Mounting plugin ContentBrowserAssetDataSource
LogPluginManager: Mounting plugin ContentBrowserFileDataSource
LogPluginManager: Mounting plugin ContentBrowserClassDataSource
LogPluginManager: Mounting plugin OnlineSubsystemIOS
LogPluginManager: Mounting plugin OnlineSubsystemGooglePlay
LogPluginManager: Mounting plugin OculusVR
LogPluginManager: Mounting plugin SteamVR
PixWinPlugin: PIX capture plugin failed to initialize! Check that the process is launched from PIX.
LogInit: Using libcurl 7.55.1-DEV
LogInit:  - built for x86_64-pc-win32
LogInit:  - supports SSL with OpenSSL/1.1.1
LogInit:  - supports HTTP deflate (compression) using libz 1.2.8
LogInit:  - other features:
LogInit:      CURL_VERSION_SSL
LogInit:      CURL_VERSION_LIBZ
LogInit:      CURL_VERSION_IPV6
LogInit:      CURL_VERSION_ASYNCHDNS
LogInit:      CURL_VERSION_LARGEFILE
LogInit:      CURL_VERSION_IDN
LogInit:  CurlRequestOptions (configurable via config and command line):
LogInit:  - bVerifyPeer = true  - Libcurl will verify peer certificate
LogInit:  - bUseHttpProxy = false  - Libcurl will NOT use HTTP proxy
LogInit:  - bDontReuseConnections = false  - Libcurl will reuse connections
LogInit:  - MaxHostConnections = 16  - Libcurl will limit the number of connections to a host
LogInit:  - LocalHostAddr = Default
LogInit:  - BufferSize = 65536
LogOnline: OSS: Creating online subsystem instance for: NULL
LogInit: WinSock: version 1.1 (2.2), MaxSocks=32767, MaxUdp=65467
LogOnline: OSS: TryLoadSubsystemAndSetDefault: Loaded subsystem for module [NULL]
LogOculusPluginWrapper: OculusPlugin initialized successfully
LogHMD: Failed initializing OVRPlugin 1.59.0
LogInit: Build: ++UE4+Release-4.27-CL-18319896
LogInit: Engine Version: 4.27.2-18319896+++UE4+Release-4.27
LogInit: Compatible Engine Version: 4.27.0-17155196+++UE4+Release-4.27
LogInit: Net CL: 17155196
LogInit: OS: Windows 10 (Release 2009) (), CPU: AMD Ryzen 5 5600H with Radeon Graphics         , GPU: AMD Radeon(TM) Graphics
LogInit: Compiled (64-bit): Nov 30 2021 07:12:08
LogInit: Compiled with Visual C++: 19.24.28315.00
LogInit: Build Configuration: Development
LogInit: Branch Name: ++UE4+Release-4.27
LogInit: Command Line:  -skipcompile
LogInit: Base Directory: E:/UE4/UE_4.27/Engine/Binaries/Win64/
LogInit: Allocator: TBB
LogInit: Installed Engine Build: 1
LogDevObjectVersion: Number of dev versions registered: 29
LogDevObjectVersion:   Dev-Blueprints (B0D832E4-1F89-4F0D-ACCF-7EB736FD4AA2): 10
LogDevObjectVersion:   Dev-Build (E1C64328-A22C-4D53-A36C-8E866417BD8C): 0
LogDevObjectVersion:   Dev-Core (375EC13C-06E4-48FB-B500-84F0262A717E): 4
LogDevObjectVersion:   Dev-Editor (E4B068ED-F494-42E9-A231-DA0B2E46BB41): 40
LogDevObjectVersion:   Dev-Framework (CFFC743F-43B0-4480-9391-14DF171D2073): 37
LogDevObjectVersion:   Dev-Mobile (B02B49B5-BB20-44E9-A304-32B752E40360): 3
LogDevObjectVersion:   Dev-Networking (A4E4105C-59A1-49B5-A7C5-40C4547EDFEE): 0
LogDevObjectVersion:   Dev-Online (39C831C9-5AE6-47DC-9A44-9C173E1C8E7C): 0
LogDevObjectVersion:   Dev-Physics (78F01B33-EBEA-4F98-B9B4-84EACCB95AA2): 14
LogDevObjectVersion:   Dev-Platform (6631380F-2D4D-43E0-8009-CF276956A95A): 0
LogDevObjectVersion:   Dev-Rendering (12F88B9F-8875-4AFC-A67C-D90C383ABD29): 45
LogDevObjectVersion:   Dev-Sequencer (7B5AE74C-D270-4C10-A958-57980B212A5A): 13
LogDevObjectVersion:   Dev-VR (D7296918-1DD6-4BDD-9DE2-64A83CC13884): 3
LogDevObjectVersion:   Dev-LoadTimes (C2A15278-BFE7-4AFE-6C17-90FF531DF755): 1
LogDevObjectVersion:   Private-Geometry (6EACA3D4-40EC-4CC1-B786-8BED09428FC5): 3
LogDevObjectVersion:   Dev-AnimPhys (29E575DD-E0A3-4627-9D10-D276232CDCEA): 17
LogDevObjectVersion:   Dev-Anim (AF43A65D-7FD3-4947-9873-3E8ED9C1BB05): 15
LogDevObjectVersion:   Dev-ReflectionCapture (6B266CEC-1EC7-4B8F-A30B-E4D90942FC07): 1
LogDevObjectVersion:   Dev-Automation (0DF73D61-A23F-47EA-B727-89E90C41499A): 1
LogDevObjectVersion:   FortniteMain (601D1886-AC64-4F84-AA16-D3DE0DEAC7D6): 47
LogDevObjectVersion:   FortniteRelease (E7086368-6B23-4C58-8439-1B7016265E91): 1
LogDevObjectVersion:   Dev-Enterprise (9DFFBCD6-494F-0158-E221-12823C92A888): 10
LogDevObjectVersion:   Dev-Niagara (F2AED0AC-9AFE-416F-8664-AA7FFA26D6FC): 1
LogDevObjectVersion:   Dev-Destruction (174F1F0B-B4C6-45A5-B13F-2EE8D0FB917D): 10
LogDevObjectVersion:   Dev-Physics-Ext (35F94A83-E258-406C-A318-09F59610247C): 41
LogDevObjectVersion:   Dev-PhysicsMaterial-Chaos (B68FC16E-8B1B-42E2-B453-215C058844FE): 1
LogDevObjectVersion:   Dev-CineCamera (B2E18506-4273-CFC2-A54E-F4BB758BBA07): 1
LogDevObjectVersion:   Dev-VirtualProduction (64F58936-FD1B-42BA-BA96-7289D5D0FA4E): 1
LogDevObjectVersion:   Dev-MediaFramework (6F0ED827-A609-4895-9C91-998D90180EA4): 2
LogInit: Presizing for max 25165824 objects, including 0 objects not considered by GC, pre-allocating 0 bytes for permanent pool.
LogConfig: Applying CVar settings from Section [/Script/Engine.StreamingSettings] File [E:/UE4/Projects/WargamingAcademy/Cyberpunk2022/Saved/Config/Windows/Engine.ini]
LogConfig: Setting CVar [[s.MinBulkDataSizeForAsyncLoading:131072]]
LogConfig: Setting CVar [[s.AsyncLoadingThreadEnabled:0]]
LogConfig: Setting CVar [[s.EventDrivenLoaderEnabled:1]]
LogConfig: Setting CVar [[s.WarnIfTimeLimitExceeded:0]]
LogConfig: Setting CVar [[s.TimeLimitExceededMultiplier:1.5]]
LogConfig: Setting CVar [[s.TimeLimitExceededMinTime:0.005]]
LogConfig: Setting CVar [[s.UseBackgroundLevelStreaming:1]]
LogConfig: Setting CVar [[s.PriorityAsyncLoadingExtraTime:15.0]]
LogConfig: Setting CVar [[s.LevelStreamingActorsUpdateTimeLimit:5.0]]
LogConfig: Setting CVar [[s.PriorityLevelStreamingActorsUpdateExtraTime:5.0]]
LogConfig: Setting CVar [[s.LevelStreamingComponentsRegistrationGranularity:10]]
LogConfig: Setting CVar [[s.UnregisterComponentsTimeLimit:1.0]]
LogConfig: Setting CVar [[s.LevelStreamingComponentsUnregistrationGranularity:5]]
LogConfig: Setting CVar [[s.FlushStreamingOnExit:1]]
LogInit: Object subsystem initialized
LogConfig: Setting CVar [[con.DebugEarlyDefault:1]]
LogConfig: Setting CVar [[r.setres:1280x720]]
[2022.03.12-07.17.39:501][  0]LogConfig: Setting CVar [[r.VSync:0]]
[2022.03.12-07.17.39:501][  0]LogConfig: Setting CVar [[r.RHICmdBypass:0]]
[2022.03.12-07.17.39:501][  0]LogConfig: Applying CVar settings from Section [/Script/Engine.RendererSettings] File [E:/UE4/Projects/WargamingAcademy/Cyberpunk2022/Saved/Config/Windows/Engine.ini]
[2022.03.12-07.17.39:502][  0]LogConfig: Setting CVar [[r.GPUCrashDebugging:0]]
[2022.03.12-07.17.39:502][  0]LogConfig: Setting CVar [[r.DefaultFeature.MotionBlur:0]]
[2022.03.12-07.17.39:502][  0]LogConfig: Applying CVar settings from Section [/Script/Engine.RendererOverrideSettings] File [E:/UE4/Projects/WargamingAcademy/Cyberpunk2022/Saved/Config/Windows/Engine.ini]
[2022.03.12-07.17.39:502][  0]LogConfig: Applying CVar settings from Section [/Script/Engine.StreamingSettings] File [E:/UE4/Projects/WargamingAcademy/Cyberpunk2022/Saved/Config/Windows/Engine.ini]
[2022.03.12-07.17.39:502][  0]LogConfig: Setting CVar [[s.MinBulkDataSizeForAsyncLoading:131072]]
[2022.03.12-07.17.39:502][  0]LogConfig: Setting CVar [[s.AsyncLoadingThreadEnabled:0]]
[2022.03.12-07.17.39:502][  0]LogConfig: Setting CVar [[s.EventDrivenLoaderEnabled:1]]
[2022.03.12-07.17.39:502][  0]LogConfig: Setting CVar [[s.WarnIfTimeLimitExceeded:0]]
[2022.03.12-07.17.39:502][  0]LogConfig: Setting CVar [[s.TimeLimitExceededMultiplier:1.5]]
[2022.03.12-07.17.39:502][  0]LogConfig: Setting CVar [[s.TimeLimitExceededMinTime:0.005]]
[2022.03.12-07.17.39:502][  0]LogConfig: Setting CVar [[s.UseBackgroundLevelStreaming:1]]
[2022.03.12-07.17.39:502][  0]LogConfig: Setting CVar [[s.PriorityAsyncLoadingExtraTime:15.0]]
[2022.03.12-07.17.39:502][  0]LogConfig: Setting CVar [[s.LevelStreamingActorsUpdateTimeLimit:5.0]]
[2022.03.12-07.17.39:502][  0]LogConfig: Setting CVar [[s.PriorityLevelStreamingActorsUpdateExtraTime:5.0]]
[2022.03.12-07.17.39:502][  0]LogConfig: Setting CVar [[s.LevelStreamingComponentsRegistrationGranularity:10]]
[2022.03.12-07.17.39:502][  0]LogConfig: Setting CVar [[s.UnregisterComponentsTimeLimit:1.0]]
[2022.03.12-07.17.39:502][  0]LogConfig: Setting CVar [[s.LevelStreamingComponentsUnregistrationGranularity:5]]
[2022.03.12-07.17.39:502][  0]LogConfig: Setting CVar [[s.FlushStreamingOnExit:1]]
[2022.03.12-07.17.39:502][  0]LogConfig: Applying CVar settings from Section [/Script/Engine.GarbageCollectionSettings] File [E:/UE4/Projects/WargamingAcademy/Cyberpunk2022/Saved/Config/Windows/Engine.ini]
[2022.03.12-07.17.39:502][  0]LogConfig: Setting CVar [[gc.MaxObjectsNotConsideredByGC:1]]
[2022.03.12-07.17.39:502][  0]LogConfig: Setting CVar [[gc.SizeOfPermanentObjectPool:0]]
[2022.03.12-07.17.39:502][  0]LogConfig: Setting CVar [[gc.FlushStreamingOnGC:0]]
[2022.03.12-07.17.39:502][  0]LogConfig: Setting CVar [[gc.NumRetriesBeforeForcingGC:10]]
[2022.03.12-07.17.39:502][  0]LogConfig: Setting CVar [[gc.AllowParallelGC:1]]
[2022.03.12-07.17.39:502][  0]LogConfig: Setting CVar [[gc.TimeBetweenPurgingPendingKillObjects:61.1]]
[2022.03.12-07.17.39:502][  0]LogConfig: Setting CVar [[gc.MaxObjectsInEditor:25165824]]
[2022.03.12-07.17.39:503][  0]LogConfig: Setting CVar [[gc.IncrementalBeginDestroyEnabled:1]]
[2022.03.12-07.17.39:503][  0]LogConfig: Setting CVar [[gc.CreateGCClusters:1]]
[2022.03.12-07.17.39:503][  0]LogConfig: Setting CVar [[gc.MinGCClusterSize:5]]
[2022.03.12-07.17.39:503][  0]LogConfig: Setting CVar [[gc.ActorClusteringEnabled:0]]
[2022.03.12-07.17.39:503][  0]LogConfig: Setting CVar [[gc.BlueprintClusteringEnabled:0]]
[2022.03.12-07.17.39:503][  0]LogConfig: Setting CVar [[gc.UseDisregardForGCOnDedicatedServers:0]]
[2022.03.12-07.17.39:503][  0]LogConfig: Setting CVar [[gc.MultithreadedDestructionEnabled:1]]
[2022.03.12-07.17.39:503][  0]LogConfig: Applying CVar settings from Section [/Script/Engine.NetworkSettings] File [E:/UE4/Projects/WargamingAcademy/Cyberpunk2022/Saved/Config/Windows/Engine.ini]
[2022.03.12-07.17.39:503][  0]LogConfig: Applying CVar settings from Section [/Script/UnrealEd.CookerSettings] File [E:/UE4/Projects/WargamingAcademy/Cyberpunk2022/Saved/Config/Windows/Engine.ini]
[2022.03.12-07.17.39:514][  0]LogConfig: Applying CVar settings from Section [ViewDistanceQuality@3] File [E:/UE4/Projects/WargamingAcademy/Cyberpunk2022/Saved/Config/Windows/Scalability.ini]
[2022.03.12-07.17.39:514][  0]LogConfig: Setting CVar [[r.SkeletalMeshLODBias:0]]
[2022.03.12-07.17.39:514][  0]LogConfig: Setting CVar [[r.ViewDistanceScale:1.0]]
[2022.03.12-07.17.39:515][  0]LogConfig: Applying CVar settings from Section [AntiAliasingQuality@3] File [E:/UE4/Projects/WargamingAcademy/Cyberpunk2022/Saved/Config/Windows/Scalability.ini]
[2022.03.12-07.17.39:515][  0]LogConfig: Setting CVar [[r.PostProcessAAQuality:4]]
[2022.03.12-07.17.39:515][  0]LogConfig: Applying CVar settings from Section [ShadowQuality@3] File [E:/UE4/Projects/WargamingAcademy/Cyberpunk2022/Saved/Config/Windows/Scalability.ini]
[2022.03.12-07.17.39:515][  0]LogConfig: Setting CVar [[r.LightFunctionQuality:1]]
[2022.03.12-07.17.39:515][  0]LogConfig: Setting CVar [[r.ShadowQuality:5]]
[2022.03.12-07.17.39:515][  0]LogConfig: Setting CVar [[r.Shadow.CSM.MaxCascades:10]]
[2022.03.12-07.17.39:515][  0]LogConfig: Setting CVar [[r.Shadow.MaxResolution:2048]]
[2022.03.12-07.17.39:515][  0]LogConfig: Setting CVar [[r.Shadow.MaxCSMResolution:2048]]
[2022.03.12-07.17.39:515][  0]LogConfig: Setting CVar [[r.Shadow.RadiusThreshold:0.01]]
[2022.03.12-07.17.39:515][  0]LogConfig: Setting CVar [[r.Shadow.DistanceScale:1.0]]
[2022.03.12-07.17.39:515][  0]LogConfig: Setting CVar [[r.Shadow.CSM.TransitionScale:1.0]]
[2022.03.12-07.17.39:515][  0]LogConfig: Setting CVar [[r.Shadow.PreShadowResolutionFactor:1.0]]
[2022.03.12-07.17.39:515][  0]LogConfig: Setting CVar [[r.DistanceFieldShadowing:1]]
[2022.03.12-07.17.39:515][  0]LogConfig: Setting CVar [[r.DistanceFieldAO:1]]
[2022.03.12-07.17.39:515][  0]LogConfig: Setting CVar [[r.AOQuality:2]]
[2022.03.12-07.17.39:515][  0]LogConfig: Setting CVar [[r.VolumetricFog:1]]
[2022.03.12-07.17.39:515][  0]LogConfig: Setting CVar [[r.VolumetricFog.GridPixelSize:8]]
[2022.03.12-07.17.39:515][  0]LogConfig: Setting CVar [[r.VolumetricFog.GridSizeZ:128]]
[2022.03.12-07.17.39:515][  0]LogConfig: Setting CVar [[r.VolumetricFog.HistoryMissSupersampleCount:4]]
[2022.03.12-07.17.39:515][  0]LogConfig: Setting CVar [[r.LightMaxDrawDistanceScale:1]]
[2022.03.12-07.17.39:515][  0]LogConfig: Setting CVar [[r.CapsuleShadows:1]]
[2022.03.12-07.17.39:515][  0]LogConfig: Applying CVar settings from Section [PostProcessQuality@3] File [E:/UE4/Projects/WargamingAcademy/Cyberpunk2022/Saved/Config/Windows/Scalability.ini]
[2022.03.12-07.17.39:515][  0]LogConfig: Setting CVar [[r.MotionBlurQuality:4]]
[2022.03.12-07.17.39:515][  0]LogConfig: Setting CVar [[r.AmbientOcclusionMipLevelFactor:0.4]]
[2022.03.12-07.17.39:516][  0]LogConfig: Setting CVar [[r.AmbientOcclusionMaxQuality:100]]
[2022.03.12-07.17.39:516][  0]LogConfig: Setting CVar [[r.AmbientOcclusionLevels:-1]]
[2022.03.12-07.17.39:516][  0]LogConfig: Setting CVar [[r.AmbientOcclusionRadiusScale:1.0]]
[2022.03.12-07.17.39:516][  0]LogConfig: Setting CVar [[r.DepthOfFieldQuality:2]]
[2022.03.12-07.17.39:516][  0]LogConfig: Setting CVar [[r.RenderTargetPoolMin:400]]
[2022.03.12-07.17.39:516][  0]LogConfig: Setting CVar [[r.LensFlareQuality:2]]
[2022.03.12-07.17.39:516][  0]LogConfig: Setting CVar [[r.SceneColorFringeQuality:1]]
[2022.03.12-07.17.39:516][  0]LogConfig: Setting CVar [[r.EyeAdaptationQuality:2]]
[2022.03.12-07.17.39:516][  0]LogConfig: Setting CVar [[r.BloomQuality:5]]
[2022.03.12-07.17.39:516][  0]LogConfig: Setting CVar [[r.FastBlurThreshold:100]]
[2022.03.12-07.17.39:516][  0]LogConfig: Setting CVar [[r.Upscale.Quality:3]]
[2022.03.12-07.17.39:516][  0]LogConfig: Setting CVar [[r.Tonemapper.GrainQuantization:1]]
[2022.03.12-07.17.39:516][  0]LogConfig: Setting CVar [[r.LightShaftQuality:1]]
[2022.03.12-07.17.39:516][  0]LogConfig: Setting CVar [[r.Filter.SizeScale:1]]
[2022.03.12-07.17.39:516][  0]LogConfig: Setting CVar [[r.Tonemapper.Quality:5]]
[2022.03.12-07.17.39:516][  0]LogConfig: Setting CVar [[r.DOF.Gather.AccumulatorQuality:1        ; higher gathering accumulator quality]]
[2022.03.12-07.17.39:516][  0]LogConfig: Setting CVar [[r.DOF.Gather.PostfilterMethod:1          ; Median3x3 postfilering method]]
[2022.03.12-07.17.39:516][  0]LogConfig: Setting CVar [[r.DOF.Gather.EnableBokehSettings:0       ; no bokeh simulation when gathering]]
[2022.03.12-07.17.39:516][  0]LogConfig: Setting CVar [[r.DOF.Gather.RingCount:4                 ; medium number of samples when gathering]]
[2022.03.12-07.17.39:516][  0]LogConfig: Setting CVar [[r.DOF.Scatter.ForegroundCompositing:1    ; additive foreground scattering]]
[2022.03.12-07.17.39:516][  0]LogConfig: Setting CVar [[r.DOF.Scatter.BackgroundCompositing:2    ; additive background scattering]]
[2022.03.12-07.17.39:516][  0]LogConfig: Setting CVar [[r.DOF.Scatter.EnableBokehSettings:1      ; bokeh simulation when scattering]]
[2022.03.12-07.17.39:516][  0]LogConfig: Setting CVar [[r.DOF.Scatter.MaxSpriteRatio:0.1         ; only a maximum of 10% of scattered bokeh]]
[2022.03.12-07.17.39:517][  0]LogConfig: Setting CVar [[r.DOF.Recombine.Quality:1                ; cheap slight out of focus]]
[2022.03.12-07.17.39:517][  0]LogConfig: Setting CVar [[r.DOF.Recombine.EnableBokehSettings:0    ; no bokeh simulation on slight out of focus]]
[2022.03.12-07.17.39:517][  0]LogConfig: Setting CVar [[r.DOF.TemporalAAQuality:1                ; more stable temporal accumulation]]
[2022.03.12-07.17.39:517][  0]LogConfig: Setting CVar [[r.DOF.Kernel.MaxForegroundRadius:0.025]]
[2022.03.12-07.17.39:517][  0]LogConfig: Setting CVar [[r.DOF.Kernel.MaxBackgroundRadius:0.025]]
[2022.03.12-07.17.39:517][  0]LogConfig: Applying CVar settings from Section [TextureQuality@3] File [E:/UE4/Projects/WargamingAcademy/Cyberpunk2022/Saved/Config/Windows/Scalability.ini]
[2022.03.12-07.17.39:517][  0]LogConfig: Setting CVar [[r.Streaming.MipBias:0]]
[2022.03.12-07.17.39:517][  0]LogConfig: Setting CVar [[r.Streaming.AmortizeCPUToGPUCopy:0]]
[2022.03.12-07.17.39:517][  0]LogConfig: Setting CVar [[r.Streaming.MaxNumTexturesToStreamPerFrame:0]]
[2022.03.12-07.17.39:517][  0]LogConfig: Setting CVar [[r.Streaming.Boost:1]]
[2022.03.12-07.17.39:517][  0]LogConfig: Setting CVar [[r.MaxAnisotropy:8]]
[2022.03.12-07.17.39:517][  0]LogConfig: Setting CVar [[r.VT.MaxAnisotropy:8]]
[2022.03.12-07.17.39:517][  0]LogConfig: Setting CVar [[r.Streaming.LimitPoolSizeToVRAM:0]]
[2022.03.12-07.17.39:517][  0]LogConfig: Setting CVar [[r.Streaming.PoolSize:1000]]
[2022.03.12-07.17.39:517][  0]LogConfig: Setting CVar [[r.Streaming.MaxEffectiveScreenSize:0]]
[2022.03.12-07.17.39:517][  0]LogConfig: Applying CVar settings from Section [EffectsQuality@3] File [E:/UE4/Projects/WargamingAcademy/Cyberpunk2022/Saved/Config/Windows/Scalability.ini]
[2022.03.12-07.17.39:517][  0]LogConfig: Setting CVar [[r.TranslucencyLightingVolumeDim:64]]
[2022.03.12-07.17.39:517][  0]LogConfig: Setting CVar [[r.RefractionQuality:2]]
[2022.03.12-07.17.39:517][  0]LogConfig: Setting CVar [[r.SSR.Quality:3]]
[2022.03.12-07.17.39:517][  0]LogConfig: Setting CVar [[r.SSR.HalfResSceneColor:0]]
[2022.03.12-07.17.39:517][  0]LogConfig: Setting CVar [[r.SceneColorFormat:4]]
[2022.03.12-07.17.39:517][  0]LogConfig: Setting CVar [[r.DetailMode:2]]
[2022.03.12-07.17.39:517][  0]LogConfig: Setting CVar [[r.TranslucencyVolumeBlur:1]]
[2022.03.12-07.17.39:518][  0]LogConfig: Setting CVar [[r.MaterialQualityLevel:1 ; High quality]]
[2022.03.12-07.17.39:518][  0]LogConfig: Setting CVar [[r.AnisotropicMaterials:1]]
[2022.03.12-07.17.39:518][  0]LogConfig: Setting CVar [[r.SSS.Scale:1]]
[2022.03.12-07.17.39:518][  0]LogConfig: Setting CVar [[r.SSS.SampleSet:2]]
[2022.03.12-07.17.39:518][  0]LogConfig: Setting CVar [[r.SSS.Quality:1]]
[2022.03.12-07.17.39:518][  0]LogConfig: Setting CVar [[r.SSS.HalfRes:0]]
[2022.03.12-07.17.39:518][  0]LogConfig: Setting CVar [[r.SSGI.Quality:3]]
[2022.03.12-07.17.39:518][  0]LogConfig: Setting CVar [[r.EmitterSpawnRateScale:1.0]]
[2022.03.12-07.17.39:518][  0]LogConfig: Setting CVar [[r.ParticleLightQuality:2]]
[2022.03.12-07.17.39:518][  0]LogConfig: Setting CVar [[r.SkyAtmosphere.AerialPerspectiveLUT.FastApplyOnOpaque:1 ; Always have FastSkyLUT 1 in this case to avoid wrong sky]]
[2022.03.12-07.17.39:518][  0]LogConfig: Setting CVar [[r.SkyAtmosphere.AerialPerspectiveLUT.SampleCountMaxPerSlice:4]]
[2022.03.12-07.17.39:518][  0]LogConfig: Setting CVar [[r.SkyAtmosphere.AerialPerspectiveLUT.DepthResolution:16.0]]
[2022.03.12-07.17.39:518][  0]LogConfig: Setting CVar [[r.SkyAtmosphere.FastSkyLUT:1]]
[2022.03.12-07.17.39:518][  0]LogConfig: Setting CVar [[r.SkyAtmosphere.FastSkyLUT.SampleCountMin:4.0]]
[2022.03.12-07.17.39:518][  0]LogConfig: Setting CVar [[r.SkyAtmosphere.FastSkyLUT.SampleCountMax:128.0]]
[2022.03.12-07.17.39:518][  0]LogConfig: Setting CVar [[r.SkyAtmosphere.SampleCountMin:4.0]]
[2022.03.12-07.17.39:518][  0]LogConfig: Setting CVar [[r.SkyAtmosphere.SampleCountMax:128.0]]
[2022.03.12-07.17.39:518][  0]LogConfig: Setting CVar [[r.SkyAtmosphere.TransmittanceLUT.UseSmallFormat:0]]
[2022.03.12-07.17.39:518][  0]LogConfig: Setting CVar [[r.SkyAtmosphere.TransmittanceLUT.SampleCount:10.0]]
[2022.03.12-07.17.39:518][  0]LogConfig: Setting CVar [[r.SkyAtmosphere.MultiScatteringLUT.SampleCount:15.0]]
[2022.03.12-07.17.39:518][  0]LogConfig: Setting CVar [[r.SkyLight.RealTimeReflectionCapture:1]]
[2022.03.12-07.17.39:518][  0]LogConfig: Applying CVar settings from Section [FoliageQuality@3] File [E:/UE4/Projects/WargamingAcademy/Cyberpunk2022/Saved/Config/Windows/Scalability.ini]
[2022.03.12-07.17.39:518][  0]LogConfig: Setting CVar [[foliage.DensityScale:1.0]]
[2022.03.12-07.17.39:519][  0]LogConfig: Setting CVar [[grass.DensityScale:1.0]]
[2022.03.12-07.17.39:519][  0]LogConfig: Applying CVar settings from Section [ShadingQuality@3] File [E:/UE4/Projects/WargamingAcademy/Cyberpunk2022/Saved/Config/Windows/Scalability.ini]
[2022.03.12-07.17.39:519][  0]LogConfig: Setting CVar [[r.HairStrands.SkyLighting.IntegrationType:2]]
[2022.03.12-07.17.39:519][  0]LogConfig: Setting CVar [[r.HairStrands.SkyAO.SampleCount:4]]
[2022.03.12-07.17.39:519][  0]LogConfig: Setting CVar [[r.HairStrands.Visibility.MSAA.SamplePerPixel:4]]
[2022.03.12-07.17.39:519][  0]LogInit: Selected Device Profile: [Windows]
[2022.03.12-07.17.39:519][  0]LogInit: Applying CVar settings loaded from the selected device profile: [Windows]
[2022.03.12-07.17.39:519][  0]LogHAL: Display: Platform has ~ 16 GB [16487870464 / 17179869184 / 16], which maps to Larger [LargestMinGB=32, LargerMinGB=12, DefaultMinGB=8, SmallerMinGB=6, SmallestMinGB=0)
[2022.03.12-07.17.39:519][  0]LogInit: Going up to parent DeviceProfile []
[2022.03.12-07.17.39:519][  0]LogConfig: Applying CVar settings from Section [ViewDistanceQuality@3] File [E:/UE4/Projects/WargamingAcademy/Cyberpunk2022/Saved/Config/Windows/Scalability.ini]
[2022.03.12-07.17.39:519][  0]LogConfig: Setting CVar [[r.SkeletalMeshLODBias:0]]
[2022.03.12-07.17.39:519][  0]LogConfig: Setting CVar [[r.ViewDistanceScale:1.0]]
[2022.03.12-07.17.39:519][  0]LogConfig: Applying CVar settings from Section [AntiAliasingQuality@3] File [E:/UE4/Projects/WargamingAcademy/Cyberpunk2022/Saved/Config/Windows/Scalability.ini]
[2022.03.12-07.17.39:520][  0]LogConfig: Setting CVar [[r.PostProcessAAQuality:4]]
[2022.03.12-07.17.39:520][  0]LogConfig: Applying CVar settings from Section [ShadowQuality@3] File [E:/UE4/Projects/WargamingAcademy/Cyberpunk2022/Saved/Config/Windows/Scalability.ini]
[2022.03.12-07.17.39:520][  0]LogConfig: Setting CVar [[r.LightFunctionQuality:1]]
[2022.03.12-07.17.39:520][  0]LogConfig: Setting CVar [[r.ShadowQuality:5]]
[2022.03.12-07.17.39:520][  0]LogConfig: Setting CVar [[r.Shadow.CSM.MaxCascades:10]]
[2022.03.12-07.17.39:520][  0]LogConfig: Setting CVar [[r.Shadow.MaxResolution:2048]]
[2022.03.12-07.17.39:520][  0]LogConfig: Setting CVar [[r.Shadow.MaxCSMResolution:2048]]
[2022.03.12-07.17.39:520][  0]LogConfig: Setting CVar [[r.Shadow.RadiusThreshold:0.01]]
[2022.03.12-07.17.39:520][  0]LogConfig: Setting CVar [[r.Shadow.DistanceScale:1.0]]
[2022.03.12-07.17.39:520][  0]LogConfig: Setting CVar [[r.Shadow.CSM.TransitionScale:1.0]]
[2022.03.12-07.17.39:520][  0]LogConfig: Setting CVar [[r.Shadow.PreShadowResolutionFactor:1.0]]
[2022.03.12-07.17.39:520][  0]LogConfig: Setting CVar [[r.DistanceFieldShadowing:1]]
[2022.03.12-07.17.39:520][  0]LogConfig: Setting CVar [[r.DistanceFieldAO:1]]
[2022.03.12-07.17.39:520][  0]LogConfig: Setting CVar [[r.AOQuality:2]]
[2022.03.12-07.17.39:520][  0]LogConfig: Setting CVar [[r.VolumetricFog:1]]
[2022.03.12-07.17.39:520][  0]LogConfig: Setting CVar [[r.VolumetricFog.GridPixelSize:8]]
[2022.03.12-07.17.39:520][  0]LogConfig: Setting CVar [[r.VolumetricFog.GridSizeZ:128]]
[2022.03.12-07.17.39:520][  0]LogConfig: Setting CVar [[r.VolumetricFog.HistoryMissSupersampleCount:4]]
[2022.03.12-07.17.39:520][  0]LogConfig: Setting CVar [[r.LightMaxDrawDistanceScale:1]]
[2022.03.12-07.17.39:520][  0]LogConfig: Setting CVar [[r.CapsuleShadows:1]]
[2022.03.12-07.17.39:520][  0]LogConfig: Applying CVar settings from Section [PostProcessQuality@3] File [E:/UE4/Projects/WargamingAcademy/Cyberpunk2022/Saved/Config/Windows/Scalability.ini]
[2022.03.12-07.17.39:520][  0]LogConfig: Setting CVar [[r.MotionBlurQuality:4]]
[2022.03.12-07.17.39:520][  0]LogConfig: Setting CVar [[r.AmbientOcclusionMipLevelFactor:0.4]]
[2022.03.12-07.17.39:521][  0]LogConfig: Setting CVar [[r.AmbientOcclusionMaxQuality:100]]
[2022.03.12-07.17.39:521][  0]LogConfig: Setting CVar [[r.AmbientOcclusionLevels:-1]]
[2022.03.12-07.17.39:521][  0]LogConfig: Setting CVar [[r.AmbientOcclusionRadiusScale:1.0]]
[2022.03.12-07.17.39:521][  0]LogConfig: Setting CVar [[r.DepthOfFieldQuality:2]]
[2022.03.12-07.17.39:521][  0]LogConfig: Setting CVar [[r.RenderTargetPoolMin:400]]
[2022.03.12-07.17.39:521][  0]LogConfig: Setting CVar [[r.LensFlareQuality:2]]
[2022.03.12-07.17.39:521][  0]LogConfig: Setting CVar [[r.SceneColorFringeQuality:1]]
[2022.03.12-07.17.39:521][  0]LogConfig: Setting CVar [[r.EyeAdaptationQuality:2]]
[2022.03.12-07.17.39:521][  0]LogConfig: Setting CVar [[r.BloomQuality:5]]
[2022.03.12-07.17.39:521][  0]LogConfig: Setting CVar [[r.FastBlurThreshold:100]]
[2022.03.12-07.17.39:521][  0]LogConfig: Setting CVar [[r.Upscale.Quality:3]]
[2022.03.12-07.17.39:521][  0]LogConfig: Setting CVar [[r.Tonemapper.GrainQuantization:1]]
[2022.03.12-07.17.39:521][  0]LogConfig: Setting CVar [[r.LightShaftQuality:1]]
[2022.03.12-07.17.39:521][  0]LogConfig: Setting CVar [[r.Filter.SizeScale:1]]
[2022.03.12-07.17.39:521][  0]LogConfig: Setting CVar [[r.Tonemapper.Quality:5]]
[2022.03.12-07.17.39:521][  0]LogConfig: Setting CVar [[r.DOF.Gather.AccumulatorQuality:1        ; higher gathering accumulator quality]]
[2022.03.12-07.17.39:521][  0]LogConfig: Setting CVar [[r.DOF.Gather.PostfilterMethod:1          ; Median3x3 postfilering method]]
[2022.03.12-07.17.39:521][  0]LogConfig: Setting CVar [[r.DOF.Gather.EnableBokehSettings:0       ; no bokeh simulation when gathering]]
[2022.03.12-07.17.39:521][  0]LogConfig: Setting CVar [[r.DOF.Gather.RingCount:4                 ; medium number of samples when gathering]]
[2022.03.12-07.17.39:521][  0]LogConfig: Setting CVar [[r.DOF.Scatter.ForegroundCompositing:1    ; additive foreground scattering]]
[2022.03.12-07.17.39:521][  0]LogConfig: Setting CVar [[r.DOF.Scatter.BackgroundCompositing:2    ; additive background scattering]]
[2022.03.12-07.17.39:521][  0]LogConfig: Setting CVar [[r.DOF.Scatter.EnableBokehSettings:1      ; bokeh simulation when scattering]]
[2022.03.12-07.17.39:521][  0]LogConfig: Setting CVar [[r.DOF.Scatter.MaxSpriteRatio:0.1         ; only a maximum of 10% of scattered bokeh]]
[2022.03.12-07.17.39:521][  0]LogConfig: Setting CVar [[r.DOF.Recombine.Quality:1                ; cheap slight out of focus]]
[2022.03.12-07.17.39:521][  0]LogConfig: Setting CVar [[r.DOF.Recombine.EnableBokehSettings:0    ; no bokeh simulation on slight out of focus]]
[2022.03.12-07.17.39:522][  0]LogConfig: Setting CVar [[r.DOF.TemporalAAQuality:1                ; more stable temporal accumulation]]
[2022.03.12-07.17.39:522][  0]LogConfig: Setting CVar [[r.DOF.Kernel.MaxForegroundRadius:0.025]]
[2022.03.12-07.17.39:522][  0]LogConfig: Setting CVar [[r.DOF.Kernel.MaxBackgroundRadius:0.025]]
[2022.03.12-07.17.39:522][  0]LogConfig: Applying CVar settings from Section [TextureQuality@3] File [E:/UE4/Projects/WargamingAcademy/Cyberpunk2022/Saved/Config/Windows/Scalability.ini]
[2022.03.12-07.17.39:522][  0]LogConfig: Setting CVar [[r.Streaming.MipBias:0]]
[2022.03.12-07.17.39:522][  0]LogConfig: Setting CVar [[r.Streaming.AmortizeCPUToGPUCopy:0]]
[2022.03.12-07.17.39:522][  0]LogConfig: Setting CVar [[r.Streaming.MaxNumTexturesToStreamPerFrame:0]]
[2022.03.12-07.17.39:522][  0]LogConfig: Setting CVar [[r.Streaming.Boost:1]]
[2022.03.12-07.17.39:522][  0]LogConfig: Setting CVar [[r.MaxAnisotropy:8]]
[2022.03.12-07.17.39:522][  0]LogConfig: Setting CVar [[r.VT.MaxAnisotropy:8]]
[2022.03.12-07.17.39:522][  0]LogConfig: Setting CVar [[r.Streaming.LimitPoolSizeToVRAM:0]]
[2022.03.12-07.17.39:522][  0]LogConfig: Setting CVar [[r.Streaming.PoolSize:1000]]
[2022.03.12-07.17.39:522][  0]LogConfig: Setting CVar [[r.Streaming.MaxEffectiveScreenSize:0]]
[2022.03.12-07.17.39:522][  0]LogConfig: Applying CVar settings from Section [EffectsQuality@3] File [E:/UE4/Projects/WargamingAcademy/Cyberpunk2022/Saved/Config/Windows/Scalability.ini]
[2022.03.12-07.17.39:522][  0]LogConfig: Setting CVar [[r.TranslucencyLightingVolumeDim:64]]
[2022.03.12-07.17.39:522][  0]LogConfig: Setting CVar [[r.RefractionQuality:2]]
[2022.03.12-07.17.39:522][  0]LogConfig: Setting CVar [[r.SSR.Quality:3]]
[2022.03.12-07.17.39:522][  0]LogConfig: Setting CVar [[r.SSR.HalfResSceneColor:0]]
[2022.03.12-07.17.39:522][  0]LogConfig: Setting CVar [[r.SceneColorFormat:4]]
[2022.03.12-07.17.39:522][  0]LogConfig: Setting CVar [[r.DetailMode:2]]
[2022.03.12-07.17.39:522][  0]LogConfig: Setting CVar [[r.TranslucencyVolumeBlur:1]]
[2022.03.12-07.17.39:522][  0]LogConfig: Setting CVar [[r.MaterialQualityLevel:1 ; High quality]]
[2022.03.12-07.17.39:522][  0]LogConfig: Setting CVar [[r.AnisotropicMaterials:1]]
[2022.03.12-07.17.39:522][  0]LogConfig: Setting CVar [[r.SSS.Scale:1]]
[2022.03.12-07.17.39:522][  0]LogConfig: Setting CVar [[r.SSS.SampleSet:2]]
[2022.03.12-07.17.39:522][  0]LogConfig: Setting CVar [[r.SSS.Quality:1]]
[2022.03.12-07.17.39:522][  0]LogConfig: Setting CVar [[r.SSS.HalfRes:0]]
[2022.03.12-07.17.39:522][  0]LogConfig: Setting CVar [[r.SSGI.Quality:3]]
[2022.03.12-07.17.39:522][  0]LogConfig: Setting CVar [[r.EmitterSpawnRateScale:1.0]]
[2022.03.12-07.17.39:522][  0]LogConfig: Setting CVar [[r.ParticleLightQuality:2]]
[2022.03.12-07.17.39:523][  0]LogConfig: Setting CVar [[r.SkyAtmosphere.AerialPerspectiveLUT.FastApplyOnOpaque:1 ; Always have FastSkyLUT 1 in this case to avoid wrong sky]]
[2022.03.12-07.17.39:523][  0]LogConfig: Setting CVar [[r.SkyAtmosphere.AerialPerspectiveLUT.SampleCountMaxPerSlice:4]]
[2022.03.12-07.17.39:523][  0]LogConfig: Setting CVar [[r.SkyAtmosphere.AerialPerspectiveLUT.DepthResolution:16.0]]
[2022.03.12-07.17.39:523][  0]LogConfig: Setting CVar [[r.SkyAtmosphere.FastSkyLUT:1]]
[2022.03.12-07.17.39:523][  0]LogConfig: Setting CVar [[r.SkyAtmosphere.FastSkyLUT.SampleCountMin:4.0]]
[2022.03.12-07.17.39:523][  0]LogConfig: Setting CVar [[r.SkyAtmosphere.FastSkyLUT.SampleCountMax:128.0]]
[2022.03.12-07.17.39:523][  0]LogConfig: Setting CVar [[r.SkyAtmosphere.SampleCountMin:4.0]]
[2022.03.12-07.17.39:523][  0]LogConfig: Setting CVar [[r.SkyAtmosphere.SampleCountMax:128.0]]
[2022.03.12-07.17.39:523][  0]LogConfig: Setting CVar [[r.SkyAtmosphere.TransmittanceLUT.UseSmallFormat:0]]
[2022.03.12-07.17.39:523][  0]LogConfig: Setting CVar [[r.SkyAtmosphere.TransmittanceLUT.SampleCount:10.0]]
[2022.03.12-07.17.39:523][  0]LogConfig: Setting CVar [[r.SkyAtmosphere.MultiScatteringLUT.SampleCount:15.0]]
[2022.03.12-07.17.39:523][  0]LogConfig: Setting CVar [[r.SkyLight.RealTimeReflectionCapture:1]]
[2022.03.12-07.17.39:523][  0]LogConfig: Applying CVar settings from Section [FoliageQuality@3] File [E:/UE4/Projects/WargamingAcademy/Cyberpunk2022/Saved/Config/Windows/Scalability.ini]
[2022.03.12-07.17.39:523][  0]LogConfig: Setting CVar [[foliage.DensityScale:1.0]]
[2022.03.12-07.17.39:523][  0]LogConfig: Setting CVar [[grass.DensityScale:1.0]]
[2022.03.12-07.17.39:523][  0]LogConfig: Applying CVar settings from Section [ShadingQuality@3] File [E:/UE4/Projects/WargamingAcademy/Cyberpunk2022/Saved/Config/Windows/Scalability.ini]
[2022.03.12-07.17.39:523][  0]LogConfig: Setting CVar [[r.HairStrands.SkyLighting.IntegrationType:2]]
[2022.03.12-07.17.39:523][  0]LogConfig: Setting CVar [[r.HairStrands.SkyAO.SampleCount:4]]
[2022.03.12-07.17.39:523][  0]LogConfig: Setting CVar [[r.HairStrands.Visibility.MSAA.SamplePerPixel:4]]
[2022.03.12-07.17.39:523][  0]LogConfig: Applying CVar settings from Section [Startup] File [../../../Engine/Config/ConsoleVariables.ini]
[2022.03.12-07.17.39:523][  0]LogConfig: Setting CVar [[net.UseAdaptiveNetUpdateFrequency:0]]
[2022.03.12-07.17.39:523][  0]LogConfig: Setting CVar [[p.chaos.AllowCreatePhysxBodies:1]]
[2022.03.12-07.17.39:523][  0]LogConfig: Setting CVar [[fx.SkipVectorVMBackendOptimizations:1]]
[2022.03.12-07.17.39:524][  0]LogConfig: Applying CVar settings from Section [ConsoleVariables] File [E:/UE4/Projects/WargamingAcademy/Cyberpunk2022/Saved/Config/Windows/Engine.ini]
[2022.03.12-07.17.39:524][  0]LogConfig: Applying CVar settings from Section [ConsoleVariables] File [E:/UE4/Projects/WargamingAcademy/Cyberpunk2022/Saved/Config/Windows/Editor.ini]
[2022.03.12-07.17.39:524][  0]LogInit: Computer: DESKTOP-P6OQVGL
[2022.03.12-07.17.39:524][  0]LogInit: User: Artem
[2022.03.12-07.17.39:524][  0]LogInit: CPU Page size=4096, Cores=6
[2022.03.12-07.17.39:524][  0]LogInit: High frequency timer resolution =10.000000 MHz
[2022.03.12-07.17.39:524][  0]LogMemory: Memory total: Physical=15.4GB (16GB approx)
[2022.03.12-07.17.39:524][  0]LogMemory: Platform Memory Stats for Windows
[2022.03.12-07.17.39:524][  0]LogMemory: Process Physical Memory: 145.09 MB used, 145.10 MB peak
[2022.03.12-07.17.39:524][  0]LogMemory: Process Virtual Memory: 127.68 MB used, 127.68 MB peak
[2022.03.12-07.17.39:524][  0]LogMemory: Physical Memory: 11753.08 MB used,  3970.98 MB free, 15724.06 MB total
[2022.03.12-07.17.39:524][  0]LogMemory: Virtual Memory: 134209864.00 MB used,  7864.10 MB free, 134217728.00 MB total
[2022.03.12-07.17.39:533][  0]LogWindows: WindowsPlatformFeatures enabled
[2022.03.12-07.17.39:644][  0]LogInit: Physics initialised using underlying interface: PhysX
[2022.03.12-07.17.39:645][  0]LogInit: Using OS detected language (en-US).
[2022.03.12-07.17.39:645][  0]LogInit: Using OS detected locale (en-US).
[2022.03.12-07.17.39:646][  0]LogTextLocalizationManager: No specific localization for 'en-US' exists, so the 'en' localization will be used.
[2022.03.12-07.17.39:827][  0]LogInit: Setting process to per monitor DPI aware
[2022.03.12-07.17.39:849][  0]LogWindowsTextInputMethodSystem: Display: IME system deactivated.
[2022.03.12-07.17.39:862][  0]LogSlate: New Slate User Created.  User Index 0, Is Virtual User: 0
[2022.03.12-07.17.39:863][  0]LogSlate: Slate User Registered.  User Index 0, Is Virtual User: 0
[2022.03.12-07.17.39:963][  0]LogD3D11RHI: Loaded GFSDK_Aftermath_Lib.x64.dll
[2022.03.12-07.17.39:979][  0]LogHMD: Failed to initialize OpenVR with code 110
[2022.03.12-07.17.39:979][  0]LogD3D11RHI: D3D11 min allowed feature level: 11_0
[2022.03.12-07.17.39:979][  0]LogD3D11RHI: D3D11 max allowed feature level: 11_0
[2022.03.12-07.17.39:979][  0]LogD3D11RHI: D3D11 adapters:
[2022.03.12-07.17.40:082][  0]LogD3D11RHI:    0. 'NVIDIA GeForce RTX 3060 Laptop GPU' (Feature Level 11_0)
[2022.03.12-07.17.40:082][  0]LogD3D11RHI:       6023/0/7862 MB DedicatedVideo/DedicatedSystem/SharedSystem, Outputs:2, VendorId:0x10de
[2022.03.12-07.17.40:126][  0]LogD3D11RHI:    1. 'AMD Radeon(TM) Graphics' (Feature Level 11_0)
[2022.03.12-07.17.40:126][  0]LogD3D11RHI:       496/0/7862 MB DedicatedVideo/DedicatedSystem/SharedSystem, Outputs:0, VendorId:0x1002
[2022.03.12-07.17.40:129][  0]LogD3D11RHI:    2. 'Microsoft Basic Render Driver' (Feature Level 11_0)
[2022.03.12-07.17.40:129][  0]LogD3D11RHI:       0/0/7862 MB DedicatedVideo/DedicatedSystem/SharedSystem, Outputs:0, VendorId:0x1414
[2022.03.12-07.17.40:129][  0]LogD3D11RHI: Chosen D3D11 Adapter:
[2022.03.12-07.17.40:129][  0]LogD3D11RHI:     Description : NVIDIA GeForce RTX 3060 Laptop GPU
[2022.03.12-07.17.40:129][  0]LogD3D11RHI:     VendorId    : 10de
[2022.03.12-07.17.40:129][  0]LogD3D11RHI:     DeviceId    : 2520
[2022.03.12-07.17.40:129][  0]LogD3D11RHI:     SubSysId    : 151f1025
[2022.03.12-07.17.40:129][  0]LogD3D11RHI:     Revision    : 00a1
[2022.03.12-07.17.40:130][  0]LogD3D11RHI:     DedicatedVideoMemory : 6315573248 bytes
[2022.03.12-07.17.40:130][  0]LogD3D11RHI:     DedicatedSystemMemory : 0 bytes
[2022.03.12-07.17.40:130][  0]LogD3D11RHI:     SharedSystemMemory : 8243935232 bytes
[2022.03.12-07.17.40:130][  0]LogD3D11RHI:     AdapterLuid : 0 59695
[2022.03.12-07.17.40:138][  0]LogD3D11RHI: Creating new Direct3DDevice
[2022.03.12-07.17.40:138][  0]LogD3D11RHI:     GPU DeviceId: 0x2520 (for the marketing name, search the web for "GPU Device Id")
[2022.03.12-07.17.40:138][  0]LogWindows: EnumDisplayDevices:
[2022.03.12-07.17.40:138][  0]LogWindows:    0. 'AMD Radeon(TM) Graphics' (P:1 D:1)
[2022.03.12-07.17.40:139][  0]LogWindows:    1. 'AMD Radeon(TM) Graphics' (P:0 D:0)
[2022.03.12-07.17.40:139][  0]LogWindows:    2. 'AMD Radeon(TM) Graphics' (P:0 D:0)
[2022.03.12-07.17.40:139][  0]LogWindows:    3. 'NVIDIA GeForce RTX 3060 Laptop GPU' (P:0 D:1)
[2022.03.12-07.17.40:140][  0]LogWindows: DebugString: PrimaryIsNotTheChoosenAdapter PrimaryIsNotTheChoosenAdapter PrimaryIsNotTheChoosenAdapter 
[2022.03.12-07.17.40:140][  0]LogD3D11RHI:     Adapter Name: NVIDIA GeForce RTX 3060 Laptop GPU
[2022.03.12-07.17.40:140][  0]LogD3D11RHI:   Driver Version: 497.09 (internal:30.0.14.9709, unified:497.09)
[2022.03.12-07.17.40:140][  0]LogD3D11RHI:      Driver Date: 11-26-2021
[2022.03.12-07.17.40:140][  0]LogRHI: Texture pool is 4216 MB (70% of 6023 MB)
[2022.03.12-07.17.40:140][  0]LogD3D11RHI: Creating D3DDevice using adapter:
[2022.03.12-07.17.40:140][  0]LogD3D11RHI:     Description : NVIDIA GeForce RTX 3060 Laptop GPU
[2022.03.12-07.17.40:140][  0]LogD3D11RHI:     VendorId    : 10de
[2022.03.12-07.17.40:140][  0]LogD3D11RHI:     DeviceId    : 2520
[2022.03.12-07.17.40:140][  0]LogD3D11RHI:     SubSysId    : 151f1025
[2022.03.12-07.17.40:140][  0]LogD3D11RHI:     Revision    : 00a1
[2022.03.12-07.17.40:140][  0]LogD3D11RHI:     DedicatedVideoMemory : 6315573248 bytes
[2022.03.12-07.17.40:140][  0]LogD3D11RHI:     DedicatedSystemMemory : 0 bytes
[2022.03.12-07.17.40:140][  0]LogD3D11RHI:     SharedSystemMemory : 8243935232 bytes
[2022.03.12-07.17.40:140][  0]LogD3D11RHI:     AdapterLuid : 0 59695
[2022.03.12-07.17.40:201][  0]LogD3D11RHI: RHI has support for 64 bit atomics
[2022.03.12-07.17.40:201][  0]LogD3D11RHI: Async texture creation enabled
[2022.03.12-07.17.40:201][  0]LogD3D11RHI: Array index from any shader is supported
[2022.03.12-07.17.40:222][  0]LogD3D11RHI: GPU Timing Frequency: 1000.000000 (Debug: 2 1)
[2022.03.12-07.17.40:247][  0]LogRHI: GeForceNow SDK initialized: 1
[2022.03.12-07.17.40:472][  0]LogTargetPlatformManager: Display: Loaded TargetPlatform 'AllDesktop'
[2022.03.12-07.17.40:493][  0]LogTargetPlatformManager: Display: Loaded TargetPlatform 'Android'
[2022.03.12-07.17.40:493][  0]LogTargetPlatformManager: Display: Loaded TargetPlatform 'Android_ASTC'
[2022.03.12-07.17.40:493][  0]LogTargetPlatformManager: Display: Loaded TargetPlatform 'Android_DXT'
[2022.03.12-07.17.40:493][  0]LogTargetPlatformManager: Display: Loaded TargetPlatform 'Android_ETC2'
[2022.03.12-07.17.40:493][  0]LogTargetPlatformManager: Display: Loaded TargetPlatform 'AndroidClient'
[2022.03.12-07.17.40:494][  0]LogTargetPlatformManager: Display: Loaded TargetPlatform 'Android_ASTCClient'
[2022.03.12-07.17.40:494][  0]LogTargetPlatformManager: Display: Loaded TargetPlatform 'Android_DXTClient'
[2022.03.12-07.17.40:494][  0]LogTargetPlatformManager: Display: Loaded TargetPlatform 'Android_ETC2Client'
[2022.03.12-07.17.40:494][  0]LogTargetPlatformManager: Display: Loaded TargetPlatform 'Android_Multi'
[2022.03.12-07.17.40:494][  0]LogTargetPlatformManager: Display: Loaded TargetPlatform 'Android_MultiClient'
[2022.03.12-07.17.40:512][  0]LogTargetPlatformManager: Display: Loaded TargetPlatform 'IOSClient'
[2022.03.12-07.17.40:512][  0]LogTargetPlatformManager: Display: Loaded TargetPlatform 'IOS'
[2022.03.12-07.17.40:521][  0]LogTargetPlatformManager: Display: Loaded TargetPlatform 'Linux'
[2022.03.12-07.17.40:525][  0]LogTargetPlatformManager: Display: Loaded TargetPlatform 'LinuxNoEditor'
[2022.03.12-07.17.40:529][  0]LogTargetPlatformManager: Display: Loaded TargetPlatform 'LinuxClient'
[2022.03.12-07.17.40:534][  0]LogTargetPlatformManager: Display: Loaded TargetPlatform 'LinuxServer'
[2022.03.12-07.17.40:543][  0]LogTargetPlatformManager: Display: Loaded TargetPlatform 'LinuxAArch64NoEditor'
[2022.03.12-07.17.40:547][  0]LogTargetPlatformManager: Display: Loaded TargetPlatform 'LinuxAArch64Client'
[2022.03.12-07.17.40:553][  0]LogTargetPlatformManager: Display: Loaded TargetPlatform 'LinuxAArch64Server'
[2022.03.12-07.17.40:572][  0]LogTargetPlatformManager: Display: Loaded TargetPlatform 'Lumin'
[2022.03.12-07.17.40:572][  0]LogTargetPlatformManager: Display: Loaded TargetPlatform 'LuminClient'
[2022.03.12-07.17.40:578][  0]LogTargetPlatformManager: Display: Loaded TargetPlatform 'MacNoEditor'
[2022.03.12-07.17.40:583][  0]LogTargetPlatformManager: Display: Loaded TargetPlatform 'Mac'
[2022.03.12-07.17.40:588][  0]LogTargetPlatformManager: Display: Loaded TargetPlatform 'MacClient'
[2022.03.12-07.17.40:592][  0]LogTargetPlatformManager: Display: Loaded TargetPlatform 'MacServer'
[2022.03.12-07.17.40:601][  0]LogTargetPlatformManager: Display: Loaded TargetPlatform 'TVOSClient'
[2022.03.12-07.17.40:601][  0]LogTargetPlatformManager: Display: Loaded TargetPlatform 'TVOS'
[2022.03.12-07.17.40:609][  0]LogTargetPlatformManager: Display: Loaded TargetPlatform 'WindowsNoEditor'
[2022.03.12-07.17.40:613][  0]LogTargetPlatformManager: Display: Loaded TargetPlatform 'Windows'
[2022.03.12-07.17.40:618][  0]LogTargetPlatformManager: Display: Loaded TargetPlatform 'WindowsClient'
[2022.03.12-07.17.40:623][  0]LogTargetPlatformManager: Display: Loaded TargetPlatform 'WindowsServer'
[2022.03.12-07.17.40:623][  0]LogTargetPlatformManager: Display: Building Assets For Windows
[2022.03.12-07.17.40:631][  0]LogAudioDebug: Display: Lib vorbis DLL was dynamically loaded.
[2022.03.12-07.17.40:668][  0]LogTextureFormatOodle: Display: Oodle Texture 2.9.0 init RDO Off
[2022.03.12-07.17.40:713][  0]LogRendererCore: Ray tracing is disabled. Reason: r.RayTracing=0.
[2022.03.12-07.17.40:713][  0]LogShaderCompilers: Guid format shader working directory is -6 characters bigger than the processId version (../../../../Projects/WargamingAcademy/Cyberpunk2022/Intermediate/Shaders/WorkingDirectory/15876/).
[2022.03.12-07.17.40:713][  0]LogShaderCompilers: Cleaned the shader compiler working directory 'C:/Users/Artem/AppData/Local/Temp/UnrealShaderWorkingDir/9A79C2B24B6DAC41C32D579CDED3BF5A/'.
[2022.03.12-07.17.40:713][  0]LogXGEController: Cannot use XGE Controller as Incredibuild is not installed on this machine.
[2022.03.12-07.17.40:714][  0]LogShaderCompilers: Cannot use XGE Shader Compiler as Incredibuild is not installed on this machine.
[2022.03.12-07.17.40:714][  0]LogShaderCompilers: Display: Using Local Shader Compiler.
[2022.03.12-07.17.41:323][  0]LogDerivedDataCache: Display: Max Cache Size: 512 MB
[2022.03.12-07.17.41:374][  0]LogDerivedDataCache: Loaded boot cache 0.05s 103MB C:/Users/Artem/AppData/Local/UnrealEngine/4.27/DerivedDataCache/Boot.ddc.
[2022.03.12-07.17.41:374][  0]LogDerivedDataCache: Display: Loaded Boot cache: C:/Users/Artem/AppData/Local/UnrealEngine/4.27/DerivedDataCache/Boot.ddc
[2022.03.12-07.17.41:374][  0]LogDerivedDataCache: FDerivedDataBackendGraph:  Pak pak cache file ../../../../Projects/WargamingAcademy/Cyberpunk2022/DerivedDataCache/DDC.ddp not found, will not use a pak cache.
[2022.03.12-07.17.41:374][  0]LogDerivedDataCache: Unable to find inner node Pak for hierarchical cache Hierarchy.
[2022.03.12-07.17.41:374][  0]LogDerivedDataCache: FDerivedDataBackendGraph:  CompressedPak pak cache file ../../../../Projects/WargamingAcademy/Cyberpunk2022/DerivedDataCache/Compressed.ddp not found, will not use a pak cache.
[2022.03.12-07.17.41:374][  0]LogDerivedDataCache: Unable to find inner node CompressedPak for hierarchical cache Hierarchy.
[2022.03.12-07.17.41:391][  0]LogDerivedDataCache: Display: Pak cache opened for reading ../../../Engine/DerivedDataCache/Compressed.ddp.
[2022.03.12-07.17.41:391][  0]LogDerivedDataCache: FDerivedDataBackendGraph:  EnterprisePak pak cache file ../../../Enterprise/DerivedDataCache/Compressed.ddp not found, will not use a pak cache.
[2022.03.12-07.17.41:391][  0]LogDerivedDataCache: Unable to find inner node EnterprisePak for hierarchical cache Hierarchy.
[2022.03.12-07.17.41:398][  0]LogDerivedDataCache: Speed tests for C:/Users/Artem/AppData/Local/UnrealEngine/Common/DerivedDataCache took 0.01 seconds
[2022.03.12-07.17.41:398][  0]LogDerivedDataCache: Display: Performance to C:/Users/Artem/AppData/Local/UnrealEngine/Common/DerivedDataCache: Latency=0.03ms. RandomReadSpeed=1423.50MBs, RandomWriteSpeed=165.23MBs. Assigned SpeedClass 'Local'
[2022.03.12-07.17.41:400][  0]LogDerivedDataCache: Using Local data cache path C:/Users/Artem/AppData/Local/UnrealEngine/Common/DerivedDataCache: Writable
[2022.03.12-07.17.41:401][  0]LogDerivedDataCache: Shared data cache path not found in *engine.ini, will not use an Shared cache.
[2022.03.12-07.17.41:401][  0]LogDerivedDataCache: Unable to find inner node Shared for hierarchical cache Hierarchy.
[2022.03.12-07.17.41:439][  0]LogSlate: Using FreeType 2.10.0
[2022.03.12-07.17.41:439][  0]LogSlate: SlateFontServices - WITH_FREETYPE: 1, WITH_HARFBUZZ: 1
[2022.03.12-07.17.41:460][  0]LogAssetRegistry: FAssetRegistry took 0.0039 seconds to start up
[2022.03.12-07.17.41:658][  0]LogInit: Selected Device Profile: [Windows]
[2022.03.12-07.17.41:658][  0]LogInit: Active device profile: [0000019E011B4D00][0000019E7DCF6BC0 49] Windows
[2022.03.12-07.17.41:658][  0]LogInit: Profiles: [0000019E011B4D00][0000019E7DCF6BC0 49] Windows, [0000019E0117A300][0000019E7D89AD40 49] WindowsNoEditor, [0000019E011B5C00][0000019E7D8D8EC0 49] WindowsServer, [0000019E0117B100][0000019E7D8DD040 49] WindowsClient, [0000019E011B6900][0000019E7D8E11C0 49] IOS, [0000019E01179A00][0000019E7D8E5340 49] iPadAir, [0000019E011B7E00][0000019E7D8E94C0 49] iPadAir2, [0000019E010FD100][0000019E7D211780 49] IPadPro, [0000019E010FD200][0000019E7D8ED7C0 49] iPadAir3, [0000019E01178C00][0000019E7E087940 49] iPadAir4, [0000019E010FDE00][0000019E7D245AC0 49] iPadMini2, [0000019E0117B300][0000019E7E08A0C0 49] iPadMini3, [0000019E010FF900][0000019E7E08E240 49] iPadMini4, [0000019E01179000][0000019E7DFE23C0 49] iPadMini5, [0000019E01130900][0000019E7D490680 49] iPhone6, [0000019E01130A00][0000019E7D48C6C0 49] iPodTouch6, [0000019E011B6E00][0000019E7E0A4900 49] iPhone7, [0000019E011B6F00][0000019E7DCFA940 49] iPodTouch7, [0000019E010FFE00][0000019E7E0ACA80 49] iPhone5S, [0000019E011B5100][0000019E7D4A4BC0 49] iPhone6Plus, [0000019E01130100][0000019E7D9A2D40 49] iPhone6S, [0000019E010FC300][0000019E7D9AAEC0 49] iPhone6SPlus, [0000019E01132800][0000019E7DAC9040 49] iPhone7Plus, [0000019E010FE300][0000019E7DACD1C0 49] iPhoneSE, [0000019E01132600][0000019E7DAD1340 49] iPhone8, [0000019E010FD000][0000019E7DAD54C0 49] iPhone8Plus, [0000019E01133100][0000019E7DB35640 49] iPhoneX, [0000019E011B5500][0000019E7DB617C0 49] iPhoneXS, [0000019E01132B00][0000019E7DB81940 49] iPhoneXSMax, [0000019E011B4700][0000019E7DB89AC0 49] iPhoneXR, [0000019E01130700][0000019E7DB8C0C0 49] iPhone11, [0000019E011B4E00][0000019E7DB9C240 49] iPhone11Pro, [0000019E01131A00][0000019E0162C3C0 49] iPhone11ProMax, [0000019E011B7800][0000019E01630540 49] iPhoneSE2, [0000019E01133800][0000019E0167A6C0 49] iPhone12Mini, [0000019E011B6300][0000019E0167E840 49] iPhone12, [0000019E01132300][0000019E7D992980 49] iPhone12Pro, [0000019E011B4500][0000019E01682AC0 49] iPhone12ProMax, [0000019E01131500][0000019E01686C00 49] iPadPro105, [0000019E011B4A00][0000019E0168AD40 49] iPadPro129, [0000019E01133D00][0000019E7D1A0EC0 49] iPadPro97, [0000019E011B5200][0000019E7D1A5040 49] iPadPro2_129, [0000019E01132A00][0000019E7D1AF1C0 49] iPad5, [0000019E011B5D00][0000019E7D1B3340 49] iPad6, [0000019E01131300][0000019E7D1BD4C0 49] iPad7, [0000019E011B7A00][0000019E7D1C1640 49] iPad8, [0000019E01130300][0000019E7D1D97C0 49] iPadPro11, [0000019E011B4100][0000019E7DF39940 49] iPadPro2_11, [0000019E01131600][0000019E7DF45AC0 49] iPadPro3_129, [0000019E011B7300][0000019E7DF880C0 49] iPadPro4_129, [0000019E01131000][0000019E7DF8C240 49] AppleTV, [0000019E011B5B00][0000019E7DF903C0 49] AppleTV4K, [0000019E01133200][0000019E7DF94540 49] TVOS, [0000019E011B7B00][0000019E7DF986C0 49] Mac, [0000019E01133700][0000019E7DFA2840 49] MacClient, [0000019E011B7F00][0000019E7E0469C0 49] MacNoEditor, [0000019E01133000][0000019E7E04AB40 49] MacServer, [0000019E011B6C00][0000019E01728C80 49] Linux, [0000019E01131D00][0000019E7D458DC0 49] LinuxAArch64, [0000019E011B6A00][0000019E7D45CF00 49] LinuxNoEditor, [0000019E01133900][0000019E7D465080 49] LinuxAArch64NoEditor, [0000019E011B7100][0000019E7D469200 49] LinuxClient, [0000019E01132F00][0000019E7D46D380 49] LinuxAArch64Client, [0000019E011B7200][0000019E7D471500 49] LinuxServer, [0000019E01133F00][0000019E7D475680 49] LinuxAArch64Server, [0000019E011B4200][0000019E7D489800 49] Android, [0000019E01130500][0000019E7E057980 49] Android_Low, [0000019E011B6200][0000019E7E05BB00 49] Android_Mid, [0000019E01133B00][0000019E7E05E100 49] Android_High, [0000019E011B6000][0000019E7E062280 49] Android_Default, [0000019E01133300][0000019E7E066400 49] Android_Adreno4xx, [0000019E011B7700][0000019E7E06A580 49] Android_Adreno5xx_Low, [0000019E01130B00][0000019E7D454700 49] Android_Adreno5xx, [0000019E011B6600][0000019E7D494880 49] Android_Adreno6xx, [0000019E01178500][0000019E7E06EA00 49] Android_Adreno6xx_Vulkan, [0000019E010FD300][0000019E7E072B80 49] Android_Mali_T6xx, [0000019E0117BE00][0000019E7E076D00 49] Android_Mali_T7xx, [0000019E010FF300][0000019E7D460E40 49] Android_Mali_T8xx, [0000019E0117AE00][0000019E7DB1AF80 49] Android_Mali_G71, [0000019E010FE800][0000019E7E0A90C0 49] Android_Mali_G72, [0000019E01179400][0000019E7D99F240 49] Android_Mali_G72_Vulkan, [0000019E010FD500][0000019E7D98F3C0 49] Android_Mali_G76, [0000019E0117BA00][0000019E7D98B540 49] Android_Mali_G76_Vulkan, [0000019E010FEC00][0000019E7D9576C0 49] Android_Mali_G77, [0000019E0117B600][0000019E7D953840 49] Android_Mali_G77_Vulkan, [0000019E010FD700][0000019E7D94F9C0 49] Android_Mali_G78, [0000019E0117A200][0000019E7D94BB40 49] Android_Mali_G78_Vulkan, [0000019E010FCB00][0000019E7D946140 49] Android_Mali_G710, [0000019E01178300][0000019E7D9422C0 49] Android_Mali_G710_Vulkan, [0000019E010FC200][0000019E7D93E440 49] Android_Vulkan_SM5, [0000019E01178800][0000019E7DEDE5C0 49] Android_PowerVR_G6xxx, [0000019E010FE500][0000019E7DEE2740 49] Android_PowerVR_GT7xxx, [0000019E01178E00][0000019E7E07A8C0 49] Android_PowerVR_GE8xxx, [0000019E010FD400][0000019E7E07EA40 49] Android_PowerVR_GM9xxx, [0000019E0117B400][0000019E7E082BC0 49] Android_PowerVR_GM9xxx_Vulkan, [0000019E010FC600][0000019E7DCCED40 49] Android_TegraK1, [0000019E01179E00][0000019E7DCD2EC0 49] Android_Unknown_Vulkan, [0000019E010FE100][0000019E7D9A7000 49] Lumin, [0000019E01179100][0000019E7DCD7140 49] Lumin_Desktop, [0000019E010FF400][0000019E7DCDB280 49] HoloLens, 
[2022.03.12-07.17.41:777][  0]LogMeshReduction: Using QuadricMeshReduction for automatic static mesh reduction
[2022.03.12-07.17.41:777][  0]LogMeshReduction: Using SimplygonMeshReduction for automatic skeletal mesh reduction
[2022.03.12-07.17.41:777][  0]LogMeshReduction: Using ProxyLODMeshReduction for automatic mesh merging
[2022.03.12-07.17.41:777][  0]LogMeshReduction: No distributed automatic mesh merging module available
[2022.03.12-07.17.41:777][  0]LogMeshMerging: No distributed automatic mesh merging module available
[2022.03.12-07.17.41:791][  0]LogNetVersion: Cyberpunk2022 1.0.0, NetCL: 17155196, EngineNetVer: 17, GameNetVer: 0 (Checksum: 1028016206)
[2022.03.12-07.17.42:075][  0]LogTexture: Default maximum texture size for cubemaps generated from long-lat sources has been changed from 512 to unlimited. In order to preserve old behaiour for '/Engine/MapTemplates/Sky/DaylightAmbientCubemap.DaylightAmbientCubemap', its maximum texture size has been explicitly set to 512.
[2022.03.12-07.17.42:124][  0]LogHMD: PokeAHoleMaterial loaded successfully
[2022.03.12-07.17.42:129][  0]LogUObjectArray: 17178 objects as part of root set at end of initial load.
[2022.03.12-07.17.42:129][  0]LogUObjectAllocator: 4302048 out of 0 bytes used by permanent object pool.
[2022.03.12-07.17.42:129][  0]LogUObjectArray: CloseDisregardForGC: 0/0 objects in disregard for GC pool
[2022.03.12-07.17.42:392][  0]LogPython: Using Python 3.7.7
[2022.03.12-07.17.42:809][  0]LogNiagaraDebuggerClient: Niagara Debugger Client Initialized | Session: 25B4B9AF4098259F07D354B2FFF747C0 | Instance: 78D4AADA446E289CC482B9B5DB2AB3AD (DESKTOP-P6OQVGL-15876).
[2022.03.12-07.17.42:953][  0]LogTcpMessaging: Initializing TcpMessaging bridge
[2022.03.12-07.17.42:959][  0]LogUdpMessaging: Initializing bridge on interface 0.0.0.0:0 to multicast group 230.0.0.1:6666.
[2022.03.12-07.17.43:347][  0]SourceControl: Source control is disabled
[2022.03.12-07.17.43:347][  0]SourceControl: Source control is disabled
[2022.03.12-07.17.43:351][  0]SourceControl: Source control is disabled
[2022.03.12-07.17.43:354][  0]SourceControl: Source control is disabled
[2022.03.12-07.17.43:498][  0]SourceControl: Source control is disabled
[2022.03.12-07.17.43:503][  0]LogUProjectInfo: Found projects:
[2022.03.12-07.17.43:698][  0]LogOpenImageDenoise: OIDN starting up
[2022.03.12-07.17.43:765][  0]LogAndroidPermission: UAndroidPermissionCallbackProxy::GetInstance
[2022.03.12-07.17.43:797][  0]LogAudioCaptureCore: Display: No Audio Capture implementations found. Audio input will be silent.
[2022.03.12-07.17.43:797][  0]LogAudioCaptureCore: Display: No Audio Capture implementations found. Audio input will be silent.
[2022.03.12-07.17.43:910][  0]LogCollectionManager: Loaded 0 collections in 0.000810 seconds
[2022.03.12-07.17.43:939][  0]LogFileCache: Scanning file cache for directory 'E:/UE4/Projects/WargamingAcademy/Cyberpunk2022/Saved/Collections/' took 0.00s
[2022.03.12-07.17.43:940][  0]LogFileCache: Scanning file cache for directory 'E:/UE4/Projects/WargamingAcademy/Cyberpunk2022/Content/Developers/Artem/Collections/' took 0.00s
[2022.03.12-07.17.43:940][  0]LogFileCache: Scanning file cache for directory 'E:/UE4/Projects/WargamingAcademy/Cyberpunk2022/Content/Collections/' took 0.00s
[2022.03.12-07.17.43:940][  0]LogOcInput: OculusInput pre-init called
[2022.03.12-07.17.44:128][  0]LogClass: Warning: ObjectProperty FUDecalStruct::Material is not initialized properly. Module:Cyberpunk2022 File:DecalStruct.h
[2022.03.12-07.17.44:129][  0]LogClass: Display: 1 Uninitialized script struct members found including 1 object properties
[2022.03.12-07.17.44:130][  0]LogAutomationTest: Warning: ObjectProperty FUDecalStruct::Material is not initialized properly. Module:Cyberpunk2022 File:DecalStruct.h
[2022.03.12-07.17.44:130][  0]LogEngine: Initializing Engine...
[2022.03.12-07.17.44:133][  0]LogHMD: Failed to enumerate extensions. Please check that you have a valid OpenXR runtime installed.
[2022.03.12-07.17.44:133][  0]LogHMD: Failed to initialize OpenVR with code 110
[2022.03.12-07.17.44:133][  0]LogMagicLeap: Warning: VR disabled because ZI is not enabled.  To enable, in the editor, Edit -> Project Settings -> Plugins -> Magic Leap Plugin -> Enable Zero Iteration
[2022.03.12-07.17.44:134][  0]LogStats: UGameplayTagsManager::InitializeManager -  0.000 s
[2022.03.12-07.17.44:225][  0]LogInit: Initializing FReadOnlyCVARCache
[2022.03.12-07.17.44:234][  0]LogAIModule: Creating AISystem for world Untitled
[2022.03.12-07.17.44:243][  0]LogAudio: Display: Initializing Audio Device Manager...
[2022.03.12-07.17.44:246][  0]LogAudio: Display: Loading Default Audio Settings Objects...
[2022.03.12-07.17.44:247][  0]LogAudio: Display: No default SoundConcurrencyObject specified (or failed to load).
[2022.03.12-07.17.44:247][  0]LogAudio: Display: Audio Device Manager Initialized
[2022.03.12-07.17.44:247][  0]LogAudio: Display: Creating Audio Device:                 Id: 1, Scope: Shared, Realtime: True
[2022.03.12-07.17.44:247][  0]LogAudioMixer: Display: Audio Mixer Platform Settings:
[2022.03.12-07.17.44:247][  0]LogAudioMixer: Display: 	Sample Rate:						  48000
[2022.03.12-07.17.44:248][  0]LogAudioMixer: Display: 	Callback Buffer Frame Size Requested: 1024
[2022.03.12-07.17.44:248][  0]LogAudioMixer: Display: 	Callback Buffer Frame Size To Use:	  1024
[2022.03.12-07.17.44:248][  0]LogAudioMixer: Display: 	Number of buffers to queue:			  2
[2022.03.12-07.17.44:248][  0]LogAudioMixer: Display: 	Max Channels (voices):				  32
[2022.03.12-07.17.44:248][  0]LogAudioMixer: Display: 	Number of Async Source Workers:		  0
[2022.03.12-07.17.44:248][  0]LogAudio: Display: AudioDevice MaxSources: 32
[2022.03.12-07.17.44:248][  0]LogAudio: Display: Audio Spatialization Plugin: None (built-in).
[2022.03.12-07.17.44:248][  0]LogAudio: Display: Audio Reverb Plugin: None (built-in).
[2022.03.12-07.17.44:248][  0]LogAudio: Display: Audio Occlusion Plugin: None (built-in).
[2022.03.12-07.17.44:248][  0]LogAudioMixer: Display: Initializing audio mixer.
[2022.03.12-07.17.44:260][  0]LogAudioMixer: Display: 0: FrontLeft
[2022.03.12-07.17.44:260][  0]LogAudioMixer: Display: 1: FrontRight
[2022.03.12-07.17.44:339][  0]LogAudioMixer: Display: Using Audio Device Headphones (Realtek(R) Audio)
[2022.03.12-07.17.44:342][  0]LogAudioMixer: Display: Initializing Sound Submixes...
[2022.03.12-07.17.44:344][  0]LogAudioMixer: Display: Creating Master Submix 'MasterSubmixDefault'
[2022.03.12-07.17.44:344][  0]LogAudioMixer: Display: Creating Master Submix 'MasterReverbSubmixDefault'
[2022.03.12-07.17.44:345][  0]LogAudioMixer: Display: Creating Master Submix 'MasterEQSubmixDefault'
[2022.03.12-07.17.44:345][  0]LogAudioMixer: FMixerPlatformXAudio2::StartAudioStream() called
[2022.03.12-07.17.44:346][  0]LogAudioMixer: Display: Output buffers initialized: Frames=1024, Channels=2, Samples=2048
[2022.03.12-07.17.44:348][  0]LogAudioMixer: Display: Starting AudioMixerPlatformInterface::RunInternal()
[2022.03.12-07.17.44:348][  0]LogAudioMixer: Display: FMixerPlatformXAudio2::SubmitBuffer() called for the first time
[2022.03.12-07.17.44:348][  0]LogInit: FAudioDevice initialized.
[2022.03.12-07.17.44:348][  0]LogAudio: Display: Audio Device (ID: 1) registered with world 'Untitled'.
[2022.03.12-07.17.44:348][  0]LogNetVersion: Set ProjectVersion to 1.0.0.0. Version Checksum will be recalculated on next use.
[2022.03.12-07.17.44:401][  0]LogDerivedDataCache: Saved boot cache 0.05s 103MB C:/Users/Artem/AppData/Local/UnrealEngine/4.27/DerivedDataCache/Boot.ddc.
[2022.03.12-07.17.44:402][  0]LogInit: Texture streaming: Enabled
[2022.03.12-07.17.44:418][  0]LogAnalytics: Display: [UEEditor.Rocket.Release] APIServer = https://datarouter.ol.epicgames.com/. AppVersion = 4.27.2-18319896+++UE4+Release-4.27
[2022.03.12-07.17.44:422][  0]LogEngineSessionManager: EngineSessionManager initialized
[2022.03.12-07.17.44:422][  0]LogEditorSessionSummary: Verbose: Initializing EditorSessionSummaryWriter for editor session tracking
[2022.03.12-07.17.44:423][  0]LogEditorSessionSummary: EditorSessionSummaryWriter initialized
[2022.03.12-07.17.44:443][  0]LogInit: Transaction tracking system initialized
[2022.03.12-07.17.44:465][  0]BlueprintLog: New page: Editor Load
[2022.03.12-07.17.44:526][  0]LocalizationService: Localization service is disabled
[2022.03.12-07.17.44:552][  0]TimingProfiler: Initialize
[2022.03.12-07.17.44:552][  0]TimingProfiler: OnSessionChanged
[2022.03.12-07.17.44:552][  0]LoadingProfiler: Initialize
[2022.03.12-07.17.44:552][  0]LoadingProfiler: OnSessionChanged
[2022.03.12-07.17.44:552][  0]NetworkingProfiler: Initialize
[2022.03.12-07.17.44:552][  0]NetworkingProfiler: OnSessionChanged
[2022.03.12-07.17.44:552][  0]MemoryProfiler: Initialize
[2022.03.12-07.17.44:552][  0]MemoryProfiler: OnSessionChanged
[2022.03.12-07.17.44:677][  0]LogCook: Display: CookSettings for Memory: MemoryMaxUsedVirtual 0MiB, MemoryMaxUsedPhysical 16384MiB, MemoryMinFreeVirtual 0MiB, MemoryMinFreePhysical 1024MiB
[2022.03.12-07.17.44:677][  0]LogCook: Display: Mobile HDR setting 1
[2022.03.12-07.17.44:879][  0]LogFileCache: Scanning file cache for directory 'E:/UE4/Projects/WargamingAcademy/Cyberpunk2022/Content/' took 0.01s
[2022.03.12-07.17.45:018][  0]LogInit: Display: Engine is initialized. Leaving FEngineLoop::Init()
[2022.03.12-07.17.45:020][  0]SourceControl: Source control is disabled
[2022.03.12-07.17.45:020][  0]LogUnrealEdMisc: Loading editor; pre map load, took 6.842
[2022.03.12-07.17.45:021][  0]Cmd: MAP LOAD FILE="../../../../Projects/WargamingAcademy/Cyberpunk2022/Content/FirstPersonCPP/Maps/bloking_new.umap" TEMPLATE=0 SHOWPROGRESS=1 FEATURELEVEL=3
[2022.03.12-07.17.45:021][  0]LightingResults: New page: Lighting Build
[2022.03.12-07.17.45:022][  0]LogWorld: UWorld::CleanupWorld for Untitled, bSessionEnded=true, bCleanupResources=true
[2022.03.12-07.17.45:022][  0]LogSlate: InvalidateAllWidgets triggered.  All widgets were invalidated
[2022.03.12-07.17.45:022][  0]MapCheck: New page: Map Check
[2022.03.12-07.17.45:022][  0]LightingResults: New page: Lighting Build
[2022.03.12-07.17.45:026][  0]LogAudio: Display: Audio Device unregistered from world 'None'.
[2022.03.12-07.17.45:030][  0]LogUObjectHash: Compacting FUObjectHashTables data took   0.87ms
[2022.03.12-07.17.45:590][  0]LogAudio: Display: Audio Device (ID: 1) registered with world 'bloking_new'.
[2022.03.12-07.17.45:591][  0]LogAIModule: Creating AISystem for world bloking_new
[2022.03.12-07.17.45:731][  0]LogEditorServer: Finished looking for orphan Actors (0.000 secs)
[2022.03.12-07.17.45:777][  0]LogUObjectHash: Compacting FUObjectHashTables data took   1.16ms
[2022.03.12-07.17.45:777][  0]Cmd: MAP CHECKDEP NOCLEARLOG
[2022.03.12-07.17.45:777][  0]MapCheck: Map check complete: 0 Error(s), 0 Warning(s), took 0.375ms to complete.
[2022.03.12-07.17.45:777][  0]LogFileHelpers: Loading map 'bloking_new' took 0.756
[2022.03.12-07.17.45:779][  0]LogUnrealEdMisc: Total Editor Startup Time, took 7.601
[2022.03.12-07.17.45:881][  0]LogSlate: Updating window title bar state: overlay mode, drag disabled, window buttons hidden, title bar hidden
[2022.03.12-07.17.45:887][  0]LogSlate: Updating window title bar state: overlay mode, drag disabled, window buttons hidden, title bar hidden
[2022.03.12-07.17.45:892][  0]LogSlate: Updating window title bar state: overlay mode, drag disabled, window buttons hidden, title bar hidden
[2022.03.12-07.17.45:898][  0]LogSlate: Updating window title bar state: overlay mode, drag disabled, window buttons hidden, title bar hidden
[2022.03.12-07.17.45:910][  0]LogNativeClassHierarchy: Verbose: Native class hierarchy populated in 0.0089 seconds. Added 3831 classes and 930 folders.
[2022.03.12-07.17.45:912][  0]LogNativeClassHierarchy: Verbose: Native class hierarchy updated for 'WidgetCarousel' in 0.0003 seconds. Added 0 classes and 0 folders.
[2022.03.12-07.17.45:913][  0]LogPakFile: PakFile PrimaryIndexSize=187
[2022.03.12-07.17.45:913][  0]LogPakFile: PakFile PathHashIndexSize=101
[2022.03.12-07.17.45:913][  0]LogPakFile: PakFile FullDirectoryIndexSize=148
[2022.03.12-07.17.45:913][  0]LogShaderLibrary: Display: ShaderCodeLibraryPakFileMountedCallback: PakFile 'E:/UE4/UE_4.27/FeaturePacks/FP_FirstPerson.upack' (chunk index -1, root 'root:/') mounted
[2022.03.12-07.17.45:913][  0]LogShaderLibrary: Display: ShaderCodeLibraryPakFileMountedCallback: pending pak file info (ChunkID:-1 Root:root:/ File:E:/UE4/UE_4.27/FeaturePacks/FP_FirstPerson.upack)
[2022.03.12-07.17.45:913][  0]LogPakFile: OnPakFileMounted2Time == 0.000105
[2022.03.12-07.17.45:914][  0]LogPakFile: PakFile PrimaryIndexSize=189
[2022.03.12-07.17.45:914][  0]LogPakFile: PakFile PathHashIndexSize=101
[2022.03.12-07.17.45:914][  0]LogPakFile: PakFile FullDirectoryIndexSize=152
[2022.03.12-07.17.45:914][  0]LogShaderLibrary: Display: ShaderCodeLibraryPakFileMountedCallback: PakFile 'E:/UE4/UE_4.27/FeaturePacks/FP_FirstPersonBP.upack' (chunk index -1, root 'root:/') mounted
[2022.03.12-07.17.45:914][  0]LogShaderLibrary: Display: ShaderCodeLibraryPakFileMountedCallback: pending pak file info (ChunkID:-1 Root:root:/ File:E:/UE4/UE_4.27/FeaturePacks/FP_FirstPersonBP.upack)
[2022.03.12-07.17.45:914][  0]LogPakFile: OnPakFileMounted2Time == 0.000086
[2022.03.12-07.17.45:914][  0]LogPakFile: PakFile PrimaryIndexSize=191
[2022.03.12-07.17.45:914][  0]LogPakFile: PakFile PathHashIndexSize=101
[2022.03.12-07.17.45:914][  0]LogPakFile: PakFile FullDirectoryIndexSize=160
[2022.03.12-07.17.45:914][  0]LogShaderLibrary: Display: ShaderCodeLibraryPakFileMountedCallback: PakFile 'E:/UE4/UE_4.27/FeaturePacks/MobileStarterContent.upack' (chunk index -1, root 'root:/') mounted
[2022.03.12-07.17.45:915][  0]LogShaderLibrary: Display: ShaderCodeLibraryPakFileMountedCallback: pending pak file info (ChunkID:-1 Root:root:/ File:E:/UE4/UE_4.27/FeaturePacks/MobileStarterContent.upack)
[2022.03.12-07.17.45:915][  0]LogPakFile: OnPakFileMounted2Time == 0.000109
[2022.03.12-07.17.45:915][  0]LogPakFile: PakFile PrimaryIndexSize=185
[2022.03.12-07.17.45:915][  0]LogPakFile: PakFile PathHashIndexSize=101
[2022.03.12-07.17.45:915][  0]LogPakFile: PakFile FullDirectoryIndexSize=148
[2022.03.12-07.17.45:915][  0]LogShaderLibrary: Display: ShaderCodeLibraryPakFileMountedCallback: PakFile 'E:/UE4/UE_4.27/FeaturePacks/StarterContent.upack' (chunk index -1, root 'root:/') mounted
[2022.03.12-07.17.45:915][  0]LogShaderLibrary: Display: ShaderCodeLibraryPakFileMountedCallback: pending pak file info (ChunkID:-1 Root:root:/ File:E:/UE4/UE_4.27/FeaturePacks/StarterContent.upack)
[2022.03.12-07.17.45:915][  0]LogPakFile: OnPakFileMounted2Time == 0.000087
[2022.03.12-07.17.45:916][  0]LogPakFile: PakFile PrimaryIndexSize=190
[2022.03.12-07.17.45:916][  0]LogPakFile: PakFile PathHashIndexSize=101
[2022.03.12-07.17.45:916][  0]LogPakFile: PakFile FullDirectoryIndexSize=154
[2022.03.12-07.17.45:916][  0]LogShaderLibrary: Display: ShaderCodeLibraryPakFileMountedCallback: PakFile 'E:/UE4/UE_4.27/FeaturePacks/TP_2DSideScroller.upack' (chunk index -1, root 'root:/') mounted
[2022.03.12-07.17.45:916][  0]LogShaderLibrary: Display: ShaderCodeLibraryPakFileMountedCallback: pending pak file info (ChunkID:-1 Root:root:/ File:E:/UE4/UE_4.27/FeaturePacks/TP_2DSideScroller.upack)
[2022.03.12-07.17.45:916][  0]LogPakFile: OnPakFileMounted2Time == 0.000090
[2022.03.12-07.17.45:916][  0]LogPakFile: PakFile PrimaryIndexSize=192
[2022.03.12-07.17.45:916][  0]LogPakFile: PakFile PathHashIndexSize=101
[2022.03.12-07.17.45:916][  0]LogPakFile: PakFile FullDirectoryIndexSize=158
[2022.03.12-07.17.45:916][  0]LogShaderLibrary: Display: ShaderCodeLibraryPakFileMountedCallback: PakFile 'E:/UE4/UE_4.27/FeaturePacks/TP_2DSideScrollerBP.upack' (chunk index -1, root 'root:/') mounted
[2022.03.12-07.17.45:916][  0]LogShaderLibrary: Display: ShaderCodeLibraryPakFileMountedCallback: pending pak file info (ChunkID:-1 Root:root:/ File:E:/UE4/UE_4.27/FeaturePacks/TP_2DSideScrollerBP.upack)
[2022.03.12-07.17.45:916][  0]LogPakFile: OnPakFileMounted2Time == 0.000081
[2022.03.12-07.17.45:917][  0]LogPakFile: PakFile PrimaryIndexSize=182
[2022.03.12-07.17.45:917][  0]LogPakFile: PakFile PathHashIndexSize=101
[2022.03.12-07.17.45:917][  0]LogPakFile: PakFile FullDirectoryIndexSize=138
[2022.03.12-07.17.45:917][  0]LogShaderLibrary: Display: ShaderCodeLibraryPakFileMountedCallback: PakFile 'E:/UE4/UE_4.27/FeaturePacks/TP_Flying.upack' (chunk index -1, root 'root:/') mounted
[2022.03.12-07.17.45:917][  0]LogShaderLibrary: Display: ShaderCodeLibraryPakFileMountedCallback: pending pak file info (ChunkID:-1 Root:root:/ File:E:/UE4/UE_4.27/FeaturePacks/TP_Flying.upack)
[2022.03.12-07.17.45:917][  0]LogPakFile: OnPakFileMounted2Time == 0.000078
[2022.03.12-07.17.45:917][  0]LogPakFile: PakFile PrimaryIndexSize=184
[2022.03.12-07.17.45:917][  0]LogPakFile: PakFile PathHashIndexSize=101
[2022.03.12-07.17.45:917][  0]LogPakFile: PakFile FullDirectoryIndexSize=142
[2022.03.12-07.17.45:917][  0]LogShaderLibrary: Display: ShaderCodeLibraryPakFileMountedCallback: PakFile 'E:/UE4/UE_4.27/FeaturePacks/TP_FlyingBP.upack' (chunk index -1, root 'root:/') mounted
[2022.03.12-07.17.45:918][  0]LogShaderLibrary: Display: ShaderCodeLibraryPakFileMountedCallback: pending pak file info (ChunkID:-1 Root:root:/ File:E:/UE4/UE_4.27/FeaturePacks/TP_FlyingBP.upack)
[2022.03.12-07.17.45:918][  0]LogPakFile: OnPakFileMounted2Time == 0.000098
[2022.03.12-07.17.45:918][  0]LogPakFile: PakFile PrimaryIndexSize=188
[2022.03.12-07.17.45:918][  0]LogPakFile: PakFile PathHashIndexSize=101
[2022.03.12-07.17.45:918][  0]LogPakFile: PakFile FullDirectoryIndexSize=150
[2022.03.12-07.17.45:918][  0]LogShaderLibrary: Display: ShaderCodeLibraryPakFileMountedCallback: PakFile 'E:/UE4/UE_4.27/FeaturePacks/TP_HandheldARBP.upack' (chunk index -1, root 'root:/') mounted
[2022.03.12-07.17.45:918][  0]LogShaderLibrary: Display: ShaderCodeLibraryPakFileMountedCallback: pending pak file info (ChunkID:-1 Root:root:/ File:E:/UE4/UE_4.27/FeaturePacks/TP_HandheldARBP.upack)
[2022.03.12-07.17.45:918][  0]LogPakFile: OnPakFileMounted2Time == 0.000080
[2022.03.12-07.17.45:919][  0]LogPakFile: PakFile PrimaryIndexSize=182
[2022.03.12-07.17.45:919][  0]LogPakFile: PakFile PathHashIndexSize=101
[2022.03.12-07.17.45:919][  0]LogPakFile: PakFile FullDirectoryIndexSize=138
[2022.03.12-07.17.45:919][  0]LogShaderLibrary: Display: ShaderCodeLibraryPakFileMountedCallback: PakFile 'E:/UE4/UE_4.27/FeaturePacks/TP_Puzzle.upack' (chunk index -1, root 'root:/') mounted
[2022.03.12-07.17.45:919][  0]LogShaderLibrary: Display: ShaderCodeLibraryPakFileMountedCallback: pending pak file info (ChunkID:-1 Root:root:/ File:E:/UE4/UE_4.27/FeaturePacks/TP_Puzzle.upack)
[2022.03.12-07.17.45:919][  0]LogPakFile: OnPakFileMounted2Time == 0.000084
[2022.03.12-07.17.45:919][  0]LogPakFile: PakFile PrimaryIndexSize=184
[2022.03.12-07.17.45:919][  0]LogPakFile: PakFile PathHashIndexSize=101
[2022.03.12-07.17.45:919][  0]LogPakFile: PakFile FullDirectoryIndexSize=142
[2022.03.12-07.17.45:919][  0]LogShaderLibrary: Display: ShaderCodeLibraryPakFileMountedCallback: PakFile 'E:/UE4/UE_4.27/FeaturePacks/TP_PuzzleBP.upack' (chunk index -1, root 'root:/') mounted
[2022.03.12-07.17.45:919][  0]LogShaderLibrary: Display: ShaderCodeLibraryPakFileMountedCallback: pending pak file info (ChunkID:-1 Root:root:/ File:E:/UE4/UE_4.27/FeaturePacks/TP_PuzzleBP.upack)
[2022.03.12-07.17.45:919][  0]LogPakFile: OnPakFileMounted2Time == 0.000075
[2022.03.12-07.17.45:920][  0]LogPakFile: PakFile PrimaryIndexSize=183
[2022.03.12-07.17.45:920][  0]LogPakFile: PakFile PathHashIndexSize=101
[2022.03.12-07.17.45:920][  0]LogPakFile: PakFile FullDirectoryIndexSize=140
[2022.03.12-07.17.45:920][  0]LogShaderLibrary: Display: ShaderCodeLibraryPakFileMountedCallback: PakFile 'E:/UE4/UE_4.27/FeaturePacks/TP_Rolling.upack' (chunk index -1, root 'root:/') mounted
[2022.03.12-07.17.45:920][  0]LogShaderLibrary: Display: ShaderCodeLibraryPakFileMountedCallback: pending pak file info (ChunkID:-1 Root:root:/ File:E:/UE4/UE_4.27/FeaturePacks/TP_Rolling.upack)
[2022.03.12-07.17.45:920][  0]LogPakFile: OnPakFileMounted2Time == 0.000088
[2022.03.12-07.17.45:920][  0]LogPakFile: PakFile PrimaryIndexSize=185
[2022.03.12-07.17.45:920][  0]LogPakFile: PakFile PathHashIndexSize=101
[2022.03.12-07.17.45:921][  0]LogPakFile: PakFile FullDirectoryIndexSize=144
[2022.03.12-07.17.45:921][  0]LogShaderLibrary: Display: ShaderCodeLibraryPakFileMountedCallback: PakFile 'E:/UE4/UE_4.27/FeaturePacks/TP_RollingBP.upack' (chunk index -1, root 'root:/') mounted
[2022.03.12-07.17.45:921][  0]LogShaderLibrary: Display: ShaderCodeLibraryPakFileMountedCallback: pending pak file info (ChunkID:-1 Root:root:/ File:E:/UE4/UE_4.27/FeaturePacks/TP_RollingBP.upack)
[2022.03.12-07.17.45:921][  0]LogPakFile: OnPakFileMounted2Time == 0.000154
[2022.03.12-07.17.45:921][  0]LogPakFile: PakFile PrimaryIndexSize=188
[2022.03.12-07.17.45:921][  0]LogPakFile: PakFile PathHashIndexSize=101
[2022.03.12-07.17.45:921][  0]LogPakFile: PakFile FullDirectoryIndexSize=150
[2022.03.12-07.17.45:921][  0]LogShaderLibrary: Display: ShaderCodeLibraryPakFileMountedCallback: PakFile 'E:/UE4/UE_4.27/FeaturePacks/TP_SideScroller.upack' (chunk index -1, root 'root:/') mounted
[2022.03.12-07.17.45:921][  0]LogShaderLibrary: Display: ShaderCodeLibraryPakFileMountedCallback: pending pak file info (ChunkID:-1 Root:root:/ File:E:/UE4/UE_4.27/FeaturePacks/TP_SideScroller.upack)
[2022.03.12-07.17.45:921][  0]LogPakFile: OnPakFileMounted2Time == 0.000093
[2022.03.12-07.17.45:922][  0]LogPakFile: PakFile PrimaryIndexSize=190
[2022.03.12-07.17.45:922][  0]LogPakFile: PakFile PathHashIndexSize=101
[2022.03.12-07.17.45:922][  0]LogPakFile: PakFile FullDirectoryIndexSize=154
[2022.03.12-07.17.45:922][  0]LogShaderLibrary: Display: ShaderCodeLibraryPakFileMountedCallback: PakFile 'E:/UE4/UE_4.27/FeaturePacks/TP_SideScrollerBP.upack' (chunk index -1, root 'root:/') mounted
[2022.03.12-07.17.45:922][  0]LogShaderLibrary: Display: ShaderCodeLibraryPakFileMountedCallback: pending pak file info (ChunkID:-1 Root:root:/ File:E:/UE4/UE_4.27/FeaturePacks/TP_SideScrollerBP.upack)
[2022.03.12-07.17.45:922][  0]LogPakFile: OnPakFileMounted2Time == 0.000086
[2022.03.12-07.17.45:922][  0]LogPakFile: PakFile PrimaryIndexSize=187
[2022.03.12-07.17.45:922][  0]LogPakFile: PakFile PathHashIndexSize=101
[2022.03.12-07.17.45:922][  0]LogPakFile: PakFile FullDirectoryIndexSize=148
[2022.03.12-07.17.45:922][  0]LogShaderLibrary: Display: ShaderCodeLibraryPakFileMountedCallback: PakFile 'E:/UE4/UE_4.27/FeaturePacks/TP_ThirdPerson.upack' (chunk index -1, root 'root:/') mounted
[2022.03.12-07.17.45:922][  0]LogShaderLibrary: Display: ShaderCodeLibraryPakFileMountedCallback: pending pak file info (ChunkID:-1 Root:root:/ File:E:/UE4/UE_4.27/FeaturePacks/TP_ThirdPerson.upack)
[2022.03.12-07.17.45:923][  0]LogPakFile: OnPakFileMounted2Time == 0.000088
[2022.03.12-07.17.45:923][  0]LogPakFile: PakFile PrimaryIndexSize=189
[2022.03.12-07.17.45:923][  0]LogPakFile: PakFile PathHashIndexSize=101
[2022.03.12-07.17.45:923][  0]LogPakFile: PakFile FullDirectoryIndexSize=152
[2022.03.12-07.17.45:923][  0]LogShaderLibrary: Display: ShaderCodeLibraryPakFileMountedCallback: PakFile 'E:/UE4/UE_4.27/FeaturePacks/TP_ThirdPersonBP.upack' (chunk index -1, root 'root:/') mounted
[2022.03.12-07.17.45:923][  0]LogShaderLibrary: Display: ShaderCodeLibraryPakFileMountedCallback: pending pak file info (ChunkID:-1 Root:root:/ File:E:/UE4/UE_4.27/FeaturePacks/TP_ThirdPersonBP.upack)
[2022.03.12-07.17.45:923][  0]LogPakFile: OnPakFileMounted2Time == 0.000089
[2022.03.12-07.17.45:924][  0]LogPakFile: PakFile PrimaryIndexSize=183
[2022.03.12-07.17.45:924][  0]LogPakFile: PakFile PathHashIndexSize=101
[2022.03.12-07.17.45:924][  0]LogPakFile: PakFile FullDirectoryIndexSize=140
[2022.03.12-07.17.45:924][  0]LogShaderLibrary: Display: ShaderCodeLibraryPakFileMountedCallback: PakFile 'E:/UE4/UE_4.27/FeaturePacks/TP_TopDown.upack' (chunk index -1, root 'root:/') mounted
[2022.03.12-07.17.45:924][  0]LogShaderLibrary: Display: ShaderCodeLibraryPakFileMountedCallback: pending pak file info (ChunkID:-1 Root:root:/ File:E:/UE4/UE_4.27/FeaturePacks/TP_TopDown.upack)
[2022.03.12-07.17.45:924][  0]LogPakFile: OnPakFileMounted2Time == 0.000099
[2022.03.12-07.17.45:924][  0]LogPakFile: PakFile PrimaryIndexSize=185
[2022.03.12-07.17.45:924][  0]LogPakFile: PakFile PathHashIndexSize=101
[2022.03.12-07.17.45:924][  0]LogPakFile: PakFile FullDirectoryIndexSize=144
[2022.03.12-07.17.45:924][  0]LogShaderLibrary: Display: ShaderCodeLibraryPakFileMountedCallback: PakFile 'E:/UE4/UE_4.27/FeaturePacks/TP_TopDownBP.upack' (chunk index -1, root 'root:/') mounted
[2022.03.12-07.17.45:924][  0]LogShaderLibrary: Display: ShaderCodeLibraryPakFileMountedCallback: pending pak file info (ChunkID:-1 Root:root:/ File:E:/UE4/UE_4.27/FeaturePacks/TP_TopDownBP.upack)
[2022.03.12-07.17.45:924][  0]LogPakFile: OnPakFileMounted2Time == 0.000079
[2022.03.12-07.17.45:925][  0]LogPakFile: PakFile PrimaryIndexSize=185
[2022.03.12-07.17.45:925][  0]LogPakFile: PakFile PathHashIndexSize=101
[2022.03.12-07.17.45:925][  0]LogPakFile: PakFile FullDirectoryIndexSize=144
[2022.03.12-07.17.45:925][  0]LogShaderLibrary: Display: ShaderCodeLibraryPakFileMountedCallback: PakFile 'E:/UE4/UE_4.27/FeaturePacks/TP_TwinStick.upack' (chunk index -1, root 'root:/') mounted
[2022.03.12-07.17.45:925][  0]LogShaderLibrary: Display: ShaderCodeLibraryPakFileMountedCallback: pending pak file info (ChunkID:-1 Root:root:/ File:E:/UE4/UE_4.27/FeaturePacks/TP_TwinStick.upack)
[2022.03.12-07.17.45:925][  0]LogPakFile: OnPakFileMounted2Time == 0.000081
[2022.03.12-07.17.45:925][  0]LogPakFile: PakFile PrimaryIndexSize=187
[2022.03.12-07.17.45:925][  0]LogPakFile: PakFile PathHashIndexSize=101
[2022.03.12-07.17.45:925][  0]LogPakFile: PakFile FullDirectoryIndexSize=148
[2022.03.12-07.17.45:925][  0]LogShaderLibrary: Display: ShaderCodeLibraryPakFileMountedCallback: PakFile 'E:/UE4/UE_4.27/FeaturePacks/TP_TwinStickBP.upack' (chunk index -1, root 'root:/') mounted
[2022.03.12-07.17.45:926][  0]LogShaderLibrary: Display: ShaderCodeLibraryPakFileMountedCallback: pending pak file info (ChunkID:-1 Root:root:/ File:E:/UE4/UE_4.27/FeaturePacks/TP_TwinStickBP.upack)
[2022.03.12-07.17.45:926][  0]LogPakFile: OnPakFileMounted2Time == 0.000123
[2022.03.12-07.17.45:926][  0]LogPakFile: PakFile PrimaryIndexSize=183
[2022.03.12-07.17.45:926][  0]LogPakFile: PakFile PathHashIndexSize=101
[2022.03.12-07.17.45:926][  0]LogPakFile: PakFile FullDirectoryIndexSize=140
[2022.03.12-07.17.45:926][  0]LogShaderLibrary: Display: ShaderCodeLibraryPakFileMountedCallback: PakFile 'E:/UE4/UE_4.27/FeaturePacks/TP_Vehicle.upack' (chunk index -1, root 'root:/') mounted
[2022.03.12-07.17.45:926][  0]LogShaderLibrary: Display: ShaderCodeLibraryPakFileMountedCallback: pending pak file info (ChunkID:-1 Root:root:/ File:E:/UE4/UE_4.27/FeaturePacks/TP_Vehicle.upack)
[2022.03.12-07.17.45:926][  0]LogPakFile: OnPakFileMounted2Time == 0.000096
[2022.03.12-07.17.45:927][  0]LogPakFile: PakFile PrimaryIndexSize=186
[2022.03.12-07.17.45:927][  0]LogPakFile: PakFile PathHashIndexSize=101
[2022.03.12-07.17.45:927][  0]LogPakFile: PakFile FullDirectoryIndexSize=146
[2022.03.12-07.17.45:927][  0]LogShaderLibrary: Display: ShaderCodeLibraryPakFileMountedCallback: PakFile 'E:/UE4/UE_4.27/FeaturePacks/TP_VehicleAdv.upack' (chunk index -1, root 'root:/') mounted
[2022.03.12-07.17.45:927][  0]LogShaderLibrary: Display: ShaderCodeLibraryPakFileMountedCallback: pending pak file info (ChunkID:-1 Root:root:/ File:E:/UE4/UE_4.27/FeaturePacks/TP_VehicleAdv.upack)
[2022.03.12-07.17.45:927][  0]LogPakFile: OnPakFileMounted2Time == 0.000104
[2022.03.12-07.17.45:927][  0]LogPakFile: PakFile PrimaryIndexSize=188
[2022.03.12-07.17.45:928][  0]LogPakFile: PakFile PathHashIndexSize=101
[2022.03.12-07.17.45:928][  0]LogPakFile: PakFile FullDirectoryIndexSize=150
[2022.03.12-07.17.45:928][  0]LogShaderLibrary: Display: ShaderCodeLibraryPakFileMountedCallback: PakFile 'E:/UE4/UE_4.27/FeaturePacks/TP_VehicleAdvBP.upack' (chunk index -1, root 'root:/') mounted
[2022.03.12-07.17.45:928][  0]LogShaderLibrary: Display: ShaderCodeLibraryPakFileMountedCallback: pending pak file info (ChunkID:-1 Root:root:/ File:E:/UE4/UE_4.27/FeaturePacks/TP_VehicleAdvBP.upack)
[2022.03.12-07.17.45:928][  0]LogPakFile: OnPakFileMounted2Time == 0.000111
[2022.03.12-07.17.45:928][  0]LogPakFile: PakFile PrimaryIndexSize=185
[2022.03.12-07.17.45:928][  0]LogPakFile: PakFile PathHashIndexSize=101
[2022.03.12-07.17.45:928][  0]LogPakFile: PakFile FullDirectoryIndexSize=144
[2022.03.12-07.17.45:928][  0]LogShaderLibrary: Display: ShaderCodeLibraryPakFileMountedCallback: PakFile 'E:/UE4/UE_4.27/FeaturePacks/TP_VehicleBP.upack' (chunk index -1, root 'root:/') mounted
[2022.03.12-07.17.45:928][  0]LogShaderLibrary: Display: ShaderCodeLibraryPakFileMountedCallback: pending pak file info (ChunkID:-1 Root:root:/ File:E:/UE4/UE_4.27/FeaturePacks/TP_VehicleBP.upack)
[2022.03.12-07.17.45:928][  0]LogPakFile: OnPakFileMounted2Time == 0.000087
[2022.03.12-07.17.45:929][  0]LogPakFile: PakFile PrimaryIndexSize=192
[2022.03.12-07.17.45:929][  0]LogPakFile: PakFile PathHashIndexSize=101
[2022.03.12-07.17.45:929][  0]LogPakFile: PakFile FullDirectoryIndexSize=158
[2022.03.12-07.17.45:929][  0]LogShaderLibrary: Display: ShaderCodeLibraryPakFileMountedCallback: PakFile 'E:/UE4/UE_4.27/FeaturePacks/TP_VirtualRealityBP.upack' (chunk index -1, root 'root:/') mounted
[2022.03.12-07.17.45:929][  0]LogShaderLibrary: Display: ShaderCodeLibraryPakFileMountedCallback: pending pak file info (ChunkID:-1 Root:root:/ File:E:/UE4/UE_4.27/FeaturePacks/TP_VirtualRealityBP.upack)
[2022.03.12-07.17.45:929][  0]LogPakFile: OnPakFileMounted2Time == 0.000108
[2022.03.12-07.17.45:970][  0]LogNativeClassHierarchy: Verbose: Native class hierarchy updated for 'AddContentDialog' in 0.0005 seconds. Added 0 classes and 0 folders.
[2022.03.12-07.17.45:971][  0]LogNativeClassHierarchy: Verbose: Native class hierarchy updated for 'SceneOutliner' in 0.0003 seconds. Added 2 classes and 0 folders.
[2022.03.12-07.17.46:039][  0]LogSlate: Took 0.000209 seconds to synchronously load lazily loaded font '../../../Engine/Content/Slate/Fonts/Roboto-Regular.ttf' (155K)
[2022.03.12-07.17.46:040][  0]LogSlate: Took 0.000143 seconds to synchronously load lazily loaded font '../../../Engine/Content/Editor/Slate/Fonts/FontAwesome.ttf' (139K)
[2022.03.12-07.17.46:041][  0]LogSlate: Took 0.000107 seconds to synchronously load lazily loaded font '../../../Engine/Content/Slate/Fonts/Roboto-Bold.ttf' (160K)
[2022.03.12-07.17.46:156][  0]LogRenderer: Reallocating scene render targets to support 1256x572 Format 10 NumSamples 1 (Frame:1).
[2022.03.12-07.17.46:220][  0]LogSlate: Took 0.000208 seconds to synchronously load lazily loaded font '../../../Engine/Content/Slate/Fonts/Roboto-Light.ttf' (167K)
[2022.03.12-07.17.46:292][  0]LogNativeClassHierarchy: Verbose: Native class hierarchy updated for 'HierarchicalLODOutliner' in 0.0003 seconds. Added 0 classes and 0 folders.
[2022.03.12-07.17.46:292][  0]LogLoad: (Engine Initialization) Total time: 8.11 seconds
[2022.03.12-07.17.46:293][  0]LogLoad: (Engine Initialization) Total Blueprint compile time: 0.00 seconds
[2022.03.12-07.17.46:360][  0]LogAssetRegistry: Asset discovery search completed in 4.9016 seconds
[2022.03.12-07.17.46:364][  0]LogCollectionManager: Fixed up redirectors for 0 collections in 0.000003 seconds (updated 0 objects)
[2022.03.12-07.17.46:381][  0]LogContentStreaming: Texture pool size now 1000 MB
[2022.03.12-07.17.51:412][294]LogFileCache: Retrieving MD5 hashes for directory 'E:/UE4/Projects/WargamingAcademy/Cyberpunk2022/Content/' took 5.09s
[2022.03.12-07.18.04:700][ 78]LogSlate: Took 0.000155 seconds to synchronously load lazily loaded font '../../../Engine/Content/Slate/Fonts/Roboto-Light.ttf' (167K)
[2022.03.12-07.18.04:719][ 78]LogAssetEditorSubsystem: Opening Asset editor for Skeleton /Game/Assets/Animations/new/SK_AK_new1_Skeleton.SK_AK_new1_Skeleton
[2022.03.12-07.18.04:727][ 78]LogNativeClassHierarchy: Verbose: Native class hierarchy updated for 'SkeletonEditor' in 0.0003 seconds. Added 1 classes and 2 folders.
[2022.03.12-07.18.04:732][ 78]LogTexture: Default maximum texture size for cubemaps generated from long-lat sources has been changed from 512 to unlimited. In order to preserve old behaiour for '/Engine/EditorMaterials/AssetViewer/EpicQuadPanorama_CC+EV1.EpicQuadPanorama_CC+EV1', its maximum texture size has been explicitly set to 512.
[2022.03.12-07.18.04:802][ 78]LogTexture: Default maximum texture size for cubemaps generated from long-lat sources has been changed from 512 to unlimited. In order to preserve old behaiour for '/Engine/MapTemplates/Sky/SunsetAmbientCubemap.SunsetAmbientCubemap', its maximum texture size has been explicitly set to 512.
[2022.03.12-07.18.04:870][ 78]LogActorComponent: RegisterComponentWithWorld: (/Engine/Transient.World_4:PersistentLevel.AnimationEditorPreviewActor_0.DebugSkelMeshComponent_0) Already registered. Aborting.
[2022.03.12-07.18.04:871][ 78]LogNativeClassHierarchy: Verbose: Native class hierarchy updated for 'PinnedCommandList' in 0.0004 seconds. Added 1 classes and 0 folders.
[2022.03.12-07.18.06:578][159]LogRenderer: Reallocating scene render targets to support 1256x884 Format 10 NumSamples 1 (Frame:1).
[2022.03.12-07.18.29:966][502]LogSlate: Window 'SK_AK_new1_Skeleton' being destroyed
[2022.03.12-07.18.29:971][502]LogSlate: Window 'SK_AK_new1_Skeleton' being destroyed
[2022.03.12-07.18.29:971][502]LogWorld: UWorld::CleanupWorld for World_4, bSessionEnded=true, bCleanupResources=true
[2022.03.12-07.18.29:972][502]LogSlate: InvalidateAllWidgets triggered.  All widgets were invalidated
[2022.03.12-07.18.44:650][347]LogAssetEditorSubsystem: Opening Asset editor for Skeleton /Game/Assets/Animations/new/gg/SK_GG_new_Skeleton.SK_GG_new_Skeleton
[2022.03.12-07.18.44:709][347]LogActorComponent: RegisterComponentWithWorld: (/Engine/Transient.World_9:PersistentLevel.AnimationEditorPreviewActor_0.DebugSkelMeshComponent_0) Already registered. Aborting.
[2022.03.12-07.21.03:094][951]LogSlate: Window 'SK_GG_new_Skeleton' being destroyed
[2022.03.12-07.21.03:102][951]LogSlate: Window 'SK_GG_new_Skeleton' being destroyed
[2022.03.12-07.21.03:103][951]LogWorld: UWorld::CleanupWorld for World_9, bSessionEnded=true, bCleanupResources=true
[2022.03.12-07.21.03:103][951]LogSlate: InvalidateAllWidgets triggered.  All widgets were invalidated
[2022.03.12-07.21.04:449][ 29]LogUObjectHash: Compacting FUObjectHashTables data took   0.95ms
[2022.03.12-07.21.04:476][ 29]LogSlate: Window 'Cyberpunk2022 - Unreal Editor' being destroyed
[2022.03.12-07.21.04:641][ 30]Cmd: QUIT_EDITOR
[2022.03.12-07.21.04:642][ 30]LogCore: Engine exit requested (reason: UUnrealEdEngine::CloseEditor())
[2022.03.12-07.21.04:644][ 30]LogCore: Engine exit requested (reason: EngineExit() was called; note: exit was already requested)
[2022.03.12-07.21.04:646][ 30]LogAudio: Display: Beginning Audio Device Manager Shutdown (Module: AudioMixerXAudio2)...
[2022.03.12-07.21.04:646][ 30]LogAudio: Display: Destroying 1 Remaining Audio Device(s)...
[2022.03.12-07.21.04:646][ 30]LogAudio: Display: Audio Device unregistered from world 'bloking_new'.
[2022.03.12-07.21.04:646][ 30]LogAudioMixer: FMixerPlatformXAudio2::StopAudioStream() called
[2022.03.12-07.21.04:649][ 30]LogAudioMixer: FMixerPlatformXAudio2::StopAudioStream() called
[2022.03.12-07.21.04:656][ 30]LogAudio: Display: Audio Device Manager Shutdown
[2022.03.12-07.21.04:657][ 30]LogWindowsTextInputMethodSystem: Display: IME system deactivated.
[2022.03.12-07.21.04:662][ 30]LogExit: Preparing to exit.
[2022.03.12-07.21.05:518][ 30]LogUObjectHash: Compacting FUObjectHashTables data took   0.99ms
[2022.03.12-07.21.05:696][ 30]LogWorld: UWorld::CleanupWorld for World_0, bSessionEnded=true, bCleanupResources=true
[2022.03.12-07.21.05:697][ 30]LogWorld: UWorld::CleanupWorld for World_1, bSessionEnded=true, bCleanupResources=true
[2022.03.12-07.21.05:697][ 30]LogWorld: UWorld::CleanupWorld for World_3, bSessionEnded=true, bCleanupResources=true
[2022.03.12-07.21.05:697][ 30]LogWorld: UWorld::CleanupWorld for World_2, bSessionEnded=true, bCleanupResources=true
[2022.03.12-07.21.05:697][ 30]LogWorld: UWorld::CleanupWorld for World_5, bSessionEnded=true, bCleanupResources=true
[2022.03.12-07.21.05:697][ 30]LogWorld: UWorld::CleanupWorld for World_6, bSessionEnded=true, bCleanupResources=true
[2022.03.12-07.21.05:697][ 30]LogWorld: UWorld::CleanupWorld for World_7, bSessionEnded=true, bCleanupResources=true
[2022.03.12-07.21.05:698][ 30]LogWorld: UWorld::CleanupWorld for World_8, bSessionEnded=true, bCleanupResources=true
