Log file open, 01/29/22 20:08:43
LogWindows: Failed to load 'aqProf.dll' (GetLastError=126)
LogWindows: File 'aqProf.dll' does not exist
LogWindows: Failed to load 'VtuneApi.dll' (GetLastError=126)
LogWindows: File 'VtuneApi.dll' does not exist
LogWindows: Failed to load 'VtuneApi32e.dll' (GetLastError=126)
LogWindows: File 'VtuneApi32e.dll' does not exist
LogConsoleResponse: Display: Failed to find resolution value strings in scalability ini. Falling back to default.
LogConsoleResponse: Display: Failed to find resolution value strings in scalability ini. Falling back to default.
LogInit: Display: Running engine for game: Cyberpunk2022
LogPlatformFile: Not using cached read wrapper
LogTaskGraph: Started task graph with 5 named threads and 35 total threads with 3 sets of task threads.
LogStats: Stats thread started at 0.792881
LogICUInternationalization: ICU TimeZone Detection - Raw Offset: +3:00, Platform Override: ''
LogInit: Display: Loading text-based GConfig....
LogPluginManager: Mounting plugin MeshPainting
LogPluginManager: Mounting plugin XGEController
LogPluginManager: Mounting plugin Paper2D
LogPluginManager: Mounting plugin LiveLink
LogPluginManager: Mounting plugin EnvironmentQueryEditor
LogPluginManager: Mounting plugin AISupport
LogPluginManager: Mounting plugin CameraShakePreviewer
LogPluginManager: Mounting plugin GameplayCameras
LogPluginManager: Mounting plugin OodleData
LogPluginManager: Mounting plugin OodleNetwork
LogPluginManager: Mounting plugin AlembicImporter
LogPluginManager: Mounting plugin Niagara
LogPluginManager: Mounting plugin AutomationUtils
LogPluginManager: Mounting plugin AssetManagerEditor
LogPluginManager: Mounting plugin BackChannel
LogPluginManager: Mounting plugin LuminPlatformFeatures
LogPluginManager: Mounting plugin AnimationSharing
LogPluginManager: Mounting plugin ChaosCloth
LogPluginManager: Mounting plugin ChaosClothEditor
LogPluginManager: Mounting plugin DatasmithContent
LogPluginManager: Mounting plugin CryptoKeys
LogPluginManager: Mounting plugin CurveEditorTools
LogPluginManager: Mounting plugin LightPropagationVolume
LogPluginManager: Mounting plugin GeometryMode
LogPluginManager: Mounting plugin GameplayTagsEditor
LogPluginManager: Mounting plugin MagicLeap
LogPluginManager: Mounting plugin ChaosEditor
LogPluginManager: Mounting plugin CLionSourceCodeAccess
LogPluginManager: Mounting plugin MacGraphicsSwitching
LogPluginManager: Mounting plugin MaterialAnalyzer
LogPluginManager: Mounting plugin DataValidation
LogPluginManager: Mounting plugin FacialAnimation
LogPluginManager: Mounting plugin VariantManagerContent
LogPluginManager: Mounting plugin ChaosNiagara
LogPluginManager: Mounting plugin MagicLeapLightEstimation
LogPluginManager: Mounting plugin ChaosSolverPlugin
LogPluginManager: Mounting plugin CharacterAI
LogPluginManager: Mounting plugin SpeedTreeImporter
LogPluginManager: Mounting plugin MagicLeapMedia
LogPluginManager: Mounting plugin CodeLiteSourceCodeAccess
LogPluginManager: Mounting plugin MagicLeapPassableWorld
LogPluginManager: Mounting plugin KDevelopSourceCodeAccess
LogPluginManager: Mounting plugin MobileLauncherProfileWizard
LogPluginManager: Mounting plugin NullSourceCodeAccess
LogPluginManager: Mounting plugin GitSourceControl
LogPluginManager: Mounting plugin MLSDK
LogPluginManager: Mounting plugin PixWinPlugin
LogPluginManager: Mounting plugin PerforceSourceControl
LogPluginManager: Mounting plugin PluginUtils
LogPluginManager: Mounting plugin PlasticSourceControl
LogPluginManager: Mounting plugin PropertyAccessNode
LogPluginManager: Mounting plugin PluginBrowser
LogPluginManager: Mounting plugin GeometryCache
LogPluginManager: Mounting plugin RiderSourceCodeAccess
LogPluginManager: Mounting plugin SubversionSourceControl
LogPluginManager: Mounting plugin TextureFormatOodle
LogPluginManager: Mounting plugin GeometryCollectionPlugin
LogPluginManager: Mounting plugin UObjectPlugin
LogPluginManager: Mounting plugin VisualStudioCodeSourceCodeAccess
LogPluginManager: Mounting plugin VisualStudioSourceCodeAccess
LogPluginManager: Mounting plugin XCodeSourceCodeAccess
LogPluginManager: Mounting plugin GeometryProcessing
LogPluginManager: Mounting plugin OpenImageDenoise
LogPluginManager: Mounting plugin MotoSynth
LogPluginManager: Mounting plugin PlanarCut
LogPluginManager: Mounting plugin PlatformCrypto
LogPluginManager: Mounting plugin PythonScriptPlugin
LogPluginManager: Mounting plugin ProxyLODPlugin
LogPluginManager: Mounting plugin SkeletalReduction
LogPluginManager: Mounting plugin AndroidMedia
LogPluginManager: Mounting plugin AvfMedia
LogPluginManager: Mounting plugin ImgMedia
LogPluginManager: Mounting plugin MediaCompositing
LogPluginManager: Mounting plugin MediaPlayerEditor
LogPluginManager: Mounting plugin WebMMedia
LogPluginManager: Mounting plugin WmfMedia
LogPluginManager: Mounting plugin LauncherChunkInstaller
LogPluginManager: Mounting plugin ActorSequence
LogPluginManager: Mounting plugin LevelSequenceEditor
LogPluginManager: Mounting plugin MatineeToLevelSequence
LogPluginManager: Mounting plugin TemplateSequence
LogPluginManager: Mounting plugin TcpMessaging
LogPluginManager: Mounting plugin UdpMessaging
LogPluginManager: Mounting plugin OnlineSubsystem
LogPluginManager: Mounting plugin OnlineSubsystemNull
LogPluginManager: Mounting plugin OnlineSubsystemUtils
LogPluginManager: Mounting plugin ActorLayerUtilities
LogPluginManager: Mounting plugin AndroidDeviceProfileSelector
LogPluginManager: Mounting plugin AndroidMoviePlayer
LogPluginManager: Mounting plugin AndroidPermission
LogPluginManager: Mounting plugin AppleMoviePlayer
LogPluginManager: Mounting plugin ArchVisCharacter
LogPluginManager: Mounting plugin AppleImageUtils
LogPluginManager: Mounting plugin AudioCapture
LogPluginManager: Mounting plugin AudioSynesthesia
LogPluginManager: Mounting plugin CableComponent
LogPluginManager: Mounting plugin ChunkDownloader
LogPluginManager: Mounting plugin CustomMeshComponent
LogPluginManager: Mounting plugin EditableMesh
LogPluginManager: Mounting plugin AssetTags
LogPluginManager: Mounting plugin ExampleDeviceProfileSelector
LogPluginManager: Mounting plugin GoogleCloudMessaging
LogPluginManager: Mounting plugin IOSDeviceProfileSelector
LogPluginManager: Mounting plugin LinuxDeviceProfileSelector
LogPluginManager: Mounting plugin LocationServicesBPLibrary
LogPluginManager: Mounting plugin MobilePatchingUtils
LogPluginManager: Mounting plugin ScreenshotTools
LogPluginManager: Mounting plugin GooglePAD
LogPluginManager: Mounting plugin OpenXR
LogPluginManager: Mounting plugin OpenXRHandTracking
LogPluginManager: Mounting plugin OpenXREyeTracker
LogPluginManager: Mounting plugin PhysXVehicles
LogPluginManager: Mounting plugin PostSplashScreen
LogPluginManager: Mounting plugin ProceduralMeshComponent
LogPluginManager: Mounting plugin PropertyAccessEditor
LogPluginManager: Mounting plugin RuntimePhysXCooking
LogPluginManager: Mounting plugin SignificanceManager
LogPluginManager: Mounting plugin SoundFields
LogPluginManager: Mounting plugin Synthesis
LogPluginManager: Mounting plugin WebMMoviePlayer
LogPluginManager: Mounting plugin WindowsMoviePlayer
LogPluginManager: Mounting plugin Takes
LogPluginManager: Mounting plugin ContentBrowserAssetDataSource
LogPluginManager: Mounting plugin ContentBrowserClassDataSource
LogPluginManager: Mounting plugin ContentBrowserFileDataSource
LogPluginManager: Mounting plugin OnlineSubsystemGooglePlay
LogPluginManager: Mounting plugin OnlineSubsystemIOS
LogPluginManager: Mounting plugin OculusVR
LogPluginManager: Mounting plugin SteamVR
PixWinPlugin: PIX capture plugin failed to initialize! Check that the process is launched from PIX.
LogInit: Using libcurl 7.55.1-DEV
LogInit:  - built for x86_64-pc-win32
LogInit:  - supports SSL with OpenSSL/1.1.1
LogInit:  - supports HTTP deflate (compression) using libz 1.2.8
LogInit:  - other features:
LogInit:      CURL_VERSION_SSL
LogInit:      CURL_VERSION_LIBZ
LogInit:      CURL_VERSION_IPV6
LogInit:      CURL_VERSION_ASYNCHDNS
LogInit:      CURL_VERSION_LARGEFILE
LogInit:      CURL_VERSION_IDN
LogInit:  CurlRequestOptions (configurable via config and command line):
LogInit:  - bVerifyPeer = true  - Libcurl will verify peer certificate
LogInit:  - bUseHttpProxy = false  - Libcurl will NOT use HTTP proxy
LogInit:  - bDontReuseConnections = false  - Libcurl will reuse connections
LogInit:  - MaxHostConnections = 16  - Libcurl will limit the number of connections to a host
LogInit:  - LocalHostAddr = Default
LogInit:  - BufferSize = 65536
LogOnline: OSS: Creating online subsystem instance for: NULL
LogInit: WinSock: version 1.1 (2.2), MaxSocks=32767, MaxUdp=65467
LogOnline: OSS: TryLoadSubsystemAndSetDefault: Loaded subsystem for module [NULL]
LogOculusPluginWrapper: OculusPlugin initialized successfully
LogHMD: Failed initializing OVRPlugin 1.59.0
LogInit: Build: ++UE4+Release-4.27-CL-18319896
LogInit: Engine Version: 4.27.2-18319896+++UE4+Release-4.27
LogInit: Compatible Engine Version: 4.27.0-17155196+++UE4+Release-4.27
LogInit: Net CL: 17155196
LogInit: OS: Windows 10 (Release 2009) (), CPU: AMD Ryzen 5 5600H with Radeon Graphics         , GPU: AMD Radeon(TM) Graphics
LogInit: Compiled (64-bit): Nov 30 2021 07:12:08
LogInit: Compiled with Visual C++: 19.24.28315.00
LogInit: Build Configuration: Development
LogInit: Branch Name: ++UE4+Release-4.27
LogInit: Command Line:  -skipcompile
LogInit: Base Directory: E:/UE4/UE_4.27/Engine/Binaries/Win64/
LogInit: Allocator: TBB
LogInit: Installed Engine Build: 1
LogDevObjectVersion: Number of dev versions registered: 29
LogDevObjectVersion:   Dev-Blueprints (B0D832E4-1F89-4F0D-ACCF-7EB736FD4AA2): 10
LogDevObjectVersion:   Dev-Build (E1C64328-A22C-4D53-A36C-8E866417BD8C): 0
LogDevObjectVersion:   Dev-Core (375EC13C-06E4-48FB-B500-84F0262A717E): 4
LogDevObjectVersion:   Dev-Editor (E4B068ED-F494-42E9-A231-DA0B2E46BB41): 40
LogDevObjectVersion:   Dev-Framework (CFFC743F-43B0-4480-9391-14DF171D2073): 37
LogDevObjectVersion:   Dev-Mobile (B02B49B5-BB20-44E9-A304-32B752E40360): 3
LogDevObjectVersion:   Dev-Networking (A4E4105C-59A1-49B5-A7C5-40C4547EDFEE): 0
LogDevObjectVersion:   Dev-Online (39C831C9-5AE6-47DC-9A44-9C173E1C8E7C): 0
LogDevObjectVersion:   Dev-Physics (78F01B33-EBEA-4F98-B9B4-84EACCB95AA2): 14
LogDevObjectVersion:   Dev-Platform (6631380F-2D4D-43E0-8009-CF276956A95A): 0
LogDevObjectVersion:   Dev-Rendering (12F88B9F-8875-4AFC-A67C-D90C383ABD29): 45
LogDevObjectVersion:   Dev-Sequencer (7B5AE74C-D270-4C10-A958-57980B212A5A): 13
LogDevObjectVersion:   Dev-VR (D7296918-1DD6-4BDD-9DE2-64A83CC13884): 3
LogDevObjectVersion:   Dev-LoadTimes (C2A15278-BFE7-4AFE-6C17-90FF531DF755): 1
LogDevObjectVersion:   Private-Geometry (6EACA3D4-40EC-4CC1-B786-8BED09428FC5): 3
LogDevObjectVersion:   Dev-AnimPhys (29E575DD-E0A3-4627-9D10-D276232CDCEA): 17
LogDevObjectVersion:   Dev-Anim (AF43A65D-7FD3-4947-9873-3E8ED9C1BB05): 15
LogDevObjectVersion:   Dev-ReflectionCapture (6B266CEC-1EC7-4B8F-A30B-E4D90942FC07): 1
LogDevObjectVersion:   Dev-Automation (0DF73D61-A23F-47EA-B727-89E90C41499A): 1
LogDevObjectVersion:   FortniteMain (601D1886-AC64-4F84-AA16-D3DE0DEAC7D6): 47
LogDevObjectVersion:   FortniteRelease (E7086368-6B23-4C58-8439-1B7016265E91): 1
LogDevObjectVersion:   Dev-Enterprise (9DFFBCD6-494F-0158-E221-12823C92A888): 10
LogDevObjectVersion:   Dev-Niagara (F2AED0AC-9AFE-416F-8664-AA7FFA26D6FC): 1
LogDevObjectVersion:   Dev-Destruction (174F1F0B-B4C6-45A5-B13F-2EE8D0FB917D): 10
LogDevObjectVersion:   Dev-Physics-Ext (35F94A83-E258-406C-A318-09F59610247C): 41
LogDevObjectVersion:   Dev-PhysicsMaterial-Chaos (B68FC16E-8B1B-42E2-B453-215C058844FE): 1
LogDevObjectVersion:   Dev-CineCamera (B2E18506-4273-CFC2-A54E-F4BB758BBA07): 1
LogDevObjectVersion:   Dev-VirtualProduction (64F58936-FD1B-42BA-BA96-7289D5D0FA4E): 1
LogDevObjectVersion:   Dev-MediaFramework (6F0ED827-A609-4895-9C91-998D90180EA4): 2
LogInit: Presizing for max 25165824 objects, including 0 objects not considered by GC, pre-allocating 0 bytes for permanent pool.
LogConfig: Applying CVar settings from Section [/Script/Engine.StreamingSettings] File [E:/UE4/Projects/WargamingAcademy/Cyberpunk2022/Saved/Config/Windows/Engine.ini]
LogConfig: Setting CVar [[s.MinBulkDataSizeForAsyncLoading:131072]]
LogConfig: Setting CVar [[s.AsyncLoadingThreadEnabled:0]]
LogConfig: Setting CVar [[s.EventDrivenLoaderEnabled:1]]
LogConfig: Setting CVar [[s.WarnIfTimeLimitExceeded:0]]
LogConfig: Setting CVar [[s.TimeLimitExceededMultiplier:1.5]]
LogConfig: Setting CVar [[s.TimeLimitExceededMinTime:0.005]]
LogConfig: Setting CVar [[s.UseBackgroundLevelStreaming:1]]
LogConfig: Setting CVar [[s.PriorityAsyncLoadingExtraTime:15.0]]
LogConfig: Setting CVar [[s.LevelStreamingActorsUpdateTimeLimit:5.0]]
LogConfig: Setting CVar [[s.PriorityLevelStreamingActorsUpdateExtraTime:5.0]]
LogConfig: Setting CVar [[s.LevelStreamingComponentsRegistrationGranularity:10]]
LogConfig: Setting CVar [[s.UnregisterComponentsTimeLimit:1.0]]
LogConfig: Setting CVar [[s.LevelStreamingComponentsUnregistrationGranularity:5]]
LogConfig: Setting CVar [[s.FlushStreamingOnExit:1]]
LogInit: Object subsystem initialized
LogConfig: Setting CVar [[con.DebugEarlyDefault:1]]
LogConfig: Setting CVar [[r.setres:1280x720]]
[2022.01.29-17.08.44:697][  0]LogConfig: Setting CVar [[r.VSync:0]]
[2022.01.29-17.08.44:697][  0]LogConfig: Setting CVar [[r.RHICmdBypass:0]]
[2022.01.29-17.08.44:698][  0]LogConfig: Applying CVar settings from Section [/Script/Engine.RendererSettings] File [E:/UE4/Projects/WargamingAcademy/Cyberpunk2022/Saved/Config/Windows/Engine.ini]
[2022.01.29-17.08.44:698][  0]LogConfig: Setting CVar [[r.GPUCrashDebugging:0]]
[2022.01.29-17.08.44:698][  0]LogConfig: Setting CVar [[r.DefaultFeature.MotionBlur:0]]
[2022.01.29-17.08.44:698][  0]LogConfig: Applying CVar settings from Section [/Script/Engine.RendererOverrideSettings] File [E:/UE4/Projects/WargamingAcademy/Cyberpunk2022/Saved/Config/Windows/Engine.ini]
[2022.01.29-17.08.44:698][  0]LogConfig: Applying CVar settings from Section [/Script/Engine.StreamingSettings] File [E:/UE4/Projects/WargamingAcademy/Cyberpunk2022/Saved/Config/Windows/Engine.ini]
[2022.01.29-17.08.44:698][  0]LogConfig: Setting CVar [[s.MinBulkDataSizeForAsyncLoading:131072]]
[2022.01.29-17.08.44:698][  0]LogConfig: Setting CVar [[s.AsyncLoadingThreadEnabled:0]]
[2022.01.29-17.08.44:698][  0]LogConfig: Setting CVar [[s.EventDrivenLoaderEnabled:1]]
[2022.01.29-17.08.44:698][  0]LogConfig: Setting CVar [[s.WarnIfTimeLimitExceeded:0]]
[2022.01.29-17.08.44:698][  0]LogConfig: Setting CVar [[s.TimeLimitExceededMultiplier:1.5]]
[2022.01.29-17.08.44:698][  0]LogConfig: Setting CVar [[s.TimeLimitExceededMinTime:0.005]]
[2022.01.29-17.08.44:698][  0]LogConfig: Setting CVar [[s.UseBackgroundLevelStreaming:1]]
[2022.01.29-17.08.44:698][  0]LogConfig: Setting CVar [[s.PriorityAsyncLoadingExtraTime:15.0]]
[2022.01.29-17.08.44:698][  0]LogConfig: Setting CVar [[s.LevelStreamingActorsUpdateTimeLimit:5.0]]
[2022.01.29-17.08.44:698][  0]LogConfig: Setting CVar [[s.PriorityLevelStreamingActorsUpdateExtraTime:5.0]]
[2022.01.29-17.08.44:698][  0]LogConfig: Setting CVar [[s.LevelStreamingComponentsRegistrationGranularity:10]]
[2022.01.29-17.08.44:698][  0]LogConfig: Setting CVar [[s.UnregisterComponentsTimeLimit:1.0]]
[2022.01.29-17.08.44:698][  0]LogConfig: Setting CVar [[s.LevelStreamingComponentsUnregistrationGranularity:5]]
[2022.01.29-17.08.44:698][  0]LogConfig: Setting CVar [[s.FlushStreamingOnExit:1]]
[2022.01.29-17.08.44:698][  0]LogConfig: Applying CVar settings from Section [/Script/Engine.GarbageCollectionSettings] File [E:/UE4/Projects/WargamingAcademy/Cyberpunk2022/Saved/Config/Windows/Engine.ini]
[2022.01.29-17.08.44:698][  0]LogConfig: Setting CVar [[gc.MaxObjectsNotConsideredByGC:1]]
[2022.01.29-17.08.44:698][  0]LogConfig: Setting CVar [[gc.SizeOfPermanentObjectPool:0]]
[2022.01.29-17.08.44:698][  0]LogConfig: Setting CVar [[gc.FlushStreamingOnGC:0]]
[2022.01.29-17.08.44:699][  0]LogConfig: Setting CVar [[gc.NumRetriesBeforeForcingGC:10]]
[2022.01.29-17.08.44:699][  0]LogConfig: Setting CVar [[gc.AllowParallelGC:1]]
[2022.01.29-17.08.44:699][  0]LogConfig: Setting CVar [[gc.TimeBetweenPurgingPendingKillObjects:61.1]]
[2022.01.29-17.08.44:699][  0]LogConfig: Setting CVar [[gc.MaxObjectsInEditor:25165824]]
[2022.01.29-17.08.44:699][  0]LogConfig: Setting CVar [[gc.IncrementalBeginDestroyEnabled:1]]
[2022.01.29-17.08.44:699][  0]LogConfig: Setting CVar [[gc.CreateGCClusters:1]]
[2022.01.29-17.08.44:699][  0]LogConfig: Setting CVar [[gc.MinGCClusterSize:5]]
[2022.01.29-17.08.44:699][  0]LogConfig: Setting CVar [[gc.ActorClusteringEnabled:0]]
[2022.01.29-17.08.44:699][  0]LogConfig: Setting CVar [[gc.BlueprintClusteringEnabled:0]]
[2022.01.29-17.08.44:699][  0]LogConfig: Setting CVar [[gc.UseDisregardForGCOnDedicatedServers:0]]
[2022.01.29-17.08.44:699][  0]LogConfig: Setting CVar [[gc.MultithreadedDestructionEnabled:1]]
[2022.01.29-17.08.44:699][  0]LogConfig: Applying CVar settings from Section [/Script/Engine.NetworkSettings] File [E:/UE4/Projects/WargamingAcademy/Cyberpunk2022/Saved/Config/Windows/Engine.ini]
[2022.01.29-17.08.44:699][  0]LogConfig: Applying CVar settings from Section [/Script/UnrealEd.CookerSettings] File [E:/UE4/Projects/WargamingAcademy/Cyberpunk2022/Saved/Config/Windows/Engine.ini]
[2022.01.29-17.08.44:707][  0]LogConfig: Applying CVar settings from Section [ViewDistanceQuality@3] File [E:/UE4/Projects/WargamingAcademy/Cyberpunk2022/Saved/Config/Windows/Scalability.ini]
[2022.01.29-17.08.44:707][  0]LogConfig: Setting CVar [[r.SkeletalMeshLODBias:0]]
[2022.01.29-17.08.44:707][  0]LogConfig: Setting CVar [[r.ViewDistanceScale:1.0]]
[2022.01.29-17.08.44:707][  0]LogConfig: Applying CVar settings from Section [AntiAliasingQuality@3] File [E:/UE4/Projects/WargamingAcademy/Cyberpunk2022/Saved/Config/Windows/Scalability.ini]
[2022.01.29-17.08.44:707][  0]LogConfig: Setting CVar [[r.PostProcessAAQuality:4]]
[2022.01.29-17.08.44:707][  0]LogConfig: Applying CVar settings from Section [ShadowQuality@3] File [E:/UE4/Projects/WargamingAcademy/Cyberpunk2022/Saved/Config/Windows/Scalability.ini]
[2022.01.29-17.08.44:707][  0]LogConfig: Setting CVar [[r.LightFunctionQuality:1]]
[2022.01.29-17.08.44:707][  0]LogConfig: Setting CVar [[r.ShadowQuality:5]]
[2022.01.29-17.08.44:707][  0]LogConfig: Setting CVar [[r.Shadow.CSM.MaxCascades:10]]
[2022.01.29-17.08.44:707][  0]LogConfig: Setting CVar [[r.Shadow.MaxResolution:2048]]
[2022.01.29-17.08.44:707][  0]LogConfig: Setting CVar [[r.Shadow.MaxCSMResolution:2048]]
[2022.01.29-17.08.44:707][  0]LogConfig: Setting CVar [[r.Shadow.RadiusThreshold:0.01]]
[2022.01.29-17.08.44:707][  0]LogConfig: Setting CVar [[r.Shadow.DistanceScale:1.0]]
[2022.01.29-17.08.44:707][  0]LogConfig: Setting CVar [[r.Shadow.CSM.TransitionScale:1.0]]
[2022.01.29-17.08.44:707][  0]LogConfig: Setting CVar [[r.Shadow.PreShadowResolutionFactor:1.0]]
[2022.01.29-17.08.44:707][  0]LogConfig: Setting CVar [[r.DistanceFieldShadowing:1]]
[2022.01.29-17.08.44:707][  0]LogConfig: Setting CVar [[r.DistanceFieldAO:1]]
[2022.01.29-17.08.44:707][  0]LogConfig: Setting CVar [[r.AOQuality:2]]
[2022.01.29-17.08.44:707][  0]LogConfig: Setting CVar [[r.VolumetricFog:1]]
[2022.01.29-17.08.44:707][  0]LogConfig: Setting CVar [[r.VolumetricFog.GridPixelSize:8]]
[2022.01.29-17.08.44:707][  0]LogConfig: Setting CVar [[r.VolumetricFog.GridSizeZ:128]]
[2022.01.29-17.08.44:707][  0]LogConfig: Setting CVar [[r.VolumetricFog.HistoryMissSupersampleCount:4]]
[2022.01.29-17.08.44:707][  0]LogConfig: Setting CVar [[r.LightMaxDrawDistanceScale:1]]
[2022.01.29-17.08.44:708][  0]LogConfig: Setting CVar [[r.CapsuleShadows:1]]
[2022.01.29-17.08.44:708][  0]LogConfig: Applying CVar settings from Section [PostProcessQuality@3] File [E:/UE4/Projects/WargamingAcademy/Cyberpunk2022/Saved/Config/Windows/Scalability.ini]
[2022.01.29-17.08.44:708][  0]LogConfig: Setting CVar [[r.MotionBlurQuality:4]]
[2022.01.29-17.08.44:708][  0]LogConfig: Setting CVar [[r.AmbientOcclusionMipLevelFactor:0.4]]
[2022.01.29-17.08.44:708][  0]LogConfig: Setting CVar [[r.AmbientOcclusionMaxQuality:100]]
[2022.01.29-17.08.44:708][  0]LogConfig: Setting CVar [[r.AmbientOcclusionLevels:-1]]
[2022.01.29-17.08.44:708][  0]LogConfig: Setting CVar [[r.AmbientOcclusionRadiusScale:1.0]]
[2022.01.29-17.08.44:708][  0]LogConfig: Setting CVar [[r.DepthOfFieldQuality:2]]
[2022.01.29-17.08.44:708][  0]LogConfig: Setting CVar [[r.RenderTargetPoolMin:400]]
[2022.01.29-17.08.44:708][  0]LogConfig: Setting CVar [[r.LensFlareQuality:2]]
[2022.01.29-17.08.44:708][  0]LogConfig: Setting CVar [[r.SceneColorFringeQuality:1]]
[2022.01.29-17.08.44:708][  0]LogConfig: Setting CVar [[r.EyeAdaptationQuality:2]]
[2022.01.29-17.08.44:708][  0]LogConfig: Setting CVar [[r.BloomQuality:5]]
[2022.01.29-17.08.44:708][  0]LogConfig: Setting CVar [[r.FastBlurThreshold:100]]
[2022.01.29-17.08.44:708][  0]LogConfig: Setting CVar [[r.Upscale.Quality:3]]
[2022.01.29-17.08.44:708][  0]LogConfig: Setting CVar [[r.Tonemapper.GrainQuantization:1]]
[2022.01.29-17.08.44:708][  0]LogConfig: Setting CVar [[r.LightShaftQuality:1]]
[2022.01.29-17.08.44:708][  0]LogConfig: Setting CVar [[r.Filter.SizeScale:1]]
[2022.01.29-17.08.44:708][  0]LogConfig: Setting CVar [[r.Tonemapper.Quality:5]]
[2022.01.29-17.08.44:708][  0]LogConfig: Setting CVar [[r.DOF.Gather.AccumulatorQuality:1        ; higher gathering accumulator quality]]
[2022.01.29-17.08.44:708][  0]LogConfig: Setting CVar [[r.DOF.Gather.PostfilterMethod:1          ; Median3x3 postfilering method]]
[2022.01.29-17.08.44:708][  0]LogConfig: Setting CVar [[r.DOF.Gather.EnableBokehSettings:0       ; no bokeh simulation when gathering]]
[2022.01.29-17.08.44:708][  0]LogConfig: Setting CVar [[r.DOF.Gather.RingCount:4                 ; medium number of samples when gathering]]
[2022.01.29-17.08.44:708][  0]LogConfig: Setting CVar [[r.DOF.Scatter.ForegroundCompositing:1    ; additive foreground scattering]]
[2022.01.29-17.08.44:708][  0]LogConfig: Setting CVar [[r.DOF.Scatter.BackgroundCompositing:2    ; additive background scattering]]
[2022.01.29-17.08.44:708][  0]LogConfig: Setting CVar [[r.DOF.Scatter.EnableBokehSettings:1      ; bokeh simulation when scattering]]
[2022.01.29-17.08.44:708][  0]LogConfig: Setting CVar [[r.DOF.Scatter.MaxSpriteRatio:0.1         ; only a maximum of 10% of scattered bokeh]]
[2022.01.29-17.08.44:709][  0]LogConfig: Setting CVar [[r.DOF.Recombine.Quality:1                ; cheap slight out of focus]]
[2022.01.29-17.08.44:709][  0]LogConfig: Setting CVar [[r.DOF.Recombine.EnableBokehSettings:0    ; no bokeh simulation on slight out of focus]]
[2022.01.29-17.08.44:709][  0]LogConfig: Setting CVar [[r.DOF.TemporalAAQuality:1                ; more stable temporal accumulation]]
[2022.01.29-17.08.44:709][  0]LogConfig: Setting CVar [[r.DOF.Kernel.MaxForegroundRadius:0.025]]
[2022.01.29-17.08.44:709][  0]LogConfig: Setting CVar [[r.DOF.Kernel.MaxBackgroundRadius:0.025]]
[2022.01.29-17.08.44:709][  0]LogConfig: Applying CVar settings from Section [TextureQuality@3] File [E:/UE4/Projects/WargamingAcademy/Cyberpunk2022/Saved/Config/Windows/Scalability.ini]
[2022.01.29-17.08.44:709][  0]LogConfig: Setting CVar [[r.Streaming.MipBias:0]]
[2022.01.29-17.08.44:709][  0]LogConfig: Setting CVar [[r.Streaming.AmortizeCPUToGPUCopy:0]]
[2022.01.29-17.08.44:709][  0]LogConfig: Setting CVar [[r.Streaming.MaxNumTexturesToStreamPerFrame:0]]
[2022.01.29-17.08.44:709][  0]LogConfig: Setting CVar [[r.Streaming.Boost:1]]
[2022.01.29-17.08.44:709][  0]LogConfig: Setting CVar [[r.MaxAnisotropy:8]]
[2022.01.29-17.08.44:709][  0]LogConfig: Setting CVar [[r.VT.MaxAnisotropy:8]]
[2022.01.29-17.08.44:709][  0]LogConfig: Setting CVar [[r.Streaming.LimitPoolSizeToVRAM:0]]
[2022.01.29-17.08.44:709][  0]LogConfig: Setting CVar [[r.Streaming.PoolSize:1000]]
[2022.01.29-17.08.44:709][  0]LogConfig: Setting CVar [[r.Streaming.MaxEffectiveScreenSize:0]]
[2022.01.29-17.08.44:709][  0]LogConfig: Applying CVar settings from Section [EffectsQuality@3] File [E:/UE4/Projects/WargamingAcademy/Cyberpunk2022/Saved/Config/Windows/Scalability.ini]
[2022.01.29-17.08.44:709][  0]LogConfig: Setting CVar [[r.TranslucencyLightingVolumeDim:64]]
[2022.01.29-17.08.44:709][  0]LogConfig: Setting CVar [[r.RefractionQuality:2]]
[2022.01.29-17.08.44:709][  0]LogConfig: Setting CVar [[r.SSR.Quality:3]]
[2022.01.29-17.08.44:709][  0]LogConfig: Setting CVar [[r.SSR.HalfResSceneColor:0]]
[2022.01.29-17.08.44:709][  0]LogConfig: Setting CVar [[r.SceneColorFormat:4]]
[2022.01.29-17.08.44:709][  0]LogConfig: Setting CVar [[r.DetailMode:2]]
[2022.01.29-17.08.44:709][  0]LogConfig: Setting CVar [[r.TranslucencyVolumeBlur:1]]
[2022.01.29-17.08.44:709][  0]LogConfig: Setting CVar [[r.MaterialQualityLevel:1 ; High quality]]
[2022.01.29-17.08.44:709][  0]LogConfig: Setting CVar [[r.AnisotropicMaterials:1]]
[2022.01.29-17.08.44:710][  0]LogConfig: Setting CVar [[r.SSS.Scale:1]]
[2022.01.29-17.08.44:710][  0]LogConfig: Setting CVar [[r.SSS.SampleSet:2]]
[2022.01.29-17.08.44:710][  0]LogConfig: Setting CVar [[r.SSS.Quality:1]]
[2022.01.29-17.08.44:710][  0]LogConfig: Setting CVar [[r.SSS.HalfRes:0]]
[2022.01.29-17.08.44:710][  0]LogConfig: Setting CVar [[r.SSGI.Quality:3]]
[2022.01.29-17.08.44:710][  0]LogConfig: Setting CVar [[r.EmitterSpawnRateScale:1.0]]
[2022.01.29-17.08.44:710][  0]LogConfig: Setting CVar [[r.ParticleLightQuality:2]]
[2022.01.29-17.08.44:710][  0]LogConfig: Setting CVar [[r.SkyAtmosphere.AerialPerspectiveLUT.FastApplyOnOpaque:1 ; Always have FastSkyLUT 1 in this case to avoid wrong sky]]
[2022.01.29-17.08.44:710][  0]LogConfig: Setting CVar [[r.SkyAtmosphere.AerialPerspectiveLUT.SampleCountMaxPerSlice:4]]
[2022.01.29-17.08.44:710][  0]LogConfig: Setting CVar [[r.SkyAtmosphere.AerialPerspectiveLUT.DepthResolution:16.0]]
[2022.01.29-17.08.44:710][  0]LogConfig: Setting CVar [[r.SkyAtmosphere.FastSkyLUT:1]]
[2022.01.29-17.08.44:710][  0]LogConfig: Setting CVar [[r.SkyAtmosphere.FastSkyLUT.SampleCountMin:4.0]]
[2022.01.29-17.08.44:710][  0]LogConfig: Setting CVar [[r.SkyAtmosphere.FastSkyLUT.SampleCountMax:128.0]]
[2022.01.29-17.08.44:710][  0]LogConfig: Setting CVar [[r.SkyAtmosphere.SampleCountMin:4.0]]
[2022.01.29-17.08.44:710][  0]LogConfig: Setting CVar [[r.SkyAtmosphere.SampleCountMax:128.0]]
[2022.01.29-17.08.44:710][  0]LogConfig: Setting CVar [[r.SkyAtmosphere.TransmittanceLUT.UseSmallFormat:0]]
[2022.01.29-17.08.44:710][  0]LogConfig: Setting CVar [[r.SkyAtmosphere.TransmittanceLUT.SampleCount:10.0]]
[2022.01.29-17.08.44:710][  0]LogConfig: Setting CVar [[r.SkyAtmosphere.MultiScatteringLUT.SampleCount:15.0]]
[2022.01.29-17.08.44:710][  0]LogConfig: Setting CVar [[r.SkyLight.RealTimeReflectionCapture:1]]
[2022.01.29-17.08.44:710][  0]LogConfig: Applying CVar settings from Section [FoliageQuality@3] File [E:/UE4/Projects/WargamingAcademy/Cyberpunk2022/Saved/Config/Windows/Scalability.ini]
[2022.01.29-17.08.44:710][  0]LogConfig: Setting CVar [[foliage.DensityScale:1.0]]
[2022.01.29-17.08.44:710][  0]LogConfig: Setting CVar [[grass.DensityScale:1.0]]
[2022.01.29-17.08.44:710][  0]LogConfig: Applying CVar settings from Section [ShadingQuality@3] File [E:/UE4/Projects/WargamingAcademy/Cyberpunk2022/Saved/Config/Windows/Scalability.ini]
[2022.01.29-17.08.44:710][  0]LogConfig: Setting CVar [[r.HairStrands.SkyLighting.IntegrationType:2]]
[2022.01.29-17.08.44:710][  0]LogConfig: Setting CVar [[r.HairStrands.SkyAO.SampleCount:4]]
[2022.01.29-17.08.44:711][  0]LogConfig: Setting CVar [[r.HairStrands.Visibility.MSAA.SamplePerPixel:4]]
[2022.01.29-17.08.44:711][  0]LogInit: Selected Device Profile: [Windows]
[2022.01.29-17.08.44:711][  0]LogInit: Applying CVar settings loaded from the selected device profile: [Windows]
[2022.01.29-17.08.44:711][  0]LogHAL: Display: Platform has ~ 16 GB [16487870464 / 17179869184 / 16], which maps to Larger [LargestMinGB=32, LargerMinGB=12, DefaultMinGB=8, SmallerMinGB=6, SmallestMinGB=0)
[2022.01.29-17.08.44:711][  0]LogInit: Going up to parent DeviceProfile []
[2022.01.29-17.08.44:711][  0]LogConfig: Applying CVar settings from Section [ViewDistanceQuality@3] File [E:/UE4/Projects/WargamingAcademy/Cyberpunk2022/Saved/Config/Windows/Scalability.ini]
[2022.01.29-17.08.44:711][  0]LogConfig: Setting CVar [[r.SkeletalMeshLODBias:0]]
[2022.01.29-17.08.44:711][  0]LogConfig: Setting CVar [[r.ViewDistanceScale:1.0]]
[2022.01.29-17.08.44:711][  0]LogConfig: Applying CVar settings from Section [AntiAliasingQuality@3] File [E:/UE4/Projects/WargamingAcademy/Cyberpunk2022/Saved/Config/Windows/Scalability.ini]
[2022.01.29-17.08.44:711][  0]LogConfig: Setting CVar [[r.PostProcessAAQuality:4]]
[2022.01.29-17.08.44:711][  0]LogConfig: Applying CVar settings from Section [ShadowQuality@3] File [E:/UE4/Projects/WargamingAcademy/Cyberpunk2022/Saved/Config/Windows/Scalability.ini]
[2022.01.29-17.08.44:711][  0]LogConfig: Setting CVar [[r.LightFunctionQuality:1]]
[2022.01.29-17.08.44:711][  0]LogConfig: Setting CVar [[r.ShadowQuality:5]]
[2022.01.29-17.08.44:712][  0]LogConfig: Setting CVar [[r.Shadow.CSM.MaxCascades:10]]
[2022.01.29-17.08.44:712][  0]LogConfig: Setting CVar [[r.Shadow.MaxResolution:2048]]
[2022.01.29-17.08.44:712][  0]LogConfig: Setting CVar [[r.Shadow.MaxCSMResolution:2048]]
[2022.01.29-17.08.44:712][  0]LogConfig: Setting CVar [[r.Shadow.RadiusThreshold:0.01]]
[2022.01.29-17.08.44:712][  0]LogConfig: Setting CVar [[r.Shadow.DistanceScale:1.0]]
[2022.01.29-17.08.44:712][  0]LogConfig: Setting CVar [[r.Shadow.CSM.TransitionScale:1.0]]
[2022.01.29-17.08.44:712][  0]LogConfig: Setting CVar [[r.Shadow.PreShadowResolutionFactor:1.0]]
[2022.01.29-17.08.44:712][  0]LogConfig: Setting CVar [[r.DistanceFieldShadowing:1]]
[2022.01.29-17.08.44:712][  0]LogConfig: Setting CVar [[r.DistanceFieldAO:1]]
[2022.01.29-17.08.44:712][  0]LogConfig: Setting CVar [[r.AOQuality:2]]
[2022.01.29-17.08.44:712][  0]LogConfig: Setting CVar [[r.VolumetricFog:1]]
[2022.01.29-17.08.44:712][  0]LogConfig: Setting CVar [[r.VolumetricFog.GridPixelSize:8]]
[2022.01.29-17.08.44:712][  0]LogConfig: Setting CVar [[r.VolumetricFog.GridSizeZ:128]]
[2022.01.29-17.08.44:712][  0]LogConfig: Setting CVar [[r.VolumetricFog.HistoryMissSupersampleCount:4]]
[2022.01.29-17.08.44:712][  0]LogConfig: Setting CVar [[r.LightMaxDrawDistanceScale:1]]
[2022.01.29-17.08.44:712][  0]LogConfig: Setting CVar [[r.CapsuleShadows:1]]
[2022.01.29-17.08.44:712][  0]LogConfig: Applying CVar settings from Section [PostProcessQuality@3] File [E:/UE4/Projects/WargamingAcademy/Cyberpunk2022/Saved/Config/Windows/Scalability.ini]
[2022.01.29-17.08.44:712][  0]LogConfig: Setting CVar [[r.MotionBlurQuality:4]]
[2022.01.29-17.08.44:712][  0]LogConfig: Setting CVar [[r.AmbientOcclusionMipLevelFactor:0.4]]
[2022.01.29-17.08.44:712][  0]LogConfig: Setting CVar [[r.AmbientOcclusionMaxQuality:100]]
[2022.01.29-17.08.44:712][  0]LogConfig: Setting CVar [[r.AmbientOcclusionLevels:-1]]
[2022.01.29-17.08.44:712][  0]LogConfig: Setting CVar [[r.AmbientOcclusionRadiusScale:1.0]]
[2022.01.29-17.08.44:712][  0]LogConfig: Setting CVar [[r.DepthOfFieldQuality:2]]
[2022.01.29-17.08.44:712][  0]LogConfig: Setting CVar [[r.RenderTargetPoolMin:400]]
[2022.01.29-17.08.44:712][  0]LogConfig: Setting CVar [[r.LensFlareQuality:2]]
[2022.01.29-17.08.44:712][  0]LogConfig: Setting CVar [[r.SceneColorFringeQuality:1]]
[2022.01.29-17.08.44:713][  0]LogConfig: Setting CVar [[r.EyeAdaptationQuality:2]]
[2022.01.29-17.08.44:713][  0]LogConfig: Setting CVar [[r.BloomQuality:5]]
[2022.01.29-17.08.44:713][  0]LogConfig: Setting CVar [[r.FastBlurThreshold:100]]
[2022.01.29-17.08.44:713][  0]LogConfig: Setting CVar [[r.Upscale.Quality:3]]
[2022.01.29-17.08.44:713][  0]LogConfig: Setting CVar [[r.Tonemapper.GrainQuantization:1]]
[2022.01.29-17.08.44:713][  0]LogConfig: Setting CVar [[r.LightShaftQuality:1]]
[2022.01.29-17.08.44:713][  0]LogConfig: Setting CVar [[r.Filter.SizeScale:1]]
[2022.01.29-17.08.44:713][  0]LogConfig: Setting CVar [[r.Tonemapper.Quality:5]]
[2022.01.29-17.08.44:713][  0]LogConfig: Setting CVar [[r.DOF.Gather.AccumulatorQuality:1        ; higher gathering accumulator quality]]
[2022.01.29-17.08.44:713][  0]LogConfig: Setting CVar [[r.DOF.Gather.PostfilterMethod:1          ; Median3x3 postfilering method]]
[2022.01.29-17.08.44:713][  0]LogConfig: Setting CVar [[r.DOF.Gather.EnableBokehSettings:0       ; no bokeh simulation when gathering]]
[2022.01.29-17.08.44:713][  0]LogConfig: Setting CVar [[r.DOF.Gather.RingCount:4                 ; medium number of samples when gathering]]
[2022.01.29-17.08.44:713][  0]LogConfig: Setting CVar [[r.DOF.Scatter.ForegroundCompositing:1    ; additive foreground scattering]]
[2022.01.29-17.08.44:713][  0]LogConfig: Setting CVar [[r.DOF.Scatter.BackgroundCompositing:2    ; additive background scattering]]
[2022.01.29-17.08.44:713][  0]LogConfig: Setting CVar [[r.DOF.Scatter.EnableBokehSettings:1      ; bokeh simulation when scattering]]
[2022.01.29-17.08.44:713][  0]LogConfig: Setting CVar [[r.DOF.Scatter.MaxSpriteRatio:0.1         ; only a maximum of 10% of scattered bokeh]]
[2022.01.29-17.08.44:713][  0]LogConfig: Setting CVar [[r.DOF.Recombine.Quality:1                ; cheap slight out of focus]]
[2022.01.29-17.08.44:713][  0]LogConfig: Setting CVar [[r.DOF.Recombine.EnableBokehSettings:0    ; no bokeh simulation on slight out of focus]]
[2022.01.29-17.08.44:713][  0]LogConfig: Setting CVar [[r.DOF.TemporalAAQuality:1                ; more stable temporal accumulation]]
[2022.01.29-17.08.44:713][  0]LogConfig: Setting CVar [[r.DOF.Kernel.MaxForegroundRadius:0.025]]
[2022.01.29-17.08.44:713][  0]LogConfig: Setting CVar [[r.DOF.Kernel.MaxBackgroundRadius:0.025]]
[2022.01.29-17.08.44:713][  0]LogConfig: Applying CVar settings from Section [TextureQuality@3] File [E:/UE4/Projects/WargamingAcademy/Cyberpunk2022/Saved/Config/Windows/Scalability.ini]
[2022.01.29-17.08.44:713][  0]LogConfig: Setting CVar [[r.Streaming.MipBias:0]]
[2022.01.29-17.08.44:713][  0]LogConfig: Setting CVar [[r.Streaming.AmortizeCPUToGPUCopy:0]]
[2022.01.29-17.08.44:713][  0]LogConfig: Setting CVar [[r.Streaming.MaxNumTexturesToStreamPerFrame:0]]
[2022.01.29-17.08.44:713][  0]LogConfig: Setting CVar [[r.Streaming.Boost:1]]
[2022.01.29-17.08.44:714][  0]LogConfig: Setting CVar [[r.MaxAnisotropy:8]]
[2022.01.29-17.08.44:714][  0]LogConfig: Setting CVar [[r.VT.MaxAnisotropy:8]]
[2022.01.29-17.08.44:714][  0]LogConfig: Setting CVar [[r.Streaming.LimitPoolSizeToVRAM:0]]
[2022.01.29-17.08.44:714][  0]LogConfig: Setting CVar [[r.Streaming.PoolSize:1000]]
[2022.01.29-17.08.44:714][  0]LogConfig: Setting CVar [[r.Streaming.MaxEffectiveScreenSize:0]]
[2022.01.29-17.08.44:714][  0]LogConfig: Applying CVar settings from Section [EffectsQuality@3] File [E:/UE4/Projects/WargamingAcademy/Cyberpunk2022/Saved/Config/Windows/Scalability.ini]
[2022.01.29-17.08.44:714][  0]LogConfig: Setting CVar [[r.TranslucencyLightingVolumeDim:64]]
[2022.01.29-17.08.44:714][  0]LogConfig: Setting CVar [[r.RefractionQuality:2]]
[2022.01.29-17.08.44:714][  0]LogConfig: Setting CVar [[r.SSR.Quality:3]]
[2022.01.29-17.08.44:714][  0]LogConfig: Setting CVar [[r.SSR.HalfResSceneColor:0]]
[2022.01.29-17.08.44:714][  0]LogConfig: Setting CVar [[r.SceneColorFormat:4]]
[2022.01.29-17.08.44:714][  0]LogConfig: Setting CVar [[r.DetailMode:2]]
[2022.01.29-17.08.44:714][  0]LogConfig: Setting CVar [[r.TranslucencyVolumeBlur:1]]
[2022.01.29-17.08.44:714][  0]LogConfig: Setting CVar [[r.MaterialQualityLevel:1 ; High quality]]
[2022.01.29-17.08.44:714][  0]LogConfig: Setting CVar [[r.AnisotropicMaterials:1]]
[2022.01.29-17.08.44:714][  0]LogConfig: Setting CVar [[r.SSS.Scale:1]]
[2022.01.29-17.08.44:714][  0]LogConfig: Setting CVar [[r.SSS.SampleSet:2]]
[2022.01.29-17.08.44:714][  0]LogConfig: Setting CVar [[r.SSS.Quality:1]]
[2022.01.29-17.08.44:714][  0]LogConfig: Setting CVar [[r.SSS.HalfRes:0]]
[2022.01.29-17.08.44:714][  0]LogConfig: Setting CVar [[r.SSGI.Quality:3]]
[2022.01.29-17.08.44:714][  0]LogConfig: Setting CVar [[r.EmitterSpawnRateScale:1.0]]
[2022.01.29-17.08.44:714][  0]LogConfig: Setting CVar [[r.ParticleLightQuality:2]]
[2022.01.29-17.08.44:714][  0]LogConfig: Setting CVar [[r.SkyAtmosphere.AerialPerspectiveLUT.FastApplyOnOpaque:1 ; Always have FastSkyLUT 1 in this case to avoid wrong sky]]
[2022.01.29-17.08.44:714][  0]LogConfig: Setting CVar [[r.SkyAtmosphere.AerialPerspectiveLUT.SampleCountMaxPerSlice:4]]
[2022.01.29-17.08.44:714][  0]LogConfig: Setting CVar [[r.SkyAtmosphere.AerialPerspectiveLUT.DepthResolution:16.0]]
[2022.01.29-17.08.44:714][  0]LogConfig: Setting CVar [[r.SkyAtmosphere.FastSkyLUT:1]]
[2022.01.29-17.08.44:714][  0]LogConfig: Setting CVar [[r.SkyAtmosphere.FastSkyLUT.SampleCountMin:4.0]]
[2022.01.29-17.08.44:714][  0]LogConfig: Setting CVar [[r.SkyAtmosphere.FastSkyLUT.SampleCountMax:128.0]]
[2022.01.29-17.08.44:714][  0]LogConfig: Setting CVar [[r.SkyAtmosphere.SampleCountMin:4.0]]
[2022.01.29-17.08.44:715][  0]LogConfig: Setting CVar [[r.SkyAtmosphere.SampleCountMax:128.0]]
[2022.01.29-17.08.44:715][  0]LogConfig: Setting CVar [[r.SkyAtmosphere.TransmittanceLUT.UseSmallFormat:0]]
[2022.01.29-17.08.44:715][  0]LogConfig: Setting CVar [[r.SkyAtmosphere.TransmittanceLUT.SampleCount:10.0]]
[2022.01.29-17.08.44:715][  0]LogConfig: Setting CVar [[r.SkyAtmosphere.MultiScatteringLUT.SampleCount:15.0]]
[2022.01.29-17.08.44:715][  0]LogConfig: Setting CVar [[r.SkyLight.RealTimeReflectionCapture:1]]
[2022.01.29-17.08.44:715][  0]LogConfig: Applying CVar settings from Section [FoliageQuality@3] File [E:/UE4/Projects/WargamingAcademy/Cyberpunk2022/Saved/Config/Windows/Scalability.ini]
[2022.01.29-17.08.44:715][  0]LogConfig: Setting CVar [[foliage.DensityScale:1.0]]
[2022.01.29-17.08.44:715][  0]LogConfig: Setting CVar [[grass.DensityScale:1.0]]
[2022.01.29-17.08.44:715][  0]LogConfig: Applying CVar settings from Section [ShadingQuality@3] File [E:/UE4/Projects/WargamingAcademy/Cyberpunk2022/Saved/Config/Windows/Scalability.ini]
[2022.01.29-17.08.44:715][  0]LogConfig: Setting CVar [[r.HairStrands.SkyLighting.IntegrationType:2]]
[2022.01.29-17.08.44:715][  0]LogConfig: Setting CVar [[r.HairStrands.SkyAO.SampleCount:4]]
[2022.01.29-17.08.44:715][  0]LogConfig: Setting CVar [[r.HairStrands.Visibility.MSAA.SamplePerPixel:4]]
[2022.01.29-17.08.44:715][  0]LogConfig: Applying CVar settings from Section [Startup] File [../../../Engine/Config/ConsoleVariables.ini]
[2022.01.29-17.08.44:715][  0]LogConfig: Setting CVar [[net.UseAdaptiveNetUpdateFrequency:0]]
[2022.01.29-17.08.44:715][  0]LogConfig: Setting CVar [[p.chaos.AllowCreatePhysxBodies:1]]
[2022.01.29-17.08.44:715][  0]LogConfig: Setting CVar [[fx.SkipVectorVMBackendOptimizations:1]]
[2022.01.29-17.08.44:715][  0]LogConfig: Applying CVar settings from Section [ConsoleVariables] File [E:/UE4/Projects/WargamingAcademy/Cyberpunk2022/Saved/Config/Windows/Engine.ini]
[2022.01.29-17.08.44:715][  0]LogConfig: Applying CVar settings from Section [ConsoleVariables] File [E:/UE4/Projects/WargamingAcademy/Cyberpunk2022/Saved/Config/Windows/Editor.ini]
[2022.01.29-17.08.44:715][  0]LogInit: Computer: DESKTOP-P6OQVGL
[2022.01.29-17.08.44:715][  0]LogInit: User: Artem
[2022.01.29-17.08.44:716][  0]LogInit: CPU Page size=4096, Cores=6
[2022.01.29-17.08.44:716][  0]LogInit: High frequency timer resolution =10.000000 MHz
[2022.01.29-17.08.44:716][  0]LogMemory: Memory total: Physical=15.4GB (16GB approx)
[2022.01.29-17.08.44:716][  0]LogMemory: Platform Memory Stats for Windows
[2022.01.29-17.08.44:716][  0]LogMemory: Process Physical Memory: 145.61 MB used, 145.61 MB peak
[2022.01.29-17.08.44:716][  0]LogMemory: Process Virtual Memory: 120.70 MB used, 120.70 MB peak
[2022.01.29-17.08.44:716][  0]LogMemory: Physical Memory: 11318.40 MB used,  4405.66 MB free, 15724.06 MB total
[2022.01.29-17.08.44:716][  0]LogMemory: Virtual Memory: 134204224.00 MB used,  13506.73 MB free, 134217728.00 MB total
[2022.01.29-17.08.44:725][  0]LogWindows: WindowsPlatformFeatures enabled
[2022.01.29-17.08.44:959][  0]LogInit: Physics initialised using underlying interface: PhysX
[2022.01.29-17.08.44:962][  0]LogInit: Using OS detected language (en-US).
[2022.01.29-17.08.44:962][  0]LogInit: Using OS detected locale (en-US).
[2022.01.29-17.08.44:977][  0]LogTextLocalizationManager: No specific localization for 'en-US' exists, so the 'en' localization will be used.
[2022.01.29-17.08.45:893][  0]LogInit: Setting process to per monitor DPI aware
[2022.01.29-17.08.45:943][  0]LogWindowsTextInputMethodSystem: Display: IME system deactivated.
[2022.01.29-17.08.46:014][  0]LogSlate: New Slate User Created.  User Index 0, Is Virtual User: 0
[2022.01.29-17.08.46:015][  0]LogSlate: Slate User Registered.  User Index 0, Is Virtual User: 0
[2022.01.29-17.08.48:804][  0]LogD3D11RHI: Loaded GFSDK_Aftermath_Lib.x64.dll
[2022.01.29-17.08.48:823][  0]LogHMD: Failed to initialize OpenVR with code 110
[2022.01.29-17.08.48:824][  0]LogD3D11RHI: D3D11 min allowed feature level: 11_0
[2022.01.29-17.08.48:824][  0]LogD3D11RHI: D3D11 max allowed feature level: 11_0
[2022.01.29-17.08.48:824][  0]LogD3D11RHI: D3D11 adapters:
[2022.01.29-17.08.48:986][  0]LogD3D11RHI:    0. 'NVIDIA GeForce RTX 3060 Laptop GPU' (Feature Level 11_0)
[2022.01.29-17.08.48:987][  0]LogD3D11RHI:       6023/0/7862 MB DedicatedVideo/DedicatedSystem/SharedSystem, Outputs:1, VendorId:0x10de
[2022.01.29-17.08.49:042][  0]LogD3D11RHI:    1. 'AMD Radeon(TM) Graphics' (Feature Level 11_0)
[2022.01.29-17.08.49:042][  0]LogD3D11RHI:       496/0/7862 MB DedicatedVideo/DedicatedSystem/SharedSystem, Outputs:0, VendorId:0x1002
[2022.01.29-17.08.49:051][  0]LogD3D11RHI:    2. 'Microsoft Basic Render Driver' (Feature Level 11_0)
[2022.01.29-17.08.49:051][  0]LogD3D11RHI:       0/0/7862 MB DedicatedVideo/DedicatedSystem/SharedSystem, Outputs:0, VendorId:0x1414
[2022.01.29-17.08.49:051][  0]LogD3D11RHI: Chosen D3D11 Adapter:
[2022.01.29-17.08.49:051][  0]LogD3D11RHI:     Description : NVIDIA GeForce RTX 3060 Laptop GPU
[2022.01.29-17.08.49:051][  0]LogD3D11RHI:     VendorId    : 10de
[2022.01.29-17.08.49:051][  0]LogD3D11RHI:     DeviceId    : 2520
[2022.01.29-17.08.49:051][  0]LogD3D11RHI:     SubSysId    : 151f1025
[2022.01.29-17.08.49:051][  0]LogD3D11RHI:     Revision    : 00a1
[2022.01.29-17.08.49:051][  0]LogD3D11RHI:     DedicatedVideoMemory : 6315573248 bytes
[2022.01.29-17.08.49:051][  0]LogD3D11RHI:     DedicatedSystemMemory : 0 bytes
[2022.01.29-17.08.49:051][  0]LogD3D11RHI:     SharedSystemMemory : 8243935232 bytes
[2022.01.29-17.08.49:051][  0]LogD3D11RHI:     AdapterLuid : 0 58340
[2022.01.29-17.08.49:059][  0]LogD3D11RHI: Creating new Direct3DDevice
[2022.01.29-17.08.49:059][  0]LogD3D11RHI:     GPU DeviceId: 0x2520 (for the marketing name, search the web for "GPU Device Id")
[2022.01.29-17.08.49:059][  0]LogWindows: EnumDisplayDevices:
[2022.01.29-17.08.49:059][  0]LogWindows:    0. 'AMD Radeon(TM) Graphics' (P:1 D:1)
[2022.01.29-17.08.49:059][  0]LogWindows:    1. 'AMD Radeon(TM) Graphics' (P:0 D:0)
[2022.01.29-17.08.49:059][  0]LogWindows:    2. 'AMD Radeon(TM) Graphics' (P:0 D:0)
[2022.01.29-17.08.49:059][  0]LogWindows:    3. 'NVIDIA GeForce RTX 3060 Laptop GPU' (P:0 D:0)
[2022.01.29-17.08.49:060][  0]LogWindows: DebugString: PrimaryIsNotTheChoosenAdapter PrimaryIsNotTheChoosenAdapter PrimaryIsNotTheChoosenAdapter 
[2022.01.29-17.08.49:060][  0]LogD3D11RHI:     Adapter Name: NVIDIA GeForce RTX 3060 Laptop GPU
[2022.01.29-17.08.49:060][  0]LogD3D11RHI:   Driver Version: 497.09 (internal:30.0.14.9709, unified:497.09)
[2022.01.29-17.08.49:060][  0]LogD3D11RHI:      Driver Date: 11-26-2021
[2022.01.29-17.08.49:060][  0]LogRHI: Texture pool is 4216 MB (70% of 6023 MB)
[2022.01.29-17.08.49:060][  0]LogD3D11RHI: Creating D3DDevice using adapter:
[2022.01.29-17.08.49:060][  0]LogD3D11RHI:     Description : NVIDIA GeForce RTX 3060 Laptop GPU
[2022.01.29-17.08.49:060][  0]LogD3D11RHI:     VendorId    : 10de
[2022.01.29-17.08.49:060][  0]LogD3D11RHI:     DeviceId    : 2520
[2022.01.29-17.08.49:060][  0]LogD3D11RHI:     SubSysId    : 151f1025
[2022.01.29-17.08.49:060][  0]LogD3D11RHI:     Revision    : 00a1
[2022.01.29-17.08.49:060][  0]LogD3D11RHI:     DedicatedVideoMemory : 6315573248 bytes
[2022.01.29-17.08.49:060][  0]LogD3D11RHI:     DedicatedSystemMemory : 0 bytes
[2022.01.29-17.08.49:060][  0]LogD3D11RHI:     SharedSystemMemory : 8243935232 bytes
[2022.01.29-17.08.49:061][  0]LogD3D11RHI:     AdapterLuid : 0 58340
[2022.01.29-17.08.49:124][  0]LogD3D11RHI: RHI has support for 64 bit atomics
[2022.01.29-17.08.49:125][  0]LogD3D11RHI: Async texture creation enabled
[2022.01.29-17.08.49:125][  0]LogD3D11RHI: Array index from any shader is supported
[2022.01.29-17.08.49:160][  0]LogD3D11RHI: GPU Timing Frequency: 1000.000000 (Debug: 2 1)
[2022.01.29-17.08.49:189][  0]LogRHI: GeForceNow SDK initialized: 1
[2022.01.29-17.08.49:427][  0]LogTargetPlatformManager: Display: Loaded TargetPlatform 'AllDesktop'
[2022.01.29-17.08.49:449][  0]LogTargetPlatformManager: Display: Loaded TargetPlatform 'Android'
[2022.01.29-17.08.49:449][  0]LogTargetPlatformManager: Display: Loaded TargetPlatform 'Android_ASTC'
[2022.01.29-17.08.49:449][  0]LogTargetPlatformManager: Display: Loaded TargetPlatform 'Android_DXT'
[2022.01.29-17.08.49:449][  0]LogTargetPlatformManager: Display: Loaded TargetPlatform 'Android_ETC2'
[2022.01.29-17.08.49:449][  0]LogTargetPlatformManager: Display: Loaded TargetPlatform 'AndroidClient'
[2022.01.29-17.08.49:449][  0]LogTargetPlatformManager: Display: Loaded TargetPlatform 'Android_ASTCClient'
[2022.01.29-17.08.49:449][  0]LogTargetPlatformManager: Display: Loaded TargetPlatform 'Android_DXTClient'
[2022.01.29-17.08.49:449][  0]LogTargetPlatformManager: Display: Loaded TargetPlatform 'Android_ETC2Client'
[2022.01.29-17.08.49:449][  0]LogTargetPlatformManager: Display: Loaded TargetPlatform 'Android_Multi'
[2022.01.29-17.08.49:449][  0]LogTargetPlatformManager: Display: Loaded TargetPlatform 'Android_MultiClient'
[2022.01.29-17.08.49:472][  0]LogTargetPlatformManager: Display: Loaded TargetPlatform 'IOSClient'
[2022.01.29-17.08.49:472][  0]LogTargetPlatformManager: Display: Loaded TargetPlatform 'IOS'
[2022.01.29-17.08.49:490][  0]LogTargetPlatformManager: Display: Loaded TargetPlatform 'Linux'
[2022.01.29-17.08.49:497][  0]LogTargetPlatformManager: Display: Loaded TargetPlatform 'LinuxNoEditor'
[2022.01.29-17.08.49:503][  0]LogTargetPlatformManager: Display: Loaded TargetPlatform 'LinuxClient'
[2022.01.29-17.08.49:509][  0]LogTargetPlatformManager: Display: Loaded TargetPlatform 'LinuxServer'
[2022.01.29-17.08.49:524][  0]LogTargetPlatformManager: Display: Loaded TargetPlatform 'LinuxAArch64NoEditor'
[2022.01.29-17.08.49:531][  0]LogTargetPlatformManager: Display: Loaded TargetPlatform 'LinuxAArch64Client'
[2022.01.29-17.08.49:538][  0]LogTargetPlatformManager: Display: Loaded TargetPlatform 'LinuxAArch64Server'
[2022.01.29-17.08.49:564][  0]LogTargetPlatformManager: Display: Loaded TargetPlatform 'Lumin'
[2022.01.29-17.08.49:564][  0]LogTargetPlatformManager: Display: Loaded TargetPlatform 'LuminClient'
[2022.01.29-17.08.49:581][  0]LogTargetPlatformManager: Display: Loaded TargetPlatform 'MacNoEditor'
[2022.01.29-17.08.49:589][  0]LogTargetPlatformManager: Display: Loaded TargetPlatform 'Mac'
[2022.01.29-17.08.49:599][  0]LogTargetPlatformManager: Display: Loaded TargetPlatform 'MacClient'
[2022.01.29-17.08.49:604][  0]LogTargetPlatformManager: Display: Loaded TargetPlatform 'MacServer'
[2022.01.29-17.08.49:615][  0]LogTargetPlatformManager: Display: Loaded TargetPlatform 'TVOSClient'
[2022.01.29-17.08.49:615][  0]LogTargetPlatformManager: Display: Loaded TargetPlatform 'TVOS'
[2022.01.29-17.08.49:625][  0]LogTargetPlatformManager: Display: Loaded TargetPlatform 'WindowsNoEditor'
[2022.01.29-17.08.49:632][  0]LogTargetPlatformManager: Display: Loaded TargetPlatform 'Windows'
[2022.01.29-17.08.49:638][  0]LogTargetPlatformManager: Display: Loaded TargetPlatform 'WindowsClient'
[2022.01.29-17.08.49:644][  0]LogTargetPlatformManager: Display: Loaded TargetPlatform 'WindowsServer'
[2022.01.29-17.08.49:644][  0]LogTargetPlatformManager: Display: Building Assets For Windows
[2022.01.29-17.08.49:657][  0]LogAudioDebug: Display: Lib vorbis DLL was dynamically loaded.
[2022.01.29-17.08.49:708][  0]LogTextureFormatOodle: Display: Oodle Texture 2.9.0 init RDO Off
[2022.01.29-17.08.49:823][  0]LogRendererCore: Ray tracing is disabled. Reason: r.RayTracing=0.
[2022.01.29-17.08.49:823][  0]LogShaderCompilers: Guid format shader working directory is -6 characters bigger than the processId version (../../../../Projects/WargamingAcademy/Cyberpunk2022/Intermediate/Shaders/WorkingDirectory/13712/).
[2022.01.29-17.08.49:823][  0]LogShaderCompilers: Cleaned the shader compiler working directory 'C:/Users/Artem/AppData/Local/Temp/UnrealShaderWorkingDir/26ABB0264EFD35AC1EC43FB33653E559/'.
[2022.01.29-17.08.49:824][  0]LogXGEController: Cannot use XGE Controller as Incredibuild is not installed on this machine.
[2022.01.29-17.08.49:824][  0]LogShaderCompilers: Cannot use XGE Shader Compiler as Incredibuild is not installed on this machine.
[2022.01.29-17.08.49:824][  0]LogShaderCompilers: Display: Using Local Shader Compiler.
[2022.01.29-17.08.52:628][  0]LogDerivedDataCache: Display: Max Cache Size: 512 MB
[2022.01.29-17.08.52:719][  0]LogDerivedDataCache: Loaded boot cache 0.09s 102MB C:/Users/Artem/AppData/Local/UnrealEngine/4.27/DerivedDataCache/Boot.ddc.
[2022.01.29-17.08.52:719][  0]LogDerivedDataCache: Display: Loaded Boot cache: C:/Users/Artem/AppData/Local/UnrealEngine/4.27/DerivedDataCache/Boot.ddc
[2022.01.29-17.08.52:719][  0]LogDerivedDataCache: FDerivedDataBackendGraph:  Pak pak cache file ../../../../Projects/WargamingAcademy/Cyberpunk2022/DerivedDataCache/DDC.ddp not found, will not use a pak cache.
[2022.01.29-17.08.52:719][  0]LogDerivedDataCache: Unable to find inner node Pak for hierarchical cache Hierarchy.
[2022.01.29-17.08.52:720][  0]LogDerivedDataCache: FDerivedDataBackendGraph:  CompressedPak pak cache file ../../../../Projects/WargamingAcademy/Cyberpunk2022/DerivedDataCache/Compressed.ddp not found, will not use a pak cache.
[2022.01.29-17.08.52:720][  0]LogDerivedDataCache: Unable to find inner node CompressedPak for hierarchical cache Hierarchy.
[2022.01.29-17.08.52:739][  0]LogDerivedDataCache: Display: Pak cache opened for reading ../../../Engine/DerivedDataCache/Compressed.ddp.
[2022.01.29-17.08.52:739][  0]LogDerivedDataCache: FDerivedDataBackendGraph:  EnterprisePak pak cache file ../../../Enterprise/DerivedDataCache/Compressed.ddp not found, will not use a pak cache.
[2022.01.29-17.08.52:739][  0]LogDerivedDataCache: Unable to find inner node EnterprisePak for hierarchical cache Hierarchy.
[2022.01.29-17.08.52:750][  0]LogDerivedDataCache: Speed tests for C:/Users/Artem/AppData/Local/UnrealEngine/Common/DerivedDataCache took 0.01 seconds
[2022.01.29-17.08.52:750][  0]LogDerivedDataCache: Display: Performance to C:/Users/Artem/AppData/Local/UnrealEngine/Common/DerivedDataCache: Latency=0.03ms. RandomReadSpeed=181.54MBs, RandomWriteSpeed=160.39MBs. Assigned SpeedClass 'Local'
[2022.01.29-17.08.52:752][  0]LogDerivedDataCache: Using Local data cache path C:/Users/Artem/AppData/Local/UnrealEngine/Common/DerivedDataCache: Writable
[2022.01.29-17.08.52:753][  0]LogDerivedDataCache: Shared data cache path not found in *engine.ini, will not use an Shared cache.
[2022.01.29-17.08.52:753][  0]LogDerivedDataCache: Unable to find inner node Shared for hierarchical cache Hierarchy.
[2022.01.29-17.08.52:797][  0]LogSlate: Using FreeType 2.10.0
[2022.01.29-17.08.52:815][  0]LogSlate: SlateFontServices - WITH_FREETYPE: 1, WITH_HARFBUZZ: 1
[2022.01.29-17.08.52:968][  0]LogAssetRegistry: FAssetRegistry took 0.0052 seconds to start up
[2022.01.29-17.08.53:250][  0]LogInit: Selected Device Profile: [Windows]
[2022.01.29-17.08.53:250][  0]LogInit: Active device profile: [0000019CB8832C00][0000019CB79A3180 49] Windows
[2022.01.29-17.08.53:250][  0]LogInit: Profiles: [0000019CB8832C00][0000019CB79A3180 49] Windows, [0000019CB87E9600][0000019CB79AB300 49] WindowsNoEditor, [0000019CB8831600][0000019CB79AF480 49] WindowsServer, [0000019CB87EA300][0000019CB79B3600 49] WindowsClient, [0000019CB8832200][0000019CB79B7780 49] IOS, [0000019CB87EA600][0000019CB79BB900 49] iPadAir, [0000019CB8832900][0000019CB79BFA80 49] iPadAir2, [0000019CB879AC00][0000019CB79C61C0 49] IPadPro, [0000019CB879AD00][0000019CB79C2200 49] iPadAir3, [0000019CB8833400][0000019CB79CA380 49] iPadAir4, [0000019CB879B400][0000019CB79CE500 49] iPadMini2, [0000019CB8831D00][0000019CB79D2680 49] iPadMini3, [0000019CB8799200][0000019CB79A67C0 49] iPadMini4, [0000019CB8830B00][0000019CB79D6900 49] iPadMini5, [0000019CB87DA500][0000019CB79DEB40 49] iPhone6, [0000019CB87DA600][0000019CB79DAB80 49] iPodTouch6, [0000019CB8799F00][0000019CB79EAE40 49] iPhone7, [0000019CB879A000][0000019CB79E6E80 49] iPodTouch7, [0000019CB87DA900][0000019CB79EF000 49] iPhone5S, [0000019CB8798A00][0000019CB79F3180 49] iPhone6Plus, [0000019CB87D9200][0000019CB79F7300 49] iPhone6S, [0000019CB879BB00][0000019CB79FB480 49] iPhone6SPlus, [0000019CB87DBC00][0000019CB79FF600 49] iPhone7Plus, [0000019CB879B700][0000019CB7A03780 49] iPhoneSE, [0000019CB87DAF00][0000019CB7A07900 49] iPhone8, [0000019CB8798700][0000019CB7A0BA80 49] iPhone8Plus, [0000019CB87D9800][0000019CB8B31C00 49] iPhoneX, [0000019CB879B000][0000019CB8B34200 49] iPhoneXS, [0000019CB87DBF00][0000019CB8B38380 49] iPhoneXSMax, [0000019CB879A400][0000019CB8B3C500 49] iPhoneXR, [0000019CB87DBE00][0000019CB8B40680 49] iPhone11, [0000019CB8798F00][0000019CB8B44800 49] iPhone11Pro, [0000019CB87DB000][0000019CB79E2940 49] iPhone11ProMax, [0000019CB879AE00][0000019CB8B48A80 49] iPhoneSE2, [0000019CB87D8500][0000019CB8B4CBC0 49] iPhone12Mini, [0000019CB879BD00][0000019CB8B50D00 49] iPhone12, [0000019CB87D8600][0000019CB8B58E80 49] iPhone12Pro, [0000019CB8798800][0000019CB8B5D000 49] iPhone12ProMax, [0000019CB87DB300][0000019CB8B61180 49] iPadPro105, [0000019CB8798600][0000019CB8B65300 49] iPadPro129, [0000019CB87D8A00][0000019CB8B69480 49] iPadPro97, [0000019CB879B900][0000019CB8B6D600 49] iPadPro2_129, [0000019CB87D9F00][0000019CB8B71780 49] iPad5, [0000019CB879B800][0000019CB8B75900 49] iPad6, [0000019CB87D8B00][0000019CB8B79A80 49] iPad7, [0000019CB879B100][0000019CB8B7DC00 49] iPad8, [0000019CB87D8700][0000019CB8B80200 49] iPadPro11, [0000019CB879A300][0000019CB8B84380 49] iPadPro2_11, [0000019CB87D8C00][0000019CB8B88500 49] iPadPro3_129, [0000019CB8798300][0000019CB8B8C680 49] iPadPro4_129, [0000019CB87E9900][0000019CB8B90800 49] AppleTV, [0000019CB886C800][0000019CB8B94980 49] AppleTV4K, [0000019CB87EB500][0000019CB8B98B00 49] TVOS, [0000019CB886DC00][0000019CB8B54C40 49] Mac, [0000019CB87EB200][0000019CB8B9CD80 49] MacClient, [0000019CB886D600][0000019CB8BA0EC0 49] MacNoEditor, [0000019CB87EB900][0000019CB8BA9040 49] MacServer, [0000019CB886E100][0000019CB8BAD1C0 49] Linux, [0000019CB87EA400][0000019CB8BB1340 49] LinuxAArch64, [0000019CB886CC00][0000019CB8BB54C0 49] LinuxNoEditor, [0000019CB87EB600][0000019CB8BB9640 49] LinuxAArch64NoEditor, [0000019CB886D100][0000019CB8BBD7C0 49] LinuxClient, [0000019CB87EA900][0000019CB8BC1940 49] LinuxAArch64Client, [0000019CB886DA00][0000019CB8BC5AC0 49] LinuxServer, [0000019CB87E9000][0000019CB8BC80C0 49] LinuxAArch64Server, [0000019CB886D800][0000019CB8BCC240 49] Android, [0000019CB87E8C00][0000019CB8BEA3C0 49] Android_Low, [0000019CB886D000][0000019CB8BEE540 49] Android_Mid, [0000019CB8799A00][0000019CB8BF26C0 49] Android_High, [0000019CB87D8300][0000019CB8BF6840 49] Android_Default, [0000019CB879B200][0000019CB8BFA9C0 49] Android_Adreno4xx, [0000019CB87D9A00][0000019CB8BFEB40 49] Android_Adreno5xx_Low, [0000019CB879BF00][0000019CB8C02CC0 49] Android_Adreno5xx, [0000019CB87DAB00][0000019CB8BA4E00 49] Android_Adreno6xx, [0000019CB879BC00][0000019CB8C06F40 49] Android_Adreno6xx_Vulkan, [0000019CB87DA000][0000019CB8C0B080 49] Android_Mali_T6xx, [0000019CB8799B00][0000019CB8C0F1C0 49] Android_Mali_T7xx, [0000019CB87D9100][0000019CB8C17340 49] Android_Mali_T8xx, [0000019CB8799C00][0000019CB8C1B4C0 49] Android_Mali_G71, [0000019CB87DA200][0000019CB8C1F640 49] Android_Mali_G72, [0000019CB879A600][0000019CB8C237C0 49] Android_Mali_G72_Vulkan, [0000019CB87DAC00][0000019CB8C27940 49] Android_Mali_G76, [0000019CB8798400][0000019CB8C2BAC0 49] Android_Mali_G76_Vulkan, [0000019CB87DAA00][0000019CB8C2E0C0 49] Android_Mali_G77, [0000019CB879A900][0000019CB8C32240 49] Android_Mali_G77_Vulkan, [0000019CB886C600][0000019CB8C363C0 49] Android_Mali_G78, [0000019CB879A800][0000019CB8C3A540 49] Android_Mali_G78_Vulkan, [0000019CB886D400][0000019CB8C3E6C0 49] Android_Mali_G710, [0000019CB879BE00][0000019CB8C42840 49] Android_Mali_G710_Vulkan, [0000019CB87D8800][0000019CB8C469C0 49] Android_Vulkan_SM5, [0000019CB8799700][0000019CB8C4AB40 49] Android_PowerVR_G6xxx, [0000019CB87D9500][0000019CB8C4ECC0 49] Android_PowerVR_GT7xxx, [0000019CB879B600][0000019CB8C52E40 49] Android_PowerVR_GE8xxx, [0000019CB87D8900][0000019CB8C12F80 49] Android_PowerVR_GM9xxx, [0000019CB8799600][0000019CB8C570C0 49] Android_PowerVR_GM9xxx_Vulkan, [0000019CB87D8F00][0000019CB8C5B200 49] Android_TegraK1, [0000019CB879AB00][0000019CB8C5F340 49] Android_Unknown_Vulkan, [0000019CB87D9700][0000019CB8C674C0 49] Lumin, [0000019CB8799500][0000019CB8C6B640 49] Lumin_Desktop, [0000019CB87DB900][0000019CB8C6F7C0 49] HoloLens, 
[2022.01.29-17.08.53:404][  0]LogMeshReduction: Using QuadricMeshReduction for automatic static mesh reduction
[2022.01.29-17.08.53:404][  0]LogMeshReduction: Using SimplygonMeshReduction for automatic skeletal mesh reduction
[2022.01.29-17.08.53:404][  0]LogMeshReduction: Using ProxyLODMeshReduction for automatic mesh merging
[2022.01.29-17.08.53:404][  0]LogMeshReduction: No distributed automatic mesh merging module available
[2022.01.29-17.08.53:404][  0]LogMeshMerging: No distributed automatic mesh merging module available
[2022.01.29-17.08.53:422][  0]LogNetVersion: Cyberpunk2022 1.0.0, NetCL: 17155196, EngineNetVer: 17, GameNetVer: 0 (Checksum: 1028016206)
[2022.01.29-17.08.54:987][  0]LogTexture: Default maximum texture size for cubemaps generated from long-lat sources has been changed from 512 to unlimited. In order to preserve old behaiour for '/Engine/MapTemplates/Sky/DaylightAmbientCubemap.DaylightAmbientCubemap', its maximum texture size has been explicitly set to 512.
[2022.01.29-17.08.55:063][  0]LogHMD: PokeAHoleMaterial loaded successfully
[2022.01.29-17.08.55:069][  0]LogUObjectArray: 17178 objects as part of root set at end of initial load.
[2022.01.29-17.08.55:069][  0]LogUObjectAllocator: 4302048 out of 0 bytes used by permanent object pool.
[2022.01.29-17.08.55:069][  0]LogUObjectArray: CloseDisregardForGC: 0/0 objects in disregard for GC pool
[2022.01.29-17.08.55:380][  0]LogNiagaraDebuggerClient: Niagara Debugger Client Initialized | Session: CC8193CA47095BACFDFEDEBF07310058 | Instance: 09ED5A4D4FCDECFBACE015AEDF94785E (DESKTOP-P6OQVGL-13712).
[2022.01.29-17.08.55:724][  0]LogPython: Using Python 3.7.7
[2022.01.29-17.08.56:326][  0]LogTcpMessaging: Initializing TcpMessaging bridge
[2022.01.29-17.08.56:333][  0]LogUdpMessaging: Initializing bridge on interface 0.0.0.0:0 to multicast group 230.0.0.1:6666.
[2022.01.29-17.08.57:058][  0]SourceControl: Source control is disabled
[2022.01.29-17.08.57:463][  0]LogUProjectInfo: Found projects:
[2022.01.29-17.08.57:476][  0]LogOpenImageDenoise: OIDN starting up
[2022.01.29-17.08.57:533][  0]LogAndroidPermission: UAndroidPermissionCallbackProxy::GetInstance
[2022.01.29-17.08.57:566][  0]LogAudioCaptureCore: Display: No Audio Capture implementations found. Audio input will be silent.
[2022.01.29-17.08.57:566][  0]LogAudioCaptureCore: Display: No Audio Capture implementations found. Audio input will be silent.
[2022.01.29-17.08.57:741][  0]LogCollectionManager: Loaded 0 collections in 0.000604 seconds
[2022.01.29-17.08.57:782][  0]LogFileCache: Scanning file cache for directory 'E:/UE4/Projects/WargamingAcademy/Cyberpunk2022/Saved/Collections/' took 0.00s
[2022.01.29-17.08.57:782][  0]LogFileCache: Scanning file cache for directory 'E:/UE4/Projects/WargamingAcademy/Cyberpunk2022/Content/Developers/Artem/Collections/' took 0.00s
[2022.01.29-17.08.57:782][  0]LogFileCache: Scanning file cache for directory 'E:/UE4/Projects/WargamingAcademy/Cyberpunk2022/Content/Collections/' took 0.00s
[2022.01.29-17.08.57:782][  0]LogOcInput: OculusInput pre-init called
[2022.01.29-17.08.58:028][  0]LogEngine: Initializing Engine...
[2022.01.29-17.08.58:035][  0]LogHMD: Failed to enumerate extensions. Please check that you have a valid OpenXR runtime installed.
[2022.01.29-17.08.58:035][  0]LogHMD: Failed to initialize OpenVR with code 110
[2022.01.29-17.08.58:035][  0]LogMagicLeap: Warning: VR disabled because ZI is not enabled.  To enable, in the editor, Edit -> Project Settings -> Plugins -> Magic Leap Plugin -> Enable Zero Iteration
[2022.01.29-17.08.58:038][  0]LogStats: UGameplayTagsManager::InitializeManager -  0.002 s
[2022.01.29-17.08.58:153][  0]LogInit: Initializing FReadOnlyCVARCache
[2022.01.29-17.08.58:167][  0]LogAIModule: Creating AISystem for world Untitled
[2022.01.29-17.08.58:173][  0]LogAudio: Display: Initializing Audio Device Manager...
[2022.01.29-17.08.58:180][  0]LogAudio: Display: Loading Default Audio Settings Objects...
[2022.01.29-17.08.58:181][  0]LogAudio: Display: No default SoundConcurrencyObject specified (or failed to load).
[2022.01.29-17.08.58:181][  0]LogAudio: Display: Audio Device Manager Initialized
[2022.01.29-17.08.58:181][  0]LogAudio: Display: Creating Audio Device:                 Id: 1, Scope: Shared, Realtime: True
[2022.01.29-17.08.58:181][  0]LogAudioMixer: Display: Audio Mixer Platform Settings:
[2022.01.29-17.08.58:181][  0]LogAudioMixer: Display: 	Sample Rate:						  48000
[2022.01.29-17.08.58:181][  0]LogAudioMixer: Display: 	Callback Buffer Frame Size Requested: 1024
[2022.01.29-17.08.58:181][  0]LogAudioMixer: Display: 	Callback Buffer Frame Size To Use:	  1024
[2022.01.29-17.08.58:181][  0]LogAudioMixer: Display: 	Number of buffers to queue:			  2
[2022.01.29-17.08.58:181][  0]LogAudioMixer: Display: 	Max Channels (voices):				  32
[2022.01.29-17.08.58:181][  0]LogAudioMixer: Display: 	Number of Async Source Workers:		  0
[2022.01.29-17.08.58:182][  0]LogAudio: Display: AudioDevice MaxSources: 32
[2022.01.29-17.08.58:182][  0]LogAudio: Display: Audio Spatialization Plugin: None (built-in).
[2022.01.29-17.08.58:182][  0]LogAudio: Display: Audio Reverb Plugin: None (built-in).
[2022.01.29-17.08.58:182][  0]LogAudio: Display: Audio Occlusion Plugin: None (built-in).
[2022.01.29-17.08.58:182][  0]LogAudioMixer: Display: Initializing audio mixer.
[2022.01.29-17.08.58:202][  0]LogAudioMixer: Display: 0: FrontLeft
[2022.01.29-17.08.58:202][  0]LogAudioMixer: Display: 1: FrontRight
[2022.01.29-17.08.58:287][  0]LogAudioMixer: Display: Using Audio Device Headphones (Realtek(R) Audio)
[2022.01.29-17.08.58:291][  0]LogAudioMixer: Display: Initializing Sound Submixes...
[2022.01.29-17.08.58:294][  0]LogAudioMixer: Display: Creating Master Submix 'MasterSubmixDefault'
[2022.01.29-17.08.58:294][  0]LogAudioMixer: Display: Creating Master Submix 'MasterReverbSubmixDefault'
[2022.01.29-17.08.58:295][  0]LogAudioMixer: Display: Creating Master Submix 'MasterEQSubmixDefault'
[2022.01.29-17.08.58:295][  0]LogAudioMixer: FMixerPlatformXAudio2::StartAudioStream() called
[2022.01.29-17.08.58:295][  0]LogAudioMixer: Display: Output buffers initialized: Frames=1024, Channels=2, Samples=2048
[2022.01.29-17.08.58:298][  0]LogAudioMixer: Display: Starting AudioMixerPlatformInterface::RunInternal()
[2022.01.29-17.08.58:298][  0]LogAudioMixer: Display: FMixerPlatformXAudio2::SubmitBuffer() called for the first time
[2022.01.29-17.08.58:298][  0]LogInit: FAudioDevice initialized.
[2022.01.29-17.08.58:299][  0]LogAudio: Display: Audio Device (ID: 1) registered with world 'Untitled'.
[2022.01.29-17.08.58:299][  0]LogNetVersion: Set ProjectVersion to 1.0.0.0. Version Checksum will be recalculated on next use.
[2022.01.29-17.08.58:350][  0]LogDerivedDataCache: Saved boot cache 0.05s 102MB C:/Users/Artem/AppData/Local/UnrealEngine/4.27/DerivedDataCache/Boot.ddc.
[2022.01.29-17.08.58:351][  0]LogInit: Texture streaming: Enabled
[2022.01.29-17.08.58:372][  0]LogAnalytics: Display: [UEEditor.Rocket.Release] APIServer = https://datarouter.ol.epicgames.com/. AppVersion = 4.27.2-18319896+++UE4+Release-4.27
[2022.01.29-17.08.58:375][  0]LogEngineSessionManager: EngineSessionManager initialized
[2022.01.29-17.08.58:376][  0]LogEditorSessionSummary: Verbose: Initializing EditorSessionSummaryWriter for editor session tracking
[2022.01.29-17.08.58:377][  0]LogEditorSessionSummary: EditorSessionSummaryWriter initialized
[2022.01.29-17.08.58:411][  0]LogInit: Transaction tracking system initialized
[2022.01.29-17.08.58:451][  0]BlueprintLog: New page: Editor Load
[2022.01.29-17.08.58:554][  0]LocalizationService: Localization service is disabled
[2022.01.29-17.08.58:597][  0]TimingProfiler: Initialize
[2022.01.29-17.08.58:597][  0]TimingProfiler: OnSessionChanged
[2022.01.29-17.08.58:598][  0]LoadingProfiler: Initialize
[2022.01.29-17.08.58:598][  0]LoadingProfiler: OnSessionChanged
[2022.01.29-17.08.58:598][  0]NetworkingProfiler: Initialize
[2022.01.29-17.08.58:598][  0]NetworkingProfiler: OnSessionChanged
[2022.01.29-17.08.58:598][  0]MemoryProfiler: Initialize
[2022.01.29-17.08.58:598][  0]MemoryProfiler: OnSessionChanged
[2022.01.29-17.08.58:796][  0]LogCook: Display: CookSettings for Memory: MemoryMaxUsedVirtual 0MiB, MemoryMaxUsedPhysical 16384MiB, MemoryMinFreeVirtual 0MiB, MemoryMinFreePhysical 1024MiB
[2022.01.29-17.08.58:797][  0]LogCook: Display: Mobile HDR setting 1
[2022.01.29-17.08.59:161][  0]LogFileCache: Scanning file cache for directory 'E:/UE4/Projects/WargamingAcademy/Cyberpunk2022/Content/' took 0.02s
[2022.01.29-17.08.59:309][  0]LogInit: Display: Engine is initialized. Leaving FEngineLoop::Init()
[2022.01.29-17.08.59:314][  0]LogUnrealEdMisc: Loading editor; pre map load, took 16.630
[2022.01.29-17.08.59:315][  0]Cmd: MAP LOAD FILE="../../../../Projects/WargamingAcademy/Cyberpunk2022/Content/FirstPersonCPP/Maps/FirstPersonExampleMap.umap" TEMPLATE=0 SHOWPROGRESS=1 FEATURELEVEL=3
[2022.01.29-17.08.59:320][  0]LightingResults: New page: Lighting Build
[2022.01.29-17.08.59:323][  0]LogWorld: UWorld::CleanupWorld for Untitled, bSessionEnded=true, bCleanupResources=true
[2022.01.29-17.08.59:323][  0]LogSlate: InvalidateAllWidgets triggered.  All widgets were invalidated
[2022.01.29-17.08.59:323][  0]MapCheck: New page: Map Check
[2022.01.29-17.08.59:323][  0]LightingResults: New page: Lighting Build
[2022.01.29-17.08.59:328][  0]LogAudio: Display: Audio Device unregistered from world 'None'.
[2022.01.29-17.08.59:333][  0]LogUObjectHash: Compacting FUObjectHashTables data took   1.16ms
[2022.01.29-17.08.59:410][  0]LogAudio: Display: Audio Device (ID: 1) registered with world 'FirstPersonExampleMap'.
[2022.01.29-17.08.59:411][  0]LogAIModule: Creating AISystem for world FirstPersonExampleMap
[2022.01.29-17.08.59:415][  0]LogEditorServer: Finished looking for orphan Actors (0.000 secs)
[2022.01.29-17.08.59:429][  0]LogUObjectHash: Compacting FUObjectHashTables data took   0.87ms
[2022.01.29-17.08.59:430][  0]Cmd: MAP CHECKDEP NOCLEARLOG
[2022.01.29-17.08.59:430][  0]MapCheck: Map check complete: 0 Error(s), 0 Warning(s), took 0.129ms to complete.
[2022.01.29-17.08.59:430][  0]LogFileHelpers: Loading map 'FirstPersonExampleMap' took 0.116
[2022.01.29-17.08.59:434][  0]LogUnrealEdMisc: Total Editor Startup Time, took 16.750
[2022.01.29-17.08.59:591][  0]LogSlate: Updating window title bar state: overlay mode, drag disabled, window buttons hidden, title bar hidden
[2022.01.29-17.08.59:601][  0]LogSlate: Updating window title bar state: overlay mode, drag disabled, window buttons hidden, title bar hidden
[2022.01.29-17.08.59:607][  0]LogSlate: Updating window title bar state: overlay mode, drag disabled, window buttons hidden, title bar hidden
[2022.01.29-17.08.59:613][  0]LogSlate: Updating window title bar state: overlay mode, drag disabled, window buttons hidden, title bar hidden
[2022.01.29-17.08.59:638][  0]LogNativeClassHierarchy: Verbose: Native class hierarchy populated in 0.0130 seconds. Added 3829 classes and 930 folders.
[2022.01.29-17.08.59:644][  0]LogNativeClassHierarchy: Verbose: Native class hierarchy updated for 'WidgetCarousel' in 0.0003 seconds. Added 0 classes and 0 folders.
[2022.01.29-17.08.59:663][  0]LogPakFile: PakFile PrimaryIndexSize=187
[2022.01.29-17.08.59:663][  0]LogPakFile: PakFile PathHashIndexSize=101
[2022.01.29-17.08.59:663][  0]LogPakFile: PakFile FullDirectoryIndexSize=148
[2022.01.29-17.08.59:664][  0]LogShaderLibrary: Display: ShaderCodeLibraryPakFileMountedCallback: PakFile 'E:/UE4/UE_4.27/FeaturePacks/FP_FirstPerson.upack' (chunk index -1, root 'root:/') mounted
[2022.01.29-17.08.59:664][  0]LogShaderLibrary: Display: ShaderCodeLibraryPakFileMountedCallback: pending pak file info (ChunkID:-1 Root:root:/ File:E:/UE4/UE_4.27/FeaturePacks/FP_FirstPerson.upack)
[2022.01.29-17.08.59:664][  0]LogPakFile: OnPakFileMounted2Time == 0.000615
[2022.01.29-17.08.59:674][  0]LogPakFile: PakFile PrimaryIndexSize=189
[2022.01.29-17.08.59:674][  0]LogPakFile: PakFile PathHashIndexSize=101
[2022.01.29-17.08.59:674][  0]LogPakFile: PakFile FullDirectoryIndexSize=152
[2022.01.29-17.08.59:674][  0]LogShaderLibrary: Display: ShaderCodeLibraryPakFileMountedCallback: PakFile 'E:/UE4/UE_4.27/FeaturePacks/FP_FirstPersonBP.upack' (chunk index -1, root 'root:/') mounted
[2022.01.29-17.08.59:674][  0]LogShaderLibrary: Display: ShaderCodeLibraryPakFileMountedCallback: pending pak file info (ChunkID:-1 Root:root:/ File:E:/UE4/UE_4.27/FeaturePacks/FP_FirstPersonBP.upack)
[2022.01.29-17.08.59:674][  0]LogPakFile: OnPakFileMounted2Time == 0.000141
[2022.01.29-17.08.59:680][  0]LogPakFile: PakFile PrimaryIndexSize=191
[2022.01.29-17.08.59:681][  0]LogPakFile: PakFile PathHashIndexSize=101
[2022.01.29-17.08.59:681][  0]LogPakFile: PakFile FullDirectoryIndexSize=160
[2022.01.29-17.08.59:681][  0]LogShaderLibrary: Display: ShaderCodeLibraryPakFileMountedCallback: PakFile 'E:/UE4/UE_4.27/FeaturePacks/MobileStarterContent.upack' (chunk index -1, root 'root:/') mounted
[2022.01.29-17.08.59:681][  0]LogShaderLibrary: Display: ShaderCodeLibraryPakFileMountedCallback: pending pak file info (ChunkID:-1 Root:root:/ File:E:/UE4/UE_4.27/FeaturePacks/MobileStarterContent.upack)
[2022.01.29-17.08.59:681][  0]LogPakFile: OnPakFileMounted2Time == 0.000129
[2022.01.29-17.08.59:689][  0]LogPakFile: PakFile PrimaryIndexSize=185
[2022.01.29-17.08.59:689][  0]LogPakFile: PakFile PathHashIndexSize=101
[2022.01.29-17.08.59:689][  0]LogPakFile: PakFile FullDirectoryIndexSize=148
[2022.01.29-17.08.59:689][  0]LogShaderLibrary: Display: ShaderCodeLibraryPakFileMountedCallback: PakFile 'E:/UE4/UE_4.27/FeaturePacks/StarterContent.upack' (chunk index -1, root 'root:/') mounted
[2022.01.29-17.08.59:689][  0]LogShaderLibrary: Display: ShaderCodeLibraryPakFileMountedCallback: pending pak file info (ChunkID:-1 Root:root:/ File:E:/UE4/UE_4.27/FeaturePacks/StarterContent.upack)
[2022.01.29-17.08.59:689][  0]LogPakFile: OnPakFileMounted2Time == 0.000124
[2022.01.29-17.08.59:697][  0]LogPakFile: PakFile PrimaryIndexSize=190
[2022.01.29-17.08.59:697][  0]LogPakFile: PakFile PathHashIndexSize=101
[2022.01.29-17.08.59:697][  0]LogPakFile: PakFile FullDirectoryIndexSize=154
[2022.01.29-17.08.59:697][  0]LogShaderLibrary: Display: ShaderCodeLibraryPakFileMountedCallback: PakFile 'E:/UE4/UE_4.27/FeaturePacks/TP_2DSideScroller.upack' (chunk index -1, root 'root:/') mounted
[2022.01.29-17.08.59:697][  0]LogShaderLibrary: Display: ShaderCodeLibraryPakFileMountedCallback: pending pak file info (ChunkID:-1 Root:root:/ File:E:/UE4/UE_4.27/FeaturePacks/TP_2DSideScroller.upack)
[2022.01.29-17.08.59:697][  0]LogPakFile: OnPakFileMounted2Time == 0.000153
[2022.01.29-17.08.59:705][  0]LogPakFile: PakFile PrimaryIndexSize=192
[2022.01.29-17.08.59:705][  0]LogPakFile: PakFile PathHashIndexSize=101
[2022.01.29-17.08.59:705][  0]LogPakFile: PakFile FullDirectoryIndexSize=158
[2022.01.29-17.08.59:705][  0]LogShaderLibrary: Display: ShaderCodeLibraryPakFileMountedCallback: PakFile 'E:/UE4/UE_4.27/FeaturePacks/TP_2DSideScrollerBP.upack' (chunk index -1, root 'root:/') mounted
[2022.01.29-17.08.59:705][  0]LogShaderLibrary: Display: ShaderCodeLibraryPakFileMountedCallback: pending pak file info (ChunkID:-1 Root:root:/ File:E:/UE4/UE_4.27/FeaturePacks/TP_2DSideScrollerBP.upack)
[2022.01.29-17.08.59:705][  0]LogPakFile: OnPakFileMounted2Time == 0.000115
[2022.01.29-17.08.59:713][  0]LogPakFile: PakFile PrimaryIndexSize=182
[2022.01.29-17.08.59:713][  0]LogPakFile: PakFile PathHashIndexSize=101
[2022.01.29-17.08.59:713][  0]LogPakFile: PakFile FullDirectoryIndexSize=138
[2022.01.29-17.08.59:713][  0]LogShaderLibrary: Display: ShaderCodeLibraryPakFileMountedCallback: PakFile 'E:/UE4/UE_4.27/FeaturePacks/TP_Flying.upack' (chunk index -1, root 'root:/') mounted
[2022.01.29-17.08.59:713][  0]LogShaderLibrary: Display: ShaderCodeLibraryPakFileMountedCallback: pending pak file info (ChunkID:-1 Root:root:/ File:E:/UE4/UE_4.27/FeaturePacks/TP_Flying.upack)
[2022.01.29-17.08.59:713][  0]LogPakFile: OnPakFileMounted2Time == 0.000106
[2022.01.29-17.08.59:721][  0]LogPakFile: PakFile PrimaryIndexSize=184
[2022.01.29-17.08.59:722][  0]LogPakFile: PakFile PathHashIndexSize=101
[2022.01.29-17.08.59:722][  0]LogPakFile: PakFile FullDirectoryIndexSize=142
[2022.01.29-17.08.59:722][  0]LogShaderLibrary: Display: ShaderCodeLibraryPakFileMountedCallback: PakFile 'E:/UE4/UE_4.27/FeaturePacks/TP_FlyingBP.upack' (chunk index -1, root 'root:/') mounted
[2022.01.29-17.08.59:722][  0]LogShaderLibrary: Display: ShaderCodeLibraryPakFileMountedCallback: pending pak file info (ChunkID:-1 Root:root:/ File:E:/UE4/UE_4.27/FeaturePacks/TP_FlyingBP.upack)
[2022.01.29-17.08.59:722][  0]LogPakFile: OnPakFileMounted2Time == 0.000119
[2022.01.29-17.08.59:728][  0]LogPakFile: PakFile PrimaryIndexSize=188
[2022.01.29-17.08.59:729][  0]LogPakFile: PakFile PathHashIndexSize=101
[2022.01.29-17.08.59:729][  0]LogPakFile: PakFile FullDirectoryIndexSize=150
[2022.01.29-17.08.59:729][  0]LogShaderLibrary: Display: ShaderCodeLibraryPakFileMountedCallback: PakFile 'E:/UE4/UE_4.27/FeaturePacks/TP_HandheldARBP.upack' (chunk index -1, root 'root:/') mounted
[2022.01.29-17.08.59:729][  0]LogShaderLibrary: Display: ShaderCodeLibraryPakFileMountedCallback: pending pak file info (ChunkID:-1 Root:root:/ File:E:/UE4/UE_4.27/FeaturePacks/TP_HandheldARBP.upack)
[2022.01.29-17.08.59:729][  0]LogPakFile: OnPakFileMounted2Time == 0.000130
[2022.01.29-17.08.59:740][  0]LogPakFile: PakFile PrimaryIndexSize=182
[2022.01.29-17.08.59:740][  0]LogPakFile: PakFile PathHashIndexSize=101
[2022.01.29-17.08.59:740][  0]LogPakFile: PakFile FullDirectoryIndexSize=138
[2022.01.29-17.08.59:740][  0]LogShaderLibrary: Display: ShaderCodeLibraryPakFileMountedCallback: PakFile 'E:/UE4/UE_4.27/FeaturePacks/TP_Puzzle.upack' (chunk index -1, root 'root:/') mounted
[2022.01.29-17.08.59:740][  0]LogShaderLibrary: Display: ShaderCodeLibraryPakFileMountedCallback: pending pak file info (ChunkID:-1 Root:root:/ File:E:/UE4/UE_4.27/FeaturePacks/TP_Puzzle.upack)
[2022.01.29-17.08.59:740][  0]LogPakFile: OnPakFileMounted2Time == 0.000155
[2022.01.29-17.08.59:748][  0]LogPakFile: PakFile PrimaryIndexSize=184
[2022.01.29-17.08.59:748][  0]LogPakFile: PakFile PathHashIndexSize=101
[2022.01.29-17.08.59:748][  0]LogPakFile: PakFile FullDirectoryIndexSize=142
[2022.01.29-17.08.59:748][  0]LogShaderLibrary: Display: ShaderCodeLibraryPakFileMountedCallback: PakFile 'E:/UE4/UE_4.27/FeaturePacks/TP_PuzzleBP.upack' (chunk index -1, root 'root:/') mounted
[2022.01.29-17.08.59:748][  0]LogShaderLibrary: Display: ShaderCodeLibraryPakFileMountedCallback: pending pak file info (ChunkID:-1 Root:root:/ File:E:/UE4/UE_4.27/FeaturePacks/TP_PuzzleBP.upack)
[2022.01.29-17.08.59:748][  0]LogPakFile: OnPakFileMounted2Time == 0.000140
[2022.01.29-17.08.59:758][  0]LogPakFile: PakFile PrimaryIndexSize=183
[2022.01.29-17.08.59:758][  0]LogPakFile: PakFile PathHashIndexSize=101
[2022.01.29-17.08.59:758][  0]LogPakFile: PakFile FullDirectoryIndexSize=140
[2022.01.29-17.08.59:758][  0]LogShaderLibrary: Display: ShaderCodeLibraryPakFileMountedCallback: PakFile 'E:/UE4/UE_4.27/FeaturePacks/TP_Rolling.upack' (chunk index -1, root 'root:/') mounted
[2022.01.29-17.08.59:759][  0]LogShaderLibrary: Display: ShaderCodeLibraryPakFileMountedCallback: pending pak file info (ChunkID:-1 Root:root:/ File:E:/UE4/UE_4.27/FeaturePacks/TP_Rolling.upack)
[2022.01.29-17.08.59:759][  0]LogPakFile: OnPakFileMounted2Time == 0.000162
[2022.01.29-17.08.59:769][  0]LogPakFile: PakFile PrimaryIndexSize=185
[2022.01.29-17.08.59:769][  0]LogPakFile: PakFile PathHashIndexSize=101
[2022.01.29-17.08.59:769][  0]LogPakFile: PakFile FullDirectoryIndexSize=144
[2022.01.29-17.08.59:769][  0]LogShaderLibrary: Display: ShaderCodeLibraryPakFileMountedCallback: PakFile 'E:/UE4/UE_4.27/FeaturePacks/TP_RollingBP.upack' (chunk index -1, root 'root:/') mounted
[2022.01.29-17.08.59:769][  0]LogShaderLibrary: Display: ShaderCodeLibraryPakFileMountedCallback: pending pak file info (ChunkID:-1 Root:root:/ File:E:/UE4/UE_4.27/FeaturePacks/TP_RollingBP.upack)
[2022.01.29-17.08.59:769][  0]LogPakFile: OnPakFileMounted2Time == 0.000151
[2022.01.29-17.08.59:775][  0]LogPakFile: PakFile PrimaryIndexSize=188
[2022.01.29-17.08.59:775][  0]LogPakFile: PakFile PathHashIndexSize=101
[2022.01.29-17.08.59:775][  0]LogPakFile: PakFile FullDirectoryIndexSize=150
[2022.01.29-17.08.59:775][  0]LogShaderLibrary: Display: ShaderCodeLibraryPakFileMountedCallback: PakFile 'E:/UE4/UE_4.27/FeaturePacks/TP_SideScroller.upack' (chunk index -1, root 'root:/') mounted
[2022.01.29-17.08.59:776][  0]LogShaderLibrary: Display: ShaderCodeLibraryPakFileMountedCallback: pending pak file info (ChunkID:-1 Root:root:/ File:E:/UE4/UE_4.27/FeaturePacks/TP_SideScroller.upack)
[2022.01.29-17.08.59:776][  0]LogPakFile: OnPakFileMounted2Time == 0.000143
[2022.01.29-17.08.59:782][  0]LogPakFile: PakFile PrimaryIndexSize=190
[2022.01.29-17.08.59:782][  0]LogPakFile: PakFile PathHashIndexSize=101
[2022.01.29-17.08.59:782][  0]LogPakFile: PakFile FullDirectoryIndexSize=154
[2022.01.29-17.08.59:782][  0]LogShaderLibrary: Display: ShaderCodeLibraryPakFileMountedCallback: PakFile 'E:/UE4/UE_4.27/FeaturePacks/TP_SideScrollerBP.upack' (chunk index -1, root 'root:/') mounted
[2022.01.29-17.08.59:782][  0]LogShaderLibrary: Display: ShaderCodeLibraryPakFileMountedCallback: pending pak file info (ChunkID:-1 Root:root:/ File:E:/UE4/UE_4.27/FeaturePacks/TP_SideScrollerBP.upack)
[2022.01.29-17.08.59:782][  0]LogPakFile: OnPakFileMounted2Time == 0.000103
[2022.01.29-17.08.59:789][  0]LogPakFile: PakFile PrimaryIndexSize=187
[2022.01.29-17.08.59:789][  0]LogPakFile: PakFile PathHashIndexSize=101
[2022.01.29-17.08.59:790][  0]LogPakFile: PakFile FullDirectoryIndexSize=148
[2022.01.29-17.08.59:790][  0]LogShaderLibrary: Display: ShaderCodeLibraryPakFileMountedCallback: PakFile 'E:/UE4/UE_4.27/FeaturePacks/TP_ThirdPerson.upack' (chunk index -1, root 'root:/') mounted
[2022.01.29-17.08.59:790][  0]LogShaderLibrary: Display: ShaderCodeLibraryPakFileMountedCallback: pending pak file info (ChunkID:-1 Root:root:/ File:E:/UE4/UE_4.27/FeaturePacks/TP_ThirdPerson.upack)
[2022.01.29-17.08.59:790][  0]LogPakFile: OnPakFileMounted2Time == 0.000152
[2022.01.29-17.08.59:796][  0]LogPakFile: PakFile PrimaryIndexSize=189
[2022.01.29-17.08.59:796][  0]LogPakFile: PakFile PathHashIndexSize=101
[2022.01.29-17.08.59:796][  0]LogPakFile: PakFile FullDirectoryIndexSize=152
[2022.01.29-17.08.59:796][  0]LogShaderLibrary: Display: ShaderCodeLibraryPakFileMountedCallback: PakFile 'E:/UE4/UE_4.27/FeaturePacks/TP_ThirdPersonBP.upack' (chunk index -1, root 'root:/') mounted
[2022.01.29-17.08.59:796][  0]LogShaderLibrary: Display: ShaderCodeLibraryPakFileMountedCallback: pending pak file info (ChunkID:-1 Root:root:/ File:E:/UE4/UE_4.27/FeaturePacks/TP_ThirdPersonBP.upack)
[2022.01.29-17.08.59:796][  0]LogPakFile: OnPakFileMounted2Time == 0.000110
[2022.01.29-17.08.59:803][  0]LogPakFile: PakFile PrimaryIndexSize=183
[2022.01.29-17.08.59:803][  0]LogPakFile: PakFile PathHashIndexSize=101
[2022.01.29-17.08.59:803][  0]LogPakFile: PakFile FullDirectoryIndexSize=140
[2022.01.29-17.08.59:803][  0]LogShaderLibrary: Display: ShaderCodeLibraryPakFileMountedCallback: PakFile 'E:/UE4/UE_4.27/FeaturePacks/TP_TopDown.upack' (chunk index -1, root 'root:/') mounted
[2022.01.29-17.08.59:803][  0]LogShaderLibrary: Display: ShaderCodeLibraryPakFileMountedCallback: pending pak file info (ChunkID:-1 Root:root:/ File:E:/UE4/UE_4.27/FeaturePacks/TP_TopDown.upack)
[2022.01.29-17.08.59:803][  0]LogPakFile: OnPakFileMounted2Time == 0.000100
[2022.01.29-17.08.59:809][  0]LogPakFile: PakFile PrimaryIndexSize=185
[2022.01.29-17.08.59:809][  0]LogPakFile: PakFile PathHashIndexSize=101
[2022.01.29-17.08.59:809][  0]LogPakFile: PakFile FullDirectoryIndexSize=144
[2022.01.29-17.08.59:809][  0]LogShaderLibrary: Display: ShaderCodeLibraryPakFileMountedCallback: PakFile 'E:/UE4/UE_4.27/FeaturePacks/TP_TopDownBP.upack' (chunk index -1, root 'root:/') mounted
[2022.01.29-17.08.59:809][  0]LogShaderLibrary: Display: ShaderCodeLibraryPakFileMountedCallback: pending pak file info (ChunkID:-1 Root:root:/ File:E:/UE4/UE_4.27/FeaturePacks/TP_TopDownBP.upack)
[2022.01.29-17.08.59:809][  0]LogPakFile: OnPakFileMounted2Time == 0.000098
[2022.01.29-17.08.59:818][  0]LogPakFile: PakFile PrimaryIndexSize=185
[2022.01.29-17.08.59:818][  0]LogPakFile: PakFile PathHashIndexSize=101
[2022.01.29-17.08.59:818][  0]LogPakFile: PakFile FullDirectoryIndexSize=144
[2022.01.29-17.08.59:818][  0]LogShaderLibrary: Display: ShaderCodeLibraryPakFileMountedCallback: PakFile 'E:/UE4/UE_4.27/FeaturePacks/TP_TwinStick.upack' (chunk index -1, root 'root:/') mounted
[2022.01.29-17.08.59:818][  0]LogShaderLibrary: Display: ShaderCodeLibraryPakFileMountedCallback: pending pak file info (ChunkID:-1 Root:root:/ File:E:/UE4/UE_4.27/FeaturePacks/TP_TwinStick.upack)
[2022.01.29-17.08.59:818][  0]LogPakFile: OnPakFileMounted2Time == 0.000173
[2022.01.29-17.08.59:825][  0]LogPakFile: PakFile PrimaryIndexSize=187
[2022.01.29-17.08.59:825][  0]LogPakFile: PakFile PathHashIndexSize=101
[2022.01.29-17.08.59:825][  0]LogPakFile: PakFile FullDirectoryIndexSize=148
[2022.01.29-17.08.59:825][  0]LogShaderLibrary: Display: ShaderCodeLibraryPakFileMountedCallback: PakFile 'E:/UE4/UE_4.27/FeaturePacks/TP_TwinStickBP.upack' (chunk index -1, root 'root:/') mounted
[2022.01.29-17.08.59:825][  0]LogShaderLibrary: Display: ShaderCodeLibraryPakFileMountedCallback: pending pak file info (ChunkID:-1 Root:root:/ File:E:/UE4/UE_4.27/FeaturePacks/TP_TwinStickBP.upack)
[2022.01.29-17.08.59:825][  0]LogPakFile: OnPakFileMounted2Time == 0.000115
[2022.01.29-17.08.59:833][  0]LogPakFile: PakFile PrimaryIndexSize=183
[2022.01.29-17.08.59:833][  0]LogPakFile: PakFile PathHashIndexSize=101
[2022.01.29-17.08.59:833][  0]LogPakFile: PakFile FullDirectoryIndexSize=140
[2022.01.29-17.08.59:833][  0]LogShaderLibrary: Display: ShaderCodeLibraryPakFileMountedCallback: PakFile 'E:/UE4/UE_4.27/FeaturePacks/TP_Vehicle.upack' (chunk index -1, root 'root:/') mounted
[2022.01.29-17.08.59:833][  0]LogShaderLibrary: Display: ShaderCodeLibraryPakFileMountedCallback: pending pak file info (ChunkID:-1 Root:root:/ File:E:/UE4/UE_4.27/FeaturePacks/TP_Vehicle.upack)
[2022.01.29-17.08.59:833][  0]LogPakFile: OnPakFileMounted2Time == 0.000124
[2022.01.29-17.08.59:840][  0]LogPakFile: PakFile PrimaryIndexSize=186
[2022.01.29-17.08.59:840][  0]LogPakFile: PakFile PathHashIndexSize=101
[2022.01.29-17.08.59:840][  0]LogPakFile: PakFile FullDirectoryIndexSize=146
[2022.01.29-17.08.59:840][  0]LogShaderLibrary: Display: ShaderCodeLibraryPakFileMountedCallback: PakFile 'E:/UE4/UE_4.27/FeaturePacks/TP_VehicleAdv.upack' (chunk index -1, root 'root:/') mounted
[2022.01.29-17.08.59:840][  0]LogShaderLibrary: Display: ShaderCodeLibraryPakFileMountedCallback: pending pak file info (ChunkID:-1 Root:root:/ File:E:/UE4/UE_4.27/FeaturePacks/TP_VehicleAdv.upack)
[2022.01.29-17.08.59:840][  0]LogPakFile: OnPakFileMounted2Time == 0.000142
[2022.01.29-17.08.59:846][  0]LogPakFile: PakFile PrimaryIndexSize=188
[2022.01.29-17.08.59:846][  0]LogPakFile: PakFile PathHashIndexSize=101
[2022.01.29-17.08.59:846][  0]LogPakFile: PakFile FullDirectoryIndexSize=150
[2022.01.29-17.08.59:846][  0]LogShaderLibrary: Display: ShaderCodeLibraryPakFileMountedCallback: PakFile 'E:/UE4/UE_4.27/FeaturePacks/TP_VehicleAdvBP.upack' (chunk index -1, root 'root:/') mounted
[2022.01.29-17.08.59:846][  0]LogShaderLibrary: Display: ShaderCodeLibraryPakFileMountedCallback: pending pak file info (ChunkID:-1 Root:root:/ File:E:/UE4/UE_4.27/FeaturePacks/TP_VehicleAdvBP.upack)
[2022.01.29-17.08.59:846][  0]LogPakFile: OnPakFileMounted2Time == 0.000110
[2022.01.29-17.08.59:853][  0]LogPakFile: PakFile PrimaryIndexSize=185
[2022.01.29-17.08.59:853][  0]LogPakFile: PakFile PathHashIndexSize=101
[2022.01.29-17.08.59:853][  0]LogPakFile: PakFile FullDirectoryIndexSize=144
[2022.01.29-17.08.59:853][  0]LogShaderLibrary: Display: ShaderCodeLibraryPakFileMountedCallback: PakFile 'E:/UE4/UE_4.27/FeaturePacks/TP_VehicleBP.upack' (chunk index -1, root 'root:/') mounted
[2022.01.29-17.08.59:853][  0]LogShaderLibrary: Display: ShaderCodeLibraryPakFileMountedCallback: pending pak file info (ChunkID:-1 Root:root:/ File:E:/UE4/UE_4.27/FeaturePacks/TP_VehicleBP.upack)
[2022.01.29-17.08.59:853][  0]LogPakFile: OnPakFileMounted2Time == 0.000157
[2022.01.29-17.08.59:859][  0]LogPakFile: PakFile PrimaryIndexSize=192
[2022.01.29-17.08.59:859][  0]LogPakFile: PakFile PathHashIndexSize=101
[2022.01.29-17.08.59:859][  0]LogPakFile: PakFile FullDirectoryIndexSize=158
[2022.01.29-17.08.59:859][  0]LogShaderLibrary: Display: ShaderCodeLibraryPakFileMountedCallback: PakFile 'E:/UE4/UE_4.27/FeaturePacks/TP_VirtualRealityBP.upack' (chunk index -1, root 'root:/') mounted
[2022.01.29-17.08.59:859][  0]LogShaderLibrary: Display: ShaderCodeLibraryPakFileMountedCallback: pending pak file info (ChunkID:-1 Root:root:/ File:E:/UE4/UE_4.27/FeaturePacks/TP_VirtualRealityBP.upack)
[2022.01.29-17.08.59:859][  0]LogPakFile: OnPakFileMounted2Time == 0.000121
[2022.01.29-17.09.00:183][  0]LogNativeClassHierarchy: Verbose: Native class hierarchy updated for 'AddContentDialog' in 0.0003 seconds. Added 0 classes and 0 folders.
[2022.01.29-17.09.00:189][  0]LogNativeClassHierarchy: Verbose: Native class hierarchy updated for 'SceneOutliner' in 0.0003 seconds. Added 2 classes and 0 folders.
[2022.01.29-17.09.00:306][  0]LogSlate: Took 0.005713 seconds to synchronously load lazily loaded font '../../../Engine/Content/Slate/Fonts/Roboto-Regular.ttf' (155K)
[2022.01.29-17.09.00:313][  0]LogSlate: Took 0.005798 seconds to synchronously load lazily loaded font '../../../Engine/Content/Editor/Slate/Fonts/FontAwesome.ttf' (139K)
[2022.01.29-17.09.00:318][  0]LogSlate: Took 0.004676 seconds to synchronously load lazily loaded font '../../../Engine/Content/Slate/Fonts/Roboto-Bold.ttf' (160K)
[2022.01.29-17.09.00:438][  0]LogRenderer: Reallocating scene render targets to support 1208x572 Format 10 NumSamples 1 (Frame:1).
[2022.01.29-17.09.00:504][  0]LogSlate: Took 0.006719 seconds to synchronously load lazily loaded font '../../../Engine/Content/Slate/Fonts/Roboto-Light.ttf' (167K)
[2022.01.29-17.09.00:606][  0]LogNativeClassHierarchy: Verbose: Native class hierarchy updated for 'HierarchicalLODOutliner' in 0.0007 seconds. Added 0 classes and 0 folders.
[2022.01.29-17.09.00:606][  0]LogLoad: (Engine Initialization) Total time: 17.92 seconds
[2022.01.29-17.09.00:606][  0]LogLoad: (Engine Initialization) Total Blueprint compile time: 0.00 seconds
[2022.01.29-17.09.00:662][  0]LogAssetRegistry: Asset discovery search completed in 7.6961 seconds
[2022.01.29-17.09.00:668][  0]LogCollectionManager: Fixed up redirectors for 0 collections in 0.000003 seconds (updated 0 objects)
[2022.01.29-17.09.00:672][  0]LogContentStreaming: Texture pool size now 1000 MB
[2022.01.29-17.09.02:745][120]LogSlate: Took 0.000225 seconds to synchronously load lazily loaded font '../../../Engine/Content/Slate/Fonts/Roboto-Light.ttf' (167K)
[2022.01.29-17.09.02:767][120]LogAssetEditorSubsystem: Opening Asset editor for Blueprint /Game/FirstPersonCPP/AI/NewFolder1/FirstPersonProjectile1.FirstPersonProjectile1
[2022.01.29-17.09.02:981][120]LogNativeClassHierarchy: Verbose: Native class hierarchy updated for 'BlueprintGraph' in 0.0006 seconds. Added 126 classes and 0 folders.
[2022.01.29-17.09.03:891][120]LogSlate: Took 0.006188 seconds to synchronously load lazily loaded font '../../../Engine/Content/Slate/Fonts/Roboto-BoldCondensed.ttf' (158K)
[2022.01.29-17.09.03:959][121]LogSlate: Took 0.006131 seconds to synchronously load lazily loaded font '../../../Engine/Content/Slate/Fonts/Roboto-Italic.ttf' (157K)
[2022.01.29-17.09.36:246][889]LogBlueprint: Warning: [AssetLog] E:\UE4\Projects\WargamingAcademy\Cyberpunk2022\Content\AnimStarterPack\Ue4ASP_Character.uasset: [Compiler] InputAction Event references unknown Action 'Crouch' for  InputAction Crouch
[2022.01.29-17.09.36:557][889]LogAssetEditorSubsystem: Opening Asset editor for Blueprint /Game/FirstPersonCPP/AI/NewFolder1/Bot10.Bot10
[2022.01.29-17.09.42:596][215]LogSlate: Window 'Bot10' being destroyed
[2022.01.29-17.09.42:602][215]LogSlate: Window 'Bot10' being destroyed
[2022.01.29-17.09.42:607][215]LogWorld: UWorld::CleanupWorld for World_0, bSessionEnded=true, bCleanupResources=true
[2022.01.29-17.09.42:607][215]LogSlate: InvalidateAllWidgets triggered.  All widgets were invalidated
[2022.01.29-17.09.42:684][215]LogActorComponent: UnregisterComponent: (/Engine/Transient.EditorFloorComp) Not registered. Aborting.
[2022.01.29-17.09.42:684][215]LogWorld: UWorld::CleanupWorld for World_2, bSessionEnded=true, bCleanupResources=true
[2022.01.29-17.09.42:684][215]LogSlate: InvalidateAllWidgets triggered.  All widgets were invalidated
[2022.01.29-17.09.43:785][275]LogAssetEditorSubsystem: Opening Asset editor for Blueprint /Game/FirstPersonCPP/AI/NewFolder1/FirstPersonProjectile1.FirstPersonProjectile1
