Log file open, 03/06/22 11:49:05
LogWindows: Failed to load 'aqProf.dll' (GetLastError=126)
LogWindows: File 'aqProf.dll' does not exist
LogWindows: Failed to load 'VtuneApi.dll' (GetLastError=126)
LogWindows: File 'VtuneApi.dll' does not exist
LogWindows: Failed to load 'VtuneApi32e.dll' (GetLastError=126)
LogWindows: File 'VtuneApi32e.dll' does not exist
LogConsoleResponse: Display: Failed to find resolution value strings in scalability ini. Falling back to default.
LogConsoleResponse: Display: Failed to find resolution value strings in scalability ini. Falling back to default.
LogInit: Display: Running engine for game: Cyberpunk2022
LogPlatformFile: Not using cached read wrapper
LogTaskGraph: Started task graph with 5 named threads and 35 total threads with 3 sets of task threads.
LogStats: Stats thread started at 0.372854
LogICUInternationalization: ICU TimeZone Detection - Raw Offset: +3:00, Platform Override: ''
LogInit: Display: Loading text-based GConfig....
LogPluginManager: Mounting plugin MeshPainting
LogPluginManager: Mounting plugin XGEController
LogPluginManager: Mounting plugin AISupport
LogPluginManager: Mounting plugin Paper2D
LogPluginManager: Mounting plugin EnvironmentQueryEditor
LogPluginManager: Mounting plugin LiveLink
LogPluginManager: Mounting plugin OodleData
LogPluginManager: Mounting plugin LightPropagationVolume
LogPluginManager: Mounting plugin OodleNetwork
LogPluginManager: Mounting plugin CameraShakePreviewer
LogPluginManager: Mounting plugin CryptoKeys
LogPluginManager: Mounting plugin CurveEditorTools
LogPluginManager: Mounting plugin FacialAnimation
LogPluginManager: Mounting plugin DataValidation
LogPluginManager: Mounting plugin GameplayTagsEditor
LogPluginManager: Mounting plugin GeometryMode
LogPluginManager: Mounting plugin AssetManagerEditor
LogPluginManager: Mounting plugin MacGraphicsSwitching
LogPluginManager: Mounting plugin GameplayCameras
LogPluginManager: Mounting plugin MaterialAnalyzer
LogPluginManager: Mounting plugin MobileLauncherProfileWizard
LogPluginManager: Mounting plugin PluginBrowser
LogPluginManager: Mounting plugin SpeedTreeImporter
LogPluginManager: Mounting plugin Niagara
LogPluginManager: Mounting plugin DatasmithContent
LogPluginManager: Mounting plugin VariantManagerContent
LogPluginManager: Mounting plugin CLionSourceCodeAccess
LogPluginManager: Mounting plugin CodeLiteSourceCodeAccess
LogPluginManager: Mounting plugin GitSourceControl
LogPluginManager: Mounting plugin KDevelopSourceCodeAccess
LogPluginManager: Mounting plugin NullSourceCodeAccess
LogPluginManager: Mounting plugin PerforceSourceControl
LogPluginManager: Mounting plugin PixWinPlugin
LogPluginManager: Mounting plugin PlasticSourceControl
LogPluginManager: Mounting plugin PluginUtils
LogPluginManager: Mounting plugin PropertyAccessNode
LogPluginManager: Mounting plugin RiderSourceCodeAccess
LogPluginManager: Mounting plugin SubversionSourceControl
LogPluginManager: Mounting plugin TextureFormatOodle
LogPluginManager: Mounting plugin UObjectPlugin
LogPluginManager: Mounting plugin XCodeSourceCodeAccess
LogPluginManager: Mounting plugin VisualStudioCodeSourceCodeAccess
LogPluginManager: Mounting plugin VisualStudioSourceCodeAccess
LogPluginManager: Mounting plugin LuminPlatformFeatures
LogPluginManager: Mounting plugin MagicLeap
LogPluginManager: Mounting plugin MagicLeapLightEstimation
LogPluginManager: Mounting plugin AnimationSharing
LogPluginManager: Mounting plugin MagicLeapMedia
LogPluginManager: Mounting plugin MLSDK
LogPluginManager: Mounting plugin MagicLeapPassableWorld
LogPluginManager: Mounting plugin AlembicImporter
LogPluginManager: Mounting plugin AutomationUtils
LogPluginManager: Mounting plugin BackChannel
LogPluginManager: Mounting plugin ChaosClothEditor
LogPluginManager: Mounting plugin ChaosEditor
LogPluginManager: Mounting plugin ChaosNiagara
LogPluginManager: Mounting plugin ChaosSolverPlugin
LogPluginManager: Mounting plugin AndroidMedia
LogPluginManager: Mounting plugin CharacterAI
LogPluginManager: Mounting plugin ChaosCloth
LogPluginManager: Mounting plugin TcpMessaging
LogPluginManager: Mounting plugin UdpMessaging
LogPluginManager: Mounting plugin GeometryCache
LogPluginManager: Mounting plugin ActorSequence
LogPluginManager: Mounting plugin GeometryCollectionPlugin
LogPluginManager: Mounting plugin LevelSequenceEditor
LogPluginManager: Mounting plugin MatineeToLevelSequence
LogPluginManager: Mounting plugin GeometryProcessing
LogPluginManager: Mounting plugin TemplateSequence
LogPluginManager: Mounting plugin OpenImageDenoise
LogPluginManager: Mounting plugin MotoSynth
LogPluginManager: Mounting plugin PlanarCut
LogPluginManager: Mounting plugin PlatformCrypto
LogPluginManager: Mounting plugin ProxyLODPlugin
LogPluginManager: Mounting plugin PythonScriptPlugin
LogPluginManager: Mounting plugin SkeletalReduction
LogPluginManager: Mounting plugin OnlineSubsystem
LogPluginManager: Mounting plugin OnlineSubsystemNull
LogPluginManager: Mounting plugin OnlineSubsystemUtils
LogPluginManager: Mounting plugin ActorLayerUtilities
LogPluginManager: Mounting plugin AndroidDeviceProfileSelector
LogPluginManager: Mounting plugin AndroidPermission
LogPluginManager: Mounting plugin AndroidMoviePlayer
LogPluginManager: Mounting plugin AppleImageUtils
LogPluginManager: Mounting plugin AppleMoviePlayer
LogPluginManager: Mounting plugin AssetTags
LogPluginManager: Mounting plugin ArchVisCharacter
LogPluginManager: Mounting plugin AudioCapture
LogPluginManager: Mounting plugin AudioSynesthesia
LogPluginManager: Mounting plugin CableComponent
LogPluginManager: Mounting plugin ChunkDownloader
LogPluginManager: Mounting plugin LauncherChunkInstaller
LogPluginManager: Mounting plugin CustomMeshComponent
LogPluginManager: Mounting plugin EditableMesh
LogPluginManager: Mounting plugin ExampleDeviceProfileSelector
LogPluginManager: Mounting plugin GoogleCloudMessaging
LogPluginManager: Mounting plugin GooglePAD
LogPluginManager: Mounting plugin IOSDeviceProfileSelector
LogPluginManager: Mounting plugin LinuxDeviceProfileSelector
LogPluginManager: Mounting plugin LocationServicesBPLibrary
LogPluginManager: Mounting plugin MobilePatchingUtils
LogPluginManager: Mounting plugin OpenXR
LogPluginManager: Mounting plugin OpenXREyeTracker
LogPluginManager: Mounting plugin OpenXRHandTracking
LogPluginManager: Mounting plugin PostSplashScreen
LogPluginManager: Mounting plugin PhysXVehicles
LogPluginManager: Mounting plugin ProceduralMeshComponent
LogPluginManager: Mounting plugin PropertyAccessEditor
LogPluginManager: Mounting plugin RuntimePhysXCooking
LogPluginManager: Mounting plugin SignificanceManager
LogPluginManager: Mounting plugin SoundFields
LogPluginManager: Mounting plugin Synthesis
LogPluginManager: Mounting plugin WebMMoviePlayer
LogPluginManager: Mounting plugin WindowsMoviePlayer
LogPluginManager: Mounting plugin ScreenshotTools
LogPluginManager: Mounting plugin Takes
LogPluginManager: Mounting plugin AvfMedia
LogPluginManager: Mounting plugin ImgMedia
LogPluginManager: Mounting plugin MediaCompositing
LogPluginManager: Mounting plugin MediaPlayerEditor
LogPluginManager: Mounting plugin WebMMedia
LogPluginManager: Mounting plugin WmfMedia
LogPluginManager: Mounting plugin ContentBrowserClassDataSource
LogPluginManager: Mounting plugin ContentBrowserAssetDataSource
LogPluginManager: Mounting plugin ContentBrowserFileDataSource
LogPluginManager: Mounting plugin OnlineSubsystemGooglePlay
LogPluginManager: Mounting plugin OnlineSubsystemIOS
LogPluginManager: Mounting plugin OculusVR
LogPluginManager: Mounting plugin SteamVR
PixWinPlugin: PIX capture plugin failed to initialize! Check that the process is launched from PIX.
LogInit: Using libcurl 7.55.1-DEV
LogInit:  - built for x86_64-pc-win32
LogInit:  - supports SSL with OpenSSL/1.1.1
LogInit:  - supports HTTP deflate (compression) using libz 1.2.8
LogInit:  - other features:
LogInit:      CURL_VERSION_SSL
LogInit:      CURL_VERSION_LIBZ
LogInit:      CURL_VERSION_IPV6
LogInit:      CURL_VERSION_ASYNCHDNS
LogInit:      CURL_VERSION_LARGEFILE
LogInit:      CURL_VERSION_IDN
LogInit:  CurlRequestOptions (configurable via config and command line):
LogInit:  - bVerifyPeer = true  - Libcurl will verify peer certificate
LogInit:  - bUseHttpProxy = false  - Libcurl will NOT use HTTP proxy
LogInit:  - bDontReuseConnections = false  - Libcurl will reuse connections
LogInit:  - MaxHostConnections = 16  - Libcurl will limit the number of connections to a host
LogInit:  - LocalHostAddr = Default
LogInit:  - BufferSize = 65536
LogOnline: OSS: Creating online subsystem instance for: NULL
LogInit: WinSock: version 1.1 (2.2), MaxSocks=32767, MaxUdp=65467
LogOnline: OSS: TryLoadSubsystemAndSetDefault: Loaded subsystem for module [NULL]
LogOculusPluginWrapper: OculusPlugin initialized successfully
LogHMD: Failed initializing OVRPlugin 1.59.0
LogInit: Build: ++UE4+Release-4.27-CL-18319896
LogInit: Engine Version: 4.27.2-18319896+++UE4+Release-4.27
LogInit: Compatible Engine Version: 4.27.0-17155196+++UE4+Release-4.27
LogInit: Net CL: 17155196
LogInit: OS: Windows 10 (Release 2009) (), CPU: AMD Ryzen 5 5600H with Radeon Graphics         , GPU: AMD Radeon(TM) Graphics
LogInit: Compiled (64-bit): Nov 30 2021 07:12:08
LogInit: Compiled with Visual C++: 19.24.28315.00
LogInit: Build Configuration: Development
LogInit: Branch Name: ++UE4+Release-4.27
LogInit: Command Line:  -skipcompile
LogInit: Base Directory: E:/UE4/UE_4.27/Engine/Binaries/Win64/
LogInit: Allocator: TBB
LogInit: Installed Engine Build: 1
LogDevObjectVersion: Number of dev versions registered: 29
LogDevObjectVersion:   Dev-Blueprints (B0D832E4-1F89-4F0D-ACCF-7EB736FD4AA2): 10
LogDevObjectVersion:   Dev-Build (E1C64328-A22C-4D53-A36C-8E866417BD8C): 0
LogDevObjectVersion:   Dev-Core (375EC13C-06E4-48FB-B500-84F0262A717E): 4
LogDevObjectVersion:   Dev-Editor (E4B068ED-F494-42E9-A231-DA0B2E46BB41): 40
LogDevObjectVersion:   Dev-Framework (CFFC743F-43B0-4480-9391-14DF171D2073): 37
LogDevObjectVersion:   Dev-Mobile (B02B49B5-BB20-44E9-A304-32B752E40360): 3
LogDevObjectVersion:   Dev-Networking (A4E4105C-59A1-49B5-A7C5-40C4547EDFEE): 0
LogDevObjectVersion:   Dev-Online (39C831C9-5AE6-47DC-9A44-9C173E1C8E7C): 0
LogDevObjectVersion:   Dev-Physics (78F01B33-EBEA-4F98-B9B4-84EACCB95AA2): 14
LogDevObjectVersion:   Dev-Platform (6631380F-2D4D-43E0-8009-CF276956A95A): 0
LogDevObjectVersion:   Dev-Rendering (12F88B9F-8875-4AFC-A67C-D90C383ABD29): 45
LogDevObjectVersion:   Dev-Sequencer (7B5AE74C-D270-4C10-A958-57980B212A5A): 13
LogDevObjectVersion:   Dev-VR (D7296918-1DD6-4BDD-9DE2-64A83CC13884): 3
LogDevObjectVersion:   Dev-LoadTimes (C2A15278-BFE7-4AFE-6C17-90FF531DF755): 1
LogDevObjectVersion:   Private-Geometry (6EACA3D4-40EC-4CC1-B786-8BED09428FC5): 3
LogDevObjectVersion:   Dev-AnimPhys (29E575DD-E0A3-4627-9D10-D276232CDCEA): 17
LogDevObjectVersion:   Dev-Anim (AF43A65D-7FD3-4947-9873-3E8ED9C1BB05): 15
LogDevObjectVersion:   Dev-ReflectionCapture (6B266CEC-1EC7-4B8F-A30B-E4D90942FC07): 1
LogDevObjectVersion:   Dev-Automation (0DF73D61-A23F-47EA-B727-89E90C41499A): 1
LogDevObjectVersion:   FortniteMain (601D1886-AC64-4F84-AA16-D3DE0DEAC7D6): 47
LogDevObjectVersion:   FortniteRelease (E7086368-6B23-4C58-8439-1B7016265E91): 1
LogDevObjectVersion:   Dev-Enterprise (9DFFBCD6-494F-0158-E221-12823C92A888): 10
LogDevObjectVersion:   Dev-Niagara (F2AED0AC-9AFE-416F-8664-AA7FFA26D6FC): 1
LogDevObjectVersion:   Dev-Destruction (174F1F0B-B4C6-45A5-B13F-2EE8D0FB917D): 10
LogDevObjectVersion:   Dev-Physics-Ext (35F94A83-E258-406C-A318-09F59610247C): 41
LogDevObjectVersion:   Dev-PhysicsMaterial-Chaos (B68FC16E-8B1B-42E2-B453-215C058844FE): 1
LogDevObjectVersion:   Dev-CineCamera (B2E18506-4273-CFC2-A54E-F4BB758BBA07): 1
LogDevObjectVersion:   Dev-VirtualProduction (64F58936-FD1B-42BA-BA96-7289D5D0FA4E): 1
LogDevObjectVersion:   Dev-MediaFramework (6F0ED827-A609-4895-9C91-998D90180EA4): 2
LogInit: Presizing for max 25165824 objects, including 0 objects not considered by GC, pre-allocating 0 bytes for permanent pool.
LogConfig: Applying CVar settings from Section [/Script/Engine.StreamingSettings] File [E:/UE4/Projects/WargamingAcademy/Cyberpunk2022/Saved/Config/Windows/Engine.ini]
LogConfig: Setting CVar [[s.MinBulkDataSizeForAsyncLoading:131072]]
LogConfig: Setting CVar [[s.AsyncLoadingThreadEnabled:0]]
LogConfig: Setting CVar [[s.EventDrivenLoaderEnabled:1]]
LogConfig: Setting CVar [[s.WarnIfTimeLimitExceeded:0]]
LogConfig: Setting CVar [[s.TimeLimitExceededMultiplier:1.5]]
LogConfig: Setting CVar [[s.TimeLimitExceededMinTime:0.005]]
LogConfig: Setting CVar [[s.UseBackgroundLevelStreaming:1]]
LogConfig: Setting CVar [[s.PriorityAsyncLoadingExtraTime:15.0]]
LogConfig: Setting CVar [[s.LevelStreamingActorsUpdateTimeLimit:5.0]]
LogConfig: Setting CVar [[s.PriorityLevelStreamingActorsUpdateExtraTime:5.0]]
LogConfig: Setting CVar [[s.LevelStreamingComponentsRegistrationGranularity:10]]
LogConfig: Setting CVar [[s.UnregisterComponentsTimeLimit:1.0]]
LogConfig: Setting CVar [[s.LevelStreamingComponentsUnregistrationGranularity:5]]
LogConfig: Setting CVar [[s.FlushStreamingOnExit:1]]
LogInit: Object subsystem initialized
LogConfig: Setting CVar [[con.DebugEarlyDefault:1]]
LogConfig: Setting CVar [[r.setres:1280x720]]
[2022.03.06-08.49.06:463][  0]LogConfig: Setting CVar [[r.VSync:0]]
[2022.03.06-08.49.06:463][  0]LogConfig: Setting CVar [[r.RHICmdBypass:0]]
[2022.03.06-08.49.06:463][  0]LogConfig: Applying CVar settings from Section [/Script/Engine.RendererSettings] File [E:/UE4/Projects/WargamingAcademy/Cyberpunk2022/Saved/Config/Windows/Engine.ini]
[2022.03.06-08.49.06:464][  0]LogConfig: Setting CVar [[r.GPUCrashDebugging:0]]
[2022.03.06-08.49.06:464][  0]LogConfig: Setting CVar [[r.DefaultFeature.MotionBlur:0]]
[2022.03.06-08.49.06:464][  0]LogConfig: Applying CVar settings from Section [/Script/Engine.RendererOverrideSettings] File [E:/UE4/Projects/WargamingAcademy/Cyberpunk2022/Saved/Config/Windows/Engine.ini]
[2022.03.06-08.49.06:464][  0]LogConfig: Applying CVar settings from Section [/Script/Engine.StreamingSettings] File [E:/UE4/Projects/WargamingAcademy/Cyberpunk2022/Saved/Config/Windows/Engine.ini]
[2022.03.06-08.49.06:464][  0]LogConfig: Setting CVar [[s.MinBulkDataSizeForAsyncLoading:131072]]
[2022.03.06-08.49.06:464][  0]LogConfig: Setting CVar [[s.AsyncLoadingThreadEnabled:0]]
[2022.03.06-08.49.06:464][  0]LogConfig: Setting CVar [[s.EventDrivenLoaderEnabled:1]]
[2022.03.06-08.49.06:464][  0]LogConfig: Setting CVar [[s.WarnIfTimeLimitExceeded:0]]
[2022.03.06-08.49.06:464][  0]LogConfig: Setting CVar [[s.TimeLimitExceededMultiplier:1.5]]
[2022.03.06-08.49.06:464][  0]LogConfig: Setting CVar [[s.TimeLimitExceededMinTime:0.005]]
[2022.03.06-08.49.06:464][  0]LogConfig: Setting CVar [[s.UseBackgroundLevelStreaming:1]]
[2022.03.06-08.49.06:464][  0]LogConfig: Setting CVar [[s.PriorityAsyncLoadingExtraTime:15.0]]
[2022.03.06-08.49.06:464][  0]LogConfig: Setting CVar [[s.LevelStreamingActorsUpdateTimeLimit:5.0]]
[2022.03.06-08.49.06:464][  0]LogConfig: Setting CVar [[s.PriorityLevelStreamingActorsUpdateExtraTime:5.0]]
[2022.03.06-08.49.06:464][  0]LogConfig: Setting CVar [[s.LevelStreamingComponentsRegistrationGranularity:10]]
[2022.03.06-08.49.06:464][  0]LogConfig: Setting CVar [[s.UnregisterComponentsTimeLimit:1.0]]
[2022.03.06-08.49.06:464][  0]LogConfig: Setting CVar [[s.LevelStreamingComponentsUnregistrationGranularity:5]]
[2022.03.06-08.49.06:464][  0]LogConfig: Setting CVar [[s.FlushStreamingOnExit:1]]
[2022.03.06-08.49.06:464][  0]LogConfig: Applying CVar settings from Section [/Script/Engine.GarbageCollectionSettings] File [E:/UE4/Projects/WargamingAcademy/Cyberpunk2022/Saved/Config/Windows/Engine.ini]
[2022.03.06-08.49.06:464][  0]LogConfig: Setting CVar [[gc.MaxObjectsNotConsideredByGC:1]]
[2022.03.06-08.49.06:465][  0]LogConfig: Setting CVar [[gc.SizeOfPermanentObjectPool:0]]
[2022.03.06-08.49.06:465][  0]LogConfig: Setting CVar [[gc.FlushStreamingOnGC:0]]
[2022.03.06-08.49.06:465][  0]LogConfig: Setting CVar [[gc.NumRetriesBeforeForcingGC:10]]
[2022.03.06-08.49.06:465][  0]LogConfig: Setting CVar [[gc.AllowParallelGC:1]]
[2022.03.06-08.49.06:465][  0]LogConfig: Setting CVar [[gc.TimeBetweenPurgingPendingKillObjects:61.1]]
[2022.03.06-08.49.06:465][  0]LogConfig: Setting CVar [[gc.MaxObjectsInEditor:25165824]]
[2022.03.06-08.49.06:465][  0]LogConfig: Setting CVar [[gc.IncrementalBeginDestroyEnabled:1]]
[2022.03.06-08.49.06:465][  0]LogConfig: Setting CVar [[gc.CreateGCClusters:1]]
[2022.03.06-08.49.06:465][  0]LogConfig: Setting CVar [[gc.MinGCClusterSize:5]]
[2022.03.06-08.49.06:465][  0]LogConfig: Setting CVar [[gc.ActorClusteringEnabled:0]]
[2022.03.06-08.49.06:465][  0]LogConfig: Setting CVar [[gc.BlueprintClusteringEnabled:0]]
[2022.03.06-08.49.06:465][  0]LogConfig: Setting CVar [[gc.UseDisregardForGCOnDedicatedServers:0]]
[2022.03.06-08.49.06:465][  0]LogConfig: Setting CVar [[gc.MultithreadedDestructionEnabled:1]]
[2022.03.06-08.49.06:465][  0]LogConfig: Applying CVar settings from Section [/Script/Engine.NetworkSettings] File [E:/UE4/Projects/WargamingAcademy/Cyberpunk2022/Saved/Config/Windows/Engine.ini]
[2022.03.06-08.49.06:465][  0]LogConfig: Applying CVar settings from Section [/Script/UnrealEd.CookerSettings] File [E:/UE4/Projects/WargamingAcademy/Cyberpunk2022/Saved/Config/Windows/Engine.ini]
[2022.03.06-08.49.06:476][  0]LogConfig: Applying CVar settings from Section [ViewDistanceQuality@3] File [E:/UE4/Projects/WargamingAcademy/Cyberpunk2022/Saved/Config/Windows/Scalability.ini]
[2022.03.06-08.49.06:477][  0]LogConfig: Setting CVar [[r.SkeletalMeshLODBias:0]]
[2022.03.06-08.49.06:477][  0]LogConfig: Setting CVar [[r.ViewDistanceScale:1.0]]
[2022.03.06-08.49.06:477][  0]LogConfig: Applying CVar settings from Section [AntiAliasingQuality@3] File [E:/UE4/Projects/WargamingAcademy/Cyberpunk2022/Saved/Config/Windows/Scalability.ini]
[2022.03.06-08.49.06:477][  0]LogConfig: Setting CVar [[r.PostProcessAAQuality:4]]
[2022.03.06-08.49.06:477][  0]LogConfig: Applying CVar settings from Section [ShadowQuality@3] File [E:/UE4/Projects/WargamingAcademy/Cyberpunk2022/Saved/Config/Windows/Scalability.ini]
[2022.03.06-08.49.06:477][  0]LogConfig: Setting CVar [[r.LightFunctionQuality:1]]
[2022.03.06-08.49.06:477][  0]LogConfig: Setting CVar [[r.ShadowQuality:5]]
[2022.03.06-08.49.06:477][  0]LogConfig: Setting CVar [[r.Shadow.CSM.MaxCascades:10]]
[2022.03.06-08.49.06:477][  0]LogConfig: Setting CVar [[r.Shadow.MaxResolution:2048]]
[2022.03.06-08.49.06:477][  0]LogConfig: Setting CVar [[r.Shadow.MaxCSMResolution:2048]]
[2022.03.06-08.49.06:477][  0]LogConfig: Setting CVar [[r.Shadow.RadiusThreshold:0.01]]
[2022.03.06-08.49.06:477][  0]LogConfig: Setting CVar [[r.Shadow.DistanceScale:1.0]]
[2022.03.06-08.49.06:477][  0]LogConfig: Setting CVar [[r.Shadow.CSM.TransitionScale:1.0]]
[2022.03.06-08.49.06:477][  0]LogConfig: Setting CVar [[r.Shadow.PreShadowResolutionFactor:1.0]]
[2022.03.06-08.49.06:477][  0]LogConfig: Setting CVar [[r.DistanceFieldShadowing:1]]
[2022.03.06-08.49.06:477][  0]LogConfig: Setting CVar [[r.DistanceFieldAO:1]]
[2022.03.06-08.49.06:477][  0]LogConfig: Setting CVar [[r.AOQuality:2]]
[2022.03.06-08.49.06:477][  0]LogConfig: Setting CVar [[r.VolumetricFog:1]]
[2022.03.06-08.49.06:477][  0]LogConfig: Setting CVar [[r.VolumetricFog.GridPixelSize:8]]
[2022.03.06-08.49.06:477][  0]LogConfig: Setting CVar [[r.VolumetricFog.GridSizeZ:128]]
[2022.03.06-08.49.06:477][  0]LogConfig: Setting CVar [[r.VolumetricFog.HistoryMissSupersampleCount:4]]
[2022.03.06-08.49.06:477][  0]LogConfig: Setting CVar [[r.LightMaxDrawDistanceScale:1]]
[2022.03.06-08.49.06:477][  0]LogConfig: Setting CVar [[r.CapsuleShadows:1]]
[2022.03.06-08.49.06:477][  0]LogConfig: Applying CVar settings from Section [PostProcessQuality@3] File [E:/UE4/Projects/WargamingAcademy/Cyberpunk2022/Saved/Config/Windows/Scalability.ini]
[2022.03.06-08.49.06:477][  0]LogConfig: Setting CVar [[r.MotionBlurQuality:4]]
[2022.03.06-08.49.06:477][  0]LogConfig: Setting CVar [[r.AmbientOcclusionMipLevelFactor:0.4]]
[2022.03.06-08.49.06:478][  0]LogConfig: Setting CVar [[r.AmbientOcclusionMaxQuality:100]]
[2022.03.06-08.49.06:478][  0]LogConfig: Setting CVar [[r.AmbientOcclusionLevels:-1]]
[2022.03.06-08.49.06:478][  0]LogConfig: Setting CVar [[r.AmbientOcclusionRadiusScale:1.0]]
[2022.03.06-08.49.06:478][  0]LogConfig: Setting CVar [[r.DepthOfFieldQuality:2]]
[2022.03.06-08.49.06:478][  0]LogConfig: Setting CVar [[r.RenderTargetPoolMin:400]]
[2022.03.06-08.49.06:478][  0]LogConfig: Setting CVar [[r.LensFlareQuality:2]]
[2022.03.06-08.49.06:478][  0]LogConfig: Setting CVar [[r.SceneColorFringeQuality:1]]
[2022.03.06-08.49.06:478][  0]LogConfig: Setting CVar [[r.EyeAdaptationQuality:2]]
[2022.03.06-08.49.06:478][  0]LogConfig: Setting CVar [[r.BloomQuality:5]]
[2022.03.06-08.49.06:478][  0]LogConfig: Setting CVar [[r.FastBlurThreshold:100]]
[2022.03.06-08.49.06:478][  0]LogConfig: Setting CVar [[r.Upscale.Quality:3]]
[2022.03.06-08.49.06:478][  0]LogConfig: Setting CVar [[r.Tonemapper.GrainQuantization:1]]
[2022.03.06-08.49.06:478][  0]LogConfig: Setting CVar [[r.LightShaftQuality:1]]
[2022.03.06-08.49.06:478][  0]LogConfig: Setting CVar [[r.Filter.SizeScale:1]]
[2022.03.06-08.49.06:478][  0]LogConfig: Setting CVar [[r.Tonemapper.Quality:5]]
[2022.03.06-08.49.06:478][  0]LogConfig: Setting CVar [[r.DOF.Gather.AccumulatorQuality:1        ; higher gathering accumulator quality]]
[2022.03.06-08.49.06:478][  0]LogConfig: Setting CVar [[r.DOF.Gather.PostfilterMethod:1          ; Median3x3 postfilering method]]
[2022.03.06-08.49.06:478][  0]LogConfig: Setting CVar [[r.DOF.Gather.EnableBokehSettings:0       ; no bokeh simulation when gathering]]
[2022.03.06-08.49.06:478][  0]LogConfig: Setting CVar [[r.DOF.Gather.RingCount:4                 ; medium number of samples when gathering]]
[2022.03.06-08.49.06:478][  0]LogConfig: Setting CVar [[r.DOF.Scatter.ForegroundCompositing:1    ; additive foreground scattering]]
[2022.03.06-08.49.06:479][  0]LogConfig: Setting CVar [[r.DOF.Scatter.BackgroundCompositing:2    ; additive background scattering]]
[2022.03.06-08.49.06:479][  0]LogConfig: Setting CVar [[r.DOF.Scatter.EnableBokehSettings:1      ; bokeh simulation when scattering]]
[2022.03.06-08.49.06:479][  0]LogConfig: Setting CVar [[r.DOF.Scatter.MaxSpriteRatio:0.1         ; only a maximum of 10% of scattered bokeh]]
[2022.03.06-08.49.06:479][  0]LogConfig: Setting CVar [[r.DOF.Recombine.Quality:1                ; cheap slight out of focus]]
[2022.03.06-08.49.06:479][  0]LogConfig: Setting CVar [[r.DOF.Recombine.EnableBokehSettings:0    ; no bokeh simulation on slight out of focus]]
[2022.03.06-08.49.06:479][  0]LogConfig: Setting CVar [[r.DOF.TemporalAAQuality:1                ; more stable temporal accumulation]]
[2022.03.06-08.49.06:479][  0]LogConfig: Setting CVar [[r.DOF.Kernel.MaxForegroundRadius:0.025]]
[2022.03.06-08.49.06:479][  0]LogConfig: Setting CVar [[r.DOF.Kernel.MaxBackgroundRadius:0.025]]
[2022.03.06-08.49.06:479][  0]LogConfig: Applying CVar settings from Section [TextureQuality@3] File [E:/UE4/Projects/WargamingAcademy/Cyberpunk2022/Saved/Config/Windows/Scalability.ini]
[2022.03.06-08.49.06:479][  0]LogConfig: Setting CVar [[r.Streaming.MipBias:0]]
[2022.03.06-08.49.06:479][  0]LogConfig: Setting CVar [[r.Streaming.AmortizeCPUToGPUCopy:0]]
[2022.03.06-08.49.06:479][  0]LogConfig: Setting CVar [[r.Streaming.MaxNumTexturesToStreamPerFrame:0]]
[2022.03.06-08.49.06:479][  0]LogConfig: Setting CVar [[r.Streaming.Boost:1]]
[2022.03.06-08.49.06:479][  0]LogConfig: Setting CVar [[r.MaxAnisotropy:8]]
[2022.03.06-08.49.06:479][  0]LogConfig: Setting CVar [[r.VT.MaxAnisotropy:8]]
[2022.03.06-08.49.06:479][  0]LogConfig: Setting CVar [[r.Streaming.LimitPoolSizeToVRAM:0]]
[2022.03.06-08.49.06:479][  0]LogConfig: Setting CVar [[r.Streaming.PoolSize:1000]]
[2022.03.06-08.49.06:479][  0]LogConfig: Setting CVar [[r.Streaming.MaxEffectiveScreenSize:0]]
[2022.03.06-08.49.06:479][  0]LogConfig: Applying CVar settings from Section [EffectsQuality@3] File [E:/UE4/Projects/WargamingAcademy/Cyberpunk2022/Saved/Config/Windows/Scalability.ini]
[2022.03.06-08.49.06:479][  0]LogConfig: Setting CVar [[r.TranslucencyLightingVolumeDim:64]]
[2022.03.06-08.49.06:479][  0]LogConfig: Setting CVar [[r.RefractionQuality:2]]
[2022.03.06-08.49.06:479][  0]LogConfig: Setting CVar [[r.SSR.Quality:3]]
[2022.03.06-08.49.06:480][  0]LogConfig: Setting CVar [[r.SSR.HalfResSceneColor:0]]
[2022.03.06-08.49.06:480][  0]LogConfig: Setting CVar [[r.SceneColorFormat:4]]
[2022.03.06-08.49.06:480][  0]LogConfig: Setting CVar [[r.DetailMode:2]]
[2022.03.06-08.49.06:480][  0]LogConfig: Setting CVar [[r.TranslucencyVolumeBlur:1]]
[2022.03.06-08.49.06:480][  0]LogConfig: Setting CVar [[r.MaterialQualityLevel:1 ; High quality]]
[2022.03.06-08.49.06:480][  0]LogConfig: Setting CVar [[r.AnisotropicMaterials:1]]
[2022.03.06-08.49.06:480][  0]LogConfig: Setting CVar [[r.SSS.Scale:1]]
[2022.03.06-08.49.06:480][  0]LogConfig: Setting CVar [[r.SSS.SampleSet:2]]
[2022.03.06-08.49.06:480][  0]LogConfig: Setting CVar [[r.SSS.Quality:1]]
[2022.03.06-08.49.06:480][  0]LogConfig: Setting CVar [[r.SSS.HalfRes:0]]
[2022.03.06-08.49.06:480][  0]LogConfig: Setting CVar [[r.SSGI.Quality:3]]
[2022.03.06-08.49.06:480][  0]LogConfig: Setting CVar [[r.EmitterSpawnRateScale:1.0]]
[2022.03.06-08.49.06:480][  0]LogConfig: Setting CVar [[r.ParticleLightQuality:2]]
[2022.03.06-08.49.06:480][  0]LogConfig: Setting CVar [[r.SkyAtmosphere.AerialPerspectiveLUT.FastApplyOnOpaque:1 ; Always have FastSkyLUT 1 in this case to avoid wrong sky]]
[2022.03.06-08.49.06:480][  0]LogConfig: Setting CVar [[r.SkyAtmosphere.AerialPerspectiveLUT.SampleCountMaxPerSlice:4]]
[2022.03.06-08.49.06:480][  0]LogConfig: Setting CVar [[r.SkyAtmosphere.AerialPerspectiveLUT.DepthResolution:16.0]]
[2022.03.06-08.49.06:480][  0]LogConfig: Setting CVar [[r.SkyAtmosphere.FastSkyLUT:1]]
[2022.03.06-08.49.06:480][  0]LogConfig: Setting CVar [[r.SkyAtmosphere.FastSkyLUT.SampleCountMin:4.0]]
[2022.03.06-08.49.06:480][  0]LogConfig: Setting CVar [[r.SkyAtmosphere.FastSkyLUT.SampleCountMax:128.0]]
[2022.03.06-08.49.06:480][  0]LogConfig: Setting CVar [[r.SkyAtmosphere.SampleCountMin:4.0]]
[2022.03.06-08.49.06:480][  0]LogConfig: Setting CVar [[r.SkyAtmosphere.SampleCountMax:128.0]]
[2022.03.06-08.49.06:480][  0]LogConfig: Setting CVar [[r.SkyAtmosphere.TransmittanceLUT.UseSmallFormat:0]]
[2022.03.06-08.49.06:480][  0]LogConfig: Setting CVar [[r.SkyAtmosphere.TransmittanceLUT.SampleCount:10.0]]
[2022.03.06-08.49.06:480][  0]LogConfig: Setting CVar [[r.SkyAtmosphere.MultiScatteringLUT.SampleCount:15.0]]
[2022.03.06-08.49.06:480][  0]LogConfig: Setting CVar [[r.SkyLight.RealTimeReflectionCapture:1]]
[2022.03.06-08.49.06:481][  0]LogConfig: Applying CVar settings from Section [FoliageQuality@3] File [E:/UE4/Projects/WargamingAcademy/Cyberpunk2022/Saved/Config/Windows/Scalability.ini]
[2022.03.06-08.49.06:481][  0]LogConfig: Setting CVar [[foliage.DensityScale:1.0]]
[2022.03.06-08.49.06:481][  0]LogConfig: Setting CVar [[grass.DensityScale:1.0]]
[2022.03.06-08.49.06:481][  0]LogConfig: Applying CVar settings from Section [ShadingQuality@3] File [E:/UE4/Projects/WargamingAcademy/Cyberpunk2022/Saved/Config/Windows/Scalability.ini]
[2022.03.06-08.49.06:481][  0]LogConfig: Setting CVar [[r.HairStrands.SkyLighting.IntegrationType:2]]
[2022.03.06-08.49.06:481][  0]LogConfig: Setting CVar [[r.HairStrands.SkyAO.SampleCount:4]]
[2022.03.06-08.49.06:481][  0]LogConfig: Setting CVar [[r.HairStrands.Visibility.MSAA.SamplePerPixel:4]]
[2022.03.06-08.49.06:481][  0]LogInit: Selected Device Profile: [Windows]
[2022.03.06-08.49.06:481][  0]LogInit: Applying CVar settings loaded from the selected device profile: [Windows]
[2022.03.06-08.49.06:481][  0]LogHAL: Display: Platform has ~ 16 GB [16487870464 / 17179869184 / 16], which maps to Larger [LargestMinGB=32, LargerMinGB=12, DefaultMinGB=8, SmallerMinGB=6, SmallestMinGB=0)
[2022.03.06-08.49.06:481][  0]LogInit: Going up to parent DeviceProfile []
[2022.03.06-08.49.06:481][  0]LogConfig: Applying CVar settings from Section [ViewDistanceQuality@3] File [E:/UE4/Projects/WargamingAcademy/Cyberpunk2022/Saved/Config/Windows/Scalability.ini]
[2022.03.06-08.49.06:481][  0]LogConfig: Setting CVar [[r.SkeletalMeshLODBias:0]]
[2022.03.06-08.49.06:481][  0]LogConfig: Setting CVar [[r.ViewDistanceScale:1.0]]
[2022.03.06-08.49.06:481][  0]LogConfig: Applying CVar settings from Section [AntiAliasingQuality@3] File [E:/UE4/Projects/WargamingAcademy/Cyberpunk2022/Saved/Config/Windows/Scalability.ini]
[2022.03.06-08.49.06:482][  0]LogConfig: Setting CVar [[r.PostProcessAAQuality:4]]
[2022.03.06-08.49.06:482][  0]LogConfig: Applying CVar settings from Section [ShadowQuality@3] File [E:/UE4/Projects/WargamingAcademy/Cyberpunk2022/Saved/Config/Windows/Scalability.ini]
[2022.03.06-08.49.06:482][  0]LogConfig: Setting CVar [[r.LightFunctionQuality:1]]
[2022.03.06-08.49.06:482][  0]LogConfig: Setting CVar [[r.ShadowQuality:5]]
[2022.03.06-08.49.06:482][  0]LogConfig: Setting CVar [[r.Shadow.CSM.MaxCascades:10]]
[2022.03.06-08.49.06:482][  0]LogConfig: Setting CVar [[r.Shadow.MaxResolution:2048]]
[2022.03.06-08.49.06:482][  0]LogConfig: Setting CVar [[r.Shadow.MaxCSMResolution:2048]]
[2022.03.06-08.49.06:482][  0]LogConfig: Setting CVar [[r.Shadow.RadiusThreshold:0.01]]
[2022.03.06-08.49.06:482][  0]LogConfig: Setting CVar [[r.Shadow.DistanceScale:1.0]]
[2022.03.06-08.49.06:482][  0]LogConfig: Setting CVar [[r.Shadow.CSM.TransitionScale:1.0]]
[2022.03.06-08.49.06:482][  0]LogConfig: Setting CVar [[r.Shadow.PreShadowResolutionFactor:1.0]]
[2022.03.06-08.49.06:482][  0]LogConfig: Setting CVar [[r.DistanceFieldShadowing:1]]
[2022.03.06-08.49.06:482][  0]LogConfig: Setting CVar [[r.DistanceFieldAO:1]]
[2022.03.06-08.49.06:482][  0]LogConfig: Setting CVar [[r.AOQuality:2]]
[2022.03.06-08.49.06:482][  0]LogConfig: Setting CVar [[r.VolumetricFog:1]]
[2022.03.06-08.49.06:482][  0]LogConfig: Setting CVar [[r.VolumetricFog.GridPixelSize:8]]
[2022.03.06-08.49.06:482][  0]LogConfig: Setting CVar [[r.VolumetricFog.GridSizeZ:128]]
[2022.03.06-08.49.06:482][  0]LogConfig: Setting CVar [[r.VolumetricFog.HistoryMissSupersampleCount:4]]
[2022.03.06-08.49.06:482][  0]LogConfig: Setting CVar [[r.LightMaxDrawDistanceScale:1]]
[2022.03.06-08.49.06:482][  0]LogConfig: Setting CVar [[r.CapsuleShadows:1]]
[2022.03.06-08.49.06:482][  0]LogConfig: Applying CVar settings from Section [PostProcessQuality@3] File [E:/UE4/Projects/WargamingAcademy/Cyberpunk2022/Saved/Config/Windows/Scalability.ini]
[2022.03.06-08.49.06:482][  0]LogConfig: Setting CVar [[r.MotionBlurQuality:4]]
[2022.03.06-08.49.06:482][  0]LogConfig: Setting CVar [[r.AmbientOcclusionMipLevelFactor:0.4]]
[2022.03.06-08.49.06:482][  0]LogConfig: Setting CVar [[r.AmbientOcclusionMaxQuality:100]]
[2022.03.06-08.49.06:482][  0]LogConfig: Setting CVar [[r.AmbientOcclusionLevels:-1]]
[2022.03.06-08.49.06:482][  0]LogConfig: Setting CVar [[r.AmbientOcclusionRadiusScale:1.0]]
[2022.03.06-08.49.06:482][  0]LogConfig: Setting CVar [[r.DepthOfFieldQuality:2]]
[2022.03.06-08.49.06:482][  0]LogConfig: Setting CVar [[r.RenderTargetPoolMin:400]]
[2022.03.06-08.49.06:483][  0]LogConfig: Setting CVar [[r.LensFlareQuality:2]]
[2022.03.06-08.49.06:483][  0]LogConfig: Setting CVar [[r.SceneColorFringeQuality:1]]
[2022.03.06-08.49.06:483][  0]LogConfig: Setting CVar [[r.EyeAdaptationQuality:2]]
[2022.03.06-08.49.06:483][  0]LogConfig: Setting CVar [[r.BloomQuality:5]]
[2022.03.06-08.49.06:483][  0]LogConfig: Setting CVar [[r.FastBlurThreshold:100]]
[2022.03.06-08.49.06:483][  0]LogConfig: Setting CVar [[r.Upscale.Quality:3]]
[2022.03.06-08.49.06:483][  0]LogConfig: Setting CVar [[r.Tonemapper.GrainQuantization:1]]
[2022.03.06-08.49.06:483][  0]LogConfig: Setting CVar [[r.LightShaftQuality:1]]
[2022.03.06-08.49.06:483][  0]LogConfig: Setting CVar [[r.Filter.SizeScale:1]]
[2022.03.06-08.49.06:483][  0]LogConfig: Setting CVar [[r.Tonemapper.Quality:5]]
[2022.03.06-08.49.06:483][  0]LogConfig: Setting CVar [[r.DOF.Gather.AccumulatorQuality:1        ; higher gathering accumulator quality]]
[2022.03.06-08.49.06:483][  0]LogConfig: Setting CVar [[r.DOF.Gather.PostfilterMethod:1          ; Median3x3 postfilering method]]
[2022.03.06-08.49.06:483][  0]LogConfig: Setting CVar [[r.DOF.Gather.EnableBokehSettings:0       ; no bokeh simulation when gathering]]
[2022.03.06-08.49.06:483][  0]LogConfig: Setting CVar [[r.DOF.Gather.RingCount:4                 ; medium number of samples when gathering]]
[2022.03.06-08.49.06:483][  0]LogConfig: Setting CVar [[r.DOF.Scatter.ForegroundCompositing:1    ; additive foreground scattering]]
[2022.03.06-08.49.06:483][  0]LogConfig: Setting CVar [[r.DOF.Scatter.BackgroundCompositing:2    ; additive background scattering]]
[2022.03.06-08.49.06:483][  0]LogConfig: Setting CVar [[r.DOF.Scatter.EnableBokehSettings:1      ; bokeh simulation when scattering]]
[2022.03.06-08.49.06:483][  0]LogConfig: Setting CVar [[r.DOF.Scatter.MaxSpriteRatio:0.1         ; only a maximum of 10% of scattered bokeh]]
[2022.03.06-08.49.06:483][  0]LogConfig: Setting CVar [[r.DOF.Recombine.Quality:1                ; cheap slight out of focus]]
[2022.03.06-08.49.06:483][  0]LogConfig: Setting CVar [[r.DOF.Recombine.EnableBokehSettings:0    ; no bokeh simulation on slight out of focus]]
[2022.03.06-08.49.06:483][  0]LogConfig: Setting CVar [[r.DOF.TemporalAAQuality:1                ; more stable temporal accumulation]]
[2022.03.06-08.49.06:483][  0]LogConfig: Setting CVar [[r.DOF.Kernel.MaxForegroundRadius:0.025]]
[2022.03.06-08.49.06:483][  0]LogConfig: Setting CVar [[r.DOF.Kernel.MaxBackgroundRadius:0.025]]
[2022.03.06-08.49.06:483][  0]LogConfig: Applying CVar settings from Section [TextureQuality@3] File [E:/UE4/Projects/WargamingAcademy/Cyberpunk2022/Saved/Config/Windows/Scalability.ini]
[2022.03.06-08.49.06:483][  0]LogConfig: Setting CVar [[r.Streaming.MipBias:0]]
[2022.03.06-08.49.06:483][  0]LogConfig: Setting CVar [[r.Streaming.AmortizeCPUToGPUCopy:0]]
[2022.03.06-08.49.06:483][  0]LogConfig: Setting CVar [[r.Streaming.MaxNumTexturesToStreamPerFrame:0]]
[2022.03.06-08.49.06:483][  0]LogConfig: Setting CVar [[r.Streaming.Boost:1]]
[2022.03.06-08.49.06:483][  0]LogConfig: Setting CVar [[r.MaxAnisotropy:8]]
[2022.03.06-08.49.06:484][  0]LogConfig: Setting CVar [[r.VT.MaxAnisotropy:8]]
[2022.03.06-08.49.06:484][  0]LogConfig: Setting CVar [[r.Streaming.LimitPoolSizeToVRAM:0]]
[2022.03.06-08.49.06:484][  0]LogConfig: Setting CVar [[r.Streaming.PoolSize:1000]]
[2022.03.06-08.49.06:484][  0]LogConfig: Setting CVar [[r.Streaming.MaxEffectiveScreenSize:0]]
[2022.03.06-08.49.06:484][  0]LogConfig: Applying CVar settings from Section [EffectsQuality@3] File [E:/UE4/Projects/WargamingAcademy/Cyberpunk2022/Saved/Config/Windows/Scalability.ini]
[2022.03.06-08.49.06:484][  0]LogConfig: Setting CVar [[r.TranslucencyLightingVolumeDim:64]]
[2022.03.06-08.49.06:484][  0]LogConfig: Setting CVar [[r.RefractionQuality:2]]
[2022.03.06-08.49.06:484][  0]LogConfig: Setting CVar [[r.SSR.Quality:3]]
[2022.03.06-08.49.06:484][  0]LogConfig: Setting CVar [[r.SSR.HalfResSceneColor:0]]
[2022.03.06-08.49.06:484][  0]LogConfig: Setting CVar [[r.SceneColorFormat:4]]
[2022.03.06-08.49.06:484][  0]LogConfig: Setting CVar [[r.DetailMode:2]]
[2022.03.06-08.49.06:484][  0]LogConfig: Setting CVar [[r.TranslucencyVolumeBlur:1]]
[2022.03.06-08.49.06:484][  0]LogConfig: Setting CVar [[r.MaterialQualityLevel:1 ; High quality]]
[2022.03.06-08.49.06:484][  0]LogConfig: Setting CVar [[r.AnisotropicMaterials:1]]
[2022.03.06-08.49.06:484][  0]LogConfig: Setting CVar [[r.SSS.Scale:1]]
[2022.03.06-08.49.06:484][  0]LogConfig: Setting CVar [[r.SSS.SampleSet:2]]
[2022.03.06-08.49.06:484][  0]LogConfig: Setting CVar [[r.SSS.Quality:1]]
[2022.03.06-08.49.06:484][  0]LogConfig: Setting CVar [[r.SSS.HalfRes:0]]
[2022.03.06-08.49.06:484][  0]LogConfig: Setting CVar [[r.SSGI.Quality:3]]
[2022.03.06-08.49.06:484][  0]LogConfig: Setting CVar [[r.EmitterSpawnRateScale:1.0]]
[2022.03.06-08.49.06:484][  0]LogConfig: Setting CVar [[r.ParticleLightQuality:2]]
[2022.03.06-08.49.06:484][  0]LogConfig: Setting CVar [[r.SkyAtmosphere.AerialPerspectiveLUT.FastApplyOnOpaque:1 ; Always have FastSkyLUT 1 in this case to avoid wrong sky]]
[2022.03.06-08.49.06:484][  0]LogConfig: Setting CVar [[r.SkyAtmosphere.AerialPerspectiveLUT.SampleCountMaxPerSlice:4]]
[2022.03.06-08.49.06:484][  0]LogConfig: Setting CVar [[r.SkyAtmosphere.AerialPerspectiveLUT.DepthResolution:16.0]]
[2022.03.06-08.49.06:484][  0]LogConfig: Setting CVar [[r.SkyAtmosphere.FastSkyLUT:1]]
[2022.03.06-08.49.06:484][  0]LogConfig: Setting CVar [[r.SkyAtmosphere.FastSkyLUT.SampleCountMin:4.0]]
[2022.03.06-08.49.06:484][  0]LogConfig: Setting CVar [[r.SkyAtmosphere.FastSkyLUT.SampleCountMax:128.0]]
[2022.03.06-08.49.06:484][  0]LogConfig: Setting CVar [[r.SkyAtmosphere.SampleCountMin:4.0]]
[2022.03.06-08.49.06:484][  0]LogConfig: Setting CVar [[r.SkyAtmosphere.SampleCountMax:128.0]]
[2022.03.06-08.49.06:484][  0]LogConfig: Setting CVar [[r.SkyAtmosphere.TransmittanceLUT.UseSmallFormat:0]]
[2022.03.06-08.49.06:484][  0]LogConfig: Setting CVar [[r.SkyAtmosphere.TransmittanceLUT.SampleCount:10.0]]
[2022.03.06-08.49.06:484][  0]LogConfig: Setting CVar [[r.SkyAtmosphere.MultiScatteringLUT.SampleCount:15.0]]
[2022.03.06-08.49.06:485][  0]LogConfig: Setting CVar [[r.SkyLight.RealTimeReflectionCapture:1]]
[2022.03.06-08.49.06:485][  0]LogConfig: Applying CVar settings from Section [FoliageQuality@3] File [E:/UE4/Projects/WargamingAcademy/Cyberpunk2022/Saved/Config/Windows/Scalability.ini]
[2022.03.06-08.49.06:485][  0]LogConfig: Setting CVar [[foliage.DensityScale:1.0]]
[2022.03.06-08.49.06:485][  0]LogConfig: Setting CVar [[grass.DensityScale:1.0]]
[2022.03.06-08.49.06:485][  0]LogConfig: Applying CVar settings from Section [ShadingQuality@3] File [E:/UE4/Projects/WargamingAcademy/Cyberpunk2022/Saved/Config/Windows/Scalability.ini]
[2022.03.06-08.49.06:485][  0]LogConfig: Setting CVar [[r.HairStrands.SkyLighting.IntegrationType:2]]
[2022.03.06-08.49.06:485][  0]LogConfig: Setting CVar [[r.HairStrands.SkyAO.SampleCount:4]]
[2022.03.06-08.49.06:485][  0]LogConfig: Setting CVar [[r.HairStrands.Visibility.MSAA.SamplePerPixel:4]]
[2022.03.06-08.49.06:485][  0]LogConfig: Applying CVar settings from Section [Startup] File [../../../Engine/Config/ConsoleVariables.ini]
[2022.03.06-08.49.06:485][  0]LogConfig: Setting CVar [[net.UseAdaptiveNetUpdateFrequency:0]]
[2022.03.06-08.49.06:485][  0]LogConfig: Setting CVar [[p.chaos.AllowCreatePhysxBodies:1]]
[2022.03.06-08.49.06:485][  0]LogConfig: Setting CVar [[fx.SkipVectorVMBackendOptimizations:1]]
[2022.03.06-08.49.06:485][  0]LogConfig: Applying CVar settings from Section [ConsoleVariables] File [E:/UE4/Projects/WargamingAcademy/Cyberpunk2022/Saved/Config/Windows/Engine.ini]
[2022.03.06-08.49.06:485][  0]LogConfig: Applying CVar settings from Section [ConsoleVariables] File [E:/UE4/Projects/WargamingAcademy/Cyberpunk2022/Saved/Config/Windows/Editor.ini]
[2022.03.06-08.49.06:485][  0]LogInit: Computer: DESKTOP-P6OQVGL
[2022.03.06-08.49.06:486][  0]LogInit: User: Artem
[2022.03.06-08.49.06:486][  0]LogInit: CPU Page size=4096, Cores=6
[2022.03.06-08.49.06:486][  0]LogInit: High frequency timer resolution =10.000000 MHz
[2022.03.06-08.49.06:486][  0]LogMemory: Memory total: Physical=15.4GB (16GB approx)
[2022.03.06-08.49.06:486][  0]LogMemory: Platform Memory Stats for Windows
[2022.03.06-08.49.06:486][  0]LogMemory: Process Physical Memory: 145.30 MB used, 145.31 MB peak
[2022.03.06-08.49.06:486][  0]LogMemory: Process Virtual Memory: 127.81 MB used, 127.81 MB peak
[2022.03.06-08.49.06:486][  0]LogMemory: Physical Memory: 11483.27 MB used,  4240.79 MB free, 15724.06 MB total
[2022.03.06-08.49.06:486][  0]LogMemory: Virtual Memory: 134208304.00 MB used,  9425.75 MB free, 134217728.00 MB total
[2022.03.06-08.49.06:496][  0]LogWindows: WindowsPlatformFeatures enabled
[2022.03.06-08.49.06:622][  0]LogInit: Physics initialised using underlying interface: PhysX
[2022.03.06-08.49.06:623][  0]LogInit: Using OS detected language (en-US).
[2022.03.06-08.49.06:623][  0]LogInit: Using OS detected locale (en-US).
[2022.03.06-08.49.06:625][  0]LogTextLocalizationManager: No specific localization for 'en-US' exists, so the 'en' localization will be used.
[2022.03.06-08.49.06:831][  0]LogInit: Setting process to per monitor DPI aware
[2022.03.06-08.49.06:852][  0]LogWindowsTextInputMethodSystem: Display: IME system deactivated.
[2022.03.06-08.49.06:868][  0]LogSlate: New Slate User Created.  User Index 0, Is Virtual User: 0
[2022.03.06-08.49.06:868][  0]LogSlate: Slate User Registered.  User Index 0, Is Virtual User: 0
[2022.03.06-08.49.06:999][  0]LogD3D11RHI: Loaded GFSDK_Aftermath_Lib.x64.dll
[2022.03.06-08.49.07:020][  0]LogHMD: Failed to initialize OpenVR with code 110
[2022.03.06-08.49.07:020][  0]LogD3D11RHI: D3D11 min allowed feature level: 11_0
[2022.03.06-08.49.07:020][  0]LogD3D11RHI: D3D11 max allowed feature level: 11_0
[2022.03.06-08.49.07:020][  0]LogD3D11RHI: D3D11 adapters:
[2022.03.06-08.49.07:136][  0]LogD3D11RHI:    0. 'NVIDIA GeForce RTX 3060 Laptop GPU' (Feature Level 11_0)
[2022.03.06-08.49.07:137][  0]LogD3D11RHI:       6023/0/7862 MB DedicatedVideo/DedicatedSystem/SharedSystem, Outputs:2, VendorId:0x10de
[2022.03.06-08.49.07:193][  0]LogD3D11RHI:    1. 'AMD Radeon(TM) Graphics' (Feature Level 11_0)
[2022.03.06-08.49.07:193][  0]LogD3D11RHI:       496/0/7862 MB DedicatedVideo/DedicatedSystem/SharedSystem, Outputs:0, VendorId:0x1002
[2022.03.06-08.49.07:202][  0]LogD3D11RHI:    2. 'Microsoft Basic Render Driver' (Feature Level 11_0)
[2022.03.06-08.49.07:202][  0]LogD3D11RHI:       0/0/7862 MB DedicatedVideo/DedicatedSystem/SharedSystem, Outputs:0, VendorId:0x1414
[2022.03.06-08.49.07:202][  0]LogD3D11RHI: Chosen D3D11 Adapter:
[2022.03.06-08.49.07:202][  0]LogD3D11RHI:     Description : NVIDIA GeForce RTX 3060 Laptop GPU
[2022.03.06-08.49.07:203][  0]LogD3D11RHI:     VendorId    : 10de
[2022.03.06-08.49.07:203][  0]LogD3D11RHI:     DeviceId    : 2520
[2022.03.06-08.49.07:203][  0]LogD3D11RHI:     SubSysId    : 151f1025
[2022.03.06-08.49.07:203][  0]LogD3D11RHI:     Revision    : 00a1
[2022.03.06-08.49.07:203][  0]LogD3D11RHI:     DedicatedVideoMemory : 6315573248 bytes
[2022.03.06-08.49.07:203][  0]LogD3D11RHI:     DedicatedSystemMemory : 0 bytes
[2022.03.06-08.49.07:203][  0]LogD3D11RHI:     SharedSystemMemory : 8243935232 bytes
[2022.03.06-08.49.07:203][  0]LogD3D11RHI:     AdapterLuid : 0 59592
[2022.03.06-08.49.07:214][  0]LogD3D11RHI: Creating new Direct3DDevice
[2022.03.06-08.49.07:215][  0]LogD3D11RHI:     GPU DeviceId: 0x2520 (for the marketing name, search the web for "GPU Device Id")
[2022.03.06-08.49.07:215][  0]LogWindows: EnumDisplayDevices:
[2022.03.06-08.49.07:215][  0]LogWindows:    0. 'AMD Radeon(TM) Graphics' (P:1 D:1)
[2022.03.06-08.49.07:215][  0]LogWindows:    1. 'AMD Radeon(TM) Graphics' (P:0 D:0)
[2022.03.06-08.49.07:215][  0]LogWindows:    2. 'AMD Radeon(TM) Graphics' (P:0 D:0)
[2022.03.06-08.49.07:216][  0]LogWindows:    3. 'NVIDIA GeForce RTX 3060 Laptop GPU' (P:0 D:1)
[2022.03.06-08.49.07:216][  0]LogWindows: DebugString: PrimaryIsNotTheChoosenAdapter PrimaryIsNotTheChoosenAdapter PrimaryIsNotTheChoosenAdapter 
[2022.03.06-08.49.07:216][  0]LogD3D11RHI:     Adapter Name: NVIDIA GeForce RTX 3060 Laptop GPU
[2022.03.06-08.49.07:216][  0]LogD3D11RHI:   Driver Version: 497.09 (internal:30.0.14.9709, unified:497.09)
[2022.03.06-08.49.07:216][  0]LogD3D11RHI:      Driver Date: 11-26-2021
[2022.03.06-08.49.07:216][  0]LogRHI: Texture pool is 4216 MB (70% of 6023 MB)
[2022.03.06-08.49.07:216][  0]LogD3D11RHI: Creating D3DDevice using adapter:
[2022.03.06-08.49.07:216][  0]LogD3D11RHI:     Description : NVIDIA GeForce RTX 3060 Laptop GPU
[2022.03.06-08.49.07:216][  0]LogD3D11RHI:     VendorId    : 10de
[2022.03.06-08.49.07:216][  0]LogD3D11RHI:     DeviceId    : 2520
[2022.03.06-08.49.07:217][  0]LogD3D11RHI:     SubSysId    : 151f1025
[2022.03.06-08.49.07:217][  0]LogD3D11RHI:     Revision    : 00a1
[2022.03.06-08.49.07:217][  0]LogD3D11RHI:     DedicatedVideoMemory : 6315573248 bytes
[2022.03.06-08.49.07:217][  0]LogD3D11RHI:     DedicatedSystemMemory : 0 bytes
[2022.03.06-08.49.07:217][  0]LogD3D11RHI:     SharedSystemMemory : 8243935232 bytes
[2022.03.06-08.49.07:217][  0]LogD3D11RHI:     AdapterLuid : 0 59592
[2022.03.06-08.49.07:295][  0]LogD3D11RHI: RHI has support for 64 bit atomics
[2022.03.06-08.49.07:295][  0]LogD3D11RHI: Async texture creation enabled
[2022.03.06-08.49.07:295][  0]LogD3D11RHI: Array index from any shader is supported
[2022.03.06-08.49.07:321][  0]LogD3D11RHI: GPU Timing Frequency: 1000.000000 (Debug: 2 1)
[2022.03.06-08.49.07:354][  0]LogRHI: GeForceNow SDK initialized: 1
[2022.03.06-08.49.07:651][  0]LogTargetPlatformManager: Display: Loaded TargetPlatform 'AllDesktop'
[2022.03.06-08.49.07:676][  0]LogTargetPlatformManager: Display: Loaded TargetPlatform 'Android'
[2022.03.06-08.49.07:676][  0]LogTargetPlatformManager: Display: Loaded TargetPlatform 'Android_ASTC'
[2022.03.06-08.49.07:676][  0]LogTargetPlatformManager: Display: Loaded TargetPlatform 'Android_DXT'
[2022.03.06-08.49.07:677][  0]LogTargetPlatformManager: Display: Loaded TargetPlatform 'Android_ETC2'
[2022.03.06-08.49.07:677][  0]LogTargetPlatformManager: Display: Loaded TargetPlatform 'AndroidClient'
[2022.03.06-08.49.07:677][  0]LogTargetPlatformManager: Display: Loaded TargetPlatform 'Android_ASTCClient'
[2022.03.06-08.49.07:677][  0]LogTargetPlatformManager: Display: Loaded TargetPlatform 'Android_DXTClient'
[2022.03.06-08.49.07:677][  0]LogTargetPlatformManager: Display: Loaded TargetPlatform 'Android_ETC2Client'
[2022.03.06-08.49.07:677][  0]LogTargetPlatformManager: Display: Loaded TargetPlatform 'Android_Multi'
[2022.03.06-08.49.07:677][  0]LogTargetPlatformManager: Display: Loaded TargetPlatform 'Android_MultiClient'
[2022.03.06-08.49.07:702][  0]LogTargetPlatformManager: Display: Loaded TargetPlatform 'IOSClient'
[2022.03.06-08.49.07:702][  0]LogTargetPlatformManager: Display: Loaded TargetPlatform 'IOS'
[2022.03.06-08.49.07:712][  0]LogTargetPlatformManager: Display: Loaded TargetPlatform 'Linux'
[2022.03.06-08.49.07:718][  0]LogTargetPlatformManager: Display: Loaded TargetPlatform 'LinuxNoEditor'
[2022.03.06-08.49.07:725][  0]LogTargetPlatformManager: Display: Loaded TargetPlatform 'LinuxClient'
[2022.03.06-08.49.07:731][  0]LogTargetPlatformManager: Display: Loaded TargetPlatform 'LinuxServer'
[2022.03.06-08.49.07:740][  0]LogTargetPlatformManager: Display: Loaded TargetPlatform 'LinuxAArch64NoEditor'
[2022.03.06-08.49.07:746][  0]LogTargetPlatformManager: Display: Loaded TargetPlatform 'LinuxAArch64Client'
[2022.03.06-08.49.07:753][  0]LogTargetPlatformManager: Display: Loaded TargetPlatform 'LinuxAArch64Server'
[2022.03.06-08.49.07:780][  0]LogTargetPlatformManager: Display: Loaded TargetPlatform 'Lumin'
[2022.03.06-08.49.07:780][  0]LogTargetPlatformManager: Display: Loaded TargetPlatform 'LuminClient'
[2022.03.06-08.49.07:788][  0]LogTargetPlatformManager: Display: Loaded TargetPlatform 'MacNoEditor'
[2022.03.06-08.49.07:794][  0]LogTargetPlatformManager: Display: Loaded TargetPlatform 'Mac'
[2022.03.06-08.49.07:800][  0]LogTargetPlatformManager: Display: Loaded TargetPlatform 'MacClient'
[2022.03.06-08.49.07:805][  0]LogTargetPlatformManager: Display: Loaded TargetPlatform 'MacServer'
[2022.03.06-08.49.07:814][  0]LogTargetPlatformManager: Display: Loaded TargetPlatform 'TVOSClient'
[2022.03.06-08.49.07:814][  0]LogTargetPlatformManager: Display: Loaded TargetPlatform 'TVOS'
[2022.03.06-08.49.07:823][  0]LogTargetPlatformManager: Display: Loaded TargetPlatform 'WindowsNoEditor'
[2022.03.06-08.49.07:830][  0]LogTargetPlatformManager: Display: Loaded TargetPlatform 'Windows'
[2022.03.06-08.49.07:836][  0]LogTargetPlatformManager: Display: Loaded TargetPlatform 'WindowsClient'
[2022.03.06-08.49.07:843][  0]LogTargetPlatformManager: Display: Loaded TargetPlatform 'WindowsServer'
[2022.03.06-08.49.07:844][  0]LogTargetPlatformManager: Display: Building Assets For Windows
[2022.03.06-08.49.07:856][  0]LogAudioDebug: Display: Lib vorbis DLL was dynamically loaded.
[2022.03.06-08.49.07:898][  0]LogTextureFormatOodle: Display: Oodle Texture 2.9.0 init RDO Off
[2022.03.06-08.49.07:945][  0]LogRendererCore: Ray tracing is disabled. Reason: r.RayTracing=0.
[2022.03.06-08.49.07:945][  0]LogShaderCompilers: Guid format shader working directory is -6 characters bigger than the processId version (../../../../Projects/WargamingAcademy/Cyberpunk2022/Intermediate/Shaders/WorkingDirectory/22232/).
[2022.03.06-08.49.07:945][  0]LogShaderCompilers: Cleaned the shader compiler working directory 'C:/Users/Artem/AppData/Local/Temp/UnrealShaderWorkingDir/0319DEFB418FE75AC39F09A6F199141E/'.
[2022.03.06-08.49.07:945][  0]LogXGEController: Cannot use XGE Controller as Incredibuild is not installed on this machine.
[2022.03.06-08.49.07:945][  0]LogShaderCompilers: Cannot use XGE Shader Compiler as Incredibuild is not installed on this machine.
[2022.03.06-08.49.07:945][  0]LogShaderCompilers: Display: Using Local Shader Compiler.
[2022.03.06-08.49.08:602][  0]LogDerivedDataCache: Display: Max Cache Size: 512 MB
[2022.03.06-08.49.08:674][  0]LogDerivedDataCache: Loaded boot cache 0.07s 103MB C:/Users/Artem/AppData/Local/UnrealEngine/4.27/DerivedDataCache/Boot.ddc.
[2022.03.06-08.49.08:674][  0]LogDerivedDataCache: Display: Loaded Boot cache: C:/Users/Artem/AppData/Local/UnrealEngine/4.27/DerivedDataCache/Boot.ddc
[2022.03.06-08.49.08:674][  0]LogDerivedDataCache: FDerivedDataBackendGraph:  Pak pak cache file ../../../../Projects/WargamingAcademy/Cyberpunk2022/DerivedDataCache/DDC.ddp not found, will not use a pak cache.
[2022.03.06-08.49.08:674][  0]LogDerivedDataCache: Unable to find inner node Pak for hierarchical cache Hierarchy.
[2022.03.06-08.49.08:674][  0]LogDerivedDataCache: FDerivedDataBackendGraph:  CompressedPak pak cache file ../../../../Projects/WargamingAcademy/Cyberpunk2022/DerivedDataCache/Compressed.ddp not found, will not use a pak cache.
[2022.03.06-08.49.08:674][  0]LogDerivedDataCache: Unable to find inner node CompressedPak for hierarchical cache Hierarchy.
[2022.03.06-08.49.08:691][  0]LogDerivedDataCache: Display: Pak cache opened for reading ../../../Engine/DerivedDataCache/Compressed.ddp.
[2022.03.06-08.49.08:691][  0]LogDerivedDataCache: FDerivedDataBackendGraph:  EnterprisePak pak cache file ../../../Enterprise/DerivedDataCache/Compressed.ddp not found, will not use a pak cache.
[2022.03.06-08.49.08:691][  0]LogDerivedDataCache: Unable to find inner node EnterprisePak for hierarchical cache Hierarchy.
[2022.03.06-08.49.08:698][  0]LogDerivedDataCache: Speed tests for C:/Users/Artem/AppData/Local/UnrealEngine/Common/DerivedDataCache took 0.01 seconds
[2022.03.06-08.49.08:699][  0]LogDerivedDataCache: Display: Performance to C:/Users/Artem/AppData/Local/UnrealEngine/Common/DerivedDataCache: Latency=0.03ms. RandomReadSpeed=1489.65MBs, RandomWriteSpeed=145.01MBs. Assigned SpeedClass 'Local'
[2022.03.06-08.49.08:702][  0]LogDerivedDataCache: Using Local data cache path C:/Users/Artem/AppData/Local/UnrealEngine/Common/DerivedDataCache: Writable
[2022.03.06-08.49.08:702][  0]LogDerivedDataCache: Shared data cache path not found in *engine.ini, will not use an Shared cache.
[2022.03.06-08.49.08:702][  0]LogDerivedDataCache: Unable to find inner node Shared for hierarchical cache Hierarchy.
[2022.03.06-08.49.08:743][  0]LogSlate: Using FreeType 2.10.0
[2022.03.06-08.49.08:743][  0]LogSlate: SlateFontServices - WITH_FREETYPE: 1, WITH_HARFBUZZ: 1
[2022.03.06-08.49.08:767][  0]LogAssetRegistry: FAssetRegistry took 0.0037 seconds to start up
[2022.03.06-08.49.08:982][  0]LogInit: Selected Device Profile: [Windows]
[2022.03.06-08.49.08:982][  0]LogInit: Active device profile: [0000020F50D08D00][0000020F4846E200 49] Windows
[2022.03.06-08.49.08:982][  0]LogInit: Profiles: [0000020F50D08D00][0000020F4846E200 49] Windows, [0000020F50CC6300][0000020F48476380 49] WindowsNoEditor, [0000020F50D09C00][0000020F4847A500 49] WindowsServer, [0000020F50CC7100][0000020F48472640 49] WindowsClient, [0000020F50D0A900][0000020F4847E780 49] IOS, [0000020F50CC5A00][0000020F484828C0 49] iPadAir, [0000020F50D0BE00][0000020F47108A40 49] iPadAir2, [0000020F50C71100][0000020F47110D00 49] IPadPro, [0000020F50C71200][0000020F4710CD40 49] iPadAir3, [0000020F50CC4C00][0000020F47114EC0 49] iPadAir4, [0000020F50C71E00][0000020F47119040 49] iPadMini2, [0000020F50CC7300][0000020F4711D1C0 49] iPadMini3, [0000020F50C73900][0000020F482C9340 49] iPadMini4, [0000020F50CC5000][0000020F482CD4C0 49] iPadMini5, [0000020F50C78900][0000020F482D5780 49] iPhone6, [0000020F50C78A00][0000020F482D17C0 49] iPodTouch6, [0000020F50D0AE00][0000020F482DDA80 49] iPhone7, [0000020F50D0AF00][0000020F482D9AC0 49] iPodTouch7, [0000020F50C73E00][0000020F482E00C0 49] iPhone5S, [0000020F50D09100][0000020F482E4240 49] iPhone6Plus, [0000020F50C78100][0000020F482E83C0 49] iPhone6S, [0000020F50C70300][0000020F482EC540 49] iPhone6SPlus, [0000020F50C7A800][0000020F482F06C0 49] iPhone7Plus, [0000020F50C72300][0000020F47104800 49] iPhoneSE, [0000020F50C7A600][0000020F482F4940 49] iPhone8, [0000020F50C71000][0000020F482F8A80 49] iPhone8Plus, [0000020F50C7B100][0000020F482FCBC0 49] iPhoneX, [0000020F50D09500][0000020F48304D40 49] iPhoneXS, [0000020F50C7AB00][0000020F48308EC0 49] iPhoneXSMax, [0000020F50D08700][0000020F4830D040 49] iPhoneXR, [0000020F50C78700][0000020F4D5A71C0 49] iPhone11, [0000020F50D08E00][0000020F4D5AB340 49] iPhone11Pro, [0000020F50C79A00][0000020F4D5AF4C0 49] iPhone11ProMax, [0000020F50D0B800][0000020F4D5B3640 49] iPhoneSE2, [0000020F50C7B800][0000020F4D5B77C0 49] iPhone12Mini, [0000020F50D0A300][0000020F4D5BB940 49] iPhone12, [0000020F50C7A300][0000020F4D5BFAC0 49] iPhone12Pro, [0000020F50D08500][0000020F4D5C20C0 49] iPhone12ProMax, [0000020F50C79500][0000020F4D5C6240 49] iPadPro105, [0000020F50D08A00][0000020F4D5CA3C0 49] iPadPro129, [0000020F50C7BD00][0000020F4D5CE540 49] iPadPro97, [0000020F50D09200][0000020F4D5D26C0 49] iPadPro2_129, [0000020F50C7AA00][0000020F4D5DA840 49] iPad5, [0000020F50D09D00][0000020F48300980 49] iPad6, [0000020F50C79300][0000020F4FEFCAC0 49] iPad7, [0000020F50D0BA00][0000020F4D5D6C00 49] iPad8, [0000020F50C78300][0000020F4D4AED40 49] iPadPro11, [0000020F50D08100][0000020F4D4B6EC0 49] iPadPro2_11, [0000020F50C79600][0000020F484EB040 49] iPadPro3_129, [0000020F50D0B300][0000020F4850F1C0 49] iPadPro4_129, [0000020F50C79000][0000020F48513340 49] AppleTV, [0000020F50D09B00][0000020F4EAEF4C0 49] AppleTV4K, [0000020F50C7B200][0000020F4EAF3640 49] TVOS, [0000020F50D0BB00][0000020F4EAF77C0 49] Mac, [0000020F50C7B700][0000020F4EAFB940 49] MacClient, [0000020F50D0BF00][0000020F4D4BBAC0 49] MacNoEditor, [0000020F50C7B000][0000020F4D4CE0C0 49] MacServer, [0000020F50D0AC00][0000020F4D4D2240 49] Linux, [0000020F50C79D00][0000020F4D4D63C0 49] LinuxAArch64, [0000020F50D0AA00][0000020F4D4DA540 49] LinuxNoEditor, [0000020F50C7B900][0000020F4D4DE6C0 49] LinuxAArch64NoEditor, [0000020F50D0B100][0000020F4D4E2840 49] LinuxClient, [0000020F50C7AF00][0000020F4C8A69C0 49] LinuxAArch64Client, [0000020F50D0B200][0000020F4FC8CB40 49] LinuxServer, [0000020F50C7BF00][0000020F4D4B2C80 49] LinuxAArch64Server, [0000020F50D08200][0000020F4FCE6DC0 49] Android, [0000020F50C78500][0000020F4FCEAF00 49] Android_Low, [0000020F50D0A200][0000020F4FCF3080 49] Android_Mid, [0000020F50C7BB00][0000020F4FCF7200 49] Android_High, [0000020F50D0A000][0000020F4FCFB380 49] Android_Default, [0000020F50C7B300][0000020F4FCFF500 49] Android_Adreno4xx, [0000020F50D0B700][0000020F4FD33680 49] Android_Adreno5xx_Low, [0000020F50C78B00][0000020F4FD47800 49] Android_Adreno5xx, [0000020F50D0A600][0000020F4FD8F980 49] Android_Adreno6xx, [0000020F50CC4500][0000020F4FD93B00 49] Android_Adreno6xx_Vulkan, [0000020F50C71300][0000020F4FD96100 49] Android_Mali_T6xx, [0000020F50CC7E00][0000020F4FD9A280 49] Android_Mali_T7xx, [0000020F50C73300][0000020F4FD9E400 49] Android_Mali_T8xx, [0000020F50CC6E00][0000020F4FDA2580 49] Android_Mali_G71, [0000020F50C72800][0000020F4FDA6700 49] Android_Mali_G72, [0000020F50CC5400][0000020F4FDAA880 49] Android_Mali_G72_Vulkan, [0000020F50C71500][0000020F4FDAEA00 49] Android_Mali_G76, [0000020F50CC7A00][0000020F51150B80 49] Android_Mali_G76_Vulkan, [0000020F50C72C00][0000020F51154D00 49] Android_Mali_G77, [0000020F50CC7600][0000020F4FCEEE40 49] Android_Mali_G77_Vulkan, [0000020F50C71700][0000020F51158F80 49] Android_Mali_G78, [0000020F50CC6200][0000020F5115D0C0 49] Android_Mali_G78_Vulkan, [0000020F50C70B00][0000020F51165240 49] Android_Mali_G710, [0000020F50CC4300][0000020F511693C0 49] Android_Mali_G710_Vulkan, [0000020F50C70200][0000020F5116D540 49] Android_Vulkan_SM5, [0000020F50CC4800][0000020F511716C0 49] Android_PowerVR_G6xxx, [0000020F50C72500][0000020F484A5840 49] Android_PowerVR_GT7xxx, [0000020F50CC4E00][0000020F484E19C0 49] Android_PowerVR_GE8xxx, [0000020F50C71400][0000020F484E5B40 49] Android_PowerVR_GM9xxx, [0000020F50CC7400][0000020F48502140 49] Android_PowerVR_GM9xxx_Vulkan, [0000020F50C70600][0000020F485062C0 49] Android_TegraK1, [0000020F50CC5E00][0000020F4850A440 49] Android_Unknown_Vulkan, [0000020F50C72100][0000020F4EAD05C0 49] Lumin, [0000020F50CC5100][0000020F4EAD4740 49] Lumin_Desktop, [0000020F50C73400][0000020F4EAD88C0 49] HoloLens, 
[2022.03.06-08.49.09:101][  0]LogMeshReduction: Using QuadricMeshReduction for automatic static mesh reduction
[2022.03.06-08.49.09:101][  0]LogMeshReduction: Using SimplygonMeshReduction for automatic skeletal mesh reduction
[2022.03.06-08.49.09:101][  0]LogMeshReduction: Using ProxyLODMeshReduction for automatic mesh merging
[2022.03.06-08.49.09:101][  0]LogMeshReduction: No distributed automatic mesh merging module available
[2022.03.06-08.49.09:101][  0]LogMeshMerging: No distributed automatic mesh merging module available
[2022.03.06-08.49.09:115][  0]LogNetVersion: Cyberpunk2022 1.0.0, NetCL: 17155196, EngineNetVer: 17, GameNetVer: 0 (Checksum: 1028016206)
[2022.03.06-08.49.09:413][  0]LogTexture: Default maximum texture size for cubemaps generated from long-lat sources has been changed from 512 to unlimited. In order to preserve old behaiour for '/Engine/MapTemplates/Sky/DaylightAmbientCubemap.DaylightAmbientCubemap', its maximum texture size has been explicitly set to 512.
[2022.03.06-08.49.09:469][  0]LogHMD: PokeAHoleMaterial loaded successfully
[2022.03.06-08.49.09:474][  0]LogUObjectArray: 17178 objects as part of root set at end of initial load.
[2022.03.06-08.49.09:474][  0]LogUObjectAllocator: 4302048 out of 0 bytes used by permanent object pool.
[2022.03.06-08.49.09:474][  0]LogUObjectArray: CloseDisregardForGC: 0/0 objects in disregard for GC pool
[2022.03.06-08.49.09:764][  0]LogNiagaraDebuggerClient: Niagara Debugger Client Initialized | Session: 72D8BC5E42C05E9089DDD79467E7D9A3 | Instance: C7A0C41443E307153FCBFD814614295F (DESKTOP-P6OQVGL-22232).
[2022.03.06-08.49.09:897][  0]LogTcpMessaging: Initializing TcpMessaging bridge
[2022.03.06-08.49.09:903][  0]LogUdpMessaging: Initializing bridge on interface 0.0.0.0:0 to multicast group 230.0.0.1:6666.
[2022.03.06-08.49.09:923][  0]LogPython: Using Python 3.7.7
[2022.03.06-08.49.10:816][  0]SourceControl: Source control is disabled
[2022.03.06-08.49.10:816][  0]SourceControl: Source control is disabled
[2022.03.06-08.49.10:822][  0]SourceControl: Source control is disabled
[2022.03.06-08.49.10:824][  0]SourceControl: Source control is disabled
[2022.03.06-08.49.10:833][  0]SourceControl: Source control is disabled
[2022.03.06-08.49.10:841][  0]LogUProjectInfo: Found projects:
[2022.03.06-08.49.10:993][  0]LogOpenImageDenoise: OIDN starting up
[2022.03.06-08.49.11:021][  0]LogAndroidPermission: UAndroidPermissionCallbackProxy::GetInstance
[2022.03.06-08.49.11:048][  0]LogAudioCaptureCore: Display: No Audio Capture implementations found. Audio input will be silent.
[2022.03.06-08.49.11:048][  0]LogAudioCaptureCore: Display: No Audio Capture implementations found. Audio input will be silent.
[2022.03.06-08.49.11:201][  0]LogCollectionManager: Loaded 0 collections in 0.000972 seconds
[2022.03.06-08.49.11:231][  0]LogFileCache: Scanning file cache for directory 'E:/UE4/Projects/WargamingAcademy/Cyberpunk2022/Saved/Collections/' took 0.00s
[2022.03.06-08.49.11:231][  0]LogFileCache: Scanning file cache for directory 'E:/UE4/Projects/WargamingAcademy/Cyberpunk2022/Content/Developers/Artem/Collections/' took 0.00s
[2022.03.06-08.49.11:231][  0]LogFileCache: Scanning file cache for directory 'E:/UE4/Projects/WargamingAcademy/Cyberpunk2022/Content/Collections/' took 0.00s
[2022.03.06-08.49.11:231][  0]LogOcInput: OculusInput pre-init called
[2022.03.06-08.49.11:426][  0]LogClass: Warning: ObjectProperty FUDecalStruct::Material is not initialized properly. Module:Cyberpunk2022 File:DecalStruct.h
[2022.03.06-08.49.11:427][  0]LogClass: Display: 1 Uninitialized script struct members found including 1 object properties
[2022.03.06-08.49.11:427][  0]LogAutomationTest: Warning: ObjectProperty FUDecalStruct::Material is not initialized properly. Module:Cyberpunk2022 File:DecalStruct.h
[2022.03.06-08.49.11:428][  0]LogEngine: Initializing Engine...
[2022.03.06-08.49.11:431][  0]LogHMD: Failed to enumerate extensions. Please check that you have a valid OpenXR runtime installed.
[2022.03.06-08.49.11:431][  0]LogHMD: Failed to initialize OpenVR with code 110
[2022.03.06-08.49.11:431][  0]LogMagicLeap: Warning: VR disabled because ZI is not enabled.  To enable, in the editor, Edit -> Project Settings -> Plugins -> Magic Leap Plugin -> Enable Zero Iteration
[2022.03.06-08.49.11:432][  0]LogStats: UGameplayTagsManager::InitializeManager -  0.000 s
[2022.03.06-08.49.11:542][  0]LogInit: Initializing FReadOnlyCVARCache
[2022.03.06-08.49.11:551][  0]LogAIModule: Creating AISystem for world Untitled
[2022.03.06-08.49.11:551][  0]LogAudio: Display: Initializing Audio Device Manager...
[2022.03.06-08.49.11:555][  0]LogAudio: Display: Loading Default Audio Settings Objects...
[2022.03.06-08.49.11:555][  0]LogAudio: Display: No default SoundConcurrencyObject specified (or failed to load).
[2022.03.06-08.49.11:556][  0]LogAudio: Display: Audio Device Manager Initialized
[2022.03.06-08.49.11:556][  0]LogAudio: Display: Creating Audio Device:                 Id: 1, Scope: Shared, Realtime: True
[2022.03.06-08.49.11:556][  0]LogAudioMixer: Display: Audio Mixer Platform Settings:
[2022.03.06-08.49.11:556][  0]LogAudioMixer: Display: 	Sample Rate:						  48000
[2022.03.06-08.49.11:556][  0]LogAudioMixer: Display: 	Callback Buffer Frame Size Requested: 1024
[2022.03.06-08.49.11:556][  0]LogAudioMixer: Display: 	Callback Buffer Frame Size To Use:	  1024
[2022.03.06-08.49.11:556][  0]LogAudioMixer: Display: 	Number of buffers to queue:			  2
[2022.03.06-08.49.11:556][  0]LogAudioMixer: Display: 	Max Channels (voices):				  32
[2022.03.06-08.49.11:556][  0]LogAudioMixer: Display: 	Number of Async Source Workers:		  0
[2022.03.06-08.49.11:556][  0]LogAudio: Display: AudioDevice MaxSources: 32
[2022.03.06-08.49.11:557][  0]LogAudio: Display: Audio Spatialization Plugin: None (built-in).
[2022.03.06-08.49.11:557][  0]LogAudio: Display: Audio Reverb Plugin: None (built-in).
[2022.03.06-08.49.11:557][  0]LogAudio: Display: Audio Occlusion Plugin: None (built-in).
[2022.03.06-08.49.11:557][  0]LogAudioMixer: Display: Initializing audio mixer.
[2022.03.06-08.49.11:568][  0]LogAudioMixer: Display: 0: FrontLeft
[2022.03.06-08.49.11:569][  0]LogAudioMixer: Display: 1: FrontRight
[2022.03.06-08.49.11:666][  0]LogAudioMixer: Display: Using Audio Device Headphones (Realtek(R) Audio)
[2022.03.06-08.49.11:672][  0]LogAudioMixer: Display: Initializing Sound Submixes...
[2022.03.06-08.49.11:674][  0]LogAudioMixer: Display: Creating Master Submix 'MasterSubmixDefault'
[2022.03.06-08.49.11:674][  0]LogAudioMixer: Display: Creating Master Submix 'MasterReverbSubmixDefault'
[2022.03.06-08.49.11:675][  0]LogAudioMixer: Display: Creating Master Submix 'MasterEQSubmixDefault'
[2022.03.06-08.49.11:675][  0]LogAudioMixer: FMixerPlatformXAudio2::StartAudioStream() called
[2022.03.06-08.49.11:675][  0]LogAudioMixer: Display: Output buffers initialized: Frames=1024, Channels=2, Samples=2048
[2022.03.06-08.49.11:677][  0]LogAudioMixer: Display: Starting AudioMixerPlatformInterface::RunInternal()
[2022.03.06-08.49.11:677][  0]LogAudioMixer: Display: FMixerPlatformXAudio2::SubmitBuffer() called for the first time
[2022.03.06-08.49.11:677][  0]LogInit: FAudioDevice initialized.
[2022.03.06-08.49.11:677][  0]LogAudio: Display: Audio Device (ID: 1) registered with world 'Untitled'.
[2022.03.06-08.49.11:677][  0]LogNetVersion: Set ProjectVersion to 1.0.0.0. Version Checksum will be recalculated on next use.
[2022.03.06-08.49.11:735][  0]LogDerivedDataCache: Saved boot cache 0.06s 103MB C:/Users/Artem/AppData/Local/UnrealEngine/4.27/DerivedDataCache/Boot.ddc.
[2022.03.06-08.49.11:736][  0]LogInit: Texture streaming: Enabled
[2022.03.06-08.49.11:752][  0]LogAnalytics: Display: [UEEditor.Rocket.Release] APIServer = https://datarouter.ol.epicgames.com/. AppVersion = 4.27.2-18319896+++UE4+Release-4.27
[2022.03.06-08.49.11:757][  0]LogEngineSessionManager: EngineSessionManager initialized
[2022.03.06-08.49.11:757][  0]LogEditorSessionSummary: Verbose: Initializing EditorSessionSummaryWriter for editor session tracking
[2022.03.06-08.49.11:758][  0]LogEditorSessionSummary: EditorSessionSummaryWriter initialized
[2022.03.06-08.49.11:784][  0]LogInit: Transaction tracking system initialized
[2022.03.06-08.49.11:814][  0]BlueprintLog: New page: Editor Load
[2022.03.06-08.49.11:898][  0]LocalizationService: Localization service is disabled
[2022.03.06-08.49.11:929][  0]TimingProfiler: Initialize
[2022.03.06-08.49.11:929][  0]TimingProfiler: OnSessionChanged
[2022.03.06-08.49.11:929][  0]LoadingProfiler: Initialize
[2022.03.06-08.49.11:929][  0]LoadingProfiler: OnSessionChanged
[2022.03.06-08.49.11:929][  0]NetworkingProfiler: Initialize
[2022.03.06-08.49.11:929][  0]NetworkingProfiler: OnSessionChanged
[2022.03.06-08.49.11:930][  0]MemoryProfiler: Initialize
[2022.03.06-08.49.11:930][  0]MemoryProfiler: OnSessionChanged
[2022.03.06-08.49.12:062][  0]LogCook: Display: CookSettings for Memory: MemoryMaxUsedVirtual 0MiB, MemoryMaxUsedPhysical 16384MiB, MemoryMinFreeVirtual 0MiB, MemoryMinFreePhysical 1024MiB
[2022.03.06-08.49.12:062][  0]LogCook: Display: Mobile HDR setting 1
[2022.03.06-08.49.12:330][  0]LogFileCache: Scanning file cache for directory 'E:/UE4/Projects/WargamingAcademy/Cyberpunk2022/Content/' took 0.02s
[2022.03.06-08.49.12:505][  0]LogInit: Display: Engine is initialized. Leaving FEngineLoop::Init()
[2022.03.06-08.49.12:508][  0]SourceControl: Source control is disabled
[2022.03.06-08.49.12:508][  0]LogUnrealEdMisc: Loading editor; pre map load, took 7.651
[2022.03.06-08.49.12:508][  0]Cmd: MAP LOAD FILE="../../../../Projects/WargamingAcademy/Cyberpunk2022/Content/FirstPersonCPP/Maps/bloking_new.umap" TEMPLATE=0 SHOWPROGRESS=1 FEATURELEVEL=3
[2022.03.06-08.49.12:509][  0]LightingResults: New page: Lighting Build
[2022.03.06-08.49.12:510][  0]LogWorld: UWorld::CleanupWorld for Untitled, bSessionEnded=true, bCleanupResources=true
[2022.03.06-08.49.12:510][  0]LogSlate: InvalidateAllWidgets triggered.  All widgets were invalidated
[2022.03.06-08.49.12:511][  0]MapCheck: New page: Map Check
[2022.03.06-08.49.12:511][  0]LightingResults: New page: Lighting Build
[2022.03.06-08.49.12:516][  0]LogAudio: Display: Audio Device unregistered from world 'None'.
[2022.03.06-08.49.12:521][  0]LogUObjectHash: Compacting FUObjectHashTables data took   0.95ms
[2022.03.06-08.49.12:728][  0]LogAudio: Display: Audio Device (ID: 1) registered with world 'bloking_new'.
[2022.03.06-08.49.12:731][  0]LogAIModule: Creating AISystem for world bloking_new
[2022.03.06-08.49.12:771][  0]LogEditorServer: Finished looking for orphan Actors (0.000 secs)
[2022.03.06-08.49.12:802][  0]LogUObjectHash: Compacting FUObjectHashTables data took   1.11ms
[2022.03.06-08.49.12:802][  0]Cmd: MAP CHECKDEP NOCLEARLOG
[2022.03.06-08.49.12:803][  0]MapCheck: Map check complete: 0 Error(s), 0 Warning(s), took 0.173ms to complete.
[2022.03.06-08.49.12:803][  0]LogFileHelpers: Loading map 'bloking_new' took 0.294
[2022.03.06-08.49.12:805][  0]LogUnrealEdMisc: Total Editor Startup Time, took 7.948
[2022.03.06-08.49.12:922][  0]LogSlate: Updating window title bar state: overlay mode, drag disabled, window buttons hidden, title bar hidden
[2022.03.06-08.49.12:929][  0]LogSlate: Updating window title bar state: overlay mode, drag disabled, window buttons hidden, title bar hidden
[2022.03.06-08.49.12:937][  0]LogSlate: Updating window title bar state: overlay mode, drag disabled, window buttons hidden, title bar hidden
[2022.03.06-08.49.12:945][  0]LogSlate: Updating window title bar state: overlay mode, drag disabled, window buttons hidden, title bar hidden
[2022.03.06-08.49.12:961][  0]LogNativeClassHierarchy: Verbose: Native class hierarchy populated in 0.0114 seconds. Added 3831 classes and 930 folders.
[2022.03.06-08.49.12:963][  0]LogNativeClassHierarchy: Verbose: Native class hierarchy updated for 'WidgetCarousel' in 0.0003 seconds. Added 0 classes and 0 folders.
[2022.03.06-08.49.12:965][  0]LogPakFile: PakFile PrimaryIndexSize=187
[2022.03.06-08.49.12:965][  0]LogPakFile: PakFile PathHashIndexSize=101
[2022.03.06-08.49.12:965][  0]LogPakFile: PakFile FullDirectoryIndexSize=148
[2022.03.06-08.49.12:965][  0]LogShaderLibrary: Display: ShaderCodeLibraryPakFileMountedCallback: PakFile 'E:/UE4/UE_4.27/FeaturePacks/FP_FirstPerson.upack' (chunk index -1, root 'root:/') mounted
[2022.03.06-08.49.12:965][  0]LogShaderLibrary: Display: ShaderCodeLibraryPakFileMountedCallback: pending pak file info (ChunkID:-1 Root:root:/ File:E:/UE4/UE_4.27/FeaturePacks/FP_FirstPerson.upack)
[2022.03.06-08.49.12:965][  0]LogPakFile: OnPakFileMounted2Time == 0.000166
[2022.03.06-08.49.12:966][  0]LogPakFile: PakFile PrimaryIndexSize=189
[2022.03.06-08.49.12:966][  0]LogPakFile: PakFile PathHashIndexSize=101
[2022.03.06-08.49.12:966][  0]LogPakFile: PakFile FullDirectoryIndexSize=152
[2022.03.06-08.49.12:966][  0]LogShaderLibrary: Display: ShaderCodeLibraryPakFileMountedCallback: PakFile 'E:/UE4/UE_4.27/FeaturePacks/FP_FirstPersonBP.upack' (chunk index -1, root 'root:/') mounted
[2022.03.06-08.49.12:966][  0]LogShaderLibrary: Display: ShaderCodeLibraryPakFileMountedCallback: pending pak file info (ChunkID:-1 Root:root:/ File:E:/UE4/UE_4.27/FeaturePacks/FP_FirstPersonBP.upack)
[2022.03.06-08.49.12:966][  0]LogPakFile: OnPakFileMounted2Time == 0.000140
[2022.03.06-08.49.12:967][  0]LogPakFile: PakFile PrimaryIndexSize=191
[2022.03.06-08.49.12:967][  0]LogPakFile: PakFile PathHashIndexSize=101
[2022.03.06-08.49.12:967][  0]LogPakFile: PakFile FullDirectoryIndexSize=160
[2022.03.06-08.49.12:967][  0]LogShaderLibrary: Display: ShaderCodeLibraryPakFileMountedCallback: PakFile 'E:/UE4/UE_4.27/FeaturePacks/MobileStarterContent.upack' (chunk index -1, root 'root:/') mounted
[2022.03.06-08.49.12:967][  0]LogShaderLibrary: Display: ShaderCodeLibraryPakFileMountedCallback: pending pak file info (ChunkID:-1 Root:root:/ File:E:/UE4/UE_4.27/FeaturePacks/MobileStarterContent.upack)
[2022.03.06-08.49.12:967][  0]LogPakFile: OnPakFileMounted2Time == 0.000117
[2022.03.06-08.49.12:967][  0]LogPakFile: PakFile PrimaryIndexSize=185
[2022.03.06-08.49.12:967][  0]LogPakFile: PakFile PathHashIndexSize=101
[2022.03.06-08.49.12:968][  0]LogPakFile: PakFile FullDirectoryIndexSize=148
[2022.03.06-08.49.12:968][  0]LogShaderLibrary: Display: ShaderCodeLibraryPakFileMountedCallback: PakFile 'E:/UE4/UE_4.27/FeaturePacks/StarterContent.upack' (chunk index -1, root 'root:/') mounted
[2022.03.06-08.49.12:968][  0]LogShaderLibrary: Display: ShaderCodeLibraryPakFileMountedCallback: pending pak file info (ChunkID:-1 Root:root:/ File:E:/UE4/UE_4.27/FeaturePacks/StarterContent.upack)
[2022.03.06-08.49.12:968][  0]LogPakFile: OnPakFileMounted2Time == 0.000151
[2022.03.06-08.49.12:968][  0]LogPakFile: PakFile PrimaryIndexSize=190
[2022.03.06-08.49.12:968][  0]LogPakFile: PakFile PathHashIndexSize=101
[2022.03.06-08.49.12:968][  0]LogPakFile: PakFile FullDirectoryIndexSize=154
[2022.03.06-08.49.12:968][  0]LogShaderLibrary: Display: ShaderCodeLibraryPakFileMountedCallback: PakFile 'E:/UE4/UE_4.27/FeaturePacks/TP_2DSideScroller.upack' (chunk index -1, root 'root:/') mounted
[2022.03.06-08.49.12:968][  0]LogShaderLibrary: Display: ShaderCodeLibraryPakFileMountedCallback: pending pak file info (ChunkID:-1 Root:root:/ File:E:/UE4/UE_4.27/FeaturePacks/TP_2DSideScroller.upack)
[2022.03.06-08.49.12:968][  0]LogPakFile: OnPakFileMounted2Time == 0.000093
[2022.03.06-08.49.12:969][  0]LogPakFile: PakFile PrimaryIndexSize=192
[2022.03.06-08.49.12:969][  0]LogPakFile: PakFile PathHashIndexSize=101
[2022.03.06-08.49.12:969][  0]LogPakFile: PakFile FullDirectoryIndexSize=158
[2022.03.06-08.49.12:969][  0]LogShaderLibrary: Display: ShaderCodeLibraryPakFileMountedCallback: PakFile 'E:/UE4/UE_4.27/FeaturePacks/TP_2DSideScrollerBP.upack' (chunk index -1, root 'root:/') mounted
[2022.03.06-08.49.12:969][  0]LogShaderLibrary: Display: ShaderCodeLibraryPakFileMountedCallback: pending pak file info (ChunkID:-1 Root:root:/ File:E:/UE4/UE_4.27/FeaturePacks/TP_2DSideScrollerBP.upack)
[2022.03.06-08.49.12:969][  0]LogPakFile: OnPakFileMounted2Time == 0.000089
[2022.03.06-08.49.12:969][  0]LogPakFile: PakFile PrimaryIndexSize=182
[2022.03.06-08.49.12:969][  0]LogPakFile: PakFile PathHashIndexSize=101
[2022.03.06-08.49.12:969][  0]LogPakFile: PakFile FullDirectoryIndexSize=138
[2022.03.06-08.49.12:969][  0]LogShaderLibrary: Display: ShaderCodeLibraryPakFileMountedCallback: PakFile 'E:/UE4/UE_4.27/FeaturePacks/TP_Flying.upack' (chunk index -1, root 'root:/') mounted
[2022.03.06-08.49.12:970][  0]LogShaderLibrary: Display: ShaderCodeLibraryPakFileMountedCallback: pending pak file info (ChunkID:-1 Root:root:/ File:E:/UE4/UE_4.27/FeaturePacks/TP_Flying.upack)
[2022.03.06-08.49.12:970][  0]LogPakFile: OnPakFileMounted2Time == 0.000094
[2022.03.06-08.49.12:970][  0]LogPakFile: PakFile PrimaryIndexSize=184
[2022.03.06-08.49.12:970][  0]LogPakFile: PakFile PathHashIndexSize=101
[2022.03.06-08.49.12:970][  0]LogPakFile: PakFile FullDirectoryIndexSize=142
[2022.03.06-08.49.12:970][  0]LogShaderLibrary: Display: ShaderCodeLibraryPakFileMountedCallback: PakFile 'E:/UE4/UE_4.27/FeaturePacks/TP_FlyingBP.upack' (chunk index -1, root 'root:/') mounted
[2022.03.06-08.49.12:970][  0]LogShaderLibrary: Display: ShaderCodeLibraryPakFileMountedCallback: pending pak file info (ChunkID:-1 Root:root:/ File:E:/UE4/UE_4.27/FeaturePacks/TP_FlyingBP.upack)
[2022.03.06-08.49.12:970][  0]LogPakFile: OnPakFileMounted2Time == 0.000095
[2022.03.06-08.49.12:971][  0]LogPakFile: PakFile PrimaryIndexSize=188
[2022.03.06-08.49.12:971][  0]LogPakFile: PakFile PathHashIndexSize=101
[2022.03.06-08.49.12:971][  0]LogPakFile: PakFile FullDirectoryIndexSize=150
[2022.03.06-08.49.12:971][  0]LogShaderLibrary: Display: ShaderCodeLibraryPakFileMountedCallback: PakFile 'E:/UE4/UE_4.27/FeaturePacks/TP_HandheldARBP.upack' (chunk index -1, root 'root:/') mounted
[2022.03.06-08.49.12:971][  0]LogShaderLibrary: Display: ShaderCodeLibraryPakFileMountedCallback: pending pak file info (ChunkID:-1 Root:root:/ File:E:/UE4/UE_4.27/FeaturePacks/TP_HandheldARBP.upack)
[2022.03.06-08.49.12:971][  0]LogPakFile: OnPakFileMounted2Time == 0.000112
[2022.03.06-08.49.12:971][  0]LogPakFile: PakFile PrimaryIndexSize=182
[2022.03.06-08.49.12:972][  0]LogPakFile: PakFile PathHashIndexSize=101
[2022.03.06-08.49.12:972][  0]LogPakFile: PakFile FullDirectoryIndexSize=138
[2022.03.06-08.49.12:972][  0]LogShaderLibrary: Display: ShaderCodeLibraryPakFileMountedCallback: PakFile 'E:/UE4/UE_4.27/FeaturePacks/TP_Puzzle.upack' (chunk index -1, root 'root:/') mounted
[2022.03.06-08.49.12:972][  0]LogShaderLibrary: Display: ShaderCodeLibraryPakFileMountedCallback: pending pak file info (ChunkID:-1 Root:root:/ File:E:/UE4/UE_4.27/FeaturePacks/TP_Puzzle.upack)
[2022.03.06-08.49.12:972][  0]LogPakFile: OnPakFileMounted2Time == 0.000122
[2022.03.06-08.49.12:972][  0]LogPakFile: PakFile PrimaryIndexSize=184
[2022.03.06-08.49.12:972][  0]LogPakFile: PakFile PathHashIndexSize=101
[2022.03.06-08.49.12:972][  0]LogPakFile: PakFile FullDirectoryIndexSize=142
[2022.03.06-08.49.12:972][  0]LogShaderLibrary: Display: ShaderCodeLibraryPakFileMountedCallback: PakFile 'E:/UE4/UE_4.27/FeaturePacks/TP_PuzzleBP.upack' (chunk index -1, root 'root:/') mounted
[2022.03.06-08.49.12:973][  0]LogShaderLibrary: Display: ShaderCodeLibraryPakFileMountedCallback: pending pak file info (ChunkID:-1 Root:root:/ File:E:/UE4/UE_4.27/FeaturePacks/TP_PuzzleBP.upack)
[2022.03.06-08.49.12:973][  0]LogPakFile: OnPakFileMounted2Time == 0.000116
[2022.03.06-08.49.12:973][  0]LogPakFile: PakFile PrimaryIndexSize=183
[2022.03.06-08.49.12:973][  0]LogPakFile: PakFile PathHashIndexSize=101
[2022.03.06-08.49.12:973][  0]LogPakFile: PakFile FullDirectoryIndexSize=140
[2022.03.06-08.49.12:973][  0]LogShaderLibrary: Display: ShaderCodeLibraryPakFileMountedCallback: PakFile 'E:/UE4/UE_4.27/FeaturePacks/TP_Rolling.upack' (chunk index -1, root 'root:/') mounted
[2022.03.06-08.49.12:973][  0]LogShaderLibrary: Display: ShaderCodeLibraryPakFileMountedCallback: pending pak file info (ChunkID:-1 Root:root:/ File:E:/UE4/UE_4.27/FeaturePacks/TP_Rolling.upack)
[2022.03.06-08.49.12:973][  0]LogPakFile: OnPakFileMounted2Time == 0.000089
[2022.03.06-08.49.12:974][  0]LogPakFile: PakFile PrimaryIndexSize=185
[2022.03.06-08.49.12:974][  0]LogPakFile: PakFile PathHashIndexSize=101
[2022.03.06-08.49.12:974][  0]LogPakFile: PakFile FullDirectoryIndexSize=144
[2022.03.06-08.49.12:974][  0]LogShaderLibrary: Display: ShaderCodeLibraryPakFileMountedCallback: PakFile 'E:/UE4/UE_4.27/FeaturePacks/TP_RollingBP.upack' (chunk index -1, root 'root:/') mounted
[2022.03.06-08.49.12:974][  0]LogShaderLibrary: Display: ShaderCodeLibraryPakFileMountedCallback: pending pak file info (ChunkID:-1 Root:root:/ File:E:/UE4/UE_4.27/FeaturePacks/TP_RollingBP.upack)
[2022.03.06-08.49.12:974][  0]LogPakFile: OnPakFileMounted2Time == 0.000112
[2022.03.06-08.49.12:974][  0]LogPakFile: PakFile PrimaryIndexSize=188
[2022.03.06-08.49.12:975][  0]LogPakFile: PakFile PathHashIndexSize=101
[2022.03.06-08.49.12:975][  0]LogPakFile: PakFile FullDirectoryIndexSize=150
[2022.03.06-08.49.12:975][  0]LogShaderLibrary: Display: ShaderCodeLibraryPakFileMountedCallback: PakFile 'E:/UE4/UE_4.27/FeaturePacks/TP_SideScroller.upack' (chunk index -1, root 'root:/') mounted
[2022.03.06-08.49.12:975][  0]LogShaderLibrary: Display: ShaderCodeLibraryPakFileMountedCallback: pending pak file info (ChunkID:-1 Root:root:/ File:E:/UE4/UE_4.27/FeaturePacks/TP_SideScroller.upack)
[2022.03.06-08.49.12:975][  0]LogPakFile: OnPakFileMounted2Time == 0.000104
[2022.03.06-08.49.12:975][  0]LogPakFile: PakFile PrimaryIndexSize=190
[2022.03.06-08.49.12:975][  0]LogPakFile: PakFile PathHashIndexSize=101
[2022.03.06-08.49.12:975][  0]LogPakFile: PakFile FullDirectoryIndexSize=154
[2022.03.06-08.49.12:975][  0]LogShaderLibrary: Display: ShaderCodeLibraryPakFileMountedCallback: PakFile 'E:/UE4/UE_4.27/FeaturePacks/TP_SideScrollerBP.upack' (chunk index -1, root 'root:/') mounted
[2022.03.06-08.49.12:975][  0]LogShaderLibrary: Display: ShaderCodeLibraryPakFileMountedCallback: pending pak file info (ChunkID:-1 Root:root:/ File:E:/UE4/UE_4.27/FeaturePacks/TP_SideScrollerBP.upack)
[2022.03.06-08.49.12:976][  0]LogPakFile: OnPakFileMounted2Time == 0.000107
[2022.03.06-08.49.12:976][  0]LogPakFile: PakFile PrimaryIndexSize=187
[2022.03.06-08.49.12:976][  0]LogPakFile: PakFile PathHashIndexSize=101
[2022.03.06-08.49.12:976][  0]LogPakFile: PakFile FullDirectoryIndexSize=148
[2022.03.06-08.49.12:976][  0]LogShaderLibrary: Display: ShaderCodeLibraryPakFileMountedCallback: PakFile 'E:/UE4/UE_4.27/FeaturePacks/TP_ThirdPerson.upack' (chunk index -1, root 'root:/') mounted
[2022.03.06-08.49.12:976][  0]LogShaderLibrary: Display: ShaderCodeLibraryPakFileMountedCallback: pending pak file info (ChunkID:-1 Root:root:/ File:E:/UE4/UE_4.27/FeaturePacks/TP_ThirdPerson.upack)
[2022.03.06-08.49.12:976][  0]LogPakFile: OnPakFileMounted2Time == 0.000094
[2022.03.06-08.49.12:977][  0]LogPakFile: PakFile PrimaryIndexSize=189
[2022.03.06-08.49.12:977][  0]LogPakFile: PakFile PathHashIndexSize=101
[2022.03.06-08.49.12:977][  0]LogPakFile: PakFile FullDirectoryIndexSize=152
[2022.03.06-08.49.12:977][  0]LogShaderLibrary: Display: ShaderCodeLibraryPakFileMountedCallback: PakFile 'E:/UE4/UE_4.27/FeaturePacks/TP_ThirdPersonBP.upack' (chunk index -1, root 'root:/') mounted
[2022.03.06-08.49.12:977][  0]LogShaderLibrary: Display: ShaderCodeLibraryPakFileMountedCallback: pending pak file info (ChunkID:-1 Root:root:/ File:E:/UE4/UE_4.27/FeaturePacks/TP_ThirdPersonBP.upack)
[2022.03.06-08.49.12:977][  0]LogPakFile: OnPakFileMounted2Time == 0.000099
[2022.03.06-08.49.12:977][  0]LogPakFile: PakFile PrimaryIndexSize=183
[2022.03.06-08.49.12:977][  0]LogPakFile: PakFile PathHashIndexSize=101
[2022.03.06-08.49.12:977][  0]LogPakFile: PakFile FullDirectoryIndexSize=140
[2022.03.06-08.49.12:977][  0]LogShaderLibrary: Display: ShaderCodeLibraryPakFileMountedCallback: PakFile 'E:/UE4/UE_4.27/FeaturePacks/TP_TopDown.upack' (chunk index -1, root 'root:/') mounted
[2022.03.06-08.49.12:977][  0]LogShaderLibrary: Display: ShaderCodeLibraryPakFileMountedCallback: pending pak file info (ChunkID:-1 Root:root:/ File:E:/UE4/UE_4.27/FeaturePacks/TP_TopDown.upack)
[2022.03.06-08.49.12:977][  0]LogPakFile: OnPakFileMounted2Time == 0.000090
[2022.03.06-08.49.12:978][  0]LogPakFile: PakFile PrimaryIndexSize=185
[2022.03.06-08.49.12:978][  0]LogPakFile: PakFile PathHashIndexSize=101
[2022.03.06-08.49.12:978][  0]LogPakFile: PakFile FullDirectoryIndexSize=144
[2022.03.06-08.49.12:978][  0]LogShaderLibrary: Display: ShaderCodeLibraryPakFileMountedCallback: PakFile 'E:/UE4/UE_4.27/FeaturePacks/TP_TopDownBP.upack' (chunk index -1, root 'root:/') mounted
[2022.03.06-08.49.12:978][  0]LogShaderLibrary: Display: ShaderCodeLibraryPakFileMountedCallback: pending pak file info (ChunkID:-1 Root:root:/ File:E:/UE4/UE_4.27/FeaturePacks/TP_TopDownBP.upack)
[2022.03.06-08.49.12:978][  0]LogPakFile: OnPakFileMounted2Time == 0.000099
[2022.03.06-08.49.12:978][  0]LogPakFile: PakFile PrimaryIndexSize=185
[2022.03.06-08.49.12:978][  0]LogPakFile: PakFile PathHashIndexSize=101
[2022.03.06-08.49.12:979][  0]LogPakFile: PakFile FullDirectoryIndexSize=144
[2022.03.06-08.49.12:979][  0]LogShaderLibrary: Display: ShaderCodeLibraryPakFileMountedCallback: PakFile 'E:/UE4/UE_4.27/FeaturePacks/TP_TwinStick.upack' (chunk index -1, root 'root:/') mounted
[2022.03.06-08.49.12:979][  0]LogShaderLibrary: Display: ShaderCodeLibraryPakFileMountedCallback: pending pak file info (ChunkID:-1 Root:root:/ File:E:/UE4/UE_4.27/FeaturePacks/TP_TwinStick.upack)
[2022.03.06-08.49.12:979][  0]LogPakFile: OnPakFileMounted2Time == 0.000130
[2022.03.06-08.49.12:979][  0]LogPakFile: PakFile PrimaryIndexSize=187
[2022.03.06-08.49.12:979][  0]LogPakFile: PakFile PathHashIndexSize=101
[2022.03.06-08.49.12:979][  0]LogPakFile: PakFile FullDirectoryIndexSize=148
[2022.03.06-08.49.12:979][  0]LogShaderLibrary: Display: ShaderCodeLibraryPakFileMountedCallback: PakFile 'E:/UE4/UE_4.27/FeaturePacks/TP_TwinStickBP.upack' (chunk index -1, root 'root:/') mounted
[2022.03.06-08.49.12:979][  0]LogShaderLibrary: Display: ShaderCodeLibraryPakFileMountedCallback: pending pak file info (ChunkID:-1 Root:root:/ File:E:/UE4/UE_4.27/FeaturePacks/TP_TwinStickBP.upack)
[2022.03.06-08.49.12:979][  0]LogPakFile: OnPakFileMounted2Time == 0.000093
[2022.03.06-08.49.12:980][  0]LogPakFile: PakFile PrimaryIndexSize=183
[2022.03.06-08.49.12:980][  0]LogPakFile: PakFile PathHashIndexSize=101
[2022.03.06-08.49.12:980][  0]LogPakFile: PakFile FullDirectoryIndexSize=140
[2022.03.06-08.49.12:980][  0]LogShaderLibrary: Display: ShaderCodeLibraryPakFileMountedCallback: PakFile 'E:/UE4/UE_4.27/FeaturePacks/TP_Vehicle.upack' (chunk index -1, root 'root:/') mounted
[2022.03.06-08.49.12:980][  0]LogShaderLibrary: Display: ShaderCodeLibraryPakFileMountedCallback: pending pak file info (ChunkID:-1 Root:root:/ File:E:/UE4/UE_4.27/FeaturePacks/TP_Vehicle.upack)
[2022.03.06-08.49.12:980][  0]LogPakFile: OnPakFileMounted2Time == 0.000122
[2022.03.06-08.49.12:981][  0]LogPakFile: PakFile PrimaryIndexSize=186
[2022.03.06-08.49.12:981][  0]LogPakFile: PakFile PathHashIndexSize=101
[2022.03.06-08.49.12:981][  0]LogPakFile: PakFile FullDirectoryIndexSize=146
[2022.03.06-08.49.12:981][  0]LogShaderLibrary: Display: ShaderCodeLibraryPakFileMountedCallback: PakFile 'E:/UE4/UE_4.27/FeaturePacks/TP_VehicleAdv.upack' (chunk index -1, root 'root:/') mounted
[2022.03.06-08.49.12:981][  0]LogShaderLibrary: Display: ShaderCodeLibraryPakFileMountedCallback: pending pak file info (ChunkID:-1 Root:root:/ File:E:/UE4/UE_4.27/FeaturePacks/TP_VehicleAdv.upack)
[2022.03.06-08.49.12:981][  0]LogPakFile: OnPakFileMounted2Time == 0.000112
[2022.03.06-08.49.12:981][  0]LogPakFile: PakFile PrimaryIndexSize=188
[2022.03.06-08.49.12:982][  0]LogPakFile: PakFile PathHashIndexSize=101
[2022.03.06-08.49.12:982][  0]LogPakFile: PakFile FullDirectoryIndexSize=150
[2022.03.06-08.49.12:982][  0]LogShaderLibrary: Display: ShaderCodeLibraryPakFileMountedCallback: PakFile 'E:/UE4/UE_4.27/FeaturePacks/TP_VehicleAdvBP.upack' (chunk index -1, root 'root:/') mounted
[2022.03.06-08.49.12:982][  0]LogShaderLibrary: Display: ShaderCodeLibraryPakFileMountedCallback: pending pak file info (ChunkID:-1 Root:root:/ File:E:/UE4/UE_4.27/FeaturePacks/TP_VehicleAdvBP.upack)
[2022.03.06-08.49.12:982][  0]LogPakFile: OnPakFileMounted2Time == 0.000092
[2022.03.06-08.49.12:982][  0]LogPakFile: PakFile PrimaryIndexSize=185
[2022.03.06-08.49.12:982][  0]LogPakFile: PakFile PathHashIndexSize=101
[2022.03.06-08.49.12:982][  0]LogPakFile: PakFile FullDirectoryIndexSize=144
[2022.03.06-08.49.12:982][  0]LogShaderLibrary: Display: ShaderCodeLibraryPakFileMountedCallback: PakFile 'E:/UE4/UE_4.27/FeaturePacks/TP_VehicleBP.upack' (chunk index -1, root 'root:/') mounted
[2022.03.06-08.49.12:982][  0]LogShaderLibrary: Display: ShaderCodeLibraryPakFileMountedCallback: pending pak file info (ChunkID:-1 Root:root:/ File:E:/UE4/UE_4.27/FeaturePacks/TP_VehicleBP.upack)
[2022.03.06-08.49.12:982][  0]LogPakFile: OnPakFileMounted2Time == 0.000079
[2022.03.06-08.49.12:983][  0]LogPakFile: PakFile PrimaryIndexSize=192
[2022.03.06-08.49.12:983][  0]LogPakFile: PakFile PathHashIndexSize=101
[2022.03.06-08.49.12:983][  0]LogPakFile: PakFile FullDirectoryIndexSize=158
[2022.03.06-08.49.12:983][  0]LogShaderLibrary: Display: ShaderCodeLibraryPakFileMountedCallback: PakFile 'E:/UE4/UE_4.27/FeaturePacks/TP_VirtualRealityBP.upack' (chunk index -1, root 'root:/') mounted
[2022.03.06-08.49.12:983][  0]LogShaderLibrary: Display: ShaderCodeLibraryPakFileMountedCallback: pending pak file info (ChunkID:-1 Root:root:/ File:E:/UE4/UE_4.27/FeaturePacks/TP_VirtualRealityBP.upack)
[2022.03.06-08.49.12:983][  0]LogPakFile: OnPakFileMounted2Time == 0.000083
[2022.03.06-08.49.13:016][  0]LogNativeClassHierarchy: Verbose: Native class hierarchy updated for 'AddContentDialog' in 0.0006 seconds. Added 0 classes and 0 folders.
[2022.03.06-08.49.13:018][  0]LogNativeClassHierarchy: Verbose: Native class hierarchy updated for 'SceneOutliner' in 0.0003 seconds. Added 2 classes and 0 folders.
[2022.03.06-08.49.13:090][  0]LogSlate: Took 0.000161 seconds to synchronously load lazily loaded font '../../../Engine/Content/Slate/Fonts/Roboto-Regular.ttf' (155K)
[2022.03.06-08.49.13:091][  0]LogSlate: Took 0.000136 seconds to synchronously load lazily loaded font '../../../Engine/Content/Editor/Slate/Fonts/FontAwesome.ttf' (139K)
[2022.03.06-08.49.13:092][  0]LogSlate: Took 0.000083 seconds to synchronously load lazily loaded font '../../../Engine/Content/Slate/Fonts/Roboto-Bold.ttf' (160K)
[2022.03.06-08.49.13:176][  0]LogRenderer: Reallocating scene render targets to support 1256x572 Format 10 NumSamples 1 (Frame:1).
[2022.03.06-08.49.13:223][  0]LogSlate: Took 0.000240 seconds to synchronously load lazily loaded font '../../../Engine/Content/Slate/Fonts/Roboto-Light.ttf' (167K)
[2022.03.06-08.49.13:307][  0]LogNativeClassHierarchy: Verbose: Native class hierarchy updated for 'HierarchicalLODOutliner' in 0.0005 seconds. Added 0 classes and 0 folders.
[2022.03.06-08.49.13:307][  0]LogLoad: (Engine Initialization) Total time: 8.45 seconds
[2022.03.06-08.49.13:308][  0]LogLoad: (Engine Initialization) Total Blueprint compile time: 0.00 seconds
[2022.03.06-08.49.13:391][  0]LogContentStreaming: Texture pool size now 1000 MB
[2022.03.06-08.49.13:412][  1]LogFileCache: Retrieving MD5 hashes for directory 'E:/UE4/Projects/WargamingAcademy/Cyberpunk2022/Content/' took 0.07s
[2022.03.06-08.49.13:419][  1]LogAssetRegistry: Asset discovery search completed in 4.6540 seconds
[2022.03.06-08.49.13:424][  1]LogCollectionManager: Fixed up redirectors for 0 collections in 0.000004 seconds (updated 0 objects)
[2022.03.06-08.49.17:316][ 83]LogTemp: Repeating last play command: New Editor Window (PIE)
[2022.03.06-08.49.17:320][ 83]LogPlayLevel: PlayLevel: No blueprints needed recompiling
[2022.03.06-08.49.17:321][ 83]PIE: New page: PIE session: bloking_new (Mar 6, 2022, 2:49:17 PM)
[2022.03.06-08.49.17:323][ 83]LogOnline: OSS: Creating online subsystem instance for: NULL
[2022.03.06-08.49.17:325][ 83]LogOnline: OSS: TryLoadSubsystemAndSetDefault: Loaded subsystem for module [NULL]
[2022.03.06-08.49.17:325][ 83]LogPlayLevel: Creating play world package: /Game/FirstPersonCPP/Maps/UEDPIE_0_bloking_new
[2022.03.06-08.49.17:395][ 83]LogPlayLevel: PIE: StaticDuplicateObject took: (0.069872s)
[2022.03.06-08.49.17:396][ 83]LogAIModule: Creating AISystem for world bloking_new
[2022.03.06-08.49.17:396][ 83]LogPlayLevel: PIE: World Init took: (0.001415s)
[2022.03.06-08.49.17:397][ 83]LogPlayLevel: PIE: Created PIE world by copying editor world from /Game/FirstPersonCPP/Maps/bloking_new.bloking_new to /Game/FirstPersonCPP/Maps/UEDPIE_0_bloking_new.bloking_new (0.071684s)
[2022.03.06-08.49.17:402][ 83]LogUObjectHash: Compacting FUObjectHashTables data took   0.68ms
[2022.03.06-08.49.17:405][ 83]LogAudio: Display: Creating Audio Device:                 Id: 2, Scope: Unique, Realtime: True
[2022.03.06-08.49.17:405][ 83]LogAudioMixer: Display: Audio Mixer Platform Settings:
[2022.03.06-08.49.17:405][ 83]LogAudioMixer: Display: 	Sample Rate:						  48000
[2022.03.06-08.49.17:405][ 83]LogAudioMixer: Display: 	Callback Buffer Frame Size Requested: 1024
[2022.03.06-08.49.17:405][ 83]LogAudioMixer: Display: 	Callback Buffer Frame Size To Use:	  1024
[2022.03.06-08.49.17:405][ 83]LogAudioMixer: Display: 	Number of buffers to queue:			  2
[2022.03.06-08.49.17:405][ 83]LogAudioMixer: Display: 	Max Channels (voices):				  32
[2022.03.06-08.49.17:406][ 83]LogAudioMixer: Display: 	Number of Async Source Workers:		  0
[2022.03.06-08.49.17:406][ 83]LogAudio: Display: AudioDevice MaxSources: 32
[2022.03.06-08.49.17:406][ 83]LogAudio: Display: Audio Spatialization Plugin: None (built-in).
[2022.03.06-08.49.17:406][ 83]LogAudio: Display: Audio Reverb Plugin: None (built-in).
[2022.03.06-08.49.17:406][ 83]LogAudio: Display: Audio Occlusion Plugin: None (built-in).
[2022.03.06-08.49.17:406][ 83]LogAudioMixer: Display: Initializing audio mixer.
[2022.03.06-08.49.17:408][ 83]LogAudioMixer: Display: 0: FrontLeft
[2022.03.06-08.49.17:408][ 83]LogAudioMixer: Display: 1: FrontRight
[2022.03.06-08.49.17:478][ 83]LogAudioMixer: Display: Using Audio Device Headphones (Realtek(R) Audio)
[2022.03.06-08.49.17:479][ 83]LogAudioMixer: Display: Initializing Sound Submixes...
[2022.03.06-08.49.17:479][ 83]LogAudioMixer: Display: Creating Master Submix 'MasterSubmixDefault'
[2022.03.06-08.49.17:479][ 83]LogAudioMixer: Display: Creating Master Submix 'MasterReverbSubmixDefault'
[2022.03.06-08.49.17:479][ 83]LogAudioMixer: Display: Creating Master Submix 'MasterEQSubmixDefault'
[2022.03.06-08.49.17:479][ 83]LogAudioMixer: FMixerPlatformXAudio2::StartAudioStream() called
[2022.03.06-08.49.17:479][ 83]LogAudioMixer: Display: Output buffers initialized: Frames=1024, Channels=2, Samples=2048
[2022.03.06-08.49.17:481][ 83]LogAudioMixer: Display: Starting AudioMixerPlatformInterface::RunInternal()
[2022.03.06-08.49.17:481][ 83]LogAudioMixer: Display: FMixerPlatformXAudio2::SubmitBuffer() called for the first time
[2022.03.06-08.49.17:481][ 83]LogInit: FAudioDevice initialized.
[2022.03.06-08.49.17:481][ 83]LogAudio: Display: Audio Device (ID: 2) registered with world 'bloking_new'.
[2022.03.06-08.49.17:504][ 83]LogSlate: Updating window title bar state: overlay mode, drag disabled, window buttons hidden, title bar hidden
[2022.03.06-08.49.17:532][ 83]LogLoad: Game class is 'BP_ShooterGameMode_C'
[2022.03.06-08.49.17:550][ 83]LogWorld: Bringing World /Game/FirstPersonCPP/Maps/UEDPIE_0_bloking_new.bloking_new up for play (max tick rate 60) at 2022.03.06-11.49.17
[2022.03.06-08.49.17:551][ 83]LogWorld: Bringing up level for play took: 0.017712
[2022.03.06-08.49.17:551][ 83]LogOnline: OSS: Creating online subsystem instance for: :Context_4
[2022.03.06-08.49.17:555][ 83]LogNativeClassHierarchy: Verbose: Native class hierarchy updated for 'MovieSceneCapture' in 0.0003 seconds. Added 20 classes and 0 folders.
[2022.03.06-08.49.17:560][ 83]PIE: Server logged in
[2022.03.06-08.49.17:561][ 83]PIE: Play in editor total start time 0.241 seconds.
[2022.03.06-08.49.17:616][ 84]LogRenderer: Reallocating scene render targets to support 1912x1008 Format 10 NumSamples 1 (Frame:1).
[2022.03.06-08.49.23:316][423]LogAnimMontage: Warning: JumpToSectionName Reload_SMG bEndOfSection: 0 failed for Montage Reload_Montagne
[2022.03.06-08.49.23:317][423]LogAnimMontage: Warning: Playing a Montage (WeaponReloadMontage) for the wrong Skeleton (SK_AK_new1_Skeleton) instead of (SK_AK_new_Skeleton).
[2022.03.06-08.49.24:907][517]LogSlate: Updating window title bar state: overlay mode, drag disabled, window buttons hidden, title bar hidden
[2022.03.06-08.49.24:907][517]LogWorld: BeginTearingDown for /Game/FirstPersonCPP/Maps/UEDPIE_0_bloking_new
[2022.03.06-08.49.24:908][517]LogSlate: Window 'Cyberpunk2022 Preview [NetMode: Standalone]  (64-bit/Windows) ' being destroyed
[2022.03.06-08.49.24:912][517]LogWorld: UWorld::CleanupWorld for bloking_new, bSessionEnded=true, bCleanupResources=true
[2022.03.06-08.49.24:915][517]LogSlate: InvalidateAllWidgets triggered.  All widgets were invalidated
[2022.03.06-08.49.24:927][517]LogPlayLevel: Display: Shutting down PIE online subsystems
[2022.03.06-08.49.24:930][517]LogSlate: InvalidateAllWidgets triggered.  All widgets were invalidated
[2022.03.06-08.49.24:934][517]LogAudio: Display: Audio Device unregistered from world 'None'.
[2022.03.06-08.49.24:937][517]LogAudioMixer: FMixerPlatformXAudio2::StopAudioStream() called
[2022.03.06-08.49.24:939][517]LogAudioMixer: FMixerPlatformXAudio2::StopAudioStream() called
[2022.03.06-08.49.24:952][517]LogUObjectHash: Compacting FUObjectHashTables data took   1.24ms
[2022.03.06-08.49.25:008][519]LogPlayLevel: Display: Destroying online subsystem :Context_4
