Log file open, 01/16/22 11:01:39
LogWindows: Failed to load 'aqProf.dll' (GetLastError=126)
LogWindows: File 'aqProf.dll' does not exist
LogWindows: Failed to load 'VtuneApi.dll' (GetLastError=126)
LogWindows: File 'VtuneApi.dll' does not exist
LogWindows: Failed to load 'VtuneApi32e.dll' (GetLastError=126)
LogWindows: File 'VtuneApi32e.dll' does not exist
LogConsoleResponse: Display: Failed to find resolution value strings in scalability ini. Falling back to default.
LogConsoleResponse: Display: Failed to find resolution value strings in scalability ini. Falling back to default.
LogInit: Display: Running engine for game: Cyberpunk2022
LogPlatformFile: Not using cached read wrapper
LogTaskGraph: Started task graph with 5 named threads and 35 total threads with 3 sets of task threads.
LogStats: Stats thread started at 0.270673
LogICUInternationalization: ICU TimeZone Detection - Raw Offset: +3:00, Platform Override: ''
LogInit: Display: Loading text-based GConfig....
LogPluginManager: Mounting plugin MeshPainting
LogPluginManager: Mounting plugin XGEController
LogPluginManager: Mounting plugin AISupport
LogPluginManager: Mounting plugin Paper2D
LogPluginManager: Mounting plugin EnvironmentQueryEditor
LogPluginManager: Mounting plugin LiveLink
LogPluginManager: Mounting plugin LightPropagationVolume
LogPluginManager: Mounting plugin CameraShakePreviewer
LogPluginManager: Mounting plugin GameplayCameras
LogPluginManager: Mounting plugin AnimationSharing
LogPluginManager: Mounting plugin CLionSourceCodeAccess
LogPluginManager: Mounting plugin AssetManagerEditor
LogPluginManager: Mounting plugin CryptoKeys
LogPluginManager: Mounting plugin CurveEditorTools
LogPluginManager: Mounting plugin DataValidation
LogPluginManager: Mounting plugin GameplayTagsEditor
LogPluginManager: Mounting plugin GeometryMode
LogPluginManager: Mounting plugin FacialAnimation
LogPluginManager: Mounting plugin MacGraphicsSwitching
LogPluginManager: Mounting plugin MaterialAnalyzer
LogPluginManager: Mounting plugin MobileLauncherProfileWizard
LogPluginManager: Mounting plugin PluginBrowser
LogPluginManager: Mounting plugin OodleData
LogPluginManager: Mounting plugin OodleNetwork
LogPluginManager: Mounting plugin SpeedTreeImporter
LogPluginManager: Mounting plugin DatasmithContent
LogPluginManager: Mounting plugin Niagara
LogPluginManager: Mounting plugin VariantManagerContent
LogPluginManager: Mounting plugin AndroidMedia
LogPluginManager: Mounting plugin LuminPlatformFeatures
LogPluginManager: Mounting plugin MagicLeap
LogPluginManager: Mounting plugin AvfMedia
LogPluginManager: Mounting plugin MagicLeapLightEstimation
LogPluginManager: Mounting plugin MagicLeapMedia
LogPluginManager: Mounting plugin ImgMedia
LogPluginManager: Mounting plugin MagicLeapPassableWorld
LogPluginManager: Mounting plugin MLSDK
LogPluginManager: Mounting plugin MediaCompositing
LogPluginManager: Mounting plugin MediaPlayerEditor
LogPluginManager: Mounting plugin WmfMedia
LogPluginManager: Mounting plugin AlembicImporter
LogPluginManager: Mounting plugin WebMMedia
LogPluginManager: Mounting plugin BackChannel
LogPluginManager: Mounting plugin AutomationUtils
LogPluginManager: Mounting plugin ChaosEditor
LogPluginManager: Mounting plugin ChaosCloth
LogPluginManager: Mounting plugin ChaosClothEditor
LogPluginManager: Mounting plugin ChaosNiagara
LogPluginManager: Mounting plugin ChaosSolverPlugin
LogPluginManager: Mounting plugin CharacterAI
LogPluginManager: Mounting plugin GeometryCache
LogPluginManager: Mounting plugin TcpMessaging
LogPluginManager: Mounting plugin GeometryCollectionPlugin
LogPluginManager: Mounting plugin UdpMessaging
LogPluginManager: Mounting plugin GeometryProcessing
LogPluginManager: Mounting plugin MotoSynth
LogPluginManager: Mounting plugin OpenImageDenoise
LogPluginManager: Mounting plugin PlanarCut
LogPluginManager: Mounting plugin PlatformCrypto
LogPluginManager: Mounting plugin ProxyLODPlugin
LogPluginManager: Mounting plugin PythonScriptPlugin
LogPluginManager: Mounting plugin SkeletalReduction
LogPluginManager: Mounting plugin OnlineSubsystem
LogPluginManager: Mounting plugin OnlineSubsystemNull
LogPluginManager: Mounting plugin OnlineSubsystemUtils
LogPluginManager: Mounting plugin ActorSequence
LogPluginManager: Mounting plugin MatineeToLevelSequence
LogPluginManager: Mounting plugin TemplateSequence
LogPluginManager: Mounting plugin ActorLayerUtilities
LogPluginManager: Mounting plugin LevelSequenceEditor
LogPluginManager: Mounting plugin AndroidMoviePlayer
LogPluginManager: Mounting plugin AndroidDeviceProfileSelector
LogPluginManager: Mounting plugin AndroidPermission
LogPluginManager: Mounting plugin AppleImageUtils
LogPluginManager: Mounting plugin AppleMoviePlayer
LogPluginManager: Mounting plugin ArchVisCharacter
LogPluginManager: Mounting plugin AudioCapture
LogPluginManager: Mounting plugin CableComponent
LogPluginManager: Mounting plugin AssetTags
LogPluginManager: Mounting plugin ChunkDownloader
LogPluginManager: Mounting plugin CustomMeshComponent
LogPluginManager: Mounting plugin ExampleDeviceProfileSelector
LogPluginManager: Mounting plugin EditableMesh
LogPluginManager: Mounting plugin GoogleCloudMessaging
LogPluginManager: Mounting plugin GooglePAD
LogPluginManager: Mounting plugin ScreenshotTools
LogPluginManager: Mounting plugin LauncherChunkInstaller
LogPluginManager: Mounting plugin IOSDeviceProfileSelector
LogPluginManager: Mounting plugin LinuxDeviceProfileSelector
LogPluginManager: Mounting plugin LocationServicesBPLibrary
LogPluginManager: Mounting plugin MobilePatchingUtils
LogPluginManager: Mounting plugin OpenXR
LogPluginManager: Mounting plugin OpenXREyeTracker
LogPluginManager: Mounting plugin OpenXRHandTracking
LogPluginManager: Mounting plugin PhysXVehicles
LogPluginManager: Mounting plugin PostSplashScreen
LogPluginManager: Mounting plugin ProceduralMeshComponent
LogPluginManager: Mounting plugin PropertyAccessEditor
LogPluginManager: Mounting plugin AudioSynesthesia
LogPluginManager: Mounting plugin RuntimePhysXCooking
LogPluginManager: Mounting plugin SignificanceManager
LogPluginManager: Mounting plugin SoundFields
LogPluginManager: Mounting plugin Synthesis
LogPluginManager: Mounting plugin WebMMoviePlayer
LogPluginManager: Mounting plugin Takes
LogPluginManager: Mounting plugin WindowsMoviePlayer
LogPluginManager: Mounting plugin CodeLiteSourceCodeAccess
LogPluginManager: Mounting plugin GitSourceControl
LogPluginManager: Mounting plugin KDevelopSourceCodeAccess
LogPluginManager: Mounting plugin NullSourceCodeAccess
LogPluginManager: Mounting plugin PerforceSourceControl
LogPluginManager: Mounting plugin PlasticSourceControl
LogPluginManager: Mounting plugin PixWinPlugin
LogPluginManager: Mounting plugin PluginUtils
LogPluginManager: Mounting plugin PropertyAccessNode
LogPluginManager: Mounting plugin RiderSourceCodeAccess
LogPluginManager: Mounting plugin TextureFormatOodle
LogPluginManager: Mounting plugin SubversionSourceControl
LogPluginManager: Mounting plugin VisualStudioSourceCodeAccess
LogPluginManager: Mounting plugin UObjectPlugin
LogPluginManager: Mounting plugin XCodeSourceCodeAccess
LogPluginManager: Mounting plugin VisualStudioCodeSourceCodeAccess
LogPluginManager: Mounting plugin ContentBrowserAssetDataSource
LogPluginManager: Mounting plugin ContentBrowserFileDataSource
LogPluginManager: Mounting plugin ContentBrowserClassDataSource
LogPluginManager: Mounting plugin OnlineSubsystemGooglePlay
LogPluginManager: Mounting plugin OnlineSubsystemIOS
LogPluginManager: Mounting plugin OculusVR
LogPluginManager: Mounting plugin SteamVR
LogInit: Using libcurl 7.55.1-DEV
LogInit:  - built for x86_64-pc-win32
LogInit:  - supports SSL with OpenSSL/1.1.1
LogInit:  - supports HTTP deflate (compression) using libz 1.2.8
LogInit:  - other features:
LogInit:      CURL_VERSION_SSL
LogInit:      CURL_VERSION_LIBZ
LogInit:      CURL_VERSION_IPV6
LogInit:      CURL_VERSION_ASYNCHDNS
LogInit:      CURL_VERSION_LARGEFILE
LogInit:      CURL_VERSION_IDN
LogInit:  CurlRequestOptions (configurable via config and command line):
LogInit:  - bVerifyPeer = true  - Libcurl will verify peer certificate
LogInit:  - bUseHttpProxy = false  - Libcurl will NOT use HTTP proxy
LogInit:  - bDontReuseConnections = false  - Libcurl will reuse connections
LogInit:  - MaxHostConnections = 16  - Libcurl will limit the number of connections to a host
LogInit:  - LocalHostAddr = Default
LogInit:  - BufferSize = 65536
LogOnline: OSS: Creating online subsystem instance for: NULL
LogInit: WinSock: version 1.1 (2.2), MaxSocks=32767, MaxUdp=65467
LogOnline: OSS: TryLoadSubsystemAndSetDefault: Loaded subsystem for module [NULL]
PixWinPlugin: PIX capture plugin failed to initialize! Check that the process is launched from PIX.
LogOculusPluginWrapper: OculusPlugin initialized successfully
LogHMD: Failed initializing OVRPlugin 1.59.0
LogInit: Build: ++UE4+Release-4.27-CL-18319896
LogInit: Engine Version: 4.27.2-18319896+++UE4+Release-4.27
LogInit: Compatible Engine Version: 4.27.0-17155196+++UE4+Release-4.27
LogInit: Net CL: 17155196
LogInit: OS: Windows 10 (Release 2009) (), CPU: AMD Ryzen 5 5600H with Radeon Graphics         , GPU: AMD Radeon(TM) Graphics
LogInit: Compiled (64-bit): Nov 30 2021 07:12:08
LogInit: Compiled with Visual C++: 19.24.28315.00
LogInit: Build Configuration: Development
LogInit: Branch Name: ++UE4+Release-4.27
LogInit: Command Line:  -skipcompile
LogInit: Base Directory: E:/UE4/UE_4.27/Engine/Binaries/Win64/
LogInit: Allocator: TBB
LogInit: Installed Engine Build: 1
LogDevObjectVersion: Number of dev versions registered: 29
LogDevObjectVersion:   Dev-Blueprints (B0D832E4-1F89-4F0D-ACCF-7EB736FD4AA2): 10
LogDevObjectVersion:   Dev-Build (E1C64328-A22C-4D53-A36C-8E866417BD8C): 0
LogDevObjectVersion:   Dev-Core (375EC13C-06E4-48FB-B500-84F0262A717E): 4
LogDevObjectVersion:   Dev-Editor (E4B068ED-F494-42E9-A231-DA0B2E46BB41): 40
LogDevObjectVersion:   Dev-Framework (CFFC743F-43B0-4480-9391-14DF171D2073): 37
LogDevObjectVersion:   Dev-Mobile (B02B49B5-BB20-44E9-A304-32B752E40360): 3
LogDevObjectVersion:   Dev-Networking (A4E4105C-59A1-49B5-A7C5-40C4547EDFEE): 0
LogDevObjectVersion:   Dev-Online (39C831C9-5AE6-47DC-9A44-9C173E1C8E7C): 0
LogDevObjectVersion:   Dev-Physics (78F01B33-EBEA-4F98-B9B4-84EACCB95AA2): 14
LogDevObjectVersion:   Dev-Platform (6631380F-2D4D-43E0-8009-CF276956A95A): 0
LogDevObjectVersion:   Dev-Rendering (12F88B9F-8875-4AFC-A67C-D90C383ABD29): 45
LogDevObjectVersion:   Dev-Sequencer (7B5AE74C-D270-4C10-A958-57980B212A5A): 13
LogDevObjectVersion:   Dev-VR (D7296918-1DD6-4BDD-9DE2-64A83CC13884): 3
LogDevObjectVersion:   Dev-LoadTimes (C2A15278-BFE7-4AFE-6C17-90FF531DF755): 1
LogDevObjectVersion:   Private-Geometry (6EACA3D4-40EC-4CC1-B786-8BED09428FC5): 3
LogDevObjectVersion:   Dev-AnimPhys (29E575DD-E0A3-4627-9D10-D276232CDCEA): 17
LogDevObjectVersion:   Dev-Anim (AF43A65D-7FD3-4947-9873-3E8ED9C1BB05): 15
LogDevObjectVersion:   Dev-ReflectionCapture (6B266CEC-1EC7-4B8F-A30B-E4D90942FC07): 1
LogDevObjectVersion:   Dev-Automation (0DF73D61-A23F-47EA-B727-89E90C41499A): 1
LogDevObjectVersion:   FortniteMain (601D1886-AC64-4F84-AA16-D3DE0DEAC7D6): 47
LogDevObjectVersion:   FortniteRelease (E7086368-6B23-4C58-8439-1B7016265E91): 1
LogDevObjectVersion:   Dev-Enterprise (9DFFBCD6-494F-0158-E221-12823C92A888): 10
LogDevObjectVersion:   Dev-Niagara (F2AED0AC-9AFE-416F-8664-AA7FFA26D6FC): 1
LogDevObjectVersion:   Dev-Destruction (174F1F0B-B4C6-45A5-B13F-2EE8D0FB917D): 10
LogDevObjectVersion:   Dev-Physics-Ext (35F94A83-E258-406C-A318-09F59610247C): 41
LogDevObjectVersion:   Dev-PhysicsMaterial-Chaos (B68FC16E-8B1B-42E2-B453-215C058844FE): 1
LogDevObjectVersion:   Dev-CineCamera (B2E18506-4273-CFC2-A54E-F4BB758BBA07): 1
LogDevObjectVersion:   Dev-VirtualProduction (64F58936-FD1B-42BA-BA96-7289D5D0FA4E): 1
LogDevObjectVersion:   Dev-MediaFramework (6F0ED827-A609-4895-9C91-998D90180EA4): 2
LogInit: Presizing for max 25165824 objects, including 0 objects not considered by GC, pre-allocating 0 bytes for permanent pool.
LogConfig: Applying CVar settings from Section [/Script/Engine.StreamingSettings] File [E:/UE4/Projects/WargamingAcademy/Cyberpunk2022/Saved/Config/Windows/Engine.ini]
LogConfig: Setting CVar [[s.MinBulkDataSizeForAsyncLoading:131072]]
LogConfig: Setting CVar [[s.AsyncLoadingThreadEnabled:0]]
LogConfig: Setting CVar [[s.EventDrivenLoaderEnabled:1]]
LogConfig: Setting CVar [[s.WarnIfTimeLimitExceeded:0]]
LogConfig: Setting CVar [[s.TimeLimitExceededMultiplier:1.5]]
LogConfig: Setting CVar [[s.TimeLimitExceededMinTime:0.005]]
LogConfig: Setting CVar [[s.UseBackgroundLevelStreaming:1]]
LogConfig: Setting CVar [[s.PriorityAsyncLoadingExtraTime:15.0]]
LogConfig: Setting CVar [[s.LevelStreamingActorsUpdateTimeLimit:5.0]]
LogConfig: Setting CVar [[s.PriorityLevelStreamingActorsUpdateExtraTime:5.0]]
LogConfig: Setting CVar [[s.LevelStreamingComponentsRegistrationGranularity:10]]
LogConfig: Setting CVar [[s.UnregisterComponentsTimeLimit:1.0]]
LogConfig: Setting CVar [[s.LevelStreamingComponentsUnregistrationGranularity:5]]
LogConfig: Setting CVar [[s.FlushStreamingOnExit:1]]
LogInit: Object subsystem initialized
LogConfig: Setting CVar [[con.DebugEarlyDefault:1]]
LogConfig: Setting CVar [[r.setres:1280x720]]
[2022.01.16-08.01.40:381][  0]LogConfig: Setting CVar [[r.VSync:0]]
[2022.01.16-08.01.40:381][  0]LogConfig: Setting CVar [[r.RHICmdBypass:0]]
[2022.01.16-08.01.40:381][  0]LogConfig: Applying CVar settings from Section [/Script/Engine.RendererSettings] File [E:/UE4/Projects/WargamingAcademy/Cyberpunk2022/Saved/Config/Windows/Engine.ini]
[2022.01.16-08.01.40:381][  0]LogConfig: Setting CVar [[r.GPUCrashDebugging:0]]
[2022.01.16-08.01.40:381][  0]LogConfig: Applying CVar settings from Section [/Script/Engine.RendererOverrideSettings] File [E:/UE4/Projects/WargamingAcademy/Cyberpunk2022/Saved/Config/Windows/Engine.ini]
[2022.01.16-08.01.40:381][  0]LogConfig: Applying CVar settings from Section [/Script/Engine.StreamingSettings] File [E:/UE4/Projects/WargamingAcademy/Cyberpunk2022/Saved/Config/Windows/Engine.ini]
[2022.01.16-08.01.40:381][  0]LogConfig: Setting CVar [[s.MinBulkDataSizeForAsyncLoading:131072]]
[2022.01.16-08.01.40:381][  0]LogConfig: Setting CVar [[s.AsyncLoadingThreadEnabled:0]]
[2022.01.16-08.01.40:381][  0]LogConfig: Setting CVar [[s.EventDrivenLoaderEnabled:1]]
[2022.01.16-08.01.40:381][  0]LogConfig: Setting CVar [[s.WarnIfTimeLimitExceeded:0]]
[2022.01.16-08.01.40:381][  0]LogConfig: Setting CVar [[s.TimeLimitExceededMultiplier:1.5]]
[2022.01.16-08.01.40:381][  0]LogConfig: Setting CVar [[s.TimeLimitExceededMinTime:0.005]]
[2022.01.16-08.01.40:381][  0]LogConfig: Setting CVar [[s.UseBackgroundLevelStreaming:1]]
[2022.01.16-08.01.40:381][  0]LogConfig: Setting CVar [[s.PriorityAsyncLoadingExtraTime:15.0]]
[2022.01.16-08.01.40:381][  0]LogConfig: Setting CVar [[s.LevelStreamingActorsUpdateTimeLimit:5.0]]
[2022.01.16-08.01.40:381][  0]LogConfig: Setting CVar [[s.PriorityLevelStreamingActorsUpdateExtraTime:5.0]]
[2022.01.16-08.01.40:381][  0]LogConfig: Setting CVar [[s.LevelStreamingComponentsRegistrationGranularity:10]]
[2022.01.16-08.01.40:381][  0]LogConfig: Setting CVar [[s.UnregisterComponentsTimeLimit:1.0]]
[2022.01.16-08.01.40:381][  0]LogConfig: Setting CVar [[s.LevelStreamingComponentsUnregistrationGranularity:5]]
[2022.01.16-08.01.40:381][  0]LogConfig: Setting CVar [[s.FlushStreamingOnExit:1]]
[2022.01.16-08.01.40:382][  0]LogConfig: Applying CVar settings from Section [/Script/Engine.GarbageCollectionSettings] File [E:/UE4/Projects/WargamingAcademy/Cyberpunk2022/Saved/Config/Windows/Engine.ini]
[2022.01.16-08.01.40:382][  0]LogConfig: Setting CVar [[gc.MaxObjectsNotConsideredByGC:1]]
[2022.01.16-08.01.40:382][  0]LogConfig: Setting CVar [[gc.SizeOfPermanentObjectPool:0]]
[2022.01.16-08.01.40:382][  0]LogConfig: Setting CVar [[gc.FlushStreamingOnGC:0]]
[2022.01.16-08.01.40:382][  0]LogConfig: Setting CVar [[gc.NumRetriesBeforeForcingGC:10]]
[2022.01.16-08.01.40:382][  0]LogConfig: Setting CVar [[gc.AllowParallelGC:1]]
[2022.01.16-08.01.40:382][  0]LogConfig: Setting CVar [[gc.TimeBetweenPurgingPendingKillObjects:61.1]]
[2022.01.16-08.01.40:382][  0]LogConfig: Setting CVar [[gc.MaxObjectsInEditor:25165824]]
[2022.01.16-08.01.40:382][  0]LogConfig: Setting CVar [[gc.IncrementalBeginDestroyEnabled:1]]
[2022.01.16-08.01.40:382][  0]LogConfig: Setting CVar [[gc.CreateGCClusters:1]]
[2022.01.16-08.01.40:382][  0]LogConfig: Setting CVar [[gc.MinGCClusterSize:5]]
[2022.01.16-08.01.40:382][  0]LogConfig: Setting CVar [[gc.ActorClusteringEnabled:0]]
[2022.01.16-08.01.40:382][  0]LogConfig: Setting CVar [[gc.BlueprintClusteringEnabled:0]]
[2022.01.16-08.01.40:382][  0]LogConfig: Setting CVar [[gc.UseDisregardForGCOnDedicatedServers:0]]
[2022.01.16-08.01.40:382][  0]LogConfig: Setting CVar [[gc.MultithreadedDestructionEnabled:1]]
[2022.01.16-08.01.40:382][  0]LogConfig: Applying CVar settings from Section [/Script/Engine.NetworkSettings] File [E:/UE4/Projects/WargamingAcademy/Cyberpunk2022/Saved/Config/Windows/Engine.ini]
[2022.01.16-08.01.40:382][  0]LogConfig: Applying CVar settings from Section [/Script/UnrealEd.CookerSettings] File [E:/UE4/Projects/WargamingAcademy/Cyberpunk2022/Saved/Config/Windows/Engine.ini]
[2022.01.16-08.01.40:387][  0]LogConfig: Applying CVar settings from Section [ViewDistanceQuality@3] File [E:/UE4/Projects/WargamingAcademy/Cyberpunk2022/Saved/Config/Windows/Scalability.ini]
[2022.01.16-08.01.40:387][  0]LogConfig: Setting CVar [[r.SkeletalMeshLODBias:0]]
[2022.01.16-08.01.40:387][  0]LogConfig: Setting CVar [[r.ViewDistanceScale:1.0]]
[2022.01.16-08.01.40:387][  0]LogConfig: Applying CVar settings from Section [AntiAliasingQuality@3] File [E:/UE4/Projects/WargamingAcademy/Cyberpunk2022/Saved/Config/Windows/Scalability.ini]
[2022.01.16-08.01.40:387][  0]LogConfig: Setting CVar [[r.PostProcessAAQuality:4]]
[2022.01.16-08.01.40:387][  0]LogConfig: Applying CVar settings from Section [ShadowQuality@3] File [E:/UE4/Projects/WargamingAcademy/Cyberpunk2022/Saved/Config/Windows/Scalability.ini]
[2022.01.16-08.01.40:387][  0]LogConfig: Setting CVar [[r.LightFunctionQuality:1]]
[2022.01.16-08.01.40:387][  0]LogConfig: Setting CVar [[r.ShadowQuality:5]]
[2022.01.16-08.01.40:387][  0]LogConfig: Setting CVar [[r.Shadow.CSM.MaxCascades:10]]
[2022.01.16-08.01.40:387][  0]LogConfig: Setting CVar [[r.Shadow.MaxResolution:2048]]
[2022.01.16-08.01.40:387][  0]LogConfig: Setting CVar [[r.Shadow.MaxCSMResolution:2048]]
[2022.01.16-08.01.40:387][  0]LogConfig: Setting CVar [[r.Shadow.RadiusThreshold:0.01]]
[2022.01.16-08.01.40:387][  0]LogConfig: Setting CVar [[r.Shadow.DistanceScale:1.0]]
[2022.01.16-08.01.40:387][  0]LogConfig: Setting CVar [[r.Shadow.CSM.TransitionScale:1.0]]
[2022.01.16-08.01.40:387][  0]LogConfig: Setting CVar [[r.Shadow.PreShadowResolutionFactor:1.0]]
[2022.01.16-08.01.40:388][  0]LogConfig: Setting CVar [[r.DistanceFieldShadowing:1]]
[2022.01.16-08.01.40:388][  0]LogConfig: Setting CVar [[r.DistanceFieldAO:1]]
[2022.01.16-08.01.40:388][  0]LogConfig: Setting CVar [[r.AOQuality:2]]
[2022.01.16-08.01.40:388][  0]LogConfig: Setting CVar [[r.VolumetricFog:1]]
[2022.01.16-08.01.40:388][  0]LogConfig: Setting CVar [[r.VolumetricFog.GridPixelSize:8]]
[2022.01.16-08.01.40:388][  0]LogConfig: Setting CVar [[r.VolumetricFog.GridSizeZ:128]]
[2022.01.16-08.01.40:388][  0]LogConfig: Setting CVar [[r.VolumetricFog.HistoryMissSupersampleCount:4]]
[2022.01.16-08.01.40:388][  0]LogConfig: Setting CVar [[r.LightMaxDrawDistanceScale:1]]
[2022.01.16-08.01.40:388][  0]LogConfig: Setting CVar [[r.CapsuleShadows:1]]
[2022.01.16-08.01.40:388][  0]LogConfig: Applying CVar settings from Section [PostProcessQuality@3] File [E:/UE4/Projects/WargamingAcademy/Cyberpunk2022/Saved/Config/Windows/Scalability.ini]
[2022.01.16-08.01.40:388][  0]LogConfig: Setting CVar [[r.MotionBlurQuality:4]]
[2022.01.16-08.01.40:388][  0]LogConfig: Setting CVar [[r.AmbientOcclusionMipLevelFactor:0.4]]
[2022.01.16-08.01.40:388][  0]LogConfig: Setting CVar [[r.AmbientOcclusionMaxQuality:100]]
[2022.01.16-08.01.40:388][  0]LogConfig: Setting CVar [[r.AmbientOcclusionLevels:-1]]
[2022.01.16-08.01.40:388][  0]LogConfig: Setting CVar [[r.AmbientOcclusionRadiusScale:1.0]]
[2022.01.16-08.01.40:388][  0]LogConfig: Setting CVar [[r.DepthOfFieldQuality:2]]
[2022.01.16-08.01.40:388][  0]LogConfig: Setting CVar [[r.RenderTargetPoolMin:400]]
[2022.01.16-08.01.40:388][  0]LogConfig: Setting CVar [[r.LensFlareQuality:2]]
[2022.01.16-08.01.40:388][  0]LogConfig: Setting CVar [[r.SceneColorFringeQuality:1]]
[2022.01.16-08.01.40:388][  0]LogConfig: Setting CVar [[r.EyeAdaptationQuality:2]]
[2022.01.16-08.01.40:388][  0]LogConfig: Setting CVar [[r.BloomQuality:5]]
[2022.01.16-08.01.40:388][  0]LogConfig: Setting CVar [[r.FastBlurThreshold:100]]
[2022.01.16-08.01.40:388][  0]LogConfig: Setting CVar [[r.Upscale.Quality:3]]
[2022.01.16-08.01.40:388][  0]LogConfig: Setting CVar [[r.Tonemapper.GrainQuantization:1]]
[2022.01.16-08.01.40:388][  0]LogConfig: Setting CVar [[r.LightShaftQuality:1]]
[2022.01.16-08.01.40:388][  0]LogConfig: Setting CVar [[r.Filter.SizeScale:1]]
[2022.01.16-08.01.40:388][  0]LogConfig: Setting CVar [[r.Tonemapper.Quality:5]]
[2022.01.16-08.01.40:389][  0]LogConfig: Setting CVar [[r.DOF.Gather.AccumulatorQuality:1        ; higher gathering accumulator quality]]
[2022.01.16-08.01.40:389][  0]LogConfig: Setting CVar [[r.DOF.Gather.PostfilterMethod:1          ; Median3x3 postfilering method]]
[2022.01.16-08.01.40:389][  0]LogConfig: Setting CVar [[r.DOF.Gather.EnableBokehSettings:0       ; no bokeh simulation when gathering]]
[2022.01.16-08.01.40:389][  0]LogConfig: Setting CVar [[r.DOF.Gather.RingCount:4                 ; medium number of samples when gathering]]
[2022.01.16-08.01.40:389][  0]LogConfig: Setting CVar [[r.DOF.Scatter.ForegroundCompositing:1    ; additive foreground scattering]]
[2022.01.16-08.01.40:389][  0]LogConfig: Setting CVar [[r.DOF.Scatter.BackgroundCompositing:2    ; additive background scattering]]
[2022.01.16-08.01.40:389][  0]LogConfig: Setting CVar [[r.DOF.Scatter.EnableBokehSettings:1      ; bokeh simulation when scattering]]
[2022.01.16-08.01.40:389][  0]LogConfig: Setting CVar [[r.DOF.Scatter.MaxSpriteRatio:0.1         ; only a maximum of 10% of scattered bokeh]]
[2022.01.16-08.01.40:389][  0]LogConfig: Setting CVar [[r.DOF.Recombine.Quality:1                ; cheap slight out of focus]]
[2022.01.16-08.01.40:389][  0]LogConfig: Setting CVar [[r.DOF.Recombine.EnableBokehSettings:0    ; no bokeh simulation on slight out of focus]]
[2022.01.16-08.01.40:389][  0]LogConfig: Setting CVar [[r.DOF.TemporalAAQuality:1                ; more stable temporal accumulation]]
[2022.01.16-08.01.40:389][  0]LogConfig: Setting CVar [[r.DOF.Kernel.MaxForegroundRadius:0.025]]
[2022.01.16-08.01.40:389][  0]LogConfig: Setting CVar [[r.DOF.Kernel.MaxBackgroundRadius:0.025]]
[2022.01.16-08.01.40:389][  0]LogConfig: Applying CVar settings from Section [TextureQuality@3] File [E:/UE4/Projects/WargamingAcademy/Cyberpunk2022/Saved/Config/Windows/Scalability.ini]
[2022.01.16-08.01.40:389][  0]LogConfig: Setting CVar [[r.Streaming.MipBias:0]]
[2022.01.16-08.01.40:389][  0]LogConfig: Setting CVar [[r.Streaming.AmortizeCPUToGPUCopy:0]]
[2022.01.16-08.01.40:389][  0]LogConfig: Setting CVar [[r.Streaming.MaxNumTexturesToStreamPerFrame:0]]
[2022.01.16-08.01.40:389][  0]LogConfig: Setting CVar [[r.Streaming.Boost:1]]
[2022.01.16-08.01.40:389][  0]LogConfig: Setting CVar [[r.MaxAnisotropy:8]]
[2022.01.16-08.01.40:389][  0]LogConfig: Setting CVar [[r.VT.MaxAnisotropy:8]]
[2022.01.16-08.01.40:389][  0]LogConfig: Setting CVar [[r.Streaming.LimitPoolSizeToVRAM:0]]
[2022.01.16-08.01.40:389][  0]LogConfig: Setting CVar [[r.Streaming.PoolSize:1000]]
[2022.01.16-08.01.40:389][  0]LogConfig: Setting CVar [[r.Streaming.MaxEffectiveScreenSize:0]]
[2022.01.16-08.01.40:389][  0]LogConfig: Applying CVar settings from Section [EffectsQuality@3] File [E:/UE4/Projects/WargamingAcademy/Cyberpunk2022/Saved/Config/Windows/Scalability.ini]
[2022.01.16-08.01.40:389][  0]LogConfig: Setting CVar [[r.TranslucencyLightingVolumeDim:64]]
[2022.01.16-08.01.40:389][  0]LogConfig: Setting CVar [[r.RefractionQuality:2]]
[2022.01.16-08.01.40:389][  0]LogConfig: Setting CVar [[r.SSR.Quality:3]]
[2022.01.16-08.01.40:389][  0]LogConfig: Setting CVar [[r.SSR.HalfResSceneColor:0]]
[2022.01.16-08.01.40:389][  0]LogConfig: Setting CVar [[r.SceneColorFormat:4]]
[2022.01.16-08.01.40:389][  0]LogConfig: Setting CVar [[r.DetailMode:2]]
[2022.01.16-08.01.40:390][  0]LogConfig: Setting CVar [[r.TranslucencyVolumeBlur:1]]
[2022.01.16-08.01.40:390][  0]LogConfig: Setting CVar [[r.MaterialQualityLevel:1 ; High quality]]
[2022.01.16-08.01.40:390][  0]LogConfig: Setting CVar [[r.AnisotropicMaterials:1]]
[2022.01.16-08.01.40:390][  0]LogConfig: Setting CVar [[r.SSS.Scale:1]]
[2022.01.16-08.01.40:390][  0]LogConfig: Setting CVar [[r.SSS.SampleSet:2]]
[2022.01.16-08.01.40:390][  0]LogConfig: Setting CVar [[r.SSS.Quality:1]]
[2022.01.16-08.01.40:390][  0]LogConfig: Setting CVar [[r.SSS.HalfRes:0]]
[2022.01.16-08.01.40:390][  0]LogConfig: Setting CVar [[r.SSGI.Quality:3]]
[2022.01.16-08.01.40:390][  0]LogConfig: Setting CVar [[r.EmitterSpawnRateScale:1.0]]
[2022.01.16-08.01.40:390][  0]LogConfig: Setting CVar [[r.ParticleLightQuality:2]]
[2022.01.16-08.01.40:390][  0]LogConfig: Setting CVar [[r.SkyAtmosphere.AerialPerspectiveLUT.FastApplyOnOpaque:1 ; Always have FastSkyLUT 1 in this case to avoid wrong sky]]
[2022.01.16-08.01.40:390][  0]LogConfig: Setting CVar [[r.SkyAtmosphere.AerialPerspectiveLUT.SampleCountMaxPerSlice:4]]
[2022.01.16-08.01.40:390][  0]LogConfig: Setting CVar [[r.SkyAtmosphere.AerialPerspectiveLUT.DepthResolution:16.0]]
[2022.01.16-08.01.40:390][  0]LogConfig: Setting CVar [[r.SkyAtmosphere.FastSkyLUT:1]]
[2022.01.16-08.01.40:390][  0]LogConfig: Setting CVar [[r.SkyAtmosphere.FastSkyLUT.SampleCountMin:4.0]]
[2022.01.16-08.01.40:390][  0]LogConfig: Setting CVar [[r.SkyAtmosphere.FastSkyLUT.SampleCountMax:128.0]]
[2022.01.16-08.01.40:390][  0]LogConfig: Setting CVar [[r.SkyAtmosphere.SampleCountMin:4.0]]
[2022.01.16-08.01.40:390][  0]LogConfig: Setting CVar [[r.SkyAtmosphere.SampleCountMax:128.0]]
[2022.01.16-08.01.40:390][  0]LogConfig: Setting CVar [[r.SkyAtmosphere.TransmittanceLUT.UseSmallFormat:0]]
[2022.01.16-08.01.40:390][  0]LogConfig: Setting CVar [[r.SkyAtmosphere.TransmittanceLUT.SampleCount:10.0]]
[2022.01.16-08.01.40:390][  0]LogConfig: Setting CVar [[r.SkyAtmosphere.MultiScatteringLUT.SampleCount:15.0]]
[2022.01.16-08.01.40:390][  0]LogConfig: Setting CVar [[r.SkyLight.RealTimeReflectionCapture:1]]
[2022.01.16-08.01.40:390][  0]LogConfig: Applying CVar settings from Section [FoliageQuality@3] File [E:/UE4/Projects/WargamingAcademy/Cyberpunk2022/Saved/Config/Windows/Scalability.ini]
[2022.01.16-08.01.40:390][  0]LogConfig: Setting CVar [[foliage.DensityScale:1.0]]
[2022.01.16-08.01.40:390][  0]LogConfig: Setting CVar [[grass.DensityScale:1.0]]
[2022.01.16-08.01.40:390][  0]LogConfig: Applying CVar settings from Section [ShadingQuality@3] File [E:/UE4/Projects/WargamingAcademy/Cyberpunk2022/Saved/Config/Windows/Scalability.ini]
[2022.01.16-08.01.40:390][  0]LogConfig: Setting CVar [[r.HairStrands.SkyLighting.IntegrationType:2]]
[2022.01.16-08.01.40:390][  0]LogConfig: Setting CVar [[r.HairStrands.SkyAO.SampleCount:4]]
[2022.01.16-08.01.40:390][  0]LogConfig: Setting CVar [[r.HairStrands.Visibility.MSAA.SamplePerPixel:4]]
[2022.01.16-08.01.40:390][  0]LogInit: Selected Device Profile: [Windows]
[2022.01.16-08.01.40:391][  0]LogInit: Applying CVar settings loaded from the selected device profile: [Windows]
[2022.01.16-08.01.40:391][  0]LogHAL: Display: Platform has ~ 16 GB [16487870464 / 17179869184 / 16], which maps to Larger [LargestMinGB=32, LargerMinGB=12, DefaultMinGB=8, SmallerMinGB=6, SmallestMinGB=0)
[2022.01.16-08.01.40:391][  0]LogInit: Going up to parent DeviceProfile []
[2022.01.16-08.01.40:391][  0]LogConfig: Applying CVar settings from Section [ViewDistanceQuality@3] File [E:/UE4/Projects/WargamingAcademy/Cyberpunk2022/Saved/Config/Windows/Scalability.ini]
[2022.01.16-08.01.40:391][  0]LogConfig: Setting CVar [[r.SkeletalMeshLODBias:0]]
[2022.01.16-08.01.40:391][  0]LogConfig: Setting CVar [[r.ViewDistanceScale:1.0]]
[2022.01.16-08.01.40:391][  0]LogConfig: Applying CVar settings from Section [AntiAliasingQuality@3] File [E:/UE4/Projects/WargamingAcademy/Cyberpunk2022/Saved/Config/Windows/Scalability.ini]
[2022.01.16-08.01.40:391][  0]LogConfig: Setting CVar [[r.PostProcessAAQuality:4]]
[2022.01.16-08.01.40:391][  0]LogConfig: Applying CVar settings from Section [ShadowQuality@3] File [E:/UE4/Projects/WargamingAcademy/Cyberpunk2022/Saved/Config/Windows/Scalability.ini]
[2022.01.16-08.01.40:391][  0]LogConfig: Setting CVar [[r.LightFunctionQuality:1]]
[2022.01.16-08.01.40:391][  0]LogConfig: Setting CVar [[r.ShadowQuality:5]]
[2022.01.16-08.01.40:391][  0]LogConfig: Setting CVar [[r.Shadow.CSM.MaxCascades:10]]
[2022.01.16-08.01.40:391][  0]LogConfig: Setting CVar [[r.Shadow.MaxResolution:2048]]
[2022.01.16-08.01.40:391][  0]LogConfig: Setting CVar [[r.Shadow.MaxCSMResolution:2048]]
[2022.01.16-08.01.40:391][  0]LogConfig: Setting CVar [[r.Shadow.RadiusThreshold:0.01]]
[2022.01.16-08.01.40:391][  0]LogConfig: Setting CVar [[r.Shadow.DistanceScale:1.0]]
[2022.01.16-08.01.40:391][  0]LogConfig: Setting CVar [[r.Shadow.CSM.TransitionScale:1.0]]
[2022.01.16-08.01.40:391][  0]LogConfig: Setting CVar [[r.Shadow.PreShadowResolutionFactor:1.0]]
[2022.01.16-08.01.40:391][  0]LogConfig: Setting CVar [[r.DistanceFieldShadowing:1]]
[2022.01.16-08.01.40:391][  0]LogConfig: Setting CVar [[r.DistanceFieldAO:1]]
[2022.01.16-08.01.40:391][  0]LogConfig: Setting CVar [[r.AOQuality:2]]
[2022.01.16-08.01.40:391][  0]LogConfig: Setting CVar [[r.VolumetricFog:1]]
[2022.01.16-08.01.40:391][  0]LogConfig: Setting CVar [[r.VolumetricFog.GridPixelSize:8]]
[2022.01.16-08.01.40:391][  0]LogConfig: Setting CVar [[r.VolumetricFog.GridSizeZ:128]]
[2022.01.16-08.01.40:391][  0]LogConfig: Setting CVar [[r.VolumetricFog.HistoryMissSupersampleCount:4]]
[2022.01.16-08.01.40:391][  0]LogConfig: Setting CVar [[r.LightMaxDrawDistanceScale:1]]
[2022.01.16-08.01.40:391][  0]LogConfig: Setting CVar [[r.CapsuleShadows:1]]
[2022.01.16-08.01.40:392][  0]LogConfig: Applying CVar settings from Section [PostProcessQuality@3] File [E:/UE4/Projects/WargamingAcademy/Cyberpunk2022/Saved/Config/Windows/Scalability.ini]
[2022.01.16-08.01.40:392][  0]LogConfig: Setting CVar [[r.MotionBlurQuality:4]]
[2022.01.16-08.01.40:392][  0]LogConfig: Setting CVar [[r.AmbientOcclusionMipLevelFactor:0.4]]
[2022.01.16-08.01.40:392][  0]LogConfig: Setting CVar [[r.AmbientOcclusionMaxQuality:100]]
[2022.01.16-08.01.40:392][  0]LogConfig: Setting CVar [[r.AmbientOcclusionLevels:-1]]
[2022.01.16-08.01.40:392][  0]LogConfig: Setting CVar [[r.AmbientOcclusionRadiusScale:1.0]]
[2022.01.16-08.01.40:392][  0]LogConfig: Setting CVar [[r.DepthOfFieldQuality:2]]
[2022.01.16-08.01.40:392][  0]LogConfig: Setting CVar [[r.RenderTargetPoolMin:400]]
[2022.01.16-08.01.40:392][  0]LogConfig: Setting CVar [[r.LensFlareQuality:2]]
[2022.01.16-08.01.40:392][  0]LogConfig: Setting CVar [[r.SceneColorFringeQuality:1]]
[2022.01.16-08.01.40:392][  0]LogConfig: Setting CVar [[r.EyeAdaptationQuality:2]]
[2022.01.16-08.01.40:392][  0]LogConfig: Setting CVar [[r.BloomQuality:5]]
[2022.01.16-08.01.40:392][  0]LogConfig: Setting CVar [[r.FastBlurThreshold:100]]
[2022.01.16-08.01.40:392][  0]LogConfig: Setting CVar [[r.Upscale.Quality:3]]
[2022.01.16-08.01.40:392][  0]LogConfig: Setting CVar [[r.Tonemapper.GrainQuantization:1]]
[2022.01.16-08.01.40:392][  0]LogConfig: Setting CVar [[r.LightShaftQuality:1]]
[2022.01.16-08.01.40:392][  0]LogConfig: Setting CVar [[r.Filter.SizeScale:1]]
[2022.01.16-08.01.40:392][  0]LogConfig: Setting CVar [[r.Tonemapper.Quality:5]]
[2022.01.16-08.01.40:392][  0]LogConfig: Setting CVar [[r.DOF.Gather.AccumulatorQuality:1        ; higher gathering accumulator quality]]
[2022.01.16-08.01.40:392][  0]LogConfig: Setting CVar [[r.DOF.Gather.PostfilterMethod:1          ; Median3x3 postfilering method]]
[2022.01.16-08.01.40:392][  0]LogConfig: Setting CVar [[r.DOF.Gather.EnableBokehSettings:0       ; no bokeh simulation when gathering]]
[2022.01.16-08.01.40:392][  0]LogConfig: Setting CVar [[r.DOF.Gather.RingCount:4                 ; medium number of samples when gathering]]
[2022.01.16-08.01.40:392][  0]LogConfig: Setting CVar [[r.DOF.Scatter.ForegroundCompositing:1    ; additive foreground scattering]]
[2022.01.16-08.01.40:392][  0]LogConfig: Setting CVar [[r.DOF.Scatter.BackgroundCompositing:2    ; additive background scattering]]
[2022.01.16-08.01.40:392][  0]LogConfig: Setting CVar [[r.DOF.Scatter.EnableBokehSettings:1      ; bokeh simulation when scattering]]
[2022.01.16-08.01.40:392][  0]LogConfig: Setting CVar [[r.DOF.Scatter.MaxSpriteRatio:0.1         ; only a maximum of 10% of scattered bokeh]]
[2022.01.16-08.01.40:392][  0]LogConfig: Setting CVar [[r.DOF.Recombine.Quality:1                ; cheap slight out of focus]]
[2022.01.16-08.01.40:392][  0]LogConfig: Setting CVar [[r.DOF.Recombine.EnableBokehSettings:0    ; no bokeh simulation on slight out of focus]]
[2022.01.16-08.01.40:392][  0]LogConfig: Setting CVar [[r.DOF.TemporalAAQuality:1                ; more stable temporal accumulation]]
[2022.01.16-08.01.40:392][  0]LogConfig: Setting CVar [[r.DOF.Kernel.MaxForegroundRadius:0.025]]
[2022.01.16-08.01.40:392][  0]LogConfig: Setting CVar [[r.DOF.Kernel.MaxBackgroundRadius:0.025]]
[2022.01.16-08.01.40:392][  0]LogConfig: Applying CVar settings from Section [TextureQuality@3] File [E:/UE4/Projects/WargamingAcademy/Cyberpunk2022/Saved/Config/Windows/Scalability.ini]
[2022.01.16-08.01.40:393][  0]LogConfig: Setting CVar [[r.Streaming.MipBias:0]]
[2022.01.16-08.01.40:393][  0]LogConfig: Setting CVar [[r.Streaming.AmortizeCPUToGPUCopy:0]]
[2022.01.16-08.01.40:393][  0]LogConfig: Setting CVar [[r.Streaming.MaxNumTexturesToStreamPerFrame:0]]
[2022.01.16-08.01.40:393][  0]LogConfig: Setting CVar [[r.Streaming.Boost:1]]
[2022.01.16-08.01.40:393][  0]LogConfig: Setting CVar [[r.MaxAnisotropy:8]]
[2022.01.16-08.01.40:393][  0]LogConfig: Setting CVar [[r.VT.MaxAnisotropy:8]]
[2022.01.16-08.01.40:393][  0]LogConfig: Setting CVar [[r.Streaming.LimitPoolSizeToVRAM:0]]
[2022.01.16-08.01.40:393][  0]LogConfig: Setting CVar [[r.Streaming.PoolSize:1000]]
[2022.01.16-08.01.40:393][  0]LogConfig: Setting CVar [[r.Streaming.MaxEffectiveScreenSize:0]]
[2022.01.16-08.01.40:393][  0]LogConfig: Applying CVar settings from Section [EffectsQuality@3] File [E:/UE4/Projects/WargamingAcademy/Cyberpunk2022/Saved/Config/Windows/Scalability.ini]
[2022.01.16-08.01.40:393][  0]LogConfig: Setting CVar [[r.TranslucencyLightingVolumeDim:64]]
[2022.01.16-08.01.40:393][  0]LogConfig: Setting CVar [[r.RefractionQuality:2]]
[2022.01.16-08.01.40:393][  0]LogConfig: Setting CVar [[r.SSR.Quality:3]]
[2022.01.16-08.01.40:393][  0]LogConfig: Setting CVar [[r.SSR.HalfResSceneColor:0]]
[2022.01.16-08.01.40:393][  0]LogConfig: Setting CVar [[r.SceneColorFormat:4]]
[2022.01.16-08.01.40:393][  0]LogConfig: Setting CVar [[r.DetailMode:2]]
[2022.01.16-08.01.40:393][  0]LogConfig: Setting CVar [[r.TranslucencyVolumeBlur:1]]
[2022.01.16-08.01.40:393][  0]LogConfig: Setting CVar [[r.MaterialQualityLevel:1 ; High quality]]
[2022.01.16-08.01.40:393][  0]LogConfig: Setting CVar [[r.AnisotropicMaterials:1]]
[2022.01.16-08.01.40:393][  0]LogConfig: Setting CVar [[r.SSS.Scale:1]]
[2022.01.16-08.01.40:393][  0]LogConfig: Setting CVar [[r.SSS.SampleSet:2]]
[2022.01.16-08.01.40:393][  0]LogConfig: Setting CVar [[r.SSS.Quality:1]]
[2022.01.16-08.01.40:393][  0]LogConfig: Setting CVar [[r.SSS.HalfRes:0]]
[2022.01.16-08.01.40:393][  0]LogConfig: Setting CVar [[r.SSGI.Quality:3]]
[2022.01.16-08.01.40:393][  0]LogConfig: Setting CVar [[r.EmitterSpawnRateScale:1.0]]
[2022.01.16-08.01.40:393][  0]LogConfig: Setting CVar [[r.ParticleLightQuality:2]]
[2022.01.16-08.01.40:393][  0]LogConfig: Setting CVar [[r.SkyAtmosphere.AerialPerspectiveLUT.FastApplyOnOpaque:1 ; Always have FastSkyLUT 1 in this case to avoid wrong sky]]
[2022.01.16-08.01.40:393][  0]LogConfig: Setting CVar [[r.SkyAtmosphere.AerialPerspectiveLUT.SampleCountMaxPerSlice:4]]
[2022.01.16-08.01.40:393][  0]LogConfig: Setting CVar [[r.SkyAtmosphere.AerialPerspectiveLUT.DepthResolution:16.0]]
[2022.01.16-08.01.40:393][  0]LogConfig: Setting CVar [[r.SkyAtmosphere.FastSkyLUT:1]]
[2022.01.16-08.01.40:394][  0]LogConfig: Setting CVar [[r.SkyAtmosphere.FastSkyLUT.SampleCountMin:4.0]]
[2022.01.16-08.01.40:394][  0]LogConfig: Setting CVar [[r.SkyAtmosphere.FastSkyLUT.SampleCountMax:128.0]]
[2022.01.16-08.01.40:394][  0]LogConfig: Setting CVar [[r.SkyAtmosphere.SampleCountMin:4.0]]
[2022.01.16-08.01.40:394][  0]LogConfig: Setting CVar [[r.SkyAtmosphere.SampleCountMax:128.0]]
[2022.01.16-08.01.40:394][  0]LogConfig: Setting CVar [[r.SkyAtmosphere.TransmittanceLUT.UseSmallFormat:0]]
[2022.01.16-08.01.40:394][  0]LogConfig: Setting CVar [[r.SkyAtmosphere.TransmittanceLUT.SampleCount:10.0]]
[2022.01.16-08.01.40:394][  0]LogConfig: Setting CVar [[r.SkyAtmosphere.MultiScatteringLUT.SampleCount:15.0]]
[2022.01.16-08.01.40:394][  0]LogConfig: Setting CVar [[r.SkyLight.RealTimeReflectionCapture:1]]
[2022.01.16-08.01.40:394][  0]LogConfig: Applying CVar settings from Section [FoliageQuality@3] File [E:/UE4/Projects/WargamingAcademy/Cyberpunk2022/Saved/Config/Windows/Scalability.ini]
[2022.01.16-08.01.40:394][  0]LogConfig: Setting CVar [[foliage.DensityScale:1.0]]
[2022.01.16-08.01.40:394][  0]LogConfig: Setting CVar [[grass.DensityScale:1.0]]
[2022.01.16-08.01.40:394][  0]LogConfig: Applying CVar settings from Section [ShadingQuality@3] File [E:/UE4/Projects/WargamingAcademy/Cyberpunk2022/Saved/Config/Windows/Scalability.ini]
[2022.01.16-08.01.40:394][  0]LogConfig: Setting CVar [[r.HairStrands.SkyLighting.IntegrationType:2]]
[2022.01.16-08.01.40:394][  0]LogConfig: Setting CVar [[r.HairStrands.SkyAO.SampleCount:4]]
[2022.01.16-08.01.40:394][  0]LogConfig: Setting CVar [[r.HairStrands.Visibility.MSAA.SamplePerPixel:4]]
[2022.01.16-08.01.40:394][  0]LogConfig: Applying CVar settings from Section [Startup] File [../../../Engine/Config/ConsoleVariables.ini]
[2022.01.16-08.01.40:394][  0]LogConfig: Setting CVar [[net.UseAdaptiveNetUpdateFrequency:0]]
[2022.01.16-08.01.40:394][  0]LogConfig: Setting CVar [[p.chaos.AllowCreatePhysxBodies:1]]
[2022.01.16-08.01.40:394][  0]LogConfig: Setting CVar [[fx.SkipVectorVMBackendOptimizations:1]]
[2022.01.16-08.01.40:394][  0]LogConfig: Applying CVar settings from Section [ConsoleVariables] File [E:/UE4/Projects/WargamingAcademy/Cyberpunk2022/Saved/Config/Windows/Engine.ini]
[2022.01.16-08.01.40:394][  0]LogConfig: Applying CVar settings from Section [ConsoleVariables] File [E:/UE4/Projects/WargamingAcademy/Cyberpunk2022/Saved/Config/Windows/Editor.ini]
[2022.01.16-08.01.40:394][  0]LogInit: Computer: DESKTOP-P6OQVGL
[2022.01.16-08.01.40:394][  0]LogInit: User: Artem
[2022.01.16-08.01.40:395][  0]LogInit: CPU Page size=4096, Cores=6
[2022.01.16-08.01.40:395][  0]LogInit: High frequency timer resolution =10.000000 MHz
[2022.01.16-08.01.40:395][  0]LogMemory: Memory total: Physical=15.4GB (16GB approx)
[2022.01.16-08.01.40:395][  0]LogMemory: Platform Memory Stats for Windows
[2022.01.16-08.01.40:395][  0]LogMemory: Process Physical Memory: 145.77 MB used, 145.77 MB peak
[2022.01.16-08.01.40:395][  0]LogMemory: Process Virtual Memory: 126.07 MB used, 126.07 MB peak
[2022.01.16-08.01.40:395][  0]LogMemory: Physical Memory: 9093.65 MB used,  6630.41 MB free, 15724.06 MB total
[2022.01.16-08.01.40:395][  0]LogMemory: Virtual Memory: 134206824.00 MB used,  10901.45 MB free, 134217728.00 MB total
[2022.01.16-08.01.40:402][  0]LogWindows: WindowsPlatformFeatures enabled
[2022.01.16-08.01.40:514][  0]LogInit: Physics initialised using underlying interface: PhysX
[2022.01.16-08.01.40:515][  0]LogInit: Using OS detected language (en-US).
[2022.01.16-08.01.40:515][  0]LogInit: Using OS detected locale (en-US).
[2022.01.16-08.01.40:520][  0]LogTextLocalizationManager: No specific localization for 'en-US' exists, so the 'en' localization will be used.
[2022.01.16-08.01.40:799][  0]LogInit: Setting process to per monitor DPI aware
[2022.01.16-08.01.40:823][  0]LogWindowsTextInputMethodSystem: Display: IME system deactivated.
[2022.01.16-08.01.40:839][  0]LogSlate: New Slate User Created.  User Index 0, Is Virtual User: 0
[2022.01.16-08.01.40:839][  0]LogSlate: Slate User Registered.  User Index 0, Is Virtual User: 0
[2022.01.16-08.01.40:963][  0]LogD3D11RHI: Loaded GFSDK_Aftermath_Lib.x64.dll
[2022.01.16-08.01.40:980][  0]LogHMD: Failed to initialize OpenVR with code 110
[2022.01.16-08.01.40:980][  0]LogD3D11RHI: D3D11 min allowed feature level: 11_0
[2022.01.16-08.01.40:980][  0]LogD3D11RHI: D3D11 max allowed feature level: 11_0
[2022.01.16-08.01.40:980][  0]LogD3D11RHI: D3D11 adapters:
[2022.01.16-08.01.41:087][  0]LogD3D11RHI:    0. 'NVIDIA GeForce RTX 3060 Laptop GPU' (Feature Level 11_0)
[2022.01.16-08.01.41:087][  0]LogD3D11RHI:       6023/0/7862 MB DedicatedVideo/DedicatedSystem/SharedSystem, Outputs:1, VendorId:0x10de
[2022.01.16-08.01.41:124][  0]LogD3D11RHI:    1. 'AMD Radeon(TM) Graphics' (Feature Level 11_0)
[2022.01.16-08.01.41:124][  0]LogD3D11RHI:       496/0/7862 MB DedicatedVideo/DedicatedSystem/SharedSystem, Outputs:0, VendorId:0x1002
[2022.01.16-08.01.41:128][  0]LogD3D11RHI:    2. 'Microsoft Basic Render Driver' (Feature Level 11_0)
[2022.01.16-08.01.41:128][  0]LogD3D11RHI:       0/0/7862 MB DedicatedVideo/DedicatedSystem/SharedSystem, Outputs:0, VendorId:0x1414
[2022.01.16-08.01.41:128][  0]LogD3D11RHI: Chosen D3D11 Adapter:
[2022.01.16-08.01.41:128][  0]LogD3D11RHI:     Description : NVIDIA GeForce RTX 3060 Laptop GPU
[2022.01.16-08.01.41:128][  0]LogD3D11RHI:     VendorId    : 10de
[2022.01.16-08.01.41:128][  0]LogD3D11RHI:     DeviceId    : 2520
[2022.01.16-08.01.41:128][  0]LogD3D11RHI:     SubSysId    : 151f1025
[2022.01.16-08.01.41:128][  0]LogD3D11RHI:     Revision    : 00a1
[2022.01.16-08.01.41:128][  0]LogD3D11RHI:     DedicatedVideoMemory : 6315573248 bytes
[2022.01.16-08.01.41:128][  0]LogD3D11RHI:     DedicatedSystemMemory : 0 bytes
[2022.01.16-08.01.41:128][  0]LogD3D11RHI:     SharedSystemMemory : 8243935232 bytes
[2022.01.16-08.01.41:128][  0]LogD3D11RHI:     AdapterLuid : 0 58078
[2022.01.16-08.01.41:135][  0]LogD3D11RHI: Creating new Direct3DDevice
[2022.01.16-08.01.41:136][  0]LogD3D11RHI:     GPU DeviceId: 0x2520 (for the marketing name, search the web for "GPU Device Id")
[2022.01.16-08.01.41:136][  0]LogWindows: EnumDisplayDevices:
[2022.01.16-08.01.41:136][  0]LogWindows:    0. 'AMD Radeon(TM) Graphics' (P:1 D:1)
[2022.01.16-08.01.41:136][  0]LogWindows:    1. 'AMD Radeon(TM) Graphics' (P:0 D:0)
[2022.01.16-08.01.41:136][  0]LogWindows:    2. 'AMD Radeon(TM) Graphics' (P:0 D:0)
[2022.01.16-08.01.41:137][  0]LogWindows:    3. 'NVIDIA GeForce RTX 3060 Laptop GPU' (P:0 D:0)
[2022.01.16-08.01.41:137][  0]LogWindows: DebugString: PrimaryIsNotTheChoosenAdapter PrimaryIsNotTheChoosenAdapter PrimaryIsNotTheChoosenAdapter 
[2022.01.16-08.01.41:137][  0]LogD3D11RHI:     Adapter Name: NVIDIA GeForce RTX 3060 Laptop GPU
[2022.01.16-08.01.41:137][  0]LogD3D11RHI:   Driver Version: 497.09 (internal:30.0.14.9709, unified:497.09)
[2022.01.16-08.01.41:137][  0]LogD3D11RHI:      Driver Date: 11-26-2021
[2022.01.16-08.01.41:137][  0]LogRHI: Texture pool is 4216 MB (70% of 6023 MB)
[2022.01.16-08.01.41:137][  0]LogD3D11RHI: Creating D3DDevice using adapter:
[2022.01.16-08.01.41:137][  0]LogD3D11RHI:     Description : NVIDIA GeForce RTX 3060 Laptop GPU
[2022.01.16-08.01.41:137][  0]LogD3D11RHI:     VendorId    : 10de
[2022.01.16-08.01.41:137][  0]LogD3D11RHI:     DeviceId    : 2520
[2022.01.16-08.01.41:137][  0]LogD3D11RHI:     SubSysId    : 151f1025
[2022.01.16-08.01.41:137][  0]LogD3D11RHI:     Revision    : 00a1
[2022.01.16-08.01.41:137][  0]LogD3D11RHI:     DedicatedVideoMemory : 6315573248 bytes
[2022.01.16-08.01.41:137][  0]LogD3D11RHI:     DedicatedSystemMemory : 0 bytes
[2022.01.16-08.01.41:137][  0]LogD3D11RHI:     SharedSystemMemory : 8243935232 bytes
[2022.01.16-08.01.41:137][  0]LogD3D11RHI:     AdapterLuid : 0 58078
[2022.01.16-08.01.41:196][  0]LogD3D11RHI: RHI has support for 64 bit atomics
[2022.01.16-08.01.41:197][  0]LogD3D11RHI: Async texture creation enabled
[2022.01.16-08.01.41:197][  0]LogD3D11RHI: Array index from any shader is supported
[2022.01.16-08.01.41:222][  0]LogD3D11RHI: GPU Timing Frequency: 1000.000000 (Debug: 2 1)
[2022.01.16-08.01.41:244][  0]LogRHI: GeForceNow SDK initialized: 1
[2022.01.16-08.01.41:465][  0]LogTargetPlatformManager: Display: Loaded TargetPlatform 'AllDesktop'
[2022.01.16-08.01.41:483][  0]LogTargetPlatformManager: Display: Loaded TargetPlatform 'Android'
[2022.01.16-08.01.41:483][  0]LogTargetPlatformManager: Display: Loaded TargetPlatform 'Android_ASTC'
[2022.01.16-08.01.41:484][  0]LogTargetPlatformManager: Display: Loaded TargetPlatform 'Android_DXT'
[2022.01.16-08.01.41:484][  0]LogTargetPlatformManager: Display: Loaded TargetPlatform 'Android_ETC2'
[2022.01.16-08.01.41:484][  0]LogTargetPlatformManager: Display: Loaded TargetPlatform 'AndroidClient'
[2022.01.16-08.01.41:484][  0]LogTargetPlatformManager: Display: Loaded TargetPlatform 'Android_ASTCClient'
[2022.01.16-08.01.41:484][  0]LogTargetPlatformManager: Display: Loaded TargetPlatform 'Android_DXTClient'
[2022.01.16-08.01.41:484][  0]LogTargetPlatformManager: Display: Loaded TargetPlatform 'Android_ETC2Client'
[2022.01.16-08.01.41:484][  0]LogTargetPlatformManager: Display: Loaded TargetPlatform 'Android_Multi'
[2022.01.16-08.01.41:484][  0]LogTargetPlatformManager: Display: Loaded TargetPlatform 'Android_MultiClient'
[2022.01.16-08.01.41:501][  0]LogTargetPlatformManager: Display: Loaded TargetPlatform 'IOSClient'
[2022.01.16-08.01.41:501][  0]LogTargetPlatformManager: Display: Loaded TargetPlatform 'IOS'
[2022.01.16-08.01.41:512][  0]LogTargetPlatformManager: Display: Loaded TargetPlatform 'Linux'
[2022.01.16-08.01.41:517][  0]LogTargetPlatformManager: Display: Loaded TargetPlatform 'LinuxNoEditor'
[2022.01.16-08.01.41:522][  0]LogTargetPlatformManager: Display: Loaded TargetPlatform 'LinuxClient'
[2022.01.16-08.01.41:529][  0]LogTargetPlatformManager: Display: Loaded TargetPlatform 'LinuxServer'
[2022.01.16-08.01.41:539][  0]LogTargetPlatformManager: Display: Loaded TargetPlatform 'LinuxAArch64NoEditor'
[2022.01.16-08.01.41:543][  0]LogTargetPlatformManager: Display: Loaded TargetPlatform 'LinuxAArch64Client'
[2022.01.16-08.01.41:548][  0]LogTargetPlatformManager: Display: Loaded TargetPlatform 'LinuxAArch64Server'
[2022.01.16-08.01.41:568][  0]LogTargetPlatformManager: Display: Loaded TargetPlatform 'Lumin'
[2022.01.16-08.01.41:568][  0]LogTargetPlatformManager: Display: Loaded TargetPlatform 'LuminClient'
[2022.01.16-08.01.41:576][  0]LogTargetPlatformManager: Display: Loaded TargetPlatform 'MacNoEditor'
[2022.01.16-08.01.41:581][  0]LogTargetPlatformManager: Display: Loaded TargetPlatform 'Mac'
[2022.01.16-08.01.41:585][  0]LogTargetPlatformManager: Display: Loaded TargetPlatform 'MacClient'
[2022.01.16-08.01.41:589][  0]LogTargetPlatformManager: Display: Loaded TargetPlatform 'MacServer'
[2022.01.16-08.01.41:598][  0]LogTargetPlatformManager: Display: Loaded TargetPlatform 'TVOSClient'
[2022.01.16-08.01.41:598][  0]LogTargetPlatformManager: Display: Loaded TargetPlatform 'TVOS'
[2022.01.16-08.01.41:606][  0]LogTargetPlatformManager: Display: Loaded TargetPlatform 'WindowsNoEditor'
[2022.01.16-08.01.41:611][  0]LogTargetPlatformManager: Display: Loaded TargetPlatform 'Windows'
[2022.01.16-08.01.41:615][  0]LogTargetPlatformManager: Display: Loaded TargetPlatform 'WindowsClient'
[2022.01.16-08.01.41:620][  0]LogTargetPlatformManager: Display: Loaded TargetPlatform 'WindowsServer'
[2022.01.16-08.01.41:620][  0]LogTargetPlatformManager: Display: Building Assets For Windows
[2022.01.16-08.01.41:629][  0]LogAudioDebug: Display: Lib vorbis DLL was dynamically loaded.
[2022.01.16-08.01.41:662][  0]LogTextureFormatOodle: Display: Oodle Texture 2.9.0 init RDO Off
[2022.01.16-08.01.41:702][  0]LogRendererCore: Ray tracing is disabled. Reason: r.RayTracing=0.
[2022.01.16-08.01.41:702][  0]LogShaderCompilers: Guid format shader working directory is -5 characters bigger than the processId version (../../../../Projects/WargamingAcademy/Cyberpunk2022/Intermediate/Shaders/WorkingDirectory/1484/).
[2022.01.16-08.01.41:702][  0]LogShaderCompilers: Cleaned the shader compiler working directory 'C:/Users/Artem/AppData/Local/Temp/UnrealShaderWorkingDir/793FD8604ADFEE36153EC6B8243A3346/'.
[2022.01.16-08.01.41:703][  0]LogXGEController: Cannot use XGE Controller as Incredibuild is not installed on this machine.
[2022.01.16-08.01.41:703][  0]LogShaderCompilers: Cannot use XGE Shader Compiler as Incredibuild is not installed on this machine.
[2022.01.16-08.01.41:703][  0]LogShaderCompilers: Display: Using Local Shader Compiler.
[2022.01.16-08.01.42:311][  0]LogDerivedDataCache: Display: Max Cache Size: 512 MB
[2022.01.16-08.01.42:360][  0]LogDerivedDataCache: Loaded boot cache 0.05s 101MB C:/Users/Artem/AppData/Local/UnrealEngine/4.27/DerivedDataCache/Boot.ddc.
[2022.01.16-08.01.42:360][  0]LogDerivedDataCache: Display: Loaded Boot cache: C:/Users/Artem/AppData/Local/UnrealEngine/4.27/DerivedDataCache/Boot.ddc
[2022.01.16-08.01.42:360][  0]LogDerivedDataCache: FDerivedDataBackendGraph:  Pak pak cache file ../../../../Projects/WargamingAcademy/Cyberpunk2022/DerivedDataCache/DDC.ddp not found, will not use a pak cache.
[2022.01.16-08.01.42:360][  0]LogDerivedDataCache: Unable to find inner node Pak for hierarchical cache Hierarchy.
[2022.01.16-08.01.42:361][  0]LogDerivedDataCache: FDerivedDataBackendGraph:  CompressedPak pak cache file ../../../../Projects/WargamingAcademy/Cyberpunk2022/DerivedDataCache/Compressed.ddp not found, will not use a pak cache.
[2022.01.16-08.01.42:361][  0]LogDerivedDataCache: Unable to find inner node CompressedPak for hierarchical cache Hierarchy.
[2022.01.16-08.01.42:378][  0]LogDerivedDataCache: Display: Pak cache opened for reading ../../../Engine/DerivedDataCache/Compressed.ddp.
[2022.01.16-08.01.42:378][  0]LogDerivedDataCache: FDerivedDataBackendGraph:  EnterprisePak pak cache file ../../../Enterprise/DerivedDataCache/Compressed.ddp not found, will not use a pak cache.
[2022.01.16-08.01.42:378][  0]LogDerivedDataCache: Unable to find inner node EnterprisePak for hierarchical cache Hierarchy.
[2022.01.16-08.01.42:384][  0]LogDerivedDataCache: Speed tests for C:/Users/Artem/AppData/Local/UnrealEngine/Common/DerivedDataCache took 0.01 seconds
[2022.01.16-08.01.42:384][  0]LogDerivedDataCache: Display: Performance to C:/Users/Artem/AppData/Local/UnrealEngine/Common/DerivedDataCache: Latency=0.03ms. RandomReadSpeed=1700.23MBs, RandomWriteSpeed=201.72MBs. Assigned SpeedClass 'Local'
[2022.01.16-08.01.42:385][  0]LogDerivedDataCache: Using Local data cache path C:/Users/Artem/AppData/Local/UnrealEngine/Common/DerivedDataCache: Writable
[2022.01.16-08.01.42:385][  0]LogDerivedDataCache: Shared data cache path not found in *engine.ini, will not use an Shared cache.
[2022.01.16-08.01.42:385][  0]LogDerivedDataCache: Unable to find inner node Shared for hierarchical cache Hierarchy.
[2022.01.16-08.01.42:427][  0]LogSlate: Using FreeType 2.10.0
[2022.01.16-08.01.42:428][  0]LogSlate: SlateFontServices - WITH_FREETYPE: 1, WITH_HARFBUZZ: 1
[2022.01.16-08.01.42:449][  0]LogAssetRegistry: FAssetRegistry took 0.0035 seconds to start up
[2022.01.16-08.01.42:642][  0]LogInit: Selected Device Profile: [Windows]
[2022.01.16-08.01.42:642][  0]LogInit: Active device profile: [000001C08C526C00][000001C0825C8200 49] Windows
[2022.01.16-08.01.42:642][  0]LogInit: Profiles: [000001C08C526C00][000001C0825C8200 49] Windows, [000001C08C4E1600][000001C0897A2380 49] WindowsNoEditor, [000001C08C525600][000001C0897A6500 49] WindowsServer, [000001C08C4E2300][000001C08979E640 49] WindowsClient, [000001C08C526200][000001C0897AE780 49] IOS, [000001C08C4E2600][000001C0897B28C0 49] iPadAir, [000001C08C526900][000001C083C28A40 49] iPadAir2, [000001C08C46AC00][000001C083C3AD00 49] IPadPro, [000001C08C46AD00][000001C083C2CD40 49] iPadAir3, [000001C08C527400][000001C083C3EEC0 49] iPadAir4, [000001C08C46B400][000001C083C43040 49] iPadMini2, [000001C08C525D00][000001C08A5EF1C0 49] iPadMini3, [000001C08C469200][000001C08A5F3340 49] iPadMini4, [000001C08C524B00][000001C08A5F74C0 49] iPadMini5, [000001C08C4AE500][000001C08A5FF780 49] iPhone6, [000001C08C4AE600][000001C08A5FB7C0 49] iPodTouch6, [000001C08C469F00][000001C08A607A80 49] iPhone7, [000001C08C46A000][000001C08A603AC0 49] iPodTouch7, [000001C08C4AE900][000001C08A60A0C0 49] iPhone5S, [000001C08C468A00][000001C0FEC1C240 49] iPhone6Plus, [000001C08C4AD200][000001C0897823C0 49] iPhone6S, [000001C08C46BB00][000001C08978E540 49] iPhone6SPlus, [000001C08C4AFC00][000001C0897926C0 49] iPhone7Plus, [000001C08C46B700][000001C08A1FA800 49] iPhoneSE, [000001C08C4AEF00][000001C089796940 49] iPhone8, [000001C08C468700][000001C0899C0A80 49] iPhone8Plus, [000001C08C4AD800][000001C0899C4BC0 49] iPhoneX, [000001C08C46B000][000001C0899CCD40 49] iPhoneXS, [000001C08C4AFF00][000001C0899D4EC0 49] iPhoneXSMax, [000001C08C46A400][000001C0899D9040 49] iPhoneXR, [000001C08C4AFE00][000001C0899DD1C0 49] iPhone11, [000001C08C468F00][000001C0FEC21340 49] iPhone11Pro, [000001C08C4AF000][000001C0FEC254C0 49] iPhone11ProMax, [000001C08C46AE00][000001C0FEC29640 49] iPhoneSE2, [000001C08C4AC500][000001C0FEC2D7C0 49] iPhone12Mini, [000001C08C46BD00][000001C0899D1940 49] iPhone12, [000001C08C4AC600][000001C08979BAC0 49] iPhone12Pro, [000001C08C468800][000001C0FEC520C0 49] iPhone12ProMax, [000001C08C4AF300][000001C0FEC56240 49] iPadPro105, [000001C08C468600][000001C0FEC5A3C0 49] iPadPro129, [000001C08C4ACA00][000001C0FEC5E540 49] iPadPro97, [000001C08C46B900][000001C0898EE6C0 49] iPadPro2_129, [000001C08C4ADF00][000001C0898F2840 49] iPad5, [000001C08C46B800][000001C0899C8980 49] iPad6, [000001C08C4ACB00][000001C0897AAAC0 49] iPad7, [000001C08C46B100][000001C087E86C00 49] iPad8, [000001C08C4AC700][000001C087E8AD40 49] iPadPro11, [000001C08C46A300][000001C082578EC0 49] iPadPro2_11, [000001C08C4ACC00][000001C08257D040 49] iPadPro3_129, [000001C08C468300][000001C0825811C0 49] iPadPro4_129, [000001C08C4E1900][000001C082585340 49] AppleTV, [000001C08C588800][000001C0825894C0 49] AppleTV4K, [000001C08C4E3500][000001C08258D640 49] TVOS, [000001C08C589C00][000001C0825917C0 49] Mac, [000001C08C4E3200][000001C082595940 49] MacClient, [000001C08C589600][000001C082599AC0 49] MacNoEditor, [000001C08C4E3900][000001C0898F60C0 49] MacServer, [000001C08C58A100][000001C0898FA240 49] Linux, [000001C08C4E2400][000001C0898FE3C0 49] LinuxAArch64, [000001C08C588C00][000001C089902540 49] LinuxNoEditor, [000001C08C4E3600][000001C0899066C0 49] LinuxAArch64NoEditor, [000001C08C589100][000001C08990A840 49] LinuxClient, [000001C08C4E2900][000001C08990E9C0 49] LinuxAArch64Client, [000001C08C589A00][000001C089912B40 49] LinuxServer, [000001C08C4E1000][000001C082574C80 49] LinuxAArch64Server, [000001C08C589800][000001C089916DC0 49] Android, [000001C08C4E0C00][000001C08991AF00 49] Android_Low, [000001C08C589000][000001C08A403080 49] Android_Mid, [000001C08C469A00][000001C08A407200 49] Android_High, [000001C08C4AC300][000001C08A40B380 49] Android_Default, [000001C08C46B200][000001C08A40F500 49] Android_Adreno4xx, [000001C08C4ADA00][000001C08A413680 49] Android_Adreno5xx_Low, [000001C08C46BF00][000001C08A417800 49] Android_Adreno5xx, [000001C08C4AEB00][000001C08A41B980 49] Android_Adreno6xx, [000001C08C46BC00][000001C08A41FB00 49] Android_Adreno6xx_Vulkan, [000001C08C4AE000][000001C08A422100 49] Android_Mali_T6xx, [000001C08C469B00][000001C08A426280 49] Android_Mali_T7xx, [000001C08C4AD100][000001C08A42A400 49] Android_Mali_T8xx, [000001C08C469C00][000001C08A42E580 49] Android_Mali_G71, [000001C08C4AE200][000001C08A432700 49] Android_Mali_G72, [000001C08C46A600][000001C08A436880 49] Android_Mali_G72_Vulkan, [000001C08C4AEC00][000001C08A43AA00 49] Android_Mali_G76, [000001C08C468400][000001C08A43EB80 49] Android_Mali_G76_Vulkan, [000001C08C4AEA00][000001C08A442D00 49] Android_Mali_G77, [000001C08C46A900][000001C08991EE40 49] Android_Mali_G77_Vulkan, [000001C08C588600][000001C08A446F80 49] Android_Mali_G78, [000001C08C46A800][000001C08A44B0C0 49] Android_Mali_G78_Vulkan, [000001C08C589400][000001C08985B240 49] Android_Mali_G710, [000001C08C46BE00][000001C08985F3C0 49] Android_Mali_G710_Vulkan, [000001C08C4AC800][000001C089863540 49] Android_Vulkan_SM5, [000001C08C469700][000001C0898676C0 49] Android_PowerVR_G6xxx, [000001C08C4AD500][000001C08986B840 49] Android_PowerVR_GT7xxx, [000001C08C46B600][000001C08986F9C0 49] Android_PowerVR_GE8xxx, [000001C08C4AC900][000001C089873B40 49] Android_PowerVR_GM9xxx, [000001C08C469600][000001C089876140 49] Android_PowerVR_GM9xxx_Vulkan, [000001C08C4ACF00][000001C08987A2C0 49] Android_TegraK1, [000001C08C46AB00][000001C08987E440 49] Android_Unknown_Vulkan, [000001C08C4AD700][000001C0898825C0 49] Lumin, [000001C08C469500][000001C089886740 49] Lumin_Desktop, [000001C08C4AF900][000001C08988A8C0 49] HoloLens, 
[2022.01.16-08.01.42:753][  0]LogMeshReduction: Using QuadricMeshReduction for automatic static mesh reduction
[2022.01.16-08.01.42:753][  0]LogMeshReduction: Using SimplygonMeshReduction for automatic skeletal mesh reduction
[2022.01.16-08.01.42:753][  0]LogMeshReduction: Using ProxyLODMeshReduction for automatic mesh merging
[2022.01.16-08.01.42:753][  0]LogMeshReduction: No distributed automatic mesh merging module available
[2022.01.16-08.01.42:753][  0]LogMeshMerging: No distributed automatic mesh merging module available
[2022.01.16-08.01.42:765][  0]LogNetVersion: Cyberpunk2022 1.0.0, NetCL: 17155196, EngineNetVer: 17, GameNetVer: 0 (Checksum: 1028016206)
[2022.01.16-08.01.43:055][  0]LogTexture: Default maximum texture size for cubemaps generated from long-lat sources has been changed from 512 to unlimited. In order to preserve old behaiour for '/Engine/MapTemplates/Sky/DaylightAmbientCubemap.DaylightAmbientCubemap', its maximum texture size has been explicitly set to 512.
[2022.01.16-08.01.43:102][  0]LogHMD: PokeAHoleMaterial loaded successfully
[2022.01.16-08.01.43:107][  0]LogUObjectArray: 17178 objects as part of root set at end of initial load.
[2022.01.16-08.01.43:107][  0]LogUObjectAllocator: 4302048 out of 0 bytes used by permanent object pool.
[2022.01.16-08.01.43:107][  0]LogUObjectArray: CloseDisregardForGC: 0/0 objects in disregard for GC pool
[2022.01.16-08.01.43:384][  0]LogNiagaraDebuggerClient: Niagara Debugger Client Initialized | Session: 3F0F394F47E01D15BF22EA8176BA24B7 | Instance: 61C9A8234DD1B7E74AFFE0BFE92DF51D (DESKTOP-P6OQVGL-1484).
[2022.01.16-08.01.43:500][  0]LogTcpMessaging: Initializing TcpMessaging bridge
[2022.01.16-08.01.43:506][  0]LogUdpMessaging: Initializing bridge on interface 0.0.0.0:0 to multicast group 230.0.0.1:6666.
[2022.01.16-08.01.43:521][  0]LogPython: Using Python 3.7.7
[2022.01.16-08.01.44:056][  0]LogLinker: Warning: [AssetLog] E:\UE4\Projects\WargamingAcademy\Cyberpunk2022\Content\FirstPersonCPP\Weapons\Meshes\BelicaGuns.uasset: Failed to load '/Game/FirstPersonCPP/Weapons/Materials/M_Belica_Guns': Can't find file.
[2022.01.16-08.01.44:056][  0]LogLinker: Warning: [AssetLog] E:\UE4\Projects\WargamingAcademy\Cyberpunk2022\Content\FirstPersonCPP\Weapons\Meshes\BelicaGuns.uasset: Failed to load '/Game/FirstPersonCPP/Weapons/Materials/M_Belica_Guns': Can't find file.
[2022.01.16-08.01.44:056][  0]LogLinker: Warning: [AssetLog] E:\UE4\Projects\WargamingAcademy\Cyberpunk2022\Content\FirstPersonCPP\Weapons\Meshes\BelicaGuns.uasset: Failed to load '/Game/FirstPersonCPP/Weapons/Materials/M_Belica_Guns': Can't find file.
[2022.01.16-08.01.44:057][  0]LogLinker: Warning: [AssetLog] E:\UE4\Projects\WargamingAcademy\Cyberpunk2022\Content\FirstPersonCPP\Weapons\Meshes\BelicaGuns.uasset: Failed to load '/Game/FirstPersonCPP/Weapons/Meshes/BelicaGuns_Skeleton': Can't find file.
[2022.01.16-08.01.44:057][  0]LogLinker: Warning: [AssetLog] E:\UE4\Projects\WargamingAcademy\Cyberpunk2022\Content\FirstPersonCPP\Weapons\Meshes\BelicaGuns.uasset: Failed to load '/Game/FirstPersonCPP/Weapons/Meshes/BelicaGuns_Skeleton': Can't find file.
[2022.01.16-08.01.44:057][  0]LogLinker: Warning: [AssetLog] E:\UE4\Projects\WargamingAcademy\Cyberpunk2022\Content\FirstPersonCPP\Weapons\Meshes\BelicaGuns.uasset: Failed to load '/Game/FirstPersonCPP/Weapons/Meshes/BelicaGuns_Skeleton': Can't find file.
[2022.01.16-08.01.44:109][  0]LogLinker: Warning: [AssetLog] E:\UE4\Projects\WargamingAcademy\Cyberpunk2022\Content\FirstPersonCPP\Weapons\Meshes\BelicaGuns.uasset: Failed to load '/Game/FirstPersonCPP/Weapons/Meshes/BelicaGuns_Skeleton': Can't find file.
[2022.01.16-08.01.44:109][  0]LoadErrors: Failed to load /Game/FirstPersonCPP/Weapons/Meshes/BelicaGuns_Skeleton.BelicaGuns_Skeleton Referenced by BelicaGuns
[2022.01.16-08.01.44:109][  0]LogLinker: Warning: [AssetLog] E:\UE4\Projects\WargamingAcademy\Cyberpunk2022\Content\FirstPersonCPP\Weapons\Meshes\BelicaGuns.uasset: Failed to load '/Game/FirstPersonCPP/Weapons/Materials/M_Belica_Guns': Can't find file.
[2022.01.16-08.01.44:109][  0]LoadErrors: Failed to load /Game/FirstPersonCPP/Weapons/Materials/M_Belica_Guns.M_Belica_Guns Referenced by BelicaGuns
[2022.01.16-08.01.44:476][  0]LogOpenImageDenoise: OIDN starting up
[2022.01.16-08.01.44:491][  0]LogAndroidPermission: UAndroidPermissionCallbackProxy::GetInstance
[2022.01.16-08.01.44:514][  0]LogAudioCaptureCore: Display: No Audio Capture implementations found. Audio input will be silent.
[2022.01.16-08.01.44:514][  0]LogAudioCaptureCore: Display: No Audio Capture implementations found. Audio input will be silent.
[2022.01.16-08.01.44:641][  0]SourceControl: Source control is disabled
[2022.01.16-08.01.44:641][  0]SourceControl: Source control is disabled
[2022.01.16-08.01.44:644][  0]SourceControl: Source control is disabled
[2022.01.16-08.01.44:648][  0]SourceControl: Source control is disabled
[2022.01.16-08.01.44:655][  0]SourceControl: Source control is disabled
[2022.01.16-08.01.44:658][  0]LogUProjectInfo: Found projects:
[2022.01.16-08.01.44:677][  0]LogCollectionManager: Loaded 0 collections in 0.000546 seconds
[2022.01.16-08.01.44:702][  0]LogFileCache: Scanning file cache for directory 'E:/UE4/Projects/WargamingAcademy/Cyberpunk2022/Saved/Collections/' took 0.00s
[2022.01.16-08.01.44:702][  0]LogFileCache: Scanning file cache for directory 'E:/UE4/Projects/WargamingAcademy/Cyberpunk2022/Content/Developers/Artem/Collections/' took 0.00s
[2022.01.16-08.01.44:702][  0]LogFileCache: Scanning file cache for directory 'E:/UE4/Projects/WargamingAcademy/Cyberpunk2022/Content/Collections/' took 0.00s
[2022.01.16-08.01.44:702][  0]LogOcInput: OculusInput pre-init called
[2022.01.16-08.01.44:893][  0]LogEngine: Initializing Engine...
[2022.01.16-08.01.44:896][  0]LogHMD: Failed to enumerate extensions. Please check that you have a valid OpenXR runtime installed.
[2022.01.16-08.01.44:896][  0]LogHMD: Failed to initialize OpenVR with code 110
[2022.01.16-08.01.44:896][  0]LogMagicLeap: Warning: VR disabled because ZI is not enabled.  To enable, in the editor, Edit -> Project Settings -> Plugins -> Magic Leap Plugin -> Enable Zero Iteration
[2022.01.16-08.01.44:897][  0]LogStats: UGameplayTagsManager::InitializeManager -  0.000 s
[2022.01.16-08.01.44:986][  0]LogInit: Initializing FReadOnlyCVARCache
[2022.01.16-08.01.44:994][  0]LogAIModule: Creating AISystem for world Untitled
[2022.01.16-08.01.45:003][  0]LogAudio: Display: Initializing Audio Device Manager...
[2022.01.16-08.01.45:008][  0]LogAudio: Display: Loading Default Audio Settings Objects...
[2022.01.16-08.01.45:009][  0]LogAudio: Display: No default SoundConcurrencyObject specified (or failed to load).
[2022.01.16-08.01.45:009][  0]LogAudio: Display: Audio Device Manager Initialized
[2022.01.16-08.01.45:009][  0]LogAudio: Display: Creating Audio Device:                 Id: 1, Scope: Shared, Realtime: True
[2022.01.16-08.01.45:009][  0]LogAudioMixer: Display: Audio Mixer Platform Settings:
[2022.01.16-08.01.45:009][  0]LogAudioMixer: Display: 	Sample Rate:						  48000
[2022.01.16-08.01.45:009][  0]LogAudioMixer: Display: 	Callback Buffer Frame Size Requested: 1024
[2022.01.16-08.01.45:009][  0]LogAudioMixer: Display: 	Callback Buffer Frame Size To Use:	  1024
[2022.01.16-08.01.45:009][  0]LogAudioMixer: Display: 	Number of buffers to queue:			  2
[2022.01.16-08.01.45:009][  0]LogAudioMixer: Display: 	Max Channels (voices):				  32
[2022.01.16-08.01.45:009][  0]LogAudioMixer: Display: 	Number of Async Source Workers:		  0
[2022.01.16-08.01.45:009][  0]LogAudio: Display: AudioDevice MaxSources: 32
[2022.01.16-08.01.45:010][  0]LogAudio: Display: Audio Spatialization Plugin: None (built-in).
[2022.01.16-08.01.45:010][  0]LogAudio: Display: Audio Reverb Plugin: None (built-in).
[2022.01.16-08.01.45:010][  0]LogAudio: Display: Audio Occlusion Plugin: None (built-in).
[2022.01.16-08.01.45:010][  0]LogAudioMixer: Display: Initializing audio mixer.
[2022.01.16-08.01.45:022][  0]LogAudioMixer: Display: 0: FrontLeft
[2022.01.16-08.01.45:022][  0]LogAudioMixer: Display: 1: FrontRight
[2022.01.16-08.01.45:102][  0]LogAudioMixer: Display: Using Audio Device Headphones (Realtek(R) Audio)
[2022.01.16-08.01.45:105][  0]LogAudioMixer: Display: Initializing Sound Submixes...
[2022.01.16-08.01.45:106][  0]LogAudioMixer: Display: Creating Master Submix 'MasterSubmixDefault'
[2022.01.16-08.01.45:106][  0]LogAudioMixer: Display: Creating Master Submix 'MasterReverbSubmixDefault'
[2022.01.16-08.01.45:108][  0]LogAudioMixer: Display: Creating Master Submix 'MasterEQSubmixDefault'
[2022.01.16-08.01.45:108][  0]LogAudioMixer: FMixerPlatformXAudio2::StartAudioStream() called
[2022.01.16-08.01.45:108][  0]LogAudioMixer: Display: Output buffers initialized: Frames=1024, Channels=2, Samples=2048
[2022.01.16-08.01.45:109][  0]LogAudioMixer: Display: Starting AudioMixerPlatformInterface::RunInternal()
[2022.01.16-08.01.45:109][  0]LogAudioMixer: Display: FMixerPlatformXAudio2::SubmitBuffer() called for the first time
[2022.01.16-08.01.45:109][  0]LogInit: FAudioDevice initialized.
[2022.01.16-08.01.45:109][  0]LogAudio: Display: Audio Device (ID: 1) registered with world 'Untitled'.
[2022.01.16-08.01.45:110][  0]LogNetVersion: Set ProjectVersion to 1.0.0.0. Version Checksum will be recalculated on next use.
[2022.01.16-08.01.45:163][  0]LogDerivedDataCache: Saved boot cache 0.05s 101MB C:/Users/Artem/AppData/Local/UnrealEngine/4.27/DerivedDataCache/Boot.ddc.
[2022.01.16-08.01.45:163][  0]LogInit: Texture streaming: Enabled
[2022.01.16-08.01.45:177][  0]LogAnalytics: Display: [UEEditor.Rocket.Release] APIServer = https://datarouter.ol.epicgames.com/. AppVersion = 4.27.2-18319896+++UE4+Release-4.27
[2022.01.16-08.01.45:181][  0]LogEngineSessionManager: EngineSessionManager initialized
[2022.01.16-08.01.45:181][  0]LogEngineSessionManager: EngineSessionManager sent abnormal shutdown report. Type=Debugger, SessionId={53041EC4-44FF-B6D4-BD21-A89330889419}
[2022.01.16-08.01.45:181][  0]LogEditorSessionSummary: Verbose: Initializing EditorSessionSummaryWriter for editor session tracking
[2022.01.16-08.01.45:182][  0]LogEditorSessionSummary: EditorSessionSummaryWriter initialized
[2022.01.16-08.01.45:201][  0]LogInit: Transaction tracking system initialized
[2022.01.16-08.01.45:223][  0]BlueprintLog: New page: Editor Load
[2022.01.16-08.01.45:285][  0]LocalizationService: Localization service is disabled
[2022.01.16-08.01.45:309][  0]TimingProfiler: Initialize
[2022.01.16-08.01.45:309][  0]TimingProfiler: OnSessionChanged
[2022.01.16-08.01.45:309][  0]LoadingProfiler: Initialize
[2022.01.16-08.01.45:310][  0]LoadingProfiler: OnSessionChanged
[2022.01.16-08.01.45:310][  0]NetworkingProfiler: Initialize
[2022.01.16-08.01.45:310][  0]NetworkingProfiler: OnSessionChanged
[2022.01.16-08.01.45:310][  0]MemoryProfiler: Initialize
[2022.01.16-08.01.45:310][  0]MemoryProfiler: OnSessionChanged
[2022.01.16-08.01.45:430][  0]LogCook: Display: CookSettings for Memory: MemoryMaxUsedVirtual 0MiB, MemoryMaxUsedPhysical 16384MiB, MemoryMinFreeVirtual 0MiB, MemoryMinFreePhysical 1024MiB
[2022.01.16-08.01.45:430][  0]LogCook: Display: Mobile HDR setting 1
[2022.01.16-08.01.45:554][  0]LogFileCache: Scanning file cache for directory 'E:/UE4/Projects/WargamingAcademy/Cyberpunk2022/Content/' took 0.00s
[2022.01.16-08.01.45:773][  0]LogInit: Display: Engine is initialized. Leaving FEngineLoop::Init()
[2022.01.16-08.01.45:775][  0]SourceControl: Source control is disabled
[2022.01.16-08.01.45:775][  0]LogUnrealEdMisc: Loading editor; pre map load, took 6.479
[2022.01.16-08.01.45:775][  0]Cmd: MAP LOAD FILE="../../../../Projects/WargamingAcademy/Cyberpunk2022/Content/FirstPersonCPP/Maps/FirstPersonExampleMap.umap" TEMPLATE=0 SHOWPROGRESS=1 FEATURELEVEL=3
[2022.01.16-08.01.45:775][  0]LightingResults: New page: Lighting Build
[2022.01.16-08.01.45:777][  0]LogWorld: UWorld::CleanupWorld for Untitled, bSessionEnded=true, bCleanupResources=true
[2022.01.16-08.01.45:777][  0]LogSlate: InvalidateAllWidgets triggered.  All widgets were invalidated
[2022.01.16-08.01.45:777][  0]MapCheck: New page: Map Check
[2022.01.16-08.01.45:777][  0]LightingResults: New page: Lighting Build
[2022.01.16-08.01.45:784][  0]LogAudio: Display: Audio Device unregistered from world 'None'.
[2022.01.16-08.01.45:790][  0]LogUObjectHash: Compacting FUObjectHashTables data took   0.84ms
[2022.01.16-08.01.45:825][  0]LogTexture: Display: Building textures: DeprecatedTextureD5B55AC7496CD3FBF6154CA3715BB71F (BGRA8, 128X128)
[2022.01.16-08.01.45:837][  0]LogAudio: Display: Audio Device (ID: 1) registered with world 'FirstPersonExampleMap'.
[2022.01.16-08.01.45:838][  0]LogAIModule: Creating AISystem for world FirstPersonExampleMap
[2022.01.16-08.01.45:843][  0]LogEditorServer: Finished looking for orphan Actors (0.000 secs)
[2022.01.16-08.01.45:854][  0]LogUObjectHash: Compacting FUObjectHashTables data took   0.76ms
[2022.01.16-08.01.45:854][  0]Cmd: MAP CHECKDEP NOCLEARLOG
[2022.01.16-08.01.45:855][  0]MapCheck: Map check complete: 0 Error(s), 0 Warning(s), took 0.115ms to complete.
[2022.01.16-08.01.45:855][  0]LogFileHelpers: Loading map 'FirstPersonExampleMap' took 0.080
[2022.01.16-08.01.45:857][  0]LogUnrealEdMisc: Total Editor Startup Time, took 6.561
[2022.01.16-08.01.45:953][  0]LogSlate: Updating window title bar state: overlay mode, drag disabled, window buttons hidden, title bar hidden
[2022.01.16-08.01.45:958][  0]LogSlate: Updating window title bar state: overlay mode, drag disabled, window buttons hidden, title bar hidden
[2022.01.16-08.01.45:962][  0]LogSlate: Updating window title bar state: overlay mode, drag disabled, window buttons hidden, title bar hidden
[2022.01.16-08.01.45:967][  0]LogSlate: Updating window title bar state: overlay mode, drag disabled, window buttons hidden, title bar hidden
[2022.01.16-08.01.45:979][  0]LogNativeClassHierarchy: Verbose: Native class hierarchy populated in 0.0086 seconds. Added 3828 classes and 930 folders.
[2022.01.16-08.01.45:981][  0]LogNativeClassHierarchy: Verbose: Native class hierarchy updated for 'WidgetCarousel' in 0.0002 seconds. Added 0 classes and 0 folders.
[2022.01.16-08.01.45:982][  0]LogPakFile: PakFile PrimaryIndexSize=187
[2022.01.16-08.01.45:982][  0]LogPakFile: PakFile PathHashIndexSize=101
[2022.01.16-08.01.45:982][  0]LogPakFile: PakFile FullDirectoryIndexSize=148
[2022.01.16-08.01.45:982][  0]LogShaderLibrary: Display: ShaderCodeLibraryPakFileMountedCallback: PakFile 'E:/UE4/UE_4.27/FeaturePacks/FP_FirstPerson.upack' (chunk index -1, root 'root:/') mounted
[2022.01.16-08.01.45:982][  0]LogShaderLibrary: Display: ShaderCodeLibraryPakFileMountedCallback: pending pak file info (ChunkID:-1 Root:root:/ File:E:/UE4/UE_4.27/FeaturePacks/FP_FirstPerson.upack)
[2022.01.16-08.01.45:982][  0]LogPakFile: OnPakFileMounted2Time == 0.000132
[2022.01.16-08.01.45:983][  0]LogPakFile: PakFile PrimaryIndexSize=189
[2022.01.16-08.01.45:983][  0]LogPakFile: PakFile PathHashIndexSize=101
[2022.01.16-08.01.45:983][  0]LogPakFile: PakFile FullDirectoryIndexSize=152
[2022.01.16-08.01.45:983][  0]LogShaderLibrary: Display: ShaderCodeLibraryPakFileMountedCallback: PakFile 'E:/UE4/UE_4.27/FeaturePacks/FP_FirstPersonBP.upack' (chunk index -1, root 'root:/') mounted
[2022.01.16-08.01.45:983][  0]LogShaderLibrary: Display: ShaderCodeLibraryPakFileMountedCallback: pending pak file info (ChunkID:-1 Root:root:/ File:E:/UE4/UE_4.27/FeaturePacks/FP_FirstPersonBP.upack)
[2022.01.16-08.01.45:983][  0]LogPakFile: OnPakFileMounted2Time == 0.000103
[2022.01.16-08.01.45:983][  0]LogPakFile: PakFile PrimaryIndexSize=191
[2022.01.16-08.01.45:983][  0]LogPakFile: PakFile PathHashIndexSize=101
[2022.01.16-08.01.45:983][  0]LogPakFile: PakFile FullDirectoryIndexSize=160
[2022.01.16-08.01.45:983][  0]LogShaderLibrary: Display: ShaderCodeLibraryPakFileMountedCallback: PakFile 'E:/UE4/UE_4.27/FeaturePacks/MobileStarterContent.upack' (chunk index -1, root 'root:/') mounted
[2022.01.16-08.01.45:983][  0]LogShaderLibrary: Display: ShaderCodeLibraryPakFileMountedCallback: pending pak file info (ChunkID:-1 Root:root:/ File:E:/UE4/UE_4.27/FeaturePacks/MobileStarterContent.upack)
[2022.01.16-08.01.45:984][  0]LogPakFile: OnPakFileMounted2Time == 0.000092
[2022.01.16-08.01.45:984][  0]LogPakFile: PakFile PrimaryIndexSize=185
[2022.01.16-08.01.45:984][  0]LogPakFile: PakFile PathHashIndexSize=101
[2022.01.16-08.01.45:984][  0]LogPakFile: PakFile FullDirectoryIndexSize=148
[2022.01.16-08.01.45:984][  0]LogShaderLibrary: Display: ShaderCodeLibraryPakFileMountedCallback: PakFile 'E:/UE4/UE_4.27/FeaturePacks/StarterContent.upack' (chunk index -1, root 'root:/') mounted
[2022.01.16-08.01.45:984][  0]LogShaderLibrary: Display: ShaderCodeLibraryPakFileMountedCallback: pending pak file info (ChunkID:-1 Root:root:/ File:E:/UE4/UE_4.27/FeaturePacks/StarterContent.upack)
[2022.01.16-08.01.45:984][  0]LogPakFile: OnPakFileMounted2Time == 0.000091
[2022.01.16-08.01.45:984][  0]LogPakFile: PakFile PrimaryIndexSize=190
[2022.01.16-08.01.45:985][  0]LogPakFile: PakFile PathHashIndexSize=101
[2022.01.16-08.01.45:985][  0]LogPakFile: PakFile FullDirectoryIndexSize=154
[2022.01.16-08.01.45:985][  0]LogShaderLibrary: Display: ShaderCodeLibraryPakFileMountedCallback: PakFile 'E:/UE4/UE_4.27/FeaturePacks/TP_2DSideScroller.upack' (chunk index -1, root 'root:/') mounted
[2022.01.16-08.01.45:985][  0]LogShaderLibrary: Display: ShaderCodeLibraryPakFileMountedCallback: pending pak file info (ChunkID:-1 Root:root:/ File:E:/UE4/UE_4.27/FeaturePacks/TP_2DSideScroller.upack)
[2022.01.16-08.01.45:985][  0]LogPakFile: OnPakFileMounted2Time == 0.000097
[2022.01.16-08.01.45:985][  0]LogPakFile: PakFile PrimaryIndexSize=192
[2022.01.16-08.01.45:985][  0]LogPakFile: PakFile PathHashIndexSize=101
[2022.01.16-08.01.45:985][  0]LogPakFile: PakFile FullDirectoryIndexSize=158
[2022.01.16-08.01.45:985][  0]LogShaderLibrary: Display: ShaderCodeLibraryPakFileMountedCallback: PakFile 'E:/UE4/UE_4.27/FeaturePacks/TP_2DSideScrollerBP.upack' (chunk index -1, root 'root:/') mounted
[2022.01.16-08.01.45:985][  0]LogShaderLibrary: Display: ShaderCodeLibraryPakFileMountedCallback: pending pak file info (ChunkID:-1 Root:root:/ File:E:/UE4/UE_4.27/FeaturePacks/TP_2DSideScrollerBP.upack)
[2022.01.16-08.01.45:985][  0]LogPakFile: OnPakFileMounted2Time == 0.000088
[2022.01.16-08.01.45:986][  0]LogPakFile: PakFile PrimaryIndexSize=182
[2022.01.16-08.01.45:986][  0]LogPakFile: PakFile PathHashIndexSize=101
[2022.01.16-08.01.45:986][  0]LogPakFile: PakFile FullDirectoryIndexSize=138
[2022.01.16-08.01.45:986][  0]LogShaderLibrary: Display: ShaderCodeLibraryPakFileMountedCallback: PakFile 'E:/UE4/UE_4.27/FeaturePacks/TP_Flying.upack' (chunk index -1, root 'root:/') mounted
[2022.01.16-08.01.45:986][  0]LogShaderLibrary: Display: ShaderCodeLibraryPakFileMountedCallback: pending pak file info (ChunkID:-1 Root:root:/ File:E:/UE4/UE_4.27/FeaturePacks/TP_Flying.upack)
[2022.01.16-08.01.45:986][  0]LogPakFile: OnPakFileMounted2Time == 0.000109
[2022.01.16-08.01.45:986][  0]LogPakFile: PakFile PrimaryIndexSize=184
[2022.01.16-08.01.45:986][  0]LogPakFile: PakFile PathHashIndexSize=101
[2022.01.16-08.01.45:986][  0]LogPakFile: PakFile FullDirectoryIndexSize=142
[2022.01.16-08.01.45:987][  0]LogShaderLibrary: Display: ShaderCodeLibraryPakFileMountedCallback: PakFile 'E:/UE4/UE_4.27/FeaturePacks/TP_FlyingBP.upack' (chunk index -1, root 'root:/') mounted
[2022.01.16-08.01.45:987][  0]LogShaderLibrary: Display: ShaderCodeLibraryPakFileMountedCallback: pending pak file info (ChunkID:-1 Root:root:/ File:E:/UE4/UE_4.27/FeaturePacks/TP_FlyingBP.upack)
[2022.01.16-08.01.45:987][  0]LogPakFile: OnPakFileMounted2Time == 0.000107
[2022.01.16-08.01.45:987][  0]LogPakFile: PakFile PrimaryIndexSize=188
[2022.01.16-08.01.45:987][  0]LogPakFile: PakFile PathHashIndexSize=101
[2022.01.16-08.01.45:987][  0]LogPakFile: PakFile FullDirectoryIndexSize=150
[2022.01.16-08.01.45:987][  0]LogShaderLibrary: Display: ShaderCodeLibraryPakFileMountedCallback: PakFile 'E:/UE4/UE_4.27/FeaturePacks/TP_HandheldARBP.upack' (chunk index -1, root 'root:/') mounted
[2022.01.16-08.01.45:987][  0]LogShaderLibrary: Display: ShaderCodeLibraryPakFileMountedCallback: pending pak file info (ChunkID:-1 Root:root:/ File:E:/UE4/UE_4.27/FeaturePacks/TP_HandheldARBP.upack)
[2022.01.16-08.01.45:987][  0]LogPakFile: OnPakFileMounted2Time == 0.000092
[2022.01.16-08.01.45:988][  0]LogPakFile: PakFile PrimaryIndexSize=182
[2022.01.16-08.01.45:988][  0]LogPakFile: PakFile PathHashIndexSize=101
[2022.01.16-08.01.45:988][  0]LogPakFile: PakFile FullDirectoryIndexSize=138
[2022.01.16-08.01.45:988][  0]LogShaderLibrary: Display: ShaderCodeLibraryPakFileMountedCallback: PakFile 'E:/UE4/UE_4.27/FeaturePacks/TP_Puzzle.upack' (chunk index -1, root 'root:/') mounted
[2022.01.16-08.01.45:988][  0]LogShaderLibrary: Display: ShaderCodeLibraryPakFileMountedCallback: pending pak file info (ChunkID:-1 Root:root:/ File:E:/UE4/UE_4.27/FeaturePacks/TP_Puzzle.upack)
[2022.01.16-08.01.45:988][  0]LogPakFile: OnPakFileMounted2Time == 0.000103
[2022.01.16-08.01.45:988][  0]LogPakFile: PakFile PrimaryIndexSize=184
[2022.01.16-08.01.45:988][  0]LogPakFile: PakFile PathHashIndexSize=101
[2022.01.16-08.01.45:988][  0]LogPakFile: PakFile FullDirectoryIndexSize=142
[2022.01.16-08.01.45:988][  0]LogShaderLibrary: Display: ShaderCodeLibraryPakFileMountedCallback: PakFile 'E:/UE4/UE_4.27/FeaturePacks/TP_PuzzleBP.upack' (chunk index -1, root 'root:/') mounted
[2022.01.16-08.01.45:989][  0]LogShaderLibrary: Display: ShaderCodeLibraryPakFileMountedCallback: pending pak file info (ChunkID:-1 Root:root:/ File:E:/UE4/UE_4.27/FeaturePacks/TP_PuzzleBP.upack)
[2022.01.16-08.01.45:989][  0]LogPakFile: OnPakFileMounted2Time == 0.000102
[2022.01.16-08.01.45:989][  0]LogPakFile: PakFile PrimaryIndexSize=183
[2022.01.16-08.01.45:989][  0]LogPakFile: PakFile PathHashIndexSize=101
[2022.01.16-08.01.45:989][  0]LogPakFile: PakFile FullDirectoryIndexSize=140
[2022.01.16-08.01.45:989][  0]LogShaderLibrary: Display: ShaderCodeLibraryPakFileMountedCallback: PakFile 'E:/UE4/UE_4.27/FeaturePacks/TP_Rolling.upack' (chunk index -1, root 'root:/') mounted
[2022.01.16-08.01.45:989][  0]LogShaderLibrary: Display: ShaderCodeLibraryPakFileMountedCallback: pending pak file info (ChunkID:-1 Root:root:/ File:E:/UE4/UE_4.27/FeaturePacks/TP_Rolling.upack)
[2022.01.16-08.01.45:989][  0]LogPakFile: OnPakFileMounted2Time == 0.000083
[2022.01.16-08.01.45:990][  0]LogPakFile: PakFile PrimaryIndexSize=185
[2022.01.16-08.01.45:990][  0]LogPakFile: PakFile PathHashIndexSize=101
[2022.01.16-08.01.45:990][  0]LogPakFile: PakFile FullDirectoryIndexSize=144
[2022.01.16-08.01.45:990][  0]LogShaderLibrary: Display: ShaderCodeLibraryPakFileMountedCallback: PakFile 'E:/UE4/UE_4.27/FeaturePacks/TP_RollingBP.upack' (chunk index -1, root 'root:/') mounted
[2022.01.16-08.01.45:990][  0]LogShaderLibrary: Display: ShaderCodeLibraryPakFileMountedCallback: pending pak file info (ChunkID:-1 Root:root:/ File:E:/UE4/UE_4.27/FeaturePacks/TP_RollingBP.upack)
[2022.01.16-08.01.45:990][  0]LogPakFile: OnPakFileMounted2Time == 0.000082
[2022.01.16-08.01.45:990][  0]LogPakFile: PakFile PrimaryIndexSize=188
[2022.01.16-08.01.45:990][  0]LogPakFile: PakFile PathHashIndexSize=101
[2022.01.16-08.01.45:990][  0]LogPakFile: PakFile FullDirectoryIndexSize=150
[2022.01.16-08.01.45:990][  0]LogShaderLibrary: Display: ShaderCodeLibraryPakFileMountedCallback: PakFile 'E:/UE4/UE_4.27/FeaturePacks/TP_SideScroller.upack' (chunk index -1, root 'root:/') mounted
[2022.01.16-08.01.45:990][  0]LogShaderLibrary: Display: ShaderCodeLibraryPakFileMountedCallback: pending pak file info (ChunkID:-1 Root:root:/ File:E:/UE4/UE_4.27/FeaturePacks/TP_SideScroller.upack)
[2022.01.16-08.01.45:990][  0]LogPakFile: OnPakFileMounted2Time == 0.000077
[2022.01.16-08.01.45:991][  0]LogPakFile: PakFile PrimaryIndexSize=190
[2022.01.16-08.01.45:991][  0]LogPakFile: PakFile PathHashIndexSize=101
[2022.01.16-08.01.45:991][  0]LogPakFile: PakFile FullDirectoryIndexSize=154
[2022.01.16-08.01.45:991][  0]LogShaderLibrary: Display: ShaderCodeLibraryPakFileMountedCallback: PakFile 'E:/UE4/UE_4.27/FeaturePacks/TP_SideScrollerBP.upack' (chunk index -1, root 'root:/') mounted
[2022.01.16-08.01.45:991][  0]LogShaderLibrary: Display: ShaderCodeLibraryPakFileMountedCallback: pending pak file info (ChunkID:-1 Root:root:/ File:E:/UE4/UE_4.27/FeaturePacks/TP_SideScrollerBP.upack)
[2022.01.16-08.01.45:991][  0]LogPakFile: OnPakFileMounted2Time == 0.000088
[2022.01.16-08.01.45:991][  0]LogPakFile: PakFile PrimaryIndexSize=187
[2022.01.16-08.01.45:991][  0]LogPakFile: PakFile PathHashIndexSize=101
[2022.01.16-08.01.45:991][  0]LogPakFile: PakFile FullDirectoryIndexSize=148
[2022.01.16-08.01.45:991][  0]LogShaderLibrary: Display: ShaderCodeLibraryPakFileMountedCallback: PakFile 'E:/UE4/UE_4.27/FeaturePacks/TP_ThirdPerson.upack' (chunk index -1, root 'root:/') mounted
[2022.01.16-08.01.45:991][  0]LogShaderLibrary: Display: ShaderCodeLibraryPakFileMountedCallback: pending pak file info (ChunkID:-1 Root:root:/ File:E:/UE4/UE_4.27/FeaturePacks/TP_ThirdPerson.upack)
[2022.01.16-08.01.45:991][  0]LogPakFile: OnPakFileMounted2Time == 0.000083
[2022.01.16-08.01.45:992][  0]LogPakFile: PakFile PrimaryIndexSize=189
[2022.01.16-08.01.45:992][  0]LogPakFile: PakFile PathHashIndexSize=101
[2022.01.16-08.01.45:992][  0]LogPakFile: PakFile FullDirectoryIndexSize=152
[2022.01.16-08.01.45:992][  0]LogShaderLibrary: Display: ShaderCodeLibraryPakFileMountedCallback: PakFile 'E:/UE4/UE_4.27/FeaturePacks/TP_ThirdPersonBP.upack' (chunk index -1, root 'root:/') mounted
[2022.01.16-08.01.45:992][  0]LogShaderLibrary: Display: ShaderCodeLibraryPakFileMountedCallback: pending pak file info (ChunkID:-1 Root:root:/ File:E:/UE4/UE_4.27/FeaturePacks/TP_ThirdPersonBP.upack)
[2022.01.16-08.01.45:992][  0]LogPakFile: OnPakFileMounted2Time == 0.000121
[2022.01.16-08.01.45:992][  0]LogPakFile: PakFile PrimaryIndexSize=183
[2022.01.16-08.01.45:993][  0]LogPakFile: PakFile PathHashIndexSize=101
[2022.01.16-08.01.45:993][  0]LogPakFile: PakFile FullDirectoryIndexSize=140
[2022.01.16-08.01.45:993][  0]LogShaderLibrary: Display: ShaderCodeLibraryPakFileMountedCallback: PakFile 'E:/UE4/UE_4.27/FeaturePacks/TP_TopDown.upack' (chunk index -1, root 'root:/') mounted
[2022.01.16-08.01.45:993][  0]LogShaderLibrary: Display: ShaderCodeLibraryPakFileMountedCallback: pending pak file info (ChunkID:-1 Root:root:/ File:E:/UE4/UE_4.27/FeaturePacks/TP_TopDown.upack)
[2022.01.16-08.01.45:993][  0]LogPakFile: OnPakFileMounted2Time == 0.000107
[2022.01.16-08.01.45:993][  0]LogPakFile: PakFile PrimaryIndexSize=185
[2022.01.16-08.01.45:993][  0]LogPakFile: PakFile PathHashIndexSize=101
[2022.01.16-08.01.45:993][  0]LogPakFile: PakFile FullDirectoryIndexSize=144
[2022.01.16-08.01.45:993][  0]LogShaderLibrary: Display: ShaderCodeLibraryPakFileMountedCallback: PakFile 'E:/UE4/UE_4.27/FeaturePacks/TP_TopDownBP.upack' (chunk index -1, root 'root:/') mounted
[2022.01.16-08.01.45:993][  0]LogShaderLibrary: Display: ShaderCodeLibraryPakFileMountedCallback: pending pak file info (ChunkID:-1 Root:root:/ File:E:/UE4/UE_4.27/FeaturePacks/TP_TopDownBP.upack)
[2022.01.16-08.01.45:993][  0]LogPakFile: OnPakFileMounted2Time == 0.000100
[2022.01.16-08.01.45:994][  0]LogPakFile: PakFile PrimaryIndexSize=185
[2022.01.16-08.01.45:994][  0]LogPakFile: PakFile PathHashIndexSize=101
[2022.01.16-08.01.45:994][  0]LogPakFile: PakFile FullDirectoryIndexSize=144
[2022.01.16-08.01.45:994][  0]LogShaderLibrary: Display: ShaderCodeLibraryPakFileMountedCallback: PakFile 'E:/UE4/UE_4.27/FeaturePacks/TP_TwinStick.upack' (chunk index -1, root 'root:/') mounted
[2022.01.16-08.01.45:994][  0]LogShaderLibrary: Display: ShaderCodeLibraryPakFileMountedCallback: pending pak file info (ChunkID:-1 Root:root:/ File:E:/UE4/UE_4.27/FeaturePacks/TP_TwinStick.upack)
[2022.01.16-08.01.45:994][  0]LogPakFile: OnPakFileMounted2Time == 0.000089
[2022.01.16-08.01.45:994][  0]LogPakFile: PakFile PrimaryIndexSize=187
[2022.01.16-08.01.45:994][  0]LogPakFile: PakFile PathHashIndexSize=101
[2022.01.16-08.01.45:994][  0]LogPakFile: PakFile FullDirectoryIndexSize=148
[2022.01.16-08.01.45:994][  0]LogShaderLibrary: Display: ShaderCodeLibraryPakFileMountedCallback: PakFile 'E:/UE4/UE_4.27/FeaturePacks/TP_TwinStickBP.upack' (chunk index -1, root 'root:/') mounted
[2022.01.16-08.01.45:994][  0]LogShaderLibrary: Display: ShaderCodeLibraryPakFileMountedCallback: pending pak file info (ChunkID:-1 Root:root:/ File:E:/UE4/UE_4.27/FeaturePacks/TP_TwinStickBP.upack)
[2022.01.16-08.01.45:995][  0]LogPakFile: OnPakFileMounted2Time == 0.000090
[2022.01.16-08.01.45:995][  0]LogPakFile: PakFile PrimaryIndexSize=183
[2022.01.16-08.01.45:995][  0]LogPakFile: PakFile PathHashIndexSize=101
[2022.01.16-08.01.45:995][  0]LogPakFile: PakFile FullDirectoryIndexSize=140
[2022.01.16-08.01.45:995][  0]LogShaderLibrary: Display: ShaderCodeLibraryPakFileMountedCallback: PakFile 'E:/UE4/UE_4.27/FeaturePacks/TP_Vehicle.upack' (chunk index -1, root 'root:/') mounted
[2022.01.16-08.01.45:995][  0]LogShaderLibrary: Display: ShaderCodeLibraryPakFileMountedCallback: pending pak file info (ChunkID:-1 Root:root:/ File:E:/UE4/UE_4.27/FeaturePacks/TP_Vehicle.upack)
[2022.01.16-08.01.45:995][  0]LogPakFile: OnPakFileMounted2Time == 0.000082
[2022.01.16-08.01.45:995][  0]LogPakFile: PakFile PrimaryIndexSize=186
[2022.01.16-08.01.45:996][  0]LogPakFile: PakFile PathHashIndexSize=101
[2022.01.16-08.01.45:996][  0]LogPakFile: PakFile FullDirectoryIndexSize=146
[2022.01.16-08.01.45:996][  0]LogShaderLibrary: Display: ShaderCodeLibraryPakFileMountedCallback: PakFile 'E:/UE4/UE_4.27/FeaturePacks/TP_VehicleAdv.upack' (chunk index -1, root 'root:/') mounted
[2022.01.16-08.01.45:996][  0]LogShaderLibrary: Display: ShaderCodeLibraryPakFileMountedCallback: pending pak file info (ChunkID:-1 Root:root:/ File:E:/UE4/UE_4.27/FeaturePacks/TP_VehicleAdv.upack)
[2022.01.16-08.01.45:996][  0]LogPakFile: OnPakFileMounted2Time == 0.000097
[2022.01.16-08.01.45:996][  0]LogPakFile: PakFile PrimaryIndexSize=188
[2022.01.16-08.01.45:996][  0]LogPakFile: PakFile PathHashIndexSize=101
[2022.01.16-08.01.45:996][  0]LogPakFile: PakFile FullDirectoryIndexSize=150
[2022.01.16-08.01.45:996][  0]LogShaderLibrary: Display: ShaderCodeLibraryPakFileMountedCallback: PakFile 'E:/UE4/UE_4.27/FeaturePacks/TP_VehicleAdvBP.upack' (chunk index -1, root 'root:/') mounted
[2022.01.16-08.01.45:996][  0]LogShaderLibrary: Display: ShaderCodeLibraryPakFileMountedCallback: pending pak file info (ChunkID:-1 Root:root:/ File:E:/UE4/UE_4.27/FeaturePacks/TP_VehicleAdvBP.upack)
[2022.01.16-08.01.45:996][  0]LogPakFile: OnPakFileMounted2Time == 0.000099
[2022.01.16-08.01.45:997][  0]LogPakFile: PakFile PrimaryIndexSize=185
[2022.01.16-08.01.45:997][  0]LogPakFile: PakFile PathHashIndexSize=101
[2022.01.16-08.01.45:997][  0]LogPakFile: PakFile FullDirectoryIndexSize=144
[2022.01.16-08.01.45:997][  0]LogShaderLibrary: Display: ShaderCodeLibraryPakFileMountedCallback: PakFile 'E:/UE4/UE_4.27/FeaturePacks/TP_VehicleBP.upack' (chunk index -1, root 'root:/') mounted
[2022.01.16-08.01.45:997][  0]LogShaderLibrary: Display: ShaderCodeLibraryPakFileMountedCallback: pending pak file info (ChunkID:-1 Root:root:/ File:E:/UE4/UE_4.27/FeaturePacks/TP_VehicleBP.upack)
[2022.01.16-08.01.45:997][  0]LogPakFile: OnPakFileMounted2Time == 0.000097
[2022.01.16-08.01.45:997][  0]LogPakFile: PakFile PrimaryIndexSize=192
[2022.01.16-08.01.45:997][  0]LogPakFile: PakFile PathHashIndexSize=101
[2022.01.16-08.01.45:997][  0]LogPakFile: PakFile FullDirectoryIndexSize=158
[2022.01.16-08.01.45:997][  0]LogShaderLibrary: Display: ShaderCodeLibraryPakFileMountedCallback: PakFile 'E:/UE4/UE_4.27/FeaturePacks/TP_VirtualRealityBP.upack' (chunk index -1, root 'root:/') mounted
[2022.01.16-08.01.45:997][  0]LogShaderLibrary: Display: ShaderCodeLibraryPakFileMountedCallback: pending pak file info (ChunkID:-1 Root:root:/ File:E:/UE4/UE_4.27/FeaturePacks/TP_VirtualRealityBP.upack)
[2022.01.16-08.01.45:998][  0]LogPakFile: OnPakFileMounted2Time == 0.000112
[2022.01.16-08.01.46:026][  0]LogNativeClassHierarchy: Verbose: Native class hierarchy updated for 'AddContentDialog' in 0.0003 seconds. Added 0 classes and 0 folders.
[2022.01.16-08.01.46:031][  0]LogNativeClassHierarchy: Verbose: Native class hierarchy updated for 'SceneOutliner' in 0.0002 seconds. Added 2 classes and 0 folders.
[2022.01.16-08.01.46:153][  0]LogSlate: Took 0.000135 seconds to synchronously load lazily loaded font '../../../Engine/Content/Slate/Fonts/Roboto-Regular.ttf' (155K)
[2022.01.16-08.01.46:154][  0]LogSlate: Took 0.000107 seconds to synchronously load lazily loaded font '../../../Engine/Content/Editor/Slate/Fonts/FontAwesome.ttf' (139K)
[2022.01.16-08.01.46:155][  0]LogSlate: Took 0.000084 seconds to synchronously load lazily loaded font '../../../Engine/Content/Slate/Fonts/Roboto-Bold.ttf' (160K)
[2022.01.16-08.01.46:218][  0]LogRenderer: Reallocating scene render targets to support 1208x572 Format 10 NumSamples 1 (Frame:1).
[2022.01.16-08.01.46:259][  0]LogSlate: Took 0.000128 seconds to synchronously load lazily loaded font '../../../Engine/Content/Slate/Fonts/Roboto-Light.ttf' (167K)
[2022.01.16-08.01.46:275][  0]LogSlate: Took 0.000129 seconds to synchronously load lazily loaded font '../../../Engine/Content/Slate/Fonts/DroidSansMono.ttf' (77K)
[2022.01.16-08.01.46:350][  0]LogNativeClassHierarchy: Verbose: Native class hierarchy updated for 'HierarchicalLODOutliner' in 0.0003 seconds. Added 0 classes and 0 folders.
[2022.01.16-08.01.46:351][  0]LogLoad: (Engine Initialization) Total time: 7.06 seconds
[2022.01.16-08.01.46:351][  0]LogLoad: (Engine Initialization) Total Blueprint compile time: 0.00 seconds
[2022.01.16-08.01.46:399][  0]LogAssetRegistry: Asset discovery search completed in 3.9518 seconds
[2022.01.16-08.01.46:404][  0]LogCollectionManager: Fixed up redirectors for 0 collections in 0.000008 seconds (updated 0 objects)
[2022.01.16-08.01.46:405][  0]LogContentStreaming: Texture pool size now 1000 MB
[2022.01.16-08.01.48:050][ 92]LogSlate: Window 'Message Log' being destroyed
[2022.01.16-08.01.48:055][ 92]LogSlate: Window 'Message Log' being destroyed
[2022.01.16-08.01.48:717][132]LogTemp: Repeating last play command: Selected Viewport
[2022.01.16-08.01.48:721][132]LogPlayLevel: PlayLevel: No blueprints needed recompiling
[2022.01.16-08.01.48:722][132]PIE: New page: PIE session: FirstPersonExampleMap (Jan 16, 2022, 2:01:48 PM)
[2022.01.16-08.01.48:724][132]LogOnline: OSS: Creating online subsystem instance for: NULL
[2022.01.16-08.01.48:725][132]LogOnline: OSS: TryLoadSubsystemAndSetDefault: Loaded subsystem for module [NULL]
[2022.01.16-08.01.48:726][132]LogPlayLevel: Creating play world package: /Game/FirstPersonCPP/Maps/UEDPIE_0_FirstPersonExampleMap
[2022.01.16-08.01.48:737][132]LogPlayLevel: PIE: StaticDuplicateObject took: (0.010999s)
[2022.01.16-08.01.48:738][132]LogAIModule: Creating AISystem for world FirstPersonExampleMap
[2022.01.16-08.01.48:738][132]LogPlayLevel: PIE: World Init took: (0.001053s)
[2022.01.16-08.01.48:738][132]LogPlayLevel: PIE: Created PIE world by copying editor world from /Game/FirstPersonCPP/Maps/FirstPersonExampleMap.FirstPersonExampleMap to /Game/FirstPersonCPP/Maps/UEDPIE_0_FirstPersonExampleMap.FirstPersonExampleMap (0.012412s)
[2022.01.16-08.01.48:743][132]LogUObjectHash: Compacting FUObjectHashTables data took   0.65ms
[2022.01.16-08.01.48:744][132]LogAudio: Display: Creating Audio Device:                 Id: 2, Scope: Unique, Realtime: True
[2022.01.16-08.01.48:745][132]LogAudioMixer: Display: Audio Mixer Platform Settings:
[2022.01.16-08.01.48:745][132]LogAudioMixer: Display: 	Sample Rate:						  48000
[2022.01.16-08.01.48:745][132]LogAudioMixer: Display: 	Callback Buffer Frame Size Requested: 1024
[2022.01.16-08.01.48:745][132]LogAudioMixer: Display: 	Callback Buffer Frame Size To Use:	  1024
[2022.01.16-08.01.48:745][132]LogAudioMixer: Display: 	Number of buffers to queue:			  2
[2022.01.16-08.01.48:745][132]LogAudioMixer: Display: 	Max Channels (voices):				  32
[2022.01.16-08.01.48:745][132]LogAudioMixer: Display: 	Number of Async Source Workers:		  0
[2022.01.16-08.01.48:745][132]LogAudio: Display: AudioDevice MaxSources: 32
[2022.01.16-08.01.48:745][132]LogAudio: Display: Audio Spatialization Plugin: None (built-in).
[2022.01.16-08.01.48:745][132]LogAudio: Display: Audio Reverb Plugin: None (built-in).
[2022.01.16-08.01.48:746][132]LogAudio: Display: Audio Occlusion Plugin: None (built-in).
[2022.01.16-08.01.48:746][132]LogAudioMixer: Display: Initializing audio mixer.
[2022.01.16-08.01.48:747][132]LogAudioMixer: Display: 0: FrontLeft
[2022.01.16-08.01.48:747][132]LogAudioMixer: Display: 1: FrontRight
[2022.01.16-08.01.48:822][132]LogAudioMixer: Display: Using Audio Device Headphones (Realtek(R) Audio)
[2022.01.16-08.01.48:822][132]LogAudioMixer: Display: Initializing Sound Submixes...
[2022.01.16-08.01.48:823][132]LogAudioMixer: Display: Creating Master Submix 'MasterSubmixDefault'
[2022.01.16-08.01.48:823][132]LogAudioMixer: Display: Creating Master Submix 'MasterReverbSubmixDefault'
[2022.01.16-08.01.48:823][132]LogAudioMixer: Display: Creating Master Submix 'MasterEQSubmixDefault'
[2022.01.16-08.01.48:823][132]LogAudioMixer: FMixerPlatformXAudio2::StartAudioStream() called
[2022.01.16-08.01.48:823][132]LogAudioMixer: Display: Output buffers initialized: Frames=1024, Channels=2, Samples=2048
[2022.01.16-08.01.48:825][132]LogAudioMixer: Display: Starting AudioMixerPlatformInterface::RunInternal()
[2022.01.16-08.01.48:825][132]LogAudioMixer: Display: FMixerPlatformXAudio2::SubmitBuffer() called for the first time
[2022.01.16-08.01.48:825][132]LogInit: FAudioDevice initialized.
[2022.01.16-08.01.48:825][132]LogAudio: Display: Audio Device (ID: 2) registered with world 'FirstPersonExampleMap'.
[2022.01.16-08.01.48:832][132]LogLoad: Game class is 'Cyberpunk2022GameMode'
[2022.01.16-08.01.48:834][132]LogWorld: Bringing World /Game/FirstPersonCPP/Maps/UEDPIE_0_FirstPersonExampleMap.FirstPersonExampleMap up for play (max tick rate 60) at 2022.01.16-11.01.48
[2022.01.16-08.01.48:835][132]LogWorld: Bringing up level for play took: 0.001466
[2022.01.16-08.01.48:835][132]LogOnline: OSS: Creating online subsystem instance for: :Context_1
[2022.01.16-08.01.48:838][132]LogNativeClassHierarchy: Verbose: Native class hierarchy updated for 'MovieSceneCapture' in 0.0003 seconds. Added 20 classes and 0 folders.
[2022.01.16-08.01.48:839][132]PIE: Server logged in
[2022.01.16-08.01.48:841][132]PIE: Play in editor total start time 0.12 seconds.
[2022.01.16-08.01.52:312][337]LogSlate: Updating window title bar state: overlay mode, drag disabled, window buttons hidden, title bar hidden
[2022.01.16-08.01.52:313][337]LogWorld: BeginTearingDown for /Game/FirstPersonCPP/Maps/UEDPIE_0_FirstPersonExampleMap
[2022.01.16-08.01.52:313][337]LogWorld: UWorld::CleanupWorld for FirstPersonExampleMap, bSessionEnded=true, bCleanupResources=true
[2022.01.16-08.01.52:313][337]LogSlate: InvalidateAllWidgets triggered.  All widgets were invalidated
[2022.01.16-08.01.52:323][337]LogPlayLevel: Display: Shutting down PIE online subsystems
[2022.01.16-08.01.52:324][337]LogSlate: InvalidateAllWidgets triggered.  All widgets were invalidated
[2022.01.16-08.01.52:327][337]LogSlate: Updating window title bar state: overlay mode, drag disabled, window buttons hidden, title bar hidden
[2022.01.16-08.01.52:328][337]LogAudioMixer: FMixerPlatformXAudio2::StopAudioStream() called
[2022.01.16-08.01.52:329][337]LogAudioMixer: FMixerPlatformXAudio2::StopAudioStream() called
[2022.01.16-08.01.52:336][337]LogUObjectHash: Compacting FUObjectHashTables data took   0.74ms
[2022.01.16-08.01.52:377][339]LogPlayLevel: Display: Destroying online subsystem :Context_1
[2022.01.16-08.01.56:603][591]LogSlate: Took 0.000118 seconds to synchronously load lazily loaded font '../../../Engine/Content/Slate/Fonts/Roboto-Light.ttf' (167K)
[2022.01.16-08.01.56:622][591]LogAssetEditorSubsystem: Opening Asset editor for Blueprint /Game/FirstPersonCPP/Blueprints/FirstPersonCharacter.FirstPersonCharacter
[2022.01.16-08.01.56:779][591]LogNativeClassHierarchy: Verbose: Native class hierarchy updated for 'BlueprintGraph' in 0.0005 seconds. Added 126 classes and 0 folders.
[2022.01.16-08.01.57:462][591]LogSlate: Took 0.000133 seconds to synchronously load lazily loaded font '../../../Engine/Content/Slate/Fonts/Roboto-BoldCondensed.ttf' (158K)
[2022.01.16-08.01.57:513][592]LogSlate: Took 0.000159 seconds to synchronously load lazily loaded font '../../../Engine/Content/Slate/Fonts/Roboto-Italic.ttf' (157K)
[2022.01.16-08.01.59:552][709]LogRenderer: Reallocating scene render targets to support 1208x712 Format 10 NumSamples 1 (Frame:1).
