Log file open, 02/13/22 17:26:40
LogWindows: Failed to load 'aqProf.dll' (GetLastError=126)
LogWindows: File 'aqProf.dll' does not exist
LogWindows: Failed to load 'VtuneApi.dll' (GetLastError=126)
LogWindows: File 'VtuneApi.dll' does not exist
LogWindows: Failed to load 'VtuneApi32e.dll' (GetLastError=126)
LogWindows: File 'VtuneApi32e.dll' does not exist
LogConsoleResponse: Display: Failed to find resolution value strings in scalability ini. Falling back to default.
LogConsoleResponse: Display: Failed to find resolution value strings in scalability ini. Falling back to default.
LogInit: Display: Running engine for game: Cyberpunk2022
LogPlatformFile: Not using cached read wrapper
LogTaskGraph: Started task graph with 5 named threads and 35 total threads with 3 sets of task threads.
LogStats: Stats thread started at 0.315943
LogICUInternationalization: ICU TimeZone Detection - Raw Offset: +3:00, Platform Override: ''
LogInit: Display: Loading text-based GConfig....
LogPluginManager: Mounting plugin XGEController
LogPluginManager: Mounting plugin MeshPainting
LogPluginManager: Mounting plugin Paper2D
LogPluginManager: Mounting plugin LiveLink
LogPluginManager: Mounting plugin AISupport
LogPluginManager: Mounting plugin CameraShakePreviewer
LogPluginManager: Mounting plugin GameplayCameras
LogPluginManager: Mounting plugin OodleNetwork
LogPluginManager: Mounting plugin AnimationSharing
LogPluginManager: Mounting plugin CLionSourceCodeAccess
LogPluginManager: Mounting plugin OodleData
LogPluginManager: Mounting plugin LightPropagationVolume
LogPluginManager: Mounting plugin CodeLiteSourceCodeAccess
LogPluginManager: Mounting plugin GitSourceControl
LogPluginManager: Mounting plugin KDevelopSourceCodeAccess
LogPluginManager: Mounting plugin PerforceSourceControl
LogPluginManager: Mounting plugin NullSourceCodeAccess
LogPluginManager: Mounting plugin PixWinPlugin
LogPluginManager: Mounting plugin PluginUtils
LogPluginManager: Mounting plugin PlasticSourceControl
LogPluginManager: Mounting plugin RiderSourceCodeAccess
LogPluginManager: Mounting plugin PropertyAccessNode
LogPluginManager: Mounting plugin SubversionSourceControl
LogPluginManager: Mounting plugin UObjectPlugin
LogPluginManager: Mounting plugin VisualStudioSourceCodeAccess
LogPluginManager: Mounting plugin XCodeSourceCodeAccess
LogPluginManager: Mounting plugin VisualStudioCodeSourceCodeAccess
LogPluginManager: Mounting plugin AlembicImporter
LogPluginManager: Mounting plugin AutomationUtils
LogPluginManager: Mounting plugin BackChannel
LogPluginManager: Mounting plugin ChaosClothEditor
LogPluginManager: Mounting plugin ChaosNiagara
LogPluginManager: Mounting plugin ChaosEditor
LogPluginManager: Mounting plugin TextureFormatOodle
LogPluginManager: Mounting plugin EnvironmentQueryEditor
LogPluginManager: Mounting plugin CharacterAI
LogPluginManager: Mounting plugin AssetManagerEditor
LogPluginManager: Mounting plugin GeometryCache
LogPluginManager: Mounting plugin GeometryCollectionPlugin
LogPluginManager: Mounting plugin GeometryProcessing
LogPluginManager: Mounting plugin MotoSynth
LogPluginManager: Mounting plugin OpenImageDenoise
LogPluginManager: Mounting plugin CryptoKeys
LogPluginManager: Mounting plugin CurveEditorTools
LogPluginManager: Mounting plugin DataValidation
LogPluginManager: Mounting plugin FacialAnimation
LogPluginManager: Mounting plugin GameplayTagsEditor
LogPluginManager: Mounting plugin GeometryMode
LogPluginManager: Mounting plugin MaterialAnalyzer
LogPluginManager: Mounting plugin MacGraphicsSwitching
LogPluginManager: Mounting plugin ChaosCloth
LogPluginManager: Mounting plugin MobileLauncherProfileWizard
LogPluginManager: Mounting plugin PluginBrowser
LogPluginManager: Mounting plugin SpeedTreeImporter
LogPluginManager: Mounting plugin AndroidMedia
LogPluginManager: Mounting plugin ImgMedia
LogPluginManager: Mounting plugin MediaPlayerEditor
LogPluginManager: Mounting plugin MediaCompositing
LogPluginManager: Mounting plugin WebMMedia
LogPluginManager: Mounting plugin WmfMedia
LogPluginManager: Mounting plugin LuminPlatformFeatures
LogPluginManager: Mounting plugin MagicLeap
LogPluginManager: Mounting plugin MagicLeapLightEstimation
LogPluginManager: Mounting plugin MagicLeapMedia
LogPluginManager: Mounting plugin MagicLeapPassableWorld
LogPluginManager: Mounting plugin MLSDK
LogPluginManager: Mounting plugin TcpMessaging
LogPluginManager: Mounting plugin UdpMessaging
LogPluginManager: Mounting plugin ActorSequence
LogPluginManager: Mounting plugin MatineeToLevelSequence
LogPluginManager: Mounting plugin LevelSequenceEditor
LogPluginManager: Mounting plugin LauncherChunkInstaller
LogPluginManager: Mounting plugin TemplateSequence
LogPluginManager: Mounting plugin OnlineSubsystem
LogPluginManager: Mounting plugin ChaosSolverPlugin
LogPluginManager: Mounting plugin AvfMedia
LogPluginManager: Mounting plugin OnlineSubsystemUtils
LogPluginManager: Mounting plugin ActorLayerUtilities
LogPluginManager: Mounting plugin AndroidMoviePlayer
LogPluginManager: Mounting plugin AndroidDeviceProfileSelector
LogPluginManager: Mounting plugin AndroidPermission
LogPluginManager: Mounting plugin AppleImageUtils
LogPluginManager: Mounting plugin ArchVisCharacter
LogPluginManager: Mounting plugin AppleMoviePlayer
LogPluginManager: Mounting plugin AssetTags
LogPluginManager: Mounting plugin AudioCapture
LogPluginManager: Mounting plugin AudioSynesthesia
LogPluginManager: Mounting plugin CableComponent
LogPluginManager: Mounting plugin CustomMeshComponent
LogPluginManager: Mounting plugin ChunkDownloader
LogPluginManager: Mounting plugin EditableMesh
LogPluginManager: Mounting plugin GoogleCloudMessaging
LogPluginManager: Mounting plugin GooglePAD
LogPluginManager: Mounting plugin OnlineSubsystemNull
LogPluginManager: Mounting plugin IOSDeviceProfileSelector
LogPluginManager: Mounting plugin LinuxDeviceProfileSelector
LogPluginManager: Mounting plugin LocationServicesBPLibrary
LogPluginManager: Mounting plugin OpenXR
LogPluginManager: Mounting plugin OpenXREyeTracker
LogPluginManager: Mounting plugin OpenXRHandTracking
LogPluginManager: Mounting plugin PhysXVehicles
LogPluginManager: Mounting plugin ScreenshotTools
LogPluginManager: Mounting plugin PostSplashScreen
LogPluginManager: Mounting plugin PropertyAccessEditor
LogPluginManager: Mounting plugin ProceduralMeshComponent
LogPluginManager: Mounting plugin RuntimePhysXCooking
LogPluginManager: Mounting plugin SignificanceManager
LogPluginManager: Mounting plugin SoundFields
LogPluginManager: Mounting plugin Synthesis
LogPluginManager: Mounting plugin WebMMoviePlayer
LogPluginManager: Mounting plugin ExampleDeviceProfileSelector
LogPluginManager: Mounting plugin WindowsMoviePlayer
LogPluginManager: Mounting plugin Takes
LogPluginManager: Mounting plugin PlanarCut
LogPluginManager: Mounting plugin Niagara
LogPluginManager: Mounting plugin PlatformCrypto
LogPluginManager: Mounting plugin ProxyLODPlugin
LogPluginManager: Mounting plugin PythonScriptPlugin
LogPluginManager: Mounting plugin SkeletalReduction
LogPluginManager: Mounting plugin DatasmithContent
LogPluginManager: Mounting plugin VariantManagerContent
LogPluginManager: Mounting plugin MobilePatchingUtils
LogPluginManager: Mounting plugin ContentBrowserAssetDataSource
LogPluginManager: Mounting plugin ContentBrowserFileDataSource
LogPluginManager: Mounting plugin ContentBrowserClassDataSource
LogPluginManager: Mounting plugin OnlineSubsystemGooglePlay
LogPluginManager: Mounting plugin OnlineSubsystemIOS
LogPluginManager: Mounting plugin OculusVR
LogPluginManager: Mounting plugin SteamVR
PixWinPlugin: PIX capture plugin failed to initialize! Check that the process is launched from PIX.
LogInit: Using libcurl 7.55.1-DEV
LogInit:  - built for x86_64-pc-win32
LogInit:  - supports SSL with OpenSSL/1.1.1
LogInit:  - supports HTTP deflate (compression) using libz 1.2.8
LogInit:  - other features:
LogInit:      CURL_VERSION_SSL
LogInit:      CURL_VERSION_LIBZ
LogInit:      CURL_VERSION_IPV6
LogInit:      CURL_VERSION_ASYNCHDNS
LogInit:      CURL_VERSION_LARGEFILE
LogInit:      CURL_VERSION_IDN
LogInit:  CurlRequestOptions (configurable via config and command line):
LogInit:  - bVerifyPeer = true  - Libcurl will verify peer certificate
LogInit:  - bUseHttpProxy = false  - Libcurl will NOT use HTTP proxy
LogInit:  - bDontReuseConnections = false  - Libcurl will reuse connections
LogInit:  - MaxHostConnections = 16  - Libcurl will limit the number of connections to a host
LogInit:  - LocalHostAddr = Default
LogInit:  - BufferSize = 65536
LogOnline: OSS: Creating online subsystem instance for: NULL
LogInit: WinSock: version 1.1 (2.2), MaxSocks=32767, MaxUdp=65467
LogOnline: OSS: TryLoadSubsystemAndSetDefault: Loaded subsystem for module [NULL]
LogOculusPluginWrapper: OculusPlugin initialized successfully
LogHMD: Failed initializing OVRPlugin 1.59.0
LogInit: Build: ++UE4+Release-4.27-CL-18319896
LogInit: Engine Version: 4.27.2-18319896+++UE4+Release-4.27
LogInit: Compatible Engine Version: 4.27.0-17155196+++UE4+Release-4.27
LogInit: Net CL: 17155196
LogInit: OS: Windows 10 (Release 2009) (), CPU: AMD Ryzen 5 5600H with Radeon Graphics         , GPU: AMD Radeon(TM) Graphics
LogInit: Compiled (64-bit): Nov 30 2021 07:12:08
LogInit: Compiled with Visual C++: 19.24.28315.00
LogInit: Build Configuration: Development
LogInit: Branch Name: ++UE4+Release-4.27
LogInit: Command Line:  -skipcompile
LogInit: Base Directory: E:/UE4/UE_4.27/Engine/Binaries/Win64/
LogInit: Allocator: TBB
LogInit: Installed Engine Build: 1
LogDevObjectVersion: Number of dev versions registered: 29
LogDevObjectVersion:   Dev-Blueprints (B0D832E4-1F89-4F0D-ACCF-7EB736FD4AA2): 10
LogDevObjectVersion:   Dev-Build (E1C64328-A22C-4D53-A36C-8E866417BD8C): 0
LogDevObjectVersion:   Dev-Core (375EC13C-06E4-48FB-B500-84F0262A717E): 4
LogDevObjectVersion:   Dev-Editor (E4B068ED-F494-42E9-A231-DA0B2E46BB41): 40
LogDevObjectVersion:   Dev-Framework (CFFC743F-43B0-4480-9391-14DF171D2073): 37
LogDevObjectVersion:   Dev-Mobile (B02B49B5-BB20-44E9-A304-32B752E40360): 3
LogDevObjectVersion:   Dev-Networking (A4E4105C-59A1-49B5-A7C5-40C4547EDFEE): 0
LogDevObjectVersion:   Dev-Online (39C831C9-5AE6-47DC-9A44-9C173E1C8E7C): 0
LogDevObjectVersion:   Dev-Physics (78F01B33-EBEA-4F98-B9B4-84EACCB95AA2): 14
LogDevObjectVersion:   Dev-Platform (6631380F-2D4D-43E0-8009-CF276956A95A): 0
LogDevObjectVersion:   Dev-Rendering (12F88B9F-8875-4AFC-A67C-D90C383ABD29): 45
LogDevObjectVersion:   Dev-Sequencer (7B5AE74C-D270-4C10-A958-57980B212A5A): 13
LogDevObjectVersion:   Dev-VR (D7296918-1DD6-4BDD-9DE2-64A83CC13884): 3
LogDevObjectVersion:   Dev-LoadTimes (C2A15278-BFE7-4AFE-6C17-90FF531DF755): 1
LogDevObjectVersion:   Private-Geometry (6EACA3D4-40EC-4CC1-B786-8BED09428FC5): 3
LogDevObjectVersion:   Dev-AnimPhys (29E575DD-E0A3-4627-9D10-D276232CDCEA): 17
LogDevObjectVersion:   Dev-Anim (AF43A65D-7FD3-4947-9873-3E8ED9C1BB05): 15
LogDevObjectVersion:   Dev-ReflectionCapture (6B266CEC-1EC7-4B8F-A30B-E4D90942FC07): 1
LogDevObjectVersion:   Dev-Automation (0DF73D61-A23F-47EA-B727-89E90C41499A): 1
LogDevObjectVersion:   FortniteMain (601D1886-AC64-4F84-AA16-D3DE0DEAC7D6): 47
LogDevObjectVersion:   FortniteRelease (E7086368-6B23-4C58-8439-1B7016265E91): 1
LogDevObjectVersion:   Dev-Enterprise (9DFFBCD6-494F-0158-E221-12823C92A888): 10
LogDevObjectVersion:   Dev-Niagara (F2AED0AC-9AFE-416F-8664-AA7FFA26D6FC): 1
LogDevObjectVersion:   Dev-Destruction (174F1F0B-B4C6-45A5-B13F-2EE8D0FB917D): 10
LogDevObjectVersion:   Dev-Physics-Ext (35F94A83-E258-406C-A318-09F59610247C): 41
LogDevObjectVersion:   Dev-PhysicsMaterial-Chaos (B68FC16E-8B1B-42E2-B453-215C058844FE): 1
LogDevObjectVersion:   Dev-CineCamera (B2E18506-4273-CFC2-A54E-F4BB758BBA07): 1
LogDevObjectVersion:   Dev-VirtualProduction (64F58936-FD1B-42BA-BA96-7289D5D0FA4E): 1
LogDevObjectVersion:   Dev-MediaFramework (6F0ED827-A609-4895-9C91-998D90180EA4): 2
LogInit: Presizing for max 25165824 objects, including 0 objects not considered by GC, pre-allocating 0 bytes for permanent pool.
LogConfig: Applying CVar settings from Section [/Script/Engine.StreamingSettings] File [E:/UE4/Projects/WargamingAcademy/Cyberpunk2022/Saved/Config/Windows/Engine.ini]
LogConfig: Setting CVar [[s.MinBulkDataSizeForAsyncLoading:131072]]
LogConfig: Setting CVar [[s.AsyncLoadingThreadEnabled:0]]
LogConfig: Setting CVar [[s.EventDrivenLoaderEnabled:1]]
LogConfig: Setting CVar [[s.WarnIfTimeLimitExceeded:0]]
LogConfig: Setting CVar [[s.TimeLimitExceededMultiplier:1.5]]
LogConfig: Setting CVar [[s.TimeLimitExceededMinTime:0.005]]
LogConfig: Setting CVar [[s.UseBackgroundLevelStreaming:1]]
LogConfig: Setting CVar [[s.PriorityAsyncLoadingExtraTime:15.0]]
LogConfig: Setting CVar [[s.LevelStreamingActorsUpdateTimeLimit:5.0]]
LogConfig: Setting CVar [[s.PriorityLevelStreamingActorsUpdateExtraTime:5.0]]
LogConfig: Setting CVar [[s.LevelStreamingComponentsRegistrationGranularity:10]]
LogConfig: Setting CVar [[s.UnregisterComponentsTimeLimit:1.0]]
LogConfig: Setting CVar [[s.LevelStreamingComponentsUnregistrationGranularity:5]]
LogConfig: Setting CVar [[s.FlushStreamingOnExit:1]]
LogInit: Object subsystem initialized
LogConfig: Setting CVar [[con.DebugEarlyDefault:1]]
LogConfig: Setting CVar [[r.setres:1280x720]]
[2022.02.13-14.26.40:865][  0]LogConfig: Setting CVar [[r.VSync:0]]
[2022.02.13-14.26.40:865][  0]LogConfig: Setting CVar [[r.RHICmdBypass:0]]
[2022.02.13-14.26.40:865][  0]LogConfig: Applying CVar settings from Section [/Script/Engine.RendererSettings] File [E:/UE4/Projects/WargamingAcademy/Cyberpunk2022/Saved/Config/Windows/Engine.ini]
[2022.02.13-14.26.40:865][  0]LogConfig: Setting CVar [[r.GPUCrashDebugging:0]]
[2022.02.13-14.26.40:865][  0]LogConfig: Setting CVar [[r.DefaultFeature.MotionBlur:0]]
[2022.02.13-14.26.40:865][  0]LogConfig: Applying CVar settings from Section [/Script/Engine.RendererOverrideSettings] File [E:/UE4/Projects/WargamingAcademy/Cyberpunk2022/Saved/Config/Windows/Engine.ini]
[2022.02.13-14.26.40:865][  0]LogConfig: Applying CVar settings from Section [/Script/Engine.StreamingSettings] File [E:/UE4/Projects/WargamingAcademy/Cyberpunk2022/Saved/Config/Windows/Engine.ini]
[2022.02.13-14.26.40:865][  0]LogConfig: Setting CVar [[s.MinBulkDataSizeForAsyncLoading:131072]]
[2022.02.13-14.26.40:865][  0]LogConfig: Setting CVar [[s.AsyncLoadingThreadEnabled:0]]
[2022.02.13-14.26.40:865][  0]LogConfig: Setting CVar [[s.EventDrivenLoaderEnabled:1]]
[2022.02.13-14.26.40:865][  0]LogConfig: Setting CVar [[s.WarnIfTimeLimitExceeded:0]]
[2022.02.13-14.26.40:865][  0]LogConfig: Setting CVar [[s.TimeLimitExceededMultiplier:1.5]]
[2022.02.13-14.26.40:865][  0]LogConfig: Setting CVar [[s.TimeLimitExceededMinTime:0.005]]
[2022.02.13-14.26.40:865][  0]LogConfig: Setting CVar [[s.UseBackgroundLevelStreaming:1]]
[2022.02.13-14.26.40:865][  0]LogConfig: Setting CVar [[s.PriorityAsyncLoadingExtraTime:15.0]]
[2022.02.13-14.26.40:865][  0]LogConfig: Setting CVar [[s.LevelStreamingActorsUpdateTimeLimit:5.0]]
[2022.02.13-14.26.40:865][  0]LogConfig: Setting CVar [[s.PriorityLevelStreamingActorsUpdateExtraTime:5.0]]
[2022.02.13-14.26.40:865][  0]LogConfig: Setting CVar [[s.LevelStreamingComponentsRegistrationGranularity:10]]
[2022.02.13-14.26.40:865][  0]LogConfig: Setting CVar [[s.UnregisterComponentsTimeLimit:1.0]]
[2022.02.13-14.26.40:866][  0]LogConfig: Setting CVar [[s.LevelStreamingComponentsUnregistrationGranularity:5]]
[2022.02.13-14.26.40:866][  0]LogConfig: Setting CVar [[s.FlushStreamingOnExit:1]]
[2022.02.13-14.26.40:866][  0]LogConfig: Applying CVar settings from Section [/Script/Engine.GarbageCollectionSettings] File [E:/UE4/Projects/WargamingAcademy/Cyberpunk2022/Saved/Config/Windows/Engine.ini]
[2022.02.13-14.26.40:866][  0]LogConfig: Setting CVar [[gc.MaxObjectsNotConsideredByGC:1]]
[2022.02.13-14.26.40:866][  0]LogConfig: Setting CVar [[gc.SizeOfPermanentObjectPool:0]]
[2022.02.13-14.26.40:866][  0]LogConfig: Setting CVar [[gc.FlushStreamingOnGC:0]]
[2022.02.13-14.26.40:866][  0]LogConfig: Setting CVar [[gc.NumRetriesBeforeForcingGC:10]]
[2022.02.13-14.26.40:866][  0]LogConfig: Setting CVar [[gc.AllowParallelGC:1]]
[2022.02.13-14.26.40:866][  0]LogConfig: Setting CVar [[gc.TimeBetweenPurgingPendingKillObjects:61.1]]
[2022.02.13-14.26.40:866][  0]LogConfig: Setting CVar [[gc.MaxObjectsInEditor:25165824]]
[2022.02.13-14.26.40:866][  0]LogConfig: Setting CVar [[gc.IncrementalBeginDestroyEnabled:1]]
[2022.02.13-14.26.40:866][  0]LogConfig: Setting CVar [[gc.CreateGCClusters:1]]
[2022.02.13-14.26.40:866][  0]LogConfig: Setting CVar [[gc.MinGCClusterSize:5]]
[2022.02.13-14.26.40:866][  0]LogConfig: Setting CVar [[gc.ActorClusteringEnabled:0]]
[2022.02.13-14.26.40:866][  0]LogConfig: Setting CVar [[gc.BlueprintClusteringEnabled:0]]
[2022.02.13-14.26.40:866][  0]LogConfig: Setting CVar [[gc.UseDisregardForGCOnDedicatedServers:0]]
[2022.02.13-14.26.40:866][  0]LogConfig: Setting CVar [[gc.MultithreadedDestructionEnabled:1]]
[2022.02.13-14.26.40:866][  0]LogConfig: Applying CVar settings from Section [/Script/Engine.NetworkSettings] File [E:/UE4/Projects/WargamingAcademy/Cyberpunk2022/Saved/Config/Windows/Engine.ini]
[2022.02.13-14.26.40:866][  0]LogConfig: Applying CVar settings from Section [/Script/UnrealEd.CookerSettings] File [E:/UE4/Projects/WargamingAcademy/Cyberpunk2022/Saved/Config/Windows/Engine.ini]
[2022.02.13-14.26.40:874][  0]LogConfig: Applying CVar settings from Section [ViewDistanceQuality@3] File [E:/UE4/Projects/WargamingAcademy/Cyberpunk2022/Saved/Config/Windows/Scalability.ini]
[2022.02.13-14.26.40:874][  0]LogConfig: Setting CVar [[r.SkeletalMeshLODBias:0]]
[2022.02.13-14.26.40:874][  0]LogConfig: Setting CVar [[r.ViewDistanceScale:1.0]]
[2022.02.13-14.26.40:874][  0]LogConfig: Applying CVar settings from Section [AntiAliasingQuality@3] File [E:/UE4/Projects/WargamingAcademy/Cyberpunk2022/Saved/Config/Windows/Scalability.ini]
[2022.02.13-14.26.40:874][  0]LogConfig: Setting CVar [[r.PostProcessAAQuality:4]]
[2022.02.13-14.26.40:874][  0]LogConfig: Applying CVar settings from Section [ShadowQuality@3] File [E:/UE4/Projects/WargamingAcademy/Cyberpunk2022/Saved/Config/Windows/Scalability.ini]
[2022.02.13-14.26.40:874][  0]LogConfig: Setting CVar [[r.LightFunctionQuality:1]]
[2022.02.13-14.26.40:874][  0]LogConfig: Setting CVar [[r.ShadowQuality:5]]
[2022.02.13-14.26.40:874][  0]LogConfig: Setting CVar [[r.Shadow.CSM.MaxCascades:10]]
[2022.02.13-14.26.40:874][  0]LogConfig: Setting CVar [[r.Shadow.MaxResolution:2048]]
[2022.02.13-14.26.40:875][  0]LogConfig: Setting CVar [[r.Shadow.MaxCSMResolution:2048]]
[2022.02.13-14.26.40:875][  0]LogConfig: Setting CVar [[r.Shadow.RadiusThreshold:0.01]]
[2022.02.13-14.26.40:875][  0]LogConfig: Setting CVar [[r.Shadow.DistanceScale:1.0]]
[2022.02.13-14.26.40:875][  0]LogConfig: Setting CVar [[r.Shadow.CSM.TransitionScale:1.0]]
[2022.02.13-14.26.40:875][  0]LogConfig: Setting CVar [[r.Shadow.PreShadowResolutionFactor:1.0]]
[2022.02.13-14.26.40:875][  0]LogConfig: Setting CVar [[r.DistanceFieldShadowing:1]]
[2022.02.13-14.26.40:875][  0]LogConfig: Setting CVar [[r.DistanceFieldAO:1]]
[2022.02.13-14.26.40:875][  0]LogConfig: Setting CVar [[r.AOQuality:2]]
[2022.02.13-14.26.40:875][  0]LogConfig: Setting CVar [[r.VolumetricFog:1]]
[2022.02.13-14.26.40:875][  0]LogConfig: Setting CVar [[r.VolumetricFog.GridPixelSize:8]]
[2022.02.13-14.26.40:875][  0]LogConfig: Setting CVar [[r.VolumetricFog.GridSizeZ:128]]
[2022.02.13-14.26.40:875][  0]LogConfig: Setting CVar [[r.VolumetricFog.HistoryMissSupersampleCount:4]]
[2022.02.13-14.26.40:875][  0]LogConfig: Setting CVar [[r.LightMaxDrawDistanceScale:1]]
[2022.02.13-14.26.40:875][  0]LogConfig: Setting CVar [[r.CapsuleShadows:1]]
[2022.02.13-14.26.40:875][  0]LogConfig: Applying CVar settings from Section [PostProcessQuality@3] File [E:/UE4/Projects/WargamingAcademy/Cyberpunk2022/Saved/Config/Windows/Scalability.ini]
[2022.02.13-14.26.40:875][  0]LogConfig: Setting CVar [[r.MotionBlurQuality:4]]
[2022.02.13-14.26.40:875][  0]LogConfig: Setting CVar [[r.AmbientOcclusionMipLevelFactor:0.4]]
[2022.02.13-14.26.40:875][  0]LogConfig: Setting CVar [[r.AmbientOcclusionMaxQuality:100]]
[2022.02.13-14.26.40:875][  0]LogConfig: Setting CVar [[r.AmbientOcclusionLevels:-1]]
[2022.02.13-14.26.40:875][  0]LogConfig: Setting CVar [[r.AmbientOcclusionRadiusScale:1.0]]
[2022.02.13-14.26.40:875][  0]LogConfig: Setting CVar [[r.DepthOfFieldQuality:2]]
[2022.02.13-14.26.40:875][  0]LogConfig: Setting CVar [[r.RenderTargetPoolMin:400]]
[2022.02.13-14.26.40:875][  0]LogConfig: Setting CVar [[r.LensFlareQuality:2]]
[2022.02.13-14.26.40:875][  0]LogConfig: Setting CVar [[r.SceneColorFringeQuality:1]]
[2022.02.13-14.26.40:875][  0]LogConfig: Setting CVar [[r.EyeAdaptationQuality:2]]
[2022.02.13-14.26.40:875][  0]LogConfig: Setting CVar [[r.BloomQuality:5]]
[2022.02.13-14.26.40:876][  0]LogConfig: Setting CVar [[r.FastBlurThreshold:100]]
[2022.02.13-14.26.40:876][  0]LogConfig: Setting CVar [[r.Upscale.Quality:3]]
[2022.02.13-14.26.40:876][  0]LogConfig: Setting CVar [[r.Tonemapper.GrainQuantization:1]]
[2022.02.13-14.26.40:876][  0]LogConfig: Setting CVar [[r.LightShaftQuality:1]]
[2022.02.13-14.26.40:876][  0]LogConfig: Setting CVar [[r.Filter.SizeScale:1]]
[2022.02.13-14.26.40:876][  0]LogConfig: Setting CVar [[r.Tonemapper.Quality:5]]
[2022.02.13-14.26.40:876][  0]LogConfig: Setting CVar [[r.DOF.Gather.AccumulatorQuality:1        ; higher gathering accumulator quality]]
[2022.02.13-14.26.40:876][  0]LogConfig: Setting CVar [[r.DOF.Gather.PostfilterMethod:1          ; Median3x3 postfilering method]]
[2022.02.13-14.26.40:876][  0]LogConfig: Setting CVar [[r.DOF.Gather.EnableBokehSettings:0       ; no bokeh simulation when gathering]]
[2022.02.13-14.26.40:876][  0]LogConfig: Setting CVar [[r.DOF.Gather.RingCount:4                 ; medium number of samples when gathering]]
[2022.02.13-14.26.40:876][  0]LogConfig: Setting CVar [[r.DOF.Scatter.ForegroundCompositing:1    ; additive foreground scattering]]
[2022.02.13-14.26.40:876][  0]LogConfig: Setting CVar [[r.DOF.Scatter.BackgroundCompositing:2    ; additive background scattering]]
[2022.02.13-14.26.40:876][  0]LogConfig: Setting CVar [[r.DOF.Scatter.EnableBokehSettings:1      ; bokeh simulation when scattering]]
[2022.02.13-14.26.40:876][  0]LogConfig: Setting CVar [[r.DOF.Scatter.MaxSpriteRatio:0.1         ; only a maximum of 10% of scattered bokeh]]
[2022.02.13-14.26.40:876][  0]LogConfig: Setting CVar [[r.DOF.Recombine.Quality:1                ; cheap slight out of focus]]
[2022.02.13-14.26.40:876][  0]LogConfig: Setting CVar [[r.DOF.Recombine.EnableBokehSettings:0    ; no bokeh simulation on slight out of focus]]
[2022.02.13-14.26.40:876][  0]LogConfig: Setting CVar [[r.DOF.TemporalAAQuality:1                ; more stable temporal accumulation]]
[2022.02.13-14.26.40:876][  0]LogConfig: Setting CVar [[r.DOF.Kernel.MaxForegroundRadius:0.025]]
[2022.02.13-14.26.40:876][  0]LogConfig: Setting CVar [[r.DOF.Kernel.MaxBackgroundRadius:0.025]]
[2022.02.13-14.26.40:876][  0]LogConfig: Applying CVar settings from Section [TextureQuality@3] File [E:/UE4/Projects/WargamingAcademy/Cyberpunk2022/Saved/Config/Windows/Scalability.ini]
[2022.02.13-14.26.40:876][  0]LogConfig: Setting CVar [[r.Streaming.MipBias:0]]
[2022.02.13-14.26.40:876][  0]LogConfig: Setting CVar [[r.Streaming.AmortizeCPUToGPUCopy:0]]
[2022.02.13-14.26.40:876][  0]LogConfig: Setting CVar [[r.Streaming.MaxNumTexturesToStreamPerFrame:0]]
[2022.02.13-14.26.40:877][  0]LogConfig: Setting CVar [[r.Streaming.Boost:1]]
[2022.02.13-14.26.40:877][  0]LogConfig: Setting CVar [[r.MaxAnisotropy:8]]
[2022.02.13-14.26.40:877][  0]LogConfig: Setting CVar [[r.VT.MaxAnisotropy:8]]
[2022.02.13-14.26.40:877][  0]LogConfig: Setting CVar [[r.Streaming.LimitPoolSizeToVRAM:0]]
[2022.02.13-14.26.40:877][  0]LogConfig: Setting CVar [[r.Streaming.PoolSize:1000]]
[2022.02.13-14.26.40:877][  0]LogConfig: Setting CVar [[r.Streaming.MaxEffectiveScreenSize:0]]
[2022.02.13-14.26.40:877][  0]LogConfig: Applying CVar settings from Section [EffectsQuality@3] File [E:/UE4/Projects/WargamingAcademy/Cyberpunk2022/Saved/Config/Windows/Scalability.ini]
[2022.02.13-14.26.40:877][  0]LogConfig: Setting CVar [[r.TranslucencyLightingVolumeDim:64]]
[2022.02.13-14.26.40:877][  0]LogConfig: Setting CVar [[r.RefractionQuality:2]]
[2022.02.13-14.26.40:877][  0]LogConfig: Setting CVar [[r.SSR.Quality:3]]
[2022.02.13-14.26.40:877][  0]LogConfig: Setting CVar [[r.SSR.HalfResSceneColor:0]]
[2022.02.13-14.26.40:877][  0]LogConfig: Setting CVar [[r.SceneColorFormat:4]]
[2022.02.13-14.26.40:877][  0]LogConfig: Setting CVar [[r.DetailMode:2]]
[2022.02.13-14.26.40:877][  0]LogConfig: Setting CVar [[r.TranslucencyVolumeBlur:1]]
[2022.02.13-14.26.40:877][  0]LogConfig: Setting CVar [[r.MaterialQualityLevel:1 ; High quality]]
[2022.02.13-14.26.40:877][  0]LogConfig: Setting CVar [[r.AnisotropicMaterials:1]]
[2022.02.13-14.26.40:877][  0]LogConfig: Setting CVar [[r.SSS.Scale:1]]
[2022.02.13-14.26.40:877][  0]LogConfig: Setting CVar [[r.SSS.SampleSet:2]]
[2022.02.13-14.26.40:877][  0]LogConfig: Setting CVar [[r.SSS.Quality:1]]
[2022.02.13-14.26.40:877][  0]LogConfig: Setting CVar [[r.SSS.HalfRes:0]]
[2022.02.13-14.26.40:877][  0]LogConfig: Setting CVar [[r.SSGI.Quality:3]]
[2022.02.13-14.26.40:878][  0]LogConfig: Setting CVar [[r.EmitterSpawnRateScale:1.0]]
[2022.02.13-14.26.40:878][  0]LogConfig: Setting CVar [[r.ParticleLightQuality:2]]
[2022.02.13-14.26.40:878][  0]LogConfig: Setting CVar [[r.SkyAtmosphere.AerialPerspectiveLUT.FastApplyOnOpaque:1 ; Always have FastSkyLUT 1 in this case to avoid wrong sky]]
[2022.02.13-14.26.40:878][  0]LogConfig: Setting CVar [[r.SkyAtmosphere.AerialPerspectiveLUT.SampleCountMaxPerSlice:4]]
[2022.02.13-14.26.40:878][  0]LogConfig: Setting CVar [[r.SkyAtmosphere.AerialPerspectiveLUT.DepthResolution:16.0]]
[2022.02.13-14.26.40:878][  0]LogConfig: Setting CVar [[r.SkyAtmosphere.FastSkyLUT:1]]
[2022.02.13-14.26.40:878][  0]LogConfig: Setting CVar [[r.SkyAtmosphere.FastSkyLUT.SampleCountMin:4.0]]
[2022.02.13-14.26.40:878][  0]LogConfig: Setting CVar [[r.SkyAtmosphere.FastSkyLUT.SampleCountMax:128.0]]
[2022.02.13-14.26.40:878][  0]LogConfig: Setting CVar [[r.SkyAtmosphere.SampleCountMin:4.0]]
[2022.02.13-14.26.40:878][  0]LogConfig: Setting CVar [[r.SkyAtmosphere.SampleCountMax:128.0]]
[2022.02.13-14.26.40:878][  0]LogConfig: Setting CVar [[r.SkyAtmosphere.TransmittanceLUT.UseSmallFormat:0]]
[2022.02.13-14.26.40:878][  0]LogConfig: Setting CVar [[r.SkyAtmosphere.TransmittanceLUT.SampleCount:10.0]]
[2022.02.13-14.26.40:878][  0]LogConfig: Setting CVar [[r.SkyAtmosphere.MultiScatteringLUT.SampleCount:15.0]]
[2022.02.13-14.26.40:878][  0]LogConfig: Setting CVar [[r.SkyLight.RealTimeReflectionCapture:1]]
[2022.02.13-14.26.40:878][  0]LogConfig: Applying CVar settings from Section [FoliageQuality@3] File [E:/UE4/Projects/WargamingAcademy/Cyberpunk2022/Saved/Config/Windows/Scalability.ini]
[2022.02.13-14.26.40:878][  0]LogConfig: Setting CVar [[foliage.DensityScale:1.0]]
[2022.02.13-14.26.40:878][  0]LogConfig: Setting CVar [[grass.DensityScale:1.0]]
[2022.02.13-14.26.40:878][  0]LogConfig: Applying CVar settings from Section [ShadingQuality@3] File [E:/UE4/Projects/WargamingAcademy/Cyberpunk2022/Saved/Config/Windows/Scalability.ini]
[2022.02.13-14.26.40:878][  0]LogConfig: Setting CVar [[r.HairStrands.SkyLighting.IntegrationType:2]]
[2022.02.13-14.26.40:878][  0]LogConfig: Setting CVar [[r.HairStrands.SkyAO.SampleCount:4]]
[2022.02.13-14.26.40:878][  0]LogConfig: Setting CVar [[r.HairStrands.Visibility.MSAA.SamplePerPixel:4]]
[2022.02.13-14.26.40:878][  0]LogInit: Selected Device Profile: [Windows]
[2022.02.13-14.26.40:878][  0]LogInit: Applying CVar settings loaded from the selected device profile: [Windows]
[2022.02.13-14.26.40:878][  0]LogHAL: Display: Platform has ~ 16 GB [16487870464 / 17179869184 / 16], which maps to Larger [LargestMinGB=32, LargerMinGB=12, DefaultMinGB=8, SmallerMinGB=6, SmallestMinGB=0)
[2022.02.13-14.26.40:878][  0]LogInit: Going up to parent DeviceProfile []
[2022.02.13-14.26.40:879][  0]LogConfig: Applying CVar settings from Section [ViewDistanceQuality@3] File [E:/UE4/Projects/WargamingAcademy/Cyberpunk2022/Saved/Config/Windows/Scalability.ini]
[2022.02.13-14.26.40:879][  0]LogConfig: Setting CVar [[r.SkeletalMeshLODBias:0]]
[2022.02.13-14.26.40:879][  0]LogConfig: Setting CVar [[r.ViewDistanceScale:1.0]]
[2022.02.13-14.26.40:879][  0]LogConfig: Applying CVar settings from Section [AntiAliasingQuality@3] File [E:/UE4/Projects/WargamingAcademy/Cyberpunk2022/Saved/Config/Windows/Scalability.ini]
[2022.02.13-14.26.40:879][  0]LogConfig: Setting CVar [[r.PostProcessAAQuality:4]]
[2022.02.13-14.26.40:879][  0]LogConfig: Applying CVar settings from Section [ShadowQuality@3] File [E:/UE4/Projects/WargamingAcademy/Cyberpunk2022/Saved/Config/Windows/Scalability.ini]
[2022.02.13-14.26.40:879][  0]LogConfig: Setting CVar [[r.LightFunctionQuality:1]]
[2022.02.13-14.26.40:879][  0]LogConfig: Setting CVar [[r.ShadowQuality:5]]
[2022.02.13-14.26.40:879][  0]LogConfig: Setting CVar [[r.Shadow.CSM.MaxCascades:10]]
[2022.02.13-14.26.40:879][  0]LogConfig: Setting CVar [[r.Shadow.MaxResolution:2048]]
[2022.02.13-14.26.40:879][  0]LogConfig: Setting CVar [[r.Shadow.MaxCSMResolution:2048]]
[2022.02.13-14.26.40:879][  0]LogConfig: Setting CVar [[r.Shadow.RadiusThreshold:0.01]]
[2022.02.13-14.26.40:879][  0]LogConfig: Setting CVar [[r.Shadow.DistanceScale:1.0]]
[2022.02.13-14.26.40:879][  0]LogConfig: Setting CVar [[r.Shadow.CSM.TransitionScale:1.0]]
[2022.02.13-14.26.40:879][  0]LogConfig: Setting CVar [[r.Shadow.PreShadowResolutionFactor:1.0]]
[2022.02.13-14.26.40:879][  0]LogConfig: Setting CVar [[r.DistanceFieldShadowing:1]]
[2022.02.13-14.26.40:879][  0]LogConfig: Setting CVar [[r.DistanceFieldAO:1]]
[2022.02.13-14.26.40:879][  0]LogConfig: Setting CVar [[r.AOQuality:2]]
[2022.02.13-14.26.40:879][  0]LogConfig: Setting CVar [[r.VolumetricFog:1]]
[2022.02.13-14.26.40:879][  0]LogConfig: Setting CVar [[r.VolumetricFog.GridPixelSize:8]]
[2022.02.13-14.26.40:879][  0]LogConfig: Setting CVar [[r.VolumetricFog.GridSizeZ:128]]
[2022.02.13-14.26.40:879][  0]LogConfig: Setting CVar [[r.VolumetricFog.HistoryMissSupersampleCount:4]]
[2022.02.13-14.26.40:879][  0]LogConfig: Setting CVar [[r.LightMaxDrawDistanceScale:1]]
[2022.02.13-14.26.40:879][  0]LogConfig: Setting CVar [[r.CapsuleShadows:1]]
[2022.02.13-14.26.40:879][  0]LogConfig: Applying CVar settings from Section [PostProcessQuality@3] File [E:/UE4/Projects/WargamingAcademy/Cyberpunk2022/Saved/Config/Windows/Scalability.ini]
[2022.02.13-14.26.40:879][  0]LogConfig: Setting CVar [[r.MotionBlurQuality:4]]
[2022.02.13-14.26.40:879][  0]LogConfig: Setting CVar [[r.AmbientOcclusionMipLevelFactor:0.4]]
[2022.02.13-14.26.40:879][  0]LogConfig: Setting CVar [[r.AmbientOcclusionMaxQuality:100]]
[2022.02.13-14.26.40:879][  0]LogConfig: Setting CVar [[r.AmbientOcclusionLevels:-1]]
[2022.02.13-14.26.40:879][  0]LogConfig: Setting CVar [[r.AmbientOcclusionRadiusScale:1.0]]
[2022.02.13-14.26.40:880][  0]LogConfig: Setting CVar [[r.DepthOfFieldQuality:2]]
[2022.02.13-14.26.40:880][  0]LogConfig: Setting CVar [[r.RenderTargetPoolMin:400]]
[2022.02.13-14.26.40:880][  0]LogConfig: Setting CVar [[r.LensFlareQuality:2]]
[2022.02.13-14.26.40:880][  0]LogConfig: Setting CVar [[r.SceneColorFringeQuality:1]]
[2022.02.13-14.26.40:880][  0]LogConfig: Setting CVar [[r.EyeAdaptationQuality:2]]
[2022.02.13-14.26.40:880][  0]LogConfig: Setting CVar [[r.BloomQuality:5]]
[2022.02.13-14.26.40:880][  0]LogConfig: Setting CVar [[r.FastBlurThreshold:100]]
[2022.02.13-14.26.40:880][  0]LogConfig: Setting CVar [[r.Upscale.Quality:3]]
[2022.02.13-14.26.40:880][  0]LogConfig: Setting CVar [[r.Tonemapper.GrainQuantization:1]]
[2022.02.13-14.26.40:880][  0]LogConfig: Setting CVar [[r.LightShaftQuality:1]]
[2022.02.13-14.26.40:880][  0]LogConfig: Setting CVar [[r.Filter.SizeScale:1]]
[2022.02.13-14.26.40:880][  0]LogConfig: Setting CVar [[r.Tonemapper.Quality:5]]
[2022.02.13-14.26.40:880][  0]LogConfig: Setting CVar [[r.DOF.Gather.AccumulatorQuality:1        ; higher gathering accumulator quality]]
[2022.02.13-14.26.40:880][  0]LogConfig: Setting CVar [[r.DOF.Gather.PostfilterMethod:1          ; Median3x3 postfilering method]]
[2022.02.13-14.26.40:880][  0]LogConfig: Setting CVar [[r.DOF.Gather.EnableBokehSettings:0       ; no bokeh simulation when gathering]]
[2022.02.13-14.26.40:880][  0]LogConfig: Setting CVar [[r.DOF.Gather.RingCount:4                 ; medium number of samples when gathering]]
[2022.02.13-14.26.40:880][  0]LogConfig: Setting CVar [[r.DOF.Scatter.ForegroundCompositing:1    ; additive foreground scattering]]
[2022.02.13-14.26.40:880][  0]LogConfig: Setting CVar [[r.DOF.Scatter.BackgroundCompositing:2    ; additive background scattering]]
[2022.02.13-14.26.40:880][  0]LogConfig: Setting CVar [[r.DOF.Scatter.EnableBokehSettings:1      ; bokeh simulation when scattering]]
[2022.02.13-14.26.40:880][  0]LogConfig: Setting CVar [[r.DOF.Scatter.MaxSpriteRatio:0.1         ; only a maximum of 10% of scattered bokeh]]
[2022.02.13-14.26.40:880][  0]LogConfig: Setting CVar [[r.DOF.Recombine.Quality:1                ; cheap slight out of focus]]
[2022.02.13-14.26.40:880][  0]LogConfig: Setting CVar [[r.DOF.Recombine.EnableBokehSettings:0    ; no bokeh simulation on slight out of focus]]
[2022.02.13-14.26.40:880][  0]LogConfig: Setting CVar [[r.DOF.TemporalAAQuality:1                ; more stable temporal accumulation]]
[2022.02.13-14.26.40:880][  0]LogConfig: Setting CVar [[r.DOF.Kernel.MaxForegroundRadius:0.025]]
[2022.02.13-14.26.40:880][  0]LogConfig: Setting CVar [[r.DOF.Kernel.MaxBackgroundRadius:0.025]]
[2022.02.13-14.26.40:880][  0]LogConfig: Applying CVar settings from Section [TextureQuality@3] File [E:/UE4/Projects/WargamingAcademy/Cyberpunk2022/Saved/Config/Windows/Scalability.ini]
[2022.02.13-14.26.40:880][  0]LogConfig: Setting CVar [[r.Streaming.MipBias:0]]
[2022.02.13-14.26.40:880][  0]LogConfig: Setting CVar [[r.Streaming.AmortizeCPUToGPUCopy:0]]
[2022.02.13-14.26.40:880][  0]LogConfig: Setting CVar [[r.Streaming.MaxNumTexturesToStreamPerFrame:0]]
[2022.02.13-14.26.40:880][  0]LogConfig: Setting CVar [[r.Streaming.Boost:1]]
[2022.02.13-14.26.40:881][  0]LogConfig: Setting CVar [[r.MaxAnisotropy:8]]
[2022.02.13-14.26.40:881][  0]LogConfig: Setting CVar [[r.VT.MaxAnisotropy:8]]
[2022.02.13-14.26.40:881][  0]LogConfig: Setting CVar [[r.Streaming.LimitPoolSizeToVRAM:0]]
[2022.02.13-14.26.40:881][  0]LogConfig: Setting CVar [[r.Streaming.PoolSize:1000]]
[2022.02.13-14.26.40:881][  0]LogConfig: Setting CVar [[r.Streaming.MaxEffectiveScreenSize:0]]
[2022.02.13-14.26.40:881][  0]LogConfig: Applying CVar settings from Section [EffectsQuality@3] File [E:/UE4/Projects/WargamingAcademy/Cyberpunk2022/Saved/Config/Windows/Scalability.ini]
[2022.02.13-14.26.40:881][  0]LogConfig: Setting CVar [[r.TranslucencyLightingVolumeDim:64]]
[2022.02.13-14.26.40:881][  0]LogConfig: Setting CVar [[r.RefractionQuality:2]]
[2022.02.13-14.26.40:881][  0]LogConfig: Setting CVar [[r.SSR.Quality:3]]
[2022.02.13-14.26.40:881][  0]LogConfig: Setting CVar [[r.SSR.HalfResSceneColor:0]]
[2022.02.13-14.26.40:881][  0]LogConfig: Setting CVar [[r.SceneColorFormat:4]]
[2022.02.13-14.26.40:881][  0]LogConfig: Setting CVar [[r.DetailMode:2]]
[2022.02.13-14.26.40:881][  0]LogConfig: Setting CVar [[r.TranslucencyVolumeBlur:1]]
[2022.02.13-14.26.40:881][  0]LogConfig: Setting CVar [[r.MaterialQualityLevel:1 ; High quality]]
[2022.02.13-14.26.40:881][  0]LogConfig: Setting CVar [[r.AnisotropicMaterials:1]]
[2022.02.13-14.26.40:881][  0]LogConfig: Setting CVar [[r.SSS.Scale:1]]
[2022.02.13-14.26.40:881][  0]LogConfig: Setting CVar [[r.SSS.SampleSet:2]]
[2022.02.13-14.26.40:881][  0]LogConfig: Setting CVar [[r.SSS.Quality:1]]
[2022.02.13-14.26.40:881][  0]LogConfig: Setting CVar [[r.SSS.HalfRes:0]]
[2022.02.13-14.26.40:881][  0]LogConfig: Setting CVar [[r.SSGI.Quality:3]]
[2022.02.13-14.26.40:881][  0]LogConfig: Setting CVar [[r.EmitterSpawnRateScale:1.0]]
[2022.02.13-14.26.40:881][  0]LogConfig: Setting CVar [[r.ParticleLightQuality:2]]
[2022.02.13-14.26.40:881][  0]LogConfig: Setting CVar [[r.SkyAtmosphere.AerialPerspectiveLUT.FastApplyOnOpaque:1 ; Always have FastSkyLUT 1 in this case to avoid wrong sky]]
[2022.02.13-14.26.40:881][  0]LogConfig: Setting CVar [[r.SkyAtmosphere.AerialPerspectiveLUT.SampleCountMaxPerSlice:4]]
[2022.02.13-14.26.40:881][  0]LogConfig: Setting CVar [[r.SkyAtmosphere.AerialPerspectiveLUT.DepthResolution:16.0]]
[2022.02.13-14.26.40:881][  0]LogConfig: Setting CVar [[r.SkyAtmosphere.FastSkyLUT:1]]
[2022.02.13-14.26.40:881][  0]LogConfig: Setting CVar [[r.SkyAtmosphere.FastSkyLUT.SampleCountMin:4.0]]
[2022.02.13-14.26.40:881][  0]LogConfig: Setting CVar [[r.SkyAtmosphere.FastSkyLUT.SampleCountMax:128.0]]
[2022.02.13-14.26.40:881][  0]LogConfig: Setting CVar [[r.SkyAtmosphere.SampleCountMin:4.0]]
[2022.02.13-14.26.40:881][  0]LogConfig: Setting CVar [[r.SkyAtmosphere.SampleCountMax:128.0]]
[2022.02.13-14.26.40:881][  0]LogConfig: Setting CVar [[r.SkyAtmosphere.TransmittanceLUT.UseSmallFormat:0]]
[2022.02.13-14.26.40:882][  0]LogConfig: Setting CVar [[r.SkyAtmosphere.TransmittanceLUT.SampleCount:10.0]]
[2022.02.13-14.26.40:882][  0]LogConfig: Setting CVar [[r.SkyAtmosphere.MultiScatteringLUT.SampleCount:15.0]]
[2022.02.13-14.26.40:882][  0]LogConfig: Setting CVar [[r.SkyLight.RealTimeReflectionCapture:1]]
[2022.02.13-14.26.40:882][  0]LogConfig: Applying CVar settings from Section [FoliageQuality@3] File [E:/UE4/Projects/WargamingAcademy/Cyberpunk2022/Saved/Config/Windows/Scalability.ini]
[2022.02.13-14.26.40:882][  0]LogConfig: Setting CVar [[foliage.DensityScale:1.0]]
[2022.02.13-14.26.40:882][  0]LogConfig: Setting CVar [[grass.DensityScale:1.0]]
[2022.02.13-14.26.40:882][  0]LogConfig: Applying CVar settings from Section [ShadingQuality@3] File [E:/UE4/Projects/WargamingAcademy/Cyberpunk2022/Saved/Config/Windows/Scalability.ini]
[2022.02.13-14.26.40:882][  0]LogConfig: Setting CVar [[r.HairStrands.SkyLighting.IntegrationType:2]]
[2022.02.13-14.26.40:882][  0]LogConfig: Setting CVar [[r.HairStrands.SkyAO.SampleCount:4]]
[2022.02.13-14.26.40:882][  0]LogConfig: Setting CVar [[r.HairStrands.Visibility.MSAA.SamplePerPixel:4]]
[2022.02.13-14.26.40:882][  0]LogConfig: Applying CVar settings from Section [Startup] File [../../../Engine/Config/ConsoleVariables.ini]
[2022.02.13-14.26.40:882][  0]LogConfig: Setting CVar [[net.UseAdaptiveNetUpdateFrequency:0]]
[2022.02.13-14.26.40:882][  0]LogConfig: Setting CVar [[p.chaos.AllowCreatePhysxBodies:1]]
[2022.02.13-14.26.40:882][  0]LogConfig: Setting CVar [[fx.SkipVectorVMBackendOptimizations:1]]
[2022.02.13-14.26.40:882][  0]LogConfig: Applying CVar settings from Section [ConsoleVariables] File [E:/UE4/Projects/WargamingAcademy/Cyberpunk2022/Saved/Config/Windows/Engine.ini]
[2022.02.13-14.26.40:882][  0]LogConfig: Applying CVar settings from Section [ConsoleVariables] File [E:/UE4/Projects/WargamingAcademy/Cyberpunk2022/Saved/Config/Windows/Editor.ini]
[2022.02.13-14.26.40:882][  0]LogInit: Computer: DESKTOP-P6OQVGL
[2022.02.13-14.26.40:882][  0]LogInit: User: Artem
[2022.02.13-14.26.40:882][  0]LogInit: CPU Page size=4096, Cores=6
[2022.02.13-14.26.40:882][  0]LogInit: High frequency timer resolution =10.000000 MHz
[2022.02.13-14.26.40:883][  0]LogMemory: Memory total: Physical=15.4GB (16GB approx)
[2022.02.13-14.26.40:883][  0]LogMemory: Platform Memory Stats for Windows
[2022.02.13-14.26.40:883][  0]LogMemory: Process Physical Memory: 144.66 MB used, 144.67 MB peak
[2022.02.13-14.26.40:883][  0]LogMemory: Process Virtual Memory: 119.89 MB used, 119.89 MB peak
[2022.02.13-14.26.40:883][  0]LogMemory: Physical Memory: 9880.29 MB used,  5843.77 MB free, 15724.06 MB total
[2022.02.13-14.26.40:883][  0]LogMemory: Virtual Memory: 134203096.00 MB used,  14629.49 MB free, 134217728.00 MB total
[2022.02.13-14.26.40:890][  0]LogWindows: WindowsPlatformFeatures enabled
[2022.02.13-14.26.40:996][  0]LogInit: Physics initialised using underlying interface: PhysX
[2022.02.13-14.26.40:997][  0]LogInit: Using OS detected language (en-US).
[2022.02.13-14.26.40:997][  0]LogInit: Using OS detected locale (en-US).
[2022.02.13-14.26.40:999][  0]LogTextLocalizationManager: No specific localization for 'en-US' exists, so the 'en' localization will be used.
[2022.02.13-14.26.41:167][  0]LogInit: Setting process to per monitor DPI aware
[2022.02.13-14.26.41:260][  0]LogWindowsTextInputMethodSystem: Display: IME system deactivated.
[2022.02.13-14.26.41:273][  0]LogSlate: New Slate User Created.  User Index 0, Is Virtual User: 0
[2022.02.13-14.26.41:274][  0]LogSlate: Slate User Registered.  User Index 0, Is Virtual User: 0
[2022.02.13-14.26.41:385][  0]LogD3D11RHI: Loaded GFSDK_Aftermath_Lib.x64.dll
[2022.02.13-14.26.41:400][  0]LogHMD: Failed to initialize OpenVR with code 110
[2022.02.13-14.26.41:400][  0]LogD3D11RHI: D3D11 min allowed feature level: 11_0
[2022.02.13-14.26.41:400][  0]LogD3D11RHI: D3D11 max allowed feature level: 11_0
[2022.02.13-14.26.41:400][  0]LogD3D11RHI: D3D11 adapters:
[2022.02.13-14.26.41:496][  0]LogD3D11RHI:    0. 'NVIDIA GeForce RTX 3060 Laptop GPU' (Feature Level 11_0)
[2022.02.13-14.26.41:496][  0]LogD3D11RHI:       6023/0/7862 MB DedicatedVideo/DedicatedSystem/SharedSystem, Outputs:2, VendorId:0x10de
[2022.02.13-14.26.41:539][  0]LogD3D11RHI:    1. 'AMD Radeon(TM) Graphics' (Feature Level 11_0)
[2022.02.13-14.26.41:539][  0]LogD3D11RHI:       496/0/7862 MB DedicatedVideo/DedicatedSystem/SharedSystem, Outputs:0, VendorId:0x1002
[2022.02.13-14.26.41:542][  0]LogD3D11RHI:    2. 'Microsoft Basic Render Driver' (Feature Level 11_0)
[2022.02.13-14.26.41:542][  0]LogD3D11RHI:       0/0/7862 MB DedicatedVideo/DedicatedSystem/SharedSystem, Outputs:0, VendorId:0x1414
[2022.02.13-14.26.41:542][  0]LogD3D11RHI: Chosen D3D11 Adapter:
[2022.02.13-14.26.41:542][  0]LogD3D11RHI:     Description : NVIDIA GeForce RTX 3060 Laptop GPU
[2022.02.13-14.26.41:542][  0]LogD3D11RHI:     VendorId    : 10de
[2022.02.13-14.26.41:543][  0]LogD3D11RHI:     DeviceId    : 2520
[2022.02.13-14.26.41:543][  0]LogD3D11RHI:     SubSysId    : 151f1025
[2022.02.13-14.26.41:543][  0]LogD3D11RHI:     Revision    : 00a1
[2022.02.13-14.26.41:543][  0]LogD3D11RHI:     DedicatedVideoMemory : 6315573248 bytes
[2022.02.13-14.26.41:543][  0]LogD3D11RHI:     DedicatedSystemMemory : 0 bytes
[2022.02.13-14.26.41:543][  0]LogD3D11RHI:     SharedSystemMemory : 8243935232 bytes
[2022.02.13-14.26.41:543][  0]LogD3D11RHI:     AdapterLuid : 0 58340
[2022.02.13-14.26.41:549][  0]LogD3D11RHI: Creating new Direct3DDevice
[2022.02.13-14.26.41:549][  0]LogD3D11RHI:     GPU DeviceId: 0x2520 (for the marketing name, search the web for "GPU Device Id")
[2022.02.13-14.26.41:549][  0]LogWindows: EnumDisplayDevices:
[2022.02.13-14.26.41:550][  0]LogWindows:    0. 'AMD Radeon(TM) Graphics' (P:1 D:1)
[2022.02.13-14.26.41:550][  0]LogWindows:    1. 'AMD Radeon(TM) Graphics' (P:0 D:0)
[2022.02.13-14.26.41:550][  0]LogWindows:    2. 'AMD Radeon(TM) Graphics' (P:0 D:0)
[2022.02.13-14.26.41:550][  0]LogWindows:    3. 'NVIDIA GeForce RTX 3060 Laptop GPU' (P:0 D:1)
[2022.02.13-14.26.41:551][  0]LogWindows: DebugString: PrimaryIsNotTheChoosenAdapter PrimaryIsNotTheChoosenAdapter PrimaryIsNotTheChoosenAdapter 
[2022.02.13-14.26.41:551][  0]LogD3D11RHI:     Adapter Name: NVIDIA GeForce RTX 3060 Laptop GPU
[2022.02.13-14.26.41:551][  0]LogD3D11RHI:   Driver Version: 497.09 (internal:30.0.14.9709, unified:497.09)
[2022.02.13-14.26.41:551][  0]LogD3D11RHI:      Driver Date: 11-26-2021
[2022.02.13-14.26.41:551][  0]LogRHI: Texture pool is 4216 MB (70% of 6023 MB)
[2022.02.13-14.26.41:551][  0]LogD3D11RHI: Creating D3DDevice using adapter:
[2022.02.13-14.26.41:551][  0]LogD3D11RHI:     Description : NVIDIA GeForce RTX 3060 Laptop GPU
[2022.02.13-14.26.41:551][  0]LogD3D11RHI:     VendorId    : 10de
[2022.02.13-14.26.41:551][  0]LogD3D11RHI:     DeviceId    : 2520
[2022.02.13-14.26.41:551][  0]LogD3D11RHI:     SubSysId    : 151f1025
[2022.02.13-14.26.41:551][  0]LogD3D11RHI:     Revision    : 00a1
[2022.02.13-14.26.41:551][  0]LogD3D11RHI:     DedicatedVideoMemory : 6315573248 bytes
[2022.02.13-14.26.41:551][  0]LogD3D11RHI:     DedicatedSystemMemory : 0 bytes
[2022.02.13-14.26.41:551][  0]LogD3D11RHI:     SharedSystemMemory : 8243935232 bytes
[2022.02.13-14.26.41:551][  0]LogD3D11RHI:     AdapterLuid : 0 58340
[2022.02.13-14.26.41:608][  0]LogD3D11RHI: RHI has support for 64 bit atomics
[2022.02.13-14.26.41:608][  0]LogD3D11RHI: Async texture creation enabled
[2022.02.13-14.26.41:608][  0]LogD3D11RHI: Array index from any shader is supported
[2022.02.13-14.26.41:630][  0]LogD3D11RHI: GPU Timing Frequency: 1000.000000 (Debug: 2 1)
[2022.02.13-14.26.41:653][  0]LogRHI: GeForceNow SDK initialized: 1
[2022.02.13-14.26.41:868][  0]LogTargetPlatformManager: Display: Loaded TargetPlatform 'AllDesktop'
[2022.02.13-14.26.41:889][  0]LogTargetPlatformManager: Display: Loaded TargetPlatform 'Android'
[2022.02.13-14.26.41:889][  0]LogTargetPlatformManager: Display: Loaded TargetPlatform 'Android_ASTC'
[2022.02.13-14.26.41:889][  0]LogTargetPlatformManager: Display: Loaded TargetPlatform 'Android_DXT'
[2022.02.13-14.26.41:889][  0]LogTargetPlatformManager: Display: Loaded TargetPlatform 'Android_ETC2'
[2022.02.13-14.26.41:889][  0]LogTargetPlatformManager: Display: Loaded TargetPlatform 'AndroidClient'
[2022.02.13-14.26.41:889][  0]LogTargetPlatformManager: Display: Loaded TargetPlatform 'Android_ASTCClient'
[2022.02.13-14.26.41:889][  0]LogTargetPlatformManager: Display: Loaded TargetPlatform 'Android_DXTClient'
[2022.02.13-14.26.41:889][  0]LogTargetPlatformManager: Display: Loaded TargetPlatform 'Android_ETC2Client'
[2022.02.13-14.26.41:889][  0]LogTargetPlatformManager: Display: Loaded TargetPlatform 'Android_Multi'
[2022.02.13-14.26.41:889][  0]LogTargetPlatformManager: Display: Loaded TargetPlatform 'Android_MultiClient'
[2022.02.13-14.26.41:907][  0]LogTargetPlatformManager: Display: Loaded TargetPlatform 'IOSClient'
[2022.02.13-14.26.41:907][  0]LogTargetPlatformManager: Display: Loaded TargetPlatform 'IOS'
[2022.02.13-14.26.41:915][  0]LogTargetPlatformManager: Display: Loaded TargetPlatform 'Linux'
[2022.02.13-14.26.41:919][  0]LogTargetPlatformManager: Display: Loaded TargetPlatform 'LinuxNoEditor'
[2022.02.13-14.26.41:924][  0]LogTargetPlatformManager: Display: Loaded TargetPlatform 'LinuxClient'
[2022.02.13-14.26.41:929][  0]LogTargetPlatformManager: Display: Loaded TargetPlatform 'LinuxServer'
[2022.02.13-14.26.41:937][  0]LogTargetPlatformManager: Display: Loaded TargetPlatform 'LinuxAArch64NoEditor'
[2022.02.13-14.26.41:942][  0]LogTargetPlatformManager: Display: Loaded TargetPlatform 'LinuxAArch64Client'
[2022.02.13-14.26.41:946][  0]LogTargetPlatformManager: Display: Loaded TargetPlatform 'LinuxAArch64Server'
[2022.02.13-14.26.41:964][  0]LogTargetPlatformManager: Display: Loaded TargetPlatform 'Lumin'
[2022.02.13-14.26.41:964][  0]LogTargetPlatformManager: Display: Loaded TargetPlatform 'LuminClient'
[2022.02.13-14.26.41:974][  0]LogTargetPlatformManager: Display: Loaded TargetPlatform 'MacNoEditor'
[2022.02.13-14.26.41:979][  0]LogTargetPlatformManager: Display: Loaded TargetPlatform 'Mac'
[2022.02.13-14.26.41:983][  0]LogTargetPlatformManager: Display: Loaded TargetPlatform 'MacClient'
[2022.02.13-14.26.41:988][  0]LogTargetPlatformManager: Display: Loaded TargetPlatform 'MacServer'
[2022.02.13-14.26.41:996][  0]LogTargetPlatformManager: Display: Loaded TargetPlatform 'TVOSClient'
[2022.02.13-14.26.41:996][  0]LogTargetPlatformManager: Display: Loaded TargetPlatform 'TVOS'
[2022.02.13-14.26.42:005][  0]LogTargetPlatformManager: Display: Loaded TargetPlatform 'WindowsNoEditor'
[2022.02.13-14.26.42:010][  0]LogTargetPlatformManager: Display: Loaded TargetPlatform 'Windows'
[2022.02.13-14.26.42:014][  0]LogTargetPlatformManager: Display: Loaded TargetPlatform 'WindowsClient'
[2022.02.13-14.26.42:019][  0]LogTargetPlatformManager: Display: Loaded TargetPlatform 'WindowsServer'
[2022.02.13-14.26.42:019][  0]LogTargetPlatformManager: Display: Building Assets For Windows
[2022.02.13-14.26.42:028][  0]LogAudioDebug: Display: Lib vorbis DLL was dynamically loaded.
[2022.02.13-14.26.42:061][  0]LogTextureFormatOodle: Display: Oodle Texture 2.9.0 init RDO Off
[2022.02.13-14.26.42:105][  0]LogRendererCore: Ray tracing is disabled. Reason: r.RayTracing=0.
[2022.02.13-14.26.42:105][  0]LogShaderCompilers: Guid format shader working directory is -5 characters bigger than the processId version (../../../../Projects/WargamingAcademy/Cyberpunk2022/Intermediate/Shaders/WorkingDirectory/9484/).
[2022.02.13-14.26.42:105][  0]LogShaderCompilers: Cleaned the shader compiler working directory 'C:/Users/Artem/AppData/Local/Temp/UnrealShaderWorkingDir/A9E7D219418082F33C6703898ACF2EC9/'.
[2022.02.13-14.26.42:105][  0]LogXGEController: Cannot use XGE Controller as Incredibuild is not installed on this machine.
[2022.02.13-14.26.42:106][  0]LogShaderCompilers: Cannot use XGE Shader Compiler as Incredibuild is not installed on this machine.
[2022.02.13-14.26.42:106][  0]LogShaderCompilers: Display: Using Local Shader Compiler.
[2022.02.13-14.26.42:718][  0]LogDerivedDataCache: Display: Max Cache Size: 512 MB
[2022.02.13-14.26.42:767][  0]LogDerivedDataCache: Loaded boot cache 0.05s 102MB C:/Users/Artem/AppData/Local/UnrealEngine/4.27/DerivedDataCache/Boot.ddc.
[2022.02.13-14.26.42:768][  0]LogDerivedDataCache: Display: Loaded Boot cache: C:/Users/Artem/AppData/Local/UnrealEngine/4.27/DerivedDataCache/Boot.ddc
[2022.02.13-14.26.42:768][  0]LogDerivedDataCache: FDerivedDataBackendGraph:  Pak pak cache file ../../../../Projects/WargamingAcademy/Cyberpunk2022/DerivedDataCache/DDC.ddp not found, will not use a pak cache.
[2022.02.13-14.26.42:768][  0]LogDerivedDataCache: Unable to find inner node Pak for hierarchical cache Hierarchy.
[2022.02.13-14.26.42:768][  0]LogDerivedDataCache: FDerivedDataBackendGraph:  CompressedPak pak cache file ../../../../Projects/WargamingAcademy/Cyberpunk2022/DerivedDataCache/Compressed.ddp not found, will not use a pak cache.
[2022.02.13-14.26.42:768][  0]LogDerivedDataCache: Unable to find inner node CompressedPak for hierarchical cache Hierarchy.
[2022.02.13-14.26.42:784][  0]LogDerivedDataCache: Display: Pak cache opened for reading ../../../Engine/DerivedDataCache/Compressed.ddp.
[2022.02.13-14.26.42:785][  0]LogDerivedDataCache: FDerivedDataBackendGraph:  EnterprisePak pak cache file ../../../Enterprise/DerivedDataCache/Compressed.ddp not found, will not use a pak cache.
[2022.02.13-14.26.42:785][  0]LogDerivedDataCache: Unable to find inner node EnterprisePak for hierarchical cache Hierarchy.
[2022.02.13-14.26.42:791][  0]LogDerivedDataCache: Speed tests for C:/Users/Artem/AppData/Local/UnrealEngine/Common/DerivedDataCache took 0.01 seconds
[2022.02.13-14.26.42:791][  0]LogDerivedDataCache: Display: Performance to C:/Users/Artem/AppData/Local/UnrealEngine/Common/DerivedDataCache: Latency=0.03ms. RandomReadSpeed=1427.00MBs, RandomWriteSpeed=185.47MBs. Assigned SpeedClass 'Local'
[2022.02.13-14.26.42:793][  0]LogDerivedDataCache: Using Local data cache path C:/Users/Artem/AppData/Local/UnrealEngine/Common/DerivedDataCache: Writable
[2022.02.13-14.26.42:793][  0]LogDerivedDataCache: Shared data cache path not found in *engine.ini, will not use an Shared cache.
[2022.02.13-14.26.42:793][  0]LogDerivedDataCache: Unable to find inner node Shared for hierarchical cache Hierarchy.
[2022.02.13-14.26.42:832][  0]LogSlate: Using FreeType 2.10.0
[2022.02.13-14.26.42:832][  0]LogSlate: SlateFontServices - WITH_FREETYPE: 1, WITH_HARFBUZZ: 1
[2022.02.13-14.26.42:852][  0]LogAssetRegistry: FAssetRegistry took 0.0034 seconds to start up
[2022.02.13-14.26.43:043][  0]LogInit: Selected Device Profile: [Windows]
[2022.02.13-14.26.43:043][  0]LogInit: Active device profile: [00000236B6947400][00000236B4A2AE40 49] Windows
[2022.02.13-14.26.43:043][  0]LogInit: Profiles: [00000236B6947400][00000236B4A2AE40 49] Windows, [00000236B68D4E00][00000236B4A52FC0 49] WindowsNoEditor, [00000236B6944E00][00000236B4A33140 49] WindowsServer, [00000236B68D6B00][00000236B603B2C0 49] WindowsClient, [00000236B6946A00][00000236B6043440 49] IOS, [00000236B68D5800][00000236B60475C0 49] iPadAir, [00000236B6945700][00000236B604B740 49] iPadAir2, [00000236B6867900][00000236B60E3A00 49] IPadPro, [00000236B6867A00][00000236B604FA40 49] iPadAir3, [00000236B6946300][00000236B60E7BC0 49] iPadAir4, [00000236B6865300][00000236B60EA1C0 49] iPadMini2, [00000236B6947C00][00000236AE4EA340 49] iPadMini3, [00000236B6866500][00000236AE4EE4C0 49] iPadMini4, [00000236B6945400][00000236AE4F2640 49] iPadMini5, [00000236B68BF200][00000236AE4F6880 49] iPhone6, [00000236B68BF300][00000236B4A2E8C0 49] iPodTouch6, [00000236B6864400][00000236AE1EAB00 49] iPhone7, [00000236B6864300][00000236AE1E6B40 49] iPodTouch7, [00000236B68BD200][00000236AE0C0CC0 49] iPhone5S, [00000236B6864A00][00000236AE0DAE40 49] iPhone6Plus, [00000236B68BE600][00000236AE134FC0 49] iPhone6S, [00000236B6867F00][00000236B76F3140 49] iPhone6SPlus, [00000236B68BFA00][00000236B770B2C0 49] iPhone7Plus, [00000236B6865800][00000236B770F440 49] iPhoneSE, [00000236B68BC900][00000236B77135C0 49] iPhone8, [00000236B6866600][00000236B7831740 49] iPhone8Plus, [00000236B68BCF00][00000236B78358C0 49] iPhoneX, [00000236B6867C00][00000236B7861A40 49] iPhoneXS, [00000236B68BFC00][00000236B78A9BC0 49] iPhoneXSMax, [00000236B6866800][00000236B78B01C0 49] iPhoneXR, [00000236B68BF800][00000236B78BC340 49] iPhone11, [00000236B6865600][00000236B78C04C0 49] iPhone11Pro, [00000236B68BE500][00000236B78D8640 49] iPhone11ProMax, [00000236B6865C00][00000236B79187C0 49] iPhoneSE2, [00000236B68BCC00][00000236B791C940 49] iPhone12Mini, [00000236B6864E00][00000236AE0BCA80 49] iPhone12, [00000236B68BF400][00000236B6072BC0 49] iPhone12Pro, [00000236B6865500][00000236B60B2D00 49] iPhone12ProMax, [00000236B68BC200][00000236B60BAE80 49] iPadPro105, [00000236B6864D00][00000236B60BF000 49] iPadPro129, [00000236B68BD900][00000236B7305180 49] iPadPro97, [00000236B6865B00][00000236B7309300 49] iPadPro2_129, [00000236B68BED00][00000236B730D480 49] iPad5, [00000236B6867500][00000236B7311600 49] iPad6, [00000236B68BEC00][00000236B7315780 49] iPad7, [00000236B6866100][00000236B7323900 49] iPad8, [00000236B68BF500][00000236B60C3A80 49] iPadPro11, [00000236B6866A00][00000236B60D3C00 49] iPadPro2_11, [00000236B68BFD00][00000236B60DC200 49] iPadPro3_129, [00000236B6864200][00000236AF088380 49] iPadPro4_129, [00000236B68BD000][00000236AF0DC500 49] AppleTV, [00000236B6866B00][00000236AF0E0680 49] AppleTV4K, [00000236B68BC400][00000236AF0E4800 49] TVOS, [00000236B6864800][00000236AF0E8980 49] Mac, [00000236B68BF900][00000236B76EEB00 49] MacClient, [00000236B6867300][00000236B60B6C40 49] MacNoEditor, [00000236B68BD300][00000236AF0F2D80 49] MacServer, [00000236B6864500][00000236AE4E2EC0 49] Linux, [00000236B68BDB00][00000236B7619040 49] LinuxAArch64, [00000236B6867800][00000236B761D1C0 49] LinuxNoEditor, [00000236B68D6600][00000236B7621340 49] LinuxAArch64NoEditor, [00000236B6AC4900][00000236B76254C0 49] LinuxClient, [00000236B68D4300][00000236B7629640 49] LinuxAArch64Client, [00000236B6AC5800][00000236B762D7C0 49] LinuxServer, [00000236B68D5700][00000236B7663940 49] LinuxAArch64Server, [00000236B6AC4400][00000236B7667AC0 49] Android, [00000236B68D4800][00000236B766A0C0 49] Android_Low, [00000236B6AC5B00][00000236B77CE240 49] Android_Mid, [00000236B68D6400][00000236B77D23C0 49] Android_High, [00000236B6AC5600][00000236B77D6540 49] Android_Default, [00000236B68D6900][00000236AE4DE6C0 49] Android_Adreno4xx, [00000236B6AC4E00][00000236AE0D6840 49] Android_Adreno5xx_Low, [00000236B68D4200][00000236B77DA9C0 49] Android_Adreno5xx, [00000236B6AC4800][00000236B77DEB40 49] Android_Adreno6xx, [00000236B68D7400][00000236B7706CC0 49] Android_Adreno6xx_Vulkan, [00000236B6AC4200][00000236AE4E6E00 49] Android_Mali_T6xx, [00000236B68D5000][00000236B7702F40 49] Android_Mali_T7xx, [00000236B6AC5900][00000236B76F7080 49] Android_Mali_T8xx, [00000236B68D6E00][00000236B4A371C0 49] Android_Mali_G71, [00000236B6AC4100][00000236AE12D340 49] Android_Mali_G72, [00000236B6867400][00000236AE1294C0 49] Android_Mali_G72_Vulkan, [00000236B68BD600][00000236AE125640 49] Android_Mali_G76, [00000236B6866700][00000236AE1217C0 49] Android_Mali_G76_Vulkan, [00000236B68BCA00][00000236AE11D940 49] Android_Mali_G77, [00000236B6866200][00000236AE119AC0 49] Android_Mali_G77_Vulkan, [00000236B68BDF00][00000236AE1140C0 49] Android_Mali_G78, [00000236B6864F00][00000236B603E240 49] Android_Mali_G78_Vulkan, [00000236B6AC6600][00000236B5FE63C0 49] Android_Mali_G710, [00000236B6864100][00000236B5FEA540 49] Android_Mali_G710_Vulkan, [00000236B6AC4B00][00000236B5FEE6C0 49] Android_Vulkan_SM5, [00000236B6865000][00000236B5FF2840 49] Android_PowerVR_G6xxx, [00000236B6AC4F00][00000236B5FF69C0 49] Android_PowerVR_GT7xxx, [00000236B6864C00][00000236B5FFAB40 49] Android_PowerVR_GE8xxx, [00000236B6AC5100][00000236B5FFECC0 49] Android_PowerVR_GM9xxx, [00000236B6867B00][00000236B6002E40 49] Android_PowerVR_GM9xxx_Vulkan, [00000236B6AC5C00][00000236AE130F80 49] Android_TegraK1, [00000236B6866F00][00000236B60070C0 49] Android_Unknown_Vulkan, [00000236B6AC5D00][00000236B600B200 49] Lumin, [00000236B6867600][00000236B77E3340 49] Lumin_Desktop, [00000236B6AC4600][00000236B77EB4C0 49] HoloLens, 
[2022.02.13-14.26.43:151][  0]LogMeshReduction: Using QuadricMeshReduction for automatic static mesh reduction
[2022.02.13-14.26.43:151][  0]LogMeshReduction: Using SimplygonMeshReduction for automatic skeletal mesh reduction
[2022.02.13-14.26.43:151][  0]LogMeshReduction: Using ProxyLODMeshReduction for automatic mesh merging
[2022.02.13-14.26.43:151][  0]LogMeshReduction: No distributed automatic mesh merging module available
[2022.02.13-14.26.43:151][  0]LogMeshMerging: No distributed automatic mesh merging module available
[2022.02.13-14.26.43:162][  0]LogNetVersion: Cyberpunk2022 1.0.0, NetCL: 17155196, EngineNetVer: 17, GameNetVer: 0 (Checksum: 1028016206)
[2022.02.13-14.26.43:437][  0]LogTexture: Default maximum texture size for cubemaps generated from long-lat sources has been changed from 512 to unlimited. In order to preserve old behaiour for '/Engine/MapTemplates/Sky/DaylightAmbientCubemap.DaylightAmbientCubemap', its maximum texture size has been explicitly set to 512.
[2022.02.13-14.26.43:483][  0]LogHMD: PokeAHoleMaterial loaded successfully
[2022.02.13-14.26.43:488][  0]LogUObjectArray: 17178 objects as part of root set at end of initial load.
[2022.02.13-14.26.43:488][  0]LogUObjectAllocator: 4302048 out of 0 bytes used by permanent object pool.
[2022.02.13-14.26.43:488][  0]LogUObjectArray: CloseDisregardForGC: 0/0 objects in disregard for GC pool
[2022.02.13-14.26.43:819][  0]LogTcpMessaging: Initializing TcpMessaging bridge
[2022.02.13-14.26.43:825][  0]LogUdpMessaging: Initializing bridge on interface 0.0.0.0:0 to multicast group 230.0.0.1:6666.
[2022.02.13-14.26.43:883][  0]LogNiagaraDebuggerClient: Niagara Debugger Client Initialized | Session: DDDAB1CD4E487337C63D1A947A4E3C34 | Instance: 5AEF9E20487CDCA5FFA39EA794B33DB9 (DESKTOP-P6OQVGL-9484).
[2022.02.13-14.26.43:919][  0]LogPython: Using Python 3.7.7
[2022.02.13-14.26.44:722][  0]SourceControl: Source control is disabled
[2022.02.13-14.26.44:722][  0]SourceControl: Source control is disabled
[2022.02.13-14.26.44:726][  0]SourceControl: Source control is disabled
[2022.02.13-14.26.44:731][  0]SourceControl: Source control is disabled
[2022.02.13-14.26.44:738][  0]SourceControl: Source control is disabled
[2022.02.13-14.26.44:746][  0]LogUProjectInfo: Found projects:
[2022.02.13-14.26.44:877][  0]LogOpenImageDenoise: OIDN starting up
[2022.02.13-14.26.44:982][  0]LogAndroidPermission: UAndroidPermissionCallbackProxy::GetInstance
[2022.02.13-14.26.45:007][  0]LogAudioCaptureCore: Display: No Audio Capture implementations found. Audio input will be silent.
[2022.02.13-14.26.45:007][  0]LogAudioCaptureCore: Display: No Audio Capture implementations found. Audio input will be silent.
[2022.02.13-14.26.45:142][  0]LogCollectionManager: Loaded 0 collections in 0.000541 seconds
[2022.02.13-14.26.45:167][  0]LogFileCache: Scanning file cache for directory 'E:/UE4/Projects/WargamingAcademy/Cyberpunk2022/Saved/Collections/' took 0.00s
[2022.02.13-14.26.45:167][  0]LogFileCache: Scanning file cache for directory 'E:/UE4/Projects/WargamingAcademy/Cyberpunk2022/Content/Developers/Artem/Collections/' took 0.00s
[2022.02.13-14.26.45:167][  0]LogFileCache: Scanning file cache for directory 'E:/UE4/Projects/WargamingAcademy/Cyberpunk2022/Content/Collections/' took 0.00s
[2022.02.13-14.26.45:167][  0]LogOcInput: OculusInput pre-init called
[2022.02.13-14.26.45:357][  0]LogEngine: Initializing Engine...
[2022.02.13-14.26.45:360][  0]LogHMD: Failed to enumerate extensions. Please check that you have a valid OpenXR runtime installed.
[2022.02.13-14.26.45:360][  0]LogHMD: Failed to initialize OpenVR with code 110
[2022.02.13-14.26.45:361][  0]LogMagicLeap: Warning: VR disabled because ZI is not enabled.  To enable, in the editor, Edit -> Project Settings -> Plugins -> Magic Leap Plugin -> Enable Zero Iteration
[2022.02.13-14.26.45:361][  0]LogStats: UGameplayTagsManager::InitializeManager -  0.000 s
[2022.02.13-14.26.45:454][  0]LogInit: Initializing FReadOnlyCVARCache
[2022.02.13-14.26.45:462][  0]LogAIModule: Creating AISystem for world Untitled
[2022.02.13-14.26.45:471][  0]LogAudio: Display: Initializing Audio Device Manager...
[2022.02.13-14.26.45:475][  0]LogAudio: Display: Loading Default Audio Settings Objects...
[2022.02.13-14.26.45:476][  0]LogAudio: Display: No default SoundConcurrencyObject specified (or failed to load).
[2022.02.13-14.26.45:476][  0]LogAudio: Display: Audio Device Manager Initialized
[2022.02.13-14.26.45:476][  0]LogAudio: Display: Creating Audio Device:                 Id: 1, Scope: Shared, Realtime: True
[2022.02.13-14.26.45:476][  0]LogAudioMixer: Display: Audio Mixer Platform Settings:
[2022.02.13-14.26.45:476][  0]LogAudioMixer: Display: 	Sample Rate:						  48000
[2022.02.13-14.26.45:476][  0]LogAudioMixer: Display: 	Callback Buffer Frame Size Requested: 1024
[2022.02.13-14.26.45:476][  0]LogAudioMixer: Display: 	Callback Buffer Frame Size To Use:	  1024
[2022.02.13-14.26.45:476][  0]LogAudioMixer: Display: 	Number of buffers to queue:			  2
[2022.02.13-14.26.45:477][  0]LogAudioMixer: Display: 	Max Channels (voices):				  32
[2022.02.13-14.26.45:477][  0]LogAudioMixer: Display: 	Number of Async Source Workers:		  0
[2022.02.13-14.26.45:477][  0]LogAudio: Display: AudioDevice MaxSources: 32
[2022.02.13-14.26.45:477][  0]LogAudio: Display: Audio Spatialization Plugin: None (built-in).
[2022.02.13-14.26.45:477][  0]LogAudio: Display: Audio Reverb Plugin: None (built-in).
[2022.02.13-14.26.45:477][  0]LogAudio: Display: Audio Occlusion Plugin: None (built-in).
[2022.02.13-14.26.45:477][  0]LogAudioMixer: Display: Initializing audio mixer.
[2022.02.13-14.26.45:487][  0]LogAudioMixer: Display: 0: FrontLeft
[2022.02.13-14.26.45:487][  0]LogAudioMixer: Display: 1: FrontRight
[2022.02.13-14.26.45:564][  0]LogAudioMixer: Display: Using Audio Device Headphones (Realtek(R) Audio)
[2022.02.13-14.26.45:566][  0]LogAudioMixer: Display: Initializing Sound Submixes...
[2022.02.13-14.26.45:568][  0]LogAudioMixer: Display: Creating Master Submix 'MasterSubmixDefault'
[2022.02.13-14.26.45:568][  0]LogAudioMixer: Display: Creating Master Submix 'MasterReverbSubmixDefault'
[2022.02.13-14.26.45:569][  0]LogAudioMixer: Display: Creating Master Submix 'MasterEQSubmixDefault'
[2022.02.13-14.26.45:569][  0]LogAudioMixer: FMixerPlatformXAudio2::StartAudioStream() called
[2022.02.13-14.26.45:569][  0]LogAudioMixer: Display: Output buffers initialized: Frames=1024, Channels=2, Samples=2048
[2022.02.13-14.26.45:571][  0]LogAudioMixer: Display: Starting AudioMixerPlatformInterface::RunInternal()
[2022.02.13-14.26.45:571][  0]LogAudioMixer: Display: FMixerPlatformXAudio2::SubmitBuffer() called for the first time
[2022.02.13-14.26.45:571][  0]LogInit: FAudioDevice initialized.
[2022.02.13-14.26.45:572][  0]LogAudio: Display: Audio Device (ID: 1) registered with world 'Untitled'.
[2022.02.13-14.26.45:572][  0]LogNetVersion: Set ProjectVersion to 1.0.0.0. Version Checksum will be recalculated on next use.
[2022.02.13-14.26.45:623][  0]LogDerivedDataCache: Saved boot cache 0.05s 102MB C:/Users/Artem/AppData/Local/UnrealEngine/4.27/DerivedDataCache/Boot.ddc.
[2022.02.13-14.26.45:624][  0]LogInit: Texture streaming: Enabled
[2022.02.13-14.26.45:637][  0]LogAnalytics: Display: [UEEditor.Rocket.Release] APIServer = https://datarouter.ol.epicgames.com/. AppVersion = 4.27.2-18319896+++UE4+Release-4.27
[2022.02.13-14.26.45:641][  0]LogEngineSessionManager: EngineSessionManager initialized
[2022.02.13-14.26.45:642][  0]LogEditorSessionSummary: Verbose: Initializing EditorSessionSummaryWriter for editor session tracking
[2022.02.13-14.26.45:643][  0]LogEditorSessionSummary: EditorSessionSummaryWriter initialized
[2022.02.13-14.26.45:663][  0]LogInit: Transaction tracking system initialized
[2022.02.13-14.26.45:686][  0]BlueprintLog: New page: Editor Load
[2022.02.13-14.26.45:746][  0]LocalizationService: Localization service is disabled
[2022.02.13-14.26.45:769][  0]TimingProfiler: Initialize
[2022.02.13-14.26.45:770][  0]TimingProfiler: OnSessionChanged
[2022.02.13-14.26.45:770][  0]LoadingProfiler: Initialize
[2022.02.13-14.26.45:770][  0]LoadingProfiler: OnSessionChanged
[2022.02.13-14.26.45:770][  0]NetworkingProfiler: Initialize
[2022.02.13-14.26.45:770][  0]NetworkingProfiler: OnSessionChanged
[2022.02.13-14.26.45:770][  0]MemoryProfiler: Initialize
[2022.02.13-14.26.45:770][  0]MemoryProfiler: OnSessionChanged
[2022.02.13-14.26.45:894][  0]LogCook: Display: CookSettings for Memory: MemoryMaxUsedVirtual 0MiB, MemoryMaxUsedPhysical 16384MiB, MemoryMinFreeVirtual 0MiB, MemoryMinFreePhysical 1024MiB
[2022.02.13-14.26.45:894][  0]LogCook: Display: Mobile HDR setting 1
[2022.02.13-14.26.46:011][  0]LogFileCache: Scanning file cache for directory 'E:/UE4/Projects/WargamingAcademy/Cyberpunk2022/Content/' took 0.01s
[2022.02.13-14.26.46:219][  0]LogInit: Display: Engine is initialized. Leaving FEngineLoop::Init()
[2022.02.13-14.26.46:221][  0]SourceControl: Source control is disabled
[2022.02.13-14.26.46:221][  0]LogUnrealEdMisc: Loading editor; pre map load, took 6.601
[2022.02.13-14.26.46:221][  0]Cmd: MAP LOAD FILE="../../../../Projects/WargamingAcademy/Cyberpunk2022/Content/FirstPersonCPP/Maps/bloking.umap" TEMPLATE=0 SHOWPROGRESS=1 FEATURELEVEL=3
[2022.02.13-14.26.46:222][  0]LightingResults: New page: Lighting Build
[2022.02.13-14.26.46:223][  0]LogWorld: UWorld::CleanupWorld for Untitled, bSessionEnded=true, bCleanupResources=true
[2022.02.13-14.26.46:223][  0]LogSlate: InvalidateAllWidgets triggered.  All widgets were invalidated
[2022.02.13-14.26.46:223][  0]MapCheck: New page: Map Check
[2022.02.13-14.26.46:223][  0]LightingResults: New page: Lighting Build
[2022.02.13-14.26.46:230][  0]LogAudio: Display: Audio Device unregistered from world 'None'.
[2022.02.13-14.26.46:235][  0]LogUObjectHash: Compacting FUObjectHashTables data took   0.97ms
[2022.02.13-14.26.46:813][  0]LogAudio: Display: Audio Device (ID: 1) registered with world 'bloking'.
[2022.02.13-14.26.46:814][  0]LogAIModule: Creating AISystem for world bloking
[2022.02.13-14.26.46:918][  0]LogEditorServer: Finished looking for orphan Actors (0.001 secs)
[2022.02.13-14.26.46:969][  0]LogUObjectHash: Compacting FUObjectHashTables data took   1.13ms
[2022.02.13-14.26.46:969][  0]Cmd: MAP CHECKDEP NOCLEARLOG
[2022.02.13-14.26.46:969][  0]MapCheck: Map check complete: 0 Error(s), 0 Warning(s), took 0.263ms to complete.
[2022.02.13-14.26.46:970][  0]LogFileHelpers: Loading map 'bloking' took 0.748
[2022.02.13-14.26.46:971][  0]LogUnrealEdMisc: Total Editor Startup Time, took 7.352
[2022.02.13-14.26.47:076][  0]LogSlate: Updating window title bar state: overlay mode, drag disabled, window buttons hidden, title bar hidden
[2022.02.13-14.26.47:082][  0]LogSlate: Updating window title bar state: overlay mode, drag disabled, window buttons hidden, title bar hidden
[2022.02.13-14.26.47:088][  0]LogSlate: Updating window title bar state: overlay mode, drag disabled, window buttons hidden, title bar hidden
[2022.02.13-14.26.47:093][  0]LogSlate: Updating window title bar state: overlay mode, drag disabled, window buttons hidden, title bar hidden
[2022.02.13-14.26.47:105][  0]LogNativeClassHierarchy: Verbose: Native class hierarchy populated in 0.0089 seconds. Added 3831 classes and 930 folders.
[2022.02.13-14.26.47:107][  0]LogNativeClassHierarchy: Verbose: Native class hierarchy updated for 'WidgetCarousel' in 0.0003 seconds. Added 0 classes and 0 folders.
[2022.02.13-14.26.47:109][  0]LogPakFile: PakFile PrimaryIndexSize=187
[2022.02.13-14.26.47:109][  0]LogPakFile: PakFile PathHashIndexSize=101
[2022.02.13-14.26.47:109][  0]LogPakFile: PakFile FullDirectoryIndexSize=148
[2022.02.13-14.26.47:109][  0]LogShaderLibrary: Display: ShaderCodeLibraryPakFileMountedCallback: PakFile 'E:/UE4/UE_4.27/FeaturePacks/FP_FirstPerson.upack' (chunk index -1, root 'root:/') mounted
[2022.02.13-14.26.47:109][  0]LogShaderLibrary: Display: ShaderCodeLibraryPakFileMountedCallback: pending pak file info (ChunkID:-1 Root:root:/ File:E:/UE4/UE_4.27/FeaturePacks/FP_FirstPerson.upack)
[2022.02.13-14.26.47:109][  0]LogPakFile: OnPakFileMounted2Time == 0.000145
[2022.02.13-14.26.47:109][  0]LogPakFile: PakFile PrimaryIndexSize=189
[2022.02.13-14.26.47:109][  0]LogPakFile: PakFile PathHashIndexSize=101
[2022.02.13-14.26.47:109][  0]LogPakFile: PakFile FullDirectoryIndexSize=152
[2022.02.13-14.26.47:109][  0]LogShaderLibrary: Display: ShaderCodeLibraryPakFileMountedCallback: PakFile 'E:/UE4/UE_4.27/FeaturePacks/FP_FirstPersonBP.upack' (chunk index -1, root 'root:/') mounted
[2022.02.13-14.26.47:109][  0]LogShaderLibrary: Display: ShaderCodeLibraryPakFileMountedCallback: pending pak file info (ChunkID:-1 Root:root:/ File:E:/UE4/UE_4.27/FeaturePacks/FP_FirstPersonBP.upack)
[2022.02.13-14.26.47:109][  0]LogPakFile: OnPakFileMounted2Time == 0.000109
[2022.02.13-14.26.47:109][  0]LogPakFile: PakFile PrimaryIndexSize=191
[2022.02.13-14.26.47:109][  0]LogPakFile: PakFile PathHashIndexSize=101
[2022.02.13-14.26.47:109][  0]LogPakFile: PakFile FullDirectoryIndexSize=160
[2022.02.13-14.26.47:109][  0]LogShaderLibrary: Display: ShaderCodeLibraryPakFileMountedCallback: PakFile 'E:/UE4/UE_4.27/FeaturePacks/MobileStarterContent.upack' (chunk index -1, root 'root:/') mounted
[2022.02.13-14.26.47:109][  0]LogShaderLibrary: Display: ShaderCodeLibraryPakFileMountedCallback: pending pak file info (ChunkID:-1 Root:root:/ File:E:/UE4/UE_4.27/FeaturePacks/MobileStarterContent.upack)
[2022.02.13-14.26.47:109][  0]LogPakFile: OnPakFileMounted2Time == 0.000096
[2022.02.13-14.26.47:110][  0]LogPakFile: PakFile PrimaryIndexSize=185
[2022.02.13-14.26.47:110][  0]LogPakFile: PakFile PathHashIndexSize=101
[2022.02.13-14.26.47:110][  0]LogPakFile: PakFile FullDirectoryIndexSize=148
[2022.02.13-14.26.47:110][  0]LogShaderLibrary: Display: ShaderCodeLibraryPakFileMountedCallback: PakFile 'E:/UE4/UE_4.27/FeaturePacks/StarterContent.upack' (chunk index -1, root 'root:/') mounted
[2022.02.13-14.26.47:110][  0]LogShaderLibrary: Display: ShaderCodeLibraryPakFileMountedCallback: pending pak file info (ChunkID:-1 Root:root:/ File:E:/UE4/UE_4.27/FeaturePacks/StarterContent.upack)
[2022.02.13-14.26.47:110][  0]LogPakFile: OnPakFileMounted2Time == 0.000090
[2022.02.13-14.26.47:110][  0]LogPakFile: PakFile PrimaryIndexSize=190
[2022.02.13-14.26.47:110][  0]LogPakFile: PakFile PathHashIndexSize=101
[2022.02.13-14.26.47:110][  0]LogPakFile: PakFile FullDirectoryIndexSize=154
[2022.02.13-14.26.47:110][  0]LogShaderLibrary: Display: ShaderCodeLibraryPakFileMountedCallback: PakFile 'E:/UE4/UE_4.27/FeaturePacks/TP_2DSideScroller.upack' (chunk index -1, root 'root:/') mounted
[2022.02.13-14.26.47:110][  0]LogShaderLibrary: Display: ShaderCodeLibraryPakFileMountedCallback: pending pak file info (ChunkID:-1 Root:root:/ File:E:/UE4/UE_4.27/FeaturePacks/TP_2DSideScroller.upack)
[2022.02.13-14.26.47:110][  0]LogPakFile: OnPakFileMounted2Time == 0.000075
[2022.02.13-14.26.47:111][  0]LogPakFile: PakFile PrimaryIndexSize=192
[2022.02.13-14.26.47:111][  0]LogPakFile: PakFile PathHashIndexSize=101
[2022.02.13-14.26.47:111][  0]LogPakFile: PakFile FullDirectoryIndexSize=158
[2022.02.13-14.26.47:111][  0]LogShaderLibrary: Display: ShaderCodeLibraryPakFileMountedCallback: PakFile 'E:/UE4/UE_4.27/FeaturePacks/TP_2DSideScrollerBP.upack' (chunk index -1, root 'root:/') mounted
[2022.02.13-14.26.47:111][  0]LogShaderLibrary: Display: ShaderCodeLibraryPakFileMountedCallback: pending pak file info (ChunkID:-1 Root:root:/ File:E:/UE4/UE_4.27/FeaturePacks/TP_2DSideScrollerBP.upack)
[2022.02.13-14.26.47:111][  0]LogPakFile: OnPakFileMounted2Time == 0.000097
[2022.02.13-14.26.47:111][  0]LogPakFile: PakFile PrimaryIndexSize=182
[2022.02.13-14.26.47:111][  0]LogPakFile: PakFile PathHashIndexSize=101
[2022.02.13-14.26.47:111][  0]LogPakFile: PakFile FullDirectoryIndexSize=138
[2022.02.13-14.26.47:111][  0]LogShaderLibrary: Display: ShaderCodeLibraryPakFileMountedCallback: PakFile 'E:/UE4/UE_4.27/FeaturePacks/TP_Flying.upack' (chunk index -1, root 'root:/') mounted
[2022.02.13-14.26.47:111][  0]LogShaderLibrary: Display: ShaderCodeLibraryPakFileMountedCallback: pending pak file info (ChunkID:-1 Root:root:/ File:E:/UE4/UE_4.27/FeaturePacks/TP_Flying.upack)
[2022.02.13-14.26.47:112][  0]LogPakFile: OnPakFileMounted2Time == 0.000092
[2022.02.13-14.26.47:112][  0]LogPakFile: PakFile PrimaryIndexSize=184
[2022.02.13-14.26.47:112][  0]LogPakFile: PakFile PathHashIndexSize=101
[2022.02.13-14.26.47:112][  0]LogPakFile: PakFile FullDirectoryIndexSize=142
[2022.02.13-14.26.47:112][  0]LogShaderLibrary: Display: ShaderCodeLibraryPakFileMountedCallback: PakFile 'E:/UE4/UE_4.27/FeaturePacks/TP_FlyingBP.upack' (chunk index -1, root 'root:/') mounted
[2022.02.13-14.26.47:112][  0]LogShaderLibrary: Display: ShaderCodeLibraryPakFileMountedCallback: pending pak file info (ChunkID:-1 Root:root:/ File:E:/UE4/UE_4.27/FeaturePacks/TP_FlyingBP.upack)
[2022.02.13-14.26.47:112][  0]LogPakFile: OnPakFileMounted2Time == 0.000093
[2022.02.13-14.26.47:113][  0]LogPakFile: PakFile PrimaryIndexSize=188
[2022.02.13-14.26.47:113][  0]LogPakFile: PakFile PathHashIndexSize=101
[2022.02.13-14.26.47:113][  0]LogPakFile: PakFile FullDirectoryIndexSize=150
[2022.02.13-14.26.47:113][  0]LogShaderLibrary: Display: ShaderCodeLibraryPakFileMountedCallback: PakFile 'E:/UE4/UE_4.27/FeaturePacks/TP_HandheldARBP.upack' (chunk index -1, root 'root:/') mounted
[2022.02.13-14.26.47:113][  0]LogShaderLibrary: Display: ShaderCodeLibraryPakFileMountedCallback: pending pak file info (ChunkID:-1 Root:root:/ File:E:/UE4/UE_4.27/FeaturePacks/TP_HandheldARBP.upack)
[2022.02.13-14.26.47:113][  0]LogPakFile: OnPakFileMounted2Time == 0.000090
[2022.02.13-14.26.47:113][  0]LogPakFile: PakFile PrimaryIndexSize=182
[2022.02.13-14.26.47:113][  0]LogPakFile: PakFile PathHashIndexSize=101
[2022.02.13-14.26.47:113][  0]LogPakFile: PakFile FullDirectoryIndexSize=138
[2022.02.13-14.26.47:113][  0]LogShaderLibrary: Display: ShaderCodeLibraryPakFileMountedCallback: PakFile 'E:/UE4/UE_4.27/FeaturePacks/TP_Puzzle.upack' (chunk index -1, root 'root:/') mounted
[2022.02.13-14.26.47:113][  0]LogShaderLibrary: Display: ShaderCodeLibraryPakFileMountedCallback: pending pak file info (ChunkID:-1 Root:root:/ File:E:/UE4/UE_4.27/FeaturePacks/TP_Puzzle.upack)
[2022.02.13-14.26.47:114][  0]LogPakFile: OnPakFileMounted2Time == 0.000089
[2022.02.13-14.26.47:114][  0]LogPakFile: PakFile PrimaryIndexSize=184
[2022.02.13-14.26.47:114][  0]LogPakFile: PakFile PathHashIndexSize=101
[2022.02.13-14.26.47:114][  0]LogPakFile: PakFile FullDirectoryIndexSize=142
[2022.02.13-14.26.47:114][  0]LogShaderLibrary: Display: ShaderCodeLibraryPakFileMountedCallback: PakFile 'E:/UE4/UE_4.27/FeaturePacks/TP_PuzzleBP.upack' (chunk index -1, root 'root:/') mounted
[2022.02.13-14.26.47:114][  0]LogShaderLibrary: Display: ShaderCodeLibraryPakFileMountedCallback: pending pak file info (ChunkID:-1 Root:root:/ File:E:/UE4/UE_4.27/FeaturePacks/TP_PuzzleBP.upack)
[2022.02.13-14.26.47:114][  0]LogPakFile: OnPakFileMounted2Time == 0.000081
[2022.02.13-14.26.47:114][  0]LogPakFile: PakFile PrimaryIndexSize=183
[2022.02.13-14.26.47:115][  0]LogPakFile: PakFile PathHashIndexSize=101
[2022.02.13-14.26.47:115][  0]LogPakFile: PakFile FullDirectoryIndexSize=140
[2022.02.13-14.26.47:115][  0]LogShaderLibrary: Display: ShaderCodeLibraryPakFileMountedCallback: PakFile 'E:/UE4/UE_4.27/FeaturePacks/TP_Rolling.upack' (chunk index -1, root 'root:/') mounted
[2022.02.13-14.26.47:115][  0]LogShaderLibrary: Display: ShaderCodeLibraryPakFileMountedCallback: pending pak file info (ChunkID:-1 Root:root:/ File:E:/UE4/UE_4.27/FeaturePacks/TP_Rolling.upack)
[2022.02.13-14.26.47:115][  0]LogPakFile: OnPakFileMounted2Time == 0.000074
[2022.02.13-14.26.47:115][  0]LogPakFile: PakFile PrimaryIndexSize=185
[2022.02.13-14.26.47:115][  0]LogPakFile: PakFile PathHashIndexSize=101
[2022.02.13-14.26.47:115][  0]LogPakFile: PakFile FullDirectoryIndexSize=144
[2022.02.13-14.26.47:115][  0]LogShaderLibrary: Display: ShaderCodeLibraryPakFileMountedCallback: PakFile 'E:/UE4/UE_4.27/FeaturePacks/TP_RollingBP.upack' (chunk index -1, root 'root:/') mounted
[2022.02.13-14.26.47:115][  0]LogShaderLibrary: Display: ShaderCodeLibraryPakFileMountedCallback: pending pak file info (ChunkID:-1 Root:root:/ File:E:/UE4/UE_4.27/FeaturePacks/TP_RollingBP.upack)
[2022.02.13-14.26.47:115][  0]LogPakFile: OnPakFileMounted2Time == 0.000071
[2022.02.13-14.26.47:116][  0]LogPakFile: PakFile PrimaryIndexSize=188
[2022.02.13-14.26.47:116][  0]LogPakFile: PakFile PathHashIndexSize=101
[2022.02.13-14.26.47:116][  0]LogPakFile: PakFile FullDirectoryIndexSize=150
[2022.02.13-14.26.47:116][  0]LogShaderLibrary: Display: ShaderCodeLibraryPakFileMountedCallback: PakFile 'E:/UE4/UE_4.27/FeaturePacks/TP_SideScroller.upack' (chunk index -1, root 'root:/') mounted
[2022.02.13-14.26.47:116][  0]LogShaderLibrary: Display: ShaderCodeLibraryPakFileMountedCallback: pending pak file info (ChunkID:-1 Root:root:/ File:E:/UE4/UE_4.27/FeaturePacks/TP_SideScroller.upack)
[2022.02.13-14.26.47:116][  0]LogPakFile: OnPakFileMounted2Time == 0.000077
[2022.02.13-14.26.47:116][  0]LogPakFile: PakFile PrimaryIndexSize=190
[2022.02.13-14.26.47:116][  0]LogPakFile: PakFile PathHashIndexSize=101
[2022.02.13-14.26.47:116][  0]LogPakFile: PakFile FullDirectoryIndexSize=154
[2022.02.13-14.26.47:116][  0]LogShaderLibrary: Display: ShaderCodeLibraryPakFileMountedCallback: PakFile 'E:/UE4/UE_4.27/FeaturePacks/TP_SideScrollerBP.upack' (chunk index -1, root 'root:/') mounted
[2022.02.13-14.26.47:116][  0]LogShaderLibrary: Display: ShaderCodeLibraryPakFileMountedCallback: pending pak file info (ChunkID:-1 Root:root:/ File:E:/UE4/UE_4.27/FeaturePacks/TP_SideScrollerBP.upack)
[2022.02.13-14.26.47:116][  0]LogPakFile: OnPakFileMounted2Time == 0.000087
[2022.02.13-14.26.47:117][  0]LogPakFile: PakFile PrimaryIndexSize=187
[2022.02.13-14.26.47:117][  0]LogPakFile: PakFile PathHashIndexSize=101
[2022.02.13-14.26.47:117][  0]LogPakFile: PakFile FullDirectoryIndexSize=148
[2022.02.13-14.26.47:117][  0]LogShaderLibrary: Display: ShaderCodeLibraryPakFileMountedCallback: PakFile 'E:/UE4/UE_4.27/FeaturePacks/TP_ThirdPerson.upack' (chunk index -1, root 'root:/') mounted
[2022.02.13-14.26.47:117][  0]LogShaderLibrary: Display: ShaderCodeLibraryPakFileMountedCallback: pending pak file info (ChunkID:-1 Root:root:/ File:E:/UE4/UE_4.27/FeaturePacks/TP_ThirdPerson.upack)
[2022.02.13-14.26.47:117][  0]LogPakFile: OnPakFileMounted2Time == 0.000079
[2022.02.13-14.26.47:117][  0]LogPakFile: PakFile PrimaryIndexSize=189
[2022.02.13-14.26.47:117][  0]LogPakFile: PakFile PathHashIndexSize=101
[2022.02.13-14.26.47:117][  0]LogPakFile: PakFile FullDirectoryIndexSize=152
[2022.02.13-14.26.47:117][  0]LogShaderLibrary: Display: ShaderCodeLibraryPakFileMountedCallback: PakFile 'E:/UE4/UE_4.27/FeaturePacks/TP_ThirdPersonBP.upack' (chunk index -1, root 'root:/') mounted
[2022.02.13-14.26.47:117][  0]LogShaderLibrary: Display: ShaderCodeLibraryPakFileMountedCallback: pending pak file info (ChunkID:-1 Root:root:/ File:E:/UE4/UE_4.27/FeaturePacks/TP_ThirdPersonBP.upack)
[2022.02.13-14.26.47:117][  0]LogPakFile: OnPakFileMounted2Time == 0.000073
[2022.02.13-14.26.47:118][  0]LogPakFile: PakFile PrimaryIndexSize=183
[2022.02.13-14.26.47:118][  0]LogPakFile: PakFile PathHashIndexSize=101
[2022.02.13-14.26.47:118][  0]LogPakFile: PakFile FullDirectoryIndexSize=140
[2022.02.13-14.26.47:118][  0]LogShaderLibrary: Display: ShaderCodeLibraryPakFileMountedCallback: PakFile 'E:/UE4/UE_4.27/FeaturePacks/TP_TopDown.upack' (chunk index -1, root 'root:/') mounted
[2022.02.13-14.26.47:118][  0]LogShaderLibrary: Display: ShaderCodeLibraryPakFileMountedCallback: pending pak file info (ChunkID:-1 Root:root:/ File:E:/UE4/UE_4.27/FeaturePacks/TP_TopDown.upack)
[2022.02.13-14.26.47:118][  0]LogPakFile: OnPakFileMounted2Time == 0.000080
[2022.02.13-14.26.47:118][  0]LogPakFile: PakFile PrimaryIndexSize=185
[2022.02.13-14.26.47:118][  0]LogPakFile: PakFile PathHashIndexSize=101
[2022.02.13-14.26.47:118][  0]LogPakFile: PakFile FullDirectoryIndexSize=144
[2022.02.13-14.26.47:119][  0]LogShaderLibrary: Display: ShaderCodeLibraryPakFileMountedCallback: PakFile 'E:/UE4/UE_4.27/FeaturePacks/TP_TopDownBP.upack' (chunk index -1, root 'root:/') mounted
[2022.02.13-14.26.47:119][  0]LogShaderLibrary: Display: ShaderCodeLibraryPakFileMountedCallback: pending pak file info (ChunkID:-1 Root:root:/ File:E:/UE4/UE_4.27/FeaturePacks/TP_TopDownBP.upack)
[2022.02.13-14.26.47:119][  0]LogPakFile: OnPakFileMounted2Time == 0.000100
[2022.02.13-14.26.47:119][  0]LogPakFile: PakFile PrimaryIndexSize=185
[2022.02.13-14.26.47:119][  0]LogPakFile: PakFile PathHashIndexSize=101
[2022.02.13-14.26.47:119][  0]LogPakFile: PakFile FullDirectoryIndexSize=144
[2022.02.13-14.26.47:119][  0]LogShaderLibrary: Display: ShaderCodeLibraryPakFileMountedCallback: PakFile 'E:/UE4/UE_4.27/FeaturePacks/TP_TwinStick.upack' (chunk index -1, root 'root:/') mounted
[2022.02.13-14.26.47:119][  0]LogShaderLibrary: Display: ShaderCodeLibraryPakFileMountedCallback: pending pak file info (ChunkID:-1 Root:root:/ File:E:/UE4/UE_4.27/FeaturePacks/TP_TwinStick.upack)
[2022.02.13-14.26.47:119][  0]LogPakFile: OnPakFileMounted2Time == 0.000082
[2022.02.13-14.26.47:120][  0]LogPakFile: PakFile PrimaryIndexSize=187
[2022.02.13-14.26.47:120][  0]LogPakFile: PakFile PathHashIndexSize=101
[2022.02.13-14.26.47:120][  0]LogPakFile: PakFile FullDirectoryIndexSize=148
[2022.02.13-14.26.47:120][  0]LogShaderLibrary: Display: ShaderCodeLibraryPakFileMountedCallback: PakFile 'E:/UE4/UE_4.27/FeaturePacks/TP_TwinStickBP.upack' (chunk index -1, root 'root:/') mounted
[2022.02.13-14.26.47:120][  0]LogShaderLibrary: Display: ShaderCodeLibraryPakFileMountedCallback: pending pak file info (ChunkID:-1 Root:root:/ File:E:/UE4/UE_4.27/FeaturePacks/TP_TwinStickBP.upack)
[2022.02.13-14.26.47:120][  0]LogPakFile: OnPakFileMounted2Time == 0.000083
[2022.02.13-14.26.47:120][  0]LogPakFile: PakFile PrimaryIndexSize=183
[2022.02.13-14.26.47:120][  0]LogPakFile: PakFile PathHashIndexSize=101
[2022.02.13-14.26.47:120][  0]LogPakFile: PakFile FullDirectoryIndexSize=140
[2022.02.13-14.26.47:120][  0]LogShaderLibrary: Display: ShaderCodeLibraryPakFileMountedCallback: PakFile 'E:/UE4/UE_4.27/FeaturePacks/TP_Vehicle.upack' (chunk index -1, root 'root:/') mounted
[2022.02.13-14.26.47:120][  0]LogShaderLibrary: Display: ShaderCodeLibraryPakFileMountedCallback: pending pak file info (ChunkID:-1 Root:root:/ File:E:/UE4/UE_4.27/FeaturePacks/TP_Vehicle.upack)
[2022.02.13-14.26.47:120][  0]LogPakFile: OnPakFileMounted2Time == 0.000095
[2022.02.13-14.26.47:121][  0]LogPakFile: PakFile PrimaryIndexSize=186
[2022.02.13-14.26.47:121][  0]LogPakFile: PakFile PathHashIndexSize=101
[2022.02.13-14.26.47:121][  0]LogPakFile: PakFile FullDirectoryIndexSize=146
[2022.02.13-14.26.47:121][  0]LogShaderLibrary: Display: ShaderCodeLibraryPakFileMountedCallback: PakFile 'E:/UE4/UE_4.27/FeaturePacks/TP_VehicleAdv.upack' (chunk index -1, root 'root:/') mounted
[2022.02.13-14.26.47:121][  0]LogShaderLibrary: Display: ShaderCodeLibraryPakFileMountedCallback: pending pak file info (ChunkID:-1 Root:root:/ File:E:/UE4/UE_4.27/FeaturePacks/TP_VehicleAdv.upack)
[2022.02.13-14.26.47:121][  0]LogPakFile: OnPakFileMounted2Time == 0.000087
[2022.02.13-14.26.47:121][  0]LogPakFile: PakFile PrimaryIndexSize=188
[2022.02.13-14.26.47:121][  0]LogPakFile: PakFile PathHashIndexSize=101
[2022.02.13-14.26.47:122][  0]LogPakFile: PakFile FullDirectoryIndexSize=150
[2022.02.13-14.26.47:122][  0]LogShaderLibrary: Display: ShaderCodeLibraryPakFileMountedCallback: PakFile 'E:/UE4/UE_4.27/FeaturePacks/TP_VehicleAdvBP.upack' (chunk index -1, root 'root:/') mounted
[2022.02.13-14.26.47:122][  0]LogShaderLibrary: Display: ShaderCodeLibraryPakFileMountedCallback: pending pak file info (ChunkID:-1 Root:root:/ File:E:/UE4/UE_4.27/FeaturePacks/TP_VehicleAdvBP.upack)
[2022.02.13-14.26.47:122][  0]LogPakFile: OnPakFileMounted2Time == 0.000090
[2022.02.13-14.26.47:122][  0]LogPakFile: PakFile PrimaryIndexSize=185
[2022.02.13-14.26.47:122][  0]LogPakFile: PakFile PathHashIndexSize=101
[2022.02.13-14.26.47:122][  0]LogPakFile: PakFile FullDirectoryIndexSize=144
[2022.02.13-14.26.47:122][  0]LogShaderLibrary: Display: ShaderCodeLibraryPakFileMountedCallback: PakFile 'E:/UE4/UE_4.27/FeaturePacks/TP_VehicleBP.upack' (chunk index -1, root 'root:/') mounted
[2022.02.13-14.26.47:122][  0]LogShaderLibrary: Display: ShaderCodeLibraryPakFileMountedCallback: pending pak file info (ChunkID:-1 Root:root:/ File:E:/UE4/UE_4.27/FeaturePacks/TP_VehicleBP.upack)
[2022.02.13-14.26.47:122][  0]LogPakFile: OnPakFileMounted2Time == 0.000086
[2022.02.13-14.26.47:123][  0]LogPakFile: PakFile PrimaryIndexSize=192
[2022.02.13-14.26.47:123][  0]LogPakFile: PakFile PathHashIndexSize=101
[2022.02.13-14.26.47:123][  0]LogPakFile: PakFile FullDirectoryIndexSize=158
[2022.02.13-14.26.47:123][  0]LogShaderLibrary: Display: ShaderCodeLibraryPakFileMountedCallback: PakFile 'E:/UE4/UE_4.27/FeaturePacks/TP_VirtualRealityBP.upack' (chunk index -1, root 'root:/') mounted
[2022.02.13-14.26.47:123][  0]LogShaderLibrary: Display: ShaderCodeLibraryPakFileMountedCallback: pending pak file info (ChunkID:-1 Root:root:/ File:E:/UE4/UE_4.27/FeaturePacks/TP_VirtualRealityBP.upack)
[2022.02.13-14.26.47:123][  0]LogPakFile: OnPakFileMounted2Time == 0.000080
[2022.02.13-14.26.47:151][  0]LogNativeClassHierarchy: Verbose: Native class hierarchy updated for 'AddContentDialog' in 0.0003 seconds. Added 0 classes and 0 folders.
[2022.02.13-14.26.47:156][  0]LogNativeClassHierarchy: Verbose: Native class hierarchy updated for 'SceneOutliner' in 0.0003 seconds. Added 2 classes and 0 folders.
[2022.02.13-14.26.47:349][  0]LogSlate: Took 0.000191 seconds to synchronously load lazily loaded font '../../../Engine/Content/Slate/Fonts/Roboto-Regular.ttf' (155K)
[2022.02.13-14.26.47:350][  0]LogSlate: Took 0.000124 seconds to synchronously load lazily loaded font '../../../Engine/Content/Editor/Slate/Fonts/FontAwesome.ttf' (139K)
[2022.02.13-14.26.47:352][  0]LogSlate: Took 0.000109 seconds to synchronously load lazily loaded font '../../../Engine/Content/Slate/Fonts/Roboto-Bold.ttf' (160K)
[2022.02.13-14.26.47:461][  0]LogRenderer: Reallocating scene render targets to support 1256x572 Format 10 NumSamples 1 (Frame:1).
[2022.02.13-14.26.47:548][  0]LogSlate: Took 0.000147 seconds to synchronously load lazily loaded font '../../../Engine/Content/Slate/Fonts/Roboto-Light.ttf' (167K)
[2022.02.13-14.26.47:621][  0]LogNativeClassHierarchy: Verbose: Native class hierarchy updated for 'HierarchicalLODOutliner' in 0.0004 seconds. Added 0 classes and 0 folders.
[2022.02.13-14.26.47:621][  0]LogLoad: (Engine Initialization) Total time: 8.00 seconds
[2022.02.13-14.26.47:621][  0]LogLoad: (Engine Initialization) Total Blueprint compile time: 0.00 seconds
[2022.02.13-14.26.47:676][  0]LogAssetRegistry: Asset discovery search completed in 4.8257 seconds
[2022.02.13-14.26.47:681][  0]LogCollectionManager: Fixed up redirectors for 0 collections in 0.000003 seconds (updated 0 objects)
[2022.02.13-14.26.47:682][  0]LogContentStreaming: Texture pool size now 1000 MB
[2022.02.13-14.26.53:105][318]LogSlate: Took 0.000110 seconds to synchronously load lazily loaded font '../../../Engine/Content/Slate/Fonts/Roboto-Light.ttf' (167K)
[2022.02.13-14.26.53:125][318]LogAssetEditorSubsystem: Opening Asset editor for WidgetBlueprint /Game/FirstPersonCPP/HUD/BP_AmmoCount.BP_AmmoCount
[2022.02.13-14.26.53:219][318]LogNativeClassHierarchy: Verbose: Native class hierarchy updated for 'BlueprintGraph' in 0.0006 seconds. Added 126 classes and 0 folders.
[2022.02.13-14.26.54:262][318]LogSlate: Took 0.000162 seconds to synchronously load lazily loaded font '../../../Engine/Content/Slate/Fonts/Roboto-BoldCondensed.ttf' (158K)
[2022.02.13-14.26.55:312][377]LogSlate: Window 'BP_AmmoCount' being destroyed
[2022.02.13-14.26.55:316][377]LogSlate: Window 'BP_AmmoCount' being destroyed
[2022.02.13-14.26.55:320][377]LogWorld: UWorld::CleanupWorld for World_4, bSessionEnded=true, bCleanupResources=true
[2022.02.13-14.26.55:321][377]LogSlate: InvalidateAllWidgets triggered.  All widgets were invalidated
[2022.02.13-14.26.55:328][377]LogWorld: UWorld::CleanupWorld for World_3, bSessionEnded=true, bCleanupResources=true
[2022.02.13-14.26.55:329][377]LogSlate: InvalidateAllWidgets triggered.  All widgets were invalidated
[2022.02.13-14.26.59:195][605]LogAssetEditorSubsystem: Opening Asset editor for Blueprint /Game/FirstPersonCPP/Weapons/BaseWeapon/BP_BaseWeapon.BP_BaseWeapon
[2022.02.13-14.27.11:605][304]BlueprintLog: New page: Compile BP_BaseWeapon
[2022.02.13-14.27.11:720][304]LogUObjectHash: Compacting FUObjectHashTables data took   4.23ms
[2022.02.13-14.27.12:284][332]LogSavePackage: Moving '../../../../Projects/WargamingAcademy/Cyberpunk2022/Saved/BP_BaseWeapon203C0F3E4E64B4AAE00510BD2A7CBD49.tmp' to '../../../../Projects/WargamingAcademy/Cyberpunk2022/Content/FirstPersonCPP/Weapons/BaseWeapon/BP_BaseWeapon.uasset'
[2022.02.13-14.27.12:305][332]AssetCheck: New page: Asset Save: BP_BaseWeapon
[2022.02.13-14.27.12:305][332]LogContentValidation: Display: Validating Blueprint /Game/FirstPersonCPP/Weapons/BaseWeapon/BP_BaseWeapon.BP_BaseWeapon
[2022.02.13-14.27.14:536][462]LogTemp: Repeating last play command: New Editor Window (PIE)
[2022.02.13-14.27.14:541][462]LogPlayLevel: PlayLevel: No blueprints needed recompiling
[2022.02.13-14.27.14:541][462]PIE: New page: PIE session: bloking (Feb 13, 2022, 8:27:14 PM)
[2022.02.13-14.27.14:543][462]LogOnline: OSS: Creating online subsystem instance for: NULL
[2022.02.13-14.27.14:545][462]LogOnline: OSS: TryLoadSubsystemAndSetDefault: Loaded subsystem for module [NULL]
[2022.02.13-14.27.14:545][462]LogPlayLevel: Creating play world package: /Game/FirstPersonCPP/Maps/UEDPIE_0_bloking
[2022.02.13-14.27.14:786][462]LogPlayLevel: PIE: StaticDuplicateObject took: (0.240895s)
[2022.02.13-14.27.14:787][462]LogAIModule: Creating AISystem for world bloking
[2022.02.13-14.27.14:788][462]LogPlayLevel: PIE: World Init took: (0.001569s)
[2022.02.13-14.27.14:788][462]LogPlayLevel: PIE: Created PIE world by copying editor world from /Game/FirstPersonCPP/Maps/bloking.bloking to /Game/FirstPersonCPP/Maps/UEDPIE_0_bloking.bloking (0.243102s)
[2022.02.13-14.27.14:830][462]LogUObjectHash: Compacting FUObjectHashTables data took   3.84ms
[2022.02.13-14.27.14:831][462]LogAudio: Display: Creating Audio Device:                 Id: 2, Scope: Unique, Realtime: True
[2022.02.13-14.27.14:831][462]LogAudioMixer: Display: Audio Mixer Platform Settings:
[2022.02.13-14.27.14:831][462]LogAudioMixer: Display: 	Sample Rate:						  48000
[2022.02.13-14.27.14:831][462]LogAudioMixer: Display: 	Callback Buffer Frame Size Requested: 1024
[2022.02.13-14.27.14:832][462]LogAudioMixer: Display: 	Callback Buffer Frame Size To Use:	  1024
[2022.02.13-14.27.14:832][462]LogAudioMixer: Display: 	Number of buffers to queue:			  2
[2022.02.13-14.27.14:832][462]LogAudioMixer: Display: 	Max Channels (voices):				  32
[2022.02.13-14.27.14:832][462]LogAudioMixer: Display: 	Number of Async Source Workers:		  0
[2022.02.13-14.27.14:832][462]LogAudio: Display: AudioDevice MaxSources: 32
[2022.02.13-14.27.14:832][462]LogAudio: Display: Audio Spatialization Plugin: None (built-in).
[2022.02.13-14.27.14:832][462]LogAudio: Display: Audio Reverb Plugin: None (built-in).
[2022.02.13-14.27.14:832][462]LogAudio: Display: Audio Occlusion Plugin: None (built-in).
[2022.02.13-14.27.14:832][462]LogAudioMixer: Display: Initializing audio mixer.
[2022.02.13-14.27.14:834][462]LogAudioMixer: Display: 0: FrontLeft
[2022.02.13-14.27.14:834][462]LogAudioMixer: Display: 1: FrontRight
[2022.02.13-14.27.14:910][462]LogAudioMixer: Display: Using Audio Device Headphones (Realtek(R) Audio)
[2022.02.13-14.27.14:910][462]LogAudioMixer: Display: Initializing Sound Submixes...
[2022.02.13-14.27.14:910][462]LogAudioMixer: Display: Creating Master Submix 'MasterSubmixDefault'
[2022.02.13-14.27.14:910][462]LogAudioMixer: Display: Creating Master Submix 'MasterReverbSubmixDefault'
[2022.02.13-14.27.14:911][462]LogAudioMixer: Display: Creating Master Submix 'MasterEQSubmixDefault'
[2022.02.13-14.27.14:911][462]LogAudioMixer: FMixerPlatformXAudio2::StartAudioStream() called
[2022.02.13-14.27.14:911][462]LogAudioMixer: Display: Output buffers initialized: Frames=1024, Channels=2, Samples=2048
[2022.02.13-14.27.14:913][462]LogAudioMixer: Display: Starting AudioMixerPlatformInterface::RunInternal()
[2022.02.13-14.27.14:913][462]LogAudioMixer: Display: FMixerPlatformXAudio2::SubmitBuffer() called for the first time
[2022.02.13-14.27.14:913][462]LogInit: FAudioDevice initialized.
[2022.02.13-14.27.14:913][462]LogAudio: Display: Audio Device (ID: 2) registered with world 'bloking'.
[2022.02.13-14.27.14:936][462]LogSlate: Updating window title bar state: overlay mode, drag disabled, window buttons hidden, title bar hidden
[2022.02.13-14.27.14:961][462]LogLoad: Game class is 'BP_ShooterGameMode_C'
[2022.02.13-14.27.15:026][462]LogWorld: Bringing World /Game/FirstPersonCPP/Maps/UEDPIE_0_bloking.bloking up for play (max tick rate 60) at 2022.02.13-17.27.15
[2022.02.13-14.27.15:029][462]LogWorld: Bringing up level for play took: 0.066591
[2022.02.13-14.27.15:029][462]LogOnline: OSS: Creating online subsystem instance for: :Context_10
[2022.02.13-14.27.15:033][462]LogNativeClassHierarchy: Verbose: Native class hierarchy updated for 'MovieSceneCapture' in 0.0003 seconds. Added 20 classes and 0 folders.
[2022.02.13-14.27.15:041][462]PIE: Server logged in
[2022.02.13-14.27.15:042][462]PIE: Play in editor total start time 0.502 seconds.
[2022.02.13-14.27.15:143][463]LogRenderer: Reallocating scene render targets to support 1912x1008 Format 10 NumSamples 1 (Frame:1).
[2022.02.13-14.27.16:820][540]LogBlueprintUserMessages: [BotMaster_2] 70
[2022.02.13-14.27.17:924][606]LogBlueprintUserMessages: [BotMaster_2] 40
[2022.02.13-14.27.18:024][612]LogBlueprintUserMessages: [BotMaster_2] 10
[2022.02.13-14.27.18:123][618]LogBlueprintUserMessages: [BotMaster_2] -20
[2022.02.13-14.27.18:422][636]LogBlueprintUserMessages: [BotMaster4] 70
[2022.02.13-14.27.19:023][672]LogAnimMontage: Warning: JumpToSectionName Reload SMG bEndOfSection: 0 failed for Montage Reload_Montagne
[2022.02.13-14.27.21:089][796]LogBlueprintUserMessages: [BotMaster4] 40
[2022.02.13-14.27.21:389][814]LogBlueprintUserMessages: [BotMaster4] 10
[2022.02.13-14.27.21:589][826]LogBlueprintUserMessages: [BotMaster4] -20
[2022.02.13-14.27.21:990][850]LogBlueprintUserMessages: [BotMaster2] 70
[2022.02.13-14.27.22:489][880]LogBlueprintUserMessages: [BotMaster2] 40
[2022.02.13-14.27.22:889][904]LogBlueprintUserMessages: [BotMaster2] 10
[2022.02.13-14.27.23:089][916]LogBlueprintUserMessages: [BotMaster2] -20
[2022.02.13-14.27.27:789][198]LogAnimMontage: Warning: JumpToSectionName Reload SMG bEndOfSection: 0 failed for Montage Reload_Montagne
[2022.02.13-14.27.30:192][340]LogSlate: Updating window title bar state: overlay mode, drag disabled, window buttons hidden, title bar hidden
[2022.02.13-14.27.30:192][340]LogWorld: BeginTearingDown for /Game/FirstPersonCPP/Maps/UEDPIE_0_bloking
[2022.02.13-14.27.30:193][340]LogSlate: Window 'Cyberpunk2022 Preview [NetMode: Standalone]  (64-bit/Windows) ' being destroyed
[2022.02.13-14.27.30:199][340]LogWorld: UWorld::CleanupWorld for bloking, bSessionEnded=true, bCleanupResources=true
[2022.02.13-14.27.30:215][340]LogSlate: InvalidateAllWidgets triggered.  All widgets were invalidated
[2022.02.13-14.27.30:229][340]LogPlayLevel: Display: Shutting down PIE online subsystems
[2022.02.13-14.27.30:237][340]LogSlate: InvalidateAllWidgets triggered.  All widgets were invalidated
[2022.02.13-14.27.30:274][340]LogAudioMixer: FMixerPlatformXAudio2::StopAudioStream() called
[2022.02.13-14.27.30:276][340]LogAudioMixer: FMixerPlatformXAudio2::StopAudioStream() called
[2022.02.13-14.27.30:322][340]LogUObjectHash: Compacting FUObjectHashTables data took   4.66ms
[2022.02.13-14.27.30:351][341]LogPlayLevel: Display: Destroying online subsystem :Context_10
[2022.02.13-14.27.34:731][601]LogUObjectHash: Compacting FUObjectHashTables data took   2.86ms
