Log file open, 01/19/22 20:33:26
LogWindows: Failed to load 'aqProf.dll' (GetLastError=126)
LogWindows: File 'aqProf.dll' does not exist
LogWindows: Failed to load 'VtuneApi.dll' (GetLastError=126)
LogWindows: File 'VtuneApi.dll' does not exist
LogWindows: Failed to load 'VtuneApi32e.dll' (GetLastError=126)
LogWindows: File 'VtuneApi32e.dll' does not exist
LogConsoleResponse: Display: Failed to find resolution value strings in scalability ini. Falling back to default.
LogConsoleResponse: Display: Failed to find resolution value strings in scalability ini. Falling back to default.
LogInit: Display: Running engine for game: Cyberpunk2022
LogPlatformFile: Not using cached read wrapper
LogTaskGraph: Started task graph with 5 named threads and 35 total threads with 3 sets of task threads.
LogStats: Stats thread started at 0.258851
LogICUInternationalization: ICU TimeZone Detection - Raw Offset: +3:00, Platform Override: ''
LogInit: Display: Loading text-based GConfig....
LogPluginManager: Mounting plugin MeshPainting
LogPluginManager: Mounting plugin XGEController
LogPluginManager: Mounting plugin AISupport
LogPluginManager: Mounting plugin Paper2D
LogPluginManager: Mounting plugin EnvironmentQueryEditor
LogPluginManager: Mounting plugin LightPropagationVolume
LogPluginManager: Mounting plugin LiveLink
LogPluginManager: Mounting plugin CameraShakePreviewer
LogPluginManager: Mounting plugin GameplayCameras
LogPluginManager: Mounting plugin OodleNetwork
LogPluginManager: Mounting plugin AssetManagerEditor
LogPluginManager: Mounting plugin OodleData
LogPluginManager: Mounting plugin CryptoKeys
LogPluginManager: Mounting plugin CurveEditorTools
LogPluginManager: Mounting plugin DataValidation
LogPluginManager: Mounting plugin FacialAnimation
LogPluginManager: Mounting plugin GameplayTagsEditor
LogPluginManager: Mounting plugin GeometryMode
LogPluginManager: Mounting plugin MacGraphicsSwitching
LogPluginManager: Mounting plugin MaterialAnalyzer
LogPluginManager: Mounting plugin MobileLauncherProfileWizard
LogPluginManager: Mounting plugin PluginBrowser
LogPluginManager: Mounting plugin SpeedTreeImporter
LogPluginManager: Mounting plugin AlembicImporter
LogPluginManager: Mounting plugin AutomationUtils
LogPluginManager: Mounting plugin ChaosClothEditor
LogPluginManager: Mounting plugin ChaosCloth
LogPluginManager: Mounting plugin ChaosEditor
LogPluginManager: Mounting plugin BackChannel
LogPluginManager: Mounting plugin ChaosNiagara
LogPluginManager: Mounting plugin CharacterAI
LogPluginManager: Mounting plugin ChaosSolverPlugin
LogPluginManager: Mounting plugin Niagara
LogPluginManager: Mounting plugin GeometryCache
LogPluginManager: Mounting plugin GeometryCollectionPlugin
LogPluginManager: Mounting plugin LuminPlatformFeatures
LogPluginManager: Mounting plugin MagicLeap
LogPluginManager: Mounting plugin AndroidMedia
LogPluginManager: Mounting plugin MotoSynth
LogPluginManager: Mounting plugin OpenImageDenoise
LogPluginManager: Mounting plugin PlanarCut
LogPluginManager: Mounting plugin PlatformCrypto
LogPluginManager: Mounting plugin ProxyLODPlugin
LogPluginManager: Mounting plugin AnimationSharing
LogPluginManager: Mounting plugin PythonScriptPlugin
LogPluginManager: Mounting plugin GeometryProcessing
LogPluginManager: Mounting plugin MagicLeapLightEstimation
LogPluginManager: Mounting plugin DatasmithContent
LogPluginManager: Mounting plugin CLionSourceCodeAccess
LogPluginManager: Mounting plugin AvfMedia
LogPluginManager: Mounting plugin MagicLeapMedia
LogPluginManager: Mounting plugin SkeletalReduction
LogPluginManager: Mounting plugin CodeLiteSourceCodeAccess
LogPluginManager: Mounting plugin MagicLeapPassableWorld
LogPluginManager: Mounting plugin KDevelopSourceCodeAccess
LogPluginManager: Mounting plugin GitSourceControl
LogPluginManager: Mounting plugin NullSourceCodeAccess
LogPluginManager: Mounting plugin PerforceSourceControl
LogPluginManager: Mounting plugin ImgMedia
LogPluginManager: Mounting plugin PixWinPlugin
LogPluginManager: Mounting plugin MLSDK
LogPluginManager: Mounting plugin PlasticSourceControl
LogPluginManager: Mounting plugin PluginUtils
LogPluginManager: Mounting plugin PropertyAccessNode
LogPluginManager: Mounting plugin MediaCompositing
LogPluginManager: Mounting plugin RiderSourceCodeAccess
LogPluginManager: Mounting plugin MediaPlayerEditor
LogPluginManager: Mounting plugin VariantManagerContent
LogPluginManager: Mounting plugin TextureFormatOodle
LogPluginManager: Mounting plugin UObjectPlugin
LogPluginManager: Mounting plugin SubversionSourceControl
LogPluginManager: Mounting plugin WebMMedia
LogPluginManager: Mounting plugin VisualStudioCodeSourceCodeAccess
LogPluginManager: Mounting plugin XCodeSourceCodeAccess
LogPluginManager: Mounting plugin VisualStudioSourceCodeAccess
LogPluginManager: Mounting plugin WmfMedia
LogPluginManager: Mounting plugin TcpMessaging
LogPluginManager: Mounting plugin UdpMessaging
LogPluginManager: Mounting plugin ActorSequence
LogPluginManager: Mounting plugin LevelSequenceEditor
LogPluginManager: Mounting plugin MatineeToLevelSequence
LogPluginManager: Mounting plugin TemplateSequence
LogPluginManager: Mounting plugin OnlineSubsystem
LogPluginManager: Mounting plugin OnlineSubsystemNull
LogPluginManager: Mounting plugin LauncherChunkInstaller
LogPluginManager: Mounting plugin OnlineSubsystemUtils
LogPluginManager: Mounting plugin ActorLayerUtilities
LogPluginManager: Mounting plugin AndroidDeviceProfileSelector
LogPluginManager: Mounting plugin AndroidMoviePlayer
LogPluginManager: Mounting plugin AndroidPermission
LogPluginManager: Mounting plugin AppleImageUtils
LogPluginManager: Mounting plugin AppleMoviePlayer
LogPluginManager: Mounting plugin AssetTags
LogPluginManager: Mounting plugin ArchVisCharacter
LogPluginManager: Mounting plugin AudioCapture
LogPluginManager: Mounting plugin AudioSynesthesia
LogPluginManager: Mounting plugin CableComponent
LogPluginManager: Mounting plugin ChunkDownloader
LogPluginManager: Mounting plugin CustomMeshComponent
LogPluginManager: Mounting plugin EditableMesh
LogPluginManager: Mounting plugin ExampleDeviceProfileSelector
LogPluginManager: Mounting plugin GoogleCloudMessaging
LogPluginManager: Mounting plugin GooglePAD
LogPluginManager: Mounting plugin IOSDeviceProfileSelector
LogPluginManager: Mounting plugin LinuxDeviceProfileSelector
LogPluginManager: Mounting plugin LocationServicesBPLibrary
LogPluginManager: Mounting plugin MobilePatchingUtils
LogPluginManager: Mounting plugin OpenXREyeTracker
LogPluginManager: Mounting plugin OpenXR
LogPluginManager: Mounting plugin OpenXRHandTracking
LogPluginManager: Mounting plugin PhysXVehicles
LogPluginManager: Mounting plugin Takes
LogPluginManager: Mounting plugin PostSplashScreen
LogPluginManager: Mounting plugin PropertyAccessEditor
LogPluginManager: Mounting plugin ProceduralMeshComponent
LogPluginManager: Mounting plugin SignificanceManager
LogPluginManager: Mounting plugin RuntimePhysXCooking
LogPluginManager: Mounting plugin SoundFields
LogPluginManager: Mounting plugin Synthesis
LogPluginManager: Mounting plugin WebMMoviePlayer
LogPluginManager: Mounting plugin WindowsMoviePlayer
LogPluginManager: Mounting plugin ScreenshotTools
LogPluginManager: Mounting plugin ContentBrowserAssetDataSource
LogPluginManager: Mounting plugin ContentBrowserFileDataSource
LogPluginManager: Mounting plugin ContentBrowserClassDataSource
LogPluginManager: Mounting plugin OnlineSubsystemIOS
LogPluginManager: Mounting plugin OnlineSubsystemGooglePlay
LogPluginManager: Mounting plugin OculusVR
LogPluginManager: Mounting plugin SteamVR
PixWinPlugin: PIX capture plugin failed to initialize! Check that the process is launched from PIX.
LogInit: Using libcurl 7.55.1-DEV
LogInit:  - built for x86_64-pc-win32
LogInit:  - supports SSL with OpenSSL/1.1.1
LogInit:  - supports HTTP deflate (compression) using libz 1.2.8
LogInit:  - other features:
LogInit:      CURL_VERSION_SSL
LogInit:      CURL_VERSION_LIBZ
LogInit:      CURL_VERSION_IPV6
LogInit:      CURL_VERSION_ASYNCHDNS
LogInit:      CURL_VERSION_LARGEFILE
LogInit:      CURL_VERSION_IDN
LogInit:  CurlRequestOptions (configurable via config and command line):
LogInit:  - bVerifyPeer = true  - Libcurl will verify peer certificate
LogInit:  - bUseHttpProxy = false  - Libcurl will NOT use HTTP proxy
LogInit:  - bDontReuseConnections = false  - Libcurl will reuse connections
LogInit:  - MaxHostConnections = 16  - Libcurl will limit the number of connections to a host
LogInit:  - LocalHostAddr = Default
LogInit:  - BufferSize = 65536
LogOnline: OSS: Creating online subsystem instance for: NULL
LogInit: WinSock: version 1.1 (2.2), MaxSocks=32767, MaxUdp=65467
LogOnline: OSS: TryLoadSubsystemAndSetDefault: Loaded subsystem for module [NULL]
LogOculusPluginWrapper: OculusPlugin initialized successfully
LogHMD: Failed initializing OVRPlugin 1.59.0
LogInit: Build: ++UE4+Release-4.27-CL-18319896
LogInit: Engine Version: 4.27.2-18319896+++UE4+Release-4.27
LogInit: Compatible Engine Version: 4.27.0-17155196+++UE4+Release-4.27
LogInit: Net CL: 17155196
LogInit: OS: Windows 10 (Release 2009) (), CPU: AMD Ryzen 5 5600H with Radeon Graphics         , GPU: AMD Radeon(TM) Graphics
LogInit: Compiled (64-bit): Nov 30 2021 07:12:08
LogInit: Compiled with Visual C++: 19.24.28315.00
LogInit: Build Configuration: Development
LogInit: Branch Name: ++UE4+Release-4.27
LogInit: Command Line:  -EpicPortal -epicusername=FewMade -epicuserid=81cb3e3797f44295ae2b7a0e1aaaaef0 -epiclocale=en -epicsandboxid=ue
LogInit: Base Directory: E:/UE4/UE_4.27/Engine/Binaries/Win64/
LogInit: Allocator: TBB
LogInit: Installed Engine Build: 1
LogDevObjectVersion: Number of dev versions registered: 29
LogDevObjectVersion:   Dev-Blueprints (B0D832E4-1F89-4F0D-ACCF-7EB736FD4AA2): 10
LogDevObjectVersion:   Dev-Build (E1C64328-A22C-4D53-A36C-8E866417BD8C): 0
LogDevObjectVersion:   Dev-Core (375EC13C-06E4-48FB-B500-84F0262A717E): 4
LogDevObjectVersion:   Dev-Editor (E4B068ED-F494-42E9-A231-DA0B2E46BB41): 40
LogDevObjectVersion:   Dev-Framework (CFFC743F-43B0-4480-9391-14DF171D2073): 37
LogDevObjectVersion:   Dev-Mobile (B02B49B5-BB20-44E9-A304-32B752E40360): 3
LogDevObjectVersion:   Dev-Networking (A4E4105C-59A1-49B5-A7C5-40C4547EDFEE): 0
LogDevObjectVersion:   Dev-Online (39C831C9-5AE6-47DC-9A44-9C173E1C8E7C): 0
LogDevObjectVersion:   Dev-Physics (78F01B33-EBEA-4F98-B9B4-84EACCB95AA2): 14
LogDevObjectVersion:   Dev-Platform (6631380F-2D4D-43E0-8009-CF276956A95A): 0
LogDevObjectVersion:   Dev-Rendering (12F88B9F-8875-4AFC-A67C-D90C383ABD29): 45
LogDevObjectVersion:   Dev-Sequencer (7B5AE74C-D270-4C10-A958-57980B212A5A): 13
LogDevObjectVersion:   Dev-VR (D7296918-1DD6-4BDD-9DE2-64A83CC13884): 3
LogDevObjectVersion:   Dev-LoadTimes (C2A15278-BFE7-4AFE-6C17-90FF531DF755): 1
LogDevObjectVersion:   Private-Geometry (6EACA3D4-40EC-4CC1-B786-8BED09428FC5): 3
LogDevObjectVersion:   Dev-AnimPhys (29E575DD-E0A3-4627-9D10-D276232CDCEA): 17
LogDevObjectVersion:   Dev-Anim (AF43A65D-7FD3-4947-9873-3E8ED9C1BB05): 15
LogDevObjectVersion:   Dev-ReflectionCapture (6B266CEC-1EC7-4B8F-A30B-E4D90942FC07): 1
LogDevObjectVersion:   Dev-Automation (0DF73D61-A23F-47EA-B727-89E90C41499A): 1
LogDevObjectVersion:   FortniteMain (601D1886-AC64-4F84-AA16-D3DE0DEAC7D6): 47
LogDevObjectVersion:   FortniteRelease (E7086368-6B23-4C58-8439-1B7016265E91): 1
LogDevObjectVersion:   Dev-Enterprise (9DFFBCD6-494F-0158-E221-12823C92A888): 10
LogDevObjectVersion:   Dev-Niagara (F2AED0AC-9AFE-416F-8664-AA7FFA26D6FC): 1
LogDevObjectVersion:   Dev-Destruction (174F1F0B-B4C6-45A5-B13F-2EE8D0FB917D): 10
LogDevObjectVersion:   Dev-Physics-Ext (35F94A83-E258-406C-A318-09F59610247C): 41
LogDevObjectVersion:   Dev-PhysicsMaterial-Chaos (B68FC16E-8B1B-42E2-B453-215C058844FE): 1
LogDevObjectVersion:   Dev-CineCamera (B2E18506-4273-CFC2-A54E-F4BB758BBA07): 1
LogDevObjectVersion:   Dev-VirtualProduction (64F58936-FD1B-42BA-BA96-7289D5D0FA4E): 1
LogDevObjectVersion:   Dev-MediaFramework (6F0ED827-A609-4895-9C91-998D90180EA4): 2
LogInit: Presizing for max 25165824 objects, including 0 objects not considered by GC, pre-allocating 0 bytes for permanent pool.
LogConfig: Applying CVar settings from Section [/Script/Engine.StreamingSettings] File [E:/UE4/Projects/WargamingAcademy/Cyberpunk2022/Saved/Config/Windows/Engine.ini]
LogConfig: Setting CVar [[s.MinBulkDataSizeForAsyncLoading:131072]]
LogConfig: Setting CVar [[s.AsyncLoadingThreadEnabled:0]]
LogConfig: Setting CVar [[s.EventDrivenLoaderEnabled:1]]
LogConfig: Setting CVar [[s.WarnIfTimeLimitExceeded:0]]
LogConfig: Setting CVar [[s.TimeLimitExceededMultiplier:1.5]]
LogConfig: Setting CVar [[s.TimeLimitExceededMinTime:0.005]]
LogConfig: Setting CVar [[s.UseBackgroundLevelStreaming:1]]
LogConfig: Setting CVar [[s.PriorityAsyncLoadingExtraTime:15.0]]
LogConfig: Setting CVar [[s.LevelStreamingActorsUpdateTimeLimit:5.0]]
LogConfig: Setting CVar [[s.PriorityLevelStreamingActorsUpdateExtraTime:5.0]]
LogConfig: Setting CVar [[s.LevelStreamingComponentsRegistrationGranularity:10]]
LogConfig: Setting CVar [[s.UnregisterComponentsTimeLimit:1.0]]
LogConfig: Setting CVar [[s.LevelStreamingComponentsUnregistrationGranularity:5]]
LogConfig: Setting CVar [[s.FlushStreamingOnExit:1]]
LogInit: Object subsystem initialized
LogConfig: Setting CVar [[con.DebugEarlyDefault:1]]
LogConfig: Setting CVar [[r.setres:1280x720]]
[2022.01.19-17.33.26:835][  0]LogConfig: Setting CVar [[r.VSync:0]]
[2022.01.19-17.33.26:835][  0]LogConfig: Setting CVar [[r.RHICmdBypass:0]]
[2022.01.19-17.33.26:835][  0]LogConfig: Applying CVar settings from Section [/Script/Engine.RendererSettings] File [E:/UE4/Projects/WargamingAcademy/Cyberpunk2022/Saved/Config/Windows/Engine.ini]
[2022.01.19-17.33.26:835][  0]LogConfig: Setting CVar [[r.GPUCrashDebugging:0]]
[2022.01.19-17.33.26:835][  0]LogConfig: Applying CVar settings from Section [/Script/Engine.RendererOverrideSettings] File [E:/UE4/Projects/WargamingAcademy/Cyberpunk2022/Saved/Config/Windows/Engine.ini]
[2022.01.19-17.33.26:835][  0]LogConfig: Applying CVar settings from Section [/Script/Engine.StreamingSettings] File [E:/UE4/Projects/WargamingAcademy/Cyberpunk2022/Saved/Config/Windows/Engine.ini]
[2022.01.19-17.33.26:835][  0]LogConfig: Setting CVar [[s.MinBulkDataSizeForAsyncLoading:131072]]
[2022.01.19-17.33.26:835][  0]LogConfig: Setting CVar [[s.AsyncLoadingThreadEnabled:0]]
[2022.01.19-17.33.26:835][  0]LogConfig: Setting CVar [[s.EventDrivenLoaderEnabled:1]]
[2022.01.19-17.33.26:835][  0]LogConfig: Setting CVar [[s.WarnIfTimeLimitExceeded:0]]
[2022.01.19-17.33.26:835][  0]LogConfig: Setting CVar [[s.TimeLimitExceededMultiplier:1.5]]
[2022.01.19-17.33.26:835][  0]LogConfig: Setting CVar [[s.TimeLimitExceededMinTime:0.005]]
[2022.01.19-17.33.26:835][  0]LogConfig: Setting CVar [[s.UseBackgroundLevelStreaming:1]]
[2022.01.19-17.33.26:835][  0]LogConfig: Setting CVar [[s.PriorityAsyncLoadingExtraTime:15.0]]
[2022.01.19-17.33.26:835][  0]LogConfig: Setting CVar [[s.LevelStreamingActorsUpdateTimeLimit:5.0]]
[2022.01.19-17.33.26:835][  0]LogConfig: Setting CVar [[s.PriorityLevelStreamingActorsUpdateExtraTime:5.0]]
[2022.01.19-17.33.26:835][  0]LogConfig: Setting CVar [[s.LevelStreamingComponentsRegistrationGranularity:10]]
[2022.01.19-17.33.26:835][  0]LogConfig: Setting CVar [[s.UnregisterComponentsTimeLimit:1.0]]
[2022.01.19-17.33.26:835][  0]LogConfig: Setting CVar [[s.LevelStreamingComponentsUnregistrationGranularity:5]]
[2022.01.19-17.33.26:835][  0]LogConfig: Setting CVar [[s.FlushStreamingOnExit:1]]
[2022.01.19-17.33.26:835][  0]LogConfig: Applying CVar settings from Section [/Script/Engine.GarbageCollectionSettings] File [E:/UE4/Projects/WargamingAcademy/Cyberpunk2022/Saved/Config/Windows/Engine.ini]
[2022.01.19-17.33.26:835][  0]LogConfig: Setting CVar [[gc.MaxObjectsNotConsideredByGC:1]]
[2022.01.19-17.33.26:835][  0]LogConfig: Setting CVar [[gc.SizeOfPermanentObjectPool:0]]
[2022.01.19-17.33.26:835][  0]LogConfig: Setting CVar [[gc.FlushStreamingOnGC:0]]
[2022.01.19-17.33.26:835][  0]LogConfig: Setting CVar [[gc.NumRetriesBeforeForcingGC:10]]
[2022.01.19-17.33.26:835][  0]LogConfig: Setting CVar [[gc.AllowParallelGC:1]]
[2022.01.19-17.33.26:835][  0]LogConfig: Setting CVar [[gc.TimeBetweenPurgingPendingKillObjects:61.1]]
[2022.01.19-17.33.26:835][  0]LogConfig: Setting CVar [[gc.MaxObjectsInEditor:25165824]]
[2022.01.19-17.33.26:835][  0]LogConfig: Setting CVar [[gc.IncrementalBeginDestroyEnabled:1]]
[2022.01.19-17.33.26:835][  0]LogConfig: Setting CVar [[gc.CreateGCClusters:1]]
[2022.01.19-17.33.26:835][  0]LogConfig: Setting CVar [[gc.MinGCClusterSize:5]]
[2022.01.19-17.33.26:835][  0]LogConfig: Setting CVar [[gc.ActorClusteringEnabled:0]]
[2022.01.19-17.33.26:835][  0]LogConfig: Setting CVar [[gc.BlueprintClusteringEnabled:0]]
[2022.01.19-17.33.26:835][  0]LogConfig: Setting CVar [[gc.UseDisregardForGCOnDedicatedServers:0]]
[2022.01.19-17.33.26:835][  0]LogConfig: Setting CVar [[gc.MultithreadedDestructionEnabled:1]]
[2022.01.19-17.33.26:835][  0]LogConfig: Applying CVar settings from Section [/Script/Engine.NetworkSettings] File [E:/UE4/Projects/WargamingAcademy/Cyberpunk2022/Saved/Config/Windows/Engine.ini]
[2022.01.19-17.33.26:835][  0]LogConfig: Applying CVar settings from Section [/Script/UnrealEd.CookerSettings] File [E:/UE4/Projects/WargamingAcademy/Cyberpunk2022/Saved/Config/Windows/Engine.ini]
[2022.01.19-17.33.26:840][  0]LogConfig: Applying CVar settings from Section [ViewDistanceQuality@3] File [E:/UE4/Projects/WargamingAcademy/Cyberpunk2022/Saved/Config/Windows/Scalability.ini]
[2022.01.19-17.33.26:840][  0]LogConfig: Setting CVar [[r.SkeletalMeshLODBias:0]]
[2022.01.19-17.33.26:840][  0]LogConfig: Setting CVar [[r.ViewDistanceScale:1.0]]
[2022.01.19-17.33.26:840][  0]LogConfig: Applying CVar settings from Section [AntiAliasingQuality@3] File [E:/UE4/Projects/WargamingAcademy/Cyberpunk2022/Saved/Config/Windows/Scalability.ini]
[2022.01.19-17.33.26:840][  0]LogConfig: Setting CVar [[r.PostProcessAAQuality:4]]
[2022.01.19-17.33.26:840][  0]LogConfig: Applying CVar settings from Section [ShadowQuality@3] File [E:/UE4/Projects/WargamingAcademy/Cyberpunk2022/Saved/Config/Windows/Scalability.ini]
[2022.01.19-17.33.26:840][  0]LogConfig: Setting CVar [[r.LightFunctionQuality:1]]
[2022.01.19-17.33.26:840][  0]LogConfig: Setting CVar [[r.ShadowQuality:5]]
[2022.01.19-17.33.26:840][  0]LogConfig: Setting CVar [[r.Shadow.CSM.MaxCascades:10]]
[2022.01.19-17.33.26:840][  0]LogConfig: Setting CVar [[r.Shadow.MaxResolution:2048]]
[2022.01.19-17.33.26:840][  0]LogConfig: Setting CVar [[r.Shadow.MaxCSMResolution:2048]]
[2022.01.19-17.33.26:840][  0]LogConfig: Setting CVar [[r.Shadow.RadiusThreshold:0.01]]
[2022.01.19-17.33.26:840][  0]LogConfig: Setting CVar [[r.Shadow.DistanceScale:1.0]]
[2022.01.19-17.33.26:840][  0]LogConfig: Setting CVar [[r.Shadow.CSM.TransitionScale:1.0]]
[2022.01.19-17.33.26:840][  0]LogConfig: Setting CVar [[r.Shadow.PreShadowResolutionFactor:1.0]]
[2022.01.19-17.33.26:840][  0]LogConfig: Setting CVar [[r.DistanceFieldShadowing:1]]
[2022.01.19-17.33.26:840][  0]LogConfig: Setting CVar [[r.DistanceFieldAO:1]]
[2022.01.19-17.33.26:840][  0]LogConfig: Setting CVar [[r.AOQuality:2]]
[2022.01.19-17.33.26:840][  0]LogConfig: Setting CVar [[r.VolumetricFog:1]]
[2022.01.19-17.33.26:840][  0]LogConfig: Setting CVar [[r.VolumetricFog.GridPixelSize:8]]
[2022.01.19-17.33.26:840][  0]LogConfig: Setting CVar [[r.VolumetricFog.GridSizeZ:128]]
[2022.01.19-17.33.26:840][  0]LogConfig: Setting CVar [[r.VolumetricFog.HistoryMissSupersampleCount:4]]
[2022.01.19-17.33.26:840][  0]LogConfig: Setting CVar [[r.LightMaxDrawDistanceScale:1]]
[2022.01.19-17.33.26:840][  0]LogConfig: Setting CVar [[r.CapsuleShadows:1]]
[2022.01.19-17.33.26:840][  0]LogConfig: Applying CVar settings from Section [PostProcessQuality@3] File [E:/UE4/Projects/WargamingAcademy/Cyberpunk2022/Saved/Config/Windows/Scalability.ini]
[2022.01.19-17.33.26:840][  0]LogConfig: Setting CVar [[r.MotionBlurQuality:4]]
[2022.01.19-17.33.26:840][  0]LogConfig: Setting CVar [[r.AmbientOcclusionMipLevelFactor:0.4]]
[2022.01.19-17.33.26:840][  0]LogConfig: Setting CVar [[r.AmbientOcclusionMaxQuality:100]]
[2022.01.19-17.33.26:840][  0]LogConfig: Setting CVar [[r.AmbientOcclusionLevels:-1]]
[2022.01.19-17.33.26:840][  0]LogConfig: Setting CVar [[r.AmbientOcclusionRadiusScale:1.0]]
[2022.01.19-17.33.26:840][  0]LogConfig: Setting CVar [[r.DepthOfFieldQuality:2]]
[2022.01.19-17.33.26:840][  0]LogConfig: Setting CVar [[r.RenderTargetPoolMin:400]]
[2022.01.19-17.33.26:840][  0]LogConfig: Setting CVar [[r.LensFlareQuality:2]]
[2022.01.19-17.33.26:840][  0]LogConfig: Setting CVar [[r.SceneColorFringeQuality:1]]
[2022.01.19-17.33.26:840][  0]LogConfig: Setting CVar [[r.EyeAdaptationQuality:2]]
[2022.01.19-17.33.26:840][  0]LogConfig: Setting CVar [[r.BloomQuality:5]]
[2022.01.19-17.33.26:840][  0]LogConfig: Setting CVar [[r.FastBlurThreshold:100]]
[2022.01.19-17.33.26:840][  0]LogConfig: Setting CVar [[r.Upscale.Quality:3]]
[2022.01.19-17.33.26:840][  0]LogConfig: Setting CVar [[r.Tonemapper.GrainQuantization:1]]
[2022.01.19-17.33.26:840][  0]LogConfig: Setting CVar [[r.LightShaftQuality:1]]
[2022.01.19-17.33.26:840][  0]LogConfig: Setting CVar [[r.Filter.SizeScale:1]]
[2022.01.19-17.33.26:840][  0]LogConfig: Setting CVar [[r.Tonemapper.Quality:5]]
[2022.01.19-17.33.26:840][  0]LogConfig: Setting CVar [[r.DOF.Gather.AccumulatorQuality:1        ; higher gathering accumulator quality]]
[2022.01.19-17.33.26:840][  0]LogConfig: Setting CVar [[r.DOF.Gather.PostfilterMethod:1          ; Median3x3 postfilering method]]
[2022.01.19-17.33.26:840][  0]LogConfig: Setting CVar [[r.DOF.Gather.EnableBokehSettings:0       ; no bokeh simulation when gathering]]
[2022.01.19-17.33.26:840][  0]LogConfig: Setting CVar [[r.DOF.Gather.RingCount:4                 ; medium number of samples when gathering]]
[2022.01.19-17.33.26:840][  0]LogConfig: Setting CVar [[r.DOF.Scatter.ForegroundCompositing:1    ; additive foreground scattering]]
[2022.01.19-17.33.26:840][  0]LogConfig: Setting CVar [[r.DOF.Scatter.BackgroundCompositing:2    ; additive background scattering]]
[2022.01.19-17.33.26:840][  0]LogConfig: Setting CVar [[r.DOF.Scatter.EnableBokehSettings:1      ; bokeh simulation when scattering]]
[2022.01.19-17.33.26:840][  0]LogConfig: Setting CVar [[r.DOF.Scatter.MaxSpriteRatio:0.1         ; only a maximum of 10% of scattered bokeh]]
[2022.01.19-17.33.26:840][  0]LogConfig: Setting CVar [[r.DOF.Recombine.Quality:1                ; cheap slight out of focus]]
[2022.01.19-17.33.26:840][  0]LogConfig: Setting CVar [[r.DOF.Recombine.EnableBokehSettings:0    ; no bokeh simulation on slight out of focus]]
[2022.01.19-17.33.26:840][  0]LogConfig: Setting CVar [[r.DOF.TemporalAAQuality:1                ; more stable temporal accumulation]]
[2022.01.19-17.33.26:840][  0]LogConfig: Setting CVar [[r.DOF.Kernel.MaxForegroundRadius:0.025]]
[2022.01.19-17.33.26:840][  0]LogConfig: Setting CVar [[r.DOF.Kernel.MaxBackgroundRadius:0.025]]
[2022.01.19-17.33.26:840][  0]LogConfig: Applying CVar settings from Section [TextureQuality@3] File [E:/UE4/Projects/WargamingAcademy/Cyberpunk2022/Saved/Config/Windows/Scalability.ini]
[2022.01.19-17.33.26:840][  0]LogConfig: Setting CVar [[r.Streaming.MipBias:0]]
[2022.01.19-17.33.26:840][  0]LogConfig: Setting CVar [[r.Streaming.AmortizeCPUToGPUCopy:0]]
[2022.01.19-17.33.26:840][  0]LogConfig: Setting CVar [[r.Streaming.MaxNumTexturesToStreamPerFrame:0]]
[2022.01.19-17.33.26:840][  0]LogConfig: Setting CVar [[r.Streaming.Boost:1]]
[2022.01.19-17.33.26:840][  0]LogConfig: Setting CVar [[r.MaxAnisotropy:8]]
[2022.01.19-17.33.26:840][  0]LogConfig: Setting CVar [[r.VT.MaxAnisotropy:8]]
[2022.01.19-17.33.26:840][  0]LogConfig: Setting CVar [[r.Streaming.LimitPoolSizeToVRAM:0]]
[2022.01.19-17.33.26:840][  0]LogConfig: Setting CVar [[r.Streaming.PoolSize:1000]]
[2022.01.19-17.33.26:840][  0]LogConfig: Setting CVar [[r.Streaming.MaxEffectiveScreenSize:0]]
[2022.01.19-17.33.26:840][  0]LogConfig: Applying CVar settings from Section [EffectsQuality@3] File [E:/UE4/Projects/WargamingAcademy/Cyberpunk2022/Saved/Config/Windows/Scalability.ini]
[2022.01.19-17.33.26:840][  0]LogConfig: Setting CVar [[r.TranslucencyLightingVolumeDim:64]]
[2022.01.19-17.33.26:840][  0]LogConfig: Setting CVar [[r.RefractionQuality:2]]
[2022.01.19-17.33.26:840][  0]LogConfig: Setting CVar [[r.SSR.Quality:3]]
[2022.01.19-17.33.26:840][  0]LogConfig: Setting CVar [[r.SSR.HalfResSceneColor:0]]
[2022.01.19-17.33.26:840][  0]LogConfig: Setting CVar [[r.SceneColorFormat:4]]
[2022.01.19-17.33.26:840][  0]LogConfig: Setting CVar [[r.DetailMode:2]]
[2022.01.19-17.33.26:840][  0]LogConfig: Setting CVar [[r.TranslucencyVolumeBlur:1]]
[2022.01.19-17.33.26:840][  0]LogConfig: Setting CVar [[r.MaterialQualityLevel:1 ; High quality]]
[2022.01.19-17.33.26:840][  0]LogConfig: Setting CVar [[r.AnisotropicMaterials:1]]
[2022.01.19-17.33.26:840][  0]LogConfig: Setting CVar [[r.SSS.Scale:1]]
[2022.01.19-17.33.26:840][  0]LogConfig: Setting CVar [[r.SSS.SampleSet:2]]
[2022.01.19-17.33.26:840][  0]LogConfig: Setting CVar [[r.SSS.Quality:1]]
[2022.01.19-17.33.26:840][  0]LogConfig: Setting CVar [[r.SSS.HalfRes:0]]
[2022.01.19-17.33.26:840][  0]LogConfig: Setting CVar [[r.SSGI.Quality:3]]
[2022.01.19-17.33.26:840][  0]LogConfig: Setting CVar [[r.EmitterSpawnRateScale:1.0]]
[2022.01.19-17.33.26:840][  0]LogConfig: Setting CVar [[r.ParticleLightQuality:2]]
[2022.01.19-17.33.26:841][  0]LogConfig: Setting CVar [[r.SkyAtmosphere.AerialPerspectiveLUT.FastApplyOnOpaque:1 ; Always have FastSkyLUT 1 in this case to avoid wrong sky]]
[2022.01.19-17.33.26:841][  0]LogConfig: Setting CVar [[r.SkyAtmosphere.AerialPerspectiveLUT.SampleCountMaxPerSlice:4]]
[2022.01.19-17.33.26:841][  0]LogConfig: Setting CVar [[r.SkyAtmosphere.AerialPerspectiveLUT.DepthResolution:16.0]]
[2022.01.19-17.33.26:841][  0]LogConfig: Setting CVar [[r.SkyAtmosphere.FastSkyLUT:1]]
[2022.01.19-17.33.26:841][  0]LogConfig: Setting CVar [[r.SkyAtmosphere.FastSkyLUT.SampleCountMin:4.0]]
[2022.01.19-17.33.26:841][  0]LogConfig: Setting CVar [[r.SkyAtmosphere.FastSkyLUT.SampleCountMax:128.0]]
[2022.01.19-17.33.26:841][  0]LogConfig: Setting CVar [[r.SkyAtmosphere.SampleCountMin:4.0]]
[2022.01.19-17.33.26:841][  0]LogConfig: Setting CVar [[r.SkyAtmosphere.SampleCountMax:128.0]]
[2022.01.19-17.33.26:841][  0]LogConfig: Setting CVar [[r.SkyAtmosphere.TransmittanceLUT.UseSmallFormat:0]]
[2022.01.19-17.33.26:841][  0]LogConfig: Setting CVar [[r.SkyAtmosphere.TransmittanceLUT.SampleCount:10.0]]
[2022.01.19-17.33.26:841][  0]LogConfig: Setting CVar [[r.SkyAtmosphere.MultiScatteringLUT.SampleCount:15.0]]
[2022.01.19-17.33.26:841][  0]LogConfig: Setting CVar [[r.SkyLight.RealTimeReflectionCapture:1]]
[2022.01.19-17.33.26:841][  0]LogConfig: Applying CVar settings from Section [FoliageQuality@3] File [E:/UE4/Projects/WargamingAcademy/Cyberpunk2022/Saved/Config/Windows/Scalability.ini]
[2022.01.19-17.33.26:841][  0]LogConfig: Setting CVar [[foliage.DensityScale:1.0]]
[2022.01.19-17.33.26:841][  0]LogConfig: Setting CVar [[grass.DensityScale:1.0]]
[2022.01.19-17.33.26:841][  0]LogConfig: Applying CVar settings from Section [ShadingQuality@3] File [E:/UE4/Projects/WargamingAcademy/Cyberpunk2022/Saved/Config/Windows/Scalability.ini]
[2022.01.19-17.33.26:841][  0]LogConfig: Setting CVar [[r.HairStrands.SkyLighting.IntegrationType:2]]
[2022.01.19-17.33.26:841][  0]LogConfig: Setting CVar [[r.HairStrands.SkyAO.SampleCount:4]]
[2022.01.19-17.33.26:841][  0]LogConfig: Setting CVar [[r.HairStrands.Visibility.MSAA.SamplePerPixel:4]]
[2022.01.19-17.33.26:841][  0]LogInit: Selected Device Profile: [Windows]
[2022.01.19-17.33.26:841][  0]LogInit: Applying CVar settings loaded from the selected device profile: [Windows]
[2022.01.19-17.33.26:841][  0]LogHAL: Display: Platform has ~ 16 GB [16487870464 / 17179869184 / 16], which maps to Larger [LargestMinGB=32, LargerMinGB=12, DefaultMinGB=8, SmallerMinGB=6, SmallestMinGB=0)
[2022.01.19-17.33.26:841][  0]LogInit: Going up to parent DeviceProfile []
[2022.01.19-17.33.26:841][  0]LogConfig: Applying CVar settings from Section [ViewDistanceQuality@3] File [E:/UE4/Projects/WargamingAcademy/Cyberpunk2022/Saved/Config/Windows/Scalability.ini]
[2022.01.19-17.33.26:841][  0]LogConfig: Setting CVar [[r.SkeletalMeshLODBias:0]]
[2022.01.19-17.33.26:841][  0]LogConfig: Setting CVar [[r.ViewDistanceScale:1.0]]
[2022.01.19-17.33.26:841][  0]LogConfig: Applying CVar settings from Section [AntiAliasingQuality@3] File [E:/UE4/Projects/WargamingAcademy/Cyberpunk2022/Saved/Config/Windows/Scalability.ini]
[2022.01.19-17.33.26:841][  0]LogConfig: Setting CVar [[r.PostProcessAAQuality:4]]
[2022.01.19-17.33.26:841][  0]LogConfig: Applying CVar settings from Section [ShadowQuality@3] File [E:/UE4/Projects/WargamingAcademy/Cyberpunk2022/Saved/Config/Windows/Scalability.ini]
[2022.01.19-17.33.26:841][  0]LogConfig: Setting CVar [[r.LightFunctionQuality:1]]
[2022.01.19-17.33.26:841][  0]LogConfig: Setting CVar [[r.ShadowQuality:5]]
[2022.01.19-17.33.26:841][  0]LogConfig: Setting CVar [[r.Shadow.CSM.MaxCascades:10]]
[2022.01.19-17.33.26:841][  0]LogConfig: Setting CVar [[r.Shadow.MaxResolution:2048]]
[2022.01.19-17.33.26:841][  0]LogConfig: Setting CVar [[r.Shadow.MaxCSMResolution:2048]]
[2022.01.19-17.33.26:841][  0]LogConfig: Setting CVar [[r.Shadow.RadiusThreshold:0.01]]
[2022.01.19-17.33.26:841][  0]LogConfig: Setting CVar [[r.Shadow.DistanceScale:1.0]]
[2022.01.19-17.33.26:841][  0]LogConfig: Setting CVar [[r.Shadow.CSM.TransitionScale:1.0]]
[2022.01.19-17.33.26:841][  0]LogConfig: Setting CVar [[r.Shadow.PreShadowResolutionFactor:1.0]]
[2022.01.19-17.33.26:841][  0]LogConfig: Setting CVar [[r.DistanceFieldShadowing:1]]
[2022.01.19-17.33.26:841][  0]LogConfig: Setting CVar [[r.DistanceFieldAO:1]]
[2022.01.19-17.33.26:841][  0]LogConfig: Setting CVar [[r.AOQuality:2]]
[2022.01.19-17.33.26:841][  0]LogConfig: Setting CVar [[r.VolumetricFog:1]]
[2022.01.19-17.33.26:841][  0]LogConfig: Setting CVar [[r.VolumetricFog.GridPixelSize:8]]
[2022.01.19-17.33.26:841][  0]LogConfig: Setting CVar [[r.VolumetricFog.GridSizeZ:128]]
[2022.01.19-17.33.26:841][  0]LogConfig: Setting CVar [[r.VolumetricFog.HistoryMissSupersampleCount:4]]
[2022.01.19-17.33.26:841][  0]LogConfig: Setting CVar [[r.LightMaxDrawDistanceScale:1]]
[2022.01.19-17.33.26:841][  0]LogConfig: Setting CVar [[r.CapsuleShadows:1]]
[2022.01.19-17.33.26:841][  0]LogConfig: Applying CVar settings from Section [PostProcessQuality@3] File [E:/UE4/Projects/WargamingAcademy/Cyberpunk2022/Saved/Config/Windows/Scalability.ini]
[2022.01.19-17.33.26:841][  0]LogConfig: Setting CVar [[r.MotionBlurQuality:4]]
[2022.01.19-17.33.26:841][  0]LogConfig: Setting CVar [[r.AmbientOcclusionMipLevelFactor:0.4]]
[2022.01.19-17.33.26:841][  0]LogConfig: Setting CVar [[r.AmbientOcclusionMaxQuality:100]]
[2022.01.19-17.33.26:841][  0]LogConfig: Setting CVar [[r.AmbientOcclusionLevels:-1]]
[2022.01.19-17.33.26:841][  0]LogConfig: Setting CVar [[r.AmbientOcclusionRadiusScale:1.0]]
[2022.01.19-17.33.26:841][  0]LogConfig: Setting CVar [[r.DepthOfFieldQuality:2]]
[2022.01.19-17.33.26:841][  0]LogConfig: Setting CVar [[r.RenderTargetPoolMin:400]]
[2022.01.19-17.33.26:841][  0]LogConfig: Setting CVar [[r.LensFlareQuality:2]]
[2022.01.19-17.33.26:841][  0]LogConfig: Setting CVar [[r.SceneColorFringeQuality:1]]
[2022.01.19-17.33.26:841][  0]LogConfig: Setting CVar [[r.EyeAdaptationQuality:2]]
[2022.01.19-17.33.26:841][  0]LogConfig: Setting CVar [[r.BloomQuality:5]]
[2022.01.19-17.33.26:841][  0]LogConfig: Setting CVar [[r.FastBlurThreshold:100]]
[2022.01.19-17.33.26:841][  0]LogConfig: Setting CVar [[r.Upscale.Quality:3]]
[2022.01.19-17.33.26:841][  0]LogConfig: Setting CVar [[r.Tonemapper.GrainQuantization:1]]
[2022.01.19-17.33.26:841][  0]LogConfig: Setting CVar [[r.LightShaftQuality:1]]
[2022.01.19-17.33.26:841][  0]LogConfig: Setting CVar [[r.Filter.SizeScale:1]]
[2022.01.19-17.33.26:841][  0]LogConfig: Setting CVar [[r.Tonemapper.Quality:5]]
[2022.01.19-17.33.26:841][  0]LogConfig: Setting CVar [[r.DOF.Gather.AccumulatorQuality:1        ; higher gathering accumulator quality]]
[2022.01.19-17.33.26:841][  0]LogConfig: Setting CVar [[r.DOF.Gather.PostfilterMethod:1          ; Median3x3 postfilering method]]
[2022.01.19-17.33.26:841][  0]LogConfig: Setting CVar [[r.DOF.Gather.EnableBokehSettings:0       ; no bokeh simulation when gathering]]
[2022.01.19-17.33.26:841][  0]LogConfig: Setting CVar [[r.DOF.Gather.RingCount:4                 ; medium number of samples when gathering]]
[2022.01.19-17.33.26:841][  0]LogConfig: Setting CVar [[r.DOF.Scatter.ForegroundCompositing:1    ; additive foreground scattering]]
[2022.01.19-17.33.26:841][  0]LogConfig: Setting CVar [[r.DOF.Scatter.BackgroundCompositing:2    ; additive background scattering]]
[2022.01.19-17.33.26:841][  0]LogConfig: Setting CVar [[r.DOF.Scatter.EnableBokehSettings:1      ; bokeh simulation when scattering]]
[2022.01.19-17.33.26:841][  0]LogConfig: Setting CVar [[r.DOF.Scatter.MaxSpriteRatio:0.1         ; only a maximum of 10% of scattered bokeh]]
[2022.01.19-17.33.26:841][  0]LogConfig: Setting CVar [[r.DOF.Recombine.Quality:1                ; cheap slight out of focus]]
[2022.01.19-17.33.26:841][  0]LogConfig: Setting CVar [[r.DOF.Recombine.EnableBokehSettings:0    ; no bokeh simulation on slight out of focus]]
[2022.01.19-17.33.26:841][  0]LogConfig: Setting CVar [[r.DOF.TemporalAAQuality:1                ; more stable temporal accumulation]]
[2022.01.19-17.33.26:841][  0]LogConfig: Setting CVar [[r.DOF.Kernel.MaxForegroundRadius:0.025]]
[2022.01.19-17.33.26:841][  0]LogConfig: Setting CVar [[r.DOF.Kernel.MaxBackgroundRadius:0.025]]
[2022.01.19-17.33.26:841][  0]LogConfig: Applying CVar settings from Section [TextureQuality@3] File [E:/UE4/Projects/WargamingAcademy/Cyberpunk2022/Saved/Config/Windows/Scalability.ini]
[2022.01.19-17.33.26:841][  0]LogConfig: Setting CVar [[r.Streaming.MipBias:0]]
[2022.01.19-17.33.26:841][  0]LogConfig: Setting CVar [[r.Streaming.AmortizeCPUToGPUCopy:0]]
[2022.01.19-17.33.26:841][  0]LogConfig: Setting CVar [[r.Streaming.MaxNumTexturesToStreamPerFrame:0]]
[2022.01.19-17.33.26:841][  0]LogConfig: Setting CVar [[r.Streaming.Boost:1]]
[2022.01.19-17.33.26:841][  0]LogConfig: Setting CVar [[r.MaxAnisotropy:8]]
[2022.01.19-17.33.26:841][  0]LogConfig: Setting CVar [[r.VT.MaxAnisotropy:8]]
[2022.01.19-17.33.26:841][  0]LogConfig: Setting CVar [[r.Streaming.LimitPoolSizeToVRAM:0]]
[2022.01.19-17.33.26:841][  0]LogConfig: Setting CVar [[r.Streaming.PoolSize:1000]]
[2022.01.19-17.33.26:841][  0]LogConfig: Setting CVar [[r.Streaming.MaxEffectiveScreenSize:0]]
[2022.01.19-17.33.26:841][  0]LogConfig: Applying CVar settings from Section [EffectsQuality@3] File [E:/UE4/Projects/WargamingAcademy/Cyberpunk2022/Saved/Config/Windows/Scalability.ini]
[2022.01.19-17.33.26:841][  0]LogConfig: Setting CVar [[r.TranslucencyLightingVolumeDim:64]]
[2022.01.19-17.33.26:841][  0]LogConfig: Setting CVar [[r.RefractionQuality:2]]
[2022.01.19-17.33.26:841][  0]LogConfig: Setting CVar [[r.SSR.Quality:3]]
[2022.01.19-17.33.26:841][  0]LogConfig: Setting CVar [[r.SSR.HalfResSceneColor:0]]
[2022.01.19-17.33.26:841][  0]LogConfig: Setting CVar [[r.SceneColorFormat:4]]
[2022.01.19-17.33.26:841][  0]LogConfig: Setting CVar [[r.DetailMode:2]]
[2022.01.19-17.33.26:841][  0]LogConfig: Setting CVar [[r.TranslucencyVolumeBlur:1]]
[2022.01.19-17.33.26:841][  0]LogConfig: Setting CVar [[r.MaterialQualityLevel:1 ; High quality]]
[2022.01.19-17.33.26:841][  0]LogConfig: Setting CVar [[r.AnisotropicMaterials:1]]
[2022.01.19-17.33.26:841][  0]LogConfig: Setting CVar [[r.SSS.Scale:1]]
[2022.01.19-17.33.26:841][  0]LogConfig: Setting CVar [[r.SSS.SampleSet:2]]
[2022.01.19-17.33.26:841][  0]LogConfig: Setting CVar [[r.SSS.Quality:1]]
[2022.01.19-17.33.26:841][  0]LogConfig: Setting CVar [[r.SSS.HalfRes:0]]
[2022.01.19-17.33.26:841][  0]LogConfig: Setting CVar [[r.SSGI.Quality:3]]
[2022.01.19-17.33.26:841][  0]LogConfig: Setting CVar [[r.EmitterSpawnRateScale:1.0]]
[2022.01.19-17.33.26:842][  0]LogConfig: Setting CVar [[r.ParticleLightQuality:2]]
[2022.01.19-17.33.26:842][  0]LogConfig: Setting CVar [[r.SkyAtmosphere.AerialPerspectiveLUT.FastApplyOnOpaque:1 ; Always have FastSkyLUT 1 in this case to avoid wrong sky]]
[2022.01.19-17.33.26:842][  0]LogConfig: Setting CVar [[r.SkyAtmosphere.AerialPerspectiveLUT.SampleCountMaxPerSlice:4]]
[2022.01.19-17.33.26:842][  0]LogConfig: Setting CVar [[r.SkyAtmosphere.AerialPerspectiveLUT.DepthResolution:16.0]]
[2022.01.19-17.33.26:842][  0]LogConfig: Setting CVar [[r.SkyAtmosphere.FastSkyLUT:1]]
[2022.01.19-17.33.26:842][  0]LogConfig: Setting CVar [[r.SkyAtmosphere.FastSkyLUT.SampleCountMin:4.0]]
[2022.01.19-17.33.26:842][  0]LogConfig: Setting CVar [[r.SkyAtmosphere.FastSkyLUT.SampleCountMax:128.0]]
[2022.01.19-17.33.26:842][  0]LogConfig: Setting CVar [[r.SkyAtmosphere.SampleCountMin:4.0]]
[2022.01.19-17.33.26:842][  0]LogConfig: Setting CVar [[r.SkyAtmosphere.SampleCountMax:128.0]]
[2022.01.19-17.33.26:842][  0]LogConfig: Setting CVar [[r.SkyAtmosphere.TransmittanceLUT.UseSmallFormat:0]]
[2022.01.19-17.33.26:842][  0]LogConfig: Setting CVar [[r.SkyAtmosphere.TransmittanceLUT.SampleCount:10.0]]
[2022.01.19-17.33.26:842][  0]LogConfig: Setting CVar [[r.SkyAtmosphere.MultiScatteringLUT.SampleCount:15.0]]
[2022.01.19-17.33.26:842][  0]LogConfig: Setting CVar [[r.SkyLight.RealTimeReflectionCapture:1]]
[2022.01.19-17.33.26:842][  0]LogConfig: Applying CVar settings from Section [FoliageQuality@3] File [E:/UE4/Projects/WargamingAcademy/Cyberpunk2022/Saved/Config/Windows/Scalability.ini]
[2022.01.19-17.33.26:842][  0]LogConfig: Setting CVar [[foliage.DensityScale:1.0]]
[2022.01.19-17.33.26:842][  0]LogConfig: Setting CVar [[grass.DensityScale:1.0]]
[2022.01.19-17.33.26:842][  0]LogConfig: Applying CVar settings from Section [ShadingQuality@3] File [E:/UE4/Projects/WargamingAcademy/Cyberpunk2022/Saved/Config/Windows/Scalability.ini]
[2022.01.19-17.33.26:842][  0]LogConfig: Setting CVar [[r.HairStrands.SkyLighting.IntegrationType:2]]
[2022.01.19-17.33.26:842][  0]LogConfig: Setting CVar [[r.HairStrands.SkyAO.SampleCount:4]]
[2022.01.19-17.33.26:842][  0]LogConfig: Setting CVar [[r.HairStrands.Visibility.MSAA.SamplePerPixel:4]]
[2022.01.19-17.33.26:842][  0]LogConfig: Applying CVar settings from Section [Startup] File [../../../Engine/Config/ConsoleVariables.ini]
[2022.01.19-17.33.26:842][  0]LogConfig: Setting CVar [[net.UseAdaptiveNetUpdateFrequency:0]]
[2022.01.19-17.33.26:842][  0]LogConfig: Setting CVar [[p.chaos.AllowCreatePhysxBodies:1]]
[2022.01.19-17.33.26:842][  0]LogConfig: Setting CVar [[fx.SkipVectorVMBackendOptimizations:1]]
[2022.01.19-17.33.26:842][  0]LogConfig: Applying CVar settings from Section [ConsoleVariables] File [E:/UE4/Projects/WargamingAcademy/Cyberpunk2022/Saved/Config/Windows/Engine.ini]
[2022.01.19-17.33.26:842][  0]LogConfig: Applying CVar settings from Section [ConsoleVariables] File [E:/UE4/Projects/WargamingAcademy/Cyberpunk2022/Saved/Config/Windows/Editor.ini]
[2022.01.19-17.33.26:842][  0]LogInit: Computer: DESKTOP-P6OQVGL
[2022.01.19-17.33.26:842][  0]LogInit: User: Artem
[2022.01.19-17.33.26:842][  0]LogInit: CPU Page size=4096, Cores=6
[2022.01.19-17.33.26:842][  0]LogInit: High frequency timer resolution =10.000000 MHz
[2022.01.19-17.33.26:842][  0]LogMemory: Memory total: Physical=15.4GB (16GB approx)
[2022.01.19-17.33.26:842][  0]LogMemory: Platform Memory Stats for Windows
[2022.01.19-17.33.26:842][  0]LogMemory: Process Physical Memory: 145.39 MB used, 145.39 MB peak
[2022.01.19-17.33.26:842][  0]LogMemory: Process Virtual Memory: 123.91 MB used, 123.91 MB peak
[2022.01.19-17.33.26:842][  0]LogMemory: Physical Memory: 11052.30 MB used,  4671.76 MB free, 15724.06 MB total
[2022.01.19-17.33.26:842][  0]LogMemory: Virtual Memory: 134204520.00 MB used,  13210.83 MB free, 134217728.00 MB total
[2022.01.19-17.33.26:846][  0]LogWindows: WindowsPlatformFeatures enabled
[2022.01.19-17.33.26:879][  0]LogInit: Physics initialised using underlying interface: PhysX
[2022.01.19-17.33.26:880][  0]LogInit: Using OS detected language (en-US).
[2022.01.19-17.33.26:880][  0]LogInit: Using OS detected locale (en-US).
[2022.01.19-17.33.26:882][  0]LogTextLocalizationManager: No specific localization for 'en-US' exists, so the 'en' localization will be used.
[2022.01.19-17.33.27:123][  0]LogInit: Setting process to per monitor DPI aware
[2022.01.19-17.33.27:136][  0]LogWindowsTextInputMethodSystem: Display: IME system deactivated.
[2022.01.19-17.33.27:149][  0]LogSlate: New Slate User Created.  User Index 0, Is Virtual User: 0
[2022.01.19-17.33.27:149][  0]LogSlate: Slate User Registered.  User Index 0, Is Virtual User: 0
[2022.01.19-17.33.27:256][  0]LogD3D11RHI: Loaded GFSDK_Aftermath_Lib.x64.dll
[2022.01.19-17.33.27:272][  0]LogHMD: Failed to initialize OpenVR with code 110
[2022.01.19-17.33.27:272][  0]LogD3D11RHI: D3D11 min allowed feature level: 11_0
[2022.01.19-17.33.27:272][  0]LogD3D11RHI: D3D11 max allowed feature level: 11_0
[2022.01.19-17.33.27:272][  0]LogD3D11RHI: D3D11 adapters:
[2022.01.19-17.33.27:369][  0]LogD3D11RHI:    0. 'NVIDIA GeForce RTX 3060 Laptop GPU' (Feature Level 11_0)
[2022.01.19-17.33.27:369][  0]LogD3D11RHI:       6023/0/7862 MB DedicatedVideo/DedicatedSystem/SharedSystem, Outputs:1, VendorId:0x10de
[2022.01.19-17.33.27:394][  0]LogD3D11RHI:    1. 'AMD Radeon(TM) Graphics' (Feature Level 11_0)
[2022.01.19-17.33.27:394][  0]LogD3D11RHI:       496/0/7862 MB DedicatedVideo/DedicatedSystem/SharedSystem, Outputs:0, VendorId:0x1002
[2022.01.19-17.33.27:396][  0]LogD3D11RHI:    2. 'Microsoft Basic Render Driver' (Feature Level 11_0)
[2022.01.19-17.33.27:396][  0]LogD3D11RHI:       0/0/7862 MB DedicatedVideo/DedicatedSystem/SharedSystem, Outputs:0, VendorId:0x1414
[2022.01.19-17.33.27:396][  0]LogD3D11RHI: Chosen D3D11 Adapter:
[2022.01.19-17.33.27:396][  0]LogD3D11RHI:     Description : NVIDIA GeForce RTX 3060 Laptop GPU
[2022.01.19-17.33.27:396][  0]LogD3D11RHI:     VendorId    : 10de
[2022.01.19-17.33.27:396][  0]LogD3D11RHI:     DeviceId    : 2520
[2022.01.19-17.33.27:396][  0]LogD3D11RHI:     SubSysId    : 151f1025
[2022.01.19-17.33.27:396][  0]LogD3D11RHI:     Revision    : 00a1
[2022.01.19-17.33.27:396][  0]LogD3D11RHI:     DedicatedVideoMemory : 6315573248 bytes
[2022.01.19-17.33.27:396][  0]LogD3D11RHI:     DedicatedSystemMemory : 0 bytes
[2022.01.19-17.33.27:396][  0]LogD3D11RHI:     SharedSystemMemory : 8243935232 bytes
[2022.01.19-17.33.27:396][  0]LogD3D11RHI:     AdapterLuid : 0 58449
[2022.01.19-17.33.27:405][  0]LogD3D11RHI: Creating new Direct3DDevice
[2022.01.19-17.33.27:406][  0]LogD3D11RHI:     GPU DeviceId: 0x2520 (for the marketing name, search the web for "GPU Device Id")
[2022.01.19-17.33.27:406][  0]LogWindows: EnumDisplayDevices:
[2022.01.19-17.33.27:406][  0]LogWindows:    0. 'AMD Radeon(TM) Graphics' (P:1 D:1)
[2022.01.19-17.33.27:406][  0]LogWindows:    1. 'AMD Radeon(TM) Graphics' (P:0 D:0)
[2022.01.19-17.33.27:406][  0]LogWindows:    2. 'AMD Radeon(TM) Graphics' (P:0 D:0)
[2022.01.19-17.33.27:406][  0]LogWindows:    3. 'NVIDIA GeForce RTX 3060 Laptop GPU' (P:0 D:0)
[2022.01.19-17.33.27:407][  0]LogWindows: DebugString: PrimaryIsNotTheChoosenAdapter PrimaryIsNotTheChoosenAdapter PrimaryIsNotTheChoosenAdapter 
[2022.01.19-17.33.27:407][  0]LogD3D11RHI:     Adapter Name: NVIDIA GeForce RTX 3060 Laptop GPU
[2022.01.19-17.33.27:407][  0]LogD3D11RHI:   Driver Version: 497.09 (internal:30.0.14.9709, unified:497.09)
[2022.01.19-17.33.27:407][  0]LogD3D11RHI:      Driver Date: 11-26-2021
[2022.01.19-17.33.27:407][  0]LogRHI: Texture pool is 4216 MB (70% of 6023 MB)
[2022.01.19-17.33.27:407][  0]LogD3D11RHI: Creating D3DDevice using adapter:
[2022.01.19-17.33.27:407][  0]LogD3D11RHI:     Description : NVIDIA GeForce RTX 3060 Laptop GPU
[2022.01.19-17.33.27:407][  0]LogD3D11RHI:     VendorId    : 10de
[2022.01.19-17.33.27:407][  0]LogD3D11RHI:     DeviceId    : 2520
[2022.01.19-17.33.27:407][  0]LogD3D11RHI:     SubSysId    : 151f1025
[2022.01.19-17.33.27:407][  0]LogD3D11RHI:     Revision    : 00a1
[2022.01.19-17.33.27:407][  0]LogD3D11RHI:     DedicatedVideoMemory : 6315573248 bytes
[2022.01.19-17.33.27:407][  0]LogD3D11RHI:     DedicatedSystemMemory : 0 bytes
[2022.01.19-17.33.27:407][  0]LogD3D11RHI:     SharedSystemMemory : 8243935232 bytes
[2022.01.19-17.33.27:407][  0]LogD3D11RHI:     AdapterLuid : 0 58449
[2022.01.19-17.33.27:471][  0]LogD3D11RHI: RHI has support for 64 bit atomics
[2022.01.19-17.33.27:471][  0]LogD3D11RHI: Async texture creation enabled
[2022.01.19-17.33.27:471][  0]LogD3D11RHI: Array index from any shader is supported
[2022.01.19-17.33.27:495][  0]LogD3D11RHI: GPU Timing Frequency: 1000.000000 (Debug: 2 1)
[2022.01.19-17.33.27:518][  0]LogRHI: GeForceNow SDK initialized: 1
[2022.01.19-17.33.27:791][  0]LogTargetPlatformManager: Display: Loaded TargetPlatform 'AllDesktop'
[2022.01.19-17.33.27:813][  0]LogTargetPlatformManager: Display: Loaded TargetPlatform 'Android'
[2022.01.19-17.33.27:813][  0]LogTargetPlatformManager: Display: Loaded TargetPlatform 'Android_ASTC'
[2022.01.19-17.33.27:813][  0]LogTargetPlatformManager: Display: Loaded TargetPlatform 'Android_DXT'
[2022.01.19-17.33.27:813][  0]LogTargetPlatformManager: Display: Loaded TargetPlatform 'Android_ETC2'
[2022.01.19-17.33.27:813][  0]LogTargetPlatformManager: Display: Loaded TargetPlatform 'AndroidClient'
[2022.01.19-17.33.27:813][  0]LogTargetPlatformManager: Display: Loaded TargetPlatform 'Android_ASTCClient'
[2022.01.19-17.33.27:813][  0]LogTargetPlatformManager: Display: Loaded TargetPlatform 'Android_DXTClient'
[2022.01.19-17.33.27:813][  0]LogTargetPlatformManager: Display: Loaded TargetPlatform 'Android_ETC2Client'
[2022.01.19-17.33.27:813][  0]LogTargetPlatformManager: Display: Loaded TargetPlatform 'Android_Multi'
[2022.01.19-17.33.27:813][  0]LogTargetPlatformManager: Display: Loaded TargetPlatform 'Android_MultiClient'
[2022.01.19-17.33.27:830][  0]LogTargetPlatformManager: Display: Loaded TargetPlatform 'IOSClient'
[2022.01.19-17.33.27:830][  0]LogTargetPlatformManager: Display: Loaded TargetPlatform 'IOS'
[2022.01.19-17.33.27:839][  0]LogTargetPlatformManager: Display: Loaded TargetPlatform 'Linux'
[2022.01.19-17.33.27:843][  0]LogTargetPlatformManager: Display: Loaded TargetPlatform 'LinuxNoEditor'
[2022.01.19-17.33.27:847][  0]LogTargetPlatformManager: Display: Loaded TargetPlatform 'LinuxClient'
[2022.01.19-17.33.27:851][  0]LogTargetPlatformManager: Display: Loaded TargetPlatform 'LinuxServer'
[2022.01.19-17.33.27:860][  0]LogTargetPlatformManager: Display: Loaded TargetPlatform 'LinuxAArch64NoEditor'
[2022.01.19-17.33.27:865][  0]LogTargetPlatformManager: Display: Loaded TargetPlatform 'LinuxAArch64Client'
[2022.01.19-17.33.27:868][  0]LogTargetPlatformManager: Display: Loaded TargetPlatform 'LinuxAArch64Server'
[2022.01.19-17.33.27:888][  0]LogTargetPlatformManager: Display: Loaded TargetPlatform 'Lumin'
[2022.01.19-17.33.27:888][  0]LogTargetPlatformManager: Display: Loaded TargetPlatform 'LuminClient'
[2022.01.19-17.33.27:898][  0]LogTargetPlatformManager: Display: Loaded TargetPlatform 'MacNoEditor'
[2022.01.19-17.33.27:902][  0]LogTargetPlatformManager: Display: Loaded TargetPlatform 'Mac'
[2022.01.19-17.33.27:906][  0]LogTargetPlatformManager: Display: Loaded TargetPlatform 'MacClient'
[2022.01.19-17.33.27:910][  0]LogTargetPlatformManager: Display: Loaded TargetPlatform 'MacServer'
[2022.01.19-17.33.27:920][  0]LogTargetPlatformManager: Display: Loaded TargetPlatform 'TVOSClient'
[2022.01.19-17.33.27:920][  0]LogTargetPlatformManager: Display: Loaded TargetPlatform 'TVOS'
[2022.01.19-17.33.27:929][  0]LogTargetPlatformManager: Display: Loaded TargetPlatform 'WindowsNoEditor'
[2022.01.19-17.33.27:935][  0]LogTargetPlatformManager: Display: Loaded TargetPlatform 'Windows'
[2022.01.19-17.33.27:938][  0]LogTargetPlatformManager: Display: Loaded TargetPlatform 'WindowsClient'
[2022.01.19-17.33.27:943][  0]LogTargetPlatformManager: Display: Loaded TargetPlatform 'WindowsServer'
[2022.01.19-17.33.27:943][  0]LogTargetPlatformManager: Display: Building Assets For Windows
[2022.01.19-17.33.27:949][  0]LogAudioDebug: Display: Lib vorbis DLL was dynamically loaded.
[2022.01.19-17.33.27:974][  0]LogTextureFormatOodle: Display: Oodle Texture 2.9.0 init RDO Off
[2022.01.19-17.33.28:001][  0]LogRendererCore: Ray tracing is disabled. Reason: r.RayTracing=0.
[2022.01.19-17.33.28:001][  0]LogShaderCompilers: Guid format shader working directory is -6 characters bigger than the processId version (../../../../Projects/WargamingAcademy/Cyberpunk2022/Intermediate/Shaders/WorkingDirectory/21396/).
[2022.01.19-17.33.28:001][  0]LogShaderCompilers: Cleaned the shader compiler working directory 'C:/Users/Artem/AppData/Local/Temp/UnrealShaderWorkingDir/485004194D61685F7767979CF232F5BA/'.
[2022.01.19-17.33.28:002][  0]LogXGEController: Cannot use XGE Controller as Incredibuild is not installed on this machine.
[2022.01.19-17.33.28:002][  0]LogShaderCompilers: Cannot use XGE Shader Compiler as Incredibuild is not installed on this machine.
[2022.01.19-17.33.28:002][  0]LogShaderCompilers: Display: Using Local Shader Compiler.
[2022.01.19-17.33.28:631][  0]LogDerivedDataCache: Display: Max Cache Size: 512 MB
[2022.01.19-17.33.28:709][  0]LogDerivedDataCache: Loaded boot cache 0.08s 103MB C:/Users/Artem/AppData/Local/UnrealEngine/4.27/DerivedDataCache/Boot.ddc.
[2022.01.19-17.33.28:709][  0]LogDerivedDataCache: Display: Loaded Boot cache: C:/Users/Artem/AppData/Local/UnrealEngine/4.27/DerivedDataCache/Boot.ddc
[2022.01.19-17.33.28:709][  0]LogDerivedDataCache: FDerivedDataBackendGraph:  Pak pak cache file ../../../../Projects/WargamingAcademy/Cyberpunk2022/DerivedDataCache/DDC.ddp not found, will not use a pak cache.
[2022.01.19-17.33.28:709][  0]LogDerivedDataCache: Unable to find inner node Pak for hierarchical cache Hierarchy.
[2022.01.19-17.33.28:709][  0]LogDerivedDataCache: FDerivedDataBackendGraph:  CompressedPak pak cache file ../../../../Projects/WargamingAcademy/Cyberpunk2022/DerivedDataCache/Compressed.ddp not found, will not use a pak cache.
[2022.01.19-17.33.28:709][  0]LogDerivedDataCache: Unable to find inner node CompressedPak for hierarchical cache Hierarchy.
[2022.01.19-17.33.28:728][  0]LogDerivedDataCache: Display: Pak cache opened for reading ../../../Engine/DerivedDataCache/Compressed.ddp.
[2022.01.19-17.33.28:728][  0]LogDerivedDataCache: FDerivedDataBackendGraph:  EnterprisePak pak cache file ../../../Enterprise/DerivedDataCache/Compressed.ddp not found, will not use a pak cache.
[2022.01.19-17.33.28:728][  0]LogDerivedDataCache: Unable to find inner node EnterprisePak for hierarchical cache Hierarchy.
[2022.01.19-17.33.28:744][  0]LogDerivedDataCache: Speed tests for C:/Users/Artem/AppData/Local/UnrealEngine/Common/DerivedDataCache took 0.02 seconds
[2022.01.19-17.33.28:744][  0]LogDerivedDataCache: Display: Performance to C:/Users/Artem/AppData/Local/UnrealEngine/Common/DerivedDataCache: Latency=0.03ms. RandomReadSpeed=1429.41MBs, RandomWriteSpeed=63.46MBs. Assigned SpeedClass 'Local'
[2022.01.19-17.33.28:746][  0]LogDerivedDataCache: Using Local data cache path C:/Users/Artem/AppData/Local/UnrealEngine/Common/DerivedDataCache: Writable
[2022.01.19-17.33.28:746][  0]LogDerivedDataCache: Shared data cache path not found in *engine.ini, will not use an Shared cache.
[2022.01.19-17.33.28:747][  0]LogDerivedDataCache: Unable to find inner node Shared for hierarchical cache Hierarchy.
[2022.01.19-17.33.28:790][  0]LogSlate: Using FreeType 2.10.0
[2022.01.19-17.33.28:791][  0]LogSlate: SlateFontServices - WITH_FREETYPE: 1, WITH_HARFBUZZ: 1
[2022.01.19-17.33.28:813][  0]LogAssetRegistry: FAssetRegistry took 0.0024 seconds to start up
[2022.01.19-17.33.29:074][  0]LogInit: Selected Device Profile: [Windows]
[2022.01.19-17.33.29:074][  0]LogInit: Active device profile: [000001D008613200][000001D00198D100 49] Windows
[2022.01.19-17.33.29:074][  0]LogInit: Profiles: [000001D008613200][000001D00198D100 49] Windows, [000001D0085C1000][000001D00616F280 49] WindowsNoEditor, [000001D008611000][000001D007571400 49] WindowsServer, [000001D0085C2900][000001D07C1CD580 49] WindowsClient, [000001D008612800][000001D07C255700 49] IOS, [000001D0085C1A00][000001D0072CB880 49] iPadAir, [000001D008611900][000001D0072CFA00 49] iPadAir2, [000001D008563700][000001D007598140 49] IPadPro, [000001D008563800][000001D007594180 49] iPadAir3, [000001D008612100][000001D00759C300 49] iPadAir4, [000001D008561500][000001D0075A0480 49] iPadMini2, [000001D008612B00][000001D0075A4600 49] iPadMini3, [000001D008562300][000001D00616A740 49] iPadMini4, [000001D008611100][000001D0075A8880 49] iPadMini5, [000001D0085B3000][000001D007998AC0 49] iPhone6, [000001D0085B3100][000001D0075ACB00 49] iPodTouch6, [000001D008560700][000001D0079A4DC0 49] iPhone7, [000001D008560600][000001D0079A0E00 49] iPodTouch7, [000001D0085B1400][000001D0079A8F80 49] iPhone5S, [000001D008562100][000001D0079AD100 49] iPhone6Plus, [000001D0085B2400][000001D0079B1280 49] iPhone6S, [000001D008562A00][000001D0079B5400 49] iPhone6SPlus, [000001D0085B3A00][000001D0079B9580 49] iPhone7Plus, [000001D008563B00][000001D0079BD700 49] iPhoneSE, [000001D0085B3400][000001D0071B1880 49] iPhone8, [000001D008560200][000001D0071B5A00 49] iPhone8Plus, [000001D0085B2300][000001D0071B9B80 49] iPhoneX, [000001D008563000][000001D0071BC180 49] iPhoneXS, [000001D0085B3200][000001D0071C0300 49] iPhoneXSMax, [000001D008562C00][000001D0071C4480 49] iPhoneXR, [000001D0085B1500][000001D0071C8600 49] iPhone11, [000001D008560500][000001D0071CC780 49] iPhone11Pro, [000001D0085B3700][000001D0071D0900 49] iPhone11ProMax, [000001D008560100][000001D00799CA40 49] iPhoneSE2, [000001D0085B1D00][000001D0071D4B80 49] iPhone12Mini, [000001D008562B00][000001D007534CC0 49] iPhone12, [000001D0085B0C00][000001D00753CE40 49] iPhone12Pro, [000001D008561800][000001D007540FC0 49] iPhone12ProMax, [000001D0085B3800][000001D007545140 49] iPadPro105, [000001D008560300][000001D0075492C0 49] iPadPro129, [000001D0085B0A00][000001D00754D440 49] iPadPro97, [000001D008560D00][000001D0075515C0 49] iPadPro2_129, [000001D0085B1300][000001D007555740 49] iPad5, [000001D008561B00][000001D0075598C0 49] iPad6, [000001D0085B0300][000001D00755DA40 49] iPad7, [000001D008563F00][000001D007561BC0 49] iPad8, [000001D0085B2B00][000001D0075641C0 49] iPadPro11, [000001D008561E00][000001D007568340 49] iPadPro2_11, [000001D0085B2A00][000001D00756C4C0 49] iPadPro3_129, [000001D008563500][000001D005DAE640 49] iPadPro4_129, [000001D0085B3F00][000001D005DB27C0 49] AppleTV, [000001D008563600][000001D005DB6940 49] AppleTV4K, [000001D0085B1100][000001D005DBAAC0 49] TVOS, [000001D008562400][000001D007538C00 49] Mac, [000001D0085B0700][000001D005DBED40 49] MacClient, [000001D008563900][000001D005DC2E80 49] MacNoEditor, [000001D0085B2F00][000001D005DC6FC0 49] MacServer, [000001D008560900][000001D005DCF140 49] Linux, [000001D0085C2100][000001D005DD32C0 49] LinuxAArch64, [000001D008650300][000001D005DD7440 49] LinuxNoEditor, [000001D0085C3400][000001D005DDB5C0 49] LinuxAArch64NoEditor, [000001D008650D00][000001D005DDF740 49] LinuxClient, [000001D0085C3D00][000001D005DE38C0 49] LinuxAArch64Client, [000001D008651900][000001D005DE7A40 49] LinuxServer, [000001D0085C2D00][000001D07C1DDBC0 49] LinuxAArch64Server, [000001D008651600][000001D07C1E01C0 49] Android, [000001D0085C3F00][000001D07C1E4340 49] Android_Low, [000001D008651100][000001D07C1E84C0 49] Android_Mid, [000001D0085C3A00][000001D07C1EC640 49] Android_High, [000001D008651D00][000001D07C1F07C0 49] Android_Default, [000001D0085C2700][000001D07C1F4940 49] Android_Adreno4xx, [000001D008650500][000001D07C1F8AC0 49] Android_Adreno5xx_Low, [000001D0085C0700][000001D07C1FCC40 49] Android_Adreno5xx, [000001D008651F00][000001D005DCAD80 49] Android_Adreno6xx, [000001D0085C0100][000001D07C200EC0 49] Android_Adreno6xx_Vulkan, [000001D008650C00][000001D07C205000 49] Android_Mali_T6xx, [000001D0085C1500][000001D07C209140 49] Android_Mali_T7xx, [000001D008651700][000001D07C2112C0 49] Android_Mali_T8xx, [000001D008562F00][000001D07C215440 49] Android_Mali_G71, [000001D0085B0800][000001D07C2195C0 49] Android_Mali_G72, [000001D008563300][000001D07C21D740 49] Android_Mali_G72_Vulkan, [000001D0085B2600][000001D07C2218C0 49] Android_Mali_G76, [000001D008562700][000001D07C225A40 49] Android_Mali_G76_Vulkan, [000001D0085B2E00][000001D07C229BC0 49] Android_Mali_G77, [000001D008562200][000001D07C22C1C0 49] Android_Mali_G77_Vulkan, [000001D0085B2100][000001D07C230340 49] Android_Mali_G78, [000001D008560B00][000001D07C2344C0 49] Android_Mali_G78_Vulkan, [000001D008650A00][000001D07C238640 49] Android_Mali_G710, [000001D008561300][000001D07C23C7C0 49] Android_Mali_G710_Vulkan, [000001D008652700][000001D07C240940 49] Android_Vulkan_SM5, [000001D008562900][000001D07C244AC0 49] Android_PowerVR_G6xxx, [000001D008652000][000001D07C248C40 49] Android_PowerVR_GT7xxx, [000001D008562500][000001D00745CDC0 49] Android_PowerVR_GE8xxx, [000001D008650800][000001D007460F40 49] Android_PowerVR_GM9xxx, [000001D008561100][000001D07C20D080 49] Android_PowerVR_GM9xxx_Vulkan, [000001D008651200][000001D0074651C0 49] Android_TegraK1, [000001D008563C00][000001D007469300 49] Android_Unknown_Vulkan, [000001D008651A00][000001D007471480 49] Lumin, [000001D008561900][000001D007475600 49] Lumin_Desktop, [000001D0085B0200][000001D007479780 49] HoloLens, 
[2022.01.19-17.33.29:178][  0]LogMeshReduction: Using QuadricMeshReduction for automatic static mesh reduction
[2022.01.19-17.33.29:178][  0]LogMeshReduction: Using SimplygonMeshReduction for automatic skeletal mesh reduction
[2022.01.19-17.33.29:178][  0]LogMeshReduction: Using ProxyLODMeshReduction for automatic mesh merging
[2022.01.19-17.33.29:178][  0]LogMeshReduction: No distributed automatic mesh merging module available
[2022.01.19-17.33.29:178][  0]LogMeshMerging: No distributed automatic mesh merging module available
[2022.01.19-17.33.29:190][  0]LogNetVersion: Cyberpunk2022 1.0.0, NetCL: 17155196, EngineNetVer: 17, GameNetVer: 0 (Checksum: 1028016206)
[2022.01.19-17.33.29:515][  0]LogTexture: Default maximum texture size for cubemaps generated from long-lat sources has been changed from 512 to unlimited. In order to preserve old behaiour for '/Engine/MapTemplates/Sky/DaylightAmbientCubemap.DaylightAmbientCubemap', its maximum texture size has been explicitly set to 512.
[2022.01.19-17.33.29:570][  0]LogHMD: PokeAHoleMaterial loaded successfully
[2022.01.19-17.33.29:577][  0]LogUObjectArray: 17178 objects as part of root set at end of initial load.
[2022.01.19-17.33.29:577][  0]LogUObjectAllocator: 4302048 out of 0 bytes used by permanent object pool.
[2022.01.19-17.33.29:577][  0]LogUObjectArray: CloseDisregardForGC: 0/0 objects in disregard for GC pool
[2022.01.19-17.33.29:809][  0]LogNiagaraDebuggerClient: Niagara Debugger Client Initialized | Session: DAC97C3647BEF2CB3AC455A04D4F3850 | Instance: E7454E4240AAE05D6E6F30AE07791B38 (DESKTOP-P6OQVGL-21396).
[2022.01.19-17.33.29:904][  0]LogPython: Using Python 3.7.7
[2022.01.19-17.33.30:401][  0]LogTcpMessaging: Initializing TcpMessaging bridge
[2022.01.19-17.33.30:406][  0]LogUdpMessaging: Initializing bridge on interface 0.0.0.0:0 to multicast group 230.0.0.1:6666.
[2022.01.19-17.33.30:632][  0]LogPython: Warning: 'Cyberpunk2022Character.FireSound' and 'Cyberpunk2022Character._fireSound' have the same name (fire_sound) when exposed to Python. Rename one of them using 'ScriptName' meta-data (or 'ScriptMethod' or 'ScriptConstant' for extension functions).
[2022.01.19-17.33.30:852][  0]LogOpenImageDenoise: OIDN starting up
[2022.01.19-17.33.30:877][  0]SourceControl: Source control is disabled
[2022.01.19-17.33.31:186][  0]LogUProjectInfo: Found projects:
[2022.01.19-17.33.31:200][  0]LogAndroidPermission: UAndroidPermissionCallbackProxy::GetInstance
[2022.01.19-17.33.31:215][  0]LogAudioCaptureCore: Display: No Audio Capture implementations found. Audio input will be silent.
[2022.01.19-17.33.31:216][  0]LogAudioCaptureCore: Display: No Audio Capture implementations found. Audio input will be silent.
[2022.01.19-17.33.31:322][  0]LogCollectionManager: Loaded 0 collections in 0.000821 seconds
[2022.01.19-17.33.31:345][  0]LogFileCache: Scanning file cache for directory 'E:/UE4/Projects/WargamingAcademy/Cyberpunk2022/Saved/Collections/' took 0.00s
[2022.01.19-17.33.31:345][  0]LogFileCache: Scanning file cache for directory 'E:/UE4/Projects/WargamingAcademy/Cyberpunk2022/Content/Developers/Artem/Collections/' took 0.00s
[2022.01.19-17.33.31:345][  0]LogFileCache: Scanning file cache for directory 'E:/UE4/Projects/WargamingAcademy/Cyberpunk2022/Content/Collections/' took 0.00s
[2022.01.19-17.33.31:345][  0]LogOcInput: OculusInput pre-init called
[2022.01.19-17.33.31:542][  0]LogEngine: Initializing Engine...
[2022.01.19-17.33.31:544][  0]LogHMD: Failed to enumerate extensions. Please check that you have a valid OpenXR runtime installed.
[2022.01.19-17.33.31:544][  0]LogHMD: Failed to initialize OpenVR with code 110
[2022.01.19-17.33.31:544][  0]LogMagicLeap: Warning: VR disabled because ZI is not enabled.  To enable, in the editor, Edit -> Project Settings -> Plugins -> Magic Leap Plugin -> Enable Zero Iteration
[2022.01.19-17.33.31:545][  0]LogStats: UGameplayTagsManager::InitializeManager -  0.000 s
[2022.01.19-17.33.31:688][  0]LogInit: Initializing FReadOnlyCVARCache
[2022.01.19-17.33.31:699][  0]LogAIModule: Creating AISystem for world Untitled
[2022.01.19-17.33.31:702][  0]LogAudio: Display: Initializing Audio Device Manager...
[2022.01.19-17.33.31:705][  0]LogAudio: Display: Loading Default Audio Settings Objects...
[2022.01.19-17.33.31:705][  0]LogAudio: Display: No default SoundConcurrencyObject specified (or failed to load).
[2022.01.19-17.33.31:706][  0]LogAudio: Display: Audio Device Manager Initialized
[2022.01.19-17.33.31:706][  0]LogAudio: Display: Creating Audio Device:                 Id: 1, Scope: Shared, Realtime: True
[2022.01.19-17.33.31:706][  0]LogAudioMixer: Display: Audio Mixer Platform Settings:
[2022.01.19-17.33.31:706][  0]LogAudioMixer: Display: 	Sample Rate:						  48000
[2022.01.19-17.33.31:706][  0]LogAudioMixer: Display: 	Callback Buffer Frame Size Requested: 1024
[2022.01.19-17.33.31:706][  0]LogAudioMixer: Display: 	Callback Buffer Frame Size To Use:	  1024
[2022.01.19-17.33.31:706][  0]LogAudioMixer: Display: 	Number of buffers to queue:			  2
[2022.01.19-17.33.31:706][  0]LogAudioMixer: Display: 	Max Channels (voices):				  32
[2022.01.19-17.33.31:706][  0]LogAudioMixer: Display: 	Number of Async Source Workers:		  0
[2022.01.19-17.33.31:706][  0]LogAudio: Display: AudioDevice MaxSources: 32
[2022.01.19-17.33.31:706][  0]LogAudio: Display: Audio Spatialization Plugin: None (built-in).
[2022.01.19-17.33.31:706][  0]LogAudio: Display: Audio Reverb Plugin: None (built-in).
[2022.01.19-17.33.31:706][  0]LogAudio: Display: Audio Occlusion Plugin: None (built-in).
[2022.01.19-17.33.31:706][  0]LogAudioMixer: Display: Initializing audio mixer.
[2022.01.19-17.33.31:713][  0]LogAudioMixer: Display: 0: FrontLeft
[2022.01.19-17.33.31:713][  0]LogAudioMixer: Display: 1: FrontRight
[2022.01.19-17.33.31:796][  0]LogAudioMixer: Display: Using Audio Device Headphones (Realtek(R) Audio)
[2022.01.19-17.33.31:797][  0]LogAudioMixer: Display: Initializing Sound Submixes...
[2022.01.19-17.33.31:799][  0]LogAudioMixer: Display: Creating Master Submix 'MasterSubmixDefault'
[2022.01.19-17.33.31:799][  0]LogAudioMixer: Display: Creating Master Submix 'MasterReverbSubmixDefault'
[2022.01.19-17.33.31:800][  0]LogAudioMixer: Display: Creating Master Submix 'MasterEQSubmixDefault'
[2022.01.19-17.33.31:800][  0]LogAudioMixer: FMixerPlatformXAudio2::StartAudioStream() called
[2022.01.19-17.33.31:800][  0]LogAudioMixer: Display: Output buffers initialized: Frames=1024, Channels=2, Samples=2048
[2022.01.19-17.33.31:801][  0]LogAudioMixer: Display: Starting AudioMixerPlatformInterface::RunInternal()
[2022.01.19-17.33.31:801][  0]LogAudioMixer: Display: FMixerPlatformXAudio2::SubmitBuffer() called for the first time
[2022.01.19-17.33.31:801][  0]LogInit: FAudioDevice initialized.
[2022.01.19-17.33.31:801][  0]LogAudio: Display: Audio Device (ID: 1) registered with world 'Untitled'.
[2022.01.19-17.33.31:802][  0]LogNetVersion: Set ProjectVersion to 1.0.0.0. Version Checksum will be recalculated on next use.
[2022.01.19-17.33.31:862][  0]LogDerivedDataCache: Saved boot cache 0.06s 103MB C:/Users/Artem/AppData/Local/UnrealEngine/4.27/DerivedDataCache/Boot.ddc.
[2022.01.19-17.33.31:862][  0]LogInit: Texture streaming: Enabled
[2022.01.19-17.33.31:875][  0]LogAnalytics: Display: [UEEditor.Rocket.Release] APIServer = https://datarouter.ol.epicgames.com/. AppVersion = 4.27.2-18319896+++UE4+Release-4.27
[2022.01.19-17.33.31:877][  0]LogEngineSessionManager: EngineSessionManager initialized
[2022.01.19-17.33.31:877][  0]LogEditorSessionSummary: Verbose: Initializing EditorSessionSummaryWriter for editor session tracking
[2022.01.19-17.33.31:878][  0]LogEditorSessionSummary: EditorSessionSummaryWriter initialized
[2022.01.19-17.33.31:904][  0]LogInit: Transaction tracking system initialized
[2022.01.19-17.33.31:922][  0]BlueprintLog: New page: Editor Load
[2022.01.19-17.33.31:972][  0]LocalizationService: Localization service is disabled
[2022.01.19-17.33.31:988][  0]TimingProfiler: Initialize
[2022.01.19-17.33.31:989][  0]TimingProfiler: OnSessionChanged
[2022.01.19-17.33.31:989][  0]LoadingProfiler: Initialize
[2022.01.19-17.33.31:989][  0]LoadingProfiler: OnSessionChanged
[2022.01.19-17.33.31:989][  0]NetworkingProfiler: Initialize
[2022.01.19-17.33.31:989][  0]NetworkingProfiler: OnSessionChanged
[2022.01.19-17.33.31:989][  0]MemoryProfiler: Initialize
[2022.01.19-17.33.31:989][  0]MemoryProfiler: OnSessionChanged
[2022.01.19-17.33.32:102][  0]LogCook: Display: CookSettings for Memory: MemoryMaxUsedVirtual 0MiB, MemoryMaxUsedPhysical 16384MiB, MemoryMinFreeVirtual 0MiB, MemoryMinFreePhysical 1024MiB
[2022.01.19-17.33.32:102][  0]LogCook: Display: Mobile HDR setting 1
[2022.01.19-17.33.32:248][  0]LogFileCache: Scanning file cache for directory 'E:/UE4/Projects/WargamingAcademy/Cyberpunk2022/Content/' took 0.00s
[2022.01.19-17.33.32:395][  0]LogInit: Display: Engine is initialized. Leaving FEngineLoop::Init()
[2022.01.19-17.33.32:399][  0]LogUnrealEdMisc: Loading editor; pre map load, took 6.467
[2022.01.19-17.33.32:399][  0]Cmd: MAP LOAD FILE="../../../../Projects/WargamingAcademy/Cyberpunk2022/Content/FirstPersonCPP/Maps/FirstPersonExampleMap.umap" TEMPLATE=0 SHOWPROGRESS=1 FEATURELEVEL=3
[2022.01.19-17.33.32:399][  0]LightingResults: New page: Lighting Build
[2022.01.19-17.33.32:400][  0]LogWorld: UWorld::CleanupWorld for Untitled, bSessionEnded=true, bCleanupResources=true
[2022.01.19-17.33.32:400][  0]LogSlate: InvalidateAllWidgets triggered.  All widgets were invalidated
[2022.01.19-17.33.32:400][  0]MapCheck: New page: Map Check
[2022.01.19-17.33.32:400][  0]LightingResults: New page: Lighting Build
[2022.01.19-17.33.32:405][  0]LogAudio: Display: Audio Device unregistered from world 'None'.
[2022.01.19-17.33.32:410][  0]LogUObjectHash: Compacting FUObjectHashTables data took   1.22ms
[2022.01.19-17.33.32:474][  0]LogAudio: Display: Audio Device (ID: 1) registered with world 'FirstPersonExampleMap'.
[2022.01.19-17.33.32:475][  0]LogAIModule: Creating AISystem for world FirstPersonExampleMap
[2022.01.19-17.33.32:484][  0]LogEditorServer: Finished looking for orphan Actors (0.000 secs)
[2022.01.19-17.33.32:493][  0]LogUObjectHash: Compacting FUObjectHashTables data took   0.83ms
[2022.01.19-17.33.32:494][  0]Cmd: MAP CHECKDEP NOCLEARLOG
[2022.01.19-17.33.32:494][  0]MapCheck: Map check complete: 0 Error(s), 0 Warning(s), took 0.183ms to complete.
[2022.01.19-17.33.32:494][  0]LogFileHelpers: Loading map 'FirstPersonExampleMap' took 0.096
[2022.01.19-17.33.32:497][  0]LogUnrealEdMisc: Total Editor Startup Time, took 6.565
[2022.01.19-17.33.32:608][  0]LogSlate: Updating window title bar state: overlay mode, drag disabled, window buttons hidden, title bar hidden
[2022.01.19-17.33.32:618][  0]LogSlate: Updating window title bar state: overlay mode, drag disabled, window buttons hidden, title bar hidden
[2022.01.19-17.33.32:626][  0]LogSlate: Updating window title bar state: overlay mode, drag disabled, window buttons hidden, title bar hidden
[2022.01.19-17.33.32:635][  0]LogSlate: Updating window title bar state: overlay mode, drag disabled, window buttons hidden, title bar hidden
[2022.01.19-17.33.32:649][  0]LogNativeClassHierarchy: Verbose: Native class hierarchy populated in 0.0110 seconds. Added 3828 classes and 930 folders.
[2022.01.19-17.33.32:652][  0]LogNativeClassHierarchy: Verbose: Native class hierarchy updated for 'WidgetCarousel' in 0.0004 seconds. Added 0 classes and 0 folders.
[2022.01.19-17.33.32:653][  0]LogPakFile: PakFile PrimaryIndexSize=187
[2022.01.19-17.33.32:654][  0]LogPakFile: PakFile PathHashIndexSize=101
[2022.01.19-17.33.32:654][  0]LogPakFile: PakFile FullDirectoryIndexSize=148
[2022.01.19-17.33.32:654][  0]LogShaderLibrary: Display: ShaderCodeLibraryPakFileMountedCallback: PakFile 'E:/UE4/UE_4.27/FeaturePacks/FP_FirstPerson.upack' (chunk index -1, root 'root:/') mounted
[2022.01.19-17.33.32:654][  0]LogShaderLibrary: Display: ShaderCodeLibraryPakFileMountedCallback: pending pak file info (ChunkID:-1 Root:root:/ File:E:/UE4/UE_4.27/FeaturePacks/FP_FirstPerson.upack)
[2022.01.19-17.33.32:654][  0]LogPakFile: OnPakFileMounted2Time == 0.000055
[2022.01.19-17.33.32:654][  0]LogPakFile: PakFile PrimaryIndexSize=189
[2022.01.19-17.33.32:654][  0]LogPakFile: PakFile PathHashIndexSize=101
[2022.01.19-17.33.32:654][  0]LogPakFile: PakFile FullDirectoryIndexSize=152
[2022.01.19-17.33.32:654][  0]LogShaderLibrary: Display: ShaderCodeLibraryPakFileMountedCallback: PakFile 'E:/UE4/UE_4.27/FeaturePacks/FP_FirstPersonBP.upack' (chunk index -1, root 'root:/') mounted
[2022.01.19-17.33.32:654][  0]LogShaderLibrary: Display: ShaderCodeLibraryPakFileMountedCallback: pending pak file info (ChunkID:-1 Root:root:/ File:E:/UE4/UE_4.27/FeaturePacks/FP_FirstPersonBP.upack)
[2022.01.19-17.33.32:654][  0]LogPakFile: OnPakFileMounted2Time == 0.000032
[2022.01.19-17.33.32:655][  0]LogPakFile: PakFile PrimaryIndexSize=191
[2022.01.19-17.33.32:655][  0]LogPakFile: PakFile PathHashIndexSize=101
[2022.01.19-17.33.32:655][  0]LogPakFile: PakFile FullDirectoryIndexSize=160
[2022.01.19-17.33.32:655][  0]LogShaderLibrary: Display: ShaderCodeLibraryPakFileMountedCallback: PakFile 'E:/UE4/UE_4.27/FeaturePacks/MobileStarterContent.upack' (chunk index -1, root 'root:/') mounted
[2022.01.19-17.33.32:655][  0]LogShaderLibrary: Display: ShaderCodeLibraryPakFileMountedCallback: pending pak file info (ChunkID:-1 Root:root:/ File:E:/UE4/UE_4.27/FeaturePacks/MobileStarterContent.upack)
[2022.01.19-17.33.32:655][  0]LogPakFile: OnPakFileMounted2Time == 0.000027
[2022.01.19-17.33.32:655][  0]LogPakFile: PakFile PrimaryIndexSize=185
[2022.01.19-17.33.32:655][  0]LogPakFile: PakFile PathHashIndexSize=101
[2022.01.19-17.33.32:655][  0]LogPakFile: PakFile FullDirectoryIndexSize=148
[2022.01.19-17.33.32:655][  0]LogShaderLibrary: Display: ShaderCodeLibraryPakFileMountedCallback: PakFile 'E:/UE4/UE_4.27/FeaturePacks/StarterContent.upack' (chunk index -1, root 'root:/') mounted
[2022.01.19-17.33.32:655][  0]LogShaderLibrary: Display: ShaderCodeLibraryPakFileMountedCallback: pending pak file info (ChunkID:-1 Root:root:/ File:E:/UE4/UE_4.27/FeaturePacks/StarterContent.upack)
[2022.01.19-17.33.32:655][  0]LogPakFile: OnPakFileMounted2Time == 0.000031
[2022.01.19-17.33.32:655][  0]LogPakFile: PakFile PrimaryIndexSize=190
[2022.01.19-17.33.32:655][  0]LogPakFile: PakFile PathHashIndexSize=101
[2022.01.19-17.33.32:655][  0]LogPakFile: PakFile FullDirectoryIndexSize=154
[2022.01.19-17.33.32:655][  0]LogShaderLibrary: Display: ShaderCodeLibraryPakFileMountedCallback: PakFile 'E:/UE4/UE_4.27/FeaturePacks/TP_2DSideScroller.upack' (chunk index -1, root 'root:/') mounted
[2022.01.19-17.33.32:655][  0]LogShaderLibrary: Display: ShaderCodeLibraryPakFileMountedCallback: pending pak file info (ChunkID:-1 Root:root:/ File:E:/UE4/UE_4.27/FeaturePacks/TP_2DSideScroller.upack)
[2022.01.19-17.33.32:655][  0]LogPakFile: OnPakFileMounted2Time == 0.000026
[2022.01.19-17.33.32:656][  0]LogPakFile: PakFile PrimaryIndexSize=192
[2022.01.19-17.33.32:656][  0]LogPakFile: PakFile PathHashIndexSize=101
[2022.01.19-17.33.32:656][  0]LogPakFile: PakFile FullDirectoryIndexSize=158
[2022.01.19-17.33.32:656][  0]LogShaderLibrary: Display: ShaderCodeLibraryPakFileMountedCallback: PakFile 'E:/UE4/UE_4.27/FeaturePacks/TP_2DSideScrollerBP.upack' (chunk index -1, root 'root:/') mounted
[2022.01.19-17.33.32:656][  0]LogShaderLibrary: Display: ShaderCodeLibraryPakFileMountedCallback: pending pak file info (ChunkID:-1 Root:root:/ File:E:/UE4/UE_4.27/FeaturePacks/TP_2DSideScrollerBP.upack)
[2022.01.19-17.33.32:656][  0]LogPakFile: OnPakFileMounted2Time == 0.000034
[2022.01.19-17.33.32:656][  0]LogPakFile: PakFile PrimaryIndexSize=182
[2022.01.19-17.33.32:656][  0]LogPakFile: PakFile PathHashIndexSize=101
[2022.01.19-17.33.32:656][  0]LogPakFile: PakFile FullDirectoryIndexSize=138
[2022.01.19-17.33.32:656][  0]LogShaderLibrary: Display: ShaderCodeLibraryPakFileMountedCallback: PakFile 'E:/UE4/UE_4.27/FeaturePacks/TP_Flying.upack' (chunk index -1, root 'root:/') mounted
[2022.01.19-17.33.32:656][  0]LogShaderLibrary: Display: ShaderCodeLibraryPakFileMountedCallback: pending pak file info (ChunkID:-1 Root:root:/ File:E:/UE4/UE_4.27/FeaturePacks/TP_Flying.upack)
[2022.01.19-17.33.32:656][  0]LogPakFile: OnPakFileMounted2Time == 0.000026
[2022.01.19-17.33.32:657][  0]LogPakFile: PakFile PrimaryIndexSize=184
[2022.01.19-17.33.32:657][  0]LogPakFile: PakFile PathHashIndexSize=101
[2022.01.19-17.33.32:657][  0]LogPakFile: PakFile FullDirectoryIndexSize=142
[2022.01.19-17.33.32:657][  0]LogShaderLibrary: Display: ShaderCodeLibraryPakFileMountedCallback: PakFile 'E:/UE4/UE_4.27/FeaturePacks/TP_FlyingBP.upack' (chunk index -1, root 'root:/') mounted
[2022.01.19-17.33.32:657][  0]LogShaderLibrary: Display: ShaderCodeLibraryPakFileMountedCallback: pending pak file info (ChunkID:-1 Root:root:/ File:E:/UE4/UE_4.27/FeaturePacks/TP_FlyingBP.upack)
[2022.01.19-17.33.32:657][  0]LogPakFile: OnPakFileMounted2Time == 0.000025
[2022.01.19-17.33.32:657][  0]LogPakFile: PakFile PrimaryIndexSize=188
[2022.01.19-17.33.32:657][  0]LogPakFile: PakFile PathHashIndexSize=101
[2022.01.19-17.33.32:657][  0]LogPakFile: PakFile FullDirectoryIndexSize=150
[2022.01.19-17.33.32:657][  0]LogShaderLibrary: Display: ShaderCodeLibraryPakFileMountedCallback: PakFile 'E:/UE4/UE_4.27/FeaturePacks/TP_HandheldARBP.upack' (chunk index -1, root 'root:/') mounted
[2022.01.19-17.33.32:657][  0]LogShaderLibrary: Display: ShaderCodeLibraryPakFileMountedCallback: pending pak file info (ChunkID:-1 Root:root:/ File:E:/UE4/UE_4.27/FeaturePacks/TP_HandheldARBP.upack)
[2022.01.19-17.33.32:657][  0]LogPakFile: OnPakFileMounted2Time == 0.000029
[2022.01.19-17.33.32:658][  0]LogPakFile: PakFile PrimaryIndexSize=182
[2022.01.19-17.33.32:658][  0]LogPakFile: PakFile PathHashIndexSize=101
[2022.01.19-17.33.32:658][  0]LogPakFile: PakFile FullDirectoryIndexSize=138
[2022.01.19-17.33.32:658][  0]LogShaderLibrary: Display: ShaderCodeLibraryPakFileMountedCallback: PakFile 'E:/UE4/UE_4.27/FeaturePacks/TP_Puzzle.upack' (chunk index -1, root 'root:/') mounted
[2022.01.19-17.33.32:658][  0]LogShaderLibrary: Display: ShaderCodeLibraryPakFileMountedCallback: pending pak file info (ChunkID:-1 Root:root:/ File:E:/UE4/UE_4.27/FeaturePacks/TP_Puzzle.upack)
[2022.01.19-17.33.32:658][  0]LogPakFile: OnPakFileMounted2Time == 0.000027
[2022.01.19-17.33.32:658][  0]LogPakFile: PakFile PrimaryIndexSize=184
[2022.01.19-17.33.32:658][  0]LogPakFile: PakFile PathHashIndexSize=101
[2022.01.19-17.33.32:658][  0]LogPakFile: PakFile FullDirectoryIndexSize=142
[2022.01.19-17.33.32:658][  0]LogShaderLibrary: Display: ShaderCodeLibraryPakFileMountedCallback: PakFile 'E:/UE4/UE_4.27/FeaturePacks/TP_PuzzleBP.upack' (chunk index -1, root 'root:/') mounted
[2022.01.19-17.33.32:658][  0]LogShaderLibrary: Display: ShaderCodeLibraryPakFileMountedCallback: pending pak file info (ChunkID:-1 Root:root:/ File:E:/UE4/UE_4.27/FeaturePacks/TP_PuzzleBP.upack)
[2022.01.19-17.33.32:658][  0]LogPakFile: OnPakFileMounted2Time == 0.000026
[2022.01.19-17.33.32:658][  0]LogPakFile: PakFile PrimaryIndexSize=183
[2022.01.19-17.33.32:658][  0]LogPakFile: PakFile PathHashIndexSize=101
[2022.01.19-17.33.32:658][  0]LogPakFile: PakFile FullDirectoryIndexSize=140
[2022.01.19-17.33.32:659][  0]LogShaderLibrary: Display: ShaderCodeLibraryPakFileMountedCallback: PakFile 'E:/UE4/UE_4.27/FeaturePacks/TP_Rolling.upack' (chunk index -1, root 'root:/') mounted
[2022.01.19-17.33.32:659][  0]LogShaderLibrary: Display: ShaderCodeLibraryPakFileMountedCallback: pending pak file info (ChunkID:-1 Root:root:/ File:E:/UE4/UE_4.27/FeaturePacks/TP_Rolling.upack)
[2022.01.19-17.33.32:659][  0]LogPakFile: OnPakFileMounted2Time == 0.000027
[2022.01.19-17.33.32:659][  0]LogPakFile: PakFile PrimaryIndexSize=185
[2022.01.19-17.33.32:659][  0]LogPakFile: PakFile PathHashIndexSize=101
[2022.01.19-17.33.32:659][  0]LogPakFile: PakFile FullDirectoryIndexSize=144
[2022.01.19-17.33.32:659][  0]LogShaderLibrary: Display: ShaderCodeLibraryPakFileMountedCallback: PakFile 'E:/UE4/UE_4.27/FeaturePacks/TP_RollingBP.upack' (chunk index -1, root 'root:/') mounted
[2022.01.19-17.33.32:659][  0]LogShaderLibrary: Display: ShaderCodeLibraryPakFileMountedCallback: pending pak file info (ChunkID:-1 Root:root:/ File:E:/UE4/UE_4.27/FeaturePacks/TP_RollingBP.upack)
[2022.01.19-17.33.32:659][  0]LogPakFile: OnPakFileMounted2Time == 0.000025
[2022.01.19-17.33.32:659][  0]LogPakFile: PakFile PrimaryIndexSize=188
[2022.01.19-17.33.32:659][  0]LogPakFile: PakFile PathHashIndexSize=101
[2022.01.19-17.33.32:659][  0]LogPakFile: PakFile FullDirectoryIndexSize=150
[2022.01.19-17.33.32:659][  0]LogShaderLibrary: Display: ShaderCodeLibraryPakFileMountedCallback: PakFile 'E:/UE4/UE_4.27/FeaturePacks/TP_SideScroller.upack' (chunk index -1, root 'root:/') mounted
[2022.01.19-17.33.32:659][  0]LogShaderLibrary: Display: ShaderCodeLibraryPakFileMountedCallback: pending pak file info (ChunkID:-1 Root:root:/ File:E:/UE4/UE_4.27/FeaturePacks/TP_SideScroller.upack)
[2022.01.19-17.33.32:659][  0]LogPakFile: OnPakFileMounted2Time == 0.000026
[2022.01.19-17.33.32:660][  0]LogPakFile: PakFile PrimaryIndexSize=190
[2022.01.19-17.33.32:660][  0]LogPakFile: PakFile PathHashIndexSize=101
[2022.01.19-17.33.32:660][  0]LogPakFile: PakFile FullDirectoryIndexSize=154
[2022.01.19-17.33.32:660][  0]LogShaderLibrary: Display: ShaderCodeLibraryPakFileMountedCallback: PakFile 'E:/UE4/UE_4.27/FeaturePacks/TP_SideScrollerBP.upack' (chunk index -1, root 'root:/') mounted
[2022.01.19-17.33.32:660][  0]LogShaderLibrary: Display: ShaderCodeLibraryPakFileMountedCallback: pending pak file info (ChunkID:-1 Root:root:/ File:E:/UE4/UE_4.27/FeaturePacks/TP_SideScrollerBP.upack)
[2022.01.19-17.33.32:660][  0]LogPakFile: OnPakFileMounted2Time == 0.000025
[2022.01.19-17.33.32:660][  0]LogPakFile: PakFile PrimaryIndexSize=187
[2022.01.19-17.33.32:660][  0]LogPakFile: PakFile PathHashIndexSize=101
[2022.01.19-17.33.32:660][  0]LogPakFile: PakFile FullDirectoryIndexSize=148
[2022.01.19-17.33.32:660][  0]LogShaderLibrary: Display: ShaderCodeLibraryPakFileMountedCallback: PakFile 'E:/UE4/UE_4.27/FeaturePacks/TP_ThirdPerson.upack' (chunk index -1, root 'root:/') mounted
[2022.01.19-17.33.32:660][  0]LogShaderLibrary: Display: ShaderCodeLibraryPakFileMountedCallback: pending pak file info (ChunkID:-1 Root:root:/ File:E:/UE4/UE_4.27/FeaturePacks/TP_ThirdPerson.upack)
[2022.01.19-17.33.32:660][  0]LogPakFile: OnPakFileMounted2Time == 0.000033
[2022.01.19-17.33.32:661][  0]LogPakFile: PakFile PrimaryIndexSize=189
[2022.01.19-17.33.32:661][  0]LogPakFile: PakFile PathHashIndexSize=101
[2022.01.19-17.33.32:661][  0]LogPakFile: PakFile FullDirectoryIndexSize=152
[2022.01.19-17.33.32:661][  0]LogShaderLibrary: Display: ShaderCodeLibraryPakFileMountedCallback: PakFile 'E:/UE4/UE_4.27/FeaturePacks/TP_ThirdPersonBP.upack' (chunk index -1, root 'root:/') mounted
[2022.01.19-17.33.32:661][  0]LogShaderLibrary: Display: ShaderCodeLibraryPakFileMountedCallback: pending pak file info (ChunkID:-1 Root:root:/ File:E:/UE4/UE_4.27/FeaturePacks/TP_ThirdPersonBP.upack)
[2022.01.19-17.33.32:661][  0]LogPakFile: OnPakFileMounted2Time == 0.000026
[2022.01.19-17.33.32:661][  0]LogPakFile: PakFile PrimaryIndexSize=183
[2022.01.19-17.33.32:661][  0]LogPakFile: PakFile PathHashIndexSize=101
[2022.01.19-17.33.32:661][  0]LogPakFile: PakFile FullDirectoryIndexSize=140
[2022.01.19-17.33.32:661][  0]LogShaderLibrary: Display: ShaderCodeLibraryPakFileMountedCallback: PakFile 'E:/UE4/UE_4.27/FeaturePacks/TP_TopDown.upack' (chunk index -1, root 'root:/') mounted
[2022.01.19-17.33.32:661][  0]LogShaderLibrary: Display: ShaderCodeLibraryPakFileMountedCallback: pending pak file info (ChunkID:-1 Root:root:/ File:E:/UE4/UE_4.27/FeaturePacks/TP_TopDown.upack)
[2022.01.19-17.33.32:661][  0]LogPakFile: OnPakFileMounted2Time == 0.000036
[2022.01.19-17.33.32:662][  0]LogPakFile: PakFile PrimaryIndexSize=185
[2022.01.19-17.33.32:662][  0]LogPakFile: PakFile PathHashIndexSize=101
[2022.01.19-17.33.32:662][  0]LogPakFile: PakFile FullDirectoryIndexSize=144
[2022.01.19-17.33.32:662][  0]LogShaderLibrary: Display: ShaderCodeLibraryPakFileMountedCallback: PakFile 'E:/UE4/UE_4.27/FeaturePacks/TP_TopDownBP.upack' (chunk index -1, root 'root:/') mounted
[2022.01.19-17.33.32:662][  0]LogShaderLibrary: Display: ShaderCodeLibraryPakFileMountedCallback: pending pak file info (ChunkID:-1 Root:root:/ File:E:/UE4/UE_4.27/FeaturePacks/TP_TopDownBP.upack)
[2022.01.19-17.33.32:662][  0]LogPakFile: OnPakFileMounted2Time == 0.000026
[2022.01.19-17.33.32:662][  0]LogPakFile: PakFile PrimaryIndexSize=185
[2022.01.19-17.33.32:662][  0]LogPakFile: PakFile PathHashIndexSize=101
[2022.01.19-17.33.32:662][  0]LogPakFile: PakFile FullDirectoryIndexSize=144
[2022.01.19-17.33.32:662][  0]LogShaderLibrary: Display: ShaderCodeLibraryPakFileMountedCallback: PakFile 'E:/UE4/UE_4.27/FeaturePacks/TP_TwinStick.upack' (chunk index -1, root 'root:/') mounted
[2022.01.19-17.33.32:662][  0]LogShaderLibrary: Display: ShaderCodeLibraryPakFileMountedCallback: pending pak file info (ChunkID:-1 Root:root:/ File:E:/UE4/UE_4.27/FeaturePacks/TP_TwinStick.upack)
[2022.01.19-17.33.32:662][  0]LogPakFile: OnPakFileMounted2Time == 0.000037
[2022.01.19-17.33.32:662][  0]LogPakFile: PakFile PrimaryIndexSize=187
[2022.01.19-17.33.32:662][  0]LogPakFile: PakFile PathHashIndexSize=101
[2022.01.19-17.33.32:662][  0]LogPakFile: PakFile FullDirectoryIndexSize=148
[2022.01.19-17.33.32:662][  0]LogShaderLibrary: Display: ShaderCodeLibraryPakFileMountedCallback: PakFile 'E:/UE4/UE_4.27/FeaturePacks/TP_TwinStickBP.upack' (chunk index -1, root 'root:/') mounted
[2022.01.19-17.33.32:662][  0]LogShaderLibrary: Display: ShaderCodeLibraryPakFileMountedCallback: pending pak file info (ChunkID:-1 Root:root:/ File:E:/UE4/UE_4.27/FeaturePacks/TP_TwinStickBP.upack)
[2022.01.19-17.33.32:662][  0]LogPakFile: OnPakFileMounted2Time == 0.000026
[2022.01.19-17.33.32:663][  0]LogPakFile: PakFile PrimaryIndexSize=183
[2022.01.19-17.33.32:663][  0]LogPakFile: PakFile PathHashIndexSize=101
[2022.01.19-17.33.32:663][  0]LogPakFile: PakFile FullDirectoryIndexSize=140
[2022.01.19-17.33.32:663][  0]LogShaderLibrary: Display: ShaderCodeLibraryPakFileMountedCallback: PakFile 'E:/UE4/UE_4.27/FeaturePacks/TP_Vehicle.upack' (chunk index -1, root 'root:/') mounted
[2022.01.19-17.33.32:663][  0]LogShaderLibrary: Display: ShaderCodeLibraryPakFileMountedCallback: pending pak file info (ChunkID:-1 Root:root:/ File:E:/UE4/UE_4.27/FeaturePacks/TP_Vehicle.upack)
[2022.01.19-17.33.32:663][  0]LogPakFile: OnPakFileMounted2Time == 0.000029
[2022.01.19-17.33.32:663][  0]LogPakFile: PakFile PrimaryIndexSize=186
[2022.01.19-17.33.32:663][  0]LogPakFile: PakFile PathHashIndexSize=101
[2022.01.19-17.33.32:663][  0]LogPakFile: PakFile FullDirectoryIndexSize=146
[2022.01.19-17.33.32:663][  0]LogShaderLibrary: Display: ShaderCodeLibraryPakFileMountedCallback: PakFile 'E:/UE4/UE_4.27/FeaturePacks/TP_VehicleAdv.upack' (chunk index -1, root 'root:/') mounted
[2022.01.19-17.33.32:663][  0]LogShaderLibrary: Display: ShaderCodeLibraryPakFileMountedCallback: pending pak file info (ChunkID:-1 Root:root:/ File:E:/UE4/UE_4.27/FeaturePacks/TP_VehicleAdv.upack)
[2022.01.19-17.33.32:663][  0]LogPakFile: OnPakFileMounted2Time == 0.000026
[2022.01.19-17.33.32:664][  0]LogPakFile: PakFile PrimaryIndexSize=188
[2022.01.19-17.33.32:664][  0]LogPakFile: PakFile PathHashIndexSize=101
[2022.01.19-17.33.32:664][  0]LogPakFile: PakFile FullDirectoryIndexSize=150
[2022.01.19-17.33.32:664][  0]LogShaderLibrary: Display: ShaderCodeLibraryPakFileMountedCallback: PakFile 'E:/UE4/UE_4.27/FeaturePacks/TP_VehicleAdvBP.upack' (chunk index -1, root 'root:/') mounted
[2022.01.19-17.33.32:664][  0]LogShaderLibrary: Display: ShaderCodeLibraryPakFileMountedCallback: pending pak file info (ChunkID:-1 Root:root:/ File:E:/UE4/UE_4.27/FeaturePacks/TP_VehicleAdvBP.upack)
[2022.01.19-17.33.32:664][  0]LogPakFile: OnPakFileMounted2Time == 0.000028
[2022.01.19-17.33.32:664][  0]LogPakFile: PakFile PrimaryIndexSize=185
[2022.01.19-17.33.32:664][  0]LogPakFile: PakFile PathHashIndexSize=101
[2022.01.19-17.33.32:664][  0]LogPakFile: PakFile FullDirectoryIndexSize=144
[2022.01.19-17.33.32:664][  0]LogShaderLibrary: Display: ShaderCodeLibraryPakFileMountedCallback: PakFile 'E:/UE4/UE_4.27/FeaturePacks/TP_VehicleBP.upack' (chunk index -1, root 'root:/') mounted
[2022.01.19-17.33.32:664][  0]LogShaderLibrary: Display: ShaderCodeLibraryPakFileMountedCallback: pending pak file info (ChunkID:-1 Root:root:/ File:E:/UE4/UE_4.27/FeaturePacks/TP_VehicleBP.upack)
[2022.01.19-17.33.32:664][  0]LogPakFile: OnPakFileMounted2Time == 0.000025
[2022.01.19-17.33.32:664][  0]LogPakFile: PakFile PrimaryIndexSize=192
[2022.01.19-17.33.32:664][  0]LogPakFile: PakFile PathHashIndexSize=101
[2022.01.19-17.33.32:664][  0]LogPakFile: PakFile FullDirectoryIndexSize=158
[2022.01.19-17.33.32:665][  0]LogShaderLibrary: Display: ShaderCodeLibraryPakFileMountedCallback: PakFile 'E:/UE4/UE_4.27/FeaturePacks/TP_VirtualRealityBP.upack' (chunk index -1, root 'root:/') mounted
[2022.01.19-17.33.32:665][  0]LogShaderLibrary: Display: ShaderCodeLibraryPakFileMountedCallback: pending pak file info (ChunkID:-1 Root:root:/ File:E:/UE4/UE_4.27/FeaturePacks/TP_VirtualRealityBP.upack)
[2022.01.19-17.33.32:665][  0]LogPakFile: OnPakFileMounted2Time == 0.000027
[2022.01.19-17.33.32:695][  0]LogNativeClassHierarchy: Verbose: Native class hierarchy updated for 'AddContentDialog' in 0.0003 seconds. Added 0 classes and 0 folders.
[2022.01.19-17.33.32:700][  0]LogNativeClassHierarchy: Verbose: Native class hierarchy updated for 'SceneOutliner' in 0.0003 seconds. Added 2 classes and 0 folders.
[2022.01.19-17.33.32:807][  0]LogSlate: Took 0.000138 seconds to synchronously load lazily loaded font '../../../Engine/Content/Slate/Fonts/Roboto-Regular.ttf' (155K)
[2022.01.19-17.33.32:808][  0]LogSlate: Took 0.000199 seconds to synchronously load lazily loaded font '../../../Engine/Content/Editor/Slate/Fonts/FontAwesome.ttf' (139K)
[2022.01.19-17.33.32:809][  0]LogSlate: Took 0.000177 seconds to synchronously load lazily loaded font '../../../Engine/Content/Slate/Fonts/Roboto-Bold.ttf' (160K)
[2022.01.19-17.33.32:884][  0]LogRenderer: Reallocating scene render targets to support 1208x572 Format 10 NumSamples 1 (Frame:1).
[2022.01.19-17.33.32:934][  0]LogSlate: Took 0.000133 seconds to synchronously load lazily loaded font '../../../Engine/Content/Slate/Fonts/Roboto-Light.ttf' (167K)
[2022.01.19-17.33.33:024][  0]LogNativeClassHierarchy: Verbose: Native class hierarchy updated for 'HierarchicalLODOutliner' in 0.0004 seconds. Added 0 classes and 0 folders.
[2022.01.19-17.33.33:024][  0]LogLoad: (Engine Initialization) Total time: 7.09 seconds
[2022.01.19-17.33.33:024][  0]LogLoad: (Engine Initialization) Total Blueprint compile time: 0.00 seconds
[2022.01.19-17.33.33:091][  0]LogAssetRegistry: Asset discovery search completed in 4.2795 seconds
[2022.01.19-17.33.33:099][  0]LogCollectionManager: Fixed up redirectors for 0 collections in 0.000008 seconds (updated 0 objects)
[2022.01.19-17.33.33:102][  0]LogContentStreaming: Texture pool size now 1000 MB
[2022.01.19-17.33.34:053][ 53]LogSlate: Took 0.000301 seconds to synchronously load lazily loaded font '../../../Engine/Content/Slate/Fonts/Roboto-Light.ttf' (167K)
[2022.01.19-17.50.48:191][571]LogAssetEditorSubsystem: Opening Asset editor for SkeletalMesh /Game/Assets/Meshes/SK_ak.SK_ak
[2022.01.19-17.50.48:197][571]LogNativeClassHierarchy: Verbose: Native class hierarchy updated for 'SkeletonEditor' in 0.0003 seconds. Added 1 classes and 2 folders.
[2022.01.19-17.50.48:206][571]LogTexture: Default maximum texture size for cubemaps generated from long-lat sources has been changed from 512 to unlimited. In order to preserve old behaiour for '/Engine/EditorMaterials/AssetViewer/EpicQuadPanorama_CC+EV1.EpicQuadPanorama_CC+EV1', its maximum texture size has been explicitly set to 512.
[2022.01.19-17.50.48:275][571]LogTexture: Default maximum texture size for cubemaps generated from long-lat sources has been changed from 512 to unlimited. In order to preserve old behaiour for '/Engine/MapTemplates/Sky/SunsetAmbientCubemap.SunsetAmbientCubemap', its maximum texture size has been explicitly set to 512.
[2022.01.19-17.50.48:349][571]LogActorComponent: RegisterComponentWithWorld: (/Engine/Transient.World_2:PersistentLevel.AnimationEditorPreviewActor_0.DebugSkelMeshComponent_0) Already registered. Aborting.
[2022.01.19-17.50.48:352][571]LogNativeClassHierarchy: Verbose: Native class hierarchy updated for 'PinnedCommandList' in 0.0003 seconds. Added 1 classes and 0 folders.
[2022.01.19-17.50.48:676][571]LogSlate: Took 0.000145 seconds to synchronously load lazily loaded font '../../../Engine/Content/Slate/Fonts/Roboto-Italic.ttf' (157K)
[2022.01.19-17.50.48:699][571]LogRenderer: Reallocating scene render targets to support 1208x884 Format 10 NumSamples 1 (Frame:1).
[2022.01.19-17.50.51:067][673]LogAssetEditorSubsystem: Opening Asset editor for Skeleton /Game/Assets/Meshes/SK_ak_Skeleton.SK_ak_Skeleton
[2022.01.19-17.50.51:075][673]LogActorComponent: RegisterComponentWithWorld: (/Engine/Transient.World_3:PersistentLevel.AnimationEditorPreviewActor_0.DebugSkelMeshComponent_0) Already registered. Aborting.
[2022.01.19-17.51.25:375][234]LogWindowsTextInputMethodSystem: Display: IME system deactivated.
[2022.01.19-17.51.25:375][234]LogWindowsTextInputMethodSystem: Display: IME system deactivated.
[2022.01.19-17.51.54:344][636]Cmd: OBJ SAVEPACKAGE PACKAGE="/Game/Assets/Meshes/SK_ak_Skeleton" FILE="../../../../Projects/WargamingAcademy/Cyberpunk2022/Content/Assets/Meshes/SK_ak_Skeleton.uasset" SILENT=true
[2022.01.19-17.51.54:345][636]LogSavePackage: Moving '../../../../Projects/WargamingAcademy/Cyberpunk2022/Saved/SK_ak_SkeletonAFFB71DB47059135CDB6BCA89FA2EC3E.tmp' to '../../../../Projects/WargamingAcademy/Cyberpunk2022/Content/Assets/Meshes/SK_ak_Skeleton.uasset'
[2022.01.19-17.51.54:384][636]AssetCheck: New page: Asset Save: SK_ak_Skeleton
[2022.01.19-17.51.54:385][636]LogContentValidation: Display: Validating Skeleton /Game/Assets/Meshes/SK_ak_Skeleton.SK_ak_Skeleton
[2022.01.19-17.53.25:012][655]Cmd: OBJ SAVEPACKAGE PACKAGE="/Game/Assets/Meshes/SK_ak_Skeleton" FILE="../../../../Projects/WargamingAcademy/Cyberpunk2022/Content/Assets/Meshes/SK_ak_Skeleton.uasset" SILENT=true
[2022.01.19-17.53.25:013][655]LogSavePackage: Moving '../../../../Projects/WargamingAcademy/Cyberpunk2022/Saved/SK_ak_Skeleton8F07AC2F40A53B77379242B5FA603E0E.tmp' to '../../../../Projects/WargamingAcademy/Cyberpunk2022/Content/Assets/Meshes/SK_ak_Skeleton.uasset'
[2022.01.19-17.53.25:055][655]AssetCheck: New page: Asset Save: SK_ak_Skeleton
[2022.01.19-17.53.25:055][655]LogContentValidation: Display: Validating Skeleton /Game/Assets/Meshes/SK_ak_Skeleton.SK_ak_Skeleton
[2022.01.19-17.53.47:970][377]Cmd: OBJ SAVEPACKAGE PACKAGE="/Game/Assets/Meshes/SK_ak_Skeleton" FILE="../../../../Projects/WargamingAcademy/Cyberpunk2022/Content/Assets/Meshes/SK_ak_Skeleton.uasset" SILENT=true
[2022.01.19-17.53.47:971][377]LogSavePackage: Moving '../../../../Projects/WargamingAcademy/Cyberpunk2022/Saved/SK_ak_SkeletonB38F9FE747CCF132051C6FAA83BD79CA.tmp' to '../../../../Projects/WargamingAcademy/Cyberpunk2022/Content/Assets/Meshes/SK_ak_Skeleton.uasset'
[2022.01.19-17.53.48:012][377]AssetCheck: New page: Asset Save: SK_ak_Skeleton
[2022.01.19-17.53.48:012][377]LogContentValidation: Display: Validating Skeleton /Game/Assets/Meshes/SK_ak_Skeleton.SK_ak_Skeleton
[2022.01.19-17.58.22:329][445]LogAudioMixer: Resetting audio stream to device id 
[2022.01.19-17.58.22:350][445]LogAudioMixer: Display: 0: FrontLeft
[2022.01.19-17.58.22:351][445]LogAudioMixer: Display: 1: FrontRight
[2022.01.19-18.57.30:837][449]LogAudioMixer: Resetting audio stream to device id 
[2022.01.19-18.57.31:001][449]LogAudioMixer: Display: 0: FrontLeft
[2022.01.19-18.57.31:001][449]LogAudioMixer: Display: 1: FrontRight
[2022.01.19-18.57.32:209][454]LogHttp: Warning: 000001D09D75F900: invalid HTTP response code received. URL: https://datarouter.ol.epicgames.com/datarouter/api/v1/public/data?SessionID=%7B106961AF-4A28-2B69-05CB-35A004266C6D%7D&AppID=UEEditor.Rocket.Release&AppVersion=4.27.2-18319896%2B%2B%2BUE4%2BRelease-4.27&UserID=ac749111459cccf582b8d59faaa4a510%7C81cb3e3797f44295ae2b7a0e1aaaaef0%7Cf34e9962-8973-49c7-86e5-4d54107bdf72&AppEnvironment=datacollector-binary&UploadType=eteventstream, HTTP code: 0, content length: 0, actual payload size: 0
[2022.01.19-18.57.32:209][454]LogHttp: Warning: 000001D09D75F900: request failed, libcurl error: 6 (Couldn't resolve host name)
[2022.01.19-18.57.32:209][454]LogHttp: Warning: 000001D09D75F900: libcurl info message cache 0 (Found bundle for host datarouter.ol.epicgames.com: 0x1d062edfeb0 [can pipeline])
[2022.01.19-18.57.32:209][454]LogHttp: Warning: 000001D09D75F900: libcurl info message cache 1 (Hostname in DNS cache was stale, zapped)
[2022.01.19-18.57.32:209][454]LogHttp: Warning: 000001D09D75F900: libcurl info message cache 2 (Could not resolve host: datarouter.ol.epicgames.com)
[2022.01.19-18.57.32:209][454]LogHttp: Warning: 000001D09D75F900: libcurl info message cache 3 (Closing connection 1)
[2022.01.19-18.57.32:210][454]LogHttp: Warning: Retry exhausted on https://datarouter.ol.epicgames.com/datarouter/api/v1/public/data?SessionID=%7B106961AF-4A28-2B69-05CB-35A004266C6D%7D&AppID=UEEditor.Rocket.Release&AppVersion=4.27.2-18319896%2B%2B%2BUE4%2BRelease-4.27&UserID=ac749111459cccf582b8d59faaa4a510%7C81cb3e3797f44295ae2b7a0e1aaaaef0%7Cf34e9962-8973-49c7-86e5-4d54107bdf72&AppEnvironment=datacollector-binary&UploadType=eteventstream
[2022.01.19-18.57.53:412][517]LogHttp: Warning: 000001D09D75E400: invalid HTTP response code received. URL: https://datarouter.ol.epicgames.com/datarouter/api/v1/public/data?SessionID=%7B106961AF-4A28-2B69-05CB-35A004266C6D%7D&AppID=UEEditor.Rocket.Release&AppVersion=4.27.2-18319896%2B%2B%2BUE4%2BRelease-4.27&UserID=ac749111459cccf582b8d59faaa4a510%7C81cb3e3797f44295ae2b7a0e1aaaaef0%7Cf34e9962-8973-49c7-86e5-4d54107bdf72&AppEnvironment=datacollector-binary&UploadType=eteventstream, HTTP code: 0, content length: 0, actual payload size: 0
[2022.01.19-18.57.53:412][517]LogHttp: Warning: 000001D09D75E400: request failed, libcurl error: 56 (Failure when receiving data from the peer)
[2022.01.19-18.57.53:412][517]LogHttp: Warning: 000001D09D75E400: libcurl info message cache 0 (Found bundle for host datarouter.ol.epicgames.com: 0x1d062edfeb0 [can pipeline])
[2022.01.19-18.57.53:412][517]LogHttp: Warning: 000001D09D75E400: libcurl info message cache 1 (Re-using existing connection! (#0) with host datarouter.ol.epicgames.com)
[2022.01.19-18.57.53:412][517]LogHttp: Warning: 000001D09D75E400: libcurl info message cache 2 (Connected to datarouter.ol.epicgames.com (35.170.143.176) port 443 (#0))
[2022.01.19-18.57.53:412][517]LogHttp: Warning: 000001D09D75E400: libcurl info message cache 3 (We are completely uploaded and fine)
[2022.01.19-18.57.53:412][517]LogHttp: Warning: 000001D09D75E400: libcurl info message cache 4 (OpenSSL SSL_read: SSL_ERROR_SYSCALL, errno 10054)
[2022.01.19-18.57.53:412][517]LogHttp: Warning: 000001D09D75E400: libcurl info message cache 5 (Connection died, retrying a fresh connect)
[2022.01.19-18.57.53:412][517]LogHttp: Warning: 000001D09D75E400: libcurl info message cache 6 (necessary data rewind wasn't possible)
[2022.01.19-18.57.53:412][517]LogHttp: Warning: 000001D09D75E400: libcurl info message cache 7 (Closing connection 0)
[2022.01.19-18.57.53:748][518]LogHttp: Warning: Retry exhausted on https://datarouter.ol.epicgames.com/datarouter/api/v1/public/data?SessionID=%7B106961AF-4A28-2B69-05CB-35A004266C6D%7D&AppID=UEEditor.Rocket.Release&AppVersion=4.27.2-18319896%2B%2B%2BUE4%2BRelease-4.27&UserID=ac749111459cccf582b8d59faaa4a510%7C81cb3e3797f44295ae2b7a0e1aaaaef0%7Cf34e9962-8973-49c7-86e5-4d54107bdf72&AppEnvironment=datacollector-binary&UploadType=eteventstream
