Log file open, 02/13/22 17:25:01
LogWindows: Failed to load 'aqProf.dll' (GetLastError=126)
LogWindows: File 'aqProf.dll' does not exist
LogWindows: Failed to load 'VtuneApi.dll' (GetLastError=126)
LogWindows: File 'VtuneApi.dll' does not exist
LogWindows: Failed to load 'VtuneApi32e.dll' (GetLastError=126)
LogWindows: File 'VtuneApi32e.dll' does not exist
LogConsoleResponse: Display: Failed to find resolution value strings in scalability ini. Falling back to default.
LogConsoleResponse: Display: Failed to find resolution value strings in scalability ini. Falling back to default.
LogInit: Display: Running engine for game: Cyberpunk2022
LogPlatformFile: Not using cached read wrapper
LogTaskGraph: Started task graph with 5 named threads and 35 total threads with 3 sets of task threads.
LogStats: Stats thread started at 0.305843
LogICUInternationalization: ICU TimeZone Detection - Raw Offset: +3:00, Platform Override: ''
LogInit: Display: Loading text-based GConfig....
LogPluginManager: Mounting plugin MeshPainting
LogPluginManager: Mounting plugin XGEController
LogPluginManager: Mounting plugin Paper2D
LogPluginManager: Mounting plugin LiveLink
LogPluginManager: Mounting plugin AISupport
LogPluginManager: Mounting plugin EnvironmentQueryEditor
LogPluginManager: Mounting plugin LightPropagationVolume
LogPluginManager: Mounting plugin CameraShakePreviewer
LogPluginManager: Mounting plugin GameplayCameras
LogPluginManager: Mounting plugin AnimationSharing
LogPluginManager: Mounting plugin AssetManagerEditor
LogPluginManager: Mounting plugin CLionSourceCodeAccess
LogPluginManager: Mounting plugin CodeLiteSourceCodeAccess
LogPluginManager: Mounting plugin GitSourceControl
LogPluginManager: Mounting plugin KDevelopSourceCodeAccess
LogPluginManager: Mounting plugin NullSourceCodeAccess
LogPluginManager: Mounting plugin PlasticSourceControl
LogPluginManager: Mounting plugin PropertyAccessNode
LogPluginManager: Mounting plugin PluginUtils
LogPluginManager: Mounting plugin PerforceSourceControl
LogPluginManager: Mounting plugin PixWinPlugin
LogPluginManager: Mounting plugin RiderSourceCodeAccess
LogPluginManager: Mounting plugin TextureFormatOodle
LogPluginManager: Mounting plugin SubversionSourceControl
LogPluginManager: Mounting plugin UObjectPlugin
LogPluginManager: Mounting plugin VisualStudioCodeSourceCodeAccess
LogPluginManager: Mounting plugin VisualStudioSourceCodeAccess
LogPluginManager: Mounting plugin XCodeSourceCodeAccess
LogPluginManager: Mounting plugin DatasmithContent
LogPluginManager: Mounting plugin VariantManagerContent
LogPluginManager: Mounting plugin Niagara
LogPluginManager: Mounting plugin LuminPlatformFeatures
LogPluginManager: Mounting plugin MagicLeap
LogPluginManager: Mounting plugin MagicLeapLightEstimation
LogPluginManager: Mounting plugin MagicLeapMedia
LogPluginManager: Mounting plugin AutomationUtils
LogPluginManager: Mounting plugin BackChannel
LogPluginManager: Mounting plugin AlembicImporter
LogPluginManager: Mounting plugin ChaosCloth
LogPluginManager: Mounting plugin MagicLeapPassableWorld
LogPluginManager: Mounting plugin ChaosClothEditor
LogPluginManager: Mounting plugin ChaosNiagara
LogPluginManager: Mounting plugin ChaosEditor
LogPluginManager: Mounting plugin ChaosSolverPlugin
LogPluginManager: Mounting plugin AndroidMedia
LogPluginManager: Mounting plugin AvfMedia
LogPluginManager: Mounting plugin CharacterAI
LogPluginManager: Mounting plugin MLSDK
LogPluginManager: Mounting plugin ImgMedia
LogPluginManager: Mounting plugin GeometryCache
LogPluginManager: Mounting plugin GeometryCollectionPlugin
LogPluginManager: Mounting plugin MediaCompositing
LogPluginManager: Mounting plugin MediaPlayerEditor
LogPluginManager: Mounting plugin WebMMedia
LogPluginManager: Mounting plugin WmfMedia
LogPluginManager: Mounting plugin GeometryProcessing
LogPluginManager: Mounting plugin MotoSynth
LogPluginManager: Mounting plugin OpenImageDenoise
LogPluginManager: Mounting plugin PlanarCut
LogPluginManager: Mounting plugin PlatformCrypto
LogPluginManager: Mounting plugin ProxyLODPlugin
LogPluginManager: Mounting plugin PythonScriptPlugin
LogPluginManager: Mounting plugin SkeletalReduction
LogPluginManager: Mounting plugin UdpMessaging
LogPluginManager: Mounting plugin ActorSequence
LogPluginManager: Mounting plugin TcpMessaging
LogPluginManager: Mounting plugin LevelSequenceEditor
LogPluginManager: Mounting plugin MatineeToLevelSequence
LogPluginManager: Mounting plugin TemplateSequence
LogPluginManager: Mounting plugin OnlineSubsystemNull
LogPluginManager: Mounting plugin OnlineSubsystem
LogPluginManager: Mounting plugin OnlineSubsystemUtils
LogPluginManager: Mounting plugin LauncherChunkInstaller
LogPluginManager: Mounting plugin ActorLayerUtilities
LogPluginManager: Mounting plugin AndroidMoviePlayer
LogPluginManager: Mounting plugin AndroidDeviceProfileSelector
LogPluginManager: Mounting plugin AndroidPermission
LogPluginManager: Mounting plugin AppleMoviePlayer
LogPluginManager: Mounting plugin ArchVisCharacter
LogPluginManager: Mounting plugin AudioCapture
LogPluginManager: Mounting plugin AssetTags
LogPluginManager: Mounting plugin CableComponent
LogPluginManager: Mounting plugin AudioSynesthesia
LogPluginManager: Mounting plugin ChunkDownloader
LogPluginManager: Mounting plugin CustomMeshComponent
LogPluginManager: Mounting plugin EditableMesh
LogPluginManager: Mounting plugin ExampleDeviceProfileSelector
LogPluginManager: Mounting plugin GoogleCloudMessaging
LogPluginManager: Mounting plugin GooglePAD
LogPluginManager: Mounting plugin LinuxDeviceProfileSelector
LogPluginManager: Mounting plugin IOSDeviceProfileSelector
LogPluginManager: Mounting plugin LocationServicesBPLibrary
LogPluginManager: Mounting plugin ScreenshotTools
LogPluginManager: Mounting plugin MobilePatchingUtils
LogPluginManager: Mounting plugin OpenXR
LogPluginManager: Mounting plugin OpenXREyeTracker
LogPluginManager: Mounting plugin OpenXRHandTracking
LogPluginManager: Mounting plugin PhysXVehicles
LogPluginManager: Mounting plugin AppleImageUtils
LogPluginManager: Mounting plugin Takes
LogPluginManager: Mounting plugin PostSplashScreen
LogPluginManager: Mounting plugin ProceduralMeshComponent
LogPluginManager: Mounting plugin PropertyAccessEditor
LogPluginManager: Mounting plugin RuntimePhysXCooking
LogPluginManager: Mounting plugin SoundFields
LogPluginManager: Mounting plugin SignificanceManager
LogPluginManager: Mounting plugin Synthesis
LogPluginManager: Mounting plugin WebMMoviePlayer
LogPluginManager: Mounting plugin OodleData
LogPluginManager: Mounting plugin WindowsMoviePlayer
LogPluginManager: Mounting plugin CryptoKeys
LogPluginManager: Mounting plugin OodleNetwork
LogPluginManager: Mounting plugin CurveEditorTools
LogPluginManager: Mounting plugin DataValidation
LogPluginManager: Mounting plugin GameplayTagsEditor
LogPluginManager: Mounting plugin FacialAnimation
LogPluginManager: Mounting plugin MaterialAnalyzer
LogPluginManager: Mounting plugin MacGraphicsSwitching
LogPluginManager: Mounting plugin MobileLauncherProfileWizard
LogPluginManager: Mounting plugin PluginBrowser
LogPluginManager: Mounting plugin GeometryMode
LogPluginManager: Mounting plugin SpeedTreeImporter
LogPluginManager: Mounting plugin OnlineSubsystemGooglePlay
LogPluginManager: Mounting plugin OnlineSubsystemIOS
LogPluginManager: Mounting plugin OculusVR
LogPluginManager: Mounting plugin SteamVR
LogPluginManager: Mounting plugin ContentBrowserFileDataSource
LogPluginManager: Mounting plugin ContentBrowserClassDataSource
LogPluginManager: Mounting plugin ContentBrowserAssetDataSource
PixWinPlugin: PIX capture plugin failed to initialize! Check that the process is launched from PIX.
LogInit: Using libcurl 7.55.1-DEV
LogInit:  - built for x86_64-pc-win32
LogInit:  - supports SSL with OpenSSL/1.1.1
LogInit:  - supports HTTP deflate (compression) using libz 1.2.8
LogInit:  - other features:
LogInit:      CURL_VERSION_SSL
LogInit:      CURL_VERSION_LIBZ
LogInit:      CURL_VERSION_IPV6
LogInit:      CURL_VERSION_ASYNCHDNS
LogInit:      CURL_VERSION_LARGEFILE
LogInit:      CURL_VERSION_IDN
LogInit:  CurlRequestOptions (configurable via config and command line):
LogInit:  - bVerifyPeer = true  - Libcurl will verify peer certificate
LogInit:  - bUseHttpProxy = false  - Libcurl will NOT use HTTP proxy
LogInit:  - bDontReuseConnections = false  - Libcurl will reuse connections
LogInit:  - MaxHostConnections = 16  - Libcurl will limit the number of connections to a host
LogInit:  - LocalHostAddr = Default
LogInit:  - BufferSize = 65536
LogOnline: OSS: Creating online subsystem instance for: NULL
LogInit: WinSock: version 1.1 (2.2), MaxSocks=32767, MaxUdp=65467
LogOnline: OSS: TryLoadSubsystemAndSetDefault: Loaded subsystem for module [NULL]
LogOculusPluginWrapper: OculusPlugin initialized successfully
LogHMD: Failed initializing OVRPlugin 1.59.0
LogInit: Build: ++UE4+Release-4.27-CL-18319896
LogInit: Engine Version: 4.27.2-18319896+++UE4+Release-4.27
LogInit: Compatible Engine Version: 4.27.0-17155196+++UE4+Release-4.27
LogInit: Net CL: 17155196
LogInit: OS: Windows 10 (Release 2009) (), CPU: AMD Ryzen 5 5600H with Radeon Graphics         , GPU: AMD Radeon(TM) Graphics
LogInit: Compiled (64-bit): Nov 30 2021 07:12:08
LogInit: Compiled with Visual C++: 19.24.28315.00
LogInit: Build Configuration: Development
LogInit: Branch Name: ++UE4+Release-4.27
LogInit: Command Line:  -skipcompile
LogInit: Base Directory: E:/UE4/UE_4.27/Engine/Binaries/Win64/
LogInit: Allocator: TBB
LogInit: Installed Engine Build: 1
LogDevObjectVersion: Number of dev versions registered: 29
LogDevObjectVersion:   Dev-Blueprints (B0D832E4-1F89-4F0D-ACCF-7EB736FD4AA2): 10
LogDevObjectVersion:   Dev-Build (E1C64328-A22C-4D53-A36C-8E866417BD8C): 0
LogDevObjectVersion:   Dev-Core (375EC13C-06E4-48FB-B500-84F0262A717E): 4
LogDevObjectVersion:   Dev-Editor (E4B068ED-F494-42E9-A231-DA0B2E46BB41): 40
LogDevObjectVersion:   Dev-Framework (CFFC743F-43B0-4480-9391-14DF171D2073): 37
LogDevObjectVersion:   Dev-Mobile (B02B49B5-BB20-44E9-A304-32B752E40360): 3
LogDevObjectVersion:   Dev-Networking (A4E4105C-59A1-49B5-A7C5-40C4547EDFEE): 0
LogDevObjectVersion:   Dev-Online (39C831C9-5AE6-47DC-9A44-9C173E1C8E7C): 0
LogDevObjectVersion:   Dev-Physics (78F01B33-EBEA-4F98-B9B4-84EACCB95AA2): 14
LogDevObjectVersion:   Dev-Platform (6631380F-2D4D-43E0-8009-CF276956A95A): 0
LogDevObjectVersion:   Dev-Rendering (12F88B9F-8875-4AFC-A67C-D90C383ABD29): 45
LogDevObjectVersion:   Dev-Sequencer (7B5AE74C-D270-4C10-A958-57980B212A5A): 13
LogDevObjectVersion:   Dev-VR (D7296918-1DD6-4BDD-9DE2-64A83CC13884): 3
LogDevObjectVersion:   Dev-LoadTimes (C2A15278-BFE7-4AFE-6C17-90FF531DF755): 1
LogDevObjectVersion:   Private-Geometry (6EACA3D4-40EC-4CC1-B786-8BED09428FC5): 3
LogDevObjectVersion:   Dev-AnimPhys (29E575DD-E0A3-4627-9D10-D276232CDCEA): 17
LogDevObjectVersion:   Dev-Anim (AF43A65D-7FD3-4947-9873-3E8ED9C1BB05): 15
LogDevObjectVersion:   Dev-ReflectionCapture (6B266CEC-1EC7-4B8F-A30B-E4D90942FC07): 1
LogDevObjectVersion:   Dev-Automation (0DF73D61-A23F-47EA-B727-89E90C41499A): 1
LogDevObjectVersion:   FortniteMain (601D1886-AC64-4F84-AA16-D3DE0DEAC7D6): 47
LogDevObjectVersion:   FortniteRelease (E7086368-6B23-4C58-8439-1B7016265E91): 1
LogDevObjectVersion:   Dev-Enterprise (9DFFBCD6-494F-0158-E221-12823C92A888): 10
LogDevObjectVersion:   Dev-Niagara (F2AED0AC-9AFE-416F-8664-AA7FFA26D6FC): 1
LogDevObjectVersion:   Dev-Destruction (174F1F0B-B4C6-45A5-B13F-2EE8D0FB917D): 10
LogDevObjectVersion:   Dev-Physics-Ext (35F94A83-E258-406C-A318-09F59610247C): 41
LogDevObjectVersion:   Dev-PhysicsMaterial-Chaos (B68FC16E-8B1B-42E2-B453-215C058844FE): 1
LogDevObjectVersion:   Dev-CineCamera (B2E18506-4273-CFC2-A54E-F4BB758BBA07): 1
LogDevObjectVersion:   Dev-VirtualProduction (64F58936-FD1B-42BA-BA96-7289D5D0FA4E): 1
LogDevObjectVersion:   Dev-MediaFramework (6F0ED827-A609-4895-9C91-998D90180EA4): 2
LogInit: Presizing for max 25165824 objects, including 0 objects not considered by GC, pre-allocating 0 bytes for permanent pool.
LogConfig: Applying CVar settings from Section [/Script/Engine.StreamingSettings] File [E:/UE4/Projects/WargamingAcademy/Cyberpunk2022/Saved/Config/Windows/Engine.ini]
LogConfig: Setting CVar [[s.MinBulkDataSizeForAsyncLoading:131072]]
LogConfig: Setting CVar [[s.AsyncLoadingThreadEnabled:0]]
LogConfig: Setting CVar [[s.EventDrivenLoaderEnabled:1]]
LogConfig: Setting CVar [[s.WarnIfTimeLimitExceeded:0]]
LogConfig: Setting CVar [[s.TimeLimitExceededMultiplier:1.5]]
LogConfig: Setting CVar [[s.TimeLimitExceededMinTime:0.005]]
LogConfig: Setting CVar [[s.UseBackgroundLevelStreaming:1]]
LogConfig: Setting CVar [[s.PriorityAsyncLoadingExtraTime:15.0]]
LogConfig: Setting CVar [[s.LevelStreamingActorsUpdateTimeLimit:5.0]]
LogConfig: Setting CVar [[s.PriorityLevelStreamingActorsUpdateExtraTime:5.0]]
LogConfig: Setting CVar [[s.LevelStreamingComponentsRegistrationGranularity:10]]
LogConfig: Setting CVar [[s.UnregisterComponentsTimeLimit:1.0]]
LogConfig: Setting CVar [[s.LevelStreamingComponentsUnregistrationGranularity:5]]
LogConfig: Setting CVar [[s.FlushStreamingOnExit:1]]
LogInit: Object subsystem initialized
LogConfig: Setting CVar [[con.DebugEarlyDefault:1]]
LogConfig: Setting CVar [[r.setres:1280x720]]
[2022.02.13-14.25.01:696][  0]LogConfig: Setting CVar [[r.VSync:0]]
[2022.02.13-14.25.01:696][  0]LogConfig: Setting CVar [[r.RHICmdBypass:0]]
[2022.02.13-14.25.01:696][  0]LogConfig: Applying CVar settings from Section [/Script/Engine.RendererSettings] File [E:/UE4/Projects/WargamingAcademy/Cyberpunk2022/Saved/Config/Windows/Engine.ini]
[2022.02.13-14.25.01:696][  0]LogConfig: Setting CVar [[r.GPUCrashDebugging:0]]
[2022.02.13-14.25.01:696][  0]LogConfig: Setting CVar [[r.DefaultFeature.MotionBlur:0]]
[2022.02.13-14.25.01:696][  0]LogConfig: Applying CVar settings from Section [/Script/Engine.RendererOverrideSettings] File [E:/UE4/Projects/WargamingAcademy/Cyberpunk2022/Saved/Config/Windows/Engine.ini]
[2022.02.13-14.25.01:696][  0]LogConfig: Applying CVar settings from Section [/Script/Engine.StreamingSettings] File [E:/UE4/Projects/WargamingAcademy/Cyberpunk2022/Saved/Config/Windows/Engine.ini]
[2022.02.13-14.25.01:696][  0]LogConfig: Setting CVar [[s.MinBulkDataSizeForAsyncLoading:131072]]
[2022.02.13-14.25.01:696][  0]LogConfig: Setting CVar [[s.AsyncLoadingThreadEnabled:0]]
[2022.02.13-14.25.01:696][  0]LogConfig: Setting CVar [[s.EventDrivenLoaderEnabled:1]]
[2022.02.13-14.25.01:696][  0]LogConfig: Setting CVar [[s.WarnIfTimeLimitExceeded:0]]
[2022.02.13-14.25.01:696][  0]LogConfig: Setting CVar [[s.TimeLimitExceededMultiplier:1.5]]
[2022.02.13-14.25.01:696][  0]LogConfig: Setting CVar [[s.TimeLimitExceededMinTime:0.005]]
[2022.02.13-14.25.01:696][  0]LogConfig: Setting CVar [[s.UseBackgroundLevelStreaming:1]]
[2022.02.13-14.25.01:696][  0]LogConfig: Setting CVar [[s.PriorityAsyncLoadingExtraTime:15.0]]
[2022.02.13-14.25.01:696][  0]LogConfig: Setting CVar [[s.LevelStreamingActorsUpdateTimeLimit:5.0]]
[2022.02.13-14.25.01:696][  0]LogConfig: Setting CVar [[s.PriorityLevelStreamingActorsUpdateExtraTime:5.0]]
[2022.02.13-14.25.01:696][  0]LogConfig: Setting CVar [[s.LevelStreamingComponentsRegistrationGranularity:10]]
[2022.02.13-14.25.01:696][  0]LogConfig: Setting CVar [[s.UnregisterComponentsTimeLimit:1.0]]
[2022.02.13-14.25.01:696][  0]LogConfig: Setting CVar [[s.LevelStreamingComponentsUnregistrationGranularity:5]]
[2022.02.13-14.25.01:697][  0]LogConfig: Setting CVar [[s.FlushStreamingOnExit:1]]
[2022.02.13-14.25.01:697][  0]LogConfig: Applying CVar settings from Section [/Script/Engine.GarbageCollectionSettings] File [E:/UE4/Projects/WargamingAcademy/Cyberpunk2022/Saved/Config/Windows/Engine.ini]
[2022.02.13-14.25.01:697][  0]LogConfig: Setting CVar [[gc.MaxObjectsNotConsideredByGC:1]]
[2022.02.13-14.25.01:697][  0]LogConfig: Setting CVar [[gc.SizeOfPermanentObjectPool:0]]
[2022.02.13-14.25.01:697][  0]LogConfig: Setting CVar [[gc.FlushStreamingOnGC:0]]
[2022.02.13-14.25.01:697][  0]LogConfig: Setting CVar [[gc.NumRetriesBeforeForcingGC:10]]
[2022.02.13-14.25.01:697][  0]LogConfig: Setting CVar [[gc.AllowParallelGC:1]]
[2022.02.13-14.25.01:697][  0]LogConfig: Setting CVar [[gc.TimeBetweenPurgingPendingKillObjects:61.1]]
[2022.02.13-14.25.01:697][  0]LogConfig: Setting CVar [[gc.MaxObjectsInEditor:25165824]]
[2022.02.13-14.25.01:697][  0]LogConfig: Setting CVar [[gc.IncrementalBeginDestroyEnabled:1]]
[2022.02.13-14.25.01:697][  0]LogConfig: Setting CVar [[gc.CreateGCClusters:1]]
[2022.02.13-14.25.01:697][  0]LogConfig: Setting CVar [[gc.MinGCClusterSize:5]]
[2022.02.13-14.25.01:697][  0]LogConfig: Setting CVar [[gc.ActorClusteringEnabled:0]]
[2022.02.13-14.25.01:697][  0]LogConfig: Setting CVar [[gc.BlueprintClusteringEnabled:0]]
[2022.02.13-14.25.01:697][  0]LogConfig: Setting CVar [[gc.UseDisregardForGCOnDedicatedServers:0]]
[2022.02.13-14.25.01:697][  0]LogConfig: Setting CVar [[gc.MultithreadedDestructionEnabled:1]]
[2022.02.13-14.25.01:697][  0]LogConfig: Applying CVar settings from Section [/Script/Engine.NetworkSettings] File [E:/UE4/Projects/WargamingAcademy/Cyberpunk2022/Saved/Config/Windows/Engine.ini]
[2022.02.13-14.25.01:697][  0]LogConfig: Applying CVar settings from Section [/Script/UnrealEd.CookerSettings] File [E:/UE4/Projects/WargamingAcademy/Cyberpunk2022/Saved/Config/Windows/Engine.ini]
[2022.02.13-14.25.01:706][  0]LogConfig: Applying CVar settings from Section [ViewDistanceQuality@3] File [E:/UE4/Projects/WargamingAcademy/Cyberpunk2022/Saved/Config/Windows/Scalability.ini]
[2022.02.13-14.25.01:707][  0]LogConfig: Setting CVar [[r.SkeletalMeshLODBias:0]]
[2022.02.13-14.25.01:707][  0]LogConfig: Setting CVar [[r.ViewDistanceScale:1.0]]
[2022.02.13-14.25.01:707][  0]LogConfig: Applying CVar settings from Section [AntiAliasingQuality@3] File [E:/UE4/Projects/WargamingAcademy/Cyberpunk2022/Saved/Config/Windows/Scalability.ini]
[2022.02.13-14.25.01:707][  0]LogConfig: Setting CVar [[r.PostProcessAAQuality:4]]
[2022.02.13-14.25.01:707][  0]LogConfig: Applying CVar settings from Section [ShadowQuality@3] File [E:/UE4/Projects/WargamingAcademy/Cyberpunk2022/Saved/Config/Windows/Scalability.ini]
[2022.02.13-14.25.01:707][  0]LogConfig: Setting CVar [[r.LightFunctionQuality:1]]
[2022.02.13-14.25.01:707][  0]LogConfig: Setting CVar [[r.ShadowQuality:5]]
[2022.02.13-14.25.01:707][  0]LogConfig: Setting CVar [[r.Shadow.CSM.MaxCascades:10]]
[2022.02.13-14.25.01:707][  0]LogConfig: Setting CVar [[r.Shadow.MaxResolution:2048]]
[2022.02.13-14.25.01:707][  0]LogConfig: Setting CVar [[r.Shadow.MaxCSMResolution:2048]]
[2022.02.13-14.25.01:707][  0]LogConfig: Setting CVar [[r.Shadow.RadiusThreshold:0.01]]
[2022.02.13-14.25.01:707][  0]LogConfig: Setting CVar [[r.Shadow.DistanceScale:1.0]]
[2022.02.13-14.25.01:707][  0]LogConfig: Setting CVar [[r.Shadow.CSM.TransitionScale:1.0]]
[2022.02.13-14.25.01:707][  0]LogConfig: Setting CVar [[r.Shadow.PreShadowResolutionFactor:1.0]]
[2022.02.13-14.25.01:707][  0]LogConfig: Setting CVar [[r.DistanceFieldShadowing:1]]
[2022.02.13-14.25.01:707][  0]LogConfig: Setting CVar [[r.DistanceFieldAO:1]]
[2022.02.13-14.25.01:707][  0]LogConfig: Setting CVar [[r.AOQuality:2]]
[2022.02.13-14.25.01:707][  0]LogConfig: Setting CVar [[r.VolumetricFog:1]]
[2022.02.13-14.25.01:707][  0]LogConfig: Setting CVar [[r.VolumetricFog.GridPixelSize:8]]
[2022.02.13-14.25.01:707][  0]LogConfig: Setting CVar [[r.VolumetricFog.GridSizeZ:128]]
[2022.02.13-14.25.01:707][  0]LogConfig: Setting CVar [[r.VolumetricFog.HistoryMissSupersampleCount:4]]
[2022.02.13-14.25.01:707][  0]LogConfig: Setting CVar [[r.LightMaxDrawDistanceScale:1]]
[2022.02.13-14.25.01:707][  0]LogConfig: Setting CVar [[r.CapsuleShadows:1]]
[2022.02.13-14.25.01:708][  0]LogConfig: Applying CVar settings from Section [PostProcessQuality@3] File [E:/UE4/Projects/WargamingAcademy/Cyberpunk2022/Saved/Config/Windows/Scalability.ini]
[2022.02.13-14.25.01:708][  0]LogConfig: Setting CVar [[r.MotionBlurQuality:4]]
[2022.02.13-14.25.01:708][  0]LogConfig: Setting CVar [[r.AmbientOcclusionMipLevelFactor:0.4]]
[2022.02.13-14.25.01:708][  0]LogConfig: Setting CVar [[r.AmbientOcclusionMaxQuality:100]]
[2022.02.13-14.25.01:708][  0]LogConfig: Setting CVar [[r.AmbientOcclusionLevels:-1]]
[2022.02.13-14.25.01:708][  0]LogConfig: Setting CVar [[r.AmbientOcclusionRadiusScale:1.0]]
[2022.02.13-14.25.01:708][  0]LogConfig: Setting CVar [[r.DepthOfFieldQuality:2]]
[2022.02.13-14.25.01:708][  0]LogConfig: Setting CVar [[r.RenderTargetPoolMin:400]]
[2022.02.13-14.25.01:708][  0]LogConfig: Setting CVar [[r.LensFlareQuality:2]]
[2022.02.13-14.25.01:708][  0]LogConfig: Setting CVar [[r.SceneColorFringeQuality:1]]
[2022.02.13-14.25.01:708][  0]LogConfig: Setting CVar [[r.EyeAdaptationQuality:2]]
[2022.02.13-14.25.01:708][  0]LogConfig: Setting CVar [[r.BloomQuality:5]]
[2022.02.13-14.25.01:708][  0]LogConfig: Setting CVar [[r.FastBlurThreshold:100]]
[2022.02.13-14.25.01:708][  0]LogConfig: Setting CVar [[r.Upscale.Quality:3]]
[2022.02.13-14.25.01:708][  0]LogConfig: Setting CVar [[r.Tonemapper.GrainQuantization:1]]
[2022.02.13-14.25.01:708][  0]LogConfig: Setting CVar [[r.LightShaftQuality:1]]
[2022.02.13-14.25.01:708][  0]LogConfig: Setting CVar [[r.Filter.SizeScale:1]]
[2022.02.13-14.25.01:708][  0]LogConfig: Setting CVar [[r.Tonemapper.Quality:5]]
[2022.02.13-14.25.01:708][  0]LogConfig: Setting CVar [[r.DOF.Gather.AccumulatorQuality:1        ; higher gathering accumulator quality]]
[2022.02.13-14.25.01:708][  0]LogConfig: Setting CVar [[r.DOF.Gather.PostfilterMethod:1          ; Median3x3 postfilering method]]
[2022.02.13-14.25.01:708][  0]LogConfig: Setting CVar [[r.DOF.Gather.EnableBokehSettings:0       ; no bokeh simulation when gathering]]
[2022.02.13-14.25.01:708][  0]LogConfig: Setting CVar [[r.DOF.Gather.RingCount:4                 ; medium number of samples when gathering]]
[2022.02.13-14.25.01:708][  0]LogConfig: Setting CVar [[r.DOF.Scatter.ForegroundCompositing:1    ; additive foreground scattering]]
[2022.02.13-14.25.01:708][  0]LogConfig: Setting CVar [[r.DOF.Scatter.BackgroundCompositing:2    ; additive background scattering]]
[2022.02.13-14.25.01:708][  0]LogConfig: Setting CVar [[r.DOF.Scatter.EnableBokehSettings:1      ; bokeh simulation when scattering]]
[2022.02.13-14.25.01:708][  0]LogConfig: Setting CVar [[r.DOF.Scatter.MaxSpriteRatio:0.1         ; only a maximum of 10% of scattered bokeh]]
[2022.02.13-14.25.01:709][  0]LogConfig: Setting CVar [[r.DOF.Recombine.Quality:1                ; cheap slight out of focus]]
[2022.02.13-14.25.01:709][  0]LogConfig: Setting CVar [[r.DOF.Recombine.EnableBokehSettings:0    ; no bokeh simulation on slight out of focus]]
[2022.02.13-14.25.01:709][  0]LogConfig: Setting CVar [[r.DOF.TemporalAAQuality:1                ; more stable temporal accumulation]]
[2022.02.13-14.25.01:709][  0]LogConfig: Setting CVar [[r.DOF.Kernel.MaxForegroundRadius:0.025]]
[2022.02.13-14.25.01:709][  0]LogConfig: Setting CVar [[r.DOF.Kernel.MaxBackgroundRadius:0.025]]
[2022.02.13-14.25.01:709][  0]LogConfig: Applying CVar settings from Section [TextureQuality@3] File [E:/UE4/Projects/WargamingAcademy/Cyberpunk2022/Saved/Config/Windows/Scalability.ini]
[2022.02.13-14.25.01:709][  0]LogConfig: Setting CVar [[r.Streaming.MipBias:0]]
[2022.02.13-14.25.01:709][  0]LogConfig: Setting CVar [[r.Streaming.AmortizeCPUToGPUCopy:0]]
[2022.02.13-14.25.01:709][  0]LogConfig: Setting CVar [[r.Streaming.MaxNumTexturesToStreamPerFrame:0]]
[2022.02.13-14.25.01:709][  0]LogConfig: Setting CVar [[r.Streaming.Boost:1]]
[2022.02.13-14.25.01:709][  0]LogConfig: Setting CVar [[r.MaxAnisotropy:8]]
[2022.02.13-14.25.01:709][  0]LogConfig: Setting CVar [[r.VT.MaxAnisotropy:8]]
[2022.02.13-14.25.01:709][  0]LogConfig: Setting CVar [[r.Streaming.LimitPoolSizeToVRAM:0]]
[2022.02.13-14.25.01:709][  0]LogConfig: Setting CVar [[r.Streaming.PoolSize:1000]]
[2022.02.13-14.25.01:709][  0]LogConfig: Setting CVar [[r.Streaming.MaxEffectiveScreenSize:0]]
[2022.02.13-14.25.01:709][  0]LogConfig: Applying CVar settings from Section [EffectsQuality@3] File [E:/UE4/Projects/WargamingAcademy/Cyberpunk2022/Saved/Config/Windows/Scalability.ini]
[2022.02.13-14.25.01:709][  0]LogConfig: Setting CVar [[r.TranslucencyLightingVolumeDim:64]]
[2022.02.13-14.25.01:709][  0]LogConfig: Setting CVar [[r.RefractionQuality:2]]
[2022.02.13-14.25.01:709][  0]LogConfig: Setting CVar [[r.SSR.Quality:3]]
[2022.02.13-14.25.01:709][  0]LogConfig: Setting CVar [[r.SSR.HalfResSceneColor:0]]
[2022.02.13-14.25.01:709][  0]LogConfig: Setting CVar [[r.SceneColorFormat:4]]
[2022.02.13-14.25.01:709][  0]LogConfig: Setting CVar [[r.DetailMode:2]]
[2022.02.13-14.25.01:709][  0]LogConfig: Setting CVar [[r.TranslucencyVolumeBlur:1]]
[2022.02.13-14.25.01:709][  0]LogConfig: Setting CVar [[r.MaterialQualityLevel:1 ; High quality]]
[2022.02.13-14.25.01:709][  0]LogConfig: Setting CVar [[r.AnisotropicMaterials:1]]
[2022.02.13-14.25.01:709][  0]LogConfig: Setting CVar [[r.SSS.Scale:1]]
[2022.02.13-14.25.01:709][  0]LogConfig: Setting CVar [[r.SSS.SampleSet:2]]
[2022.02.13-14.25.01:710][  0]LogConfig: Setting CVar [[r.SSS.Quality:1]]
[2022.02.13-14.25.01:710][  0]LogConfig: Setting CVar [[r.SSS.HalfRes:0]]
[2022.02.13-14.25.01:710][  0]LogConfig: Setting CVar [[r.SSGI.Quality:3]]
[2022.02.13-14.25.01:710][  0]LogConfig: Setting CVar [[r.EmitterSpawnRateScale:1.0]]
[2022.02.13-14.25.01:710][  0]LogConfig: Setting CVar [[r.ParticleLightQuality:2]]
[2022.02.13-14.25.01:710][  0]LogConfig: Setting CVar [[r.SkyAtmosphere.AerialPerspectiveLUT.FastApplyOnOpaque:1 ; Always have FastSkyLUT 1 in this case to avoid wrong sky]]
[2022.02.13-14.25.01:710][  0]LogConfig: Setting CVar [[r.SkyAtmosphere.AerialPerspectiveLUT.SampleCountMaxPerSlice:4]]
[2022.02.13-14.25.01:710][  0]LogConfig: Setting CVar [[r.SkyAtmosphere.AerialPerspectiveLUT.DepthResolution:16.0]]
[2022.02.13-14.25.01:710][  0]LogConfig: Setting CVar [[r.SkyAtmosphere.FastSkyLUT:1]]
[2022.02.13-14.25.01:710][  0]LogConfig: Setting CVar [[r.SkyAtmosphere.FastSkyLUT.SampleCountMin:4.0]]
[2022.02.13-14.25.01:710][  0]LogConfig: Setting CVar [[r.SkyAtmosphere.FastSkyLUT.SampleCountMax:128.0]]
[2022.02.13-14.25.01:710][  0]LogConfig: Setting CVar [[r.SkyAtmosphere.SampleCountMin:4.0]]
[2022.02.13-14.25.01:710][  0]LogConfig: Setting CVar [[r.SkyAtmosphere.SampleCountMax:128.0]]
[2022.02.13-14.25.01:710][  0]LogConfig: Setting CVar [[r.SkyAtmosphere.TransmittanceLUT.UseSmallFormat:0]]
[2022.02.13-14.25.01:710][  0]LogConfig: Setting CVar [[r.SkyAtmosphere.TransmittanceLUT.SampleCount:10.0]]
[2022.02.13-14.25.01:710][  0]LogConfig: Setting CVar [[r.SkyAtmosphere.MultiScatteringLUT.SampleCount:15.0]]
[2022.02.13-14.25.01:710][  0]LogConfig: Setting CVar [[r.SkyLight.RealTimeReflectionCapture:1]]
[2022.02.13-14.25.01:710][  0]LogConfig: Applying CVar settings from Section [FoliageQuality@3] File [E:/UE4/Projects/WargamingAcademy/Cyberpunk2022/Saved/Config/Windows/Scalability.ini]
[2022.02.13-14.25.01:710][  0]LogConfig: Setting CVar [[foliage.DensityScale:1.0]]
[2022.02.13-14.25.01:710][  0]LogConfig: Setting CVar [[grass.DensityScale:1.0]]
[2022.02.13-14.25.01:710][  0]LogConfig: Applying CVar settings from Section [ShadingQuality@3] File [E:/UE4/Projects/WargamingAcademy/Cyberpunk2022/Saved/Config/Windows/Scalability.ini]
[2022.02.13-14.25.01:710][  0]LogConfig: Setting CVar [[r.HairStrands.SkyLighting.IntegrationType:2]]
[2022.02.13-14.25.01:710][  0]LogConfig: Setting CVar [[r.HairStrands.SkyAO.SampleCount:4]]
[2022.02.13-14.25.01:710][  0]LogConfig: Setting CVar [[r.HairStrands.Visibility.MSAA.SamplePerPixel:4]]
[2022.02.13-14.25.01:711][  0]LogInit: Selected Device Profile: [Windows]
[2022.02.13-14.25.01:711][  0]LogInit: Applying CVar settings loaded from the selected device profile: [Windows]
[2022.02.13-14.25.01:711][  0]LogHAL: Display: Platform has ~ 16 GB [16487870464 / 17179869184 / 16], which maps to Larger [LargestMinGB=32, LargerMinGB=12, DefaultMinGB=8, SmallerMinGB=6, SmallestMinGB=0)
[2022.02.13-14.25.01:711][  0]LogInit: Going up to parent DeviceProfile []
[2022.02.13-14.25.01:711][  0]LogConfig: Applying CVar settings from Section [ViewDistanceQuality@3] File [E:/UE4/Projects/WargamingAcademy/Cyberpunk2022/Saved/Config/Windows/Scalability.ini]
[2022.02.13-14.25.01:711][  0]LogConfig: Setting CVar [[r.SkeletalMeshLODBias:0]]
[2022.02.13-14.25.01:711][  0]LogConfig: Setting CVar [[r.ViewDistanceScale:1.0]]
[2022.02.13-14.25.01:711][  0]LogConfig: Applying CVar settings from Section [AntiAliasingQuality@3] File [E:/UE4/Projects/WargamingAcademy/Cyberpunk2022/Saved/Config/Windows/Scalability.ini]
[2022.02.13-14.25.01:711][  0]LogConfig: Setting CVar [[r.PostProcessAAQuality:4]]
[2022.02.13-14.25.01:711][  0]LogConfig: Applying CVar settings from Section [ShadowQuality@3] File [E:/UE4/Projects/WargamingAcademy/Cyberpunk2022/Saved/Config/Windows/Scalability.ini]
[2022.02.13-14.25.01:711][  0]LogConfig: Setting CVar [[r.LightFunctionQuality:1]]
[2022.02.13-14.25.01:711][  0]LogConfig: Setting CVar [[r.ShadowQuality:5]]
[2022.02.13-14.25.01:711][  0]LogConfig: Setting CVar [[r.Shadow.CSM.MaxCascades:10]]
[2022.02.13-14.25.01:711][  0]LogConfig: Setting CVar [[r.Shadow.MaxResolution:2048]]
[2022.02.13-14.25.01:711][  0]LogConfig: Setting CVar [[r.Shadow.MaxCSMResolution:2048]]
[2022.02.13-14.25.01:711][  0]LogConfig: Setting CVar [[r.Shadow.RadiusThreshold:0.01]]
[2022.02.13-14.25.01:711][  0]LogConfig: Setting CVar [[r.Shadow.DistanceScale:1.0]]
[2022.02.13-14.25.01:711][  0]LogConfig: Setting CVar [[r.Shadow.CSM.TransitionScale:1.0]]
[2022.02.13-14.25.01:711][  0]LogConfig: Setting CVar [[r.Shadow.PreShadowResolutionFactor:1.0]]
[2022.02.13-14.25.01:711][  0]LogConfig: Setting CVar [[r.DistanceFieldShadowing:1]]
[2022.02.13-14.25.01:712][  0]LogConfig: Setting CVar [[r.DistanceFieldAO:1]]
[2022.02.13-14.25.01:712][  0]LogConfig: Setting CVar [[r.AOQuality:2]]
[2022.02.13-14.25.01:712][  0]LogConfig: Setting CVar [[r.VolumetricFog:1]]
[2022.02.13-14.25.01:712][  0]LogConfig: Setting CVar [[r.VolumetricFog.GridPixelSize:8]]
[2022.02.13-14.25.01:712][  0]LogConfig: Setting CVar [[r.VolumetricFog.GridSizeZ:128]]
[2022.02.13-14.25.01:712][  0]LogConfig: Setting CVar [[r.VolumetricFog.HistoryMissSupersampleCount:4]]
[2022.02.13-14.25.01:712][  0]LogConfig: Setting CVar [[r.LightMaxDrawDistanceScale:1]]
[2022.02.13-14.25.01:712][  0]LogConfig: Setting CVar [[r.CapsuleShadows:1]]
[2022.02.13-14.25.01:712][  0]LogConfig: Applying CVar settings from Section [PostProcessQuality@3] File [E:/UE4/Projects/WargamingAcademy/Cyberpunk2022/Saved/Config/Windows/Scalability.ini]
[2022.02.13-14.25.01:712][  0]LogConfig: Setting CVar [[r.MotionBlurQuality:4]]
[2022.02.13-14.25.01:712][  0]LogConfig: Setting CVar [[r.AmbientOcclusionMipLevelFactor:0.4]]
[2022.02.13-14.25.01:712][  0]LogConfig: Setting CVar [[r.AmbientOcclusionMaxQuality:100]]
[2022.02.13-14.25.01:712][  0]LogConfig: Setting CVar [[r.AmbientOcclusionLevels:-1]]
[2022.02.13-14.25.01:712][  0]LogConfig: Setting CVar [[r.AmbientOcclusionRadiusScale:1.0]]
[2022.02.13-14.25.01:712][  0]LogConfig: Setting CVar [[r.DepthOfFieldQuality:2]]
[2022.02.13-14.25.01:713][  0]LogConfig: Setting CVar [[r.RenderTargetPoolMin:400]]
[2022.02.13-14.25.01:713][  0]LogConfig: Setting CVar [[r.LensFlareQuality:2]]
[2022.02.13-14.25.01:713][  0]LogConfig: Setting CVar [[r.SceneColorFringeQuality:1]]
[2022.02.13-14.25.01:713][  0]LogConfig: Setting CVar [[r.EyeAdaptationQuality:2]]
[2022.02.13-14.25.01:713][  0]LogConfig: Setting CVar [[r.BloomQuality:5]]
[2022.02.13-14.25.01:713][  0]LogConfig: Setting CVar [[r.FastBlurThreshold:100]]
[2022.02.13-14.25.01:713][  0]LogConfig: Setting CVar [[r.Upscale.Quality:3]]
[2022.02.13-14.25.01:713][  0]LogConfig: Setting CVar [[r.Tonemapper.GrainQuantization:1]]
[2022.02.13-14.25.01:713][  0]LogConfig: Setting CVar [[r.LightShaftQuality:1]]
[2022.02.13-14.25.01:713][  0]LogConfig: Setting CVar [[r.Filter.SizeScale:1]]
[2022.02.13-14.25.01:713][  0]LogConfig: Setting CVar [[r.Tonemapper.Quality:5]]
[2022.02.13-14.25.01:713][  0]LogConfig: Setting CVar [[r.DOF.Gather.AccumulatorQuality:1        ; higher gathering accumulator quality]]
[2022.02.13-14.25.01:713][  0]LogConfig: Setting CVar [[r.DOF.Gather.PostfilterMethod:1          ; Median3x3 postfilering method]]
[2022.02.13-14.25.01:713][  0]LogConfig: Setting CVar [[r.DOF.Gather.EnableBokehSettings:0       ; no bokeh simulation when gathering]]
[2022.02.13-14.25.01:713][  0]LogConfig: Setting CVar [[r.DOF.Gather.RingCount:4                 ; medium number of samples when gathering]]
[2022.02.13-14.25.01:713][  0]LogConfig: Setting CVar [[r.DOF.Scatter.ForegroundCompositing:1    ; additive foreground scattering]]
[2022.02.13-14.25.01:713][  0]LogConfig: Setting CVar [[r.DOF.Scatter.BackgroundCompositing:2    ; additive background scattering]]
[2022.02.13-14.25.01:713][  0]LogConfig: Setting CVar [[r.DOF.Scatter.EnableBokehSettings:1      ; bokeh simulation when scattering]]
[2022.02.13-14.25.01:714][  0]LogConfig: Setting CVar [[r.DOF.Scatter.MaxSpriteRatio:0.1         ; only a maximum of 10% of scattered bokeh]]
[2022.02.13-14.25.01:714][  0]LogConfig: Setting CVar [[r.DOF.Recombine.Quality:1                ; cheap slight out of focus]]
[2022.02.13-14.25.01:714][  0]LogConfig: Setting CVar [[r.DOF.Recombine.EnableBokehSettings:0    ; no bokeh simulation on slight out of focus]]
[2022.02.13-14.25.01:714][  0]LogConfig: Setting CVar [[r.DOF.TemporalAAQuality:1                ; more stable temporal accumulation]]
[2022.02.13-14.25.01:714][  0]LogConfig: Setting CVar [[r.DOF.Kernel.MaxForegroundRadius:0.025]]
[2022.02.13-14.25.01:714][  0]LogConfig: Setting CVar [[r.DOF.Kernel.MaxBackgroundRadius:0.025]]
[2022.02.13-14.25.01:714][  0]LogConfig: Applying CVar settings from Section [TextureQuality@3] File [E:/UE4/Projects/WargamingAcademy/Cyberpunk2022/Saved/Config/Windows/Scalability.ini]
[2022.02.13-14.25.01:714][  0]LogConfig: Setting CVar [[r.Streaming.MipBias:0]]
[2022.02.13-14.25.01:714][  0]LogConfig: Setting CVar [[r.Streaming.AmortizeCPUToGPUCopy:0]]
[2022.02.13-14.25.01:714][  0]LogConfig: Setting CVar [[r.Streaming.MaxNumTexturesToStreamPerFrame:0]]
[2022.02.13-14.25.01:714][  0]LogConfig: Setting CVar [[r.Streaming.Boost:1]]
[2022.02.13-14.25.01:714][  0]LogConfig: Setting CVar [[r.MaxAnisotropy:8]]
[2022.02.13-14.25.01:714][  0]LogConfig: Setting CVar [[r.VT.MaxAnisotropy:8]]
[2022.02.13-14.25.01:714][  0]LogConfig: Setting CVar [[r.Streaming.LimitPoolSizeToVRAM:0]]
[2022.02.13-14.25.01:714][  0]LogConfig: Setting CVar [[r.Streaming.PoolSize:1000]]
[2022.02.13-14.25.01:714][  0]LogConfig: Setting CVar [[r.Streaming.MaxEffectiveScreenSize:0]]
[2022.02.13-14.25.01:714][  0]LogConfig: Applying CVar settings from Section [EffectsQuality@3] File [E:/UE4/Projects/WargamingAcademy/Cyberpunk2022/Saved/Config/Windows/Scalability.ini]
[2022.02.13-14.25.01:714][  0]LogConfig: Setting CVar [[r.TranslucencyLightingVolumeDim:64]]
[2022.02.13-14.25.01:714][  0]LogConfig: Setting CVar [[r.RefractionQuality:2]]
[2022.02.13-14.25.01:714][  0]LogConfig: Setting CVar [[r.SSR.Quality:3]]
[2022.02.13-14.25.01:714][  0]LogConfig: Setting CVar [[r.SSR.HalfResSceneColor:0]]
[2022.02.13-14.25.01:714][  0]LogConfig: Setting CVar [[r.SceneColorFormat:4]]
[2022.02.13-14.25.01:714][  0]LogConfig: Setting CVar [[r.DetailMode:2]]
[2022.02.13-14.25.01:714][  0]LogConfig: Setting CVar [[r.TranslucencyVolumeBlur:1]]
[2022.02.13-14.25.01:714][  0]LogConfig: Setting CVar [[r.MaterialQualityLevel:1 ; High quality]]
[2022.02.13-14.25.01:715][  0]LogConfig: Setting CVar [[r.AnisotropicMaterials:1]]
[2022.02.13-14.25.01:715][  0]LogConfig: Setting CVar [[r.SSS.Scale:1]]
[2022.02.13-14.25.01:715][  0]LogConfig: Setting CVar [[r.SSS.SampleSet:2]]
[2022.02.13-14.25.01:715][  0]LogConfig: Setting CVar [[r.SSS.Quality:1]]
[2022.02.13-14.25.01:715][  0]LogConfig: Setting CVar [[r.SSS.HalfRes:0]]
[2022.02.13-14.25.01:715][  0]LogConfig: Setting CVar [[r.SSGI.Quality:3]]
[2022.02.13-14.25.01:715][  0]LogConfig: Setting CVar [[r.EmitterSpawnRateScale:1.0]]
[2022.02.13-14.25.01:715][  0]LogConfig: Setting CVar [[r.ParticleLightQuality:2]]
[2022.02.13-14.25.01:715][  0]LogConfig: Setting CVar [[r.SkyAtmosphere.AerialPerspectiveLUT.FastApplyOnOpaque:1 ; Always have FastSkyLUT 1 in this case to avoid wrong sky]]
[2022.02.13-14.25.01:715][  0]LogConfig: Setting CVar [[r.SkyAtmosphere.AerialPerspectiveLUT.SampleCountMaxPerSlice:4]]
[2022.02.13-14.25.01:715][  0]LogConfig: Setting CVar [[r.SkyAtmosphere.AerialPerspectiveLUT.DepthResolution:16.0]]
[2022.02.13-14.25.01:715][  0]LogConfig: Setting CVar [[r.SkyAtmosphere.FastSkyLUT:1]]
[2022.02.13-14.25.01:715][  0]LogConfig: Setting CVar [[r.SkyAtmosphere.FastSkyLUT.SampleCountMin:4.0]]
[2022.02.13-14.25.01:715][  0]LogConfig: Setting CVar [[r.SkyAtmosphere.FastSkyLUT.SampleCountMax:128.0]]
[2022.02.13-14.25.01:715][  0]LogConfig: Setting CVar [[r.SkyAtmosphere.SampleCountMin:4.0]]
[2022.02.13-14.25.01:715][  0]LogConfig: Setting CVar [[r.SkyAtmosphere.SampleCountMax:128.0]]
[2022.02.13-14.25.01:715][  0]LogConfig: Setting CVar [[r.SkyAtmosphere.TransmittanceLUT.UseSmallFormat:0]]
[2022.02.13-14.25.01:715][  0]LogConfig: Setting CVar [[r.SkyAtmosphere.TransmittanceLUT.SampleCount:10.0]]
[2022.02.13-14.25.01:715][  0]LogConfig: Setting CVar [[r.SkyAtmosphere.MultiScatteringLUT.SampleCount:15.0]]
[2022.02.13-14.25.01:715][  0]LogConfig: Setting CVar [[r.SkyLight.RealTimeReflectionCapture:1]]
[2022.02.13-14.25.01:715][  0]LogConfig: Applying CVar settings from Section [FoliageQuality@3] File [E:/UE4/Projects/WargamingAcademy/Cyberpunk2022/Saved/Config/Windows/Scalability.ini]
[2022.02.13-14.25.01:715][  0]LogConfig: Setting CVar [[foliage.DensityScale:1.0]]
[2022.02.13-14.25.01:715][  0]LogConfig: Setting CVar [[grass.DensityScale:1.0]]
[2022.02.13-14.25.01:716][  0]LogConfig: Applying CVar settings from Section [ShadingQuality@3] File [E:/UE4/Projects/WargamingAcademy/Cyberpunk2022/Saved/Config/Windows/Scalability.ini]
[2022.02.13-14.25.01:716][  0]LogConfig: Setting CVar [[r.HairStrands.SkyLighting.IntegrationType:2]]
[2022.02.13-14.25.01:716][  0]LogConfig: Setting CVar [[r.HairStrands.SkyAO.SampleCount:4]]
[2022.02.13-14.25.01:716][  0]LogConfig: Setting CVar [[r.HairStrands.Visibility.MSAA.SamplePerPixel:4]]
[2022.02.13-14.25.01:716][  0]LogConfig: Applying CVar settings from Section [Startup] File [../../../Engine/Config/ConsoleVariables.ini]
[2022.02.13-14.25.01:716][  0]LogConfig: Setting CVar [[net.UseAdaptiveNetUpdateFrequency:0]]
[2022.02.13-14.25.01:716][  0]LogConfig: Setting CVar [[p.chaos.AllowCreatePhysxBodies:1]]
[2022.02.13-14.25.01:716][  0]LogConfig: Setting CVar [[fx.SkipVectorVMBackendOptimizations:1]]
[2022.02.13-14.25.01:716][  0]LogConfig: Applying CVar settings from Section [ConsoleVariables] File [E:/UE4/Projects/WargamingAcademy/Cyberpunk2022/Saved/Config/Windows/Engine.ini]
[2022.02.13-14.25.01:716][  0]LogConfig: Applying CVar settings from Section [ConsoleVariables] File [E:/UE4/Projects/WargamingAcademy/Cyberpunk2022/Saved/Config/Windows/Editor.ini]
[2022.02.13-14.25.01:716][  0]LogInit: Computer: DESKTOP-P6OQVGL
[2022.02.13-14.25.01:716][  0]LogInit: User: Artem
[2022.02.13-14.25.01:716][  0]LogInit: CPU Page size=4096, Cores=6
[2022.02.13-14.25.01:716][  0]LogInit: High frequency timer resolution =10.000000 MHz
[2022.02.13-14.25.01:716][  0]LogMemory: Memory total: Physical=15.4GB (16GB approx)
[2022.02.13-14.25.01:717][  0]LogMemory: Platform Memory Stats for Windows
[2022.02.13-14.25.01:717][  0]LogMemory: Process Physical Memory: 145.92 MB used, 145.93 MB peak
[2022.02.13-14.25.01:717][  0]LogMemory: Process Virtual Memory: 125.81 MB used, 125.81 MB peak
[2022.02.13-14.25.01:717][  0]LogMemory: Physical Memory: 9744.64 MB used,  5979.42 MB free, 15724.06 MB total
[2022.02.13-14.25.01:717][  0]LogMemory: Virtual Memory: 134202896.00 MB used,  14832.16 MB free, 134217728.00 MB total
[2022.02.13-14.25.01:726][  0]LogWindows: WindowsPlatformFeatures enabled
[2022.02.13-14.25.01:832][  0]LogInit: Physics initialised using underlying interface: PhysX
[2022.02.13-14.25.01:833][  0]LogInit: Using OS detected language (en-US).
[2022.02.13-14.25.01:833][  0]LogInit: Using OS detected locale (en-US).
[2022.02.13-14.25.01:835][  0]LogTextLocalizationManager: No specific localization for 'en-US' exists, so the 'en' localization will be used.
[2022.02.13-14.25.02:035][  0]LogInit: Setting process to per monitor DPI aware
[2022.02.13-14.25.02:054][  0]LogWindowsTextInputMethodSystem: Display: IME system deactivated.
[2022.02.13-14.25.02:071][  0]LogSlate: New Slate User Created.  User Index 0, Is Virtual User: 0
[2022.02.13-14.25.02:071][  0]LogSlate: Slate User Registered.  User Index 0, Is Virtual User: 0
[2022.02.13-14.25.02:190][  0]LogD3D11RHI: Loaded GFSDK_Aftermath_Lib.x64.dll
[2022.02.13-14.25.02:208][  0]LogHMD: Failed to initialize OpenVR with code 110
[2022.02.13-14.25.02:208][  0]LogD3D11RHI: D3D11 min allowed feature level: 11_0
[2022.02.13-14.25.02:208][  0]LogD3D11RHI: D3D11 max allowed feature level: 11_0
[2022.02.13-14.25.02:208][  0]LogD3D11RHI: D3D11 adapters:
[2022.02.13-14.25.02:381][  0]LogD3D11RHI:    0. 'NVIDIA GeForce RTX 3060 Laptop GPU' (Feature Level 11_0)
[2022.02.13-14.25.02:381][  0]LogD3D11RHI:       6023/0/7862 MB DedicatedVideo/DedicatedSystem/SharedSystem, Outputs:2, VendorId:0x10de
[2022.02.13-14.25.02:421][  0]LogD3D11RHI:    1. 'AMD Radeon(TM) Graphics' (Feature Level 11_0)
[2022.02.13-14.25.02:421][  0]LogD3D11RHI:       496/0/7862 MB DedicatedVideo/DedicatedSystem/SharedSystem, Outputs:0, VendorId:0x1002
[2022.02.13-14.25.02:425][  0]LogD3D11RHI:    2. 'Microsoft Basic Render Driver' (Feature Level 11_0)
[2022.02.13-14.25.02:425][  0]LogD3D11RHI:       0/0/7862 MB DedicatedVideo/DedicatedSystem/SharedSystem, Outputs:0, VendorId:0x1414
[2022.02.13-14.25.02:425][  0]LogD3D11RHI: Chosen D3D11 Adapter:
[2022.02.13-14.25.02:425][  0]LogD3D11RHI:     Description : NVIDIA GeForce RTX 3060 Laptop GPU
[2022.02.13-14.25.02:425][  0]LogD3D11RHI:     VendorId    : 10de
[2022.02.13-14.25.02:425][  0]LogD3D11RHI:     DeviceId    : 2520
[2022.02.13-14.25.02:425][  0]LogD3D11RHI:     SubSysId    : 151f1025
[2022.02.13-14.25.02:425][  0]LogD3D11RHI:     Revision    : 00a1
[2022.02.13-14.25.02:425][  0]LogD3D11RHI:     DedicatedVideoMemory : 6315573248 bytes
[2022.02.13-14.25.02:425][  0]LogD3D11RHI:     DedicatedSystemMemory : 0 bytes
[2022.02.13-14.25.02:425][  0]LogD3D11RHI:     SharedSystemMemory : 8243935232 bytes
[2022.02.13-14.25.02:426][  0]LogD3D11RHI:     AdapterLuid : 0 58340
[2022.02.13-14.25.02:433][  0]LogD3D11RHI: Creating new Direct3DDevice
[2022.02.13-14.25.02:433][  0]LogD3D11RHI:     GPU DeviceId: 0x2520 (for the marketing name, search the web for "GPU Device Id")
[2022.02.13-14.25.02:433][  0]LogWindows: EnumDisplayDevices:
[2022.02.13-14.25.02:433][  0]LogWindows:    0. 'AMD Radeon(TM) Graphics' (P:1 D:1)
[2022.02.13-14.25.02:433][  0]LogWindows:    1. 'AMD Radeon(TM) Graphics' (P:0 D:0)
[2022.02.13-14.25.02:434][  0]LogWindows:    2. 'AMD Radeon(TM) Graphics' (P:0 D:0)
[2022.02.13-14.25.02:434][  0]LogWindows:    3. 'NVIDIA GeForce RTX 3060 Laptop GPU' (P:0 D:1)
[2022.02.13-14.25.02:434][  0]LogWindows: DebugString: PrimaryIsNotTheChoosenAdapter PrimaryIsNotTheChoosenAdapter PrimaryIsNotTheChoosenAdapter 
[2022.02.13-14.25.02:434][  0]LogD3D11RHI:     Adapter Name: NVIDIA GeForce RTX 3060 Laptop GPU
[2022.02.13-14.25.02:434][  0]LogD3D11RHI:   Driver Version: 497.09 (internal:30.0.14.9709, unified:497.09)
[2022.02.13-14.25.02:434][  0]LogD3D11RHI:      Driver Date: 11-26-2021
[2022.02.13-14.25.02:434][  0]LogRHI: Texture pool is 4216 MB (70% of 6023 MB)
[2022.02.13-14.25.02:434][  0]LogD3D11RHI: Creating D3DDevice using adapter:
[2022.02.13-14.25.02:434][  0]LogD3D11RHI:     Description : NVIDIA GeForce RTX 3060 Laptop GPU
[2022.02.13-14.25.02:435][  0]LogD3D11RHI:     VendorId    : 10de
[2022.02.13-14.25.02:435][  0]LogD3D11RHI:     DeviceId    : 2520
[2022.02.13-14.25.02:435][  0]LogD3D11RHI:     SubSysId    : 151f1025
[2022.02.13-14.25.02:435][  0]LogD3D11RHI:     Revision    : 00a1
[2022.02.13-14.25.02:435][  0]LogD3D11RHI:     DedicatedVideoMemory : 6315573248 bytes
[2022.02.13-14.25.02:435][  0]LogD3D11RHI:     DedicatedSystemMemory : 0 bytes
[2022.02.13-14.25.02:435][  0]LogD3D11RHI:     SharedSystemMemory : 8243935232 bytes
[2022.02.13-14.25.02:435][  0]LogD3D11RHI:     AdapterLuid : 0 58340
[2022.02.13-14.25.02:505][  0]LogD3D11RHI: RHI has support for 64 bit atomics
[2022.02.13-14.25.02:505][  0]LogD3D11RHI: Async texture creation enabled
[2022.02.13-14.25.02:505][  0]LogD3D11RHI: Array index from any shader is supported
[2022.02.13-14.25.02:527][  0]LogD3D11RHI: GPU Timing Frequency: 1000.000000 (Debug: 2 1)
[2022.02.13-14.25.02:553][  0]LogRHI: GeForceNow SDK initialized: 1
[2022.02.13-14.25.02:785][  0]LogTargetPlatformManager: Display: Loaded TargetPlatform 'AllDesktop'
[2022.02.13-14.25.02:805][  0]LogTargetPlatformManager: Display: Loaded TargetPlatform 'Android'
[2022.02.13-14.25.02:805][  0]LogTargetPlatformManager: Display: Loaded TargetPlatform 'Android_ASTC'
[2022.02.13-14.25.02:805][  0]LogTargetPlatformManager: Display: Loaded TargetPlatform 'Android_DXT'
[2022.02.13-14.25.02:805][  0]LogTargetPlatformManager: Display: Loaded TargetPlatform 'Android_ETC2'
[2022.02.13-14.25.02:805][  0]LogTargetPlatformManager: Display: Loaded TargetPlatform 'AndroidClient'
[2022.02.13-14.25.02:805][  0]LogTargetPlatformManager: Display: Loaded TargetPlatform 'Android_ASTCClient'
[2022.02.13-14.25.02:805][  0]LogTargetPlatformManager: Display: Loaded TargetPlatform 'Android_DXTClient'
[2022.02.13-14.25.02:805][  0]LogTargetPlatformManager: Display: Loaded TargetPlatform 'Android_ETC2Client'
[2022.02.13-14.25.02:805][  0]LogTargetPlatformManager: Display: Loaded TargetPlatform 'Android_Multi'
[2022.02.13-14.25.02:805][  0]LogTargetPlatformManager: Display: Loaded TargetPlatform 'Android_MultiClient'
[2022.02.13-14.25.02:824][  0]LogTargetPlatformManager: Display: Loaded TargetPlatform 'IOSClient'
[2022.02.13-14.25.02:824][  0]LogTargetPlatformManager: Display: Loaded TargetPlatform 'IOS'
[2022.02.13-14.25.02:832][  0]LogTargetPlatformManager: Display: Loaded TargetPlatform 'Linux'
[2022.02.13-14.25.02:837][  0]LogTargetPlatformManager: Display: Loaded TargetPlatform 'LinuxNoEditor'
[2022.02.13-14.25.02:842][  0]LogTargetPlatformManager: Display: Loaded TargetPlatform 'LinuxClient'
[2022.02.13-14.25.02:846][  0]LogTargetPlatformManager: Display: Loaded TargetPlatform 'LinuxServer'
[2022.02.13-14.25.02:855][  0]LogTargetPlatformManager: Display: Loaded TargetPlatform 'LinuxAArch64NoEditor'
[2022.02.13-14.25.02:860][  0]LogTargetPlatformManager: Display: Loaded TargetPlatform 'LinuxAArch64Client'
[2022.02.13-14.25.02:864][  0]LogTargetPlatformManager: Display: Loaded TargetPlatform 'LinuxAArch64Server'
[2022.02.13-14.25.02:883][  0]LogTargetPlatformManager: Display: Loaded TargetPlatform 'Lumin'
[2022.02.13-14.25.02:884][  0]LogTargetPlatformManager: Display: Loaded TargetPlatform 'LuminClient'
[2022.02.13-14.25.02:891][  0]LogTargetPlatformManager: Display: Loaded TargetPlatform 'MacNoEditor'
[2022.02.13-14.25.02:896][  0]LogTargetPlatformManager: Display: Loaded TargetPlatform 'Mac'
[2022.02.13-14.25.02:900][  0]LogTargetPlatformManager: Display: Loaded TargetPlatform 'MacClient'
[2022.02.13-14.25.02:905][  0]LogTargetPlatformManager: Display: Loaded TargetPlatform 'MacServer'
[2022.02.13-14.25.02:912][  0]LogTargetPlatformManager: Display: Loaded TargetPlatform 'TVOSClient'
[2022.02.13-14.25.02:912][  0]LogTargetPlatformManager: Display: Loaded TargetPlatform 'TVOS'
[2022.02.13-14.25.02:920][  0]LogTargetPlatformManager: Display: Loaded TargetPlatform 'WindowsNoEditor'
[2022.02.13-14.25.02:925][  0]LogTargetPlatformManager: Display: Loaded TargetPlatform 'Windows'
[2022.02.13-14.25.02:929][  0]LogTargetPlatformManager: Display: Loaded TargetPlatform 'WindowsClient'
[2022.02.13-14.25.02:934][  0]LogTargetPlatformManager: Display: Loaded TargetPlatform 'WindowsServer'
[2022.02.13-14.25.02:934][  0]LogTargetPlatformManager: Display: Building Assets For Windows
[2022.02.13-14.25.02:943][  0]LogAudioDebug: Display: Lib vorbis DLL was dynamically loaded.
[2022.02.13-14.25.02:980][  0]LogTextureFormatOodle: Display: Oodle Texture 2.9.0 init RDO Off
[2022.02.13-14.25.03:024][  0]LogRendererCore: Ray tracing is disabled. Reason: r.RayTracing=0.
[2022.02.13-14.25.03:024][  0]LogShaderCompilers: Guid format shader working directory is -6 characters bigger than the processId version (../../../../Projects/WargamingAcademy/Cyberpunk2022/Intermediate/Shaders/WorkingDirectory/44108/).
[2022.02.13-14.25.03:025][  0]LogShaderCompilers: Cleaned the shader compiler working directory 'C:/Users/Artem/AppData/Local/Temp/UnrealShaderWorkingDir/7247EEB04D1B3DFACD8261B4C5DEF4CC/'.
[2022.02.13-14.25.03:025][  0]LogXGEController: Cannot use XGE Controller as Incredibuild is not installed on this machine.
[2022.02.13-14.25.03:025][  0]LogShaderCompilers: Cannot use XGE Shader Compiler as Incredibuild is not installed on this machine.
[2022.02.13-14.25.03:025][  0]LogShaderCompilers: Display: Using Local Shader Compiler.
[2022.02.13-14.25.03:626][  0]LogDerivedDataCache: Display: Max Cache Size: 512 MB
[2022.02.13-14.25.03:676][  0]LogDerivedDataCache: Loaded boot cache 0.05s 102MB C:/Users/Artem/AppData/Local/UnrealEngine/4.27/DerivedDataCache/Boot.ddc.
[2022.02.13-14.25.03:676][  0]LogDerivedDataCache: Display: Loaded Boot cache: C:/Users/Artem/AppData/Local/UnrealEngine/4.27/DerivedDataCache/Boot.ddc
[2022.02.13-14.25.03:676][  0]LogDerivedDataCache: FDerivedDataBackendGraph:  Pak pak cache file ../../../../Projects/WargamingAcademy/Cyberpunk2022/DerivedDataCache/DDC.ddp not found, will not use a pak cache.
[2022.02.13-14.25.03:676][  0]LogDerivedDataCache: Unable to find inner node Pak for hierarchical cache Hierarchy.
[2022.02.13-14.25.03:676][  0]LogDerivedDataCache: FDerivedDataBackendGraph:  CompressedPak pak cache file ../../../../Projects/WargamingAcademy/Cyberpunk2022/DerivedDataCache/Compressed.ddp not found, will not use a pak cache.
[2022.02.13-14.25.03:676][  0]LogDerivedDataCache: Unable to find inner node CompressedPak for hierarchical cache Hierarchy.
[2022.02.13-14.25.03:692][  0]LogDerivedDataCache: Display: Pak cache opened for reading ../../../Engine/DerivedDataCache/Compressed.ddp.
[2022.02.13-14.25.03:693][  0]LogDerivedDataCache: FDerivedDataBackendGraph:  EnterprisePak pak cache file ../../../Enterprise/DerivedDataCache/Compressed.ddp not found, will not use a pak cache.
[2022.02.13-14.25.03:693][  0]LogDerivedDataCache: Unable to find inner node EnterprisePak for hierarchical cache Hierarchy.
[2022.02.13-14.25.03:698][  0]LogDerivedDataCache: Speed tests for C:/Users/Artem/AppData/Local/UnrealEngine/Common/DerivedDataCache took 0.01 seconds
[2022.02.13-14.25.03:698][  0]LogDerivedDataCache: Display: Performance to C:/Users/Artem/AppData/Local/UnrealEngine/Common/DerivedDataCache: Latency=0.03ms. RandomReadSpeed=1438.48MBs, RandomWriteSpeed=169.24MBs. Assigned SpeedClass 'Local'
[2022.02.13-14.25.03:700][  0]LogDerivedDataCache: Using Local data cache path C:/Users/Artem/AppData/Local/UnrealEngine/Common/DerivedDataCache: Writable
[2022.02.13-14.25.03:700][  0]LogDerivedDataCache: Shared data cache path not found in *engine.ini, will not use an Shared cache.
[2022.02.13-14.25.03:700][  0]LogDerivedDataCache: Unable to find inner node Shared for hierarchical cache Hierarchy.
[2022.02.13-14.25.03:738][  0]LogSlate: Using FreeType 2.10.0
[2022.02.13-14.25.03:739][  0]LogSlate: SlateFontServices - WITH_FREETYPE: 1, WITH_HARFBUZZ: 1
[2022.02.13-14.25.03:760][  0]LogAssetRegistry: FAssetRegistry took 0.0036 seconds to start up
[2022.02.13-14.25.03:949][  0]LogInit: Selected Device Profile: [Windows]
[2022.02.13-14.25.03:949][  0]LogInit: Active device profile: [000001F30FFD3300][000001F303794B00 49] Windows
[2022.02.13-14.25.03:949][  0]LogInit: Profiles: [000001F30FFD3300][000001F303794B00 49] Windows, [000001F30FF7CF00][000001F30E2BEC80 49] WindowsNoEditor, [000001F30FFD0F00][000001F3037C6E00 49] WindowsServer, [000001F30FF7EA00][000001F30380AF80 49] WindowsClient, [000001F30FFD2900][000001F3037BF100 49] IOS, [000001F30FF7D900][000001F30380F280 49] iPadAir, [000001F30FFD1800][000001F307ABB400 49] iPadAir2, [000001F30FEFB800][000001F307AC36C0 49] IPadPro, [000001F30FEFB900][000001F307ABF700 49] iPadAir3, [000001F30FFD2200][000001F307AC7880 49] iPadAir4, [000001F30FEF9400][000001F307ACBA00 49] iPadMini2, [000001F30FFD3C00][000001F307ACFB80 49] iPadMini3, [000001F30FEFA400][000001F307AD2180 49] iPadMini4, [000001F30FFD1100][000001F307AD6300 49] iPadMini5, [000001F30FF5B100][000001F30D3F85C0 49] iPhone6, [000001F30FF5B200][000001F307ADA600 49] iPodTouch6, [000001F30FEF8600][000001F30D3FC840 49] iPhone7, [000001F30FEF8400][000001F30DAFA880 49] iPodTouch7, [000001F30FF59300][000001F30D4009C0 49] iPhone5S, [000001F30FEF8D00][000001F303AF6B00 49] iPhone6Plus, [000001F30FF5A500][000001F30D7D2C80 49] iPhone6S, [000001F30FEFBE00][000001F30DB2AE00 49] iPhone6SPlus, [000001F30FF5BA00][000001F30DB7EF80 49] iPhone7Plus, [000001F30FEF9900][000001F30DB9B100 49] iPhoneSE, [000001F30FF58900][000001F30DB9F280 49] iPhone8, [000001F30FEFA800][000001F30DBA3400 49] iPhone8Plus, [000001F30FF5A300][000001F30DBA7580 49] iPhoneX, [000001F30FEFA700][000001F30DCC5700 49] iPhoneXS, [000001F30FF5BB00][000001F30DCF1880 49] iPhoneXSMax, [000001F30FEFB500][000001F30DD1DA00 49] iPhoneXR, [000001F30FF5B800][000001F30DD41B80 49] iPhone11, [000001F30FEF9100][000001F30DD4C180 49] iPhone11Pro, [000001F30FF59D00][000001F30DDC0300 49] iPhone11ProMax, [000001F30FEF9600][000001F30DDFC480 49] iPhoneSE2, [000001F30FF59200][000001F30DE0C600 49] iPhone12Mini, [000001F30FEFB300][000001F30DE1A780 49] iPhone12, [000001F30FF58F00][000001F30DE1E900 49] iPhone12Pro, [000001F30FEF8700][000001F303782A40 49] iPhone12ProMax, [000001F30FF58B00][000001F30D394B80 49] iPadPro105, [000001F30FEF9000][000001F30D398CC0 49] iPadPro129, [000001F30FF58200][000001F30D3A0E40 49] iPadPro97, [000001F30FEFB400][000001F30D3A4FC0 49] iPadPro2_129, [000001F30FF5A800][000001F30DE23140 49] iPad5, [000001F30FEFBA00][000001F30DE272C0 49] iPad6, [000001F30FF59E00][000001F30DE2B440 49] iPad7, [000001F30FEF9C00][000001F30DE2F5C0 49] iPad8, [000001F30FF59A00][000001F30DE33740 49] iPadPro11, [000001F30FEF9E00][000001F30DEE58C0 49] iPadPro2_11, [000001F30FF58C00][000001F30D3A9A40 49] iPadPro3_129, [000001F30FEFB700][000001F30D3B5BC0 49] iPadPro4_129, [000001F30FF59900][000001F30D3B81C0 49] AppleTV, [000001F30FEF8100][000001F30D3BC340 49] AppleTV4K, [000001F30FF5AC00][000001F30D3C04C0 49] TVOS, [000001F30FEFBC00][000001F30D3C4640 49] Mac, [000001F30FF58E00][000001F30DB827C0 49] MacClient, [000001F30FEFB100][000001F303A96940 49] MacNoEditor, [000001F30FF5BD00][000001F303A9AAC0 49] MacServer, [000001F30FEFAA00][000001F30D39CC00 49] Linux, [000001F30FF59000][000001F303758D40 49] LinuxAArch64, [000001F30FEFA600][000001F30375CE80 49] LinuxNoEditor, [000001F30FF7E500][000001F303A9EFC0 49] LinuxAArch64NoEditor, [000001F310176200][000001F303AA7140 49] LinuxClient, [000001F30FF7DA00][000001F303AAB2C0 49] LinuxAArch64Client, [000001F310175B00][000001F30DEE9440 49] LinuxServer, [000001F30FF7EB00][000001F30DEED5C0 49] LinuxAArch64Server, [000001F310174300][000001F30DEF1740 49] Android, [000001F30FF7C100][000001F30DF0B8C0 49] Android_Low, [000001F310175C00][000001F310F39A40 49] Android_Mid, [000001F30FF7D400][000001F310F3DBC0 49] Android_High, [000001F310175D00][000001F310F401C0 49] Android_Default, [000001F30FF7F200][000001F303754340 49] Android_Adreno4xx, [000001F310175800][000001F30D7CE4C0 49] Android_Adreno5xx_Low, [000001F30FF7E800][000001F310F44640 49] Android_Adreno5xx, [000001F310176800][000001F310F487C0 49] Android_Adreno6xx, [000001F30FF7CB00][000001F310F4C940 49] Android_Adreno6xx_Vulkan, [000001F310176500][000001F30DB96AC0 49] Android_Mali_T6xx, [000001F30FF7E600][000001F30DB92C40 49] Android_Mali_T7xx, [000001F310174100][000001F303AA2D80 49] Android_Mali_T8xx, [000001F30FF7C400][000001F30DB86EC0 49] Android_Mali_G71, [000001F310175700][000001F3037C3000 49] Android_Mali_G72, [000001F30FEFBF00][000001F30DB4B140 49] Android_Mali_G72_Vulkan, [000001F30FF5AE00][000001F30DB432C0 49] Android_Mali_G76, [000001F30FEFBB00][000001F30DB3F440 49] Android_Mali_G76_Vulkan, [000001F30FF58D00][000001F30DB3B5C0 49] Android_Mali_G77, [000001F30FEF9700][000001F30DB37740 49] Android_Mali_G77_Vulkan, [000001F30FF59400][000001F30DB338C0 49] Android_Mali_G78, [000001F30FEF8800][000001F30DB2FA40 49] Android_Mali_G78_Vulkan, [000001F310175A00][000001F307A7DBC0 49] Android_Mali_G710, [000001F30FEF8200][000001F3037D21C0 49] Android_Mali_G710_Vulkan, [000001F310174600][000001F3037D6340 49] Android_Vulkan_SM5, [000001F30FEFAE00][000001F3037DA4C0 49] Android_PowerVR_G6xxx, [000001F310174E00][000001F3037DE640 49] Android_PowerVR_GT7xxx, [000001F30FEF8300][000001F3037E27C0 49] Android_PowerVR_GE8xxx, [000001F310176300][000001F3037E6940 49] Android_PowerVR_GM9xxx, [000001F30FEF9500][000001F3037EAAC0 49] Android_PowerVR_GM9xxx_Vulkan, [000001F310175000][000001F3037EEC40 49] Android_TegraK1, [000001F30FEF8F00][000001F3037F2DC0 49] Android_Unknown_Vulkan, [000001F310175600][000001F3037F6F40 49] Lumin, [000001F30FEF9A00][000001F30DB47080 49] Lumin_Desktop, [000001F310174700][000001F30DD511C0 49] HoloLens, 
[2022.02.13-14.25.04:063][  0]LogMeshReduction: Using QuadricMeshReduction for automatic static mesh reduction
[2022.02.13-14.25.04:063][  0]LogMeshReduction: Using SimplygonMeshReduction for automatic skeletal mesh reduction
[2022.02.13-14.25.04:063][  0]LogMeshReduction: Using ProxyLODMeshReduction for automatic mesh merging
[2022.02.13-14.25.04:063][  0]LogMeshReduction: No distributed automatic mesh merging module available
[2022.02.13-14.25.04:063][  0]LogMeshMerging: No distributed automatic mesh merging module available
[2022.02.13-14.25.04:076][  0]LogNetVersion: Cyberpunk2022 1.0.0, NetCL: 17155196, EngineNetVer: 17, GameNetVer: 0 (Checksum: 1028016206)
[2022.02.13-14.25.04:367][  0]LogTexture: Default maximum texture size for cubemaps generated from long-lat sources has been changed from 512 to unlimited. In order to preserve old behaiour for '/Engine/MapTemplates/Sky/DaylightAmbientCubemap.DaylightAmbientCubemap', its maximum texture size has been explicitly set to 512.
[2022.02.13-14.25.04:413][  0]LogHMD: PokeAHoleMaterial loaded successfully
[2022.02.13-14.25.04:418][  0]LogUObjectArray: 17178 objects as part of root set at end of initial load.
[2022.02.13-14.25.04:418][  0]LogUObjectAllocator: 4302048 out of 0 bytes used by permanent object pool.
[2022.02.13-14.25.04:418][  0]LogUObjectArray: CloseDisregardForGC: 0/0 objects in disregard for GC pool
[2022.02.13-14.25.04:684][  0]LogNiagaraDebuggerClient: Niagara Debugger Client Initialized | Session: 319368C943A7E5A3AB55E4847A9BA839 | Instance: BB0E89EA4B10185D5E7CBDBFE46647AD (DESKTOP-P6OQVGL-44108).
[2022.02.13-14.25.04:801][  0]LogPython: Using Python 3.7.7
[2022.02.13-14.25.05:238][  0]LogUdpMessaging: Initializing bridge on interface 0.0.0.0:0 to multicast group 230.0.0.1:6666.
[2022.02.13-14.25.05:250][  0]LogTcpMessaging: Initializing TcpMessaging bridge
[2022.02.13-14.25.05:625][  0]SourceControl: Source control is disabled
[2022.02.13-14.25.05:625][  0]SourceControl: Source control is disabled
[2022.02.13-14.25.05:628][  0]SourceControl: Source control is disabled
[2022.02.13-14.25.05:634][  0]SourceControl: Source control is disabled
[2022.02.13-14.25.05:642][  0]SourceControl: Source control is disabled
[2022.02.13-14.25.05:648][  0]LogUProjectInfo: Found projects:
[2022.02.13-14.25.05:837][  0]LogOpenImageDenoise: OIDN starting up
[2022.02.13-14.25.05:852][  0]LogAndroidPermission: UAndroidPermissionCallbackProxy::GetInstance
[2022.02.13-14.25.05:865][  0]LogAudioCaptureCore: Display: No Audio Capture implementations found. Audio input will be silent.
[2022.02.13-14.25.05:865][  0]LogAudioCaptureCore: Display: No Audio Capture implementations found. Audio input will be silent.
[2022.02.13-14.25.06:063][  0]LogOcInput: OculusInput pre-init called
[2022.02.13-14.25.06:209][  0]LogCollectionManager: Loaded 0 collections in 0.000560 seconds
[2022.02.13-14.25.06:272][  0]LogFileCache: Scanning file cache for directory 'E:/UE4/Projects/WargamingAcademy/Cyberpunk2022/Saved/Collections/' took 0.00s
[2022.02.13-14.25.06:272][  0]LogFileCache: Scanning file cache for directory 'E:/UE4/Projects/WargamingAcademy/Cyberpunk2022/Content/Developers/Artem/Collections/' took 0.00s
[2022.02.13-14.25.06:272][  0]LogFileCache: Scanning file cache for directory 'E:/UE4/Projects/WargamingAcademy/Cyberpunk2022/Content/Collections/' took 0.00s
[2022.02.13-14.25.06:272][  0]LogEngine: Initializing Engine...
[2022.02.13-14.25.06:275][  0]LogHMD: Failed to enumerate extensions. Please check that you have a valid OpenXR runtime installed.
[2022.02.13-14.25.06:276][  0]LogHMD: Failed to initialize OpenVR with code 110
[2022.02.13-14.25.06:276][  0]LogMagicLeap: Warning: VR disabled because ZI is not enabled.  To enable, in the editor, Edit -> Project Settings -> Plugins -> Magic Leap Plugin -> Enable Zero Iteration
[2022.02.13-14.25.06:276][  0]LogStats: UGameplayTagsManager::InitializeManager -  0.000 s
[2022.02.13-14.25.06:368][  0]LogInit: Initializing FReadOnlyCVARCache
[2022.02.13-14.25.06:380][  0]LogAIModule: Creating AISystem for world Untitled
[2022.02.13-14.25.06:384][  0]LogAudio: Display: Initializing Audio Device Manager...
[2022.02.13-14.25.06:389][  0]LogAudio: Display: Loading Default Audio Settings Objects...
[2022.02.13-14.25.06:389][  0]LogAudio: Display: No default SoundConcurrencyObject specified (or failed to load).
[2022.02.13-14.25.06:390][  0]LogAudio: Display: Audio Device Manager Initialized
[2022.02.13-14.25.06:390][  0]LogAudio: Display: Creating Audio Device:                 Id: 1, Scope: Shared, Realtime: True
[2022.02.13-14.25.06:390][  0]LogAudioMixer: Display: Audio Mixer Platform Settings:
[2022.02.13-14.25.06:390][  0]LogAudioMixer: Display: 	Sample Rate:						  48000
[2022.02.13-14.25.06:390][  0]LogAudioMixer: Display: 	Callback Buffer Frame Size Requested: 1024
[2022.02.13-14.25.06:390][  0]LogAudioMixer: Display: 	Callback Buffer Frame Size To Use:	  1024
[2022.02.13-14.25.06:390][  0]LogAudioMixer: Display: 	Number of buffers to queue:			  2
[2022.02.13-14.25.06:390][  0]LogAudioMixer: Display: 	Max Channels (voices):				  32
[2022.02.13-14.25.06:390][  0]LogAudioMixer: Display: 	Number of Async Source Workers:		  0
[2022.02.13-14.25.06:390][  0]LogAudio: Display: AudioDevice MaxSources: 32
[2022.02.13-14.25.06:390][  0]LogAudio: Display: Audio Spatialization Plugin: None (built-in).
[2022.02.13-14.25.06:390][  0]LogAudio: Display: Audio Reverb Plugin: None (built-in).
[2022.02.13-14.25.06:390][  0]LogAudio: Display: Audio Occlusion Plugin: None (built-in).
[2022.02.13-14.25.06:391][  0]LogAudioMixer: Display: Initializing audio mixer.
[2022.02.13-14.25.06:403][  0]LogAudioMixer: Display: 0: FrontLeft
[2022.02.13-14.25.06:403][  0]LogAudioMixer: Display: 1: FrontRight
[2022.02.13-14.25.06:480][  0]LogAudioMixer: Display: Using Audio Device Headphones (Realtek(R) Audio)
[2022.02.13-14.25.06:483][  0]LogAudioMixer: Display: Initializing Sound Submixes...
[2022.02.13-14.25.06:485][  0]LogAudioMixer: Display: Creating Master Submix 'MasterSubmixDefault'
[2022.02.13-14.25.06:485][  0]LogAudioMixer: Display: Creating Master Submix 'MasterReverbSubmixDefault'
[2022.02.13-14.25.06:486][  0]LogAudioMixer: Display: Creating Master Submix 'MasterEQSubmixDefault'
[2022.02.13-14.25.06:486][  0]LogAudioMixer: FMixerPlatformXAudio2::StartAudioStream() called
[2022.02.13-14.25.06:486][  0]LogAudioMixer: Display: Output buffers initialized: Frames=1024, Channels=2, Samples=2048
[2022.02.13-14.25.06:487][  0]LogAudioMixer: Display: Starting AudioMixerPlatformInterface::RunInternal()
[2022.02.13-14.25.06:487][  0]LogAudioMixer: Display: FMixerPlatformXAudio2::SubmitBuffer() called for the first time
[2022.02.13-14.25.06:487][  0]LogInit: FAudioDevice initialized.
[2022.02.13-14.25.06:487][  0]LogAudio: Display: Audio Device (ID: 1) registered with world 'Untitled'.
[2022.02.13-14.25.06:488][  0]LogNetVersion: Set ProjectVersion to 1.0.0.0. Version Checksum will be recalculated on next use.
[2022.02.13-14.25.06:540][  0]LogDerivedDataCache: Saved boot cache 0.05s 102MB C:/Users/Artem/AppData/Local/UnrealEngine/4.27/DerivedDataCache/Boot.ddc.
[2022.02.13-14.25.06:540][  0]LogInit: Texture streaming: Enabled
[2022.02.13-14.25.06:553][  0]LogAnalytics: Display: [UEEditor.Rocket.Release] APIServer = https://datarouter.ol.epicgames.com/. AppVersion = 4.27.2-18319896+++UE4+Release-4.27
[2022.02.13-14.25.06:559][  0]LogEngineSessionManager: EngineSessionManager initialized
[2022.02.13-14.25.06:559][  0]LogEngineSessionManager: EngineSessionManager sent abnormal shutdown report. Type=Debugger, SessionId={72AF803D-4FB2-6182-93DC-CEAFA713951E}
[2022.02.13-14.25.06:559][  0]LogEngineSessionManager: EngineSessionManager sent abnormal shutdown report. Type=Debugger, SessionId={BBF01058-4ECD-CE4E-80A7-A6AE0ED8CE43}
[2022.02.13-14.25.06:559][  0]LogEditorSessionSummary: Verbose: Initializing EditorSessionSummaryWriter for editor session tracking
[2022.02.13-14.25.06:561][  0]LogEditorSessionSummary: EditorSessionSummaryWriter initialized
[2022.02.13-14.25.06:580][  0]LogInit: Transaction tracking system initialized
[2022.02.13-14.25.06:605][  0]BlueprintLog: New page: Editor Load
[2022.02.13-14.25.06:672][  0]LocalizationService: Localization service is disabled
[2022.02.13-14.25.06:695][  0]TimingProfiler: Initialize
[2022.02.13-14.25.06:695][  0]TimingProfiler: OnSessionChanged
[2022.02.13-14.25.06:695][  0]LoadingProfiler: Initialize
[2022.02.13-14.25.06:695][  0]LoadingProfiler: OnSessionChanged
[2022.02.13-14.25.06:695][  0]NetworkingProfiler: Initialize
[2022.02.13-14.25.06:695][  0]NetworkingProfiler: OnSessionChanged
[2022.02.13-14.25.06:695][  0]MemoryProfiler: Initialize
[2022.02.13-14.25.06:695][  0]MemoryProfiler: OnSessionChanged
[2022.02.13-14.25.06:817][  0]LogCook: Display: CookSettings for Memory: MemoryMaxUsedVirtual 0MiB, MemoryMaxUsedPhysical 16384MiB, MemoryMinFreeVirtual 0MiB, MemoryMinFreePhysical 1024MiB
[2022.02.13-14.25.06:817][  0]LogCook: Display: Mobile HDR setting 1
[2022.02.13-14.25.06:885][  0]LogFileCache: Scanning file cache for directory 'E:/UE4/Projects/WargamingAcademy/Cyberpunk2022/Content/' took 0.01s
[2022.02.13-14.25.07:148][  0]LogInit: Display: Engine is initialized. Leaving FEngineLoop::Init()
[2022.02.13-14.25.07:150][  0]SourceControl: Source control is disabled
[2022.02.13-14.25.07:150][  0]LogUnrealEdMisc: Loading editor; pre map load, took 6.748
[2022.02.13-14.25.07:150][  0]Cmd: MAP LOAD FILE="../../../../Projects/WargamingAcademy/Cyberpunk2022/Content/FirstPersonCPP/Maps/bloking.umap" TEMPLATE=0 SHOWPROGRESS=1 FEATURELEVEL=3
[2022.02.13-14.25.07:151][  0]LightingResults: New page: Lighting Build
[2022.02.13-14.25.07:152][  0]LogWorld: UWorld::CleanupWorld for Untitled, bSessionEnded=true, bCleanupResources=true
[2022.02.13-14.25.07:152][  0]LogSlate: InvalidateAllWidgets triggered.  All widgets were invalidated
[2022.02.13-14.25.07:152][  0]MapCheck: New page: Map Check
[2022.02.13-14.25.07:153][  0]LightingResults: New page: Lighting Build
[2022.02.13-14.25.07:156][  0]LogAudio: Display: Audio Device unregistered from world 'None'.
[2022.02.13-14.25.07:160][  0]LogUObjectHash: Compacting FUObjectHashTables data took   0.87ms
[2022.02.13-14.25.07:744][  0]LogAudio: Display: Audio Device (ID: 1) registered with world 'bloking'.
[2022.02.13-14.25.07:745][  0]LogAIModule: Creating AISystem for world bloking
[2022.02.13-14.25.07:844][  0]LogEditorServer: Finished looking for orphan Actors (0.000 secs)
[2022.02.13-14.25.07:894][  0]LogUObjectHash: Compacting FUObjectHashTables data took   1.05ms
[2022.02.13-14.25.07:894][  0]Cmd: MAP CHECKDEP NOCLEARLOG
[2022.02.13-14.25.07:895][  0]MapCheck: Map check complete: 0 Error(s), 0 Warning(s), took 0.299ms to complete.
[2022.02.13-14.25.07:895][  0]LogFileHelpers: Loading map 'bloking' took 0.745
[2022.02.13-14.25.07:897][  0]LogUnrealEdMisc: Total Editor Startup Time, took 7.495
[2022.02.13-14.25.07:998][  0]LogSlate: Updating window title bar state: overlay mode, drag disabled, window buttons hidden, title bar hidden
[2022.02.13-14.25.08:003][  0]LogSlate: Updating window title bar state: overlay mode, drag disabled, window buttons hidden, title bar hidden
[2022.02.13-14.25.08:009][  0]LogSlate: Updating window title bar state: overlay mode, drag disabled, window buttons hidden, title bar hidden
[2022.02.13-14.25.08:014][  0]LogSlate: Updating window title bar state: overlay mode, drag disabled, window buttons hidden, title bar hidden
[2022.02.13-14.25.08:026][  0]LogNativeClassHierarchy: Verbose: Native class hierarchy populated in 0.0089 seconds. Added 3831 classes and 930 folders.
[2022.02.13-14.25.08:028][  0]LogNativeClassHierarchy: Verbose: Native class hierarchy updated for 'WidgetCarousel' in 0.0003 seconds. Added 0 classes and 0 folders.
[2022.02.13-14.25.08:029][  0]LogPakFile: PakFile PrimaryIndexSize=187
[2022.02.13-14.25.08:029][  0]LogPakFile: PakFile PathHashIndexSize=101
[2022.02.13-14.25.08:029][  0]LogPakFile: PakFile FullDirectoryIndexSize=148
[2022.02.13-14.25.08:029][  0]LogShaderLibrary: Display: ShaderCodeLibraryPakFileMountedCallback: PakFile 'E:/UE4/UE_4.27/FeaturePacks/FP_FirstPerson.upack' (chunk index -1, root 'root:/') mounted
[2022.02.13-14.25.08:029][  0]LogShaderLibrary: Display: ShaderCodeLibraryPakFileMountedCallback: pending pak file info (ChunkID:-1 Root:root:/ File:E:/UE4/UE_4.27/FeaturePacks/FP_FirstPerson.upack)
[2022.02.13-14.25.08:029][  0]LogPakFile: OnPakFileMounted2Time == 0.000124
[2022.02.13-14.25.08:030][  0]LogPakFile: PakFile PrimaryIndexSize=189
[2022.02.13-14.25.08:030][  0]LogPakFile: PakFile PathHashIndexSize=101
[2022.02.13-14.25.08:030][  0]LogPakFile: PakFile FullDirectoryIndexSize=152
[2022.02.13-14.25.08:030][  0]LogShaderLibrary: Display: ShaderCodeLibraryPakFileMountedCallback: PakFile 'E:/UE4/UE_4.27/FeaturePacks/FP_FirstPersonBP.upack' (chunk index -1, root 'root:/') mounted
[2022.02.13-14.25.08:030][  0]LogShaderLibrary: Display: ShaderCodeLibraryPakFileMountedCallback: pending pak file info (ChunkID:-1 Root:root:/ File:E:/UE4/UE_4.27/FeaturePacks/FP_FirstPersonBP.upack)
[2022.02.13-14.25.08:030][  0]LogPakFile: OnPakFileMounted2Time == 0.000104
[2022.02.13-14.25.08:031][  0]LogPakFile: PakFile PrimaryIndexSize=191
[2022.02.13-14.25.08:031][  0]LogPakFile: PakFile PathHashIndexSize=101
[2022.02.13-14.25.08:031][  0]LogPakFile: PakFile FullDirectoryIndexSize=160
[2022.02.13-14.25.08:031][  0]LogShaderLibrary: Display: ShaderCodeLibraryPakFileMountedCallback: PakFile 'E:/UE4/UE_4.27/FeaturePacks/MobileStarterContent.upack' (chunk index -1, root 'root:/') mounted
[2022.02.13-14.25.08:031][  0]LogShaderLibrary: Display: ShaderCodeLibraryPakFileMountedCallback: pending pak file info (ChunkID:-1 Root:root:/ File:E:/UE4/UE_4.27/FeaturePacks/MobileStarterContent.upack)
[2022.02.13-14.25.08:031][  0]LogPakFile: OnPakFileMounted2Time == 0.000092
[2022.02.13-14.25.08:031][  0]LogPakFile: PakFile PrimaryIndexSize=185
[2022.02.13-14.25.08:031][  0]LogPakFile: PakFile PathHashIndexSize=101
[2022.02.13-14.25.08:031][  0]LogPakFile: PakFile FullDirectoryIndexSize=148
[2022.02.13-14.25.08:031][  0]LogShaderLibrary: Display: ShaderCodeLibraryPakFileMountedCallback: PakFile 'E:/UE4/UE_4.27/FeaturePacks/StarterContent.upack' (chunk index -1, root 'root:/') mounted
[2022.02.13-14.25.08:031][  0]LogShaderLibrary: Display: ShaderCodeLibraryPakFileMountedCallback: pending pak file info (ChunkID:-1 Root:root:/ File:E:/UE4/UE_4.27/FeaturePacks/StarterContent.upack)
[2022.02.13-14.25.08:031][  0]LogPakFile: OnPakFileMounted2Time == 0.000086
[2022.02.13-14.25.08:032][  0]LogPakFile: PakFile PrimaryIndexSize=190
[2022.02.13-14.25.08:032][  0]LogPakFile: PakFile PathHashIndexSize=101
[2022.02.13-14.25.08:032][  0]LogPakFile: PakFile FullDirectoryIndexSize=154
[2022.02.13-14.25.08:032][  0]LogShaderLibrary: Display: ShaderCodeLibraryPakFileMountedCallback: PakFile 'E:/UE4/UE_4.27/FeaturePacks/TP_2DSideScroller.upack' (chunk index -1, root 'root:/') mounted
[2022.02.13-14.25.08:032][  0]LogShaderLibrary: Display: ShaderCodeLibraryPakFileMountedCallback: pending pak file info (ChunkID:-1 Root:root:/ File:E:/UE4/UE_4.27/FeaturePacks/TP_2DSideScroller.upack)
[2022.02.13-14.25.08:032][  0]LogPakFile: OnPakFileMounted2Time == 0.000078
[2022.02.13-14.25.08:032][  0]LogPakFile: PakFile PrimaryIndexSize=192
[2022.02.13-14.25.08:032][  0]LogPakFile: PakFile PathHashIndexSize=101
[2022.02.13-14.25.08:032][  0]LogPakFile: PakFile FullDirectoryIndexSize=158
[2022.02.13-14.25.08:032][  0]LogShaderLibrary: Display: ShaderCodeLibraryPakFileMountedCallback: PakFile 'E:/UE4/UE_4.27/FeaturePacks/TP_2DSideScrollerBP.upack' (chunk index -1, root 'root:/') mounted
[2022.02.13-14.25.08:033][  0]LogShaderLibrary: Display: ShaderCodeLibraryPakFileMountedCallback: pending pak file info (ChunkID:-1 Root:root:/ File:E:/UE4/UE_4.27/FeaturePacks/TP_2DSideScrollerBP.upack)
[2022.02.13-14.25.08:033][  0]LogPakFile: OnPakFileMounted2Time == 0.000091
[2022.02.13-14.25.08:033][  0]LogPakFile: PakFile PrimaryIndexSize=182
[2022.02.13-14.25.08:033][  0]LogPakFile: PakFile PathHashIndexSize=101
[2022.02.13-14.25.08:033][  0]LogPakFile: PakFile FullDirectoryIndexSize=138
[2022.02.13-14.25.08:033][  0]LogShaderLibrary: Display: ShaderCodeLibraryPakFileMountedCallback: PakFile 'E:/UE4/UE_4.27/FeaturePacks/TP_Flying.upack' (chunk index -1, root 'root:/') mounted
[2022.02.13-14.25.08:033][  0]LogShaderLibrary: Display: ShaderCodeLibraryPakFileMountedCallback: pending pak file info (ChunkID:-1 Root:root:/ File:E:/UE4/UE_4.27/FeaturePacks/TP_Flying.upack)
[2022.02.13-14.25.08:033][  0]LogPakFile: OnPakFileMounted2Time == 0.000090
[2022.02.13-14.25.08:033][  0]LogPakFile: PakFile PrimaryIndexSize=184
[2022.02.13-14.25.08:034][  0]LogPakFile: PakFile PathHashIndexSize=101
[2022.02.13-14.25.08:034][  0]LogPakFile: PakFile FullDirectoryIndexSize=142
[2022.02.13-14.25.08:034][  0]LogShaderLibrary: Display: ShaderCodeLibraryPakFileMountedCallback: PakFile 'E:/UE4/UE_4.27/FeaturePacks/TP_FlyingBP.upack' (chunk index -1, root 'root:/') mounted
[2022.02.13-14.25.08:034][  0]LogShaderLibrary: Display: ShaderCodeLibraryPakFileMountedCallback: pending pak file info (ChunkID:-1 Root:root:/ File:E:/UE4/UE_4.27/FeaturePacks/TP_FlyingBP.upack)
[2022.02.13-14.25.08:034][  0]LogPakFile: OnPakFileMounted2Time == 0.000104
[2022.02.13-14.25.08:034][  0]LogPakFile: PakFile PrimaryIndexSize=188
[2022.02.13-14.25.08:034][  0]LogPakFile: PakFile PathHashIndexSize=101
[2022.02.13-14.25.08:034][  0]LogPakFile: PakFile FullDirectoryIndexSize=150
[2022.02.13-14.25.08:034][  0]LogShaderLibrary: Display: ShaderCodeLibraryPakFileMountedCallback: PakFile 'E:/UE4/UE_4.27/FeaturePacks/TP_HandheldARBP.upack' (chunk index -1, root 'root:/') mounted
[2022.02.13-14.25.08:034][  0]LogShaderLibrary: Display: ShaderCodeLibraryPakFileMountedCallback: pending pak file info (ChunkID:-1 Root:root:/ File:E:/UE4/UE_4.27/FeaturePacks/TP_HandheldARBP.upack)
[2022.02.13-14.25.08:034][  0]LogPakFile: OnPakFileMounted2Time == 0.000085
[2022.02.13-14.25.08:035][  0]LogPakFile: PakFile PrimaryIndexSize=182
[2022.02.13-14.25.08:035][  0]LogPakFile: PakFile PathHashIndexSize=101
[2022.02.13-14.25.08:035][  0]LogPakFile: PakFile FullDirectoryIndexSize=138
[2022.02.13-14.25.08:035][  0]LogShaderLibrary: Display: ShaderCodeLibraryPakFileMountedCallback: PakFile 'E:/UE4/UE_4.27/FeaturePacks/TP_Puzzle.upack' (chunk index -1, root 'root:/') mounted
[2022.02.13-14.25.08:035][  0]LogShaderLibrary: Display: ShaderCodeLibraryPakFileMountedCallback: pending pak file info (ChunkID:-1 Root:root:/ File:E:/UE4/UE_4.27/FeaturePacks/TP_Puzzle.upack)
[2022.02.13-14.25.08:035][  0]LogPakFile: OnPakFileMounted2Time == 0.000101
[2022.02.13-14.25.08:036][  0]LogPakFile: PakFile PrimaryIndexSize=184
[2022.02.13-14.25.08:036][  0]LogPakFile: PakFile PathHashIndexSize=101
[2022.02.13-14.25.08:036][  0]LogPakFile: PakFile FullDirectoryIndexSize=142
[2022.02.13-14.25.08:036][  0]LogShaderLibrary: Display: ShaderCodeLibraryPakFileMountedCallback: PakFile 'E:/UE4/UE_4.27/FeaturePacks/TP_PuzzleBP.upack' (chunk index -1, root 'root:/') mounted
[2022.02.13-14.25.08:036][  0]LogShaderLibrary: Display: ShaderCodeLibraryPakFileMountedCallback: pending pak file info (ChunkID:-1 Root:root:/ File:E:/UE4/UE_4.27/FeaturePacks/TP_PuzzleBP.upack)
[2022.02.13-14.25.08:036][  0]LogPakFile: OnPakFileMounted2Time == 0.000085
[2022.02.13-14.25.08:036][  0]LogPakFile: PakFile PrimaryIndexSize=183
[2022.02.13-14.25.08:036][  0]LogPakFile: PakFile PathHashIndexSize=101
[2022.02.13-14.25.08:036][  0]LogPakFile: PakFile FullDirectoryIndexSize=140
[2022.02.13-14.25.08:036][  0]LogShaderLibrary: Display: ShaderCodeLibraryPakFileMountedCallback: PakFile 'E:/UE4/UE_4.27/FeaturePacks/TP_Rolling.upack' (chunk index -1, root 'root:/') mounted
[2022.02.13-14.25.08:036][  0]LogShaderLibrary: Display: ShaderCodeLibraryPakFileMountedCallback: pending pak file info (ChunkID:-1 Root:root:/ File:E:/UE4/UE_4.27/FeaturePacks/TP_Rolling.upack)
[2022.02.13-14.25.08:036][  0]LogPakFile: OnPakFileMounted2Time == 0.000108
[2022.02.13-14.25.08:037][  0]LogPakFile: PakFile PrimaryIndexSize=185
[2022.02.13-14.25.08:037][  0]LogPakFile: PakFile PathHashIndexSize=101
[2022.02.13-14.25.08:037][  0]LogPakFile: PakFile FullDirectoryIndexSize=144
[2022.02.13-14.25.08:037][  0]LogShaderLibrary: Display: ShaderCodeLibraryPakFileMountedCallback: PakFile 'E:/UE4/UE_4.27/FeaturePacks/TP_RollingBP.upack' (chunk index -1, root 'root:/') mounted
[2022.02.13-14.25.08:037][  0]LogShaderLibrary: Display: ShaderCodeLibraryPakFileMountedCallback: pending pak file info (ChunkID:-1 Root:root:/ File:E:/UE4/UE_4.27/FeaturePacks/TP_RollingBP.upack)
[2022.02.13-14.25.08:037][  0]LogPakFile: OnPakFileMounted2Time == 0.000116
[2022.02.13-14.25.08:038][  0]LogPakFile: PakFile PrimaryIndexSize=188
[2022.02.13-14.25.08:038][  0]LogPakFile: PakFile PathHashIndexSize=101
[2022.02.13-14.25.08:038][  0]LogPakFile: PakFile FullDirectoryIndexSize=150
[2022.02.13-14.25.08:038][  0]LogShaderLibrary: Display: ShaderCodeLibraryPakFileMountedCallback: PakFile 'E:/UE4/UE_4.27/FeaturePacks/TP_SideScroller.upack' (chunk index -1, root 'root:/') mounted
[2022.02.13-14.25.08:038][  0]LogShaderLibrary: Display: ShaderCodeLibraryPakFileMountedCallback: pending pak file info (ChunkID:-1 Root:root:/ File:E:/UE4/UE_4.27/FeaturePacks/TP_SideScroller.upack)
[2022.02.13-14.25.08:038][  0]LogPakFile: OnPakFileMounted2Time == 0.000098
[2022.02.13-14.25.08:038][  0]LogPakFile: PakFile PrimaryIndexSize=190
[2022.02.13-14.25.08:038][  0]LogPakFile: PakFile PathHashIndexSize=101
[2022.02.13-14.25.08:038][  0]LogPakFile: PakFile FullDirectoryIndexSize=154
[2022.02.13-14.25.08:039][  0]LogShaderLibrary: Display: ShaderCodeLibraryPakFileMountedCallback: PakFile 'E:/UE4/UE_4.27/FeaturePacks/TP_SideScrollerBP.upack' (chunk index -1, root 'root:/') mounted
[2022.02.13-14.25.08:039][  0]LogShaderLibrary: Display: ShaderCodeLibraryPakFileMountedCallback: pending pak file info (ChunkID:-1 Root:root:/ File:E:/UE4/UE_4.27/FeaturePacks/TP_SideScrollerBP.upack)
[2022.02.13-14.25.08:039][  0]LogPakFile: OnPakFileMounted2Time == 0.000117
[2022.02.13-14.25.08:039][  0]LogPakFile: PakFile PrimaryIndexSize=187
[2022.02.13-14.25.08:039][  0]LogPakFile: PakFile PathHashIndexSize=101
[2022.02.13-14.25.08:039][  0]LogPakFile: PakFile FullDirectoryIndexSize=148
[2022.02.13-14.25.08:039][  0]LogShaderLibrary: Display: ShaderCodeLibraryPakFileMountedCallback: PakFile 'E:/UE4/UE_4.27/FeaturePacks/TP_ThirdPerson.upack' (chunk index -1, root 'root:/') mounted
[2022.02.13-14.25.08:039][  0]LogShaderLibrary: Display: ShaderCodeLibraryPakFileMountedCallback: pending pak file info (ChunkID:-1 Root:root:/ File:E:/UE4/UE_4.27/FeaturePacks/TP_ThirdPerson.upack)
[2022.02.13-14.25.08:039][  0]LogPakFile: OnPakFileMounted2Time == 0.000109
[2022.02.13-14.25.08:040][  0]LogPakFile: PakFile PrimaryIndexSize=189
[2022.02.13-14.25.08:040][  0]LogPakFile: PakFile PathHashIndexSize=101
[2022.02.13-14.25.08:040][  0]LogPakFile: PakFile FullDirectoryIndexSize=152
[2022.02.13-14.25.08:040][  0]LogShaderLibrary: Display: ShaderCodeLibraryPakFileMountedCallback: PakFile 'E:/UE4/UE_4.27/FeaturePacks/TP_ThirdPersonBP.upack' (chunk index -1, root 'root:/') mounted
[2022.02.13-14.25.08:040][  0]LogShaderLibrary: Display: ShaderCodeLibraryPakFileMountedCallback: pending pak file info (ChunkID:-1 Root:root:/ File:E:/UE4/UE_4.27/FeaturePacks/TP_ThirdPersonBP.upack)
[2022.02.13-14.25.08:040][  0]LogPakFile: OnPakFileMounted2Time == 0.000111
[2022.02.13-14.25.08:040][  0]LogPakFile: PakFile PrimaryIndexSize=183
[2022.02.13-14.25.08:041][  0]LogPakFile: PakFile PathHashIndexSize=101
[2022.02.13-14.25.08:041][  0]LogPakFile: PakFile FullDirectoryIndexSize=140
[2022.02.13-14.25.08:041][  0]LogShaderLibrary: Display: ShaderCodeLibraryPakFileMountedCallback: PakFile 'E:/UE4/UE_4.27/FeaturePacks/TP_TopDown.upack' (chunk index -1, root 'root:/') mounted
[2022.02.13-14.25.08:041][  0]LogShaderLibrary: Display: ShaderCodeLibraryPakFileMountedCallback: pending pak file info (ChunkID:-1 Root:root:/ File:E:/UE4/UE_4.27/FeaturePacks/TP_TopDown.upack)
[2022.02.13-14.25.08:041][  0]LogPakFile: OnPakFileMounted2Time == 0.000099
[2022.02.13-14.25.08:041][  0]LogPakFile: PakFile PrimaryIndexSize=185
[2022.02.13-14.25.08:041][  0]LogPakFile: PakFile PathHashIndexSize=101
[2022.02.13-14.25.08:041][  0]LogPakFile: PakFile FullDirectoryIndexSize=144
[2022.02.13-14.25.08:041][  0]LogShaderLibrary: Display: ShaderCodeLibraryPakFileMountedCallback: PakFile 'E:/UE4/UE_4.27/FeaturePacks/TP_TopDownBP.upack' (chunk index -1, root 'root:/') mounted
[2022.02.13-14.25.08:041][  0]LogShaderLibrary: Display: ShaderCodeLibraryPakFileMountedCallback: pending pak file info (ChunkID:-1 Root:root:/ File:E:/UE4/UE_4.27/FeaturePacks/TP_TopDownBP.upack)
[2022.02.13-14.25.08:041][  0]LogPakFile: OnPakFileMounted2Time == 0.000112
[2022.02.13-14.25.08:042][  0]LogPakFile: PakFile PrimaryIndexSize=185
[2022.02.13-14.25.08:042][  0]LogPakFile: PakFile PathHashIndexSize=101
[2022.02.13-14.25.08:042][  0]LogPakFile: PakFile FullDirectoryIndexSize=144
[2022.02.13-14.25.08:042][  0]LogShaderLibrary: Display: ShaderCodeLibraryPakFileMountedCallback: PakFile 'E:/UE4/UE_4.27/FeaturePacks/TP_TwinStick.upack' (chunk index -1, root 'root:/') mounted
[2022.02.13-14.25.08:042][  0]LogShaderLibrary: Display: ShaderCodeLibraryPakFileMountedCallback: pending pak file info (ChunkID:-1 Root:root:/ File:E:/UE4/UE_4.27/FeaturePacks/TP_TwinStick.upack)
[2022.02.13-14.25.08:042][  0]LogPakFile: OnPakFileMounted2Time == 0.000078
[2022.02.13-14.25.08:043][  0]LogPakFile: PakFile PrimaryIndexSize=187
[2022.02.13-14.25.08:043][  0]LogPakFile: PakFile PathHashIndexSize=101
[2022.02.13-14.25.08:043][  0]LogPakFile: PakFile FullDirectoryIndexSize=148
[2022.02.13-14.25.08:043][  0]LogShaderLibrary: Display: ShaderCodeLibraryPakFileMountedCallback: PakFile 'E:/UE4/UE_4.27/FeaturePacks/TP_TwinStickBP.upack' (chunk index -1, root 'root:/') mounted
[2022.02.13-14.25.08:043][  0]LogShaderLibrary: Display: ShaderCodeLibraryPakFileMountedCallback: pending pak file info (ChunkID:-1 Root:root:/ File:E:/UE4/UE_4.27/FeaturePacks/TP_TwinStickBP.upack)
[2022.02.13-14.25.08:043][  0]LogPakFile: OnPakFileMounted2Time == 0.000110
[2022.02.13-14.25.08:043][  0]LogPakFile: PakFile PrimaryIndexSize=183
[2022.02.13-14.25.08:043][  0]LogPakFile: PakFile PathHashIndexSize=101
[2022.02.13-14.25.08:043][  0]LogPakFile: PakFile FullDirectoryIndexSize=140
[2022.02.13-14.25.08:043][  0]LogShaderLibrary: Display: ShaderCodeLibraryPakFileMountedCallback: PakFile 'E:/UE4/UE_4.27/FeaturePacks/TP_Vehicle.upack' (chunk index -1, root 'root:/') mounted
[2022.02.13-14.25.08:043][  0]LogShaderLibrary: Display: ShaderCodeLibraryPakFileMountedCallback: pending pak file info (ChunkID:-1 Root:root:/ File:E:/UE4/UE_4.27/FeaturePacks/TP_Vehicle.upack)
[2022.02.13-14.25.08:044][  0]LogPakFile: OnPakFileMounted2Time == 0.000119
[2022.02.13-14.25.08:044][  0]LogPakFile: PakFile PrimaryIndexSize=186
[2022.02.13-14.25.08:044][  0]LogPakFile: PakFile PathHashIndexSize=101
[2022.02.13-14.25.08:044][  0]LogPakFile: PakFile FullDirectoryIndexSize=146
[2022.02.13-14.25.08:044][  0]LogShaderLibrary: Display: ShaderCodeLibraryPakFileMountedCallback: PakFile 'E:/UE4/UE_4.27/FeaturePacks/TP_VehicleAdv.upack' (chunk index -1, root 'root:/') mounted
[2022.02.13-14.25.08:044][  0]LogShaderLibrary: Display: ShaderCodeLibraryPakFileMountedCallback: pending pak file info (ChunkID:-1 Root:root:/ File:E:/UE4/UE_4.27/FeaturePacks/TP_VehicleAdv.upack)
[2022.02.13-14.25.08:044][  0]LogPakFile: OnPakFileMounted2Time == 0.000089
[2022.02.13-14.25.08:045][  0]LogPakFile: PakFile PrimaryIndexSize=188
[2022.02.13-14.25.08:045][  0]LogPakFile: PakFile PathHashIndexSize=101
[2022.02.13-14.25.08:045][  0]LogPakFile: PakFile FullDirectoryIndexSize=150
[2022.02.13-14.25.08:045][  0]LogShaderLibrary: Display: ShaderCodeLibraryPakFileMountedCallback: PakFile 'E:/UE4/UE_4.27/FeaturePacks/TP_VehicleAdvBP.upack' (chunk index -1, root 'root:/') mounted
[2022.02.13-14.25.08:045][  0]LogShaderLibrary: Display: ShaderCodeLibraryPakFileMountedCallback: pending pak file info (ChunkID:-1 Root:root:/ File:E:/UE4/UE_4.27/FeaturePacks/TP_VehicleAdvBP.upack)
[2022.02.13-14.25.08:045][  0]LogPakFile: OnPakFileMounted2Time == 0.000120
[2022.02.13-14.25.08:045][  0]LogPakFile: PakFile PrimaryIndexSize=185
[2022.02.13-14.25.08:045][  0]LogPakFile: PakFile PathHashIndexSize=101
[2022.02.13-14.25.08:046][  0]LogPakFile: PakFile FullDirectoryIndexSize=144
[2022.02.13-14.25.08:046][  0]LogShaderLibrary: Display: ShaderCodeLibraryPakFileMountedCallback: PakFile 'E:/UE4/UE_4.27/FeaturePacks/TP_VehicleBP.upack' (chunk index -1, root 'root:/') mounted
[2022.02.13-14.25.08:046][  0]LogShaderLibrary: Display: ShaderCodeLibraryPakFileMountedCallback: pending pak file info (ChunkID:-1 Root:root:/ File:E:/UE4/UE_4.27/FeaturePacks/TP_VehicleBP.upack)
[2022.02.13-14.25.08:046][  0]LogPakFile: OnPakFileMounted2Time == 0.000101
[2022.02.13-14.25.08:046][  0]LogPakFile: PakFile PrimaryIndexSize=192
[2022.02.13-14.25.08:046][  0]LogPakFile: PakFile PathHashIndexSize=101
[2022.02.13-14.25.08:046][  0]LogPakFile: PakFile FullDirectoryIndexSize=158
[2022.02.13-14.25.08:046][  0]LogShaderLibrary: Display: ShaderCodeLibraryPakFileMountedCallback: PakFile 'E:/UE4/UE_4.27/FeaturePacks/TP_VirtualRealityBP.upack' (chunk index -1, root 'root:/') mounted
[2022.02.13-14.25.08:046][  0]LogShaderLibrary: Display: ShaderCodeLibraryPakFileMountedCallback: pending pak file info (ChunkID:-1 Root:root:/ File:E:/UE4/UE_4.27/FeaturePacks/TP_VirtualRealityBP.upack)
[2022.02.13-14.25.08:046][  0]LogPakFile: OnPakFileMounted2Time == 0.000109
[2022.02.13-14.25.08:076][  0]LogNativeClassHierarchy: Verbose: Native class hierarchy updated for 'AddContentDialog' in 0.0003 seconds. Added 0 classes and 0 folders.
[2022.02.13-14.25.08:080][  0]LogNativeClassHierarchy: Verbose: Native class hierarchy updated for 'SceneOutliner' in 0.0003 seconds. Added 2 classes and 0 folders.
[2022.02.13-14.25.08:281][  0]LogSlate: Took 0.000136 seconds to synchronously load lazily loaded font '../../../Engine/Content/Slate/Fonts/Roboto-Regular.ttf' (155K)
[2022.02.13-14.25.08:282][  0]LogSlate: Took 0.000143 seconds to synchronously load lazily loaded font '../../../Engine/Content/Editor/Slate/Fonts/FontAwesome.ttf' (139K)
[2022.02.13-14.25.08:283][  0]LogSlate: Took 0.000197 seconds to synchronously load lazily loaded font '../../../Engine/Content/Slate/Fonts/Roboto-Bold.ttf' (160K)
[2022.02.13-14.25.08:391][  0]LogRenderer: Reallocating scene render targets to support 1256x572 Format 10 NumSamples 1 (Frame:1).
[2022.02.13-14.25.08:469][  0]LogSlate: Took 0.000198 seconds to synchronously load lazily loaded font '../../../Engine/Content/Slate/Fonts/Roboto-Light.ttf' (167K)
[2022.02.13-14.25.08:548][  0]LogNativeClassHierarchy: Verbose: Native class hierarchy updated for 'HierarchicalLODOutliner' in 0.0003 seconds. Added 0 classes and 0 folders.
[2022.02.13-14.25.08:548][  0]LogLoad: (Engine Initialization) Total time: 8.15 seconds
[2022.02.13-14.25.08:548][  0]LogLoad: (Engine Initialization) Total Blueprint compile time: 0.00 seconds
[2022.02.13-14.25.08:606][  0]LogAssetRegistry: Asset discovery search completed in 4.8489 seconds
[2022.02.13-14.25.08:611][  0]LogCollectionManager: Fixed up redirectors for 0 collections in 0.000004 seconds (updated 0 objects)
[2022.02.13-14.25.08:612][  0]LogContentStreaming: Texture pool size now 1000 MB
[2022.02.13-14.25.14:666][354]LogSlate: Took 0.000114 seconds to synchronously load lazily loaded font '../../../Engine/Content/Slate/Fonts/Roboto-Light.ttf' (167K)
[2022.02.13-14.25.14:682][354]LogAssetEditorSubsystem: Opening Asset editor for WidgetBlueprint /Game/FirstPersonCPP/HUD/BP_AmmoCount.BP_AmmoCount
[2022.02.13-14.25.14:773][354]LogNativeClassHierarchy: Verbose: Native class hierarchy updated for 'BlueprintGraph' in 0.0006 seconds. Added 126 classes and 0 folders.
[2022.02.13-14.25.15:833][354]LogSlate: Took 0.000158 seconds to synchronously load lazily loaded font '../../../Engine/Content/Slate/Fonts/Roboto-BoldCondensed.ttf' (158K)
[2022.02.13-14.25.18:427][502]LogSlate: Took 0.001530 seconds to synchronously load lazily loaded font '../../../Engine/Content/Slate/Fonts/DroidSansFallback.ttf' (3848K)
[2022.02.13-14.25.26:733][887]BlueprintLog: New page: Compile BP_AmmoCount
[2022.02.13-14.25.26:790][887]LogUObjectHash: Compacting FUObjectHashTables data took   4.09ms
[2022.02.13-14.25.27:267][907]Cmd: OBJ SAVEPACKAGE PACKAGE="/Game/FirstPersonCPP/HUD/BP_AmmoCount" FILE="../../../../Projects/WargamingAcademy/Cyberpunk2022/Content/FirstPersonCPP/HUD/BP_AmmoCount.uasset" SILENT=true
[2022.02.13-14.25.27:283][907]LogSavePackage: Moving '../../../../Projects/WargamingAcademy/Cyberpunk2022/Saved/BP_AmmoCount24A7F2274C3110B9F2D6C9A6EFD07F2B.tmp' to '../../../../Projects/WargamingAcademy/Cyberpunk2022/Content/FirstPersonCPP/HUD/BP_AmmoCount.uasset'
[2022.02.13-14.25.27:302][907]AssetCheck: New page: Asset Save: BP_AmmoCount
[2022.02.13-14.25.27:303][907]LogContentValidation: Display: Validating WidgetBlueprint /Game/FirstPersonCPP/HUD/BP_AmmoCount.BP_AmmoCount
[2022.02.13-14.25.28:218][959]LogSlate: Window 'BP_AmmoCount' being destroyed
[2022.02.13-14.25.28:221][959]LogSlate: Window 'BP_AmmoCount' being destroyed
[2022.02.13-14.25.28:225][959]LogWorld: UWorld::CleanupWorld for World_4, bSessionEnded=true, bCleanupResources=true
[2022.02.13-14.25.28:225][959]LogSlate: InvalidateAllWidgets triggered.  All widgets were invalidated
[2022.02.13-14.25.28:232][959]LogWorld: UWorld::CleanupWorld for World_3, bSessionEnded=true, bCleanupResources=true
[2022.02.13-14.25.28:232][959]LogSlate: InvalidateAllWidgets triggered.  All widgets were invalidated
[2022.02.13-14.25.31:855][173]LogAssetEditorSubsystem: Opening Asset editor for Blueprint /Game/FirstPersonCPP/Weapons/BaseWeapon/BP_BaseWeapon.BP_BaseWeapon
[2022.02.13-14.25.41:523][722]LogSlate: Window 'BP_BaseWeapon' being destroyed
[2022.02.13-14.25.41:545][722]LogWorld: UWorld::CleanupWorld for World_7, bSessionEnded=true, bCleanupResources=true
[2022.02.13-14.25.41:545][722]LogSlate: InvalidateAllWidgets triggered.  All widgets were invalidated
[2022.02.13-14.25.41:612][722]LogAssetEditorSubsystem: Opening Asset editor for Blueprint /Game/FirstPersonCPP/Weapons/BaseWeapon/BP_BaseWeapon.BP_BaseWeapon
