Log file open, 02/13/22 17:34:26
LogWindows: Failed to load 'aqProf.dll' (GetLastError=126)
LogWindows: File 'aqProf.dll' does not exist
LogWindows: Failed to load 'VtuneApi.dll' (GetLastError=126)
LogWindows: File 'VtuneApi.dll' does not exist
LogWindows: Failed to load 'VtuneApi32e.dll' (GetLastError=126)
LogWindows: File 'VtuneApi32e.dll' does not exist
LogConsoleResponse: Display: Failed to find resolution value strings in scalability ini. Falling back to default.
LogConsoleResponse: Display: Failed to find resolution value strings in scalability ini. Falling back to default.
LogInit: Display: Running engine for game: Cyberpunk2022
LogPlatformFile: Not using cached read wrapper
LogTaskGraph: Started task graph with 5 named threads and 35 total threads with 3 sets of task threads.
LogStats: Stats thread started at 0.334258
LogICUInternationalization: ICU TimeZone Detection - Raw Offset: +3:00, Platform Override: ''
LogInit: Display: Loading text-based GConfig....
LogPluginManager: Mounting plugin MeshPainting
LogPluginManager: Mounting plugin XGEController
LogPluginManager: Mounting plugin AISupport
LogPluginManager: Mounting plugin EnvironmentQueryEditor
LogPluginManager: Mounting plugin Paper2D
LogPluginManager: Mounting plugin LightPropagationVolume
LogPluginManager: Mounting plugin OodleData
LogPluginManager: Mounting plugin OodleNetwork
LogPluginManager: Mounting plugin GameplayCameras
LogPluginManager: Mounting plugin CameraShakePreviewer
LogPluginManager: Mounting plugin AnimationSharing
LogPluginManager: Mounting plugin CodeLiteSourceCodeAccess
LogPluginManager: Mounting plugin GitSourceControl
LogPluginManager: Mounting plugin CLionSourceCodeAccess
LogPluginManager: Mounting plugin NullSourceCodeAccess
LogPluginManager: Mounting plugin KDevelopSourceCodeAccess
LogPluginManager: Mounting plugin PlasticSourceControl
LogPluginManager: Mounting plugin PixWinPlugin
LogPluginManager: Mounting plugin PluginUtils
LogPluginManager: Mounting plugin RiderSourceCodeAccess
LogPluginManager: Mounting plugin PerforceSourceControl
LogPluginManager: Mounting plugin PropertyAccessNode
LogPluginManager: Mounting plugin TextureFormatOodle
LogPluginManager: Mounting plugin SubversionSourceControl
LogPluginManager: Mounting plugin VisualStudioCodeSourceCodeAccess
LogPluginManager: Mounting plugin UObjectPlugin
LogPluginManager: Mounting plugin XCodeSourceCodeAccess
LogPluginManager: Mounting plugin VisualStudioSourceCodeAccess
LogPluginManager: Mounting plugin AutomationUtils
LogPluginManager: Mounting plugin AlembicImporter
LogPluginManager: Mounting plugin BackChannel
LogPluginManager: Mounting plugin ChaosCloth
LogPluginManager: Mounting plugin ChaosEditor
LogPluginManager: Mounting plugin ChaosClothEditor
LogPluginManager: Mounting plugin ChaosNiagara
LogPluginManager: Mounting plugin ChaosSolverPlugin
LogPluginManager: Mounting plugin CryptoKeys
LogPluginManager: Mounting plugin CurveEditorTools
LogPluginManager: Mounting plugin DataValidation
LogPluginManager: Mounting plugin FacialAnimation
LogPluginManager: Mounting plugin GameplayTagsEditor
LogPluginManager: Mounting plugin GeometryMode
LogPluginManager: Mounting plugin MacGraphicsSwitching
LogPluginManager: Mounting plugin MaterialAnalyzer
LogPluginManager: Mounting plugin CharacterAI
LogPluginManager: Mounting plugin MobileLauncherProfileWizard
LogPluginManager: Mounting plugin SpeedTreeImporter
LogPluginManager: Mounting plugin GeometryCache
LogPluginManager: Mounting plugin GeometryProcessing
LogPluginManager: Mounting plugin GeometryCollectionPlugin
LogPluginManager: Mounting plugin AssetManagerEditor
LogPluginManager: Mounting plugin MotoSynth
LogPluginManager: Mounting plugin OpenImageDenoise
LogPluginManager: Mounting plugin PlanarCut
LogPluginManager: Mounting plugin PlatformCrypto
LogPluginManager: Mounting plugin ProxyLODPlugin
LogPluginManager: Mounting plugin Niagara
LogPluginManager: Mounting plugin PythonScriptPlugin
LogPluginManager: Mounting plugin SkeletalReduction
LogPluginManager: Mounting plugin LuminPlatformFeatures
LogPluginManager: Mounting plugin MagicLeap
LogPluginManager: Mounting plugin MagicLeapLightEstimation
LogPluginManager: Mounting plugin DatasmithContent
LogPluginManager: Mounting plugin MagicLeapMedia
LogPluginManager: Mounting plugin AndroidMedia
LogPluginManager: Mounting plugin MagicLeapPassableWorld
LogPluginManager: Mounting plugin AvfMedia
LogPluginManager: Mounting plugin MLSDK
LogPluginManager: Mounting plugin VariantManagerContent
LogPluginManager: Mounting plugin ImgMedia
LogPluginManager: Mounting plugin PluginBrowser
LogPluginManager: Mounting plugin MediaPlayerEditor
LogPluginManager: Mounting plugin WebMMedia
LogPluginManager: Mounting plugin WmfMedia
LogPluginManager: Mounting plugin TcpMessaging
LogPluginManager: Mounting plugin UdpMessaging
LogPluginManager: Mounting plugin ActorSequence
LogPluginManager: Mounting plugin MatineeToLevelSequence
LogPluginManager: Mounting plugin LevelSequenceEditor
LogPluginManager: Mounting plugin TemplateSequence
LogPluginManager: Mounting plugin OnlineSubsystem
LogPluginManager: Mounting plugin OnlineSubsystemNull
LogPluginManager: Mounting plugin OnlineSubsystemUtils
LogPluginManager: Mounting plugin LauncherChunkInstaller
LogPluginManager: Mounting plugin ActorLayerUtilities
LogPluginManager: Mounting plugin AndroidDeviceProfileSelector
LogPluginManager: Mounting plugin AndroidMoviePlayer
LogPluginManager: Mounting plugin AppleImageUtils
LogPluginManager: Mounting plugin AppleMoviePlayer
LogPluginManager: Mounting plugin AssetTags
LogPluginManager: Mounting plugin ArchVisCharacter
LogPluginManager: Mounting plugin AndroidPermission
LogPluginManager: Mounting plugin AudioCapture
LogPluginManager: Mounting plugin AudioSynesthesia
LogPluginManager: Mounting plugin ChunkDownloader
LogPluginManager: Mounting plugin CustomMeshComponent
LogPluginManager: Mounting plugin CableComponent
LogPluginManager: Mounting plugin EditableMesh
LogPluginManager: Mounting plugin ExampleDeviceProfileSelector
LogPluginManager: Mounting plugin GoogleCloudMessaging
LogPluginManager: Mounting plugin GooglePAD
LogPluginManager: Mounting plugin IOSDeviceProfileSelector
LogPluginManager: Mounting plugin LinuxDeviceProfileSelector
LogPluginManager: Mounting plugin LocationServicesBPLibrary
LogPluginManager: Mounting plugin MobilePatchingUtils
LogPluginManager: Mounting plugin OpenXR
LogPluginManager: Mounting plugin OpenXREyeTracker
LogPluginManager: Mounting plugin OpenXRHandTracking
LogPluginManager: Mounting plugin PhysXVehicles
LogPluginManager: Mounting plugin PostSplashScreen
LogPluginManager: Mounting plugin ProceduralMeshComponent
LogPluginManager: Mounting plugin PropertyAccessEditor
LogPluginManager: Mounting plugin ScreenshotTools
LogPluginManager: Mounting plugin SignificanceManager
LogPluginManager: Mounting plugin SoundFields
LogPluginManager: Mounting plugin Synthesis
LogPluginManager: Mounting plugin RuntimePhysXCooking
LogPluginManager: Mounting plugin WebMMoviePlayer
LogPluginManager: Mounting plugin WindowsMoviePlayer
LogPluginManager: Mounting plugin Takes
LogPluginManager: Mounting plugin LiveLink
LogPluginManager: Mounting plugin MediaCompositing
LogPluginManager: Mounting plugin ContentBrowserAssetDataSource
LogPluginManager: Mounting plugin ContentBrowserClassDataSource
LogPluginManager: Mounting plugin ContentBrowserFileDataSource
LogPluginManager: Mounting plugin OnlineSubsystemGooglePlay
LogPluginManager: Mounting plugin OnlineSubsystemIOS
LogPluginManager: Mounting plugin OculusVR
LogPluginManager: Mounting plugin SteamVR
PixWinPlugin: PIX capture plugin failed to initialize! Check that the process is launched from PIX.
LogInit: Using libcurl 7.55.1-DEV
LogInit:  - built for x86_64-pc-win32
LogInit:  - supports SSL with OpenSSL/1.1.1
LogInit:  - supports HTTP deflate (compression) using libz 1.2.8
LogInit:  - other features:
LogInit:      CURL_VERSION_SSL
LogInit:      CURL_VERSION_LIBZ
LogInit:      CURL_VERSION_IPV6
LogInit:      CURL_VERSION_ASYNCHDNS
LogInit:      CURL_VERSION_LARGEFILE
LogInit:      CURL_VERSION_IDN
LogInit:  CurlRequestOptions (configurable via config and command line):
LogInit:  - bVerifyPeer = true  - Libcurl will verify peer certificate
LogInit:  - bUseHttpProxy = false  - Libcurl will NOT use HTTP proxy
LogInit:  - bDontReuseConnections = false  - Libcurl will reuse connections
LogInit:  - MaxHostConnections = 16  - Libcurl will limit the number of connections to a host
LogInit:  - LocalHostAddr = Default
LogInit:  - BufferSize = 65536
LogOnline: OSS: Creating online subsystem instance for: NULL
LogInit: WinSock: version 1.1 (2.2), MaxSocks=32767, MaxUdp=65467
LogOnline: OSS: TryLoadSubsystemAndSetDefault: Loaded subsystem for module [NULL]
LogOculusPluginWrapper: OculusPlugin initialized successfully
LogHMD: Failed initializing OVRPlugin 1.59.0
LogInit: Build: ++UE4+Release-4.27-CL-18319896
LogInit: Engine Version: 4.27.2-18319896+++UE4+Release-4.27
LogInit: Compatible Engine Version: 4.27.0-17155196+++UE4+Release-4.27
LogInit: Net CL: 17155196
LogInit: OS: Windows 10 (Release 2009) (), CPU: AMD Ryzen 5 5600H with Radeon Graphics         , GPU: AMD Radeon(TM) Graphics
LogInit: Compiled (64-bit): Nov 30 2021 07:12:08
LogInit: Compiled with Visual C++: 19.24.28315.00
LogInit: Build Configuration: Development
LogInit: Branch Name: ++UE4+Release-4.27
LogInit: Command Line:  -skipcompile
LogInit: Base Directory: E:/UE4/UE_4.27/Engine/Binaries/Win64/
LogInit: Allocator: TBB
LogInit: Installed Engine Build: 1
LogDevObjectVersion: Number of dev versions registered: 29
LogDevObjectVersion:   Dev-Blueprints (B0D832E4-1F89-4F0D-ACCF-7EB736FD4AA2): 10
LogDevObjectVersion:   Dev-Build (E1C64328-A22C-4D53-A36C-8E866417BD8C): 0
LogDevObjectVersion:   Dev-Core (375EC13C-06E4-48FB-B500-84F0262A717E): 4
LogDevObjectVersion:   Dev-Editor (E4B068ED-F494-42E9-A231-DA0B2E46BB41): 40
LogDevObjectVersion:   Dev-Framework (CFFC743F-43B0-4480-9391-14DF171D2073): 37
LogDevObjectVersion:   Dev-Mobile (B02B49B5-BB20-44E9-A304-32B752E40360): 3
LogDevObjectVersion:   Dev-Networking (A4E4105C-59A1-49B5-A7C5-40C4547EDFEE): 0
LogDevObjectVersion:   Dev-Online (39C831C9-5AE6-47DC-9A44-9C173E1C8E7C): 0
LogDevObjectVersion:   Dev-Physics (78F01B33-EBEA-4F98-B9B4-84EACCB95AA2): 14
LogDevObjectVersion:   Dev-Platform (6631380F-2D4D-43E0-8009-CF276956A95A): 0
LogDevObjectVersion:   Dev-Rendering (12F88B9F-8875-4AFC-A67C-D90C383ABD29): 45
LogDevObjectVersion:   Dev-Sequencer (7B5AE74C-D270-4C10-A958-57980B212A5A): 13
LogDevObjectVersion:   Dev-VR (D7296918-1DD6-4BDD-9DE2-64A83CC13884): 3
LogDevObjectVersion:   Dev-LoadTimes (C2A15278-BFE7-4AFE-6C17-90FF531DF755): 1
LogDevObjectVersion:   Private-Geometry (6EACA3D4-40EC-4CC1-B786-8BED09428FC5): 3
LogDevObjectVersion:   Dev-AnimPhys (29E575DD-E0A3-4627-9D10-D276232CDCEA): 17
LogDevObjectVersion:   Dev-Anim (AF43A65D-7FD3-4947-9873-3E8ED9C1BB05): 15
LogDevObjectVersion:   Dev-ReflectionCapture (6B266CEC-1EC7-4B8F-A30B-E4D90942FC07): 1
LogDevObjectVersion:   Dev-Automation (0DF73D61-A23F-47EA-B727-89E90C41499A): 1
LogDevObjectVersion:   FortniteMain (601D1886-AC64-4F84-AA16-D3DE0DEAC7D6): 47
LogDevObjectVersion:   FortniteRelease (E7086368-6B23-4C58-8439-1B7016265E91): 1
LogDevObjectVersion:   Dev-Enterprise (9DFFBCD6-494F-0158-E221-12823C92A888): 10
LogDevObjectVersion:   Dev-Niagara (F2AED0AC-9AFE-416F-8664-AA7FFA26D6FC): 1
LogDevObjectVersion:   Dev-Destruction (174F1F0B-B4C6-45A5-B13F-2EE8D0FB917D): 10
LogDevObjectVersion:   Dev-Physics-Ext (35F94A83-E258-406C-A318-09F59610247C): 41
LogDevObjectVersion:   Dev-PhysicsMaterial-Chaos (B68FC16E-8B1B-42E2-B453-215C058844FE): 1
LogDevObjectVersion:   Dev-CineCamera (B2E18506-4273-CFC2-A54E-F4BB758BBA07): 1
LogDevObjectVersion:   Dev-VirtualProduction (64F58936-FD1B-42BA-BA96-7289D5D0FA4E): 1
LogDevObjectVersion:   Dev-MediaFramework (6F0ED827-A609-4895-9C91-998D90180EA4): 2
LogInit: Presizing for max 25165824 objects, including 0 objects not considered by GC, pre-allocating 0 bytes for permanent pool.
LogConfig: Applying CVar settings from Section [/Script/Engine.StreamingSettings] File [E:/UE4/Projects/WargamingAcademy/Cyberpunk2022/Saved/Config/Windows/Engine.ini]
LogConfig: Setting CVar [[s.MinBulkDataSizeForAsyncLoading:131072]]
LogConfig: Setting CVar [[s.AsyncLoadingThreadEnabled:0]]
LogConfig: Setting CVar [[s.EventDrivenLoaderEnabled:1]]
LogConfig: Setting CVar [[s.WarnIfTimeLimitExceeded:0]]
LogConfig: Setting CVar [[s.TimeLimitExceededMultiplier:1.5]]
LogConfig: Setting CVar [[s.TimeLimitExceededMinTime:0.005]]
LogConfig: Setting CVar [[s.UseBackgroundLevelStreaming:1]]
LogConfig: Setting CVar [[s.PriorityAsyncLoadingExtraTime:15.0]]
LogConfig: Setting CVar [[s.LevelStreamingActorsUpdateTimeLimit:5.0]]
LogConfig: Setting CVar [[s.PriorityLevelStreamingActorsUpdateExtraTime:5.0]]
LogConfig: Setting CVar [[s.LevelStreamingComponentsRegistrationGranularity:10]]
LogConfig: Setting CVar [[s.UnregisterComponentsTimeLimit:1.0]]
LogConfig: Setting CVar [[s.LevelStreamingComponentsUnregistrationGranularity:5]]
LogConfig: Setting CVar [[s.FlushStreamingOnExit:1]]
LogInit: Object subsystem initialized
LogConfig: Setting CVar [[con.DebugEarlyDefault:1]]
LogConfig: Setting CVar [[r.setres:1280x720]]
[2022.02.13-14.34.26:786][  0]LogConfig: Setting CVar [[r.VSync:0]]
[2022.02.13-14.34.26:786][  0]LogConfig: Setting CVar [[r.RHICmdBypass:0]]
[2022.02.13-14.34.26:786][  0]LogConfig: Applying CVar settings from Section [/Script/Engine.RendererSettings] File [E:/UE4/Projects/WargamingAcademy/Cyberpunk2022/Saved/Config/Windows/Engine.ini]
[2022.02.13-14.34.26:786][  0]LogConfig: Setting CVar [[r.GPUCrashDebugging:0]]
[2022.02.13-14.34.26:786][  0]LogConfig: Setting CVar [[r.DefaultFeature.MotionBlur:0]]
[2022.02.13-14.34.26:786][  0]LogConfig: Applying CVar settings from Section [/Script/Engine.RendererOverrideSettings] File [E:/UE4/Projects/WargamingAcademy/Cyberpunk2022/Saved/Config/Windows/Engine.ini]
[2022.02.13-14.34.26:786][  0]LogConfig: Applying CVar settings from Section [/Script/Engine.StreamingSettings] File [E:/UE4/Projects/WargamingAcademy/Cyberpunk2022/Saved/Config/Windows/Engine.ini]
[2022.02.13-14.34.26:786][  0]LogConfig: Setting CVar [[s.MinBulkDataSizeForAsyncLoading:131072]]
[2022.02.13-14.34.26:786][  0]LogConfig: Setting CVar [[s.AsyncLoadingThreadEnabled:0]]
[2022.02.13-14.34.26:786][  0]LogConfig: Setting CVar [[s.EventDrivenLoaderEnabled:1]]
[2022.02.13-14.34.26:786][  0]LogConfig: Setting CVar [[s.WarnIfTimeLimitExceeded:0]]
[2022.02.13-14.34.26:786][  0]LogConfig: Setting CVar [[s.TimeLimitExceededMultiplier:1.5]]
[2022.02.13-14.34.26:786][  0]LogConfig: Setting CVar [[s.TimeLimitExceededMinTime:0.005]]
[2022.02.13-14.34.26:787][  0]LogConfig: Setting CVar [[s.UseBackgroundLevelStreaming:1]]
[2022.02.13-14.34.26:787][  0]LogConfig: Setting CVar [[s.PriorityAsyncLoadingExtraTime:15.0]]
[2022.02.13-14.34.26:787][  0]LogConfig: Setting CVar [[s.LevelStreamingActorsUpdateTimeLimit:5.0]]
[2022.02.13-14.34.26:787][  0]LogConfig: Setting CVar [[s.PriorityLevelStreamingActorsUpdateExtraTime:5.0]]
[2022.02.13-14.34.26:787][  0]LogConfig: Setting CVar [[s.LevelStreamingComponentsRegistrationGranularity:10]]
[2022.02.13-14.34.26:787][  0]LogConfig: Setting CVar [[s.UnregisterComponentsTimeLimit:1.0]]
[2022.02.13-14.34.26:787][  0]LogConfig: Setting CVar [[s.LevelStreamingComponentsUnregistrationGranularity:5]]
[2022.02.13-14.34.26:787][  0]LogConfig: Setting CVar [[s.FlushStreamingOnExit:1]]
[2022.02.13-14.34.26:787][  0]LogConfig: Applying CVar settings from Section [/Script/Engine.GarbageCollectionSettings] File [E:/UE4/Projects/WargamingAcademy/Cyberpunk2022/Saved/Config/Windows/Engine.ini]
[2022.02.13-14.34.26:787][  0]LogConfig: Setting CVar [[gc.MaxObjectsNotConsideredByGC:1]]
[2022.02.13-14.34.26:787][  0]LogConfig: Setting CVar [[gc.SizeOfPermanentObjectPool:0]]
[2022.02.13-14.34.26:787][  0]LogConfig: Setting CVar [[gc.FlushStreamingOnGC:0]]
[2022.02.13-14.34.26:787][  0]LogConfig: Setting CVar [[gc.NumRetriesBeforeForcingGC:10]]
[2022.02.13-14.34.26:787][  0]LogConfig: Setting CVar [[gc.AllowParallelGC:1]]
[2022.02.13-14.34.26:787][  0]LogConfig: Setting CVar [[gc.TimeBetweenPurgingPendingKillObjects:61.1]]
[2022.02.13-14.34.26:787][  0]LogConfig: Setting CVar [[gc.MaxObjectsInEditor:25165824]]
[2022.02.13-14.34.26:787][  0]LogConfig: Setting CVar [[gc.IncrementalBeginDestroyEnabled:1]]
[2022.02.13-14.34.26:787][  0]LogConfig: Setting CVar [[gc.CreateGCClusters:1]]
[2022.02.13-14.34.26:787][  0]LogConfig: Setting CVar [[gc.MinGCClusterSize:5]]
[2022.02.13-14.34.26:787][  0]LogConfig: Setting CVar [[gc.ActorClusteringEnabled:0]]
[2022.02.13-14.34.26:787][  0]LogConfig: Setting CVar [[gc.BlueprintClusteringEnabled:0]]
[2022.02.13-14.34.26:787][  0]LogConfig: Setting CVar [[gc.UseDisregardForGCOnDedicatedServers:0]]
[2022.02.13-14.34.26:787][  0]LogConfig: Setting CVar [[gc.MultithreadedDestructionEnabled:1]]
[2022.02.13-14.34.26:787][  0]LogConfig: Applying CVar settings from Section [/Script/Engine.NetworkSettings] File [E:/UE4/Projects/WargamingAcademy/Cyberpunk2022/Saved/Config/Windows/Engine.ini]
[2022.02.13-14.34.26:787][  0]LogConfig: Applying CVar settings from Section [/Script/UnrealEd.CookerSettings] File [E:/UE4/Projects/WargamingAcademy/Cyberpunk2022/Saved/Config/Windows/Engine.ini]
[2022.02.13-14.34.26:795][  0]LogConfig: Applying CVar settings from Section [ViewDistanceQuality@3] File [E:/UE4/Projects/WargamingAcademy/Cyberpunk2022/Saved/Config/Windows/Scalability.ini]
[2022.02.13-14.34.26:795][  0]LogConfig: Setting CVar [[r.SkeletalMeshLODBias:0]]
[2022.02.13-14.34.26:795][  0]LogConfig: Setting CVar [[r.ViewDistanceScale:1.0]]
[2022.02.13-14.34.26:795][  0]LogConfig: Applying CVar settings from Section [AntiAliasingQuality@3] File [E:/UE4/Projects/WargamingAcademy/Cyberpunk2022/Saved/Config/Windows/Scalability.ini]
[2022.02.13-14.34.26:795][  0]LogConfig: Setting CVar [[r.PostProcessAAQuality:4]]
[2022.02.13-14.34.26:795][  0]LogConfig: Applying CVar settings from Section [ShadowQuality@3] File [E:/UE4/Projects/WargamingAcademy/Cyberpunk2022/Saved/Config/Windows/Scalability.ini]
[2022.02.13-14.34.26:795][  0]LogConfig: Setting CVar [[r.LightFunctionQuality:1]]
[2022.02.13-14.34.26:795][  0]LogConfig: Setting CVar [[r.ShadowQuality:5]]
[2022.02.13-14.34.26:795][  0]LogConfig: Setting CVar [[r.Shadow.CSM.MaxCascades:10]]
[2022.02.13-14.34.26:795][  0]LogConfig: Setting CVar [[r.Shadow.MaxResolution:2048]]
[2022.02.13-14.34.26:795][  0]LogConfig: Setting CVar [[r.Shadow.MaxCSMResolution:2048]]
[2022.02.13-14.34.26:795][  0]LogConfig: Setting CVar [[r.Shadow.RadiusThreshold:0.01]]
[2022.02.13-14.34.26:795][  0]LogConfig: Setting CVar [[r.Shadow.DistanceScale:1.0]]
[2022.02.13-14.34.26:795][  0]LogConfig: Setting CVar [[r.Shadow.CSM.TransitionScale:1.0]]
[2022.02.13-14.34.26:796][  0]LogConfig: Setting CVar [[r.Shadow.PreShadowResolutionFactor:1.0]]
[2022.02.13-14.34.26:796][  0]LogConfig: Setting CVar [[r.DistanceFieldShadowing:1]]
[2022.02.13-14.34.26:796][  0]LogConfig: Setting CVar [[r.DistanceFieldAO:1]]
[2022.02.13-14.34.26:796][  0]LogConfig: Setting CVar [[r.AOQuality:2]]
[2022.02.13-14.34.26:796][  0]LogConfig: Setting CVar [[r.VolumetricFog:1]]
[2022.02.13-14.34.26:796][  0]LogConfig: Setting CVar [[r.VolumetricFog.GridPixelSize:8]]
[2022.02.13-14.34.26:796][  0]LogConfig: Setting CVar [[r.VolumetricFog.GridSizeZ:128]]
[2022.02.13-14.34.26:796][  0]LogConfig: Setting CVar [[r.VolumetricFog.HistoryMissSupersampleCount:4]]
[2022.02.13-14.34.26:796][  0]LogConfig: Setting CVar [[r.LightMaxDrawDistanceScale:1]]
[2022.02.13-14.34.26:796][  0]LogConfig: Setting CVar [[r.CapsuleShadows:1]]
[2022.02.13-14.34.26:796][  0]LogConfig: Applying CVar settings from Section [PostProcessQuality@3] File [E:/UE4/Projects/WargamingAcademy/Cyberpunk2022/Saved/Config/Windows/Scalability.ini]
[2022.02.13-14.34.26:796][  0]LogConfig: Setting CVar [[r.MotionBlurQuality:4]]
[2022.02.13-14.34.26:796][  0]LogConfig: Setting CVar [[r.AmbientOcclusionMipLevelFactor:0.4]]
[2022.02.13-14.34.26:796][  0]LogConfig: Setting CVar [[r.AmbientOcclusionMaxQuality:100]]
[2022.02.13-14.34.26:796][  0]LogConfig: Setting CVar [[r.AmbientOcclusionLevels:-1]]
[2022.02.13-14.34.26:796][  0]LogConfig: Setting CVar [[r.AmbientOcclusionRadiusScale:1.0]]
[2022.02.13-14.34.26:796][  0]LogConfig: Setting CVar [[r.DepthOfFieldQuality:2]]
[2022.02.13-14.34.26:796][  0]LogConfig: Setting CVar [[r.RenderTargetPoolMin:400]]
[2022.02.13-14.34.26:796][  0]LogConfig: Setting CVar [[r.LensFlareQuality:2]]
[2022.02.13-14.34.26:796][  0]LogConfig: Setting CVar [[r.SceneColorFringeQuality:1]]
[2022.02.13-14.34.26:796][  0]LogConfig: Setting CVar [[r.EyeAdaptationQuality:2]]
[2022.02.13-14.34.26:796][  0]LogConfig: Setting CVar [[r.BloomQuality:5]]
[2022.02.13-14.34.26:796][  0]LogConfig: Setting CVar [[r.FastBlurThreshold:100]]
[2022.02.13-14.34.26:796][  0]LogConfig: Setting CVar [[r.Upscale.Quality:3]]
[2022.02.13-14.34.26:796][  0]LogConfig: Setting CVar [[r.Tonemapper.GrainQuantization:1]]
[2022.02.13-14.34.26:796][  0]LogConfig: Setting CVar [[r.LightShaftQuality:1]]
[2022.02.13-14.34.26:796][  0]LogConfig: Setting CVar [[r.Filter.SizeScale:1]]
[2022.02.13-14.34.26:796][  0]LogConfig: Setting CVar [[r.Tonemapper.Quality:5]]
[2022.02.13-14.34.26:797][  0]LogConfig: Setting CVar [[r.DOF.Gather.AccumulatorQuality:1        ; higher gathering accumulator quality]]
[2022.02.13-14.34.26:797][  0]LogConfig: Setting CVar [[r.DOF.Gather.PostfilterMethod:1          ; Median3x3 postfilering method]]
[2022.02.13-14.34.26:797][  0]LogConfig: Setting CVar [[r.DOF.Gather.EnableBokehSettings:0       ; no bokeh simulation when gathering]]
[2022.02.13-14.34.26:797][  0]LogConfig: Setting CVar [[r.DOF.Gather.RingCount:4                 ; medium number of samples when gathering]]
[2022.02.13-14.34.26:797][  0]LogConfig: Setting CVar [[r.DOF.Scatter.ForegroundCompositing:1    ; additive foreground scattering]]
[2022.02.13-14.34.26:797][  0]LogConfig: Setting CVar [[r.DOF.Scatter.BackgroundCompositing:2    ; additive background scattering]]
[2022.02.13-14.34.26:797][  0]LogConfig: Setting CVar [[r.DOF.Scatter.EnableBokehSettings:1      ; bokeh simulation when scattering]]
[2022.02.13-14.34.26:797][  0]LogConfig: Setting CVar [[r.DOF.Scatter.MaxSpriteRatio:0.1         ; only a maximum of 10% of scattered bokeh]]
[2022.02.13-14.34.26:797][  0]LogConfig: Setting CVar [[r.DOF.Recombine.Quality:1                ; cheap slight out of focus]]
[2022.02.13-14.34.26:797][  0]LogConfig: Setting CVar [[r.DOF.Recombine.EnableBokehSettings:0    ; no bokeh simulation on slight out of focus]]
[2022.02.13-14.34.26:797][  0]LogConfig: Setting CVar [[r.DOF.TemporalAAQuality:1                ; more stable temporal accumulation]]
[2022.02.13-14.34.26:797][  0]LogConfig: Setting CVar [[r.DOF.Kernel.MaxForegroundRadius:0.025]]
[2022.02.13-14.34.26:797][  0]LogConfig: Setting CVar [[r.DOF.Kernel.MaxBackgroundRadius:0.025]]
[2022.02.13-14.34.26:797][  0]LogConfig: Applying CVar settings from Section [TextureQuality@3] File [E:/UE4/Projects/WargamingAcademy/Cyberpunk2022/Saved/Config/Windows/Scalability.ini]
[2022.02.13-14.34.26:797][  0]LogConfig: Setting CVar [[r.Streaming.MipBias:0]]
[2022.02.13-14.34.26:797][  0]LogConfig: Setting CVar [[r.Streaming.AmortizeCPUToGPUCopy:0]]
[2022.02.13-14.34.26:797][  0]LogConfig: Setting CVar [[r.Streaming.MaxNumTexturesToStreamPerFrame:0]]
[2022.02.13-14.34.26:797][  0]LogConfig: Setting CVar [[r.Streaming.Boost:1]]
[2022.02.13-14.34.26:797][  0]LogConfig: Setting CVar [[r.MaxAnisotropy:8]]
[2022.02.13-14.34.26:797][  0]LogConfig: Setting CVar [[r.VT.MaxAnisotropy:8]]
[2022.02.13-14.34.26:797][  0]LogConfig: Setting CVar [[r.Streaming.LimitPoolSizeToVRAM:0]]
[2022.02.13-14.34.26:797][  0]LogConfig: Setting CVar [[r.Streaming.PoolSize:1000]]
[2022.02.13-14.34.26:797][  0]LogConfig: Setting CVar [[r.Streaming.MaxEffectiveScreenSize:0]]
[2022.02.13-14.34.26:797][  0]LogConfig: Applying CVar settings from Section [EffectsQuality@3] File [E:/UE4/Projects/WargamingAcademy/Cyberpunk2022/Saved/Config/Windows/Scalability.ini]
[2022.02.13-14.34.26:797][  0]LogConfig: Setting CVar [[r.TranslucencyLightingVolumeDim:64]]
[2022.02.13-14.34.26:797][  0]LogConfig: Setting CVar [[r.RefractionQuality:2]]
[2022.02.13-14.34.26:797][  0]LogConfig: Setting CVar [[r.SSR.Quality:3]]
[2022.02.13-14.34.26:797][  0]LogConfig: Setting CVar [[r.SSR.HalfResSceneColor:0]]
[2022.02.13-14.34.26:798][  0]LogConfig: Setting CVar [[r.SceneColorFormat:4]]
[2022.02.13-14.34.26:798][  0]LogConfig: Setting CVar [[r.DetailMode:2]]
[2022.02.13-14.34.26:798][  0]LogConfig: Setting CVar [[r.TranslucencyVolumeBlur:1]]
[2022.02.13-14.34.26:798][  0]LogConfig: Setting CVar [[r.MaterialQualityLevel:1 ; High quality]]
[2022.02.13-14.34.26:798][  0]LogConfig: Setting CVar [[r.AnisotropicMaterials:1]]
[2022.02.13-14.34.26:798][  0]LogConfig: Setting CVar [[r.SSS.Scale:1]]
[2022.02.13-14.34.26:798][  0]LogConfig: Setting CVar [[r.SSS.SampleSet:2]]
[2022.02.13-14.34.26:798][  0]LogConfig: Setting CVar [[r.SSS.Quality:1]]
[2022.02.13-14.34.26:798][  0]LogConfig: Setting CVar [[r.SSS.HalfRes:0]]
[2022.02.13-14.34.26:798][  0]LogConfig: Setting CVar [[r.SSGI.Quality:3]]
[2022.02.13-14.34.26:798][  0]LogConfig: Setting CVar [[r.EmitterSpawnRateScale:1.0]]
[2022.02.13-14.34.26:798][  0]LogConfig: Setting CVar [[r.ParticleLightQuality:2]]
[2022.02.13-14.34.26:798][  0]LogConfig: Setting CVar [[r.SkyAtmosphere.AerialPerspectiveLUT.FastApplyOnOpaque:1 ; Always have FastSkyLUT 1 in this case to avoid wrong sky]]
[2022.02.13-14.34.26:798][  0]LogConfig: Setting CVar [[r.SkyAtmosphere.AerialPerspectiveLUT.SampleCountMaxPerSlice:4]]
[2022.02.13-14.34.26:798][  0]LogConfig: Setting CVar [[r.SkyAtmosphere.AerialPerspectiveLUT.DepthResolution:16.0]]
[2022.02.13-14.34.26:798][  0]LogConfig: Setting CVar [[r.SkyAtmosphere.FastSkyLUT:1]]
[2022.02.13-14.34.26:798][  0]LogConfig: Setting CVar [[r.SkyAtmosphere.FastSkyLUT.SampleCountMin:4.0]]
[2022.02.13-14.34.26:798][  0]LogConfig: Setting CVar [[r.SkyAtmosphere.FastSkyLUT.SampleCountMax:128.0]]
[2022.02.13-14.34.26:798][  0]LogConfig: Setting CVar [[r.SkyAtmosphere.SampleCountMin:4.0]]
[2022.02.13-14.34.26:798][  0]LogConfig: Setting CVar [[r.SkyAtmosphere.SampleCountMax:128.0]]
[2022.02.13-14.34.26:798][  0]LogConfig: Setting CVar [[r.SkyAtmosphere.TransmittanceLUT.UseSmallFormat:0]]
[2022.02.13-14.34.26:799][  0]LogConfig: Setting CVar [[r.SkyAtmosphere.TransmittanceLUT.SampleCount:10.0]]
[2022.02.13-14.34.26:799][  0]LogConfig: Setting CVar [[r.SkyAtmosphere.MultiScatteringLUT.SampleCount:15.0]]
[2022.02.13-14.34.26:799][  0]LogConfig: Setting CVar [[r.SkyLight.RealTimeReflectionCapture:1]]
[2022.02.13-14.34.26:799][  0]LogConfig: Applying CVar settings from Section [FoliageQuality@3] File [E:/UE4/Projects/WargamingAcademy/Cyberpunk2022/Saved/Config/Windows/Scalability.ini]
[2022.02.13-14.34.26:799][  0]LogConfig: Setting CVar [[foliage.DensityScale:1.0]]
[2022.02.13-14.34.26:799][  0]LogConfig: Setting CVar [[grass.DensityScale:1.0]]
[2022.02.13-14.34.26:799][  0]LogConfig: Applying CVar settings from Section [ShadingQuality@3] File [E:/UE4/Projects/WargamingAcademy/Cyberpunk2022/Saved/Config/Windows/Scalability.ini]
[2022.02.13-14.34.26:799][  0]LogConfig: Setting CVar [[r.HairStrands.SkyLighting.IntegrationType:2]]
[2022.02.13-14.34.26:799][  0]LogConfig: Setting CVar [[r.HairStrands.SkyAO.SampleCount:4]]
[2022.02.13-14.34.26:799][  0]LogConfig: Setting CVar [[r.HairStrands.Visibility.MSAA.SamplePerPixel:4]]
[2022.02.13-14.34.26:799][  0]LogInit: Selected Device Profile: [Windows]
[2022.02.13-14.34.26:799][  0]LogInit: Applying CVar settings loaded from the selected device profile: [Windows]
[2022.02.13-14.34.26:799][  0]LogHAL: Display: Platform has ~ 16 GB [16487870464 / 17179869184 / 16], which maps to Larger [LargestMinGB=32, LargerMinGB=12, DefaultMinGB=8, SmallerMinGB=6, SmallestMinGB=0)
[2022.02.13-14.34.26:799][  0]LogInit: Going up to parent DeviceProfile []
[2022.02.13-14.34.26:799][  0]LogConfig: Applying CVar settings from Section [ViewDistanceQuality@3] File [E:/UE4/Projects/WargamingAcademy/Cyberpunk2022/Saved/Config/Windows/Scalability.ini]
[2022.02.13-14.34.26:799][  0]LogConfig: Setting CVar [[r.SkeletalMeshLODBias:0]]
[2022.02.13-14.34.26:799][  0]LogConfig: Setting CVar [[r.ViewDistanceScale:1.0]]
[2022.02.13-14.34.26:799][  0]LogConfig: Applying CVar settings from Section [AntiAliasingQuality@3] File [E:/UE4/Projects/WargamingAcademy/Cyberpunk2022/Saved/Config/Windows/Scalability.ini]
[2022.02.13-14.34.26:799][  0]LogConfig: Setting CVar [[r.PostProcessAAQuality:4]]
[2022.02.13-14.34.26:799][  0]LogConfig: Applying CVar settings from Section [ShadowQuality@3] File [E:/UE4/Projects/WargamingAcademy/Cyberpunk2022/Saved/Config/Windows/Scalability.ini]
[2022.02.13-14.34.26:799][  0]LogConfig: Setting CVar [[r.LightFunctionQuality:1]]
[2022.02.13-14.34.26:799][  0]LogConfig: Setting CVar [[r.ShadowQuality:5]]
[2022.02.13-14.34.26:800][  0]LogConfig: Setting CVar [[r.Shadow.CSM.MaxCascades:10]]
[2022.02.13-14.34.26:800][  0]LogConfig: Setting CVar [[r.Shadow.MaxResolution:2048]]
[2022.02.13-14.34.26:800][  0]LogConfig: Setting CVar [[r.Shadow.MaxCSMResolution:2048]]
[2022.02.13-14.34.26:800][  0]LogConfig: Setting CVar [[r.Shadow.RadiusThreshold:0.01]]
[2022.02.13-14.34.26:800][  0]LogConfig: Setting CVar [[r.Shadow.DistanceScale:1.0]]
[2022.02.13-14.34.26:800][  0]LogConfig: Setting CVar [[r.Shadow.CSM.TransitionScale:1.0]]
[2022.02.13-14.34.26:800][  0]LogConfig: Setting CVar [[r.Shadow.PreShadowResolutionFactor:1.0]]
[2022.02.13-14.34.26:800][  0]LogConfig: Setting CVar [[r.DistanceFieldShadowing:1]]
[2022.02.13-14.34.26:800][  0]LogConfig: Setting CVar [[r.DistanceFieldAO:1]]
[2022.02.13-14.34.26:800][  0]LogConfig: Setting CVar [[r.AOQuality:2]]
[2022.02.13-14.34.26:800][  0]LogConfig: Setting CVar [[r.VolumetricFog:1]]
[2022.02.13-14.34.26:800][  0]LogConfig: Setting CVar [[r.VolumetricFog.GridPixelSize:8]]
[2022.02.13-14.34.26:800][  0]LogConfig: Setting CVar [[r.VolumetricFog.GridSizeZ:128]]
[2022.02.13-14.34.26:800][  0]LogConfig: Setting CVar [[r.VolumetricFog.HistoryMissSupersampleCount:4]]
[2022.02.13-14.34.26:800][  0]LogConfig: Setting CVar [[r.LightMaxDrawDistanceScale:1]]
[2022.02.13-14.34.26:800][  0]LogConfig: Setting CVar [[r.CapsuleShadows:1]]
[2022.02.13-14.34.26:800][  0]LogConfig: Applying CVar settings from Section [PostProcessQuality@3] File [E:/UE4/Projects/WargamingAcademy/Cyberpunk2022/Saved/Config/Windows/Scalability.ini]
[2022.02.13-14.34.26:800][  0]LogConfig: Setting CVar [[r.MotionBlurQuality:4]]
[2022.02.13-14.34.26:800][  0]LogConfig: Setting CVar [[r.AmbientOcclusionMipLevelFactor:0.4]]
[2022.02.13-14.34.26:800][  0]LogConfig: Setting CVar [[r.AmbientOcclusionMaxQuality:100]]
[2022.02.13-14.34.26:800][  0]LogConfig: Setting CVar [[r.AmbientOcclusionLevels:-1]]
[2022.02.13-14.34.26:800][  0]LogConfig: Setting CVar [[r.AmbientOcclusionRadiusScale:1.0]]
[2022.02.13-14.34.26:800][  0]LogConfig: Setting CVar [[r.DepthOfFieldQuality:2]]
[2022.02.13-14.34.26:800][  0]LogConfig: Setting CVar [[r.RenderTargetPoolMin:400]]
[2022.02.13-14.34.26:800][  0]LogConfig: Setting CVar [[r.LensFlareQuality:2]]
[2022.02.13-14.34.26:800][  0]LogConfig: Setting CVar [[r.SceneColorFringeQuality:1]]
[2022.02.13-14.34.26:800][  0]LogConfig: Setting CVar [[r.EyeAdaptationQuality:2]]
[2022.02.13-14.34.26:801][  0]LogConfig: Setting CVar [[r.BloomQuality:5]]
[2022.02.13-14.34.26:801][  0]LogConfig: Setting CVar [[r.FastBlurThreshold:100]]
[2022.02.13-14.34.26:801][  0]LogConfig: Setting CVar [[r.Upscale.Quality:3]]
[2022.02.13-14.34.26:801][  0]LogConfig: Setting CVar [[r.Tonemapper.GrainQuantization:1]]
[2022.02.13-14.34.26:801][  0]LogConfig: Setting CVar [[r.LightShaftQuality:1]]
[2022.02.13-14.34.26:801][  0]LogConfig: Setting CVar [[r.Filter.SizeScale:1]]
[2022.02.13-14.34.26:801][  0]LogConfig: Setting CVar [[r.Tonemapper.Quality:5]]
[2022.02.13-14.34.26:801][  0]LogConfig: Setting CVar [[r.DOF.Gather.AccumulatorQuality:1        ; higher gathering accumulator quality]]
[2022.02.13-14.34.26:801][  0]LogConfig: Setting CVar [[r.DOF.Gather.PostfilterMethod:1          ; Median3x3 postfilering method]]
[2022.02.13-14.34.26:801][  0]LogConfig: Setting CVar [[r.DOF.Gather.EnableBokehSettings:0       ; no bokeh simulation when gathering]]
[2022.02.13-14.34.26:801][  0]LogConfig: Setting CVar [[r.DOF.Gather.RingCount:4                 ; medium number of samples when gathering]]
[2022.02.13-14.34.26:801][  0]LogConfig: Setting CVar [[r.DOF.Scatter.ForegroundCompositing:1    ; additive foreground scattering]]
[2022.02.13-14.34.26:801][  0]LogConfig: Setting CVar [[r.DOF.Scatter.BackgroundCompositing:2    ; additive background scattering]]
[2022.02.13-14.34.26:801][  0]LogConfig: Setting CVar [[r.DOF.Scatter.EnableBokehSettings:1      ; bokeh simulation when scattering]]
[2022.02.13-14.34.26:801][  0]LogConfig: Setting CVar [[r.DOF.Scatter.MaxSpriteRatio:0.1         ; only a maximum of 10% of scattered bokeh]]
[2022.02.13-14.34.26:801][  0]LogConfig: Setting CVar [[r.DOF.Recombine.Quality:1                ; cheap slight out of focus]]
[2022.02.13-14.34.26:801][  0]LogConfig: Setting CVar [[r.DOF.Recombine.EnableBokehSettings:0    ; no bokeh simulation on slight out of focus]]
[2022.02.13-14.34.26:801][  0]LogConfig: Setting CVar [[r.DOF.TemporalAAQuality:1                ; more stable temporal accumulation]]
[2022.02.13-14.34.26:801][  0]LogConfig: Setting CVar [[r.DOF.Kernel.MaxForegroundRadius:0.025]]
[2022.02.13-14.34.26:801][  0]LogConfig: Setting CVar [[r.DOF.Kernel.MaxBackgroundRadius:0.025]]
[2022.02.13-14.34.26:801][  0]LogConfig: Applying CVar settings from Section [TextureQuality@3] File [E:/UE4/Projects/WargamingAcademy/Cyberpunk2022/Saved/Config/Windows/Scalability.ini]
[2022.02.13-14.34.26:801][  0]LogConfig: Setting CVar [[r.Streaming.MipBias:0]]
[2022.02.13-14.34.26:801][  0]LogConfig: Setting CVar [[r.Streaming.AmortizeCPUToGPUCopy:0]]
[2022.02.13-14.34.26:801][  0]LogConfig: Setting CVar [[r.Streaming.MaxNumTexturesToStreamPerFrame:0]]
[2022.02.13-14.34.26:801][  0]LogConfig: Setting CVar [[r.Streaming.Boost:1]]
[2022.02.13-14.34.26:801][  0]LogConfig: Setting CVar [[r.MaxAnisotropy:8]]
[2022.02.13-14.34.26:801][  0]LogConfig: Setting CVar [[r.VT.MaxAnisotropy:8]]
[2022.02.13-14.34.26:801][  0]LogConfig: Setting CVar [[r.Streaming.LimitPoolSizeToVRAM:0]]
[2022.02.13-14.34.26:801][  0]LogConfig: Setting CVar [[r.Streaming.PoolSize:1000]]
[2022.02.13-14.34.26:801][  0]LogConfig: Setting CVar [[r.Streaming.MaxEffectiveScreenSize:0]]
[2022.02.13-14.34.26:801][  0]LogConfig: Applying CVar settings from Section [EffectsQuality@3] File [E:/UE4/Projects/WargamingAcademy/Cyberpunk2022/Saved/Config/Windows/Scalability.ini]
[2022.02.13-14.34.26:801][  0]LogConfig: Setting CVar [[r.TranslucencyLightingVolumeDim:64]]
[2022.02.13-14.34.26:802][  0]LogConfig: Setting CVar [[r.RefractionQuality:2]]
[2022.02.13-14.34.26:802][  0]LogConfig: Setting CVar [[r.SSR.Quality:3]]
[2022.02.13-14.34.26:802][  0]LogConfig: Setting CVar [[r.SSR.HalfResSceneColor:0]]
[2022.02.13-14.34.26:802][  0]LogConfig: Setting CVar [[r.SceneColorFormat:4]]
[2022.02.13-14.34.26:802][  0]LogConfig: Setting CVar [[r.DetailMode:2]]
[2022.02.13-14.34.26:802][  0]LogConfig: Setting CVar [[r.TranslucencyVolumeBlur:1]]
[2022.02.13-14.34.26:802][  0]LogConfig: Setting CVar [[r.MaterialQualityLevel:1 ; High quality]]
[2022.02.13-14.34.26:802][  0]LogConfig: Setting CVar [[r.AnisotropicMaterials:1]]
[2022.02.13-14.34.26:802][  0]LogConfig: Setting CVar [[r.SSS.Scale:1]]
[2022.02.13-14.34.26:802][  0]LogConfig: Setting CVar [[r.SSS.SampleSet:2]]
[2022.02.13-14.34.26:802][  0]LogConfig: Setting CVar [[r.SSS.Quality:1]]
[2022.02.13-14.34.26:802][  0]LogConfig: Setting CVar [[r.SSS.HalfRes:0]]
[2022.02.13-14.34.26:802][  0]LogConfig: Setting CVar [[r.SSGI.Quality:3]]
[2022.02.13-14.34.26:802][  0]LogConfig: Setting CVar [[r.EmitterSpawnRateScale:1.0]]
[2022.02.13-14.34.26:802][  0]LogConfig: Setting CVar [[r.ParticleLightQuality:2]]
[2022.02.13-14.34.26:802][  0]LogConfig: Setting CVar [[r.SkyAtmosphere.AerialPerspectiveLUT.FastApplyOnOpaque:1 ; Always have FastSkyLUT 1 in this case to avoid wrong sky]]
[2022.02.13-14.34.26:802][  0]LogConfig: Setting CVar [[r.SkyAtmosphere.AerialPerspectiveLUT.SampleCountMaxPerSlice:4]]
[2022.02.13-14.34.26:802][  0]LogConfig: Setting CVar [[r.SkyAtmosphere.AerialPerspectiveLUT.DepthResolution:16.0]]
[2022.02.13-14.34.26:802][  0]LogConfig: Setting CVar [[r.SkyAtmosphere.FastSkyLUT:1]]
[2022.02.13-14.34.26:802][  0]LogConfig: Setting CVar [[r.SkyAtmosphere.FastSkyLUT.SampleCountMin:4.0]]
[2022.02.13-14.34.26:802][  0]LogConfig: Setting CVar [[r.SkyAtmosphere.FastSkyLUT.SampleCountMax:128.0]]
[2022.02.13-14.34.26:802][  0]LogConfig: Setting CVar [[r.SkyAtmosphere.SampleCountMin:4.0]]
[2022.02.13-14.34.26:802][  0]LogConfig: Setting CVar [[r.SkyAtmosphere.SampleCountMax:128.0]]
[2022.02.13-14.34.26:802][  0]LogConfig: Setting CVar [[r.SkyAtmosphere.TransmittanceLUT.UseSmallFormat:0]]
[2022.02.13-14.34.26:802][  0]LogConfig: Setting CVar [[r.SkyAtmosphere.TransmittanceLUT.SampleCount:10.0]]
[2022.02.13-14.34.26:802][  0]LogConfig: Setting CVar [[r.SkyAtmosphere.MultiScatteringLUT.SampleCount:15.0]]
[2022.02.13-14.34.26:802][  0]LogConfig: Setting CVar [[r.SkyLight.RealTimeReflectionCapture:1]]
[2022.02.13-14.34.26:802][  0]LogConfig: Applying CVar settings from Section [FoliageQuality@3] File [E:/UE4/Projects/WargamingAcademy/Cyberpunk2022/Saved/Config/Windows/Scalability.ini]
[2022.02.13-14.34.26:802][  0]LogConfig: Setting CVar [[foliage.DensityScale:1.0]]
[2022.02.13-14.34.26:802][  0]LogConfig: Setting CVar [[grass.DensityScale:1.0]]
[2022.02.13-14.34.26:803][  0]LogConfig: Applying CVar settings from Section [ShadingQuality@3] File [E:/UE4/Projects/WargamingAcademy/Cyberpunk2022/Saved/Config/Windows/Scalability.ini]
[2022.02.13-14.34.26:803][  0]LogConfig: Setting CVar [[r.HairStrands.SkyLighting.IntegrationType:2]]
[2022.02.13-14.34.26:803][  0]LogConfig: Setting CVar [[r.HairStrands.SkyAO.SampleCount:4]]
[2022.02.13-14.34.26:803][  0]LogConfig: Setting CVar [[r.HairStrands.Visibility.MSAA.SamplePerPixel:4]]
[2022.02.13-14.34.26:803][  0]LogConfig: Applying CVar settings from Section [Startup] File [../../../Engine/Config/ConsoleVariables.ini]
[2022.02.13-14.34.26:803][  0]LogConfig: Setting CVar [[net.UseAdaptiveNetUpdateFrequency:0]]
[2022.02.13-14.34.26:803][  0]LogConfig: Setting CVar [[p.chaos.AllowCreatePhysxBodies:1]]
[2022.02.13-14.34.26:803][  0]LogConfig: Setting CVar [[fx.SkipVectorVMBackendOptimizations:1]]
[2022.02.13-14.34.26:803][  0]LogConfig: Applying CVar settings from Section [ConsoleVariables] File [E:/UE4/Projects/WargamingAcademy/Cyberpunk2022/Saved/Config/Windows/Engine.ini]
[2022.02.13-14.34.26:803][  0]LogConfig: Applying CVar settings from Section [ConsoleVariables] File [E:/UE4/Projects/WargamingAcademy/Cyberpunk2022/Saved/Config/Windows/Editor.ini]
[2022.02.13-14.34.26:803][  0]LogInit: Computer: DESKTOP-P6OQVGL
[2022.02.13-14.34.26:803][  0]LogInit: User: Artem
[2022.02.13-14.34.26:803][  0]LogInit: CPU Page size=4096, Cores=6
[2022.02.13-14.34.26:803][  0]LogInit: High frequency timer resolution =10.000000 MHz
[2022.02.13-14.34.26:803][  0]LogMemory: Memory total: Physical=15.4GB (16GB approx)
[2022.02.13-14.34.26:803][  0]LogMemory: Platform Memory Stats for Windows
[2022.02.13-14.34.26:803][  0]LogMemory: Process Physical Memory: 146.05 MB used, 146.05 MB peak
[2022.02.13-14.34.26:803][  0]LogMemory: Process Virtual Memory: 127.72 MB used, 127.72 MB peak
[2022.02.13-14.34.26:803][  0]LogMemory: Physical Memory: 11212.14 MB used,  4511.92 MB free, 15724.06 MB total
[2022.02.13-14.34.26:804][  0]LogMemory: Virtual Memory: 134204256.00 MB used,  13472.35 MB free, 134217728.00 MB total
[2022.02.13-14.34.26:811][  0]LogWindows: WindowsPlatformFeatures enabled
[2022.02.13-14.34.26:911][  0]LogInit: Physics initialised using underlying interface: PhysX
[2022.02.13-14.34.26:912][  0]LogInit: Using OS detected language (en-US).
[2022.02.13-14.34.26:912][  0]LogInit: Using OS detected locale (en-US).
[2022.02.13-14.34.26:913][  0]LogTextLocalizationManager: No specific localization for 'en-US' exists, so the 'en' localization will be used.
[2022.02.13-14.34.27:077][  0]LogInit: Setting process to per monitor DPI aware
[2022.02.13-14.34.27:093][  0]LogWindowsTextInputMethodSystem: Display: IME system deactivated.
[2022.02.13-14.34.27:106][  0]LogSlate: New Slate User Created.  User Index 0, Is Virtual User: 0
[2022.02.13-14.34.27:106][  0]LogSlate: Slate User Registered.  User Index 0, Is Virtual User: 0
[2022.02.13-14.34.27:229][  0]LogD3D11RHI: Loaded GFSDK_Aftermath_Lib.x64.dll
[2022.02.13-14.34.27:245][  0]LogHMD: Failed to initialize OpenVR with code 110
[2022.02.13-14.34.27:245][  0]LogD3D11RHI: D3D11 min allowed feature level: 11_0
[2022.02.13-14.34.27:245][  0]LogD3D11RHI: D3D11 max allowed feature level: 11_0
[2022.02.13-14.34.27:245][  0]LogD3D11RHI: D3D11 adapters:
[2022.02.13-14.34.27:340][  0]LogD3D11RHI:    0. 'NVIDIA GeForce RTX 3060 Laptop GPU' (Feature Level 11_0)
[2022.02.13-14.34.27:340][  0]LogD3D11RHI:       6023/0/7862 MB DedicatedVideo/DedicatedSystem/SharedSystem, Outputs:2, VendorId:0x10de
[2022.02.13-14.34.27:379][  0]LogD3D11RHI:    1. 'AMD Radeon(TM) Graphics' (Feature Level 11_0)
[2022.02.13-14.34.27:379][  0]LogD3D11RHI:       496/0/7862 MB DedicatedVideo/DedicatedSystem/SharedSystem, Outputs:0, VendorId:0x1002
[2022.02.13-14.34.27:383][  0]LogD3D11RHI:    2. 'Microsoft Basic Render Driver' (Feature Level 11_0)
[2022.02.13-14.34.27:383][  0]LogD3D11RHI:       0/0/7862 MB DedicatedVideo/DedicatedSystem/SharedSystem, Outputs:0, VendorId:0x1414
[2022.02.13-14.34.27:383][  0]LogD3D11RHI: Chosen D3D11 Adapter:
[2022.02.13-14.34.27:383][  0]LogD3D11RHI:     Description : NVIDIA GeForce RTX 3060 Laptop GPU
[2022.02.13-14.34.27:383][  0]LogD3D11RHI:     VendorId    : 10de
[2022.02.13-14.34.27:383][  0]LogD3D11RHI:     DeviceId    : 2520
[2022.02.13-14.34.27:383][  0]LogD3D11RHI:     SubSysId    : 151f1025
[2022.02.13-14.34.27:383][  0]LogD3D11RHI:     Revision    : 00a1
[2022.02.13-14.34.27:383][  0]LogD3D11RHI:     DedicatedVideoMemory : 6315573248 bytes
[2022.02.13-14.34.27:383][  0]LogD3D11RHI:     DedicatedSystemMemory : 0 bytes
[2022.02.13-14.34.27:383][  0]LogD3D11RHI:     SharedSystemMemory : 8243935232 bytes
[2022.02.13-14.34.27:383][  0]LogD3D11RHI:     AdapterLuid : 0 58340
[2022.02.13-14.34.27:390][  0]LogD3D11RHI: Creating new Direct3DDevice
[2022.02.13-14.34.27:390][  0]LogD3D11RHI:     GPU DeviceId: 0x2520 (for the marketing name, search the web for "GPU Device Id")
[2022.02.13-14.34.27:390][  0]LogWindows: EnumDisplayDevices:
[2022.02.13-14.34.27:390][  0]LogWindows:    0. 'AMD Radeon(TM) Graphics' (P:1 D:1)
[2022.02.13-14.34.27:390][  0]LogWindows:    1. 'AMD Radeon(TM) Graphics' (P:0 D:0)
[2022.02.13-14.34.27:391][  0]LogWindows:    2. 'AMD Radeon(TM) Graphics' (P:0 D:0)
[2022.02.13-14.34.27:391][  0]LogWindows:    3. 'NVIDIA GeForce RTX 3060 Laptop GPU' (P:0 D:1)
[2022.02.13-14.34.27:391][  0]LogWindows: DebugString: PrimaryIsNotTheChoosenAdapter PrimaryIsNotTheChoosenAdapter PrimaryIsNotTheChoosenAdapter 
[2022.02.13-14.34.27:391][  0]LogD3D11RHI:     Adapter Name: NVIDIA GeForce RTX 3060 Laptop GPU
[2022.02.13-14.34.27:391][  0]LogD3D11RHI:   Driver Version: 497.09 (internal:30.0.14.9709, unified:497.09)
[2022.02.13-14.34.27:391][  0]LogD3D11RHI:      Driver Date: 11-26-2021
[2022.02.13-14.34.27:391][  0]LogRHI: Texture pool is 4216 MB (70% of 6023 MB)
[2022.02.13-14.34.27:391][  0]LogD3D11RHI: Creating D3DDevice using adapter:
[2022.02.13-14.34.27:391][  0]LogD3D11RHI:     Description : NVIDIA GeForce RTX 3060 Laptop GPU
[2022.02.13-14.34.27:391][  0]LogD3D11RHI:     VendorId    : 10de
[2022.02.13-14.34.27:391][  0]LogD3D11RHI:     DeviceId    : 2520
[2022.02.13-14.34.27:391][  0]LogD3D11RHI:     SubSysId    : 151f1025
[2022.02.13-14.34.27:391][  0]LogD3D11RHI:     Revision    : 00a1
[2022.02.13-14.34.27:391][  0]LogD3D11RHI:     DedicatedVideoMemory : 6315573248 bytes
[2022.02.13-14.34.27:392][  0]LogD3D11RHI:     DedicatedSystemMemory : 0 bytes
[2022.02.13-14.34.27:392][  0]LogD3D11RHI:     SharedSystemMemory : 8243935232 bytes
[2022.02.13-14.34.27:392][  0]LogD3D11RHI:     AdapterLuid : 0 58340
[2022.02.13-14.34.27:453][  0]LogD3D11RHI: RHI has support for 64 bit atomics
[2022.02.13-14.34.27:453][  0]LogD3D11RHI: Async texture creation enabled
[2022.02.13-14.34.27:453][  0]LogD3D11RHI: Array index from any shader is supported
[2022.02.13-14.34.27:475][  0]LogD3D11RHI: GPU Timing Frequency: 1000.000000 (Debug: 2 1)
[2022.02.13-14.34.27:497][  0]LogRHI: GeForceNow SDK initialized: 1
[2022.02.13-14.34.27:712][  0]LogTargetPlatformManager: Display: Loaded TargetPlatform 'AllDesktop'
[2022.02.13-14.34.27:730][  0]LogTargetPlatformManager: Display: Loaded TargetPlatform 'Android'
[2022.02.13-14.34.27:730][  0]LogTargetPlatformManager: Display: Loaded TargetPlatform 'Android_ASTC'
[2022.02.13-14.34.27:730][  0]LogTargetPlatformManager: Display: Loaded TargetPlatform 'Android_DXT'
[2022.02.13-14.34.27:731][  0]LogTargetPlatformManager: Display: Loaded TargetPlatform 'Android_ETC2'
[2022.02.13-14.34.27:731][  0]LogTargetPlatformManager: Display: Loaded TargetPlatform 'AndroidClient'
[2022.02.13-14.34.27:731][  0]LogTargetPlatformManager: Display: Loaded TargetPlatform 'Android_ASTCClient'
[2022.02.13-14.34.27:731][  0]LogTargetPlatformManager: Display: Loaded TargetPlatform 'Android_DXTClient'
[2022.02.13-14.34.27:731][  0]LogTargetPlatformManager: Display: Loaded TargetPlatform 'Android_ETC2Client'
[2022.02.13-14.34.27:731][  0]LogTargetPlatformManager: Display: Loaded TargetPlatform 'Android_Multi'
[2022.02.13-14.34.27:731][  0]LogTargetPlatformManager: Display: Loaded TargetPlatform 'Android_MultiClient'
[2022.02.13-14.34.27:748][  0]LogTargetPlatformManager: Display: Loaded TargetPlatform 'IOSClient'
[2022.02.13-14.34.27:748][  0]LogTargetPlatformManager: Display: Loaded TargetPlatform 'IOS'
[2022.02.13-14.34.27:756][  0]LogTargetPlatformManager: Display: Loaded TargetPlatform 'Linux'
[2022.02.13-14.34.27:761][  0]LogTargetPlatformManager: Display: Loaded TargetPlatform 'LinuxNoEditor'
[2022.02.13-14.34.27:765][  0]LogTargetPlatformManager: Display: Loaded TargetPlatform 'LinuxClient'
[2022.02.13-14.34.27:770][  0]LogTargetPlatformManager: Display: Loaded TargetPlatform 'LinuxServer'
[2022.02.13-14.34.27:779][  0]LogTargetPlatformManager: Display: Loaded TargetPlatform 'LinuxAArch64NoEditor'
[2022.02.13-14.34.27:785][  0]LogTargetPlatformManager: Display: Loaded TargetPlatform 'LinuxAArch64Client'
[2022.02.13-14.34.27:790][  0]LogTargetPlatformManager: Display: Loaded TargetPlatform 'LinuxAArch64Server'
[2022.02.13-14.34.27:810][  0]LogTargetPlatformManager: Display: Loaded TargetPlatform 'Lumin'
[2022.02.13-14.34.27:810][  0]LogTargetPlatformManager: Display: Loaded TargetPlatform 'LuminClient'
[2022.02.13-14.34.27:817][  0]LogTargetPlatformManager: Display: Loaded TargetPlatform 'MacNoEditor'
[2022.02.13-14.34.27:821][  0]LogTargetPlatformManager: Display: Loaded TargetPlatform 'Mac'
[2022.02.13-14.34.27:826][  0]LogTargetPlatformManager: Display: Loaded TargetPlatform 'MacClient'
[2022.02.13-14.34.27:831][  0]LogTargetPlatformManager: Display: Loaded TargetPlatform 'MacServer'
[2022.02.13-14.34.27:840][  0]LogTargetPlatformManager: Display: Loaded TargetPlatform 'TVOSClient'
[2022.02.13-14.34.27:840][  0]LogTargetPlatformManager: Display: Loaded TargetPlatform 'TVOS'
[2022.02.13-14.34.27:848][  0]LogTargetPlatformManager: Display: Loaded TargetPlatform 'WindowsNoEditor'
[2022.02.13-14.34.27:852][  0]LogTargetPlatformManager: Display: Loaded TargetPlatform 'Windows'
[2022.02.13-14.34.27:857][  0]LogTargetPlatformManager: Display: Loaded TargetPlatform 'WindowsClient'
[2022.02.13-14.34.27:862][  0]LogTargetPlatformManager: Display: Loaded TargetPlatform 'WindowsServer'
[2022.02.13-14.34.27:862][  0]LogTargetPlatformManager: Display: Building Assets For Windows
[2022.02.13-14.34.27:871][  0]LogAudioDebug: Display: Lib vorbis DLL was dynamically loaded.
[2022.02.13-14.34.27:904][  0]LogTextureFormatOodle: Display: Oodle Texture 2.9.0 init RDO Off
[2022.02.13-14.34.27:944][  0]LogRendererCore: Ray tracing is disabled. Reason: r.RayTracing=0.
[2022.02.13-14.34.27:944][  0]LogShaderCompilers: Guid format shader working directory is -6 characters bigger than the processId version (../../../../Projects/WargamingAcademy/Cyberpunk2022/Intermediate/Shaders/WorkingDirectory/54764/).
[2022.02.13-14.34.27:945][  0]LogShaderCompilers: Cleaned the shader compiler working directory 'C:/Users/Artem/AppData/Local/Temp/UnrealShaderWorkingDir/F8D30BC2456C833F464287818ED2302C/'.
[2022.02.13-14.34.27:945][  0]LogXGEController: Cannot use XGE Controller as Incredibuild is not installed on this machine.
[2022.02.13-14.34.27:945][  0]LogShaderCompilers: Cannot use XGE Shader Compiler as Incredibuild is not installed on this machine.
[2022.02.13-14.34.27:945][  0]LogShaderCompilers: Display: Using Local Shader Compiler.
[2022.02.13-14.34.28:550][  0]LogDerivedDataCache: Display: Max Cache Size: 512 MB
[2022.02.13-14.34.28:605][  0]LogDerivedDataCache: Loaded boot cache 0.05s 102MB C:/Users/Artem/AppData/Local/UnrealEngine/4.27/DerivedDataCache/Boot.ddc.
[2022.02.13-14.34.28:605][  0]LogDerivedDataCache: Display: Loaded Boot cache: C:/Users/Artem/AppData/Local/UnrealEngine/4.27/DerivedDataCache/Boot.ddc
[2022.02.13-14.34.28:605][  0]LogDerivedDataCache: FDerivedDataBackendGraph:  Pak pak cache file ../../../../Projects/WargamingAcademy/Cyberpunk2022/DerivedDataCache/DDC.ddp not found, will not use a pak cache.
[2022.02.13-14.34.28:605][  0]LogDerivedDataCache: Unable to find inner node Pak for hierarchical cache Hierarchy.
[2022.02.13-14.34.28:605][  0]LogDerivedDataCache: FDerivedDataBackendGraph:  CompressedPak pak cache file ../../../../Projects/WargamingAcademy/Cyberpunk2022/DerivedDataCache/Compressed.ddp not found, will not use a pak cache.
[2022.02.13-14.34.28:605][  0]LogDerivedDataCache: Unable to find inner node CompressedPak for hierarchical cache Hierarchy.
[2022.02.13-14.34.28:622][  0]LogDerivedDataCache: Display: Pak cache opened for reading ../../../Engine/DerivedDataCache/Compressed.ddp.
[2022.02.13-14.34.28:622][  0]LogDerivedDataCache: FDerivedDataBackendGraph:  EnterprisePak pak cache file ../../../Enterprise/DerivedDataCache/Compressed.ddp not found, will not use a pak cache.
[2022.02.13-14.34.28:622][  0]LogDerivedDataCache: Unable to find inner node EnterprisePak for hierarchical cache Hierarchy.
[2022.02.13-14.34.28:627][  0]LogDerivedDataCache: Speed tests for C:/Users/Artem/AppData/Local/UnrealEngine/Common/DerivedDataCache took 0.00 seconds
[2022.02.13-14.34.28:627][  0]LogDerivedDataCache: Display: Performance to C:/Users/Artem/AppData/Local/UnrealEngine/Common/DerivedDataCache: Latency=0.03ms. RandomReadSpeed=1651.02MBs, RandomWriteSpeed=233.14MBs. Assigned SpeedClass 'Local'
[2022.02.13-14.34.28:629][  0]LogDerivedDataCache: Using Local data cache path C:/Users/Artem/AppData/Local/UnrealEngine/Common/DerivedDataCache: Writable
[2022.02.13-14.34.28:629][  0]LogDerivedDataCache: Shared data cache path not found in *engine.ini, will not use an Shared cache.
[2022.02.13-14.34.28:629][  0]LogDerivedDataCache: Unable to find inner node Shared for hierarchical cache Hierarchy.
[2022.02.13-14.34.28:668][  0]LogSlate: Using FreeType 2.10.0
[2022.02.13-14.34.28:669][  0]LogSlate: SlateFontServices - WITH_FREETYPE: 1, WITH_HARFBUZZ: 1
[2022.02.13-14.34.28:691][  0]LogAssetRegistry: FAssetRegistry took 0.0035 seconds to start up
[2022.02.13-14.34.28:884][  0]LogInit: Selected Device Profile: [Windows]
[2022.02.13-14.34.28:884][  0]LogInit: Active device profile: [0000026B19FEB300][0000026B1912B0C0 49] Windows
[2022.02.13-14.34.28:884][  0]LogInit: Profiles: [0000026B19FEB300][0000026B1912B0C0 49] Windows, [0000026B19F9CF00][0000026B19187240 49] WindowsNoEditor, [0000026B19FE8F00][0000026B1916F3C0 49] WindowsServer, [0000026B19F9EA00][0000026B0E0D1540 49] WindowsClient, [0000026B19FEA900][0000026B0E0D56C0 49] IOS, [0000026B19F9D900][0000026B0E0D9840 49] iPadAir, [0000026B19FE9800][0000026B123759C0 49] iPadAir2, [0000026B19F2F800][0000026B123EA100 49] IPadPro, [0000026B19F2F900][0000026B12378140 49] iPadAir3, [0000026B19FEA200][0000026B123EE2C0 49] iPadAir4, [0000026B19F2D400][0000026B123F2440 49] iPadMini2, [0000026B19FEBC00][0000026B123F65C0 49] iPadMini3, [0000026B19F2E400][0000026B123FA740 49] iPadMini4, [0000026B19FE9100][0000026B1916A880 49] iPadMini5, [0000026B19F7F100][0000026B16A7AAC0 49] iPhone6, [0000026B19F7F200][0000026B123FEB00 49] iPodTouch6, [0000026B19F2C600][0000026B1A7F6DC0 49] iPhone7, [0000026B19F2C400][0000026B1A7E6E00 49] iPodTouch7, [0000026B19F7D300][0000026B1A810F80 49] iPhone5S, [0000026B19F2CD00][0000026B1A857100 49] iPhone6Plus, [0000026B19F7E500][0000026B1A89F280 49] iPhone6S, [0000026B19F2FE00][0000026B1A8BB400 49] iPhone6SPlus, [0000026B19F7FA00][0000026B1A8BF580 49] iPhone7Plus, [0000026B19F2D900][0000026B1A8C3700 49] iPhoneSE, [0000026B19F7C900][0000026B1A8C7880 49] iPhone8, [0000026B19F2E800][0000026B1A8CBA00 49] iPhone8Plus, [0000026B19F7E300][0000026B1A8FFB80 49] iPhoneX, [0000026B19F2E700][0000026B1A92A180 49] iPhoneXS, [0000026B19F7FB00][0000026B1A94E300 49] iPhoneXSMax, [0000026B19F2F500][0000026B1A952480 49] iPhoneXR, [0000026B19F7F800][0000026B1A956600 49] iPhone11, [0000026B19F2D100][0000026B1A95A780 49] iPhone11Pro, [0000026B19F7DD00][0000026B1A95E900 49] iPhone11ProMax, [0000026B19F2D600][0000026B1A7E2A40 49] iPhoneSE2, [0000026B19F7D200][0000026B1A962B80 49] iPhone12Mini, [0000026B19F2F300][0000026B1A9A2CC0 49] iPhone12, [0000026B19F7CF00][0000026B1A9AAE40 49] iPhone12Pro, [0000026B19F2C700][0000026B0E0DCFC0 49] iPhone12ProMax, [0000026B19F7CB00][0000026B0E0E1140 49] iPadPro105, [0000026B19F2D000][0000026B0E0E52C0 49] iPadPro129, [0000026B19F7C200][0000026B0E0E9440 49] iPadPro97, [0000026B19F2F400][0000026B0E0ED5C0 49] iPadPro2_129, [0000026B19F7E800][0000026B0E0F1740 49] iPad5, [0000026B19F2FA00][0000026B1A3A18C0 49] iPad6, [0000026B19F7DE00][0000026B1A3B1A40 49] iPad7, [0000026B19F2DC00][0000026B1A3C9BC0 49] iPad8, [0000026B19F7DA00][0000026B0E12A1C0 49] iPadPro11, [0000026B19F2DE00][0000026B0E12E340 49] iPadPro2_11, [0000026B19F7CC00][0000026B0E1404C0 49] iPadPro3_129, [0000026B19F2F700][0000026B0E144640 49] iPadPro4_129, [0000026B19F7D900][0000026B0E1487C0 49] AppleTV, [0000026B19F2C100][0000026B123B0940 49] AppleTV4K, [0000026B19F7EC00][0000026B123B4AC0 49] TVOS, [0000026B19F2FC00][0000026B1A9A6C00 49] Mac, [0000026B19F7CE00][0000026B1A8A2D40 49] MacClient, [0000026B19F2F100][0000026B123BEE80 49] MacNoEditor, [0000026B19F7FD00][0000026B123C2FC0 49] MacServer, [0000026B19F2EA00][0000026B16A67140 49] Linux, [0000026B19F7D000][0000026B123C72C0 49] LinuxAArch64, [0000026B19F2E600][0000026B123CB440 49] LinuxNoEditor, [0000026B19F9E500][0000026B123CF5C0 49] LinuxAArch64NoEditor, [0000026B1A142200][0000026B123D3740 49] LinuxClient, [0000026B19F9DA00][0000026B123D78C0 49] LinuxAArch64Client, [0000026B1A141B00][0000026B123DBA40 49] LinuxServer, [0000026B19F9EB00][0000026B123DFBC0 49] LinuxAArch64Server, [0000026B1A140300][0000026B123E21C0 49] Android, [0000026B19F9C100][0000026B123E6340 49] Android_Low, [0000026B1A141C00][0000026B1A7964C0 49] Android_Mid, [0000026B19F9D400][0000026B1A79A640 49] Android_High, [0000026B1A141D00][0000026B1A79E7C0 49] Android_Default, [0000026B19F9F200][0000026B1A7A2940 49] Android_Adreno4xx, [0000026B1A141800][0000026B1A7A6AC0 49] Android_Adreno5xx_Low, [0000026B19F9E800][0000026B16A5EC40 49] Android_Adreno5xx, [0000026B1A142800][0000026B16A62D80 49] Android_Adreno6xx, [0000026B19F9CB00][0000026B1A80CEC0 49] Android_Adreno6xx_Vulkan, [0000026B1A142500][0000026B1A7AB000 49] Android_Mali_T6xx, [0000026B19F9E600][0000026B1A7AF140 49] Android_Mali_T7xx, [0000026B1A140100][0000026B1A8B32C0 49] Android_Mali_T8xx, [0000026B19F9C400][0000026B1A8A7440 49] Android_Mali_G71, [0000026B1A141700][0000026B191735C0 49] Android_Mali_G72, [0000026B19F2FF00][0000026B1A86B740 49] Android_Mali_G72_Vulkan, [0000026B19F7EE00][0000026B1A8678C0 49] Android_Mali_G76, [0000026B19F2FB00][0000026B1A863A40 49] Android_Mali_G76_Vulkan, [0000026B19F7CD00][0000026B1A85FBC0 49] Android_Mali_G77, [0000026B19F2D700][0000026B1A85A1C0 49] Android_Mali_G77_Vulkan, [0000026B19F7D400][0000026B1A852340 49] Android_Mali_G78, [0000026B19F2C800][0000026B1A84E4C0 49] Android_Mali_G78_Vulkan, [0000026B1A141A00][0000026B1A84A640 49] Android_Mali_G710, [0000026B19F2C200][0000026B1918A7C0 49] Android_Mali_G710_Vulkan, [0000026B1A140600][0000026B0DE46940 49] Android_Vulkan_SM5, [0000026B19F2EE00][0000026B0DE4AAC0 49] Android_PowerVR_G6xxx, [0000026B1A140E00][0000026B0DE4EC40 49] Android_PowerVR_GT7xxx, [0000026B19F2C300][0000026B0DE52DC0 49] Android_PowerVR_GE8xxx, [0000026B1A142300][0000026B0DE56F40 49] Android_PowerVR_GM9xxx, [0000026B19F2D500][0000026B1A8B7080 49] Android_PowerVR_GM9xxx_Vulkan, [0000026B1A141000][0000026B0DE5B1C0 49] Android_TegraK1, [0000026B19F2CF00][0000026B0DE5F300 49] Android_Unknown_Vulkan, [0000026B1A141600][0000026B0DE67480 49] Lumin, [0000026B19F2DA00][0000026B0DE6B600 49] Lumin_Desktop, [0000026B1A140700][0000026B1A7B3780 49] HoloLens, 
[2022.02.13-14.34.28:993][  0]LogMeshReduction: Using QuadricMeshReduction for automatic static mesh reduction
[2022.02.13-14.34.28:993][  0]LogMeshReduction: Using SimplygonMeshReduction for automatic skeletal mesh reduction
[2022.02.13-14.34.28:993][  0]LogMeshReduction: Using ProxyLODMeshReduction for automatic mesh merging
[2022.02.13-14.34.28:993][  0]LogMeshReduction: No distributed automatic mesh merging module available
[2022.02.13-14.34.28:993][  0]LogMeshMerging: No distributed automatic mesh merging module available
[2022.02.13-14.34.29:006][  0]LogNetVersion: Cyberpunk2022 1.0.0, NetCL: 17155196, EngineNetVer: 17, GameNetVer: 0 (Checksum: 1028016206)
[2022.02.13-14.34.29:287][  0]LogTexture: Default maximum texture size for cubemaps generated from long-lat sources has been changed from 512 to unlimited. In order to preserve old behaiour for '/Engine/MapTemplates/Sky/DaylightAmbientCubemap.DaylightAmbientCubemap', its maximum texture size has been explicitly set to 512.
[2022.02.13-14.34.29:334][  0]LogHMD: PokeAHoleMaterial loaded successfully
[2022.02.13-14.34.29:339][  0]LogUObjectArray: 17178 objects as part of root set at end of initial load.
[2022.02.13-14.34.29:339][  0]LogUObjectAllocator: 4302048 out of 0 bytes used by permanent object pool.
[2022.02.13-14.34.29:339][  0]LogUObjectArray: CloseDisregardForGC: 0/0 objects in disregard for GC pool
[2022.02.13-14.34.29:602][  0]LogNiagaraDebuggerClient: Niagara Debugger Client Initialized | Session: C11166ED4B3C734604685AB40CB3FB6D | Instance: F591F22046EF29AC77043AB0EDFC373C (DESKTOP-P6OQVGL-54764).
[2022.02.13-14.34.29:635][  0]LogPython: Using Python 3.7.7
[2022.02.13-14.34.30:161][  0]LogTcpMessaging: Initializing TcpMessaging bridge
[2022.02.13-14.34.30:170][  0]LogUdpMessaging: Initializing bridge on interface 0.0.0.0:0 to multicast group 230.0.0.1:6666.
[2022.02.13-14.34.30:474][  0]SourceControl: Source control is disabled
[2022.02.13-14.34.30:474][  0]SourceControl: Source control is disabled
[2022.02.13-14.34.30:482][  0]SourceControl: Source control is disabled
[2022.02.13-14.34.30:492][  0]SourceControl: Source control is disabled
[2022.02.13-14.34.30:495][  0]SourceControl: Source control is disabled
[2022.02.13-14.34.30:499][  0]LogUProjectInfo: Found projects:
[2022.02.13-14.34.30:685][  0]LogOpenImageDenoise: OIDN starting up
[2022.02.13-14.34.30:767][  0]LogAndroidPermission: UAndroidPermissionCallbackProxy::GetInstance
[2022.02.13-14.34.30:774][  0]LogAudioCaptureCore: Display: No Audio Capture implementations found. Audio input will be silent.
[2022.02.13-14.34.30:774][  0]LogAudioCaptureCore: Display: No Audio Capture implementations found. Audio input will be silent.
[2022.02.13-14.34.30:947][  0]LogCollectionManager: Loaded 0 collections in 0.000547 seconds
[2022.02.13-14.34.30:972][  0]LogFileCache: Scanning file cache for directory 'E:/UE4/Projects/WargamingAcademy/Cyberpunk2022/Saved/Collections/' took 0.00s
[2022.02.13-14.34.30:972][  0]LogFileCache: Scanning file cache for directory 'E:/UE4/Projects/WargamingAcademy/Cyberpunk2022/Content/Developers/Artem/Collections/' took 0.00s
[2022.02.13-14.34.30:972][  0]LogFileCache: Scanning file cache for directory 'E:/UE4/Projects/WargamingAcademy/Cyberpunk2022/Content/Collections/' took 0.00s
[2022.02.13-14.34.30:972][  0]LogOcInput: OculusInput pre-init called
[2022.02.13-14.34.31:161][  0]LogEngine: Initializing Engine...
[2022.02.13-14.34.31:164][  0]LogHMD: Failed to enumerate extensions. Please check that you have a valid OpenXR runtime installed.
[2022.02.13-14.34.31:165][  0]LogHMD: Failed to initialize OpenVR with code 110
[2022.02.13-14.34.31:165][  0]LogMagicLeap: Warning: VR disabled because ZI is not enabled.  To enable, in the editor, Edit -> Project Settings -> Plugins -> Magic Leap Plugin -> Enable Zero Iteration
[2022.02.13-14.34.31:166][  0]LogStats: UGameplayTagsManager::InitializeManager -  0.000 s
[2022.02.13-14.34.31:263][  0]LogInit: Initializing FReadOnlyCVARCache
[2022.02.13-14.34.31:271][  0]LogAIModule: Creating AISystem for world Untitled
[2022.02.13-14.34.31:280][  0]LogAudio: Display: Initializing Audio Device Manager...
[2022.02.13-14.34.31:285][  0]LogAudio: Display: Loading Default Audio Settings Objects...
[2022.02.13-14.34.31:285][  0]LogAudio: Display: No default SoundConcurrencyObject specified (or failed to load).
[2022.02.13-14.34.31:286][  0]LogAudio: Display: Audio Device Manager Initialized
[2022.02.13-14.34.31:286][  0]LogAudio: Display: Creating Audio Device:                 Id: 1, Scope: Shared, Realtime: True
[2022.02.13-14.34.31:286][  0]LogAudioMixer: Display: Audio Mixer Platform Settings:
[2022.02.13-14.34.31:286][  0]LogAudioMixer: Display: 	Sample Rate:						  48000
[2022.02.13-14.34.31:286][  0]LogAudioMixer: Display: 	Callback Buffer Frame Size Requested: 1024
[2022.02.13-14.34.31:286][  0]LogAudioMixer: Display: 	Callback Buffer Frame Size To Use:	  1024
[2022.02.13-14.34.31:286][  0]LogAudioMixer: Display: 	Number of buffers to queue:			  2
[2022.02.13-14.34.31:286][  0]LogAudioMixer: Display: 	Max Channels (voices):				  32
[2022.02.13-14.34.31:286][  0]LogAudioMixer: Display: 	Number of Async Source Workers:		  0
[2022.02.13-14.34.31:286][  0]LogAudio: Display: AudioDevice MaxSources: 32
[2022.02.13-14.34.31:286][  0]LogAudio: Display: Audio Spatialization Plugin: None (built-in).
[2022.02.13-14.34.31:286][  0]LogAudio: Display: Audio Reverb Plugin: None (built-in).
[2022.02.13-14.34.31:286][  0]LogAudio: Display: Audio Occlusion Plugin: None (built-in).
[2022.02.13-14.34.31:287][  0]LogAudioMixer: Display: Initializing audio mixer.
[2022.02.13-14.34.31:297][  0]LogAudioMixer: Display: 0: FrontLeft
[2022.02.13-14.34.31:297][  0]LogAudioMixer: Display: 1: FrontRight
[2022.02.13-14.34.31:373][  0]LogAudioMixer: Display: Using Audio Device Headphones (Realtek(R) Audio)
[2022.02.13-14.34.31:375][  0]LogAudioMixer: Display: Initializing Sound Submixes...
[2022.02.13-14.34.31:377][  0]LogAudioMixer: Display: Creating Master Submix 'MasterSubmixDefault'
[2022.02.13-14.34.31:377][  0]LogAudioMixer: Display: Creating Master Submix 'MasterReverbSubmixDefault'
[2022.02.13-14.34.31:378][  0]LogAudioMixer: Display: Creating Master Submix 'MasterEQSubmixDefault'
[2022.02.13-14.34.31:378][  0]LogAudioMixer: FMixerPlatformXAudio2::StartAudioStream() called
[2022.02.13-14.34.31:378][  0]LogAudioMixer: Display: Output buffers initialized: Frames=1024, Channels=2, Samples=2048
[2022.02.13-14.34.31:380][  0]LogAudioMixer: Display: Starting AudioMixerPlatformInterface::RunInternal()
[2022.02.13-14.34.31:380][  0]LogAudioMixer: Display: FMixerPlatformXAudio2::SubmitBuffer() called for the first time
[2022.02.13-14.34.31:380][  0]LogInit: FAudioDevice initialized.
[2022.02.13-14.34.31:380][  0]LogAudio: Display: Audio Device (ID: 1) registered with world 'Untitled'.
[2022.02.13-14.34.31:380][  0]LogNetVersion: Set ProjectVersion to 1.0.0.0. Version Checksum will be recalculated on next use.
[2022.02.13-14.34.31:429][  0]LogDerivedDataCache: Saved boot cache 0.05s 102MB C:/Users/Artem/AppData/Local/UnrealEngine/4.27/DerivedDataCache/Boot.ddc.
[2022.02.13-14.34.31:430][  0]LogInit: Texture streaming: Enabled
[2022.02.13-14.34.31:444][  0]LogAnalytics: Display: [UEEditor.Rocket.Release] APIServer = https://datarouter.ol.epicgames.com/. AppVersion = 4.27.2-18319896+++UE4+Release-4.27
[2022.02.13-14.34.31:450][  0]LogEngineSessionManager: EngineSessionManager initialized
[2022.02.13-14.34.31:450][  0]LogEngineSessionManager: EngineSessionManager sent abnormal shutdown report. Type=Debugger, SessionId={49524A9A-4A3C-1B6A-C394-368D9434015C}
[2022.02.13-14.34.31:450][  0]LogEngineSessionManager: EngineSessionManager sent abnormal shutdown report. Type=Debugger, SessionId={865F946E-4069-E208-D913-EDB0DFEEB898}
[2022.02.13-14.34.31:450][  0]LogEngineSessionManager: EngineSessionManager sent abnormal shutdown report. Type=Debugger, SessionId={8D0E61CF-4394-2E8C-762E-DDBC3130B453}
[2022.02.13-14.34.31:451][  0]LogEditorSessionSummary: Verbose: Initializing EditorSessionSummaryWriter for editor session tracking
[2022.02.13-14.34.31:452][  0]LogEditorSessionSummary: EditorSessionSummaryWriter initialized
[2022.02.13-14.34.31:473][  0]LogInit: Transaction tracking system initialized
[2022.02.13-14.34.31:495][  0]BlueprintLog: New page: Editor Load
[2022.02.13-14.34.31:558][  0]LocalizationService: Localization service is disabled
[2022.02.13-14.34.31:582][  0]TimingProfiler: Initialize
[2022.02.13-14.34.31:582][  0]TimingProfiler: OnSessionChanged
[2022.02.13-14.34.31:582][  0]LoadingProfiler: Initialize
[2022.02.13-14.34.31:582][  0]LoadingProfiler: OnSessionChanged
[2022.02.13-14.34.31:582][  0]NetworkingProfiler: Initialize
[2022.02.13-14.34.31:582][  0]NetworkingProfiler: OnSessionChanged
[2022.02.13-14.34.31:582][  0]MemoryProfiler: Initialize
[2022.02.13-14.34.31:583][  0]MemoryProfiler: OnSessionChanged
[2022.02.13-14.34.31:704][  0]LogCook: Display: CookSettings for Memory: MemoryMaxUsedVirtual 0MiB, MemoryMaxUsedPhysical 16384MiB, MemoryMinFreeVirtual 0MiB, MemoryMinFreePhysical 1024MiB
[2022.02.13-14.34.31:704][  0]LogCook: Display: Mobile HDR setting 1
[2022.02.13-14.34.31:894][  0]LogFileCache: Scanning file cache for directory 'E:/UE4/Projects/WargamingAcademy/Cyberpunk2022/Content/' took 0.01s
[2022.02.13-14.34.32:032][  0]LogInit: Display: Engine is initialized. Leaving FEngineLoop::Init()
[2022.02.13-14.34.32:035][  0]SourceControl: Source control is disabled
[2022.02.13-14.34.32:035][  0]LogUnrealEdMisc: Loading editor; pre map load, took 6.526
[2022.02.13-14.34.32:035][  0]Cmd: MAP LOAD FILE="../../../../Projects/WargamingAcademy/Cyberpunk2022/Content/FirstPersonCPP/Maps/bloking.umap" TEMPLATE=0 SHOWPROGRESS=1 FEATURELEVEL=3
[2022.02.13-14.34.32:035][  0]LightingResults: New page: Lighting Build
[2022.02.13-14.34.32:036][  0]LogWorld: UWorld::CleanupWorld for Untitled, bSessionEnded=true, bCleanupResources=true
[2022.02.13-14.34.32:037][  0]LogSlate: InvalidateAllWidgets triggered.  All widgets were invalidated
[2022.02.13-14.34.32:037][  0]MapCheck: New page: Map Check
[2022.02.13-14.34.32:037][  0]LightingResults: New page: Lighting Build
[2022.02.13-14.34.32:040][  0]LogAudio: Display: Audio Device unregistered from world 'None'.
[2022.02.13-14.34.32:044][  0]LogUObjectHash: Compacting FUObjectHashTables data took   0.87ms
[2022.02.13-14.34.32:626][  0]LogAudio: Display: Audio Device (ID: 1) registered with world 'bloking'.
[2022.02.13-14.34.32:627][  0]LogAIModule: Creating AISystem for world bloking
[2022.02.13-14.34.32:731][  0]LogEditorServer: Finished looking for orphan Actors (0.001 secs)
[2022.02.13-14.34.32:786][  0]LogUObjectHash: Compacting FUObjectHashTables data took   1.19ms
[2022.02.13-14.34.32:786][  0]Cmd: MAP CHECKDEP NOCLEARLOG
[2022.02.13-14.34.32:787][  0]MapCheck: Map check complete: 0 Error(s), 0 Warning(s), took 0.284ms to complete.
[2022.02.13-14.34.32:787][  0]LogFileHelpers: Loading map 'bloking' took 0.752
[2022.02.13-14.34.32:789][  0]LogUnrealEdMisc: Total Editor Startup Time, took 7.280
[2022.02.13-14.34.32:877][  0]LogSlate: Updating window title bar state: overlay mode, drag disabled, window buttons hidden, title bar hidden
[2022.02.13-14.34.32:882][  0]LogSlate: Updating window title bar state: overlay mode, drag disabled, window buttons hidden, title bar hidden
[2022.02.13-14.34.32:887][  0]LogSlate: Updating window title bar state: overlay mode, drag disabled, window buttons hidden, title bar hidden
[2022.02.13-14.34.32:892][  0]LogSlate: Updating window title bar state: overlay mode, drag disabled, window buttons hidden, title bar hidden
[2022.02.13-14.34.32:905][  0]LogNativeClassHierarchy: Verbose: Native class hierarchy populated in 0.0089 seconds. Added 3831 classes and 930 folders.
[2022.02.13-14.34.32:906][  0]LogNativeClassHierarchy: Verbose: Native class hierarchy updated for 'WidgetCarousel' in 0.0003 seconds. Added 0 classes and 0 folders.
[2022.02.13-14.34.32:907][  0]LogPakFile: PakFile PrimaryIndexSize=187
[2022.02.13-14.34.32:908][  0]LogPakFile: PakFile PathHashIndexSize=101
[2022.02.13-14.34.32:908][  0]LogPakFile: PakFile FullDirectoryIndexSize=148
[2022.02.13-14.34.32:908][  0]LogShaderLibrary: Display: ShaderCodeLibraryPakFileMountedCallback: PakFile 'E:/UE4/UE_4.27/FeaturePacks/FP_FirstPerson.upack' (chunk index -1, root 'root:/') mounted
[2022.02.13-14.34.32:908][  0]LogShaderLibrary: Display: ShaderCodeLibraryPakFileMountedCallback: pending pak file info (ChunkID:-1 Root:root:/ File:E:/UE4/UE_4.27/FeaturePacks/FP_FirstPerson.upack)
[2022.02.13-14.34.32:908][  0]LogPakFile: OnPakFileMounted2Time == 0.000106
[2022.02.13-14.34.32:908][  0]LogPakFile: PakFile PrimaryIndexSize=189
[2022.02.13-14.34.32:908][  0]LogPakFile: PakFile PathHashIndexSize=101
[2022.02.13-14.34.32:908][  0]LogPakFile: PakFile FullDirectoryIndexSize=152
[2022.02.13-14.34.32:908][  0]LogShaderLibrary: Display: ShaderCodeLibraryPakFileMountedCallback: PakFile 'E:/UE4/UE_4.27/FeaturePacks/FP_FirstPersonBP.upack' (chunk index -1, root 'root:/') mounted
[2022.02.13-14.34.32:908][  0]LogShaderLibrary: Display: ShaderCodeLibraryPakFileMountedCallback: pending pak file info (ChunkID:-1 Root:root:/ File:E:/UE4/UE_4.27/FeaturePacks/FP_FirstPersonBP.upack)
[2022.02.13-14.34.32:908][  0]LogPakFile: OnPakFileMounted2Time == 0.000080
[2022.02.13-14.34.32:909][  0]LogPakFile: PakFile PrimaryIndexSize=191
[2022.02.13-14.34.32:909][  0]LogPakFile: PakFile PathHashIndexSize=101
[2022.02.13-14.34.32:909][  0]LogPakFile: PakFile FullDirectoryIndexSize=160
[2022.02.13-14.34.32:909][  0]LogShaderLibrary: Display: ShaderCodeLibraryPakFileMountedCallback: PakFile 'E:/UE4/UE_4.27/FeaturePacks/MobileStarterContent.upack' (chunk index -1, root 'root:/') mounted
[2022.02.13-14.34.32:909][  0]LogShaderLibrary: Display: ShaderCodeLibraryPakFileMountedCallback: pending pak file info (ChunkID:-1 Root:root:/ File:E:/UE4/UE_4.27/FeaturePacks/MobileStarterContent.upack)
[2022.02.13-14.34.32:909][  0]LogPakFile: OnPakFileMounted2Time == 0.000079
[2022.02.13-14.34.32:909][  0]LogPakFile: PakFile PrimaryIndexSize=185
[2022.02.13-14.34.32:909][  0]LogPakFile: PakFile PathHashIndexSize=101
[2022.02.13-14.34.32:909][  0]LogPakFile: PakFile FullDirectoryIndexSize=148
[2022.02.13-14.34.32:910][  0]LogShaderLibrary: Display: ShaderCodeLibraryPakFileMountedCallback: PakFile 'E:/UE4/UE_4.27/FeaturePacks/StarterContent.upack' (chunk index -1, root 'root:/') mounted
[2022.02.13-14.34.32:910][  0]LogShaderLibrary: Display: ShaderCodeLibraryPakFileMountedCallback: pending pak file info (ChunkID:-1 Root:root:/ File:E:/UE4/UE_4.27/FeaturePacks/StarterContent.upack)
[2022.02.13-14.34.32:910][  0]LogPakFile: OnPakFileMounted2Time == 0.000337
[2022.02.13-14.34.32:910][  0]LogPakFile: PakFile PrimaryIndexSize=190
[2022.02.13-14.34.32:910][  0]LogPakFile: PakFile PathHashIndexSize=101
[2022.02.13-14.34.32:910][  0]LogPakFile: PakFile FullDirectoryIndexSize=154
[2022.02.13-14.34.32:910][  0]LogShaderLibrary: Display: ShaderCodeLibraryPakFileMountedCallback: PakFile 'E:/UE4/UE_4.27/FeaturePacks/TP_2DSideScroller.upack' (chunk index -1, root 'root:/') mounted
[2022.02.13-14.34.32:910][  0]LogShaderLibrary: Display: ShaderCodeLibraryPakFileMountedCallback: pending pak file info (ChunkID:-1 Root:root:/ File:E:/UE4/UE_4.27/FeaturePacks/TP_2DSideScroller.upack)
[2022.02.13-14.34.32:910][  0]LogPakFile: OnPakFileMounted2Time == 0.000091
[2022.02.13-14.34.32:911][  0]LogPakFile: PakFile PrimaryIndexSize=192
[2022.02.13-14.34.32:911][  0]LogPakFile: PakFile PathHashIndexSize=101
[2022.02.13-14.34.32:911][  0]LogPakFile: PakFile FullDirectoryIndexSize=158
[2022.02.13-14.34.32:911][  0]LogShaderLibrary: Display: ShaderCodeLibraryPakFileMountedCallback: PakFile 'E:/UE4/UE_4.27/FeaturePacks/TP_2DSideScrollerBP.upack' (chunk index -1, root 'root:/') mounted
[2022.02.13-14.34.32:911][  0]LogShaderLibrary: Display: ShaderCodeLibraryPakFileMountedCallback: pending pak file info (ChunkID:-1 Root:root:/ File:E:/UE4/UE_4.27/FeaturePacks/TP_2DSideScrollerBP.upack)
[2022.02.13-14.34.32:911][  0]LogPakFile: OnPakFileMounted2Time == 0.000077
[2022.02.13-14.34.32:911][  0]LogPakFile: PakFile PrimaryIndexSize=182
[2022.02.13-14.34.32:911][  0]LogPakFile: PakFile PathHashIndexSize=101
[2022.02.13-14.34.32:911][  0]LogPakFile: PakFile FullDirectoryIndexSize=138
[2022.02.13-14.34.32:912][  0]LogShaderLibrary: Display: ShaderCodeLibraryPakFileMountedCallback: PakFile 'E:/UE4/UE_4.27/FeaturePacks/TP_Flying.upack' (chunk index -1, root 'root:/') mounted
[2022.02.13-14.34.32:912][  0]LogShaderLibrary: Display: ShaderCodeLibraryPakFileMountedCallback: pending pak file info (ChunkID:-1 Root:root:/ File:E:/UE4/UE_4.27/FeaturePacks/TP_Flying.upack)
[2022.02.13-14.34.32:912][  0]LogPakFile: OnPakFileMounted2Time == 0.000096
[2022.02.13-14.34.32:912][  0]LogPakFile: PakFile PrimaryIndexSize=184
[2022.02.13-14.34.32:912][  0]LogPakFile: PakFile PathHashIndexSize=101
[2022.02.13-14.34.32:912][  0]LogPakFile: PakFile FullDirectoryIndexSize=142
[2022.02.13-14.34.32:912][  0]LogShaderLibrary: Display: ShaderCodeLibraryPakFileMountedCallback: PakFile 'E:/UE4/UE_4.27/FeaturePacks/TP_FlyingBP.upack' (chunk index -1, root 'root:/') mounted
[2022.02.13-14.34.32:912][  0]LogShaderLibrary: Display: ShaderCodeLibraryPakFileMountedCallback: pending pak file info (ChunkID:-1 Root:root:/ File:E:/UE4/UE_4.27/FeaturePacks/TP_FlyingBP.upack)
[2022.02.13-14.34.32:912][  0]LogPakFile: OnPakFileMounted2Time == 0.000078
[2022.02.13-14.34.32:913][  0]LogPakFile: PakFile PrimaryIndexSize=188
[2022.02.13-14.34.32:913][  0]LogPakFile: PakFile PathHashIndexSize=101
[2022.02.13-14.34.32:913][  0]LogPakFile: PakFile FullDirectoryIndexSize=150
[2022.02.13-14.34.32:913][  0]LogShaderLibrary: Display: ShaderCodeLibraryPakFileMountedCallback: PakFile 'E:/UE4/UE_4.27/FeaturePacks/TP_HandheldARBP.upack' (chunk index -1, root 'root:/') mounted
[2022.02.13-14.34.32:913][  0]LogShaderLibrary: Display: ShaderCodeLibraryPakFileMountedCallback: pending pak file info (ChunkID:-1 Root:root:/ File:E:/UE4/UE_4.27/FeaturePacks/TP_HandheldARBP.upack)
[2022.02.13-14.34.32:913][  0]LogPakFile: OnPakFileMounted2Time == 0.000089
[2022.02.13-14.34.32:913][  0]LogPakFile: PakFile PrimaryIndexSize=182
[2022.02.13-14.34.32:913][  0]LogPakFile: PakFile PathHashIndexSize=101
[2022.02.13-14.34.32:913][  0]LogPakFile: PakFile FullDirectoryIndexSize=138
[2022.02.13-14.34.32:913][  0]LogShaderLibrary: Display: ShaderCodeLibraryPakFileMountedCallback: PakFile 'E:/UE4/UE_4.27/FeaturePacks/TP_Puzzle.upack' (chunk index -1, root 'root:/') mounted
[2022.02.13-14.34.32:914][  0]LogShaderLibrary: Display: ShaderCodeLibraryPakFileMountedCallback: pending pak file info (ChunkID:-1 Root:root:/ File:E:/UE4/UE_4.27/FeaturePacks/TP_Puzzle.upack)
[2022.02.13-14.34.32:914][  0]LogPakFile: OnPakFileMounted2Time == 0.000087
[2022.02.13-14.34.32:914][  0]LogPakFile: PakFile PrimaryIndexSize=184
[2022.02.13-14.34.32:914][  0]LogPakFile: PakFile PathHashIndexSize=101
[2022.02.13-14.34.32:914][  0]LogPakFile: PakFile FullDirectoryIndexSize=142
[2022.02.13-14.34.32:914][  0]LogShaderLibrary: Display: ShaderCodeLibraryPakFileMountedCallback: PakFile 'E:/UE4/UE_4.27/FeaturePacks/TP_PuzzleBP.upack' (chunk index -1, root 'root:/') mounted
[2022.02.13-14.34.32:914][  0]LogShaderLibrary: Display: ShaderCodeLibraryPakFileMountedCallback: pending pak file info (ChunkID:-1 Root:root:/ File:E:/UE4/UE_4.27/FeaturePacks/TP_PuzzleBP.upack)
[2022.02.13-14.34.32:914][  0]LogPakFile: OnPakFileMounted2Time == 0.000075
[2022.02.13-14.34.32:914][  0]LogPakFile: PakFile PrimaryIndexSize=183
[2022.02.13-14.34.32:915][  0]LogPakFile: PakFile PathHashIndexSize=101
[2022.02.13-14.34.32:915][  0]LogPakFile: PakFile FullDirectoryIndexSize=140
[2022.02.13-14.34.32:915][  0]LogShaderLibrary: Display: ShaderCodeLibraryPakFileMountedCallback: PakFile 'E:/UE4/UE_4.27/FeaturePacks/TP_Rolling.upack' (chunk index -1, root 'root:/') mounted
[2022.02.13-14.34.32:915][  0]LogShaderLibrary: Display: ShaderCodeLibraryPakFileMountedCallback: pending pak file info (ChunkID:-1 Root:root:/ File:E:/UE4/UE_4.27/FeaturePacks/TP_Rolling.upack)
[2022.02.13-14.34.32:915][  0]LogPakFile: OnPakFileMounted2Time == 0.000073
[2022.02.13-14.34.32:915][  0]LogPakFile: PakFile PrimaryIndexSize=185
[2022.02.13-14.34.32:915][  0]LogPakFile: PakFile PathHashIndexSize=101
[2022.02.13-14.34.32:915][  0]LogPakFile: PakFile FullDirectoryIndexSize=144
[2022.02.13-14.34.32:915][  0]LogShaderLibrary: Display: ShaderCodeLibraryPakFileMountedCallback: PakFile 'E:/UE4/UE_4.27/FeaturePacks/TP_RollingBP.upack' (chunk index -1, root 'root:/') mounted
[2022.02.13-14.34.32:915][  0]LogShaderLibrary: Display: ShaderCodeLibraryPakFileMountedCallback: pending pak file info (ChunkID:-1 Root:root:/ File:E:/UE4/UE_4.27/FeaturePacks/TP_RollingBP.upack)
[2022.02.13-14.34.32:915][  0]LogPakFile: OnPakFileMounted2Time == 0.000092
[2022.02.13-14.34.32:916][  0]LogPakFile: PakFile PrimaryIndexSize=188
[2022.02.13-14.34.32:916][  0]LogPakFile: PakFile PathHashIndexSize=101
[2022.02.13-14.34.32:916][  0]LogPakFile: PakFile FullDirectoryIndexSize=150
[2022.02.13-14.34.32:916][  0]LogShaderLibrary: Display: ShaderCodeLibraryPakFileMountedCallback: PakFile 'E:/UE4/UE_4.27/FeaturePacks/TP_SideScroller.upack' (chunk index -1, root 'root:/') mounted
[2022.02.13-14.34.32:916][  0]LogShaderLibrary: Display: ShaderCodeLibraryPakFileMountedCallback: pending pak file info (ChunkID:-1 Root:root:/ File:E:/UE4/UE_4.27/FeaturePacks/TP_SideScroller.upack)
[2022.02.13-14.34.32:916][  0]LogPakFile: OnPakFileMounted2Time == 0.000105
[2022.02.13-14.34.32:916][  0]LogPakFile: PakFile PrimaryIndexSize=190
[2022.02.13-14.34.32:916][  0]LogPakFile: PakFile PathHashIndexSize=101
[2022.02.13-14.34.32:916][  0]LogPakFile: PakFile FullDirectoryIndexSize=154
[2022.02.13-14.34.32:916][  0]LogShaderLibrary: Display: ShaderCodeLibraryPakFileMountedCallback: PakFile 'E:/UE4/UE_4.27/FeaturePacks/TP_SideScrollerBP.upack' (chunk index -1, root 'root:/') mounted
[2022.02.13-14.34.32:916][  0]LogShaderLibrary: Display: ShaderCodeLibraryPakFileMountedCallback: pending pak file info (ChunkID:-1 Root:root:/ File:E:/UE4/UE_4.27/FeaturePacks/TP_SideScrollerBP.upack)
[2022.02.13-14.34.32:916][  0]LogPakFile: OnPakFileMounted2Time == 0.000094
[2022.02.13-14.34.32:917][  0]LogPakFile: PakFile PrimaryIndexSize=187
[2022.02.13-14.34.32:917][  0]LogPakFile: PakFile PathHashIndexSize=101
[2022.02.13-14.34.32:917][  0]LogPakFile: PakFile FullDirectoryIndexSize=148
[2022.02.13-14.34.32:917][  0]LogShaderLibrary: Display: ShaderCodeLibraryPakFileMountedCallback: PakFile 'E:/UE4/UE_4.27/FeaturePacks/TP_ThirdPerson.upack' (chunk index -1, root 'root:/') mounted
[2022.02.13-14.34.32:917][  0]LogShaderLibrary: Display: ShaderCodeLibraryPakFileMountedCallback: pending pak file info (ChunkID:-1 Root:root:/ File:E:/UE4/UE_4.27/FeaturePacks/TP_ThirdPerson.upack)
[2022.02.13-14.34.32:917][  0]LogPakFile: OnPakFileMounted2Time == 0.000090
[2022.02.13-14.34.32:917][  0]LogPakFile: PakFile PrimaryIndexSize=189
[2022.02.13-14.34.32:918][  0]LogPakFile: PakFile PathHashIndexSize=101
[2022.02.13-14.34.32:918][  0]LogPakFile: PakFile FullDirectoryIndexSize=152
[2022.02.13-14.34.32:918][  0]LogShaderLibrary: Display: ShaderCodeLibraryPakFileMountedCallback: PakFile 'E:/UE4/UE_4.27/FeaturePacks/TP_ThirdPersonBP.upack' (chunk index -1, root 'root:/') mounted
[2022.02.13-14.34.32:918][  0]LogShaderLibrary: Display: ShaderCodeLibraryPakFileMountedCallback: pending pak file info (ChunkID:-1 Root:root:/ File:E:/UE4/UE_4.27/FeaturePacks/TP_ThirdPersonBP.upack)
[2022.02.13-14.34.32:918][  0]LogPakFile: OnPakFileMounted2Time == 0.000075
[2022.02.13-14.34.32:918][  0]LogPakFile: PakFile PrimaryIndexSize=183
[2022.02.13-14.34.32:918][  0]LogPakFile: PakFile PathHashIndexSize=101
[2022.02.13-14.34.32:918][  0]LogPakFile: PakFile FullDirectoryIndexSize=140
[2022.02.13-14.34.32:918][  0]LogShaderLibrary: Display: ShaderCodeLibraryPakFileMountedCallback: PakFile 'E:/UE4/UE_4.27/FeaturePacks/TP_TopDown.upack' (chunk index -1, root 'root:/') mounted
[2022.02.13-14.34.32:918][  0]LogShaderLibrary: Display: ShaderCodeLibraryPakFileMountedCallback: pending pak file info (ChunkID:-1 Root:root:/ File:E:/UE4/UE_4.27/FeaturePacks/TP_TopDown.upack)
[2022.02.13-14.34.32:918][  0]LogPakFile: OnPakFileMounted2Time == 0.000082
[2022.02.13-14.34.32:919][  0]LogPakFile: PakFile PrimaryIndexSize=185
[2022.02.13-14.34.32:919][  0]LogPakFile: PakFile PathHashIndexSize=101
[2022.02.13-14.34.32:919][  0]LogPakFile: PakFile FullDirectoryIndexSize=144
[2022.02.13-14.34.32:919][  0]LogShaderLibrary: Display: ShaderCodeLibraryPakFileMountedCallback: PakFile 'E:/UE4/UE_4.27/FeaturePacks/TP_TopDownBP.upack' (chunk index -1, root 'root:/') mounted
[2022.02.13-14.34.32:919][  0]LogShaderLibrary: Display: ShaderCodeLibraryPakFileMountedCallback: pending pak file info (ChunkID:-1 Root:root:/ File:E:/UE4/UE_4.27/FeaturePacks/TP_TopDownBP.upack)
[2022.02.13-14.34.32:919][  0]LogPakFile: OnPakFileMounted2Time == 0.000094
[2022.02.13-14.34.32:919][  0]LogPakFile: PakFile PrimaryIndexSize=185
[2022.02.13-14.34.32:919][  0]LogPakFile: PakFile PathHashIndexSize=101
[2022.02.13-14.34.32:919][  0]LogPakFile: PakFile FullDirectoryIndexSize=144
[2022.02.13-14.34.32:919][  0]LogShaderLibrary: Display: ShaderCodeLibraryPakFileMountedCallback: PakFile 'E:/UE4/UE_4.27/FeaturePacks/TP_TwinStick.upack' (chunk index -1, root 'root:/') mounted
[2022.02.13-14.34.32:919][  0]LogShaderLibrary: Display: ShaderCodeLibraryPakFileMountedCallback: pending pak file info (ChunkID:-1 Root:root:/ File:E:/UE4/UE_4.27/FeaturePacks/TP_TwinStick.upack)
[2022.02.13-14.34.32:919][  0]LogPakFile: OnPakFileMounted2Time == 0.000082
[2022.02.13-14.34.32:920][  0]LogPakFile: PakFile PrimaryIndexSize=187
[2022.02.13-14.34.32:920][  0]LogPakFile: PakFile PathHashIndexSize=101
[2022.02.13-14.34.32:920][  0]LogPakFile: PakFile FullDirectoryIndexSize=148
[2022.02.13-14.34.32:920][  0]LogShaderLibrary: Display: ShaderCodeLibraryPakFileMountedCallback: PakFile 'E:/UE4/UE_4.27/FeaturePacks/TP_TwinStickBP.upack' (chunk index -1, root 'root:/') mounted
[2022.02.13-14.34.32:920][  0]LogShaderLibrary: Display: ShaderCodeLibraryPakFileMountedCallback: pending pak file info (ChunkID:-1 Root:root:/ File:E:/UE4/UE_4.27/FeaturePacks/TP_TwinStickBP.upack)
[2022.02.13-14.34.32:920][  0]LogPakFile: OnPakFileMounted2Time == 0.000076
[2022.02.13-14.34.32:920][  0]LogPakFile: PakFile PrimaryIndexSize=183
[2022.02.13-14.34.32:920][  0]LogPakFile: PakFile PathHashIndexSize=101
[2022.02.13-14.34.32:920][  0]LogPakFile: PakFile FullDirectoryIndexSize=140
[2022.02.13-14.34.32:920][  0]LogShaderLibrary: Display: ShaderCodeLibraryPakFileMountedCallback: PakFile 'E:/UE4/UE_4.27/FeaturePacks/TP_Vehicle.upack' (chunk index -1, root 'root:/') mounted
[2022.02.13-14.34.32:920][  0]LogShaderLibrary: Display: ShaderCodeLibraryPakFileMountedCallback: pending pak file info (ChunkID:-1 Root:root:/ File:E:/UE4/UE_4.27/FeaturePacks/TP_Vehicle.upack)
[2022.02.13-14.34.32:921][  0]LogPakFile: OnPakFileMounted2Time == 0.000084
[2022.02.13-14.34.32:921][  0]LogPakFile: PakFile PrimaryIndexSize=186
[2022.02.13-14.34.32:921][  0]LogPakFile: PakFile PathHashIndexSize=101
[2022.02.13-14.34.32:921][  0]LogPakFile: PakFile FullDirectoryIndexSize=146
[2022.02.13-14.34.32:921][  0]LogShaderLibrary: Display: ShaderCodeLibraryPakFileMountedCallback: PakFile 'E:/UE4/UE_4.27/FeaturePacks/TP_VehicleAdv.upack' (chunk index -1, root 'root:/') mounted
[2022.02.13-14.34.32:921][  0]LogShaderLibrary: Display: ShaderCodeLibraryPakFileMountedCallback: pending pak file info (ChunkID:-1 Root:root:/ File:E:/UE4/UE_4.27/FeaturePacks/TP_VehicleAdv.upack)
[2022.02.13-14.34.32:921][  0]LogPakFile: OnPakFileMounted2Time == 0.000076
[2022.02.13-14.34.32:922][  0]LogPakFile: PakFile PrimaryIndexSize=188
[2022.02.13-14.34.32:922][  0]LogPakFile: PakFile PathHashIndexSize=101
[2022.02.13-14.34.32:922][  0]LogPakFile: PakFile FullDirectoryIndexSize=150
[2022.02.13-14.34.32:922][  0]LogShaderLibrary: Display: ShaderCodeLibraryPakFileMountedCallback: PakFile 'E:/UE4/UE_4.27/FeaturePacks/TP_VehicleAdvBP.upack' (chunk index -1, root 'root:/') mounted
[2022.02.13-14.34.32:922][  0]LogShaderLibrary: Display: ShaderCodeLibraryPakFileMountedCallback: pending pak file info (ChunkID:-1 Root:root:/ File:E:/UE4/UE_4.27/FeaturePacks/TP_VehicleAdvBP.upack)
[2022.02.13-14.34.32:922][  0]LogPakFile: OnPakFileMounted2Time == 0.000084
[2022.02.13-14.34.32:922][  0]LogPakFile: PakFile PrimaryIndexSize=185
[2022.02.13-14.34.32:922][  0]LogPakFile: PakFile PathHashIndexSize=101
[2022.02.13-14.34.32:922][  0]LogPakFile: PakFile FullDirectoryIndexSize=144
[2022.02.13-14.34.32:922][  0]LogShaderLibrary: Display: ShaderCodeLibraryPakFileMountedCallback: PakFile 'E:/UE4/UE_4.27/FeaturePacks/TP_VehicleBP.upack' (chunk index -1, root 'root:/') mounted
[2022.02.13-14.34.32:922][  0]LogShaderLibrary: Display: ShaderCodeLibraryPakFileMountedCallback: pending pak file info (ChunkID:-1 Root:root:/ File:E:/UE4/UE_4.27/FeaturePacks/TP_VehicleBP.upack)
[2022.02.13-14.34.32:922][  0]LogPakFile: OnPakFileMounted2Time == 0.000094
[2022.02.13-14.34.32:923][  0]LogPakFile: PakFile PrimaryIndexSize=192
[2022.02.13-14.34.32:923][  0]LogPakFile: PakFile PathHashIndexSize=101
[2022.02.13-14.34.32:923][  0]LogPakFile: PakFile FullDirectoryIndexSize=158
[2022.02.13-14.34.32:923][  0]LogShaderLibrary: Display: ShaderCodeLibraryPakFileMountedCallback: PakFile 'E:/UE4/UE_4.27/FeaturePacks/TP_VirtualRealityBP.upack' (chunk index -1, root 'root:/') mounted
[2022.02.13-14.34.32:923][  0]LogShaderLibrary: Display: ShaderCodeLibraryPakFileMountedCallback: pending pak file info (ChunkID:-1 Root:root:/ File:E:/UE4/UE_4.27/FeaturePacks/TP_VirtualRealityBP.upack)
[2022.02.13-14.34.32:923][  0]LogPakFile: OnPakFileMounted2Time == 0.000129
[2022.02.13-14.34.32:951][  0]LogNativeClassHierarchy: Verbose: Native class hierarchy updated for 'AddContentDialog' in 0.0003 seconds. Added 0 classes and 0 folders.
[2022.02.13-14.34.32:956][  0]LogNativeClassHierarchy: Verbose: Native class hierarchy updated for 'SceneOutliner' in 0.0009 seconds. Added 2 classes and 0 folders.
[2022.02.13-14.34.33:152][  0]LogSlate: Took 0.000168 seconds to synchronously load lazily loaded font '../../../Engine/Content/Slate/Fonts/Roboto-Regular.ttf' (155K)
[2022.02.13-14.34.33:154][  0]LogSlate: Took 0.000124 seconds to synchronously load lazily loaded font '../../../Engine/Content/Editor/Slate/Fonts/FontAwesome.ttf' (139K)
[2022.02.13-14.34.33:155][  0]LogSlate: Took 0.000231 seconds to synchronously load lazily loaded font '../../../Engine/Content/Slate/Fonts/Roboto-Bold.ttf' (160K)
[2022.02.13-14.34.33:268][  0]LogRenderer: Reallocating scene render targets to support 1256x572 Format 10 NumSamples 1 (Frame:1).
[2022.02.13-14.34.33:345][  0]LogSlate: Took 0.000133 seconds to synchronously load lazily loaded font '../../../Engine/Content/Slate/Fonts/Roboto-Light.ttf' (167K)
[2022.02.13-14.34.33:426][  0]LogNativeClassHierarchy: Verbose: Native class hierarchy updated for 'HierarchicalLODOutliner' in 0.0003 seconds. Added 0 classes and 0 folders.
[2022.02.13-14.34.33:426][  0]LogLoad: (Engine Initialization) Total time: 7.92 seconds
[2022.02.13-14.34.33:426][  0]LogLoad: (Engine Initialization) Total Blueprint compile time: 0.00 seconds
[2022.02.13-14.34.33:479][  0]LogAssetRegistry: Asset discovery search completed in 4.7906 seconds
[2022.02.13-14.34.33:484][  0]LogCollectionManager: Fixed up redirectors for 0 collections in 0.000003 seconds (updated 0 objects)
[2022.02.13-14.34.33:485][  0]LogContentStreaming: Texture pool size now 1000 MB
[2022.02.13-14.34.35:117][ 91]LogTemp: Repeating last play command: New Editor Window (PIE)
[2022.02.13-14.34.35:122][ 91]LogPlayLevel: PlayLevel: No blueprints needed recompiling
[2022.02.13-14.34.35:122][ 91]PIE: New page: PIE session: bloking (Feb 13, 2022, 8:34:35 PM)
[2022.02.13-14.34.35:124][ 91]LogOnline: OSS: Creating online subsystem instance for: NULL
[2022.02.13-14.34.35:465][ 91]LogOnline: OSS: TryLoadSubsystemAndSetDefault: Loaded subsystem for module [NULL]
[2022.02.13-14.34.35:465][ 91]LogPlayLevel: Creating play world package: /Game/FirstPersonCPP/Maps/UEDPIE_0_bloking
[2022.02.13-14.34.35:708][ 91]LogPlayLevel: PIE: StaticDuplicateObject took: (0.242378s)
[2022.02.13-14.34.35:709][ 91]LogAIModule: Creating AISystem for world bloking
[2022.02.13-14.34.35:710][ 91]LogPlayLevel: PIE: World Init took: (0.001600s)
[2022.02.13-14.34.35:710][ 91]LogPlayLevel: PIE: Created PIE world by copying editor world from /Game/FirstPersonCPP/Maps/bloking.bloking to /Game/FirstPersonCPP/Maps/UEDPIE_0_bloking.bloking (0.244678s)
[2022.02.13-14.34.35:716][ 91]LogUObjectHash: Compacting FUObjectHashTables data took   0.93ms
[2022.02.13-14.34.35:718][ 91]LogAudio: Display: Creating Audio Device:                 Id: 2, Scope: Unique, Realtime: True
[2022.02.13-14.34.35:719][ 91]LogAudioMixer: Display: Audio Mixer Platform Settings:
[2022.02.13-14.34.35:719][ 91]LogAudioMixer: Display: 	Sample Rate:						  48000
[2022.02.13-14.34.35:719][ 91]LogAudioMixer: Display: 	Callback Buffer Frame Size Requested: 1024
[2022.02.13-14.34.35:719][ 91]LogAudioMixer: Display: 	Callback Buffer Frame Size To Use:	  1024
[2022.02.13-14.34.35:719][ 91]LogAudioMixer: Display: 	Number of buffers to queue:			  2
[2022.02.13-14.34.35:719][ 91]LogAudioMixer: Display: 	Max Channels (voices):				  32
[2022.02.13-14.34.35:719][ 91]LogAudioMixer: Display: 	Number of Async Source Workers:		  0
[2022.02.13-14.34.35:719][ 91]LogAudio: Display: AudioDevice MaxSources: 32
[2022.02.13-14.34.35:719][ 91]LogAudio: Display: Audio Spatialization Plugin: None (built-in).
[2022.02.13-14.34.35:719][ 91]LogAudio: Display: Audio Reverb Plugin: None (built-in).
[2022.02.13-14.34.35:719][ 91]LogAudio: Display: Audio Occlusion Plugin: None (built-in).
[2022.02.13-14.34.35:719][ 91]LogAudioMixer: Display: Initializing audio mixer.
[2022.02.13-14.34.35:721][ 91]LogAudioMixer: Display: 0: FrontLeft
[2022.02.13-14.34.35:721][ 91]LogAudioMixer: Display: 1: FrontRight
[2022.02.13-14.34.35:787][ 91]LogAudioMixer: Display: Using Audio Device Headphones (Realtek(R) Audio)
[2022.02.13-14.34.35:787][ 91]LogAudioMixer: Display: Initializing Sound Submixes...
[2022.02.13-14.34.35:787][ 91]LogAudioMixer: Display: Creating Master Submix 'MasterSubmixDefault'
[2022.02.13-14.34.35:787][ 91]LogAudioMixer: Display: Creating Master Submix 'MasterReverbSubmixDefault'
[2022.02.13-14.34.35:788][ 91]LogAudioMixer: Display: Creating Master Submix 'MasterEQSubmixDefault'
[2022.02.13-14.34.35:788][ 91]LogAudioMixer: FMixerPlatformXAudio2::StartAudioStream() called
[2022.02.13-14.34.35:788][ 91]LogAudioMixer: Display: Output buffers initialized: Frames=1024, Channels=2, Samples=2048
[2022.02.13-14.34.35:790][ 91]LogAudioMixer: Display: Starting AudioMixerPlatformInterface::RunInternal()
[2022.02.13-14.34.35:790][ 91]LogAudioMixer: Display: FMixerPlatformXAudio2::SubmitBuffer() called for the first time
[2022.02.13-14.34.35:790][ 91]LogInit: FAudioDevice initialized.
[2022.02.13-14.34.35:790][ 91]LogAudio: Display: Audio Device (ID: 2) registered with world 'bloking'.
[2022.02.13-14.34.35:817][ 91]LogSlate: Updating window title bar state: overlay mode, drag disabled, window buttons hidden, title bar hidden
[2022.02.13-14.34.35:846][ 91]LogLoad: Game class is 'BP_ShooterGameMode_C'
[2022.02.13-14.34.35:915][ 91]LogWorld: Bringing World /Game/FirstPersonCPP/Maps/UEDPIE_0_bloking.bloking up for play (max tick rate 60) at 2022.02.13-17.34.35
[2022.02.13-14.34.35:919][ 91]LogWorld: Bringing up level for play took: 0.071974
[2022.02.13-14.34.35:919][ 91]LogOnline: OSS: Creating online subsystem instance for: :Context_4
[2022.02.13-14.34.35:923][ 91]LogNativeClassHierarchy: Verbose: Native class hierarchy updated for 'MovieSceneCapture' in 0.0003 seconds. Added 20 classes and 0 folders.
[2022.02.13-14.34.35:931][ 91]PIE: Server logged in
[2022.02.13-14.34.35:932][ 91]PIE: Play in editor total start time 0.811 seconds.
[2022.02.13-14.34.36:014][ 92]LogRenderer: Reallocating scene render targets to support 1912x1008 Format 10 NumSamples 1 (Frame:1).
[2022.02.13-14.34.42:846][495]LogAnimMontage: Warning: JumpToSectionName Reload SMG bEndOfSection: 0 failed for Montage Reload_Montagne
[2022.02.13-14.34.50:113][931]LogAnimMontage: Warning: JumpToSectionName Reload SMG bEndOfSection: 0 failed for Montage Reload_Montagne
[2022.02.13-14.35.02:099][650]LogBlueprintUserMessages: [BotMaster4] 70
[2022.02.13-14.35.02:902][698]LogAnimMontage: Warning: JumpToSectionName Reload SMG bEndOfSection: 0 failed for Montage Reload_Montagne
[2022.02.13-14.35.04:720][807]LogBlueprintUserMessages: [BotMaster2] 70
[2022.02.13-14.35.05:120][831]LogBlueprintUserMessages: [BotMaster2] 40
[2022.02.13-14.35.05:419][849]LogBlueprintUserMessages: [BotMaster2] 10
[2022.02.13-14.35.05:919][879]LogBlueprintUserMessages: [BotMaster2] -20
[2022.02.13-14.35.06:121][891]PIE: Warning: Invalid Simulate Options: Body (BotMaster2.FP_Gun SK_FPGun) is set to simulate physics but Collision Enabled is incompatible
[2022.02.13-14.35.06:121][891]PIE: Warning: Invalid Simulate Options: Body (BotMaster2.FP_Gun SK_FPGun) is set to simulate physics but Collision Enabled is incompatible
[2022.02.13-14.35.07:003][944]LogBlueprintUserMessages: [BotMaster_2] 70
[2022.02.13-14.35.07:103][950]LogBlueprintUserMessages: [BotMaster_2] 40
[2022.02.13-14.35.07:203][956]LogBlueprintUserMessages: [BotMaster_2] 10
[2022.02.13-14.35.07:303][962]LogBlueprintUserMessages: [BotMaster_2] -20
[2022.02.13-14.35.07:886][997]LogBlueprintUserMessages: [BotMaster4] 40
[2022.02.13-14.35.08:086][  9]LogBlueprintUserMessages: [BotMaster4] 10
[2022.02.13-14.35.08:186][ 15]LogBlueprintUserMessages: [BotMaster4] -20
[2022.02.13-14.35.15:879][475]LogSlate: Updating window title bar state: overlay mode, drag disabled, window buttons hidden, title bar hidden
[2022.02.13-14.35.15:879][475]LogWorld: BeginTearingDown for /Game/FirstPersonCPP/Maps/UEDPIE_0_bloking
[2022.02.13-14.35.15:880][475]LogSlate: Window 'Cyberpunk2022 Preview [NetMode: Standalone]  (64-bit/Windows) ' being destroyed
[2022.02.13-14.35.15:885][475]LogWorld: UWorld::CleanupWorld for bloking, bSessionEnded=true, bCleanupResources=true
[2022.02.13-14.35.15:902][475]LogSlate: InvalidateAllWidgets triggered.  All widgets were invalidated
[2022.02.13-14.35.15:918][475]LogPlayLevel: Display: Shutting down PIE online subsystems
[2022.02.13-14.35.15:924][475]LogSlate: InvalidateAllWidgets triggered.  All widgets were invalidated
[2022.02.13-14.35.15:929][475]LogAudio: Display: Audio Device unregistered from world 'None'.
[2022.02.13-14.35.15:934][475]LogAudioMixer: FMixerPlatformXAudio2::StopAudioStream() called
[2022.02.13-14.35.15:936][475]LogAudioMixer: FMixerPlatformXAudio2::StopAudioStream() called
[2022.02.13-14.35.15:977][475]LogUObjectHash: Compacting FUObjectHashTables data took   1.60ms
[2022.02.13-14.35.16:043][475]LogSlate: Took 0.000946 seconds to synchronously load lazily loaded font '../../../Engine/Content/Slate/Fonts/DroidSansMono.ttf' (77K)
[2022.02.13-14.35.16:046][476]LogPlayLevel: Display: Destroying online subsystem :Context_4
[2022.02.13-14.35.17:411][541]LogSlate: Window 'Message Log' being destroyed
[2022.02.13-14.35.17:432][541]LogSlate: Window 'Message Log' being destroyed
