Log file open, 05/21/22 15:53:21
LogWindows: Failed to load 'aqProf.dll' (GetLastError=126)
LogWindows: File 'aqProf.dll' does not exist
LogWindows: Failed to load 'VtuneApi.dll' (GetLastError=126)
LogWindows: File 'VtuneApi.dll' does not exist
LogWindows: Failed to load 'VtuneApi32e.dll' (GetLastError=126)
LogWindows: File 'VtuneApi32e.dll' does not exist
LogConsoleResponse: Display: Failed to find resolution value strings in scalability ini. Falling back to default.
LogConsoleResponse: Display: Failed to find resolution value strings in scalability ini. Falling back to default.
LogInit: Display: Running engine for game: Cyberpunk2022
LogPlatformFile: Not using cached read wrapper
LogTaskGraph: Started task graph with 5 named threads and 23 total threads with 3 sets of task threads.
LogStats: Stats thread started at 0.361750
LogICUInternationalization: ICU TimeZone Detection - Raw Offset: +3:00, Platform Override: ''
LogInit: Display: Loading text-based GConfig....
LogPluginManager: Mounting plugin MeshPainting
LogPluginManager: Mounting plugin XGEController
LogPluginManager: Mounting plugin LightPropagationVolume
LogPluginManager: Mounting plugin LiveLink
LogPluginManager: Mounting plugin Paper2D
LogPluginManager: Mounting plugin AISupport
LogPluginManager: Mounting plugin EnvironmentQueryEditor
LogPluginManager: Mounting plugin Niagara
LogPluginManager: Mounting plugin CameraShakePreviewer
LogPluginManager: Mounting plugin GameplayCameras
LogPluginManager: Mounting plugin OodleNetwork
LogPluginManager: Mounting plugin OodleData
LogPluginManager: Mounting plugin NiagaraExtras
LogPluginManager: Mounting plugin CryptoKeys
LogPluginManager: Mounting plugin CurveEditorTools
LogPluginManager: Mounting plugin FacialAnimation
LogPluginManager: Mounting plugin DataValidation
LogPluginManager: Mounting plugin GameplayTagsEditor
LogPluginManager: Mounting plugin MaterialAnalyzer
LogPluginManager: Mounting plugin GeometryMode
LogPluginManager: Mounting plugin AssetManagerEditor
LogPluginManager: Mounting plugin MacGraphicsSwitching
LogPluginManager: Mounting plugin MobileLauncherProfileWizard
LogPluginManager: Mounting plugin PluginBrowser
LogPluginManager: Mounting plugin SpeedTreeImporter
LogPluginManager: Mounting plugin AlembicImporter
LogPluginManager: Mounting plugin BackChannel
LogPluginManager: Mounting plugin ChaosCloth
LogPluginManager: Mounting plugin ChaosClothEditor
LogPluginManager: Mounting plugin AutomationUtils
LogPluginManager: Mounting plugin ChaosEditor
LogPluginManager: Mounting plugin ChaosSolverPlugin
LogPluginManager: Mounting plugin ChaosNiagara
LogPluginManager: Mounting plugin CharacterAI
LogPluginManager: Mounting plugin GeometryCache
LogPluginManager: Mounting plugin GeometryCollectionPlugin
LogPluginManager: Mounting plugin GeometryProcessing
LogPluginManager: Mounting plugin MotoSynth
LogPluginManager: Mounting plugin OpenImageDenoise
LogPluginManager: Mounting plugin PlatformCrypto
LogPluginManager: Mounting plugin PlanarCut
LogPluginManager: Mounting plugin ProxyLODPlugin
LogPluginManager: Mounting plugin PythonScriptPlugin
LogPluginManager: Mounting plugin SkeletalReduction
LogPluginManager: Mounting plugin DatasmithContent
LogPluginManager: Mounting plugin AnimationSharing
LogPluginManager: Mounting plugin VariantManagerContent
LogPluginManager: Mounting plugin CLionSourceCodeAccess
LogPluginManager: Mounting plugin GitSourceControl
LogPluginManager: Mounting plugin KDevelopSourceCodeAccess
LogPluginManager: Mounting plugin CodeLiteSourceCodeAccess
LogPluginManager: Mounting plugin NullSourceCodeAccess
LogPluginManager: Mounting plugin PerforceSourceControl
LogPluginManager: Mounting plugin PixWinPlugin
LogPluginManager: Mounting plugin PlasticSourceControl
LogPluginManager: Mounting plugin PluginUtils
LogPluginManager: Mounting plugin PropertyAccessNode
LogPluginManager: Mounting plugin SubversionSourceControl
LogPluginManager: Mounting plugin TextureFormatOodle
LogPluginManager: Mounting plugin RiderSourceCodeAccess
LogPluginManager: Mounting plugin LuminPlatformFeatures
LogPluginManager: Mounting plugin UObjectPlugin
LogPluginManager: Mounting plugin VisualStudioSourceCodeAccess
LogPluginManager: Mounting plugin MagicLeap
LogPluginManager: Mounting plugin XCodeSourceCodeAccess
LogPluginManager: Mounting plugin MagicLeapMedia
LogPluginManager: Mounting plugin MagicLeapLightEstimation
LogPluginManager: Mounting plugin MagicLeapPassableWorld
LogPluginManager: Mounting plugin VisualStudioCodeSourceCodeAccess
LogPluginManager: Mounting plugin MLSDK
LogPluginManager: Mounting plugin AndroidMedia
LogPluginManager: Mounting plugin AvfMedia
LogPluginManager: Mounting plugin ImgMedia
LogPluginManager: Mounting plugin MediaCompositing
LogPluginManager: Mounting plugin MediaPlayerEditor
LogPluginManager: Mounting plugin WebMMedia
LogPluginManager: Mounting plugin WmfMedia
LogPluginManager: Mounting plugin TcpMessaging
LogPluginManager: Mounting plugin UdpMessaging
LogPluginManager: Mounting plugin LauncherChunkInstaller
LogPluginManager: Mounting plugin OnlineSubsystem
LogPluginManager: Mounting plugin OnlineSubsystemNull
LogPluginManager: Mounting plugin OnlineSubsystemUtils
LogPluginManager: Mounting plugin ActorSequence
LogPluginManager: Mounting plugin LevelSequenceEditor
LogPluginManager: Mounting plugin MatineeToLevelSequence
LogPluginManager: Mounting plugin TemplateSequence
LogPluginManager: Mounting plugin ActorLayerUtilities
LogPluginManager: Mounting plugin AndroidDeviceProfileSelector
LogPluginManager: Mounting plugin AndroidPermission
LogPluginManager: Mounting plugin AndroidMoviePlayer
LogPluginManager: Mounting plugin ApexDestruction
LogPluginManager: Mounting plugin AppleImageUtils
LogPluginManager: Mounting plugin ArchVisCharacter
LogPluginManager: Mounting plugin AppleMoviePlayer
LogPluginManager: Mounting plugin AssetTags
LogPluginManager: Mounting plugin AudioCapture
LogPluginManager: Mounting plugin AudioSynesthesia
LogPluginManager: Mounting plugin CableComponent
LogPluginManager: Mounting plugin ChunkDownloader
LogPluginManager: Mounting plugin CustomMeshComponent
LogPluginManager: Mounting plugin EditableMesh
LogPluginManager: Mounting plugin ExampleDeviceProfileSelector
LogPluginManager: Mounting plugin GoogleCloudMessaging
LogPluginManager: Mounting plugin GooglePAD
LogPluginManager: Mounting plugin ScreenshotTools
LogPluginManager: Mounting plugin Takes
LogPluginManager: Mounting plugin IOSDeviceProfileSelector
LogPluginManager: Mounting plugin LinuxDeviceProfileSelector
LogPluginManager: Mounting plugin LocationServicesBPLibrary
LogPluginManager: Mounting plugin MobilePatchingUtils
LogPluginManager: Mounting plugin OpenXR
LogPluginManager: Mounting plugin OpenXREyeTracker
LogPluginManager: Mounting plugin OpenXRHandTracking
LogPluginManager: Mounting plugin PhysXVehicles
LogPluginManager: Mounting plugin PostSplashScreen
LogPluginManager: Mounting plugin ProceduralMeshComponent
LogPluginManager: Mounting plugin PropertyAccessEditor
LogPluginManager: Mounting plugin RuntimePhysXCooking
LogPluginManager: Mounting plugin SoundFields
LogPluginManager: Mounting plugin SignificanceManager
LogPluginManager: Mounting plugin Synthesis
LogPluginManager: Mounting plugin WebMMoviePlayer
LogPluginManager: Mounting plugin WindowsMoviePlayer
LogPluginManager: Mounting plugin ContentBrowserAssetDataSource
LogPluginManager: Mounting plugin ContentBrowserFileDataSource
LogPluginManager: Mounting plugin ContentBrowserClassDataSource
LogPluginManager: Mounting plugin OnlineSubsystemIOS
LogPluginManager: Mounting plugin OnlineSubsystemGooglePlay
LogPluginManager: Mounting plugin OculusVR
LogPluginManager: Mounting plugin SteamVR
PixWinPlugin: PIX capture plugin failed to initialize! Check that the process is launched from PIX.
LogInit: Using libcurl 7.55.1-DEV
LogInit:  - built for x86_64-pc-win32
LogInit:  - supports SSL with OpenSSL/1.1.1
LogInit:  - supports HTTP deflate (compression) using libz 1.2.8
LogInit:  - other features:
LogInit:      CURL_VERSION_SSL
LogInit:      CURL_VERSION_LIBZ
LogInit:      CURL_VERSION_IPV6
LogInit:      CURL_VERSION_ASYNCHDNS
LogInit:      CURL_VERSION_LARGEFILE
LogInit:      CURL_VERSION_IDN
LogInit:  CurlRequestOptions (configurable via config and command line):
LogInit:  - bVerifyPeer = true  - Libcurl will verify peer certificate
LogInit:  - bUseHttpProxy = false  - Libcurl will NOT use HTTP proxy
LogInit:  - bDontReuseConnections = false  - Libcurl will reuse connections
LogInit:  - MaxHostConnections = 16  - Libcurl will limit the number of connections to a host
LogInit:  - LocalHostAddr = Default
LogInit:  - BufferSize = 65536
LogOnline: OSS: Creating online subsystem instance for: NULL
LogInit: WinSock: version 1.1 (2.2), MaxSocks=32767, MaxUdp=65467
LogOnline: OSS: TryLoadSubsystemAndSetDefault: Loaded subsystem for module [NULL]
LogOculusPluginWrapper: OculusPlugin initialized successfully
LogHMD: Failed initializing OVRPlugin 1.59.0
LogInit: Build: ++UE4+Release-4.27-CL-18319896
LogInit: Engine Version: 4.27.2-18319896+++UE4+Release-4.27
LogInit: Compatible Engine Version: 4.27.0-17155196+++UE4+Release-4.27
LogInit: Net CL: 17155196
LogInit: OS: Windows 10 (Release 2009) (), CPU: AMD Ryzen 5 3550H with Radeon Vega Mobile Gfx  , GPU: AMD Radeon(TM) Vega 8 Graphics
LogInit: Compiled (64-bit): Nov 30 2021 07:12:08
LogInit: Compiled with Visual C++: 19.24.28315.00
LogInit: Build Configuration: Development
LogInit: Branch Name: ++UE4+Release-4.27
LogInit: Command Line: 
LogInit: Base Directory: D:/Program Files/Epic Games/UE_4.27/Engine/Binaries/Win64/
LogInit: Allocator: TBB
LogInit: Installed Engine Build: 1
LogDevObjectVersion: Number of dev versions registered: 29
LogDevObjectVersion:   Dev-Blueprints (B0D832E4-1F89-4F0D-ACCF-7EB736FD4AA2): 10
LogDevObjectVersion:   Dev-Build (E1C64328-A22C-4D53-A36C-8E866417BD8C): 0
LogDevObjectVersion:   Dev-Core (375EC13C-06E4-48FB-B500-84F0262A717E): 4
LogDevObjectVersion:   Dev-Editor (E4B068ED-F494-42E9-A231-DA0B2E46BB41): 40
LogDevObjectVersion:   Dev-Framework (CFFC743F-43B0-4480-9391-14DF171D2073): 37
LogDevObjectVersion:   Dev-Mobile (B02B49B5-BB20-44E9-A304-32B752E40360): 3
LogDevObjectVersion:   Dev-Networking (A4E4105C-59A1-49B5-A7C5-40C4547EDFEE): 0
LogDevObjectVersion:   Dev-Online (39C831C9-5AE6-47DC-9A44-9C173E1C8E7C): 0
LogDevObjectVersion:   Dev-Physics (78F01B33-EBEA-4F98-B9B4-84EACCB95AA2): 14
LogDevObjectVersion:   Dev-Platform (6631380F-2D4D-43E0-8009-CF276956A95A): 0
LogDevObjectVersion:   Dev-Rendering (12F88B9F-8875-4AFC-A67C-D90C383ABD29): 45
LogDevObjectVersion:   Dev-Sequencer (7B5AE74C-D270-4C10-A958-57980B212A5A): 13
LogDevObjectVersion:   Dev-VR (D7296918-1DD6-4BDD-9DE2-64A83CC13884): 3
LogDevObjectVersion:   Dev-LoadTimes (C2A15278-BFE7-4AFE-6C17-90FF531DF755): 1
LogDevObjectVersion:   Private-Geometry (6EACA3D4-40EC-4CC1-B786-8BED09428FC5): 3
LogDevObjectVersion:   Dev-AnimPhys (29E575DD-E0A3-4627-9D10-D276232CDCEA): 17
LogDevObjectVersion:   Dev-Anim (AF43A65D-7FD3-4947-9873-3E8ED9C1BB05): 15
LogDevObjectVersion:   Dev-ReflectionCapture (6B266CEC-1EC7-4B8F-A30B-E4D90942FC07): 1
LogDevObjectVersion:   Dev-Automation (0DF73D61-A23F-47EA-B727-89E90C41499A): 1
LogDevObjectVersion:   FortniteMain (601D1886-AC64-4F84-AA16-D3DE0DEAC7D6): 47
LogDevObjectVersion:   FortniteRelease (E7086368-6B23-4C58-8439-1B7016265E91): 1
LogDevObjectVersion:   Dev-Enterprise (9DFFBCD6-494F-0158-E221-12823C92A888): 10
LogDevObjectVersion:   Dev-Niagara (F2AED0AC-9AFE-416F-8664-AA7FFA26D6FC): 1
LogDevObjectVersion:   Dev-Destruction (174F1F0B-B4C6-45A5-B13F-2EE8D0FB917D): 10
LogDevObjectVersion:   Dev-Physics-Ext (35F94A83-E258-406C-A318-09F59610247C): 41
LogDevObjectVersion:   Dev-PhysicsMaterial-Chaos (B68FC16E-8B1B-42E2-B453-215C058844FE): 1
LogDevObjectVersion:   Dev-CineCamera (B2E18506-4273-CFC2-A54E-F4BB758BBA07): 1
LogDevObjectVersion:   Dev-VirtualProduction (64F58936-FD1B-42BA-BA96-7289D5D0FA4E): 1
LogDevObjectVersion:   Dev-MediaFramework (6F0ED827-A609-4895-9C91-998D90180EA4): 2
LogInit: Presizing for max 25165824 objects, including 0 objects not considered by GC, pre-allocating 0 bytes for permanent pool.
LogConfig: Applying CVar settings from Section [/Script/Engine.StreamingSettings] File [D:/UE4/test/WargamingAcademy/Cyberpunk2022/Saved/Config/Windows/Engine.ini]
LogConfig: Setting CVar [[s.MinBulkDataSizeForAsyncLoading:131072]]
LogConfig: Setting CVar [[s.AsyncLoadingThreadEnabled:0]]
LogConfig: Setting CVar [[s.EventDrivenLoaderEnabled:1]]
LogConfig: Setting CVar [[s.WarnIfTimeLimitExceeded:0]]
LogConfig: Setting CVar [[s.TimeLimitExceededMultiplier:1.5]]
LogConfig: Setting CVar [[s.TimeLimitExceededMinTime:0.005]]
LogConfig: Setting CVar [[s.UseBackgroundLevelStreaming:1]]
LogConfig: Setting CVar [[s.PriorityAsyncLoadingExtraTime:15.0]]
LogConfig: Setting CVar [[s.LevelStreamingActorsUpdateTimeLimit:5.0]]
LogConfig: Setting CVar [[s.PriorityLevelStreamingActorsUpdateExtraTime:5.0]]
LogConfig: Setting CVar [[s.LevelStreamingComponentsRegistrationGranularity:10]]
LogConfig: Setting CVar [[s.UnregisterComponentsTimeLimit:1.0]]
LogConfig: Setting CVar [[s.LevelStreamingComponentsUnregistrationGranularity:5]]
LogConfig: Setting CVar [[s.FlushStreamingOnExit:1]]
LogInit: Object subsystem initialized
LogConfig: Setting CVar [[con.DebugEarlyDefault:1]]
LogConfig: Setting CVar [[r.setres:1280x720]]
[2022.05.21-12.53.23:663][  0]LogConfig: Setting CVar [[r.VSync:0]]
[2022.05.21-12.53.23:663][  0]LogConfig: Setting CVar [[r.RHICmdBypass:0]]
[2022.05.21-12.53.23:663][  0]LogConfig: Applying CVar settings from Section [/Script/Engine.RendererSettings] File [D:/UE4/test/WargamingAcademy/Cyberpunk2022/Saved/Config/Windows/Engine.ini]
[2022.05.21-12.53.23:663][  0]LogConfig: Setting CVar [[r.GPUCrashDebugging:0]]
[2022.05.21-12.53.23:663][  0]LogConfig: Setting CVar [[r.DefaultFeature.MotionBlur:0]]
[2022.05.21-12.53.23:663][  0]LogConfig: Setting CVar [[r.GenerateMeshDistanceFields:1]]
[2022.05.21-12.53.23:664][  0]LogConfig: Applying CVar settings from Section [/Script/Engine.RendererOverrideSettings] File [D:/UE4/test/WargamingAcademy/Cyberpunk2022/Saved/Config/Windows/Engine.ini]
[2022.05.21-12.53.23:664][  0]LogConfig: Applying CVar settings from Section [/Script/Engine.StreamingSettings] File [D:/UE4/test/WargamingAcademy/Cyberpunk2022/Saved/Config/Windows/Engine.ini]
[2022.05.21-12.53.23:664][  0]LogConfig: Setting CVar [[s.MinBulkDataSizeForAsyncLoading:131072]]
[2022.05.21-12.53.23:664][  0]LogConfig: Setting CVar [[s.AsyncLoadingThreadEnabled:0]]
[2022.05.21-12.53.23:664][  0]LogConfig: Setting CVar [[s.EventDrivenLoaderEnabled:1]]
[2022.05.21-12.53.23:664][  0]LogConfig: Setting CVar [[s.WarnIfTimeLimitExceeded:0]]
[2022.05.21-12.53.23:664][  0]LogConfig: Setting CVar [[s.TimeLimitExceededMultiplier:1.5]]
[2022.05.21-12.53.23:664][  0]LogConfig: Setting CVar [[s.TimeLimitExceededMinTime:0.005]]
[2022.05.21-12.53.23:664][  0]LogConfig: Setting CVar [[s.UseBackgroundLevelStreaming:1]]
[2022.05.21-12.53.23:664][  0]LogConfig: Setting CVar [[s.PriorityAsyncLoadingExtraTime:15.0]]
[2022.05.21-12.53.23:664][  0]LogConfig: Setting CVar [[s.LevelStreamingActorsUpdateTimeLimit:5.0]]
[2022.05.21-12.53.23:664][  0]LogConfig: Setting CVar [[s.PriorityLevelStreamingActorsUpdateExtraTime:5.0]]
[2022.05.21-12.53.23:664][  0]LogConfig: Setting CVar [[s.LevelStreamingComponentsRegistrationGranularity:10]]
[2022.05.21-12.53.23:664][  0]LogConfig: Setting CVar [[s.UnregisterComponentsTimeLimit:1.0]]
[2022.05.21-12.53.23:664][  0]LogConfig: Setting CVar [[s.LevelStreamingComponentsUnregistrationGranularity:5]]
[2022.05.21-12.53.23:664][  0]LogConfig: Setting CVar [[s.FlushStreamingOnExit:1]]
[2022.05.21-12.53.23:664][  0]LogConfig: Applying CVar settings from Section [/Script/Engine.GarbageCollectionSettings] File [D:/UE4/test/WargamingAcademy/Cyberpunk2022/Saved/Config/Windows/Engine.ini]
[2022.05.21-12.53.23:664][  0]LogConfig: Setting CVar [[gc.MaxObjectsNotConsideredByGC:1]]
[2022.05.21-12.53.23:664][  0]LogConfig: Setting CVar [[gc.SizeOfPermanentObjectPool:0]]
[2022.05.21-12.53.23:664][  0]LogConfig: Setting CVar [[gc.FlushStreamingOnGC:0]]
[2022.05.21-12.53.23:664][  0]LogConfig: Setting CVar [[gc.NumRetriesBeforeForcingGC:10]]
[2022.05.21-12.53.23:664][  0]LogConfig: Setting CVar [[gc.AllowParallelGC:1]]
[2022.05.21-12.53.23:664][  0]LogConfig: Setting CVar [[gc.TimeBetweenPurgingPendingKillObjects:61.1]]
[2022.05.21-12.53.23:664][  0]LogConfig: Setting CVar [[gc.MaxObjectsInEditor:25165824]]
[2022.05.21-12.53.23:664][  0]LogConfig: Setting CVar [[gc.IncrementalBeginDestroyEnabled:1]]
[2022.05.21-12.53.23:664][  0]LogConfig: Setting CVar [[gc.CreateGCClusters:1]]
[2022.05.21-12.53.23:664][  0]LogConfig: Setting CVar [[gc.MinGCClusterSize:5]]
[2022.05.21-12.53.23:664][  0]LogConfig: Setting CVar [[gc.ActorClusteringEnabled:0]]
[2022.05.21-12.53.23:664][  0]LogConfig: Setting CVar [[gc.BlueprintClusteringEnabled:0]]
[2022.05.21-12.53.23:664][  0]LogConfig: Setting CVar [[gc.UseDisregardForGCOnDedicatedServers:0]]
[2022.05.21-12.53.23:664][  0]LogConfig: Setting CVar [[gc.MultithreadedDestructionEnabled:1]]
[2022.05.21-12.53.23:664][  0]LogConfig: Applying CVar settings from Section [/Script/Engine.NetworkSettings] File [D:/UE4/test/WargamingAcademy/Cyberpunk2022/Saved/Config/Windows/Engine.ini]
[2022.05.21-12.53.23:664][  0]LogConfig: Applying CVar settings from Section [/Script/UnrealEd.CookerSettings] File [D:/UE4/test/WargamingAcademy/Cyberpunk2022/Saved/Config/Windows/Engine.ini]
[2022.05.21-12.53.23:674][  0]LogConfig: Applying CVar settings from Section [ViewDistanceQuality@3] File [D:/UE4/test/WargamingAcademy/Cyberpunk2022/Saved/Config/Windows/Scalability.ini]
[2022.05.21-12.53.23:675][  0]LogConfig: Setting CVar [[r.SkeletalMeshLODBias:0]]
[2022.05.21-12.53.23:675][  0]LogConfig: Setting CVar [[r.ViewDistanceScale:1.0]]
[2022.05.21-12.53.23:675][  0]LogConfig: Applying CVar settings from Section [AntiAliasingQuality@3] File [D:/UE4/test/WargamingAcademy/Cyberpunk2022/Saved/Config/Windows/Scalability.ini]
[2022.05.21-12.53.23:675][  0]LogConfig: Setting CVar [[r.PostProcessAAQuality:4]]
[2022.05.21-12.53.23:675][  0]LogConfig: Applying CVar settings from Section [ShadowQuality@3] File [D:/UE4/test/WargamingAcademy/Cyberpunk2022/Saved/Config/Windows/Scalability.ini]
[2022.05.21-12.53.23:675][  0]LogConfig: Setting CVar [[r.LightFunctionQuality:1]]
[2022.05.21-12.53.23:675][  0]LogConfig: Setting CVar [[r.ShadowQuality:5]]
[2022.05.21-12.53.23:675][  0]LogConfig: Setting CVar [[r.Shadow.CSM.MaxCascades:10]]
[2022.05.21-12.53.23:675][  0]LogConfig: Setting CVar [[r.Shadow.MaxResolution:2048]]
[2022.05.21-12.53.23:675][  0]LogConfig: Setting CVar [[r.Shadow.MaxCSMResolution:2048]]
[2022.05.21-12.53.23:675][  0]LogConfig: Setting CVar [[r.Shadow.RadiusThreshold:0.01]]
[2022.05.21-12.53.23:675][  0]LogConfig: Setting CVar [[r.Shadow.DistanceScale:1.0]]
[2022.05.21-12.53.23:675][  0]LogConfig: Setting CVar [[r.Shadow.CSM.TransitionScale:1.0]]
[2022.05.21-12.53.23:675][  0]LogConfig: Setting CVar [[r.Shadow.PreShadowResolutionFactor:1.0]]
[2022.05.21-12.53.23:675][  0]LogConfig: Setting CVar [[r.DistanceFieldShadowing:1]]
[2022.05.21-12.53.23:675][  0]LogConfig: Setting CVar [[r.DistanceFieldAO:1]]
[2022.05.21-12.53.23:675][  0]LogConfig: Setting CVar [[r.AOQuality:2]]
[2022.05.21-12.53.23:675][  0]LogConfig: Setting CVar [[r.VolumetricFog:1]]
[2022.05.21-12.53.23:675][  0]LogConfig: Setting CVar [[r.VolumetricFog.GridPixelSize:8]]
[2022.05.21-12.53.23:675][  0]LogConfig: Setting CVar [[r.VolumetricFog.GridSizeZ:128]]
[2022.05.21-12.53.23:675][  0]LogConfig: Setting CVar [[r.VolumetricFog.HistoryMissSupersampleCount:4]]
[2022.05.21-12.53.23:675][  0]LogConfig: Setting CVar [[r.LightMaxDrawDistanceScale:1]]
[2022.05.21-12.53.23:675][  0]LogConfig: Setting CVar [[r.CapsuleShadows:1]]
[2022.05.21-12.53.23:675][  0]LogConfig: Applying CVar settings from Section [PostProcessQuality@3] File [D:/UE4/test/WargamingAcademy/Cyberpunk2022/Saved/Config/Windows/Scalability.ini]
[2022.05.21-12.53.23:675][  0]LogConfig: Setting CVar [[r.MotionBlurQuality:4]]
[2022.05.21-12.53.23:675][  0]LogConfig: Setting CVar [[r.AmbientOcclusionMipLevelFactor:0.4]]
[2022.05.21-12.53.23:675][  0]LogConfig: Setting CVar [[r.AmbientOcclusionMaxQuality:100]]
[2022.05.21-12.53.23:675][  0]LogConfig: Setting CVar [[r.AmbientOcclusionLevels:-1]]
[2022.05.21-12.53.23:675][  0]LogConfig: Setting CVar [[r.AmbientOcclusionRadiusScale:1.0]]
[2022.05.21-12.53.23:675][  0]LogConfig: Setting CVar [[r.DepthOfFieldQuality:2]]
[2022.05.21-12.53.23:676][  0]LogConfig: Setting CVar [[r.RenderTargetPoolMin:400]]
[2022.05.21-12.53.23:676][  0]LogConfig: Setting CVar [[r.LensFlareQuality:2]]
[2022.05.21-12.53.23:676][  0]LogConfig: Setting CVar [[r.SceneColorFringeQuality:1]]
[2022.05.21-12.53.23:676][  0]LogConfig: Setting CVar [[r.EyeAdaptationQuality:2]]
[2022.05.21-12.53.23:676][  0]LogConfig: Setting CVar [[r.BloomQuality:5]]
[2022.05.21-12.53.23:676][  0]LogConfig: Setting CVar [[r.FastBlurThreshold:100]]
[2022.05.21-12.53.23:676][  0]LogConfig: Setting CVar [[r.Upscale.Quality:3]]
[2022.05.21-12.53.23:676][  0]LogConfig: Setting CVar [[r.Tonemapper.GrainQuantization:1]]
[2022.05.21-12.53.23:676][  0]LogConfig: Setting CVar [[r.LightShaftQuality:1]]
[2022.05.21-12.53.23:676][  0]LogConfig: Setting CVar [[r.Filter.SizeScale:1]]
[2022.05.21-12.53.23:676][  0]LogConfig: Setting CVar [[r.Tonemapper.Quality:5]]
[2022.05.21-12.53.23:676][  0]LogConfig: Setting CVar [[r.DOF.Gather.AccumulatorQuality:1        ; higher gathering accumulator quality]]
[2022.05.21-12.53.23:676][  0]LogConfig: Setting CVar [[r.DOF.Gather.PostfilterMethod:1          ; Median3x3 postfilering method]]
[2022.05.21-12.53.23:676][  0]LogConfig: Setting CVar [[r.DOF.Gather.EnableBokehSettings:0       ; no bokeh simulation when gathering]]
[2022.05.21-12.53.23:676][  0]LogConfig: Setting CVar [[r.DOF.Gather.RingCount:4                 ; medium number of samples when gathering]]
[2022.05.21-12.53.23:676][  0]LogConfig: Setting CVar [[r.DOF.Scatter.ForegroundCompositing:1    ; additive foreground scattering]]
[2022.05.21-12.53.23:676][  0]LogConfig: Setting CVar [[r.DOF.Scatter.BackgroundCompositing:2    ; additive background scattering]]
[2022.05.21-12.53.23:676][  0]LogConfig: Setting CVar [[r.DOF.Scatter.EnableBokehSettings:1      ; bokeh simulation when scattering]]
[2022.05.21-12.53.23:676][  0]LogConfig: Setting CVar [[r.DOF.Scatter.MaxSpriteRatio:0.1         ; only a maximum of 10% of scattered bokeh]]
[2022.05.21-12.53.23:676][  0]LogConfig: Setting CVar [[r.DOF.Recombine.Quality:1                ; cheap slight out of focus]]
[2022.05.21-12.53.23:676][  0]LogConfig: Setting CVar [[r.DOF.Recombine.EnableBokehSettings:0    ; no bokeh simulation on slight out of focus]]
[2022.05.21-12.53.23:676][  0]LogConfig: Setting CVar [[r.DOF.TemporalAAQuality:1                ; more stable temporal accumulation]]
[2022.05.21-12.53.23:676][  0]LogConfig: Setting CVar [[r.DOF.Kernel.MaxForegroundRadius:0.025]]
[2022.05.21-12.53.23:676][  0]LogConfig: Setting CVar [[r.DOF.Kernel.MaxBackgroundRadius:0.025]]
[2022.05.21-12.53.23:676][  0]LogConfig: Applying CVar settings from Section [TextureQuality@3] File [D:/UE4/test/WargamingAcademy/Cyberpunk2022/Saved/Config/Windows/Scalability.ini]
[2022.05.21-12.53.23:676][  0]LogConfig: Setting CVar [[r.Streaming.MipBias:0]]
[2022.05.21-12.53.23:676][  0]LogConfig: Setting CVar [[r.Streaming.AmortizeCPUToGPUCopy:0]]
[2022.05.21-12.53.23:676][  0]LogConfig: Setting CVar [[r.Streaming.MaxNumTexturesToStreamPerFrame:0]]
[2022.05.21-12.53.23:676][  0]LogConfig: Setting CVar [[r.Streaming.Boost:1]]
[2022.05.21-12.53.23:676][  0]LogConfig: Setting CVar [[r.MaxAnisotropy:8]]
[2022.05.21-12.53.23:676][  0]LogConfig: Setting CVar [[r.VT.MaxAnisotropy:8]]
[2022.05.21-12.53.23:676][  0]LogConfig: Setting CVar [[r.Streaming.LimitPoolSizeToVRAM:0]]
[2022.05.21-12.53.23:676][  0]LogConfig: Setting CVar [[r.Streaming.PoolSize:1000]]
[2022.05.21-12.53.23:676][  0]LogConfig: Setting CVar [[r.Streaming.MaxEffectiveScreenSize:0]]
[2022.05.21-12.53.23:676][  0]LogConfig: Applying CVar settings from Section [EffectsQuality@3] File [D:/UE4/test/WargamingAcademy/Cyberpunk2022/Saved/Config/Windows/Scalability.ini]
[2022.05.21-12.53.23:676][  0]LogConfig: Setting CVar [[r.TranslucencyLightingVolumeDim:64]]
[2022.05.21-12.53.23:677][  0]LogConfig: Setting CVar [[r.RefractionQuality:2]]
[2022.05.21-12.53.23:677][  0]LogConfig: Setting CVar [[r.SSR.Quality:3]]
[2022.05.21-12.53.23:677][  0]LogConfig: Setting CVar [[r.SSR.HalfResSceneColor:0]]
[2022.05.21-12.53.23:677][  0]LogConfig: Setting CVar [[r.SceneColorFormat:4]]
[2022.05.21-12.53.23:677][  0]LogConfig: Setting CVar [[r.DetailMode:2]]
[2022.05.21-12.53.23:677][  0]LogConfig: Setting CVar [[r.TranslucencyVolumeBlur:1]]
[2022.05.21-12.53.23:677][  0]LogConfig: Setting CVar [[r.MaterialQualityLevel:1 ; High quality]]
[2022.05.21-12.53.23:677][  0]LogConfig: Setting CVar [[r.AnisotropicMaterials:1]]
[2022.05.21-12.53.23:677][  0]LogConfig: Setting CVar [[r.SSS.Scale:1]]
[2022.05.21-12.53.23:677][  0]LogConfig: Setting CVar [[r.SSS.SampleSet:2]]
[2022.05.21-12.53.23:677][  0]LogConfig: Setting CVar [[r.SSS.Quality:1]]
[2022.05.21-12.53.23:677][  0]LogConfig: Setting CVar [[r.SSS.HalfRes:0]]
[2022.05.21-12.53.23:677][  0]LogConfig: Setting CVar [[r.SSGI.Quality:3]]
[2022.05.21-12.53.23:677][  0]LogConfig: Setting CVar [[r.EmitterSpawnRateScale:1.0]]
[2022.05.21-12.53.23:677][  0]LogConfig: Setting CVar [[r.ParticleLightQuality:2]]
[2022.05.21-12.53.23:677][  0]LogConfig: Setting CVar [[r.SkyAtmosphere.AerialPerspectiveLUT.FastApplyOnOpaque:1 ; Always have FastSkyLUT 1 in this case to avoid wrong sky]]
[2022.05.21-12.53.23:677][  0]LogConfig: Setting CVar [[r.SkyAtmosphere.AerialPerspectiveLUT.SampleCountMaxPerSlice:4]]
[2022.05.21-12.53.23:677][  0]LogConfig: Setting CVar [[r.SkyAtmosphere.AerialPerspectiveLUT.DepthResolution:16.0]]
[2022.05.21-12.53.23:677][  0]LogConfig: Setting CVar [[r.SkyAtmosphere.FastSkyLUT:1]]
[2022.05.21-12.53.23:677][  0]LogConfig: Setting CVar [[r.SkyAtmosphere.FastSkyLUT.SampleCountMin:4.0]]
[2022.05.21-12.53.23:677][  0]LogConfig: Setting CVar [[r.SkyAtmosphere.FastSkyLUT.SampleCountMax:128.0]]
[2022.05.21-12.53.23:677][  0]LogConfig: Setting CVar [[r.SkyAtmosphere.SampleCountMin:4.0]]
[2022.05.21-12.53.23:677][  0]LogConfig: Setting CVar [[r.SkyAtmosphere.SampleCountMax:128.0]]
[2022.05.21-12.53.23:677][  0]LogConfig: Setting CVar [[r.SkyAtmosphere.TransmittanceLUT.UseSmallFormat:0]]
[2022.05.21-12.53.23:677][  0]LogConfig: Setting CVar [[r.SkyAtmosphere.TransmittanceLUT.SampleCount:10.0]]
[2022.05.21-12.53.23:677][  0]LogConfig: Setting CVar [[r.SkyAtmosphere.MultiScatteringLUT.SampleCount:15.0]]
[2022.05.21-12.53.23:678][  0]LogConfig: Setting CVar [[r.SkyLight.RealTimeReflectionCapture:1]]
[2022.05.21-12.53.23:678][  0]LogConfig: Applying CVar settings from Section [FoliageQuality@3] File [D:/UE4/test/WargamingAcademy/Cyberpunk2022/Saved/Config/Windows/Scalability.ini]
[2022.05.21-12.53.23:678][  0]LogConfig: Setting CVar [[foliage.DensityScale:1.0]]
[2022.05.21-12.53.23:678][  0]LogConfig: Setting CVar [[grass.DensityScale:1.0]]
[2022.05.21-12.53.23:678][  0]LogConfig: Applying CVar settings from Section [ShadingQuality@3] File [D:/UE4/test/WargamingAcademy/Cyberpunk2022/Saved/Config/Windows/Scalability.ini]
[2022.05.21-12.53.23:678][  0]LogConfig: Setting CVar [[r.HairStrands.SkyLighting.IntegrationType:2]]
[2022.05.21-12.53.23:678][  0]LogConfig: Setting CVar [[r.HairStrands.SkyAO.SampleCount:4]]
[2022.05.21-12.53.23:678][  0]LogConfig: Setting CVar [[r.HairStrands.Visibility.MSAA.SamplePerPixel:4]]
[2022.05.21-12.53.23:678][  0]LogInit: Selected Device Profile: [Windows]
[2022.05.21-12.53.23:678][  0]LogInit: Applying CVar settings loaded from the selected device profile: [Windows]
[2022.05.21-12.53.23:678][  0]LogHAL: Display: Platform has ~ 16 GB [16974053376 / 17179869184 / 16], which maps to Larger [LargestMinGB=32, LargerMinGB=12, DefaultMinGB=8, SmallerMinGB=6, SmallestMinGB=0)
[2022.05.21-12.53.23:678][  0]LogInit: Going up to parent DeviceProfile []
[2022.05.21-12.53.23:678][  0]LogConfig: Applying CVar settings from Section [ViewDistanceQuality@3] File [D:/UE4/test/WargamingAcademy/Cyberpunk2022/Saved/Config/Windows/Scalability.ini]
[2022.05.21-12.53.23:678][  0]LogConfig: Setting CVar [[r.SkeletalMeshLODBias:0]]
[2022.05.21-12.53.23:678][  0]LogConfig: Setting CVar [[r.ViewDistanceScale:1.0]]
[2022.05.21-12.53.23:678][  0]LogConfig: Applying CVar settings from Section [AntiAliasingQuality@3] File [D:/UE4/test/WargamingAcademy/Cyberpunk2022/Saved/Config/Windows/Scalability.ini]
[2022.05.21-12.53.23:678][  0]LogConfig: Setting CVar [[r.PostProcessAAQuality:4]]
[2022.05.21-12.53.23:678][  0]LogConfig: Applying CVar settings from Section [ShadowQuality@3] File [D:/UE4/test/WargamingAcademy/Cyberpunk2022/Saved/Config/Windows/Scalability.ini]
[2022.05.21-12.53.23:678][  0]LogConfig: Setting CVar [[r.LightFunctionQuality:1]]
[2022.05.21-12.53.23:678][  0]LogConfig: Setting CVar [[r.ShadowQuality:5]]
[2022.05.21-12.53.23:678][  0]LogConfig: Setting CVar [[r.Shadow.CSM.MaxCascades:10]]
[2022.05.21-12.53.23:678][  0]LogConfig: Setting CVar [[r.Shadow.MaxResolution:2048]]
[2022.05.21-12.53.23:678][  0]LogConfig: Setting CVar [[r.Shadow.MaxCSMResolution:2048]]
[2022.05.21-12.53.23:678][  0]LogConfig: Setting CVar [[r.Shadow.RadiusThreshold:0.01]]
[2022.05.21-12.53.23:678][  0]LogConfig: Setting CVar [[r.Shadow.DistanceScale:1.0]]
[2022.05.21-12.53.23:678][  0]LogConfig: Setting CVar [[r.Shadow.CSM.TransitionScale:1.0]]
[2022.05.21-12.53.23:678][  0]LogConfig: Setting CVar [[r.Shadow.PreShadowResolutionFactor:1.0]]
[2022.05.21-12.53.23:678][  0]LogConfig: Setting CVar [[r.DistanceFieldShadowing:1]]
[2022.05.21-12.53.23:679][  0]LogConfig: Setting CVar [[r.DistanceFieldAO:1]]
[2022.05.21-12.53.23:679][  0]LogConfig: Setting CVar [[r.AOQuality:2]]
[2022.05.21-12.53.23:679][  0]LogConfig: Setting CVar [[r.VolumetricFog:1]]
[2022.05.21-12.53.23:679][  0]LogConfig: Setting CVar [[r.VolumetricFog.GridPixelSize:8]]
[2022.05.21-12.53.23:679][  0]LogConfig: Setting CVar [[r.VolumetricFog.GridSizeZ:128]]
[2022.05.21-12.53.23:679][  0]LogConfig: Setting CVar [[r.VolumetricFog.HistoryMissSupersampleCount:4]]
[2022.05.21-12.53.23:679][  0]LogConfig: Setting CVar [[r.LightMaxDrawDistanceScale:1]]
[2022.05.21-12.53.23:679][  0]LogConfig: Setting CVar [[r.CapsuleShadows:1]]
[2022.05.21-12.53.23:679][  0]LogConfig: Applying CVar settings from Section [PostProcessQuality@3] File [D:/UE4/test/WargamingAcademy/Cyberpunk2022/Saved/Config/Windows/Scalability.ini]
[2022.05.21-12.53.23:679][  0]LogConfig: Setting CVar [[r.MotionBlurQuality:4]]
[2022.05.21-12.53.23:679][  0]LogConfig: Setting CVar [[r.AmbientOcclusionMipLevelFactor:0.4]]
[2022.05.21-12.53.23:679][  0]LogConfig: Setting CVar [[r.AmbientOcclusionMaxQuality:100]]
[2022.05.21-12.53.23:679][  0]LogConfig: Setting CVar [[r.AmbientOcclusionLevels:-1]]
[2022.05.21-12.53.23:679][  0]LogConfig: Setting CVar [[r.AmbientOcclusionRadiusScale:1.0]]
[2022.05.21-12.53.23:679][  0]LogConfig: Setting CVar [[r.DepthOfFieldQuality:2]]
[2022.05.21-12.53.23:679][  0]LogConfig: Setting CVar [[r.RenderTargetPoolMin:400]]
[2022.05.21-12.53.23:679][  0]LogConfig: Setting CVar [[r.LensFlareQuality:2]]
[2022.05.21-12.53.23:679][  0]LogConfig: Setting CVar [[r.SceneColorFringeQuality:1]]
[2022.05.21-12.53.23:679][  0]LogConfig: Setting CVar [[r.EyeAdaptationQuality:2]]
[2022.05.21-12.53.23:679][  0]LogConfig: Setting CVar [[r.BloomQuality:5]]
[2022.05.21-12.53.23:679][  0]LogConfig: Setting CVar [[r.FastBlurThreshold:100]]
[2022.05.21-12.53.23:679][  0]LogConfig: Setting CVar [[r.Upscale.Quality:3]]
[2022.05.21-12.53.23:679][  0]LogConfig: Setting CVar [[r.Tonemapper.GrainQuantization:1]]
[2022.05.21-12.53.23:679][  0]LogConfig: Setting CVar [[r.LightShaftQuality:1]]
[2022.05.21-12.53.23:679][  0]LogConfig: Setting CVar [[r.Filter.SizeScale:1]]
[2022.05.21-12.53.23:679][  0]LogConfig: Setting CVar [[r.Tonemapper.Quality:5]]
[2022.05.21-12.53.23:679][  0]LogConfig: Setting CVar [[r.DOF.Gather.AccumulatorQuality:1        ; higher gathering accumulator quality]]
[2022.05.21-12.53.23:679][  0]LogConfig: Setting CVar [[r.DOF.Gather.PostfilterMethod:1          ; Median3x3 postfilering method]]
[2022.05.21-12.53.23:679][  0]LogConfig: Setting CVar [[r.DOF.Gather.EnableBokehSettings:0       ; no bokeh simulation when gathering]]
[2022.05.21-12.53.23:679][  0]LogConfig: Setting CVar [[r.DOF.Gather.RingCount:4                 ; medium number of samples when gathering]]
[2022.05.21-12.53.23:679][  0]LogConfig: Setting CVar [[r.DOF.Scatter.ForegroundCompositing:1    ; additive foreground scattering]]
[2022.05.21-12.53.23:679][  0]LogConfig: Setting CVar [[r.DOF.Scatter.BackgroundCompositing:2    ; additive background scattering]]
[2022.05.21-12.53.23:679][  0]LogConfig: Setting CVar [[r.DOF.Scatter.EnableBokehSettings:1      ; bokeh simulation when scattering]]
[2022.05.21-12.53.23:679][  0]LogConfig: Setting CVar [[r.DOF.Scatter.MaxSpriteRatio:0.1         ; only a maximum of 10% of scattered bokeh]]
[2022.05.21-12.53.23:679][  0]LogConfig: Setting CVar [[r.DOF.Recombine.Quality:1                ; cheap slight out of focus]]
[2022.05.21-12.53.23:679][  0]LogConfig: Setting CVar [[r.DOF.Recombine.EnableBokehSettings:0    ; no bokeh simulation on slight out of focus]]
[2022.05.21-12.53.23:679][  0]LogConfig: Setting CVar [[r.DOF.TemporalAAQuality:1                ; more stable temporal accumulation]]
[2022.05.21-12.53.23:679][  0]LogConfig: Setting CVar [[r.DOF.Kernel.MaxForegroundRadius:0.025]]
[2022.05.21-12.53.23:679][  0]LogConfig: Setting CVar [[r.DOF.Kernel.MaxBackgroundRadius:0.025]]
[2022.05.21-12.53.23:680][  0]LogConfig: Applying CVar settings from Section [TextureQuality@3] File [D:/UE4/test/WargamingAcademy/Cyberpunk2022/Saved/Config/Windows/Scalability.ini]
[2022.05.21-12.53.23:680][  0]LogConfig: Setting CVar [[r.Streaming.MipBias:0]]
[2022.05.21-12.53.23:680][  0]LogConfig: Setting CVar [[r.Streaming.AmortizeCPUToGPUCopy:0]]
[2022.05.21-12.53.23:680][  0]LogConfig: Setting CVar [[r.Streaming.MaxNumTexturesToStreamPerFrame:0]]
[2022.05.21-12.53.23:680][  0]LogConfig: Setting CVar [[r.Streaming.Boost:1]]
[2022.05.21-12.53.23:680][  0]LogConfig: Setting CVar [[r.MaxAnisotropy:8]]
[2022.05.21-12.53.23:680][  0]LogConfig: Setting CVar [[r.VT.MaxAnisotropy:8]]
[2022.05.21-12.53.23:680][  0]LogConfig: Setting CVar [[r.Streaming.LimitPoolSizeToVRAM:0]]
[2022.05.21-12.53.23:680][  0]LogConfig: Setting CVar [[r.Streaming.PoolSize:1000]]
[2022.05.21-12.53.23:680][  0]LogConfig: Setting CVar [[r.Streaming.MaxEffectiveScreenSize:0]]
[2022.05.21-12.53.23:680][  0]LogConfig: Applying CVar settings from Section [EffectsQuality@3] File [D:/UE4/test/WargamingAcademy/Cyberpunk2022/Saved/Config/Windows/Scalability.ini]
[2022.05.21-12.53.23:680][  0]LogConfig: Setting CVar [[r.TranslucencyLightingVolumeDim:64]]
[2022.05.21-12.53.23:680][  0]LogConfig: Setting CVar [[r.RefractionQuality:2]]
[2022.05.21-12.53.23:680][  0]LogConfig: Setting CVar [[r.SSR.Quality:3]]
[2022.05.21-12.53.23:680][  0]LogConfig: Setting CVar [[r.SSR.HalfResSceneColor:0]]
[2022.05.21-12.53.23:680][  0]LogConfig: Setting CVar [[r.SceneColorFormat:4]]
[2022.05.21-12.53.23:680][  0]LogConfig: Setting CVar [[r.DetailMode:2]]
[2022.05.21-12.53.23:680][  0]LogConfig: Setting CVar [[r.TranslucencyVolumeBlur:1]]
[2022.05.21-12.53.23:680][  0]LogConfig: Setting CVar [[r.MaterialQualityLevel:1 ; High quality]]
[2022.05.21-12.53.23:680][  0]LogConfig: Setting CVar [[r.AnisotropicMaterials:1]]
[2022.05.21-12.53.23:680][  0]LogConfig: Setting CVar [[r.SSS.Scale:1]]
[2022.05.21-12.53.23:680][  0]LogConfig: Setting CVar [[r.SSS.SampleSet:2]]
[2022.05.21-12.53.23:680][  0]LogConfig: Setting CVar [[r.SSS.Quality:1]]
[2022.05.21-12.53.23:680][  0]LogConfig: Setting CVar [[r.SSS.HalfRes:0]]
[2022.05.21-12.53.23:680][  0]LogConfig: Setting CVar [[r.SSGI.Quality:3]]
[2022.05.21-12.53.23:680][  0]LogConfig: Setting CVar [[r.EmitterSpawnRateScale:1.0]]
[2022.05.21-12.53.23:680][  0]LogConfig: Setting CVar [[r.ParticleLightQuality:2]]
[2022.05.21-12.53.23:680][  0]LogConfig: Setting CVar [[r.SkyAtmosphere.AerialPerspectiveLUT.FastApplyOnOpaque:1 ; Always have FastSkyLUT 1 in this case to avoid wrong sky]]
[2022.05.21-12.53.23:680][  0]LogConfig: Setting CVar [[r.SkyAtmosphere.AerialPerspectiveLUT.SampleCountMaxPerSlice:4]]
[2022.05.21-12.53.23:680][  0]LogConfig: Setting CVar [[r.SkyAtmosphere.AerialPerspectiveLUT.DepthResolution:16.0]]
[2022.05.21-12.53.23:680][  0]LogConfig: Setting CVar [[r.SkyAtmosphere.FastSkyLUT:1]]
[2022.05.21-12.53.23:680][  0]LogConfig: Setting CVar [[r.SkyAtmosphere.FastSkyLUT.SampleCountMin:4.0]]
[2022.05.21-12.53.23:680][  0]LogConfig: Setting CVar [[r.SkyAtmosphere.FastSkyLUT.SampleCountMax:128.0]]
[2022.05.21-12.53.23:680][  0]LogConfig: Setting CVar [[r.SkyAtmosphere.SampleCountMin:4.0]]
[2022.05.21-12.53.23:680][  0]LogConfig: Setting CVar [[r.SkyAtmosphere.SampleCountMax:128.0]]
[2022.05.21-12.53.23:680][  0]LogConfig: Setting CVar [[r.SkyAtmosphere.TransmittanceLUT.UseSmallFormat:0]]
[2022.05.21-12.53.23:680][  0]LogConfig: Setting CVar [[r.SkyAtmosphere.TransmittanceLUT.SampleCount:10.0]]
[2022.05.21-12.53.23:680][  0]LogConfig: Setting CVar [[r.SkyAtmosphere.MultiScatteringLUT.SampleCount:15.0]]
[2022.05.21-12.53.23:680][  0]LogConfig: Setting CVar [[r.SkyLight.RealTimeReflectionCapture:1]]
[2022.05.21-12.53.23:680][  0]LogConfig: Applying CVar settings from Section [FoliageQuality@3] File [D:/UE4/test/WargamingAcademy/Cyberpunk2022/Saved/Config/Windows/Scalability.ini]
[2022.05.21-12.53.23:681][  0]LogConfig: Setting CVar [[foliage.DensityScale:1.0]]
[2022.05.21-12.53.23:681][  0]LogConfig: Setting CVar [[grass.DensityScale:1.0]]
[2022.05.21-12.53.23:681][  0]LogConfig: Applying CVar settings from Section [ShadingQuality@3] File [D:/UE4/test/WargamingAcademy/Cyberpunk2022/Saved/Config/Windows/Scalability.ini]
[2022.05.21-12.53.23:681][  0]LogConfig: Setting CVar [[r.HairStrands.SkyLighting.IntegrationType:2]]
[2022.05.21-12.53.23:681][  0]LogConfig: Setting CVar [[r.HairStrands.SkyAO.SampleCount:4]]
[2022.05.21-12.53.23:681][  0]LogConfig: Setting CVar [[r.HairStrands.Visibility.MSAA.SamplePerPixel:4]]
[2022.05.21-12.53.23:681][  0]LogConfig: Applying CVar settings from Section [Startup] File [../../../Engine/Config/ConsoleVariables.ini]
[2022.05.21-12.53.23:682][  0]LogConfig: Setting CVar [[net.UseAdaptiveNetUpdateFrequency:0]]
[2022.05.21-12.53.23:682][  0]LogConfig: Setting CVar [[p.chaos.AllowCreatePhysxBodies:1]]
[2022.05.21-12.53.23:682][  0]LogConfig: Setting CVar [[fx.SkipVectorVMBackendOptimizations:1]]
[2022.05.21-12.53.23:682][  0]LogConfig: Applying CVar settings from Section [ConsoleVariables] File [D:/UE4/test/WargamingAcademy/Cyberpunk2022/Saved/Config/Windows/Engine.ini]
[2022.05.21-12.53.23:682][  0]LogConfig: Applying CVar settings from Section [ConsoleVariables] File [D:/UE4/test/WargamingAcademy/Cyberpunk2022/Saved/Config/Windows/Editor.ini]
[2022.05.21-12.53.23:684][  0]LogInit: Computer: DESKTOP-EF74LAR
[2022.05.21-12.53.23:684][  0]LogInit: User: PCv
[2022.05.21-12.53.23:684][  0]LogInit: CPU Page size=4096, Cores=4
[2022.05.21-12.53.23:684][  0]LogInit: High frequency timer resolution =10.000000 MHz
[2022.05.21-12.53.23:685][  0]LogMemory: Memory total: Physical=15.8GB (16GB approx)
[2022.05.21-12.53.23:685][  0]LogMemory: Platform Memory Stats for Windows
[2022.05.21-12.53.23:686][  0]LogMemory: Process Physical Memory: 143.29 MB used, 143.29 MB peak
[2022.05.21-12.53.23:686][  0]LogMemory: Process Virtual Memory: 114.36 MB used, 114.36 MB peak
[2022.05.21-12.53.23:686][  0]LogMemory: Physical Memory: 13749.13 MB used,  2438.59 MB free, 16187.72 MB total
[2022.05.21-12.53.23:686][  0]LogMemory: Virtual Memory: 134212640.00 MB used,  5088.05 MB free, 134217728.00 MB total
[2022.05.21-12.53.23:701][  0]LogWindows: WindowsPlatformFeatures enabled
[2022.05.21-12.53.23:874][  0]LogInit: Physics initialised using underlying interface: PhysX
[2022.05.21-12.53.23:876][  0]LogInit: Using OS detected language (ru-RU).
[2022.05.21-12.53.23:876][  0]LogInit: Using OS detected locale (ru-BY).
[2022.05.21-12.53.23:899][  0]LogTextLocalizationManager: No specific localization for 'ru-RU' exists, so the 'ru' localization will be used.
[2022.05.21-12.53.23:900][  0]LogTextLocalizationResource: LocRes '../../../Engine/Content/Localization/Editor/ru/Editor.locres' could not be opened for reading!
[2022.05.21-12.53.23:900][  0]LogTextLocalizationResource: LocRes '../../../Engine/Content/Localization/EditorTutorials/ru/EditorTutorials.locres' could not be opened for reading!
[2022.05.21-12.53.23:900][  0]LogTextLocalizationResource: LocRes '../../../Engine/Content/Localization/Keywords/ru/Keywords.locres' could not be opened for reading!
[2022.05.21-12.53.23:900][  0]LogTextLocalizationResource: LocRes '../../../Engine/Content/Localization/Category/ru/Category.locres' could not be opened for reading!
[2022.05.21-12.53.23:900][  0]LogTextLocalizationResource: LocRes '../../../Engine/Content/Localization/ToolTips/ru/ToolTips.locres' could not be opened for reading!
[2022.05.21-12.53.23:901][  0]LogTextLocalizationResource: LocRes '../../../Engine/Content/Localization/PropertyNames/ru/PropertyNames.locres' could not be opened for reading!
[2022.05.21-12.53.23:901][  0]LogTextLocalizationResource: LocRes '../../../Engine/Content/Localization/Engine/ru/Engine.locres' could not be opened for reading!
[2022.05.21-12.53.23:904][  0]LogInit: Setting process to per monitor DPI aware
[2022.05.21-12.53.23:927][  0]LogWindowsTextInputMethodSystem: Display: IME system deactivated.
[2022.05.21-12.53.23:965][  0]LogSlate: New Slate User Created.  User Index 0, Is Virtual User: 0
[2022.05.21-12.53.23:965][  0]LogSlate: Slate User Registered.  User Index 0, Is Virtual User: 0
[2022.05.21-12.53.24:606][  0]LogD3D11RHI: Loaded GFSDK_Aftermath_Lib.x64.dll
[2022.05.21-12.53.24:636][  0]LogHMD: Failed to initialize OpenVR with code 110
[2022.05.21-12.53.24:636][  0]LogD3D11RHI: D3D11 min allowed feature level: 11_0
[2022.05.21-12.53.24:636][  0]LogD3D11RHI: D3D11 max allowed feature level: 11_0
[2022.05.21-12.53.24:636][  0]LogD3D11RHI: D3D11 adapters:
[2022.05.21-12.53.24:971][  0]LogD3D11RHI:    0. 'NVIDIA GeForce RTX 2060' (Feature Level 11_0)
[2022.05.21-12.53.24:971][  0]LogD3D11RHI:       5980/0/8093 MB DedicatedVideo/DedicatedSystem/SharedSystem, Outputs:1, VendorId:0x10de
[2022.05.21-12.53.25:082][  0]LogD3D11RHI:    1. 'AMD Radeon(TM) Vega 8 Graphics' (Feature Level 11_0)
[2022.05.21-12.53.25:082][  0]LogD3D11RHI:       113/0/8093 MB DedicatedVideo/DedicatedSystem/SharedSystem, Outputs:0, VendorId:0x1002
[2022.05.21-12.53.25:091][  0]LogD3D11RHI:    2. 'Microsoft Basic Render Driver' (Feature Level 11_0)
[2022.05.21-12.53.25:091][  0]LogD3D11RHI:       0/0/8093 MB DedicatedVideo/DedicatedSystem/SharedSystem, Outputs:0, VendorId:0x1414
[2022.05.21-12.53.25:091][  0]LogD3D11RHI: Chosen D3D11 Adapter:
[2022.05.21-12.53.25:092][  0]LogD3D11RHI:     Description : NVIDIA GeForce RTX 2060
[2022.05.21-12.53.25:092][  0]LogD3D11RHI:     VendorId    : 10de
[2022.05.21-12.53.25:092][  0]LogD3D11RHI:     DeviceId    : 1f15
[2022.05.21-12.53.25:092][  0]LogD3D11RHI:     SubSysId    : 140f1043
[2022.05.21-12.53.25:092][  0]LogD3D11RHI:     Revision    : 00a1
[2022.05.21-12.53.25:092][  0]LogD3D11RHI:     DedicatedVideoMemory : 6270484480 bytes
[2022.05.21-12.53.25:092][  0]LogD3D11RHI:     DedicatedSystemMemory : 0 bytes
[2022.05.21-12.53.25:092][  0]LogD3D11RHI:     SharedSystemMemory : 8487026688 bytes
[2022.05.21-12.53.25:092][  0]LogD3D11RHI:     AdapterLuid : 0 51172
[2022.05.21-12.53.25:105][  0]LogD3D11RHI: Creating new Direct3DDevice
[2022.05.21-12.53.25:105][  0]LogD3D11RHI:     GPU DeviceId: 0x1f15 (for the marketing name, search the web for "GPU Device Id")
[2022.05.21-12.53.25:105][  0]LogWindows: EnumDisplayDevices:
[2022.05.21-12.53.25:106][  0]LogWindows:    0. 'AMD Radeon(TM) Vega 8 Graphics' (P:1 D:1)
[2022.05.21-12.53.25:106][  0]LogWindows:    1. 'AMD Radeon(TM) Vega 8 Graphics' (P:0 D:0)
[2022.05.21-12.53.25:107][  0]LogWindows:    2. 'NVIDIA GeForce RTX 2060' (P:0 D:0)
[2022.05.21-12.53.25:108][  0]LogWindows: DebugString: PrimaryIsNotTheChoosenAdapter PrimaryIsNotTheChoosenAdapter 
[2022.05.21-12.53.25:108][  0]LogD3D11RHI:     Adapter Name: NVIDIA GeForce RTX 2060
[2022.05.21-12.53.25:108][  0]LogD3D11RHI:   Driver Version: 512.15 (internal:30.0.15.1215, unified:512.15)
[2022.05.21-12.53.25:108][  0]LogD3D11RHI:      Driver Date: 3-17-2022
[2022.05.21-12.53.25:108][  0]LogRHI: Texture pool is 4186 MB (70% of 5980 MB)
[2022.05.21-12.53.25:108][  0]LogD3D11RHI: Creating D3DDevice using adapter:
[2022.05.21-12.53.25:108][  0]LogD3D11RHI:     Description : NVIDIA GeForce RTX 2060
[2022.05.21-12.53.25:108][  0]LogD3D11RHI:     VendorId    : 10de
[2022.05.21-12.53.25:108][  0]LogD3D11RHI:     DeviceId    : 1f15
[2022.05.21-12.53.25:108][  0]LogD3D11RHI:     SubSysId    : 140f1043
[2022.05.21-12.53.25:108][  0]LogD3D11RHI:     Revision    : 00a1
[2022.05.21-12.53.25:108][  0]LogD3D11RHI:     DedicatedVideoMemory : 6270484480 bytes
[2022.05.21-12.53.25:108][  0]LogD3D11RHI:     DedicatedSystemMemory : 0 bytes
[2022.05.21-12.53.25:108][  0]LogD3D11RHI:     SharedSystemMemory : 8487026688 bytes
[2022.05.21-12.53.25:108][  0]LogD3D11RHI:     AdapterLuid : 0 51172
[2022.05.21-12.53.25:262][  0]LogD3D11RHI: RHI has support for 64 bit atomics
[2022.05.21-12.53.25:262][  0]LogD3D11RHI: Async texture creation enabled
[2022.05.21-12.53.25:262][  0]LogD3D11RHI: Array index from any shader is supported
[2022.05.21-12.53.25:344][  0]LogD3D11RHI: GPU Timing Frequency: 1000.000000 (Debug: 2 1)
[2022.05.21-12.53.25:455][  0]LogRHI: GeForceNow SDK initialized: 1
[2022.05.21-12.53.26:096][  0]LogTargetPlatformManager: Display: Loaded TargetPlatform 'AllDesktop'
[2022.05.21-12.53.26:135][  0]LogTargetPlatformManager: Display: Loaded TargetPlatform 'Android'
[2022.05.21-12.53.26:135][  0]LogTargetPlatformManager: Display: Loaded TargetPlatform 'Android_ASTC'
[2022.05.21-12.53.26:135][  0]LogTargetPlatformManager: Display: Loaded TargetPlatform 'Android_DXT'
[2022.05.21-12.53.26:135][  0]LogTargetPlatformManager: Display: Loaded TargetPlatform 'Android_ETC2'
[2022.05.21-12.53.26:135][  0]LogTargetPlatformManager: Display: Loaded TargetPlatform 'AndroidClient'
[2022.05.21-12.53.26:135][  0]LogTargetPlatformManager: Display: Loaded TargetPlatform 'Android_ASTCClient'
[2022.05.21-12.53.26:135][  0]LogTargetPlatformManager: Display: Loaded TargetPlatform 'Android_DXTClient'
[2022.05.21-12.53.26:135][  0]LogTargetPlatformManager: Display: Loaded TargetPlatform 'Android_ETC2Client'
[2022.05.21-12.53.26:135][  0]LogTargetPlatformManager: Display: Loaded TargetPlatform 'Android_Multi'
[2022.05.21-12.53.26:135][  0]LogTargetPlatformManager: Display: Loaded TargetPlatform 'Android_MultiClient'
[2022.05.21-12.53.26:169][  0]LogTargetPlatformManager: Display: Loaded TargetPlatform 'IOSClient'
[2022.05.21-12.53.26:169][  0]LogTargetPlatformManager: Display: Loaded TargetPlatform 'IOS'
[2022.05.21-12.53.26:186][  0]LogTargetPlatformManager: Display: Loaded TargetPlatform 'Linux'
[2022.05.21-12.53.26:195][  0]LogTargetPlatformManager: Display: Loaded TargetPlatform 'LinuxNoEditor'
[2022.05.21-12.53.26:202][  0]LogTargetPlatformManager: Display: Loaded TargetPlatform 'LinuxClient'
[2022.05.21-12.53.26:210][  0]LogTargetPlatformManager: Display: Loaded TargetPlatform 'LinuxServer'
[2022.05.21-12.53.26:227][  0]LogTargetPlatformManager: Display: Loaded TargetPlatform 'LinuxAArch64NoEditor'
[2022.05.21-12.53.26:234][  0]LogTargetPlatformManager: Display: Loaded TargetPlatform 'LinuxAArch64Client'
[2022.05.21-12.53.26:242][  0]LogTargetPlatformManager: Display: Loaded TargetPlatform 'LinuxAArch64Server'
[2022.05.21-12.53.26:285][  0]LogTargetPlatformManager: Display: Loaded TargetPlatform 'Lumin'
[2022.05.21-12.53.26:285][  0]LogTargetPlatformManager: Display: Loaded TargetPlatform 'LuminClient'
[2022.05.21-12.53.26:300][  0]LogTargetPlatformManager: Display: Loaded TargetPlatform 'MacNoEditor'
[2022.05.21-12.53.26:307][  0]LogTargetPlatformManager: Display: Loaded TargetPlatform 'Mac'
[2022.05.21-12.53.26:315][  0]LogTargetPlatformManager: Display: Loaded TargetPlatform 'MacClient'
[2022.05.21-12.53.26:325][  0]LogTargetPlatformManager: Display: Loaded TargetPlatform 'MacServer'
[2022.05.21-12.53.26:339][  0]LogTargetPlatformManager: Display: Loaded TargetPlatform 'TVOSClient'
[2022.05.21-12.53.26:339][  0]LogTargetPlatformManager: Display: Loaded TargetPlatform 'TVOS'
[2022.05.21-12.53.26:355][  0]LogTargetPlatformManager: Display: Loaded TargetPlatform 'WindowsNoEditor'
[2022.05.21-12.53.26:363][  0]LogTargetPlatformManager: Display: Loaded TargetPlatform 'Windows'
[2022.05.21-12.53.26:371][  0]LogTargetPlatformManager: Display: Loaded TargetPlatform 'WindowsClient'
[2022.05.21-12.53.26:379][  0]LogTargetPlatformManager: Display: Loaded TargetPlatform 'WindowsServer'
[2022.05.21-12.53.26:379][  0]LogTargetPlatformManager: Display: Building Assets For Windows
[2022.05.21-12.53.26:397][  0]LogAudioDebug: Display: Lib vorbis DLL was dynamically loaded.
[2022.05.21-12.53.26:471][  0]LogTextureFormatOodle: Display: Oodle Texture 2.9.0 init RDO Off
[2022.05.21-12.53.26:628][  0]LogRendererCore: Ray tracing is disabled. Reason: r.RayTracing=0.
[2022.05.21-12.53.26:629][  0]LogShaderCompilers: Guid format shader working directory is -13 characters bigger than the processId version (../../../../../../UE4/test/WargamingAcademy/Cyberpunk2022/Intermediate/Shaders/WorkingDirectory/1780/).
[2022.05.21-12.53.26:630][  0]LogShaderCompilers: Cleaned the shader compiler working directory 'C:/Users/PCv/AppData/Local/Temp/UnrealShaderWorkingDir/5A6273354DBD6599BC0B068404468C0D/'.
[2022.05.21-12.53.26:630][  0]LogXGEController: Cannot use XGE Controller as Incredibuild is not installed on this machine.
[2022.05.21-12.53.26:631][  0]LogShaderCompilers: Cannot use XGE Shader Compiler as Incredibuild is not installed on this machine.
[2022.05.21-12.53.26:631][  0]LogShaderCompilers: Display: Using Local Shader Compiler.
[2022.05.21-12.53.28:126][  0]LogDerivedDataCache: Display: Max Cache Size: 512 MB
[2022.05.21-12.53.28:347][  0]LogDerivedDataCache: Loaded boot cache 0.22s 146MB C:/Users/PCv/AppData/Local/UnrealEngine/4.27/DerivedDataCache/Boot.ddc.
[2022.05.21-12.53.28:347][  0]LogDerivedDataCache: Display: Loaded Boot cache: C:/Users/PCv/AppData/Local/UnrealEngine/4.27/DerivedDataCache/Boot.ddc
[2022.05.21-12.53.28:348][  0]LogDerivedDataCache: FDerivedDataBackendGraph:  Pak pak cache file ../../../../../../UE4/test/WargamingAcademy/Cyberpunk2022/DerivedDataCache/DDC.ddp not found, will not use a pak cache.
[2022.05.21-12.53.28:348][  0]LogDerivedDataCache: Unable to find inner node Pak for hierarchical cache Hierarchy.
[2022.05.21-12.53.28:348][  0]LogDerivedDataCache: FDerivedDataBackendGraph:  CompressedPak pak cache file ../../../../../../UE4/test/WargamingAcademy/Cyberpunk2022/DerivedDataCache/Compressed.ddp not found, will not use a pak cache.
[2022.05.21-12.53.28:348][  0]LogDerivedDataCache: Unable to find inner node CompressedPak for hierarchical cache Hierarchy.
[2022.05.21-12.53.28:379][  0]LogDerivedDataCache: Display: Pak cache opened for reading ../../../Engine/DerivedDataCache/Compressed.ddp.
[2022.05.21-12.53.28:380][  0]LogDerivedDataCache: FDerivedDataBackendGraph:  EnterprisePak pak cache file ../../../Enterprise/DerivedDataCache/Compressed.ddp not found, will not use a pak cache.
[2022.05.21-12.53.28:380][  0]LogDerivedDataCache: Unable to find inner node EnterprisePak for hierarchical cache Hierarchy.
[2022.05.21-12.53.28:407][  0]LogDerivedDataCache: Speed tests for C:/Users/PCv/AppData/Local/UnrealEngine/Common/DerivedDataCache took 0.03 seconds
[2022.05.21-12.53.28:407][  0]LogDerivedDataCache: Display: Performance to C:/Users/PCv/AppData/Local/UnrealEngine/Common/DerivedDataCache: Latency=0.50ms. RandomReadSpeed=98.98MBs, RandomWriteSpeed=86.45MBs. Assigned SpeedClass 'Local'
[2022.05.21-12.53.28:408][  0]LogDerivedDataCache: Using Local data cache path C:/Users/PCv/AppData/Local/UnrealEngine/Common/DerivedDataCache: Writable
[2022.05.21-12.53.28:408][  0]LogDerivedDataCache: Shared data cache path not found in *engine.ini, will not use an Shared cache.
[2022.05.21-12.53.28:408][  0]LogDerivedDataCache: Unable to find inner node Shared for hierarchical cache Hierarchy.
[2022.05.21-12.53.28:506][  0]LogSlate: Using FreeType 2.10.0
[2022.05.21-12.53.28:508][  0]LogSlate: SlateFontServices - WITH_FREETYPE: 1, WITH_HARFBUZZ: 1
[2022.05.21-12.53.28:576][  0]LogAssetRegistry: FAssetRegistry took 0.0053 seconds to start up
[2022.05.21-12.53.29:532][  0]LogInit: Selected Device Profile: [Windows]
[2022.05.21-12.53.29:533][  0]LogInit: Active device profile: [000001F5CC77B700][000001F5BD8A4300 49] Windows
[2022.05.21-12.53.29:533][  0]LogInit: Profiles: [000001F5CC77B700][000001F5BD8A4300 49] Windows, [000001F5CC72CB00][000001F5BD8AC480 49] WindowsNoEditor, [000001F5CC778B00][000001F5BD8B0600 49] WindowsServer, [000001F5CC72EC00][000001F5BD8B4780 49] WindowsClient, [000001F5CC77AC00][000001F5BD8B8900 49] IOS, [000001F5CC72F600][000001F5BD8A8A40 49] iPadAir, [000001F5CC77B500][000001F5C9950B80 49] iPadAir2, [000001F5CC667800][000001F5C93C4DC0 49] IPadPro, [000001F5CC667900][000001F5C9974E00 49] iPadAir3, [000001F5CC778300][000001F5C946EF80 49] iPadAir4, [000001F5CC665000][000001F5C94D7100 49] iPadMini2, [000001F5CC779A00][000001F5C95AB280 49] iPadMini3, [000001F5CC666700][000001F5C95AF400 49] iPadMini4, [000001F5CC77B400][000001F5C95B3580 49] iPadMini5, [000001F5CC713100][000001F5C95BB840 49] iPhone6, [000001F5CC713200][000001F5C95B7880 49] iPodTouch6, [000001F5CC666100][000001F5C95C3B40 49] iPhone7, [000001F5CC666200][000001F5C95BFB80 49] iPodTouch7, [000001F5CC710F00][000001F5C95C6180 49] iPhone5S, [000001F5CC665C00][000001F5C95CA300 49] iPhone6Plus, [000001F5CC712800][000001F5C95CE480 49] iPhone6S, [000001F5CC666B00][000001F5C95D2600 49] iPhone6SPlus, [000001F5CC713F00][000001F5C95D6780 49] iPhone7Plus, [000001F5CC665F00][000001F5C95DA900 49] iPhoneSE, [000001F5CC711100][000001F5BD8D4A80 49] iPhone8, [000001F5CC665500][000001F5C946ABC0 49] iPhone8Plus, [000001F5CC710100][000001F5BD8D8D00 49] iPhoneX, [000001F5CC667600][000001F5BD8DCE40 49] iPhoneXS, [000001F5CC710800][000001F5BD8E0F80 49] iPhoneXSMax, [000001F5CC665B00][000001F5BD8E9100 49] iPhoneXR, [000001F5CC712D00][000001F5BD8ED280 49] iPhone11, [000001F5CC665400][000001F5BD8F1400 49] iPhone11Pro, [000001F5CC712400][000001F5BD8F5580 49] iPhone11ProMax, [000001F5CC664A00][000001F5BD8F9700 49] iPhoneSE2, [000001F5CC710C00][000001F5BD8FD880 49] iPhone12Mini, [000001F5CC664B00][000001F5BD901A00 49] iPhone12, [000001F5CC713900][000001F5BD905B80 49] iPhone12Pro, [000001F5CC667300][000001F5BD908180 49] iPhone12ProMax, [000001F5CC711200][000001F5BD90C300 49] iPadPro105, [000001F5CC667A00][000001F5BD910480 49] iPadPro129, [000001F5CC712600][000001F5BD914600 49] iPadPro97, [000001F5CC667100][000001F5BD918780 49] iPadPro2_129, [000001F5CC712A00][000001F5BD91C900 49] iPad5, [000001F5CC666400][000001F5BD920A80 49] iPad6, [000001F5CC711D00][000001F5BD924C00 49] iPad7, [000001F5CC666600][000001F5BD8E4D40 49] iPad8, [000001F5CC712300][000001F5BD928E80 49] iPadPro11, [000001F5CC664700][000001F5BD92CFC0 49] iPadPro2_11, [000001F5CC713700][000001F5C9DAD100 49] iPadPro3_129, [000001F5CC665200][000001F5C9DB5280 49] iPadPro4_129, [000001F5CC712B00][000001F5C9DB9400 49] AppleTV, [000001F5CC665A00][000001F5C9DBD580 49] AppleTV4K, [000001F5CC711500][000001F5C9DC1700 49] TVOS, [000001F5CC664D00][000001F5C9DC5880 49] Mac, [000001F5CC72DF00][000001F5C9DC9A00 49] MacClient, [000001F5CC7B5100][000001F5C9DCDB80 49] MacNoEditor, [000001F5CC72C100][000001F5C9DD0180 49] MacServer, [000001F5CC7B5C00][000001F5C9DD4300 49] Linux, [000001F5CC72CD00][000001F5C9DD8480 49] LinuxAArch64, [000001F5CC7B5800][000001F5C9DDC600 49] LinuxNoEditor, [000001F5CC72CE00][000001F5C9DE0780 49] LinuxAArch64NoEditor, [000001F5CC7B5900][000001F5C9DE4900 49] LinuxClient, [000001F5CC72EA00][000001F5C9DE8A80 49] LinuxAArch64Client, [000001F5CC7B4900][000001F5C9DECC00 49] LinuxServer, [000001F5CC72C200][000001F5C9DF0D80 49] LinuxAArch64Server, [000001F5CC7B4B00][000001F5C9DF4F00 49] Android, [000001F5CC72DA00][000001F5C9DB1040 49] Android_Low, [000001F5CC7B6100][000001F5C9DF9180 49] Android_Mid, [000001F5CC72D900][000001F5C9DFD2C0 49] Android_High, [000001F5CC7B5F00][000001F5C9A7B440 49] Android_Default, [000001F5CC72CA00][000001F5C9A7F5C0 49] Android_Adreno4xx, [000001F5CC7B5600][000001F5C9A83740 49] Android_Adreno5xx_Low, [000001F5CC72F900][000001F5C9A878C0 49] Android_Adreno5xx, [000001F5CC7B4C00][000001F5C9A8BA40 49] Android_Adreno6xx, [000001F5CC72D600][000001F5C9A8FBC0 49] Android_Adreno6xx_Vulkan, [000001F5CC7B4300][000001F5C9A921C0 49] Android_Mali_T6xx, [000001F5CC72E400][000001F5C9A96340 49] Android_Mali_T7xx, [000001F5CC7B6600][000001F5C9A9A4C0 49] Android_Mali_T8xx, [000001F5CC667F00][000001F5C9A9E640 49] Android_Mali_G71, [000001F5CC7B5D00][000001F5C9AA27C0 49] Android_Mali_G72, [000001F5CC664F00][000001F5C9AA6940 49] Android_Mali_G72_Vulkan, [000001F5CC7B4700][000001F5C9AAAAC0 49] Android_Mali_G76, [000001F5CC664400][000001F5C9AAEC40 49] Android_Mali_G76_Vulkan, [000001F5CC7B4A00][000001F5C9AB2DC0 49] Android_Mali_G77, [000001F5CC666000][000001F5C9AB6F40 49] Android_Mali_G77_Vulkan, [000001F5CC7B6200][000001F5C9ABB0C0 49] Android_Mali_G78, [000001F5CC665E00][000001F5C9A77200 49] Android_Mali_G78_Vulkan, [000001F5CC7B5E00][000001F5C9ABF340 49] Android_Mali_G710, [000001F5CC665700][000001F5C9AC3480 49] Android_Mali_G710_Vulkan, [000001F5CC7B4F00][000001F5C9AC75C0 49] Android_Vulkan_SM5, [000001F5CC664100][000001F5C9ACF740 49] Android_PowerVR_G6xxx, [000001F5CC7B4800][000001F5C9AD38C0 49] Android_PowerVR_GT7xxx, [000001F5CC667C00][000001F5C9AD7A40 49] Android_PowerVR_GE8xxx, [000001F5CC7B5000][000001F5C9AE3BC0 49] Android_PowerVR_GM9xxx, [000001F5CC664800][000001F5C9AE61C0 49] Android_PowerVR_GM9xxx_Vulkan, [000001F5CC7B5300][000001F5C9AEA340 49] Android_TegraK1, [000001F5CC664900][000001F5C9AEE4C0 49] Android_Unknown_Vulkan, [000001F5CC7B6300][000001F5C9AF2640 49] Lumin, [000001F5CC664500][000001F5C9AF67C0 49] Lumin_Desktop, [000001F5CC7B6D00][000001F5C9AFA940 49] HoloLens, 
[2022.05.21-12.53.29:868][  0]LogMeshReduction: Using QuadricMeshReduction for automatic static mesh reduction
[2022.05.21-12.53.29:868][  0]LogMeshReduction: Using SimplygonMeshReduction for automatic skeletal mesh reduction
[2022.05.21-12.53.29:868][  0]LogMeshReduction: Using ProxyLODMeshReduction for automatic mesh merging
[2022.05.21-12.53.29:868][  0]LogMeshReduction: No distributed automatic mesh merging module available
[2022.05.21-12.53.29:869][  0]LogMeshMerging: No distributed automatic mesh merging module available
[2022.05.21-12.53.29:943][  0]LogNetVersion: Cyberpunk2022 1.0.0, NetCL: 17155196, EngineNetVer: 17, GameNetVer: 0 (Checksum: 1028016206)
[2022.05.21-12.53.31:277][  0]LogMeshUtilities: Finished distance field build in 0.1s - 14x8x8 distance field, 4528 triangles, Range [-0.1, 0.6], MatineeCam_SM
[2022.05.21-12.53.31:277][  0]LogTexture: Default maximum texture size for cubemaps generated from long-lat sources has been changed from 512 to unlimited. In order to preserve old behaiour for '/Engine/MapTemplates/Sky/DaylightAmbientCubemap.DaylightAmbientCubemap', its maximum texture size has been explicitly set to 512.
[2022.05.21-12.53.31:432][  0]LogHMD: PokeAHoleMaterial loaded successfully
[2022.05.21-12.53.31:450][  0]LogUObjectArray: 17178 objects as part of root set at end of initial load.
[2022.05.21-12.53.31:450][  0]LogUObjectAllocator: 4302048 out of 0 bytes used by permanent object pool.
[2022.05.21-12.53.31:450][  0]LogUObjectArray: CloseDisregardForGC: 0/0 objects in disregard for GC pool
[2022.05.21-12.53.32:120][  0]LogNiagaraDebuggerClient: Niagara Debugger Client Initialized | Session: F580720548BD6619014C69BACAB342F2 | Instance: 717EE29442629A403F08DE8BB2C59163 (DESKTOP-EF74LAR-1780).
[2022.05.21-12.53.32:703][  0]LogMeshUtilities: Finished distance field build in 2.4s - 64x64x20 distance field, 2048 triangles, Range [-0.0, 1.0], PlanarReflectionPlane
[2022.05.21-12.53.32:703][  0]LogMeshUtilities: Discarded distance field for SplineEditorMesh as mesh was not closed!  Assign a two-sided material to fix.
[2022.05.21-12.53.32:703][  0]LogMeshUtilities: Finished distance field build in 0.1s - 15x15x8 distance field, 60 triangles, Range [-0.2, 1.0], SplineEditorMesh
[2022.05.21-12.53.32:703][  0]LogPython: Using Python 3.7.7
[2022.05.21-12.53.34:124][  0]LogTcpMessaging: Initializing TcpMessaging bridge
[2022.05.21-12.53.34:142][  0]LogUdpMessaging: Initializing bridge on interface 0.0.0.0:0 to multicast group 230.0.0.1:6666.
[2022.05.21-12.53.35:671][  0]LogBlueprint: Warning: [AssetLog] D:\UE4\test\WargamingAcademy\Cyberpunk2022\Content\FirstPersonCPP\UMGRadar\Widgets\RadarTargetWidgetComponent.uasset: [Compiler] The  Brush  is a Read Only property and can not be modified directly.
[2022.05.21-12.53.35:672][  0]LogBlueprint: Warning: [AssetLog] D:\UE4\test\WargamingAcademy\Cyberpunk2022\Content\FirstPersonCPP\UMGRadar\Widgets\RadarTargetWidgetComponent.uasset: [Compiler] The  Brush  is a Read Only property and can not be modified directly.
[2022.05.21-12.53.35:673][  0]LogBlueprint: Warning: [AssetLog] D:\UE4\test\WargamingAcademy\Cyberpunk2022\Content\FirstPersonCPP\UMGRadar\Widgets\RadarTargetWidgetComponent.uasset: [Compiler] The  Brush  is a Read Only property and can not be modified directly.
[2022.05.21-12.53.35:673][  0]LogBlueprint: Warning: [AssetLog] D:\UE4\test\WargamingAcademy\Cyberpunk2022\Content\FirstPersonCPP\UMGRadar\Widgets\RadarTargetWidgetComponent.uasset: [Compiler] The  Brush  is a Read Only property and can not be modified directly.
[2022.05.21-12.53.35:674][  0]LogBlueprint: Warning: [AssetLog] D:\UE4\test\WargamingAcademy\Cyberpunk2022\Content\FirstPersonCPP\UMGRadar\Widgets\RadarTargetWidgetComponent.uasset: [Compiler] The  Brush  is a Read Only property and can not be modified directly.
[2022.05.21-12.53.35:680][  0]LogBlueprint: Warning: [AssetLog] D:\UE4\test\WargamingAcademy\Cyberpunk2022\Content\FirstPersonCPP\UMGRadar\Widgets\RadarTargetWidgetComponent.uasset: [Compiler] The  Brush  is a Read Only property and can not be modified directly.
[2022.05.21-12.53.35:680][  0]LogBlueprint: Warning: [AssetLog] D:\UE4\test\WargamingAcademy\Cyberpunk2022\Content\FirstPersonCPP\UMGRadar\Widgets\RadarTargetWidgetComponent.uasset: [Compiler] The  Brush  is a Read Only property and can not be modified directly.
[2022.05.21-12.53.35:716][  0]LogBlueprint: Warning: [AssetLog] D:\UE4\test\WargamingAcademy\Cyberpunk2022\Content\FirstPersonCPP\UMGRadar\Widgets\UMGRadarWidgetComponent.uasset: [Compiler] The  Brush  is a Read Only property and can not be modified directly.
[2022.05.21-12.53.35:716][  0]LogBlueprint: Warning: [AssetLog] D:\UE4\test\WargamingAcademy\Cyberpunk2022\Content\FirstPersonCPP\UMGRadar\Widgets\UMGRadarWidgetComponent.uasset: [Compiler] The  Brush  is a Read Only property and can not be modified directly.
[2022.05.21-12.53.35:717][  0]LogBlueprint: Warning: [AssetLog] D:\UE4\test\WargamingAcademy\Cyberpunk2022\Content\FirstPersonCPP\UMGRadar\Widgets\UMGRadarWidgetComponent.uasset: [Compiler] The  Brush  is a Read Only property and can not be modified directly.
[2022.05.21-12.53.35:835][  0]LogBlueprint: Warning: [AssetLog] D:\UE4\test\WargamingAcademy\Cyberpunk2022\Content\FirstPersonCPP\Blueprints\FirstPersonCharacter.uasset: [Compiler] Get Input Axis references unknown Axis 'Turn' for  Get Turn
[2022.05.21-12.53.35:836][  0]LogBlueprint: Warning: [AssetLog] D:\UE4\test\WargamingAcademy\Cyberpunk2022\Content\FirstPersonCPP\Blueprints\FirstPersonCharacter.uasset: [Compiler] Get Input Axis references unknown Axis 'LookUp' for  Get LookUp
