Log file open, 03/14/22 17:58:56
LogWindows: Failed to load 'aqProf.dll' (GetLastError=126)
LogWindows: File 'aqProf.dll' does not exist
LogWindows: Failed to load 'VtuneApi.dll' (GetLastError=126)
LogWindows: File 'VtuneApi.dll' does not exist
LogWindows: Failed to load 'VtuneApi32e.dll' (GetLastError=126)
LogWindows: File 'VtuneApi32e.dll' does not exist
LogConsoleResponse: Display: Failed to find resolution value strings in scalability ini. Falling back to default.
LogConsoleResponse: Display: Failed to find resolution value strings in scalability ini. Falling back to default.
LogInit: Display: Running engine for game: Cyberpunk2022
LogPlatformFile: Not using cached read wrapper
LogTaskGraph: Started task graph with 5 named threads and 35 total threads with 3 sets of task threads.
LogStats: Stats thread started at 1.174881
LogICUInternationalization: ICU TimeZone Detection - Raw Offset: +3:00, Platform Override: ''
LogInit: Display: Loading text-based GConfig....
LogPluginManager: Mounting plugin MeshPainting
LogPluginManager: Mounting plugin XGEController
LogPluginManager: Mounting plugin LiveLink
LogPluginManager: Mounting plugin Paper2D
LogPluginManager: Mounting plugin AISupport
LogPluginManager: Mounting plugin EnvironmentQueryEditor
LogPluginManager: Mounting plugin LightPropagationVolume
LogPluginManager: Mounting plugin OodleNetwork
LogPluginManager: Mounting plugin CameraShakePreviewer
LogPluginManager: Mounting plugin OodleData
LogPluginManager: Mounting plugin GameplayCameras
LogPluginManager: Mounting plugin DatasmithContent
LogPluginManager: Mounting plugin VariantManagerContent
LogPluginManager: Mounting plugin CryptoKeys
LogPluginManager: Mounting plugin AssetManagerEditor
LogPluginManager: Mounting plugin CurveEditorTools
LogPluginManager: Mounting plugin DataValidation
LogPluginManager: Mounting plugin FacialAnimation
LogPluginManager: Mounting plugin GameplayTagsEditor
LogPluginManager: Mounting plugin GeometryMode
LogPluginManager: Mounting plugin MacGraphicsSwitching
LogPluginManager: Mounting plugin MaterialAnalyzer
LogPluginManager: Mounting plugin MobileLauncherProfileWizard
LogPluginManager: Mounting plugin PluginBrowser
LogPluginManager: Mounting plugin Niagara
LogPluginManager: Mounting plugin AlembicImporter
LogPluginManager: Mounting plugin AutomationUtils
LogPluginManager: Mounting plugin BackChannel
LogPluginManager: Mounting plugin ChaosCloth
LogPluginManager: Mounting plugin ChaosClothEditor
LogPluginManager: Mounting plugin SpeedTreeImporter
LogPluginManager: Mounting plugin ChaosEditor
LogPluginManager: Mounting plugin ChaosNiagara
LogPluginManager: Mounting plugin LuminPlatformFeatures
LogPluginManager: Mounting plugin MagicLeap
LogPluginManager: Mounting plugin ChaosSolverPlugin
LogPluginManager: Mounting plugin MagicLeapLightEstimation
LogPluginManager: Mounting plugin MagicLeapMedia
LogPluginManager: Mounting plugin MagicLeapPassableWorld
LogPluginManager: Mounting plugin MLSDK
LogPluginManager: Mounting plugin CharacterAI
LogPluginManager: Mounting plugin GeometryCache
LogPluginManager: Mounting plugin GeometryCollectionPlugin
LogPluginManager: Mounting plugin TcpMessaging
LogPluginManager: Mounting plugin UdpMessaging
LogPluginManager: Mounting plugin GeometryProcessing
LogPluginManager: Mounting plugin MotoSynth
LogPluginManager: Mounting plugin OpenImageDenoise
LogPluginManager: Mounting plugin ActorSequence
LogPluginManager: Mounting plugin PlanarCut
LogPluginManager: Mounting plugin PlatformCrypto
LogPluginManager: Mounting plugin ProxyLODPlugin
LogPluginManager: Mounting plugin LevelSequenceEditor
LogPluginManager: Mounting plugin MatineeToLevelSequence
LogPluginManager: Mounting plugin PythonScriptPlugin
LogPluginManager: Mounting plugin TemplateSequence
LogPluginManager: Mounting plugin SkeletalReduction
LogPluginManager: Mounting plugin LauncherChunkInstaller
LogPluginManager: Mounting plugin ActorLayerUtilities
LogPluginManager: Mounting plugin AndroidDeviceProfileSelector
LogPluginManager: Mounting plugin AndroidMoviePlayer
LogPluginManager: Mounting plugin AndroidPermission
LogPluginManager: Mounting plugin AndroidMedia
LogPluginManager: Mounting plugin AvfMedia
LogPluginManager: Mounting plugin AppleImageUtils
LogPluginManager: Mounting plugin AppleMoviePlayer
LogPluginManager: Mounting plugin AssetTags
LogPluginManager: Mounting plugin ArchVisCharacter
LogPluginManager: Mounting plugin AudioCapture
LogPluginManager: Mounting plugin AudioSynesthesia
LogPluginManager: Mounting plugin CableComponent
LogPluginManager: Mounting plugin ChunkDownloader
LogPluginManager: Mounting plugin CustomMeshComponent
LogPluginManager: Mounting plugin EditableMesh
LogPluginManager: Mounting plugin ImgMedia
LogPluginManager: Mounting plugin ExampleDeviceProfileSelector
LogPluginManager: Mounting plugin GoogleCloudMessaging
LogPluginManager: Mounting plugin MediaCompositing
LogPluginManager: Mounting plugin GooglePAD
LogPluginManager: Mounting plugin MediaPlayerEditor
LogPluginManager: Mounting plugin IOSDeviceProfileSelector
LogPluginManager: Mounting plugin WebMMedia
LogPluginManager: Mounting plugin LinuxDeviceProfileSelector
LogPluginManager: Mounting plugin WmfMedia
LogPluginManager: Mounting plugin LocationServicesBPLibrary
LogPluginManager: Mounting plugin MobilePatchingUtils
LogPluginManager: Mounting plugin OpenXR
LogPluginManager: Mounting plugin OpenXREyeTracker
LogPluginManager: Mounting plugin OpenXRHandTracking
LogPluginManager: Mounting plugin PhysXVehicles
LogPluginManager: Mounting plugin ProceduralMeshComponent
LogPluginManager: Mounting plugin PostSplashScreen
LogPluginManager: Mounting plugin PropertyAccessEditor
LogPluginManager: Mounting plugin SignificanceManager
LogPluginManager: Mounting plugin RuntimePhysXCooking
LogPluginManager: Mounting plugin SoundFields
LogPluginManager: Mounting plugin Synthesis
LogPluginManager: Mounting plugin WebMMoviePlayer
LogPluginManager: Mounting plugin OnlineSubsystem
LogPluginManager: Mounting plugin WindowsMoviePlayer
LogPluginManager: Mounting plugin ScreenshotTools
LogPluginManager: Mounting plugin OnlineSubsystemNull
LogPluginManager: Mounting plugin OnlineSubsystemUtils
LogPluginManager: Mounting plugin Takes
LogPluginManager: Mounting plugin AnimationSharing
LogPluginManager: Mounting plugin CodeLiteSourceCodeAccess
LogPluginManager: Mounting plugin KDevelopSourceCodeAccess
LogPluginManager: Mounting plugin CLionSourceCodeAccess
LogPluginManager: Mounting plugin NullSourceCodeAccess
LogPluginManager: Mounting plugin PerforceSourceControl
LogPluginManager: Mounting plugin PixWinPlugin
LogPluginManager: Mounting plugin PluginUtils
LogPluginManager: Mounting plugin PropertyAccessNode
LogPluginManager: Mounting plugin PlasticSourceControl
LogPluginManager: Mounting plugin RiderSourceCodeAccess
LogPluginManager: Mounting plugin SubversionSourceControl
LogPluginManager: Mounting plugin TextureFormatOodle
LogPluginManager: Mounting plugin UObjectPlugin
LogPluginManager: Mounting plugin VisualStudioSourceCodeAccess
LogPluginManager: Mounting plugin VisualStudioCodeSourceCodeAccess
LogPluginManager: Mounting plugin XCodeSourceCodeAccess
LogPluginManager: Mounting plugin GitSourceControl
LogPluginManager: Mounting plugin ContentBrowserAssetDataSource
LogPluginManager: Mounting plugin ContentBrowserFileDataSource
LogPluginManager: Mounting plugin ContentBrowserClassDataSource
LogPluginManager: Mounting plugin OculusVR
LogPluginManager: Mounting plugin SteamVR
LogPluginManager: Mounting plugin OnlineSubsystemGooglePlay
LogPluginManager: Mounting plugin OnlineSubsystemIOS
LogInit: Using libcurl 7.55.1-DEV
LogInit:  - built for x86_64-pc-win32
LogInit:  - supports SSL with OpenSSL/1.1.1
LogInit:  - supports HTTP deflate (compression) using libz 1.2.8
LogInit:  - other features:
LogInit:      CURL_VERSION_SSL
LogInit:      CURL_VERSION_LIBZ
LogInit:      CURL_VERSION_IPV6
LogInit:      CURL_VERSION_ASYNCHDNS
LogInit:      CURL_VERSION_LARGEFILE
LogInit:      CURL_VERSION_IDN
LogInit:  CurlRequestOptions (configurable via config and command line):
LogInit:  - bVerifyPeer = true  - Libcurl will verify peer certificate
LogInit:  - bUseHttpProxy = false  - Libcurl will NOT use HTTP proxy
LogInit:  - bDontReuseConnections = false  - Libcurl will reuse connections
LogInit:  - MaxHostConnections = 16  - Libcurl will limit the number of connections to a host
LogInit:  - LocalHostAddr = Default
LogInit:  - BufferSize = 65536
LogOnline: OSS: Creating online subsystem instance for: NULL
LogInit: WinSock: version 1.1 (2.2), MaxSocks=32767, MaxUdp=65467
LogOnline: OSS: TryLoadSubsystemAndSetDefault: Loaded subsystem for module [NULL]
PixWinPlugin: PIX capture plugin failed to initialize! Check that the process is launched from PIX.
LogOculusPluginWrapper: OculusPlugin initialized successfully
LogHMD: Failed initializing OVRPlugin 1.59.0
LogInit: Build: ++UE4+Release-4.27-CL-18319896
LogInit: Engine Version: 4.27.2-18319896+++UE4+Release-4.27
LogInit: Compatible Engine Version: 4.27.0-17155196+++UE4+Release-4.27
LogInit: Net CL: 17155196
LogInit: OS: Windows 10 (Release 2009) (), CPU: AMD Ryzen 5 5600H with Radeon Graphics         , GPU: AMD Radeon(TM) Graphics
LogInit: Compiled (64-bit): Nov 30 2021 07:12:08
LogInit: Compiled with Visual C++: 19.24.28315.00
LogInit: Build Configuration: Development
LogInit: Branch Name: ++UE4+Release-4.27
LogInit: Command Line:  -skipcompile
LogInit: Base Directory: E:/UE4/UE_4.27/Engine/Binaries/Win64/
LogInit: Allocator: TBB
LogInit: Installed Engine Build: 1
LogDevObjectVersion: Number of dev versions registered: 29
LogDevObjectVersion:   Dev-Blueprints (B0D832E4-1F89-4F0D-ACCF-7EB736FD4AA2): 10
LogDevObjectVersion:   Dev-Build (E1C64328-A22C-4D53-A36C-8E866417BD8C): 0
LogDevObjectVersion:   Dev-Core (375EC13C-06E4-48FB-B500-84F0262A717E): 4
LogDevObjectVersion:   Dev-Editor (E4B068ED-F494-42E9-A231-DA0B2E46BB41): 40
LogDevObjectVersion:   Dev-Framework (CFFC743F-43B0-4480-9391-14DF171D2073): 37
LogDevObjectVersion:   Dev-Mobile (B02B49B5-BB20-44E9-A304-32B752E40360): 3
LogDevObjectVersion:   Dev-Networking (A4E4105C-59A1-49B5-A7C5-40C4547EDFEE): 0
LogDevObjectVersion:   Dev-Online (39C831C9-5AE6-47DC-9A44-9C173E1C8E7C): 0
LogDevObjectVersion:   Dev-Physics (78F01B33-EBEA-4F98-B9B4-84EACCB95AA2): 14
LogDevObjectVersion:   Dev-Platform (6631380F-2D4D-43E0-8009-CF276956A95A): 0
LogDevObjectVersion:   Dev-Rendering (12F88B9F-8875-4AFC-A67C-D90C383ABD29): 45
LogDevObjectVersion:   Dev-Sequencer (7B5AE74C-D270-4C10-A958-57980B212A5A): 13
LogDevObjectVersion:   Dev-VR (D7296918-1DD6-4BDD-9DE2-64A83CC13884): 3
LogDevObjectVersion:   Dev-LoadTimes (C2A15278-BFE7-4AFE-6C17-90FF531DF755): 1
LogDevObjectVersion:   Private-Geometry (6EACA3D4-40EC-4CC1-B786-8BED09428FC5): 3
LogDevObjectVersion:   Dev-AnimPhys (29E575DD-E0A3-4627-9D10-D276232CDCEA): 17
LogDevObjectVersion:   Dev-Anim (AF43A65D-7FD3-4947-9873-3E8ED9C1BB05): 15
LogDevObjectVersion:   Dev-ReflectionCapture (6B266CEC-1EC7-4B8F-A30B-E4D90942FC07): 1
LogDevObjectVersion:   Dev-Automation (0DF73D61-A23F-47EA-B727-89E90C41499A): 1
LogDevObjectVersion:   FortniteMain (601D1886-AC64-4F84-AA16-D3DE0DEAC7D6): 47
LogDevObjectVersion:   FortniteRelease (E7086368-6B23-4C58-8439-1B7016265E91): 1
LogDevObjectVersion:   Dev-Enterprise (9DFFBCD6-494F-0158-E221-12823C92A888): 10
LogDevObjectVersion:   Dev-Niagara (F2AED0AC-9AFE-416F-8664-AA7FFA26D6FC): 1
LogDevObjectVersion:   Dev-Destruction (174F1F0B-B4C6-45A5-B13F-2EE8D0FB917D): 10
LogDevObjectVersion:   Dev-Physics-Ext (35F94A83-E258-406C-A318-09F59610247C): 41
LogDevObjectVersion:   Dev-PhysicsMaterial-Chaos (B68FC16E-8B1B-42E2-B453-215C058844FE): 1
LogDevObjectVersion:   Dev-CineCamera (B2E18506-4273-CFC2-A54E-F4BB758BBA07): 1
LogDevObjectVersion:   Dev-VirtualProduction (64F58936-FD1B-42BA-BA96-7289D5D0FA4E): 1
LogDevObjectVersion:   Dev-MediaFramework (6F0ED827-A609-4895-9C91-998D90180EA4): 2
LogInit: Presizing for max 25165824 objects, including 0 objects not considered by GC, pre-allocating 0 bytes for permanent pool.
LogConfig: Applying CVar settings from Section [/Script/Engine.StreamingSettings] File [E:/UE4/Projects/WargamingAcademy/Cyberpunk2022/Saved/Config/Windows/Engine.ini]
LogConfig: Setting CVar [[s.MinBulkDataSizeForAsyncLoading:131072]]
LogConfig: Setting CVar [[s.AsyncLoadingThreadEnabled:0]]
LogConfig: Setting CVar [[s.EventDrivenLoaderEnabled:1]]
LogConfig: Setting CVar [[s.WarnIfTimeLimitExceeded:0]]
LogConfig: Setting CVar [[s.TimeLimitExceededMultiplier:1.5]]
LogConfig: Setting CVar [[s.TimeLimitExceededMinTime:0.005]]
LogConfig: Setting CVar [[s.UseBackgroundLevelStreaming:1]]
LogConfig: Setting CVar [[s.PriorityAsyncLoadingExtraTime:15.0]]
LogConfig: Setting CVar [[s.LevelStreamingActorsUpdateTimeLimit:5.0]]
LogConfig: Setting CVar [[s.PriorityLevelStreamingActorsUpdateExtraTime:5.0]]
LogConfig: Setting CVar [[s.LevelStreamingComponentsRegistrationGranularity:10]]
LogConfig: Setting CVar [[s.UnregisterComponentsTimeLimit:1.0]]
LogConfig: Setting CVar [[s.LevelStreamingComponentsUnregistrationGranularity:5]]
LogConfig: Setting CVar [[s.FlushStreamingOnExit:1]]
LogInit: Object subsystem initialized
LogConfig: Setting CVar [[con.DebugEarlyDefault:1]]
LogConfig: Setting CVar [[r.setres:1280x720]]
[2022.03.14-14.58.58:023][  0]LogConfig: Setting CVar [[r.VSync:0]]
[2022.03.14-14.58.58:023][  0]LogConfig: Setting CVar [[r.RHICmdBypass:0]]
[2022.03.14-14.58.58:024][  0]LogConfig: Applying CVar settings from Section [/Script/Engine.RendererSettings] File [E:/UE4/Projects/WargamingAcademy/Cyberpunk2022/Saved/Config/Windows/Engine.ini]
[2022.03.14-14.58.58:024][  0]LogConfig: Setting CVar [[r.GPUCrashDebugging:0]]
[2022.03.14-14.58.58:024][  0]LogConfig: Setting CVar [[r.DefaultFeature.MotionBlur:0]]
[2022.03.14-14.58.58:024][  0]LogConfig: Applying CVar settings from Section [/Script/Engine.RendererOverrideSettings] File [E:/UE4/Projects/WargamingAcademy/Cyberpunk2022/Saved/Config/Windows/Engine.ini]
[2022.03.14-14.58.58:024][  0]LogConfig: Applying CVar settings from Section [/Script/Engine.StreamingSettings] File [E:/UE4/Projects/WargamingAcademy/Cyberpunk2022/Saved/Config/Windows/Engine.ini]
[2022.03.14-14.58.58:024][  0]LogConfig: Setting CVar [[s.MinBulkDataSizeForAsyncLoading:131072]]
[2022.03.14-14.58.58:024][  0]LogConfig: Setting CVar [[s.AsyncLoadingThreadEnabled:0]]
[2022.03.14-14.58.58:024][  0]LogConfig: Setting CVar [[s.EventDrivenLoaderEnabled:1]]
[2022.03.14-14.58.58:024][  0]LogConfig: Setting CVar [[s.WarnIfTimeLimitExceeded:0]]
[2022.03.14-14.58.58:024][  0]LogConfig: Setting CVar [[s.TimeLimitExceededMultiplier:1.5]]
[2022.03.14-14.58.58:024][  0]LogConfig: Setting CVar [[s.TimeLimitExceededMinTime:0.005]]
[2022.03.14-14.58.58:024][  0]LogConfig: Setting CVar [[s.UseBackgroundLevelStreaming:1]]
[2022.03.14-14.58.58:024][  0]LogConfig: Setting CVar [[s.PriorityAsyncLoadingExtraTime:15.0]]
[2022.03.14-14.58.58:024][  0]LogConfig: Setting CVar [[s.LevelStreamingActorsUpdateTimeLimit:5.0]]
[2022.03.14-14.58.58:025][  0]LogConfig: Setting CVar [[s.PriorityLevelStreamingActorsUpdateExtraTime:5.0]]
[2022.03.14-14.58.58:025][  0]LogConfig: Setting CVar [[s.LevelStreamingComponentsRegistrationGranularity:10]]
[2022.03.14-14.58.58:025][  0]LogConfig: Setting CVar [[s.UnregisterComponentsTimeLimit:1.0]]
[2022.03.14-14.58.58:025][  0]LogConfig: Setting CVar [[s.LevelStreamingComponentsUnregistrationGranularity:5]]
[2022.03.14-14.58.58:025][  0]LogConfig: Setting CVar [[s.FlushStreamingOnExit:1]]
[2022.03.14-14.58.58:025][  0]LogConfig: Applying CVar settings from Section [/Script/Engine.GarbageCollectionSettings] File [E:/UE4/Projects/WargamingAcademy/Cyberpunk2022/Saved/Config/Windows/Engine.ini]
[2022.03.14-14.58.58:025][  0]LogConfig: Setting CVar [[gc.MaxObjectsNotConsideredByGC:1]]
[2022.03.14-14.58.58:025][  0]LogConfig: Setting CVar [[gc.SizeOfPermanentObjectPool:0]]
[2022.03.14-14.58.58:025][  0]LogConfig: Setting CVar [[gc.FlushStreamingOnGC:0]]
[2022.03.14-14.58.58:025][  0]LogConfig: Setting CVar [[gc.NumRetriesBeforeForcingGC:10]]
[2022.03.14-14.58.58:025][  0]LogConfig: Setting CVar [[gc.AllowParallelGC:1]]
[2022.03.14-14.58.58:025][  0]LogConfig: Setting CVar [[gc.TimeBetweenPurgingPendingKillObjects:61.1]]
[2022.03.14-14.58.58:025][  0]LogConfig: Setting CVar [[gc.MaxObjectsInEditor:25165824]]
[2022.03.14-14.58.58:025][  0]LogConfig: Setting CVar [[gc.IncrementalBeginDestroyEnabled:1]]
[2022.03.14-14.58.58:025][  0]LogConfig: Setting CVar [[gc.CreateGCClusters:1]]
[2022.03.14-14.58.58:025][  0]LogConfig: Setting CVar [[gc.MinGCClusterSize:5]]
[2022.03.14-14.58.58:025][  0]LogConfig: Setting CVar [[gc.ActorClusteringEnabled:0]]
[2022.03.14-14.58.58:025][  0]LogConfig: Setting CVar [[gc.BlueprintClusteringEnabled:0]]
[2022.03.14-14.58.58:025][  0]LogConfig: Setting CVar [[gc.UseDisregardForGCOnDedicatedServers:0]]
[2022.03.14-14.58.58:025][  0]LogConfig: Setting CVar [[gc.MultithreadedDestructionEnabled:1]]
[2022.03.14-14.58.58:025][  0]LogConfig: Applying CVar settings from Section [/Script/Engine.NetworkSettings] File [E:/UE4/Projects/WargamingAcademy/Cyberpunk2022/Saved/Config/Windows/Engine.ini]
[2022.03.14-14.58.58:025][  0]LogConfig: Applying CVar settings from Section [/Script/UnrealEd.CookerSettings] File [E:/UE4/Projects/WargamingAcademy/Cyberpunk2022/Saved/Config/Windows/Engine.ini]
[2022.03.14-14.58.58:038][  0]LogConfig: Applying CVar settings from Section [ViewDistanceQuality@3] File [E:/UE4/Projects/WargamingAcademy/Cyberpunk2022/Saved/Config/Windows/Scalability.ini]
[2022.03.14-14.58.58:038][  0]LogConfig: Setting CVar [[r.SkeletalMeshLODBias:0]]
[2022.03.14-14.58.58:038][  0]LogConfig: Setting CVar [[r.ViewDistanceScale:1.0]]
[2022.03.14-14.58.58:039][  0]LogConfig: Applying CVar settings from Section [AntiAliasingQuality@3] File [E:/UE4/Projects/WargamingAcademy/Cyberpunk2022/Saved/Config/Windows/Scalability.ini]
[2022.03.14-14.58.58:039][  0]LogConfig: Setting CVar [[r.PostProcessAAQuality:4]]
[2022.03.14-14.58.58:039][  0]LogConfig: Applying CVar settings from Section [ShadowQuality@3] File [E:/UE4/Projects/WargamingAcademy/Cyberpunk2022/Saved/Config/Windows/Scalability.ini]
[2022.03.14-14.58.58:039][  0]LogConfig: Setting CVar [[r.LightFunctionQuality:1]]
[2022.03.14-14.58.58:039][  0]LogConfig: Setting CVar [[r.ShadowQuality:5]]
[2022.03.14-14.58.58:039][  0]LogConfig: Setting CVar [[r.Shadow.CSM.MaxCascades:10]]
[2022.03.14-14.58.58:039][  0]LogConfig: Setting CVar [[r.Shadow.MaxResolution:2048]]
[2022.03.14-14.58.58:039][  0]LogConfig: Setting CVar [[r.Shadow.MaxCSMResolution:2048]]
[2022.03.14-14.58.58:039][  0]LogConfig: Setting CVar [[r.Shadow.RadiusThreshold:0.01]]
[2022.03.14-14.58.58:039][  0]LogConfig: Setting CVar [[r.Shadow.DistanceScale:1.0]]
[2022.03.14-14.58.58:039][  0]LogConfig: Setting CVar [[r.Shadow.CSM.TransitionScale:1.0]]
[2022.03.14-14.58.58:039][  0]LogConfig: Setting CVar [[r.Shadow.PreShadowResolutionFactor:1.0]]
[2022.03.14-14.58.58:039][  0]LogConfig: Setting CVar [[r.DistanceFieldShadowing:1]]
[2022.03.14-14.58.58:039][  0]LogConfig: Setting CVar [[r.DistanceFieldAO:1]]
[2022.03.14-14.58.58:039][  0]LogConfig: Setting CVar [[r.AOQuality:2]]
[2022.03.14-14.58.58:039][  0]LogConfig: Setting CVar [[r.VolumetricFog:1]]
[2022.03.14-14.58.58:039][  0]LogConfig: Setting CVar [[r.VolumetricFog.GridPixelSize:8]]
[2022.03.14-14.58.58:039][  0]LogConfig: Setting CVar [[r.VolumetricFog.GridSizeZ:128]]
[2022.03.14-14.58.58:039][  0]LogConfig: Setting CVar [[r.VolumetricFog.HistoryMissSupersampleCount:4]]
[2022.03.14-14.58.58:039][  0]LogConfig: Setting CVar [[r.LightMaxDrawDistanceScale:1]]
[2022.03.14-14.58.58:039][  0]LogConfig: Setting CVar [[r.CapsuleShadows:1]]
[2022.03.14-14.58.58:039][  0]LogConfig: Applying CVar settings from Section [PostProcessQuality@3] File [E:/UE4/Projects/WargamingAcademy/Cyberpunk2022/Saved/Config/Windows/Scalability.ini]
[2022.03.14-14.58.58:039][  0]LogConfig: Setting CVar [[r.MotionBlurQuality:4]]
[2022.03.14-14.58.58:039][  0]LogConfig: Setting CVar [[r.AmbientOcclusionMipLevelFactor:0.4]]
[2022.03.14-14.58.58:039][  0]LogConfig: Setting CVar [[r.AmbientOcclusionMaxQuality:100]]
[2022.03.14-14.58.58:040][  0]LogConfig: Setting CVar [[r.AmbientOcclusionLevels:-1]]
[2022.03.14-14.58.58:040][  0]LogConfig: Setting CVar [[r.AmbientOcclusionRadiusScale:1.0]]
[2022.03.14-14.58.58:040][  0]LogConfig: Setting CVar [[r.DepthOfFieldQuality:2]]
[2022.03.14-14.58.58:040][  0]LogConfig: Setting CVar [[r.RenderTargetPoolMin:400]]
[2022.03.14-14.58.58:040][  0]LogConfig: Setting CVar [[r.LensFlareQuality:2]]
[2022.03.14-14.58.58:040][  0]LogConfig: Setting CVar [[r.SceneColorFringeQuality:1]]
[2022.03.14-14.58.58:040][  0]LogConfig: Setting CVar [[r.EyeAdaptationQuality:2]]
[2022.03.14-14.58.58:040][  0]LogConfig: Setting CVar [[r.BloomQuality:5]]
[2022.03.14-14.58.58:040][  0]LogConfig: Setting CVar [[r.FastBlurThreshold:100]]
[2022.03.14-14.58.58:040][  0]LogConfig: Setting CVar [[r.Upscale.Quality:3]]
[2022.03.14-14.58.58:040][  0]LogConfig: Setting CVar [[r.Tonemapper.GrainQuantization:1]]
[2022.03.14-14.58.58:040][  0]LogConfig: Setting CVar [[r.LightShaftQuality:1]]
[2022.03.14-14.58.58:040][  0]LogConfig: Setting CVar [[r.Filter.SizeScale:1]]
[2022.03.14-14.58.58:040][  0]LogConfig: Setting CVar [[r.Tonemapper.Quality:5]]
[2022.03.14-14.58.58:040][  0]LogConfig: Setting CVar [[r.DOF.Gather.AccumulatorQuality:1        ; higher gathering accumulator quality]]
[2022.03.14-14.58.58:040][  0]LogConfig: Setting CVar [[r.DOF.Gather.PostfilterMethod:1          ; Median3x3 postfilering method]]
[2022.03.14-14.58.58:040][  0]LogConfig: Setting CVar [[r.DOF.Gather.EnableBokehSettings:0       ; no bokeh simulation when gathering]]
[2022.03.14-14.58.58:040][  0]LogConfig: Setting CVar [[r.DOF.Gather.RingCount:4                 ; medium number of samples when gathering]]
[2022.03.14-14.58.58:040][  0]LogConfig: Setting CVar [[r.DOF.Scatter.ForegroundCompositing:1    ; additive foreground scattering]]
[2022.03.14-14.58.58:040][  0]LogConfig: Setting CVar [[r.DOF.Scatter.BackgroundCompositing:2    ; additive background scattering]]
[2022.03.14-14.58.58:040][  0]LogConfig: Setting CVar [[r.DOF.Scatter.EnableBokehSettings:1      ; bokeh simulation when scattering]]
[2022.03.14-14.58.58:040][  0]LogConfig: Setting CVar [[r.DOF.Scatter.MaxSpriteRatio:0.1         ; only a maximum of 10% of scattered bokeh]]
[2022.03.14-14.58.58:040][  0]LogConfig: Setting CVar [[r.DOF.Recombine.Quality:1                ; cheap slight out of focus]]
[2022.03.14-14.58.58:040][  0]LogConfig: Setting CVar [[r.DOF.Recombine.EnableBokehSettings:0    ; no bokeh simulation on slight out of focus]]
[2022.03.14-14.58.58:040][  0]LogConfig: Setting CVar [[r.DOF.TemporalAAQuality:1                ; more stable temporal accumulation]]
[2022.03.14-14.58.58:041][  0]LogConfig: Setting CVar [[r.DOF.Kernel.MaxForegroundRadius:0.025]]
[2022.03.14-14.58.58:041][  0]LogConfig: Setting CVar [[r.DOF.Kernel.MaxBackgroundRadius:0.025]]
[2022.03.14-14.58.58:041][  0]LogConfig: Applying CVar settings from Section [TextureQuality@3] File [E:/UE4/Projects/WargamingAcademy/Cyberpunk2022/Saved/Config/Windows/Scalability.ini]
[2022.03.14-14.58.58:041][  0]LogConfig: Setting CVar [[r.Streaming.MipBias:0]]
[2022.03.14-14.58.58:041][  0]LogConfig: Setting CVar [[r.Streaming.AmortizeCPUToGPUCopy:0]]
[2022.03.14-14.58.58:041][  0]LogConfig: Setting CVar [[r.Streaming.MaxNumTexturesToStreamPerFrame:0]]
[2022.03.14-14.58.58:041][  0]LogConfig: Setting CVar [[r.Streaming.Boost:1]]
[2022.03.14-14.58.58:041][  0]LogConfig: Setting CVar [[r.MaxAnisotropy:8]]
[2022.03.14-14.58.58:041][  0]LogConfig: Setting CVar [[r.VT.MaxAnisotropy:8]]
[2022.03.14-14.58.58:041][  0]LogConfig: Setting CVar [[r.Streaming.LimitPoolSizeToVRAM:0]]
[2022.03.14-14.58.58:041][  0]LogConfig: Setting CVar [[r.Streaming.PoolSize:1000]]
[2022.03.14-14.58.58:041][  0]LogConfig: Setting CVar [[r.Streaming.MaxEffectiveScreenSize:0]]
[2022.03.14-14.58.58:041][  0]LogConfig: Applying CVar settings from Section [EffectsQuality@3] File [E:/UE4/Projects/WargamingAcademy/Cyberpunk2022/Saved/Config/Windows/Scalability.ini]
[2022.03.14-14.58.58:041][  0]LogConfig: Setting CVar [[r.TranslucencyLightingVolumeDim:64]]
[2022.03.14-14.58.58:041][  0]LogConfig: Setting CVar [[r.RefractionQuality:2]]
[2022.03.14-14.58.58:041][  0]LogConfig: Setting CVar [[r.SSR.Quality:3]]
[2022.03.14-14.58.58:041][  0]LogConfig: Setting CVar [[r.SSR.HalfResSceneColor:0]]
[2022.03.14-14.58.58:041][  0]LogConfig: Setting CVar [[r.SceneColorFormat:4]]
[2022.03.14-14.58.58:041][  0]LogConfig: Setting CVar [[r.DetailMode:2]]
[2022.03.14-14.58.58:041][  0]LogConfig: Setting CVar [[r.TranslucencyVolumeBlur:1]]
[2022.03.14-14.58.58:041][  0]LogConfig: Setting CVar [[r.MaterialQualityLevel:1 ; High quality]]
[2022.03.14-14.58.58:041][  0]LogConfig: Setting CVar [[r.AnisotropicMaterials:1]]
[2022.03.14-14.58.58:041][  0]LogConfig: Setting CVar [[r.SSS.Scale:1]]
[2022.03.14-14.58.58:041][  0]LogConfig: Setting CVar [[r.SSS.SampleSet:2]]
[2022.03.14-14.58.58:041][  0]LogConfig: Setting CVar [[r.SSS.Quality:1]]
[2022.03.14-14.58.58:042][  0]LogConfig: Setting CVar [[r.SSS.HalfRes:0]]
[2022.03.14-14.58.58:042][  0]LogConfig: Setting CVar [[r.SSGI.Quality:3]]
[2022.03.14-14.58.58:042][  0]LogConfig: Setting CVar [[r.EmitterSpawnRateScale:1.0]]
[2022.03.14-14.58.58:042][  0]LogConfig: Setting CVar [[r.ParticleLightQuality:2]]
[2022.03.14-14.58.58:042][  0]LogConfig: Setting CVar [[r.SkyAtmosphere.AerialPerspectiveLUT.FastApplyOnOpaque:1 ; Always have FastSkyLUT 1 in this case to avoid wrong sky]]
[2022.03.14-14.58.58:042][  0]LogConfig: Setting CVar [[r.SkyAtmosphere.AerialPerspectiveLUT.SampleCountMaxPerSlice:4]]
[2022.03.14-14.58.58:042][  0]LogConfig: Setting CVar [[r.SkyAtmosphere.AerialPerspectiveLUT.DepthResolution:16.0]]
[2022.03.14-14.58.58:042][  0]LogConfig: Setting CVar [[r.SkyAtmosphere.FastSkyLUT:1]]
[2022.03.14-14.58.58:042][  0]LogConfig: Setting CVar [[r.SkyAtmosphere.FastSkyLUT.SampleCountMin:4.0]]
[2022.03.14-14.58.58:042][  0]LogConfig: Setting CVar [[r.SkyAtmosphere.FastSkyLUT.SampleCountMax:128.0]]
[2022.03.14-14.58.58:042][  0]LogConfig: Setting CVar [[r.SkyAtmosphere.SampleCountMin:4.0]]
[2022.03.14-14.58.58:042][  0]LogConfig: Setting CVar [[r.SkyAtmosphere.SampleCountMax:128.0]]
[2022.03.14-14.58.58:042][  0]LogConfig: Setting CVar [[r.SkyAtmosphere.TransmittanceLUT.UseSmallFormat:0]]
[2022.03.14-14.58.58:042][  0]LogConfig: Setting CVar [[r.SkyAtmosphere.TransmittanceLUT.SampleCount:10.0]]
[2022.03.14-14.58.58:042][  0]LogConfig: Setting CVar [[r.SkyAtmosphere.MultiScatteringLUT.SampleCount:15.0]]
[2022.03.14-14.58.58:042][  0]LogConfig: Setting CVar [[r.SkyLight.RealTimeReflectionCapture:1]]
[2022.03.14-14.58.58:042][  0]LogConfig: Applying CVar settings from Section [FoliageQuality@3] File [E:/UE4/Projects/WargamingAcademy/Cyberpunk2022/Saved/Config/Windows/Scalability.ini]
[2022.03.14-14.58.58:042][  0]LogConfig: Setting CVar [[foliage.DensityScale:1.0]]
[2022.03.14-14.58.58:042][  0]LogConfig: Setting CVar [[grass.DensityScale:1.0]]
[2022.03.14-14.58.58:042][  0]LogConfig: Applying CVar settings from Section [ShadingQuality@3] File [E:/UE4/Projects/WargamingAcademy/Cyberpunk2022/Saved/Config/Windows/Scalability.ini]
[2022.03.14-14.58.58:042][  0]LogConfig: Setting CVar [[r.HairStrands.SkyLighting.IntegrationType:2]]
[2022.03.14-14.58.58:042][  0]LogConfig: Setting CVar [[r.HairStrands.SkyAO.SampleCount:4]]
[2022.03.14-14.58.58:043][  0]LogConfig: Setting CVar [[r.HairStrands.Visibility.MSAA.SamplePerPixel:4]]
[2022.03.14-14.58.58:043][  0]LogInit: Selected Device Profile: [Windows]
[2022.03.14-14.58.58:044][  0]LogInit: Applying CVar settings loaded from the selected device profile: [Windows]
[2022.03.14-14.58.58:044][  0]LogHAL: Display: Platform has ~ 16 GB [16487870464 / 17179869184 / 16], which maps to Larger [LargestMinGB=32, LargerMinGB=12, DefaultMinGB=8, SmallerMinGB=6, SmallestMinGB=0)
[2022.03.14-14.58.58:045][  0]LogInit: Going up to parent DeviceProfile []
[2022.03.14-14.58.58:045][  0]LogConfig: Applying CVar settings from Section [ViewDistanceQuality@3] File [E:/UE4/Projects/WargamingAcademy/Cyberpunk2022/Saved/Config/Windows/Scalability.ini]
[2022.03.14-14.58.58:045][  0]LogConfig: Setting CVar [[r.SkeletalMeshLODBias:0]]
[2022.03.14-14.58.58:045][  0]LogConfig: Setting CVar [[r.ViewDistanceScale:1.0]]
[2022.03.14-14.58.58:045][  0]LogConfig: Applying CVar settings from Section [AntiAliasingQuality@3] File [E:/UE4/Projects/WargamingAcademy/Cyberpunk2022/Saved/Config/Windows/Scalability.ini]
[2022.03.14-14.58.58:045][  0]LogConfig: Setting CVar [[r.PostProcessAAQuality:4]]
[2022.03.14-14.58.58:045][  0]LogConfig: Applying CVar settings from Section [ShadowQuality@3] File [E:/UE4/Projects/WargamingAcademy/Cyberpunk2022/Saved/Config/Windows/Scalability.ini]
[2022.03.14-14.58.58:045][  0]LogConfig: Setting CVar [[r.LightFunctionQuality:1]]
[2022.03.14-14.58.58:045][  0]LogConfig: Setting CVar [[r.ShadowQuality:5]]
[2022.03.14-14.58.58:045][  0]LogConfig: Setting CVar [[r.Shadow.CSM.MaxCascades:10]]
[2022.03.14-14.58.58:045][  0]LogConfig: Setting CVar [[r.Shadow.MaxResolution:2048]]
[2022.03.14-14.58.58:045][  0]LogConfig: Setting CVar [[r.Shadow.MaxCSMResolution:2048]]
[2022.03.14-14.58.58:045][  0]LogConfig: Setting CVar [[r.Shadow.RadiusThreshold:0.01]]
[2022.03.14-14.58.58:046][  0]LogConfig: Setting CVar [[r.Shadow.DistanceScale:1.0]]
[2022.03.14-14.58.58:046][  0]LogConfig: Setting CVar [[r.Shadow.CSM.TransitionScale:1.0]]
[2022.03.14-14.58.58:046][  0]LogConfig: Setting CVar [[r.Shadow.PreShadowResolutionFactor:1.0]]
[2022.03.14-14.58.58:046][  0]LogConfig: Setting CVar [[r.DistanceFieldShadowing:1]]
[2022.03.14-14.58.58:046][  0]LogConfig: Setting CVar [[r.DistanceFieldAO:1]]
[2022.03.14-14.58.58:046][  0]LogConfig: Setting CVar [[r.AOQuality:2]]
[2022.03.14-14.58.58:046][  0]LogConfig: Setting CVar [[r.VolumetricFog:1]]
[2022.03.14-14.58.58:046][  0]LogConfig: Setting CVar [[r.VolumetricFog.GridPixelSize:8]]
[2022.03.14-14.58.58:046][  0]LogConfig: Setting CVar [[r.VolumetricFog.GridSizeZ:128]]
[2022.03.14-14.58.58:046][  0]LogConfig: Setting CVar [[r.VolumetricFog.HistoryMissSupersampleCount:4]]
[2022.03.14-14.58.58:046][  0]LogConfig: Setting CVar [[r.LightMaxDrawDistanceScale:1]]
[2022.03.14-14.58.58:046][  0]LogConfig: Setting CVar [[r.CapsuleShadows:1]]
[2022.03.14-14.58.58:046][  0]LogConfig: Applying CVar settings from Section [PostProcessQuality@3] File [E:/UE4/Projects/WargamingAcademy/Cyberpunk2022/Saved/Config/Windows/Scalability.ini]
[2022.03.14-14.58.58:046][  0]LogConfig: Setting CVar [[r.MotionBlurQuality:4]]
[2022.03.14-14.58.58:046][  0]LogConfig: Setting CVar [[r.AmbientOcclusionMipLevelFactor:0.4]]
[2022.03.14-14.58.58:046][  0]LogConfig: Setting CVar [[r.AmbientOcclusionMaxQuality:100]]
[2022.03.14-14.58.58:046][  0]LogConfig: Setting CVar [[r.AmbientOcclusionLevels:-1]]
[2022.03.14-14.58.58:046][  0]LogConfig: Setting CVar [[r.AmbientOcclusionRadiusScale:1.0]]
[2022.03.14-14.58.58:046][  0]LogConfig: Setting CVar [[r.DepthOfFieldQuality:2]]
[2022.03.14-14.58.58:046][  0]LogConfig: Setting CVar [[r.RenderTargetPoolMin:400]]
[2022.03.14-14.58.58:046][  0]LogConfig: Setting CVar [[r.LensFlareQuality:2]]
[2022.03.14-14.58.58:046][  0]LogConfig: Setting CVar [[r.SceneColorFringeQuality:1]]
[2022.03.14-14.58.58:046][  0]LogConfig: Setting CVar [[r.EyeAdaptationQuality:2]]
[2022.03.14-14.58.58:046][  0]LogConfig: Setting CVar [[r.BloomQuality:5]]
[2022.03.14-14.58.58:046][  0]LogConfig: Setting CVar [[r.FastBlurThreshold:100]]
[2022.03.14-14.58.58:047][  0]LogConfig: Setting CVar [[r.Upscale.Quality:3]]
[2022.03.14-14.58.58:047][  0]LogConfig: Setting CVar [[r.Tonemapper.GrainQuantization:1]]
[2022.03.14-14.58.58:047][  0]LogConfig: Setting CVar [[r.LightShaftQuality:1]]
[2022.03.14-14.58.58:047][  0]LogConfig: Setting CVar [[r.Filter.SizeScale:1]]
[2022.03.14-14.58.58:047][  0]LogConfig: Setting CVar [[r.Tonemapper.Quality:5]]
[2022.03.14-14.58.58:047][  0]LogConfig: Setting CVar [[r.DOF.Gather.AccumulatorQuality:1        ; higher gathering accumulator quality]]
[2022.03.14-14.58.58:047][  0]LogConfig: Setting CVar [[r.DOF.Gather.PostfilterMethod:1          ; Median3x3 postfilering method]]
[2022.03.14-14.58.58:047][  0]LogConfig: Setting CVar [[r.DOF.Gather.EnableBokehSettings:0       ; no bokeh simulation when gathering]]
[2022.03.14-14.58.58:047][  0]LogConfig: Setting CVar [[r.DOF.Gather.RingCount:4                 ; medium number of samples when gathering]]
[2022.03.14-14.58.58:047][  0]LogConfig: Setting CVar [[r.DOF.Scatter.ForegroundCompositing:1    ; additive foreground scattering]]
[2022.03.14-14.58.58:047][  0]LogConfig: Setting CVar [[r.DOF.Scatter.BackgroundCompositing:2    ; additive background scattering]]
[2022.03.14-14.58.58:047][  0]LogConfig: Setting CVar [[r.DOF.Scatter.EnableBokehSettings:1      ; bokeh simulation when scattering]]
[2022.03.14-14.58.58:047][  0]LogConfig: Setting CVar [[r.DOF.Scatter.MaxSpriteRatio:0.1         ; only a maximum of 10% of scattered bokeh]]
[2022.03.14-14.58.58:047][  0]LogConfig: Setting CVar [[r.DOF.Recombine.Quality:1                ; cheap slight out of focus]]
[2022.03.14-14.58.58:047][  0]LogConfig: Setting CVar [[r.DOF.Recombine.EnableBokehSettings:0    ; no bokeh simulation on slight out of focus]]
[2022.03.14-14.58.58:047][  0]LogConfig: Setting CVar [[r.DOF.TemporalAAQuality:1                ; more stable temporal accumulation]]
[2022.03.14-14.58.58:047][  0]LogConfig: Setting CVar [[r.DOF.Kernel.MaxForegroundRadius:0.025]]
[2022.03.14-14.58.58:047][  0]LogConfig: Setting CVar [[r.DOF.Kernel.MaxBackgroundRadius:0.025]]
[2022.03.14-14.58.58:047][  0]LogConfig: Applying CVar settings from Section [TextureQuality@3] File [E:/UE4/Projects/WargamingAcademy/Cyberpunk2022/Saved/Config/Windows/Scalability.ini]
[2022.03.14-14.58.58:047][  0]LogConfig: Setting CVar [[r.Streaming.MipBias:0]]
[2022.03.14-14.58.58:047][  0]LogConfig: Setting CVar [[r.Streaming.AmortizeCPUToGPUCopy:0]]
[2022.03.14-14.58.58:048][  0]LogConfig: Setting CVar [[r.Streaming.MaxNumTexturesToStreamPerFrame:0]]
[2022.03.14-14.58.58:048][  0]LogConfig: Setting CVar [[r.Streaming.Boost:1]]
[2022.03.14-14.58.58:048][  0]LogConfig: Setting CVar [[r.MaxAnisotropy:8]]
[2022.03.14-14.58.58:048][  0]LogConfig: Setting CVar [[r.VT.MaxAnisotropy:8]]
[2022.03.14-14.58.58:048][  0]LogConfig: Setting CVar [[r.Streaming.LimitPoolSizeToVRAM:0]]
[2022.03.14-14.58.58:048][  0]LogConfig: Setting CVar [[r.Streaming.PoolSize:1000]]
[2022.03.14-14.58.58:048][  0]LogConfig: Setting CVar [[r.Streaming.MaxEffectiveScreenSize:0]]
[2022.03.14-14.58.58:048][  0]LogConfig: Applying CVar settings from Section [EffectsQuality@3] File [E:/UE4/Projects/WargamingAcademy/Cyberpunk2022/Saved/Config/Windows/Scalability.ini]
[2022.03.14-14.58.58:048][  0]LogConfig: Setting CVar [[r.TranslucencyLightingVolumeDim:64]]
[2022.03.14-14.58.58:048][  0]LogConfig: Setting CVar [[r.RefractionQuality:2]]
[2022.03.14-14.58.58:048][  0]LogConfig: Setting CVar [[r.SSR.Quality:3]]
[2022.03.14-14.58.58:048][  0]LogConfig: Setting CVar [[r.SSR.HalfResSceneColor:0]]
[2022.03.14-14.58.58:048][  0]LogConfig: Setting CVar [[r.SceneColorFormat:4]]
[2022.03.14-14.58.58:048][  0]LogConfig: Setting CVar [[r.DetailMode:2]]
[2022.03.14-14.58.58:048][  0]LogConfig: Setting CVar [[r.TranslucencyVolumeBlur:1]]
[2022.03.14-14.58.58:048][  0]LogConfig: Setting CVar [[r.MaterialQualityLevel:1 ; High quality]]
[2022.03.14-14.58.58:048][  0]LogConfig: Setting CVar [[r.AnisotropicMaterials:1]]
[2022.03.14-14.58.58:048][  0]LogConfig: Setting CVar [[r.SSS.Scale:1]]
[2022.03.14-14.58.58:048][  0]LogConfig: Setting CVar [[r.SSS.SampleSet:2]]
[2022.03.14-14.58.58:048][  0]LogConfig: Setting CVar [[r.SSS.Quality:1]]
[2022.03.14-14.58.58:048][  0]LogConfig: Setting CVar [[r.SSS.HalfRes:0]]
[2022.03.14-14.58.58:048][  0]LogConfig: Setting CVar [[r.SSGI.Quality:3]]
[2022.03.14-14.58.58:048][  0]LogConfig: Setting CVar [[r.EmitterSpawnRateScale:1.0]]
[2022.03.14-14.58.58:048][  0]LogConfig: Setting CVar [[r.ParticleLightQuality:2]]
[2022.03.14-14.58.58:048][  0]LogConfig: Setting CVar [[r.SkyAtmosphere.AerialPerspectiveLUT.FastApplyOnOpaque:1 ; Always have FastSkyLUT 1 in this case to avoid wrong sky]]
[2022.03.14-14.58.58:048][  0]LogConfig: Setting CVar [[r.SkyAtmosphere.AerialPerspectiveLUT.SampleCountMaxPerSlice:4]]
[2022.03.14-14.58.58:048][  0]LogConfig: Setting CVar [[r.SkyAtmosphere.AerialPerspectiveLUT.DepthResolution:16.0]]
[2022.03.14-14.58.58:048][  0]LogConfig: Setting CVar [[r.SkyAtmosphere.FastSkyLUT:1]]
[2022.03.14-14.58.58:048][  0]LogConfig: Setting CVar [[r.SkyAtmosphere.FastSkyLUT.SampleCountMin:4.0]]
[2022.03.14-14.58.58:048][  0]LogConfig: Setting CVar [[r.SkyAtmosphere.FastSkyLUT.SampleCountMax:128.0]]
[2022.03.14-14.58.58:048][  0]LogConfig: Setting CVar [[r.SkyAtmosphere.SampleCountMin:4.0]]
[2022.03.14-14.58.58:048][  0]LogConfig: Setting CVar [[r.SkyAtmosphere.SampleCountMax:128.0]]
[2022.03.14-14.58.58:048][  0]LogConfig: Setting CVar [[r.SkyAtmosphere.TransmittanceLUT.UseSmallFormat:0]]
[2022.03.14-14.58.58:048][  0]LogConfig: Setting CVar [[r.SkyAtmosphere.TransmittanceLUT.SampleCount:10.0]]
[2022.03.14-14.58.58:048][  0]LogConfig: Setting CVar [[r.SkyAtmosphere.MultiScatteringLUT.SampleCount:15.0]]
[2022.03.14-14.58.58:048][  0]LogConfig: Setting CVar [[r.SkyLight.RealTimeReflectionCapture:1]]
[2022.03.14-14.58.58:048][  0]LogConfig: Applying CVar settings from Section [FoliageQuality@3] File [E:/UE4/Projects/WargamingAcademy/Cyberpunk2022/Saved/Config/Windows/Scalability.ini]
[2022.03.14-14.58.58:048][  0]LogConfig: Setting CVar [[foliage.DensityScale:1.0]]
[2022.03.14-14.58.58:048][  0]LogConfig: Setting CVar [[grass.DensityScale:1.0]]
[2022.03.14-14.58.58:048][  0]LogConfig: Applying CVar settings from Section [ShadingQuality@3] File [E:/UE4/Projects/WargamingAcademy/Cyberpunk2022/Saved/Config/Windows/Scalability.ini]
[2022.03.14-14.58.58:048][  0]LogConfig: Setting CVar [[r.HairStrands.SkyLighting.IntegrationType:2]]
[2022.03.14-14.58.58:048][  0]LogConfig: Setting CVar [[r.HairStrands.SkyAO.SampleCount:4]]
[2022.03.14-14.58.58:048][  0]LogConfig: Setting CVar [[r.HairStrands.Visibility.MSAA.SamplePerPixel:4]]
[2022.03.14-14.58.58:048][  0]LogConfig: Applying CVar settings from Section [Startup] File [../../../Engine/Config/ConsoleVariables.ini]
[2022.03.14-14.58.58:049][  0]LogConfig: Setting CVar [[net.UseAdaptiveNetUpdateFrequency:0]]
[2022.03.14-14.58.58:049][  0]LogConfig: Setting CVar [[p.chaos.AllowCreatePhysxBodies:1]]
[2022.03.14-14.58.58:049][  0]LogConfig: Setting CVar [[fx.SkipVectorVMBackendOptimizations:1]]
[2022.03.14-14.58.58:049][  0]LogConfig: Applying CVar settings from Section [ConsoleVariables] File [E:/UE4/Projects/WargamingAcademy/Cyberpunk2022/Saved/Config/Windows/Engine.ini]
[2022.03.14-14.58.58:049][  0]LogConfig: Applying CVar settings from Section [ConsoleVariables] File [E:/UE4/Projects/WargamingAcademy/Cyberpunk2022/Saved/Config/Windows/Editor.ini]
[2022.03.14-14.58.58:051][  0]LogInit: Computer: DESKTOP-P6OQVGL
[2022.03.14-14.58.58:051][  0]LogInit: User: Artem
[2022.03.14-14.58.58:051][  0]LogInit: CPU Page size=4096, Cores=6
[2022.03.14-14.58.58:051][  0]LogInit: High frequency timer resolution =10.000000 MHz
[2022.03.14-14.58.58:052][  0]LogMemory: Memory total: Physical=15.4GB (16GB approx)
[2022.03.14-14.58.58:052][  0]LogMemory: Platform Memory Stats for Windows
[2022.03.14-14.58.58:052][  0]LogMemory: Process Physical Memory: 146.12 MB used, 146.12 MB peak
[2022.03.14-14.58.58:052][  0]LogMemory: Process Virtual Memory: 121.75 MB used, 121.75 MB peak
[2022.03.14-14.58.58:052][  0]LogMemory: Physical Memory: 12157.88 MB used,  3566.18 MB free, 15724.06 MB total
[2022.03.14-14.58.58:052][  0]LogMemory: Virtual Memory: 134208728.00 MB used,  9003.61 MB free, 134217728.00 MB total
[2022.03.14-14.58.58:060][  0]LogWindows: WindowsPlatformFeatures enabled
[2022.03.14-14.58.58:409][  0]LogInit: Physics initialised using underlying interface: PhysX
[2022.03.14-14.58.58:412][  0]LogInit: Using OS detected language (en-US).
[2022.03.14-14.58.58:412][  0]LogInit: Using OS detected locale (en-US).
[2022.03.14-14.58.58:418][  0]LogTextLocalizationManager: No specific localization for 'en-US' exists, so the 'en' localization will be used.
[2022.03.14-14.58.58:759][  0]LogInit: Setting process to per monitor DPI aware
[2022.03.14-14.58.58:779][  0]LogWindowsTextInputMethodSystem: Display: IME system deactivated.
[2022.03.14-14.58.58:811][  0]LogSlate: New Slate User Created.  User Index 0, Is Virtual User: 0
[2022.03.14-14.58.58:811][  0]LogSlate: Slate User Registered.  User Index 0, Is Virtual User: 0
[2022.03.14-14.58.59:088][  0]LogD3D11RHI: Loaded GFSDK_Aftermath_Lib.x64.dll
[2022.03.14-14.58.59:107][  0]LogHMD: Failed to initialize OpenVR with code 110
[2022.03.14-14.58.59:107][  0]LogD3D11RHI: D3D11 min allowed feature level: 11_0
[2022.03.14-14.58.59:107][  0]LogD3D11RHI: D3D11 max allowed feature level: 11_0
[2022.03.14-14.58.59:107][  0]LogD3D11RHI: D3D11 adapters:
[2022.03.14-14.58.59:209][  0]LogD3D11RHI:    0. 'NVIDIA GeForce RTX 3060 Laptop GPU' (Feature Level 11_0)
[2022.03.14-14.58.59:209][  0]LogD3D11RHI:       6023/0/7862 MB DedicatedVideo/DedicatedSystem/SharedSystem, Outputs:2, VendorId:0x10de
[2022.03.14-14.58.59:258][  0]LogD3D11RHI:    1. 'AMD Radeon(TM) Graphics' (Feature Level 11_0)
[2022.03.14-14.58.59:258][  0]LogD3D11RHI:       496/0/7862 MB DedicatedVideo/DedicatedSystem/SharedSystem, Outputs:0, VendorId:0x1002
[2022.03.14-14.58.59:267][  0]LogD3D11RHI:    2. 'Microsoft Basic Render Driver' (Feature Level 11_0)
[2022.03.14-14.58.59:267][  0]LogD3D11RHI:       0/0/7862 MB DedicatedVideo/DedicatedSystem/SharedSystem, Outputs:0, VendorId:0x1414
[2022.03.14-14.58.59:267][  0]LogD3D11RHI: Chosen D3D11 Adapter:
[2022.03.14-14.58.59:267][  0]LogD3D11RHI:     Description : NVIDIA GeForce RTX 3060 Laptop GPU
[2022.03.14-14.58.59:267][  0]LogD3D11RHI:     VendorId    : 10de
[2022.03.14-14.58.59:267][  0]LogD3D11RHI:     DeviceId    : 2520
[2022.03.14-14.58.59:267][  0]LogD3D11RHI:     SubSysId    : 151f1025
[2022.03.14-14.58.59:267][  0]LogD3D11RHI:     Revision    : 00a1
[2022.03.14-14.58.59:267][  0]LogD3D11RHI:     DedicatedVideoMemory : 6315573248 bytes
[2022.03.14-14.58.59:267][  0]LogD3D11RHI:     DedicatedSystemMemory : 0 bytes
[2022.03.14-14.58.59:267][  0]LogD3D11RHI:     SharedSystemMemory : 8243935232 bytes
[2022.03.14-14.58.59:267][  0]LogD3D11RHI:     AdapterLuid : 0 59695
[2022.03.14-14.58.59:279][  0]LogD3D11RHI: Creating new Direct3DDevice
[2022.03.14-14.58.59:279][  0]LogD3D11RHI:     GPU DeviceId: 0x2520 (for the marketing name, search the web for "GPU Device Id")
[2022.03.14-14.58.59:279][  0]LogWindows: EnumDisplayDevices:
[2022.03.14-14.58.59:279][  0]LogWindows:    0. 'AMD Radeon(TM) Graphics' (P:1 D:1)
[2022.03.14-14.58.59:280][  0]LogWindows:    1. 'AMD Radeon(TM) Graphics' (P:0 D:0)
[2022.03.14-14.58.59:280][  0]LogWindows:    2. 'AMD Radeon(TM) Graphics' (P:0 D:0)
[2022.03.14-14.58.59:280][  0]LogWindows:    3. 'NVIDIA GeForce RTX 3060 Laptop GPU' (P:0 D:1)
[2022.03.14-14.58.59:280][  0]LogWindows: DebugString: PrimaryIsNotTheChoosenAdapter PrimaryIsNotTheChoosenAdapter PrimaryIsNotTheChoosenAdapter 
[2022.03.14-14.58.59:280][  0]LogD3D11RHI:     Adapter Name: NVIDIA GeForce RTX 3060 Laptop GPU
[2022.03.14-14.58.59:281][  0]LogD3D11RHI:   Driver Version: 497.09 (internal:30.0.14.9709, unified:497.09)
[2022.03.14-14.58.59:281][  0]LogD3D11RHI:      Driver Date: 11-26-2021
[2022.03.14-14.58.59:281][  0]LogRHI: Texture pool is 4216 MB (70% of 6023 MB)
[2022.03.14-14.58.59:282][  0]LogD3D11RHI: Creating D3DDevice using adapter:
[2022.03.14-14.58.59:282][  0]LogD3D11RHI:     Description : NVIDIA GeForce RTX 3060 Laptop GPU
[2022.03.14-14.58.59:282][  0]LogD3D11RHI:     VendorId    : 10de
[2022.03.14-14.58.59:282][  0]LogD3D11RHI:     DeviceId    : 2520
[2022.03.14-14.58.59:282][  0]LogD3D11RHI:     SubSysId    : 151f1025
[2022.03.14-14.58.59:282][  0]LogD3D11RHI:     Revision    : 00a1
[2022.03.14-14.58.59:282][  0]LogD3D11RHI:     DedicatedVideoMemory : 6315573248 bytes
[2022.03.14-14.58.59:282][  0]LogD3D11RHI:     DedicatedSystemMemory : 0 bytes
[2022.03.14-14.58.59:282][  0]LogD3D11RHI:     SharedSystemMemory : 8243935232 bytes
[2022.03.14-14.58.59:282][  0]LogD3D11RHI:     AdapterLuid : 0 59695
[2022.03.14-14.58.59:341][  0]LogD3D11RHI: RHI has support for 64 bit atomics
[2022.03.14-14.58.59:341][  0]LogD3D11RHI: Async texture creation enabled
[2022.03.14-14.58.59:341][  0]LogD3D11RHI: Array index from any shader is supported
[2022.03.14-14.58.59:408][  0]LogD3D11RHI: GPU Timing Frequency: 1000.000000 (Debug: 2 2)
[2022.03.14-14.58.59:441][  0]LogRHI: GeForceNow SDK initialized: 1
[2022.03.14-14.58.59:675][  0]LogTargetPlatformManager: Display: Loaded TargetPlatform 'AllDesktop'
[2022.03.14-14.58.59:699][  0]LogTargetPlatformManager: Display: Loaded TargetPlatform 'Android'
[2022.03.14-14.58.59:699][  0]LogTargetPlatformManager: Display: Loaded TargetPlatform 'Android_ASTC'
[2022.03.14-14.58.59:699][  0]LogTargetPlatformManager: Display: Loaded TargetPlatform 'Android_DXT'
[2022.03.14-14.58.59:699][  0]LogTargetPlatformManager: Display: Loaded TargetPlatform 'Android_ETC2'
[2022.03.14-14.58.59:699][  0]LogTargetPlatformManager: Display: Loaded TargetPlatform 'AndroidClient'
[2022.03.14-14.58.59:699][  0]LogTargetPlatformManager: Display: Loaded TargetPlatform 'Android_ASTCClient'
[2022.03.14-14.58.59:699][  0]LogTargetPlatformManager: Display: Loaded TargetPlatform 'Android_DXTClient'
[2022.03.14-14.58.59:699][  0]LogTargetPlatformManager: Display: Loaded TargetPlatform 'Android_ETC2Client'
[2022.03.14-14.58.59:699][  0]LogTargetPlatformManager: Display: Loaded TargetPlatform 'Android_Multi'
[2022.03.14-14.58.59:699][  0]LogTargetPlatformManager: Display: Loaded TargetPlatform 'Android_MultiClient'
[2022.03.14-14.58.59:725][  0]LogTargetPlatformManager: Display: Loaded TargetPlatform 'IOSClient'
[2022.03.14-14.58.59:725][  0]LogTargetPlatformManager: Display: Loaded TargetPlatform 'IOS'
[2022.03.14-14.58.59:736][  0]LogTargetPlatformManager: Display: Loaded TargetPlatform 'Linux'
[2022.03.14-14.58.59:741][  0]LogTargetPlatformManager: Display: Loaded TargetPlatform 'LinuxNoEditor'
[2022.03.14-14.58.59:748][  0]LogTargetPlatformManager: Display: Loaded TargetPlatform 'LinuxClient'
[2022.03.14-14.58.59:755][  0]LogTargetPlatformManager: Display: Loaded TargetPlatform 'LinuxServer'
[2022.03.14-14.58.59:767][  0]LogTargetPlatformManager: Display: Loaded TargetPlatform 'LinuxAArch64NoEditor'
[2022.03.14-14.58.59:773][  0]LogTargetPlatformManager: Display: Loaded TargetPlatform 'LinuxAArch64Client'
[2022.03.14-14.58.59:780][  0]LogTargetPlatformManager: Display: Loaded TargetPlatform 'LinuxAArch64Server'
[2022.03.14-14.58.59:802][  0]LogTargetPlatformManager: Display: Loaded TargetPlatform 'Lumin'
[2022.03.14-14.58.59:802][  0]LogTargetPlatformManager: Display: Loaded TargetPlatform 'LuminClient'
[2022.03.14-14.58.59:810][  0]LogTargetPlatformManager: Display: Loaded TargetPlatform 'MacNoEditor'
[2022.03.14-14.58.59:818][  0]LogTargetPlatformManager: Display: Loaded TargetPlatform 'Mac'
[2022.03.14-14.58.59:824][  0]LogTargetPlatformManager: Display: Loaded TargetPlatform 'MacClient'
[2022.03.14-14.58.59:830][  0]LogTargetPlatformManager: Display: Loaded TargetPlatform 'MacServer'
[2022.03.14-14.58.59:839][  0]LogTargetPlatformManager: Display: Loaded TargetPlatform 'TVOSClient'
[2022.03.14-14.58.59:839][  0]LogTargetPlatformManager: Display: Loaded TargetPlatform 'TVOS'
[2022.03.14-14.58.59:849][  0]LogTargetPlatformManager: Display: Loaded TargetPlatform 'WindowsNoEditor'
[2022.03.14-14.58.59:856][  0]LogTargetPlatformManager: Display: Loaded TargetPlatform 'Windows'
[2022.03.14-14.58.59:862][  0]LogTargetPlatformManager: Display: Loaded TargetPlatform 'WindowsClient'
[2022.03.14-14.58.59:869][  0]LogTargetPlatformManager: Display: Loaded TargetPlatform 'WindowsServer'
[2022.03.14-14.58.59:869][  0]LogTargetPlatformManager: Display: Building Assets For Windows
[2022.03.14-14.58.59:885][  0]LogAudioDebug: Display: Lib vorbis DLL was dynamically loaded.
[2022.03.14-14.58.59:953][  0]LogTextureFormatOodle: Display: Oodle Texture 2.9.0 init RDO Off
[2022.03.14-14.59.00:085][  0]LogRendererCore: Ray tracing is disabled. Reason: r.RayTracing=0.
[2022.03.14-14.59.00:088][  0]LogShaderCompilers: Guid format shader working directory is -6 characters bigger than the processId version (../../../../Projects/WargamingAcademy/Cyberpunk2022/Intermediate/Shaders/WorkingDirectory/18400/).
[2022.03.14-14.59.00:089][  0]LogShaderCompilers: Cleaned the shader compiler working directory 'C:/Users/Artem/AppData/Local/Temp/UnrealShaderWorkingDir/730432A1413DCE20FB3723B83633278B/'.
[2022.03.14-14.59.00:091][  0]LogXGEController: Cannot use XGE Controller as Incredibuild is not installed on this machine.
[2022.03.14-14.59.00:091][  0]LogShaderCompilers: Cannot use XGE Shader Compiler as Incredibuild is not installed on this machine.
[2022.03.14-14.59.00:091][  0]LogShaderCompilers: Display: Using Local Shader Compiler.
[2022.03.14-14.59.00:967][  0]LogDerivedDataCache: Display: Max Cache Size: 512 MB
[2022.03.14-14.59.01:055][  0]LogDerivedDataCache: Loaded boot cache 0.09s 103MB C:/Users/Artem/AppData/Local/UnrealEngine/4.27/DerivedDataCache/Boot.ddc.
[2022.03.14-14.59.01:055][  0]LogDerivedDataCache: Display: Loaded Boot cache: C:/Users/Artem/AppData/Local/UnrealEngine/4.27/DerivedDataCache/Boot.ddc
[2022.03.14-14.59.01:056][  0]LogDerivedDataCache: FDerivedDataBackendGraph:  Pak pak cache file ../../../../Projects/WargamingAcademy/Cyberpunk2022/DerivedDataCache/DDC.ddp not found, will not use a pak cache.
[2022.03.14-14.59.01:056][  0]LogDerivedDataCache: Unable to find inner node Pak for hierarchical cache Hierarchy.
[2022.03.14-14.59.01:056][  0]LogDerivedDataCache: FDerivedDataBackendGraph:  CompressedPak pak cache file ../../../../Projects/WargamingAcademy/Cyberpunk2022/DerivedDataCache/Compressed.ddp not found, will not use a pak cache.
[2022.03.14-14.59.01:056][  0]LogDerivedDataCache: Unable to find inner node CompressedPak for hierarchical cache Hierarchy.
[2022.03.14-14.59.01:074][  0]LogDerivedDataCache: Display: Pak cache opened for reading ../../../Engine/DerivedDataCache/Compressed.ddp.
[2022.03.14-14.59.01:074][  0]LogDerivedDataCache: FDerivedDataBackendGraph:  EnterprisePak pak cache file ../../../Enterprise/DerivedDataCache/Compressed.ddp not found, will not use a pak cache.
[2022.03.14-14.59.01:074][  0]LogDerivedDataCache: Unable to find inner node EnterprisePak for hierarchical cache Hierarchy.
[2022.03.14-14.59.01:086][  0]LogDerivedDataCache: Speed tests for C:/Users/Artem/AppData/Local/UnrealEngine/Common/DerivedDataCache took 0.01 seconds
[2022.03.14-14.59.01:086][  0]LogDerivedDataCache: Display: Performance to C:/Users/Artem/AppData/Local/UnrealEngine/Common/DerivedDataCache: Latency=0.09ms. RandomReadSpeed=186.44MBs, RandomWriteSpeed=193.48MBs. Assigned SpeedClass 'Local'
[2022.03.14-14.59.01:088][  0]LogDerivedDataCache: Using Local data cache path C:/Users/Artem/AppData/Local/UnrealEngine/Common/DerivedDataCache: Writable
[2022.03.14-14.59.01:088][  0]LogDerivedDataCache: Shared data cache path not found in *engine.ini, will not use an Shared cache.
[2022.03.14-14.59.01:088][  0]LogDerivedDataCache: Unable to find inner node Shared for hierarchical cache Hierarchy.
[2022.03.14-14.59.01:139][  0]LogSlate: Using FreeType 2.10.0
[2022.03.14-14.59.01:140][  0]LogSlate: SlateFontServices - WITH_FREETYPE: 1, WITH_HARFBUZZ: 1
[2022.03.14-14.59.01:191][  0]LogAssetRegistry: FAssetRegistry took 0.0131 seconds to start up
[2022.03.14-14.59.01:808][  0]LogInit: Selected Device Profile: [Windows]
[2022.03.14-14.59.01:808][  0]LogInit: Active device profile: [000002C1F1C6CD00][000002C1F0BDC780 49] Windows
[2022.03.14-14.59.01:809][  0]LogInit: Profiles: [000002C1F1C6CD00][000002C1F0BDC780 49] Windows, [000002C1F1C26300][000002C1F0BD88C0 49] WindowsNoEditor, [000002C1F1C6DC00][000002C1F0BC8A40 49] WindowsServer, [000002C1F1C27100][000002C1F0B86BC0 49] WindowsClient, [000002C1F1C6E900][000002C1F0B82D40 49] IOS, [000002C1F1C25A00][000002C1F0B7EEC0 49] iPadAir, [000002C1F1C6FE00][000002C1F0B7B040 49] iPadAir2, [000002C1F1BC5100][000002C1F0B73300 49] IPadPro, [000002C1F1BC5200][000002C1F0B77340 49] iPadAir3, [000002C1F1C24C00][000002C1E9EA74C0 49] iPadAir4, [000002C1F1BC5E00][000002C1E9C1D640 49] iPadMini2, [000002C1F1C27300][000002C1E9C217C0 49] iPadMini3, [000002C1F1BC7900][000002C1E9E69940 49] iPadMini4, [000002C1F1C25000][000002C1EF6BDAC0 49] iPadMini5, [000002C1F1BF8900][000002C1F0E1E200 49] iPhone6, [000002C1F1BF8A00][000002C1F0E1A240 49] iPodTouch6, [000002C1F1C6EE00][000002C1F0E26500 49] iPhone7, [000002C1F1C6EF00][000002C1F0E22540 49] iPodTouch7, [000002C1F1BC7E00][000002C1F0B986C0 49] iPhone5S, [000002C1F1C6D100][000002C1F0BCC800 49] iPhone6Plus, [000002C1F1BF8100][000002C1F0B9C940 49] iPhone6S, [000002C1F1BC4300][000002C1F0BA0A80 49] iPhone6SPlus, [000002C1F1BFA800][000002C1F0BA4BC0 49] iPhone7Plus, [000002C1F1BC6300][000002C1F0BACD40 49] iPhoneSE, [000002C1F1BFA600][000002C1F0BB0EC0 49] iPhone8, [000002C1F1BC5000][000002C1F0BB5040 49] iPhone8Plus, [000002C1F1BFB100][000002C1F0BB91C0 49] iPhoneX, [000002C1F1C6D500][000002C1F0BBD340 49] iPhoneXS, [000002C1F1BFAB00][000002C1EF6194C0 49] iPhoneXSMax, [000002C1F1C6C700][000002C1EF61D640 49] iPhoneXR, [000002C1F1BF8700][000002C1EF6217C0 49] iPhone11, [000002C1F1C6CE00][000002C1EF625940 49] iPhone11Pro, [000002C1F1BF9A00][000002C1EF629AC0 49] iPhone11ProMax, [000002C1F1C6F800][000002C1EF62C0C0 49] iPhoneSE2, [000002C1F1BFB800][000002C1EF630240 49] iPhone12Mini, [000002C1F1C6E300][000002C1EF6343C0 49] iPhone12, [000002C1F1BFA300][000002C1EF638540 49] iPhone12Pro, [000002C1F1C6C500][000002C1EF63C6C0 49] iPhone12ProMax, [000002C1F1BF9500][000002C1EF640840 49] iPadPro105, [000002C1F1C6CA00][000002C1F0BA8980 49] iPadPro129, [000002C1F1BFBD00][000002C1EF644AC0 49] iPadPro97, [000002C1F1C6D200][000002C1F09C2C00 49] iPadPro2_129, [000002C1F1BFAA00][000002C1F09C6D40 49] iPad5, [000002C1F1C6DD00][000002C1F09CEEC0 49] iPad6, [000002C1F1BF9300][000002C1F09D3040 49] iPad7, [000002C1F1C6FA00][000002C1F09D71C0 49] iPad8, [000002C1F1BF8300][000002C1F09DB340 49] iPadPro11, [000002C1F1C6C100][000002C1F09DF4C0 49] iPadPro2_11, [000002C1F1BF9600][000002C1F09E3640 49] iPadPro3_129, [000002C1F1C6F300][000002C1F09E77C0 49] iPadPro4_129, [000002C1F1BF9000][000002C1F09EB940 49] AppleTV, [000002C1F1C6DB00][000002C1F09EFAC0 49] AppleTV4K, [000002C1F1BFB200][000002C1F09F20C0 49] TVOS, [000002C1F1C6FB00][000002C1F09F6240 49] Mac, [000002C1F1BFB700][000002C1F09FA3C0 49] MacClient, [000002C1F1C6FF00][000002C1F09FE540 49] MacNoEditor, [000002C1F1BFB000][000002C1EC9866C0 49] MacServer, [000002C1F1C6EC00][000002C1EC98A840 49] Linux, [000002C1F1BF9D00][000002C1EC98E9C0 49] LinuxAArch64, [000002C1F1C6EA00][000002C1EC992B40 49] LinuxNoEditor, [000002C1F1BFB900][000002C1F09CAC80 49] LinuxAArch64NoEditor, [000002C1F1C6F100][000002C1EC996DC0 49] LinuxClient, [000002C1F1BFAF00][000002C1EC99AF00 49] LinuxAArch64Client, [000002C1F1C6F200][000002C1EC9A3080 49] LinuxServer, [000002C1F1BFBF00][000002C1EC9A7200 49] LinuxAArch64Server, [000002C1F1C6C200][000002C1EC9AB380 49] Android, [000002C1F1BF8500][000002C1EC9AF500 49] Android_Low, [000002C1F1C6E200][000002C1EC9B3680 49] Android_Mid, [000002C1F1BFBB00][000002C1EC9B7800 49] Android_High, [000002C1F1C6E000][000002C1EC9BB980 49] Android_Default, [000002C1F1BFB300][000002C1EC9BFB00 49] Android_Adreno4xx, [000002C1F1C6F700][000002C1EC9C2100 49] Android_Adreno5xx_Low, [000002C1F1BF8B00][000002C1EC9C6280 49] Android_Adreno5xx, [000002C1F1C6E600][000002C1EC9CA400 49] Android_Adreno6xx, [000002C1F1C24500][000002C1EC9CE580 49] Android_Adreno6xx_Vulkan, [000002C1F1BC5300][000002C1F0AB4700 49] Android_Mali_T6xx, [000002C1F1C27E00][000002C1F0AB8880 49] Android_Mali_T7xx, [000002C1F1BC7300][000002C1F0ABCA00 49] Android_Mali_T8xx, [000002C1F1C26E00][000002C1F0AC0B80 49] Android_Mali_G71, [000002C1F1BC6800][000002C1F0AC4D00 49] Android_Mali_G72, [000002C1F1C25400][000002C1EC99EE40 49] Android_Mali_G72_Vulkan, [000002C1F1BC5500][000002C1F0AC8F80 49] Android_Mali_G76, [000002C1F1C27A00][000002C1F0ACD0C0 49] Android_Mali_G76_Vulkan, [000002C1F1BC6C00][000002C1F0AD5240 49] Android_Mali_G77, [000002C1F1C27600][000002C1F0AD93C0 49] Android_Mali_G77_Vulkan, [000002C1F1BC5700][000002C1F0ADD540 49] Android_Mali_G78, [000002C1F1C26200][000002C1F0AE16C0 49] Android_Mali_G78_Vulkan, [000002C1F1BC4B00][000002C1F0AE5840 49] Android_Mali_G710, [000002C1F1C24300][000002C1F0AE99C0 49] Android_Mali_G710_Vulkan, [000002C1F1BC4200][000002C1F0AEDB40 49] Android_Vulkan_SM5, [000002C1F1C24800][000002C1F0AF0140 49] Android_PowerVR_G6xxx, [000002C1F1BC6500][000002C1F0AF42C0 49] Android_PowerVR_GT7xxx, [000002C1F1C24E00][000002C1F0AF8440 49] Android_PowerVR_GE8xxx, [000002C1F1BC5400][000002C1F0AFC5C0 49] Android_PowerVR_GM9xxx, [000002C1F1C27400][000002C1F0B00740 49] Android_PowerVR_GM9xxx_Vulkan, [000002C1F1BC4600][000002C1F0B048C0 49] Android_TegraK1, [000002C1F1C25E00][000002C1F0B08A40 49] Android_Unknown_Vulkan, [000002C1F1BC6100][000002C1F0B0CBC0 49] Lumin, [000002C1F1C25100][000002C1F0B10D40 49] Lumin_Desktop, [000002C1F1BC7400][000002C1F0B14EC0 49] HoloLens, 
[2022.03.14-14.59.02:246][  0]LogMeshReduction: Using QuadricMeshReduction for automatic static mesh reduction
[2022.03.14-14.59.02:246][  0]LogMeshReduction: Using SimplygonMeshReduction for automatic skeletal mesh reduction
[2022.03.14-14.59.02:246][  0]LogMeshReduction: Using ProxyLODMeshReduction for automatic mesh merging
[2022.03.14-14.59.02:246][  0]LogMeshReduction: No distributed automatic mesh merging module available
[2022.03.14-14.59.02:247][  0]LogMeshMerging: No distributed automatic mesh merging module available
[2022.03.14-14.59.02:323][  0]LogNetVersion: Cyberpunk2022 1.0.0, NetCL: 17155196, EngineNetVer: 17, GameNetVer: 0 (Checksum: 1028016206)
[2022.03.14-14.59.03:116][  0]LogTexture: Default maximum texture size for cubemaps generated from long-lat sources has been changed from 512 to unlimited. In order to preserve old behaiour for '/Engine/MapTemplates/Sky/DaylightAmbientCubemap.DaylightAmbientCubemap', its maximum texture size has been explicitly set to 512.
[2022.03.14-14.59.03:228][  0]LogHMD: PokeAHoleMaterial loaded successfully
[2022.03.14-14.59.03:241][  0]LogUObjectArray: 17178 objects as part of root set at end of initial load.
[2022.03.14-14.59.03:241][  0]LogUObjectAllocator: 4302048 out of 0 bytes used by permanent object pool.
[2022.03.14-14.59.03:241][  0]LogUObjectArray: CloseDisregardForGC: 0/0 objects in disregard for GC pool
[2022.03.14-14.59.03:987][  0]LogNiagaraDebuggerClient: Niagara Debugger Client Initialized | Session: 563950664CDF457478F8E8BF7CC5F59F | Instance: 5DF0FE8542782E6EEE25BC8531361DA4 (DESKTOP-P6OQVGL-18400).
[2022.03.14-14.59.04:357][  0]LogTcpMessaging: Initializing TcpMessaging bridge
[2022.03.14-14.59.04:368][  0]LogUdpMessaging: Initializing bridge on interface 0.0.0.0:0 to multicast group 230.0.0.1:6666.
[2022.03.14-14.59.04:404][  0]LogPython: Using Python 3.7.7
[2022.03.14-14.59.06:069][  0]LogOpenImageDenoise: OIDN starting up
[2022.03.14-14.59.06:094][  0]LogAndroidPermission: UAndroidPermissionCallbackProxy::GetInstance
[2022.03.14-14.59.06:134][  0]LogAudioCaptureCore: Display: No Audio Capture implementations found. Audio input will be silent.
[2022.03.14-14.59.06:134][  0]LogAudioCaptureCore: Display: No Audio Capture implementations found. Audio input will be silent.
[2022.03.14-14.59.06:405][  0]SourceControl: Source control is disabled
[2022.03.14-14.59.06:406][  0]SourceControl: Source control is disabled
[2022.03.14-14.59.06:418][  0]SourceControl: Source control is disabled
[2022.03.14-14.59.06:438][  0]SourceControl: Source control is disabled
[2022.03.14-14.59.06:455][  0]LogUProjectInfo: Found projects:
[2022.03.14-14.59.06:471][  0]SourceControl: Source control is disabled
[2022.03.14-14.59.06:493][  0]LogCollectionManager: Loaded 0 collections in 0.001248 seconds
[2022.03.14-14.59.06:543][  0]LogFileCache: Scanning file cache for directory 'E:/UE4/Projects/WargamingAcademy/Cyberpunk2022/Saved/Collections/' took 0.00s
[2022.03.14-14.59.06:543][  0]LogFileCache: Scanning file cache for directory 'E:/UE4/Projects/WargamingAcademy/Cyberpunk2022/Content/Developers/Artem/Collections/' took 0.00s
[2022.03.14-14.59.06:543][  0]LogFileCache: Scanning file cache for directory 'E:/UE4/Projects/WargamingAcademy/Cyberpunk2022/Content/Collections/' took 0.00s
[2022.03.14-14.59.06:543][  0]LogOcInput: OculusInput pre-init called
[2022.03.14-14.59.06:896][  0]LogClass: Warning: ObjectProperty FUDecalStruct::Material is not initialized properly. Module:Cyberpunk2022 File:DecalStruct.h
[2022.03.14-14.59.06:902][  0]LogClass: Display: 1 Uninitialized script struct members found including 1 object properties
[2022.03.14-14.59.06:907][  0]LogAutomationTest: Warning: ObjectProperty FUDecalStruct::Material is not initialized properly. Module:Cyberpunk2022 File:DecalStruct.h
[2022.03.14-14.59.06:913][  0]LogEngine: Initializing Engine...
[2022.03.14-14.59.06:933][  0]LogHMD: Failed to enumerate extensions. Please check that you have a valid OpenXR runtime installed.
[2022.03.14-14.59.06:935][  0]LogHMD: Failed to initialize OpenVR with code 110
[2022.03.14-14.59.06:935][  0]LogMagicLeap: Warning: VR disabled because ZI is not enabled.  To enable, in the editor, Edit -> Project Settings -> Plugins -> Magic Leap Plugin -> Enable Zero Iteration
[2022.03.14-14.59.06:946][  0]LogStats: UGameplayTagsManager::InitializeManager -  0.002 s
[2022.03.14-14.59.07:080][  0]LogInit: Initializing FReadOnlyCVARCache
[2022.03.14-14.59.07:152][  0]LogAIModule: Creating AISystem for world Untitled
[2022.03.14-14.59.07:169][  0]LogAudio: Display: Initializing Audio Device Manager...
[2022.03.14-14.59.07:176][  0]LogAudio: Display: Loading Default Audio Settings Objects...
[2022.03.14-14.59.07:177][  0]LogAudio: Display: No default SoundConcurrencyObject specified (or failed to load).
[2022.03.14-14.59.07:179][  0]LogAudio: Display: Audio Device Manager Initialized
[2022.03.14-14.59.07:179][  0]LogAudio: Display: Creating Audio Device:                 Id: 1, Scope: Shared, Realtime: True
[2022.03.14-14.59.07:180][  0]LogAudioMixer: Display: Audio Mixer Platform Settings:
[2022.03.14-14.59.07:180][  0]LogAudioMixer: Display: 	Sample Rate:						  48000
[2022.03.14-14.59.07:181][  0]LogAudioMixer: Display: 	Callback Buffer Frame Size Requested: 1024
[2022.03.14-14.59.07:181][  0]LogAudioMixer: Display: 	Callback Buffer Frame Size To Use:	  1024
[2022.03.14-14.59.07:181][  0]LogAudioMixer: Display: 	Number of buffers to queue:			  2
[2022.03.14-14.59.07:181][  0]LogAudioMixer: Display: 	Max Channels (voices):				  32
[2022.03.14-14.59.07:181][  0]LogAudioMixer: Display: 	Number of Async Source Workers:		  0
[2022.03.14-14.59.07:181][  0]LogAudio: Display: AudioDevice MaxSources: 32
[2022.03.14-14.59.07:187][  0]LogAudio: Display: Audio Spatialization Plugin: None (built-in).
[2022.03.14-14.59.07:187][  0]LogAudio: Display: Audio Reverb Plugin: None (built-in).
[2022.03.14-14.59.07:187][  0]LogAudio: Display: Audio Occlusion Plugin: None (built-in).
[2022.03.14-14.59.07:188][  0]LogAudioMixer: Display: Initializing audio mixer.
[2022.03.14-14.59.07:218][  0]LogAudioMixer: Display: 0: FrontLeft
[2022.03.14-14.59.07:218][  0]LogAudioMixer: Display: 1: FrontRight
[2022.03.14-14.59.07:310][  0]LogAudioMixer: Display: Using Audio Device Headphones (Realtek(R) Audio)
[2022.03.14-14.59.07:316][  0]LogAudioMixer: Display: Initializing Sound Submixes...
[2022.03.14-14.59.07:319][  0]LogAudioMixer: Display: Creating Master Submix 'MasterSubmixDefault'
[2022.03.14-14.59.07:319][  0]LogAudioMixer: Display: Creating Master Submix 'MasterReverbSubmixDefault'
[2022.03.14-14.59.07:322][  0]LogAudioMixer: Display: Creating Master Submix 'MasterEQSubmixDefault'
[2022.03.14-14.59.07:323][  0]LogAudioMixer: FMixerPlatformXAudio2::StartAudioStream() called
[2022.03.14-14.59.07:323][  0]LogAudioMixer: Display: Output buffers initialized: Frames=1024, Channels=2, Samples=2048
[2022.03.14-14.59.07:324][  0]LogAudioMixer: Display: Starting AudioMixerPlatformInterface::RunInternal()
[2022.03.14-14.59.07:324][  0]LogAudioMixer: Display: FMixerPlatformXAudio2::SubmitBuffer() called for the first time
[2022.03.14-14.59.07:325][  0]LogInit: FAudioDevice initialized.
[2022.03.14-14.59.07:327][  0]LogAudio: Display: Audio Device (ID: 1) registered with world 'Untitled'.
[2022.03.14-14.59.07:329][  0]LogNetVersion: Set ProjectVersion to 1.0.0.0. Version Checksum will be recalculated on next use.
[2022.03.14-14.59.07:413][  0]LogDerivedDataCache: Saved boot cache 0.08s 103MB C:/Users/Artem/AppData/Local/UnrealEngine/4.27/DerivedDataCache/Boot.ddc.
[2022.03.14-14.59.07:416][  0]LogInit: Texture streaming: Enabled
[2022.03.14-14.59.07:483][  0]LogAnalytics: Display: [UEEditor.Rocket.Release] APIServer = https://datarouter.ol.epicgames.com/. AppVersion = 4.27.2-18319896+++UE4+Release-4.27
[2022.03.14-14.59.07:488][  0]LogEngineSessionManager: EngineSessionManager initialized
[2022.03.14-14.59.07:489][  0]LogEditorSessionSummary: Verbose: Initializing EditorSessionSummaryWriter for editor session tracking
[2022.03.14-14.59.07:491][  0]LogEditorSessionSummary: EditorSessionSummaryWriter initialized
[2022.03.14-14.59.07:531][  0]LogInit: Transaction tracking system initialized
[2022.03.14-14.59.07:589][  0]BlueprintLog: New page: Editor Load
[2022.03.14-14.59.07:781][  0]LocalizationService: Localization service is disabled
[2022.03.14-14.59.07:851][  0]TimingProfiler: Initialize
[2022.03.14-14.59.07:853][  0]TimingProfiler: OnSessionChanged
[2022.03.14-14.59.07:854][  0]LoadingProfiler: Initialize
[2022.03.14-14.59.07:854][  0]LoadingProfiler: OnSessionChanged
[2022.03.14-14.59.07:854][  0]NetworkingProfiler: Initialize
[2022.03.14-14.59.07:855][  0]NetworkingProfiler: OnSessionChanged
[2022.03.14-14.59.07:855][  0]MemoryProfiler: Initialize
[2022.03.14-14.59.07:855][  0]MemoryProfiler: OnSessionChanged
[2022.03.14-14.59.08:090][  0]LogCook: Display: CookSettings for Memory: MemoryMaxUsedVirtual 0MiB, MemoryMaxUsedPhysical 16384MiB, MemoryMinFreeVirtual 0MiB, MemoryMinFreePhysical 1024MiB
[2022.03.14-14.59.08:090][  0]LogCook: Display: Mobile HDR setting 1
[2022.03.14-14.59.08:235][  0]LogFileCache: Scanning file cache for directory 'E:/UE4/Projects/WargamingAcademy/Cyberpunk2022/Content/' took 0.01s
[2022.03.14-14.59.08:657][  0]LogInit: Display: Engine is initialized. Leaving FEngineLoop::Init()
[2022.03.14-14.59.08:668][  0]SourceControl: Source control is disabled
[2022.03.14-14.59.08:669][  0]LogUnrealEdMisc: Loading editor; pre map load, took 14.115
[2022.03.14-14.59.08:673][  0]Cmd: MAP LOAD FILE="../../../../Projects/WargamingAcademy/Cyberpunk2022/Content/FirstPersonCPP/Maps/bloking_new.umap" TEMPLATE=0 SHOWPROGRESS=1 FEATURELEVEL=3
[2022.03.14-14.59.08:675][  0]LightingResults: New page: Lighting Build
[2022.03.14-14.59.08:691][  0]LogWorld: UWorld::CleanupWorld for Untitled, bSessionEnded=true, bCleanupResources=true
[2022.03.14-14.59.08:696][  0]LogSlate: InvalidateAllWidgets triggered.  All widgets were invalidated
[2022.03.14-14.59.08:702][  0]MapCheck: New page: Map Check
[2022.03.14-14.59.08:702][  0]LightingResults: New page: Lighting Build
[2022.03.14-14.59.08:726][  0]LogAudio: Display: Audio Device unregistered from world 'None'.
[2022.03.14-14.59.08:758][  0]LogUObjectHash: Compacting FUObjectHashTables data took   1.29ms
[2022.03.14-14.59.09:639][  0]LogAudio: Display: Audio Device (ID: 1) registered with world 'bloking_new'.
[2022.03.14-14.59.09:640][  0]LogAIModule: Creating AISystem for world bloking_new
[2022.03.14-14.59.09:874][  0]LogEditorServer: Finished looking for orphan Actors (0.001 secs)
[2022.03.14-14.59.09:993][  0]LogUObjectHash: Compacting FUObjectHashTables data took   1.70ms
[2022.03.14-14.59.09:995][  0]Cmd: MAP CHECKDEP NOCLEARLOG
[2022.03.14-14.59.09:996][  0]MapCheck: Map check complete: 0 Error(s), 0 Warning(s), took 0.827ms to complete.
[2022.03.14-14.59.09:996][  0]LogFileHelpers: Loading map 'bloking_new' took 1.325
[2022.03.14-14.59.10:065][  0]LogUnrealEdMisc: Total Editor Startup Time, took 15.511
[2022.03.14-14.59.10:294][  0]LogSlate: Updating window title bar state: overlay mode, drag disabled, window buttons hidden, title bar hidden
[2022.03.14-14.59.10:304][  0]LogSlate: Updating window title bar state: overlay mode, drag disabled, window buttons hidden, title bar hidden
[2022.03.14-14.59.10:311][  0]LogSlate: Updating window title bar state: overlay mode, drag disabled, window buttons hidden, title bar hidden
[2022.03.14-14.59.10:318][  0]LogSlate: Updating window title bar state: overlay mode, drag disabled, window buttons hidden, title bar hidden
[2022.03.14-14.59.10:388][  0]LogNativeClassHierarchy: Verbose: Native class hierarchy populated in 0.0110 seconds. Added 3832 classes and 930 folders.
[2022.03.14-14.59.10:414][  0]LogNativeClassHierarchy: Verbose: Native class hierarchy updated for 'WidgetCarousel' in 0.0004 seconds. Added 0 classes and 0 folders.
[2022.03.14-14.59.10:423][  0]LogPakFile: PakFile PrimaryIndexSize=187
[2022.03.14-14.59.10:424][  0]LogPakFile: PakFile PathHashIndexSize=101
[2022.03.14-14.59.10:424][  0]LogPakFile: PakFile FullDirectoryIndexSize=148
[2022.03.14-14.59.10:425][  0]LogShaderLibrary: Display: ShaderCodeLibraryPakFileMountedCallback: PakFile 'E:/UE4/UE_4.27/FeaturePacks/FP_FirstPerson.upack' (chunk index -1, root 'root:/') mounted
[2022.03.14-14.59.10:425][  0]LogShaderLibrary: Display: ShaderCodeLibraryPakFileMountedCallback: pending pak file info (ChunkID:-1 Root:root:/ File:E:/UE4/UE_4.27/FeaturePacks/FP_FirstPerson.upack)
[2022.03.14-14.59.10:426][  0]LogPakFile: OnPakFileMounted2Time == 0.001993
[2022.03.14-14.59.10:434][  0]LogPakFile: PakFile PrimaryIndexSize=189
[2022.03.14-14.59.10:434][  0]LogPakFile: PakFile PathHashIndexSize=101
[2022.03.14-14.59.10:434][  0]LogPakFile: PakFile FullDirectoryIndexSize=152
[2022.03.14-14.59.10:434][  0]LogShaderLibrary: Display: ShaderCodeLibraryPakFileMountedCallback: PakFile 'E:/UE4/UE_4.27/FeaturePacks/FP_FirstPersonBP.upack' (chunk index -1, root 'root:/') mounted
[2022.03.14-14.59.10:435][  0]LogShaderLibrary: Display: ShaderCodeLibraryPakFileMountedCallback: pending pak file info (ChunkID:-1 Root:root:/ File:E:/UE4/UE_4.27/FeaturePacks/FP_FirstPersonBP.upack)
[2022.03.14-14.59.10:435][  0]LogPakFile: OnPakFileMounted2Time == 0.000429
[2022.03.14-14.59.10:437][  0]LogPakFile: PakFile PrimaryIndexSize=191
[2022.03.14-14.59.10:437][  0]LogPakFile: PakFile PathHashIndexSize=101
[2022.03.14-14.59.10:437][  0]LogPakFile: PakFile FullDirectoryIndexSize=160
[2022.03.14-14.59.10:437][  0]LogShaderLibrary: Display: ShaderCodeLibraryPakFileMountedCallback: PakFile 'E:/UE4/UE_4.27/FeaturePacks/MobileStarterContent.upack' (chunk index -1, root 'root:/') mounted
[2022.03.14-14.59.10:437][  0]LogShaderLibrary: Display: ShaderCodeLibraryPakFileMountedCallback: pending pak file info (ChunkID:-1 Root:root:/ File:E:/UE4/UE_4.27/FeaturePacks/MobileStarterContent.upack)
[2022.03.14-14.59.10:437][  0]LogPakFile: OnPakFileMounted2Time == 0.000096
[2022.03.14-14.59.10:438][  0]LogPakFile: PakFile PrimaryIndexSize=185
[2022.03.14-14.59.10:438][  0]LogPakFile: PakFile PathHashIndexSize=101
[2022.03.14-14.59.10:438][  0]LogPakFile: PakFile FullDirectoryIndexSize=148
[2022.03.14-14.59.10:438][  0]LogShaderLibrary: Display: ShaderCodeLibraryPakFileMountedCallback: PakFile 'E:/UE4/UE_4.27/FeaturePacks/StarterContent.upack' (chunk index -1, root 'root:/') mounted
[2022.03.14-14.59.10:438][  0]LogShaderLibrary: Display: ShaderCodeLibraryPakFileMountedCallback: pending pak file info (ChunkID:-1 Root:root:/ File:E:/UE4/UE_4.27/FeaturePacks/StarterContent.upack)
[2022.03.14-14.59.10:439][  0]LogPakFile: OnPakFileMounted2Time == 0.000092
[2022.03.14-14.59.10:440][  0]LogPakFile: PakFile PrimaryIndexSize=190
[2022.03.14-14.59.10:440][  0]LogPakFile: PakFile PathHashIndexSize=101
[2022.03.14-14.59.10:440][  0]LogPakFile: PakFile FullDirectoryIndexSize=154
[2022.03.14-14.59.10:440][  0]LogShaderLibrary: Display: ShaderCodeLibraryPakFileMountedCallback: PakFile 'E:/UE4/UE_4.27/FeaturePacks/TP_2DSideScroller.upack' (chunk index -1, root 'root:/') mounted
[2022.03.14-14.59.10:440][  0]LogShaderLibrary: Display: ShaderCodeLibraryPakFileMountedCallback: pending pak file info (ChunkID:-1 Root:root:/ File:E:/UE4/UE_4.27/FeaturePacks/TP_2DSideScroller.upack)
[2022.03.14-14.59.10:440][  0]LogPakFile: OnPakFileMounted2Time == 0.000105
[2022.03.14-14.59.10:442][  0]LogPakFile: PakFile PrimaryIndexSize=192
[2022.03.14-14.59.10:442][  0]LogPakFile: PakFile PathHashIndexSize=101
[2022.03.14-14.59.10:442][  0]LogPakFile: PakFile FullDirectoryIndexSize=158
[2022.03.14-14.59.10:443][  0]LogShaderLibrary: Display: ShaderCodeLibraryPakFileMountedCallback: PakFile 'E:/UE4/UE_4.27/FeaturePacks/TP_2DSideScrollerBP.upack' (chunk index -1, root 'root:/') mounted
[2022.03.14-14.59.10:443][  0]LogShaderLibrary: Display: ShaderCodeLibraryPakFileMountedCallback: pending pak file info (ChunkID:-1 Root:root:/ File:E:/UE4/UE_4.27/FeaturePacks/TP_2DSideScrollerBP.upack)
[2022.03.14-14.59.10:443][  0]LogPakFile: OnPakFileMounted2Time == 0.000116
[2022.03.14-14.59.10:444][  0]LogPakFile: PakFile PrimaryIndexSize=182
[2022.03.14-14.59.10:444][  0]LogPakFile: PakFile PathHashIndexSize=101
[2022.03.14-14.59.10:444][  0]LogPakFile: PakFile FullDirectoryIndexSize=138
[2022.03.14-14.59.10:444][  0]LogShaderLibrary: Display: ShaderCodeLibraryPakFileMountedCallback: PakFile 'E:/UE4/UE_4.27/FeaturePacks/TP_Flying.upack' (chunk index -1, root 'root:/') mounted
[2022.03.14-14.59.10:444][  0]LogShaderLibrary: Display: ShaderCodeLibraryPakFileMountedCallback: pending pak file info (ChunkID:-1 Root:root:/ File:E:/UE4/UE_4.27/FeaturePacks/TP_Flying.upack)
[2022.03.14-14.59.10:444][  0]LogPakFile: OnPakFileMounted2Time == 0.000101
[2022.03.14-14.59.10:446][  0]LogPakFile: PakFile PrimaryIndexSize=184
[2022.03.14-14.59.10:446][  0]LogPakFile: PakFile PathHashIndexSize=101
[2022.03.14-14.59.10:446][  0]LogPakFile: PakFile FullDirectoryIndexSize=142
[2022.03.14-14.59.10:446][  0]LogShaderLibrary: Display: ShaderCodeLibraryPakFileMountedCallback: PakFile 'E:/UE4/UE_4.27/FeaturePacks/TP_FlyingBP.upack' (chunk index -1, root 'root:/') mounted
[2022.03.14-14.59.10:446][  0]LogShaderLibrary: Display: ShaderCodeLibraryPakFileMountedCallback: pending pak file info (ChunkID:-1 Root:root:/ File:E:/UE4/UE_4.27/FeaturePacks/TP_FlyingBP.upack)
[2022.03.14-14.59.10:446][  0]LogPakFile: OnPakFileMounted2Time == 0.000115
[2022.03.14-14.59.10:448][  0]LogPakFile: PakFile PrimaryIndexSize=188
[2022.03.14-14.59.10:448][  0]LogPakFile: PakFile PathHashIndexSize=101
[2022.03.14-14.59.10:448][  0]LogPakFile: PakFile FullDirectoryIndexSize=150
[2022.03.14-14.59.10:448][  0]LogShaderLibrary: Display: ShaderCodeLibraryPakFileMountedCallback: PakFile 'E:/UE4/UE_4.27/FeaturePacks/TP_HandheldARBP.upack' (chunk index -1, root 'root:/') mounted
[2022.03.14-14.59.10:448][  0]LogShaderLibrary: Display: ShaderCodeLibraryPakFileMountedCallback: pending pak file info (ChunkID:-1 Root:root:/ File:E:/UE4/UE_4.27/FeaturePacks/TP_HandheldARBP.upack)
[2022.03.14-14.59.10:448][  0]LogPakFile: OnPakFileMounted2Time == 0.000128
[2022.03.14-14.59.10:451][  0]LogPakFile: PakFile PrimaryIndexSize=182
[2022.03.14-14.59.10:451][  0]LogPakFile: PakFile PathHashIndexSize=101
[2022.03.14-14.59.10:451][  0]LogPakFile: PakFile FullDirectoryIndexSize=138
[2022.03.14-14.59.10:451][  0]LogShaderLibrary: Display: ShaderCodeLibraryPakFileMountedCallback: PakFile 'E:/UE4/UE_4.27/FeaturePacks/TP_Puzzle.upack' (chunk index -1, root 'root:/') mounted
[2022.03.14-14.59.10:451][  0]LogShaderLibrary: Display: ShaderCodeLibraryPakFileMountedCallback: pending pak file info (ChunkID:-1 Root:root:/ File:E:/UE4/UE_4.27/FeaturePacks/TP_Puzzle.upack)
[2022.03.14-14.59.10:451][  0]LogPakFile: OnPakFileMounted2Time == 0.000113
[2022.03.14-14.59.10:452][  0]LogPakFile: PakFile PrimaryIndexSize=184
[2022.03.14-14.59.10:452][  0]LogPakFile: PakFile PathHashIndexSize=101
[2022.03.14-14.59.10:453][  0]LogPakFile: PakFile FullDirectoryIndexSize=142
[2022.03.14-14.59.10:453][  0]LogShaderLibrary: Display: ShaderCodeLibraryPakFileMountedCallback: PakFile 'E:/UE4/UE_4.27/FeaturePacks/TP_PuzzleBP.upack' (chunk index -1, root 'root:/') mounted
[2022.03.14-14.59.10:453][  0]LogShaderLibrary: Display: ShaderCodeLibraryPakFileMountedCallback: pending pak file info (ChunkID:-1 Root:root:/ File:E:/UE4/UE_4.27/FeaturePacks/TP_PuzzleBP.upack)
[2022.03.14-14.59.10:453][  0]LogPakFile: OnPakFileMounted2Time == 0.000083
[2022.03.14-14.59.10:454][  0]LogPakFile: PakFile PrimaryIndexSize=183
[2022.03.14-14.59.10:454][  0]LogPakFile: PakFile PathHashIndexSize=101
[2022.03.14-14.59.10:454][  0]LogPakFile: PakFile FullDirectoryIndexSize=140
[2022.03.14-14.59.10:454][  0]LogShaderLibrary: Display: ShaderCodeLibraryPakFileMountedCallback: PakFile 'E:/UE4/UE_4.27/FeaturePacks/TP_Rolling.upack' (chunk index -1, root 'root:/') mounted
[2022.03.14-14.59.10:454][  0]LogShaderLibrary: Display: ShaderCodeLibraryPakFileMountedCallback: pending pak file info (ChunkID:-1 Root:root:/ File:E:/UE4/UE_4.27/FeaturePacks/TP_Rolling.upack)
[2022.03.14-14.59.10:454][  0]LogPakFile: OnPakFileMounted2Time == 0.000099
[2022.03.14-14.59.10:456][  0]LogPakFile: PakFile PrimaryIndexSize=185
[2022.03.14-14.59.10:457][  0]LogPakFile: PakFile PathHashIndexSize=101
[2022.03.14-14.59.10:457][  0]LogPakFile: PakFile FullDirectoryIndexSize=144
[2022.03.14-14.59.10:457][  0]LogShaderLibrary: Display: ShaderCodeLibraryPakFileMountedCallback: PakFile 'E:/UE4/UE_4.27/FeaturePacks/TP_RollingBP.upack' (chunk index -1, root 'root:/') mounted
[2022.03.14-14.59.10:457][  0]LogShaderLibrary: Display: ShaderCodeLibraryPakFileMountedCallback: pending pak file info (ChunkID:-1 Root:root:/ File:E:/UE4/UE_4.27/FeaturePacks/TP_RollingBP.upack)
[2022.03.14-14.59.10:457][  0]LogPakFile: OnPakFileMounted2Time == 0.000143
[2022.03.14-14.59.10:459][  0]LogPakFile: PakFile PrimaryIndexSize=188
[2022.03.14-14.59.10:459][  0]LogPakFile: PakFile PathHashIndexSize=101
[2022.03.14-14.59.10:459][  0]LogPakFile: PakFile FullDirectoryIndexSize=150
[2022.03.14-14.59.10:459][  0]LogShaderLibrary: Display: ShaderCodeLibraryPakFileMountedCallback: PakFile 'E:/UE4/UE_4.27/FeaturePacks/TP_SideScroller.upack' (chunk index -1, root 'root:/') mounted
[2022.03.14-14.59.10:459][  0]LogShaderLibrary: Display: ShaderCodeLibraryPakFileMountedCallback: pending pak file info (ChunkID:-1 Root:root:/ File:E:/UE4/UE_4.27/FeaturePacks/TP_SideScroller.upack)
[2022.03.14-14.59.10:459][  0]LogPakFile: OnPakFileMounted2Time == 0.000094
[2022.03.14-14.59.10:460][  0]LogPakFile: PakFile PrimaryIndexSize=190
[2022.03.14-14.59.10:460][  0]LogPakFile: PakFile PathHashIndexSize=101
[2022.03.14-14.59.10:460][  0]LogPakFile: PakFile FullDirectoryIndexSize=154
[2022.03.14-14.59.10:460][  0]LogShaderLibrary: Display: ShaderCodeLibraryPakFileMountedCallback: PakFile 'E:/UE4/UE_4.27/FeaturePacks/TP_SideScrollerBP.upack' (chunk index -1, root 'root:/') mounted
[2022.03.14-14.59.10:460][  0]LogShaderLibrary: Display: ShaderCodeLibraryPakFileMountedCallback: pending pak file info (ChunkID:-1 Root:root:/ File:E:/UE4/UE_4.27/FeaturePacks/TP_SideScrollerBP.upack)
[2022.03.14-14.59.10:460][  0]LogPakFile: OnPakFileMounted2Time == 0.000111
[2022.03.14-14.59.10:462][  0]LogPakFile: PakFile PrimaryIndexSize=187
[2022.03.14-14.59.10:462][  0]LogPakFile: PakFile PathHashIndexSize=101
[2022.03.14-14.59.10:462][  0]LogPakFile: PakFile FullDirectoryIndexSize=148
[2022.03.14-14.59.10:462][  0]LogShaderLibrary: Display: ShaderCodeLibraryPakFileMountedCallback: PakFile 'E:/UE4/UE_4.27/FeaturePacks/TP_ThirdPerson.upack' (chunk index -1, root 'root:/') mounted
[2022.03.14-14.59.10:462][  0]LogShaderLibrary: Display: ShaderCodeLibraryPakFileMountedCallback: pending pak file info (ChunkID:-1 Root:root:/ File:E:/UE4/UE_4.27/FeaturePacks/TP_ThirdPerson.upack)
[2022.03.14-14.59.10:462][  0]LogPakFile: OnPakFileMounted2Time == 0.000112
[2022.03.14-14.59.10:464][  0]LogPakFile: PakFile PrimaryIndexSize=189
[2022.03.14-14.59.10:464][  0]LogPakFile: PakFile PathHashIndexSize=101
[2022.03.14-14.59.10:464][  0]LogPakFile: PakFile FullDirectoryIndexSize=152
[2022.03.14-14.59.10:464][  0]LogShaderLibrary: Display: ShaderCodeLibraryPakFileMountedCallback: PakFile 'E:/UE4/UE_4.27/FeaturePacks/TP_ThirdPersonBP.upack' (chunk index -1, root 'root:/') mounted
[2022.03.14-14.59.10:464][  0]LogShaderLibrary: Display: ShaderCodeLibraryPakFileMountedCallback: pending pak file info (ChunkID:-1 Root:root:/ File:E:/UE4/UE_4.27/FeaturePacks/TP_ThirdPersonBP.upack)
[2022.03.14-14.59.10:464][  0]LogPakFile: OnPakFileMounted2Time == 0.000103
[2022.03.14-14.59.10:465][  0]LogPakFile: PakFile PrimaryIndexSize=183
[2022.03.14-14.59.10:465][  0]LogPakFile: PakFile PathHashIndexSize=101
[2022.03.14-14.59.10:465][  0]LogPakFile: PakFile FullDirectoryIndexSize=140
[2022.03.14-14.59.10:465][  0]LogShaderLibrary: Display: ShaderCodeLibraryPakFileMountedCallback: PakFile 'E:/UE4/UE_4.27/FeaturePacks/TP_TopDown.upack' (chunk index -1, root 'root:/') mounted
[2022.03.14-14.59.10:465][  0]LogShaderLibrary: Display: ShaderCodeLibraryPakFileMountedCallback: pending pak file info (ChunkID:-1 Root:root:/ File:E:/UE4/UE_4.27/FeaturePacks/TP_TopDown.upack)
[2022.03.14-14.59.10:465][  0]LogPakFile: OnPakFileMounted2Time == 0.000103
[2022.03.14-14.59.10:467][  0]LogPakFile: PakFile PrimaryIndexSize=185
[2022.03.14-14.59.10:467][  0]LogPakFile: PakFile PathHashIndexSize=101
[2022.03.14-14.59.10:467][  0]LogPakFile: PakFile FullDirectoryIndexSize=144
[2022.03.14-14.59.10:467][  0]LogShaderLibrary: Display: ShaderCodeLibraryPakFileMountedCallback: PakFile 'E:/UE4/UE_4.27/FeaturePacks/TP_TopDownBP.upack' (chunk index -1, root 'root:/') mounted
[2022.03.14-14.59.10:467][  0]LogShaderLibrary: Display: ShaderCodeLibraryPakFileMountedCallback: pending pak file info (ChunkID:-1 Root:root:/ File:E:/UE4/UE_4.27/FeaturePacks/TP_TopDownBP.upack)
[2022.03.14-14.59.10:467][  0]LogPakFile: OnPakFileMounted2Time == 0.000101
[2022.03.14-14.59.10:469][  0]LogPakFile: PakFile PrimaryIndexSize=185
[2022.03.14-14.59.10:469][  0]LogPakFile: PakFile PathHashIndexSize=101
[2022.03.14-14.59.10:469][  0]LogPakFile: PakFile FullDirectoryIndexSize=144
[2022.03.14-14.59.10:469][  0]LogShaderLibrary: Display: ShaderCodeLibraryPakFileMountedCallback: PakFile 'E:/UE4/UE_4.27/FeaturePacks/TP_TwinStick.upack' (chunk index -1, root 'root:/') mounted
[2022.03.14-14.59.10:469][  0]LogShaderLibrary: Display: ShaderCodeLibraryPakFileMountedCallback: pending pak file info (ChunkID:-1 Root:root:/ File:E:/UE4/UE_4.27/FeaturePacks/TP_TwinStick.upack)
[2022.03.14-14.59.10:469][  0]LogPakFile: OnPakFileMounted2Time == 0.000127
[2022.03.14-14.59.10:471][  0]LogPakFile: PakFile PrimaryIndexSize=187
[2022.03.14-14.59.10:471][  0]LogPakFile: PakFile PathHashIndexSize=101
[2022.03.14-14.59.10:471][  0]LogPakFile: PakFile FullDirectoryIndexSize=148
[2022.03.14-14.59.10:471][  0]LogShaderLibrary: Display: ShaderCodeLibraryPakFileMountedCallback: PakFile 'E:/UE4/UE_4.27/FeaturePacks/TP_TwinStickBP.upack' (chunk index -1, root 'root:/') mounted
[2022.03.14-14.59.10:471][  0]LogShaderLibrary: Display: ShaderCodeLibraryPakFileMountedCallback: pending pak file info (ChunkID:-1 Root:root:/ File:E:/UE4/UE_4.27/FeaturePacks/TP_TwinStickBP.upack)
[2022.03.14-14.59.10:471][  0]LogPakFile: OnPakFileMounted2Time == 0.000088
[2022.03.14-14.59.10:473][  0]LogPakFile: PakFile PrimaryIndexSize=183
[2022.03.14-14.59.10:473][  0]LogPakFile: PakFile PathHashIndexSize=101
[2022.03.14-14.59.10:473][  0]LogPakFile: PakFile FullDirectoryIndexSize=140
[2022.03.14-14.59.10:473][  0]LogShaderLibrary: Display: ShaderCodeLibraryPakFileMountedCallback: PakFile 'E:/UE4/UE_4.27/FeaturePacks/TP_Vehicle.upack' (chunk index -1, root 'root:/') mounted
[2022.03.14-14.59.10:473][  0]LogShaderLibrary: Display: ShaderCodeLibraryPakFileMountedCallback: pending pak file info (ChunkID:-1 Root:root:/ File:E:/UE4/UE_4.27/FeaturePacks/TP_Vehicle.upack)
[2022.03.14-14.59.10:473][  0]LogPakFile: OnPakFileMounted2Time == 0.000089
[2022.03.14-14.59.10:474][  0]LogPakFile: PakFile PrimaryIndexSize=186
[2022.03.14-14.59.10:474][  0]LogPakFile: PakFile PathHashIndexSize=101
[2022.03.14-14.59.10:474][  0]LogPakFile: PakFile FullDirectoryIndexSize=146
[2022.03.14-14.59.10:474][  0]LogShaderLibrary: Display: ShaderCodeLibraryPakFileMountedCallback: PakFile 'E:/UE4/UE_4.27/FeaturePacks/TP_VehicleAdv.upack' (chunk index -1, root 'root:/') mounted
[2022.03.14-14.59.10:475][  0]LogShaderLibrary: Display: ShaderCodeLibraryPakFileMountedCallback: pending pak file info (ChunkID:-1 Root:root:/ File:E:/UE4/UE_4.27/FeaturePacks/TP_VehicleAdv.upack)
[2022.03.14-14.59.10:475][  0]LogPakFile: OnPakFileMounted2Time == 0.000116
[2022.03.14-14.59.10:476][  0]LogPakFile: PakFile PrimaryIndexSize=188
[2022.03.14-14.59.10:477][  0]LogPakFile: PakFile PathHashIndexSize=101
[2022.03.14-14.59.10:477][  0]LogPakFile: PakFile FullDirectoryIndexSize=150
[2022.03.14-14.59.10:477][  0]LogShaderLibrary: Display: ShaderCodeLibraryPakFileMountedCallback: PakFile 'E:/UE4/UE_4.27/FeaturePacks/TP_VehicleAdvBP.upack' (chunk index -1, root 'root:/') mounted
[2022.03.14-14.59.10:477][  0]LogShaderLibrary: Display: ShaderCodeLibraryPakFileMountedCallback: pending pak file info (ChunkID:-1 Root:root:/ File:E:/UE4/UE_4.27/FeaturePacks/TP_VehicleAdvBP.upack)
[2022.03.14-14.59.10:477][  0]LogPakFile: OnPakFileMounted2Time == 0.000099
[2022.03.14-14.59.10:478][  0]LogPakFile: PakFile PrimaryIndexSize=185
[2022.03.14-14.59.10:478][  0]LogPakFile: PakFile PathHashIndexSize=101
[2022.03.14-14.59.10:478][  0]LogPakFile: PakFile FullDirectoryIndexSize=144
[2022.03.14-14.59.10:478][  0]LogShaderLibrary: Display: ShaderCodeLibraryPakFileMountedCallback: PakFile 'E:/UE4/UE_4.27/FeaturePacks/TP_VehicleBP.upack' (chunk index -1, root 'root:/') mounted
[2022.03.14-14.59.10:478][  0]LogShaderLibrary: Display: ShaderCodeLibraryPakFileMountedCallback: pending pak file info (ChunkID:-1 Root:root:/ File:E:/UE4/UE_4.27/FeaturePacks/TP_VehicleBP.upack)
[2022.03.14-14.59.10:478][  0]LogPakFile: OnPakFileMounted2Time == 0.000094
[2022.03.14-14.59.10:480][  0]LogPakFile: PakFile PrimaryIndexSize=192
[2022.03.14-14.59.10:480][  0]LogPakFile: PakFile PathHashIndexSize=101
[2022.03.14-14.59.10:480][  0]LogPakFile: PakFile FullDirectoryIndexSize=158
[2022.03.14-14.59.10:480][  0]LogShaderLibrary: Display: ShaderCodeLibraryPakFileMountedCallback: PakFile 'E:/UE4/UE_4.27/FeaturePacks/TP_VirtualRealityBP.upack' (chunk index -1, root 'root:/') mounted
[2022.03.14-14.59.10:480][  0]LogShaderLibrary: Display: ShaderCodeLibraryPakFileMountedCallback: pending pak file info (ChunkID:-1 Root:root:/ File:E:/UE4/UE_4.27/FeaturePacks/TP_VirtualRealityBP.upack)
[2022.03.14-14.59.10:480][  0]LogPakFile: OnPakFileMounted2Time == 0.000099
[2022.03.14-14.59.10:597][  0]LogNativeClassHierarchy: Verbose: Native class hierarchy updated for 'AddContentDialog' in 0.0004 seconds. Added 0 classes and 0 folders.
[2022.03.14-14.59.10:606][  0]LogNativeClassHierarchy: Verbose: Native class hierarchy updated for 'SceneOutliner' in 0.0003 seconds. Added 2 classes and 0 folders.
[2022.03.14-14.59.10:862][  0]LogSlate: Took 0.001530 seconds to synchronously load lazily loaded font '../../../Engine/Content/Slate/Fonts/Roboto-Regular.ttf' (155K)
[2022.03.14-14.59.10:865][  0]LogSlate: Took 0.001006 seconds to synchronously load lazily loaded font '../../../Engine/Content/Editor/Slate/Fonts/FontAwesome.ttf' (139K)
[2022.03.14-14.59.10:871][  0]LogSlate: Took 0.000937 seconds to synchronously load lazily loaded font '../../../Engine/Content/Slate/Fonts/Roboto-Bold.ttf' (160K)
[2022.03.14-14.59.11:088][  0]LogRenderer: Reallocating scene render targets to support 1256x572 Format 10 NumSamples 1 (Frame:1).
[2022.03.14-14.59.11:299][  0]LogSlate: Took 0.000968 seconds to synchronously load lazily loaded font '../../../Engine/Content/Slate/Fonts/Roboto-Light.ttf' (167K)
[2022.03.14-14.59.11:450][  0]LogNativeClassHierarchy: Verbose: Native class hierarchy updated for 'HierarchicalLODOutliner' in 0.0007 seconds. Added 0 classes and 0 folders.
[2022.03.14-14.59.11:451][  0]LogLoad: (Engine Initialization) Total time: 16.90 seconds
[2022.03.14-14.59.11:452][  0]LogLoad: (Engine Initialization) Total Blueprint compile time: 0.00 seconds
[2022.03.14-14.59.11:596][  0]LogContentStreaming: Texture pool size now 1000 MB
[2022.03.14-14.59.11:672][  1]LogAssetRegistry: Asset discovery search completed in 10.4839 seconds
[2022.03.14-14.59.11:689][  1]LogCollectionManager: Fixed up redirectors for 0 collections in 0.000427 seconds (updated 0 objects)
[2022.03.14-14.59.16:679][ 16]LogFileCache: Retrieving MD5 hashes for directory 'E:/UE4/Projects/WargamingAcademy/Cyberpunk2022/Content/' took 5.17s
[2022.03.14-14.59.38:888][ 86]LogTemp: Repeating last play command: New Editor Window (PIE)
[2022.03.14-14.59.38:899][ 86]LogPlayLevel: PlayLevel: No blueprints needed recompiling
[2022.03.14-14.59.38:905][ 86]PIE: New page: PIE session: bloking_new (Mar 14, 2022, 8:59:38 PM)
[2022.03.14-14.59.38:913][ 86]LogOnline: OSS: Creating online subsystem instance for: NULL
[2022.03.14-14.59.38:916][ 86]LogOnline: OSS: TryLoadSubsystemAndSetDefault: Loaded subsystem for module [NULL]
[2022.03.14-14.59.38:918][ 86]LogPlayLevel: Creating play world package: /Game/FirstPersonCPP/Maps/UEDPIE_0_bloking_new
[2022.03.14-14.59.39:088][ 86]LogPlayLevel: PIE: StaticDuplicateObject took: (0.169912s)
[2022.03.14-14.59.39:091][ 86]LogAIModule: Creating AISystem for world bloking_new
[2022.03.14-14.59.39:093][ 86]LogPlayLevel: PIE: World Init took: (0.003679s)
[2022.03.14-14.59.39:093][ 86]LogPlayLevel: PIE: Created PIE world by copying editor world from /Game/FirstPersonCPP/Maps/bloking_new.bloking_new to /Game/FirstPersonCPP/Maps/UEDPIE_0_bloking_new.bloking_new (0.174886s)
[2022.03.14-14.59.39:100][ 86]LogUObjectHash: Compacting FUObjectHashTables data took   1.32ms
[2022.03.14-14.59.39:111][ 86]LogAudio: Display: Creating Audio Device:                 Id: 2, Scope: Unique, Realtime: True
[2022.03.14-14.59.39:111][ 86]LogAudioMixer: Display: Audio Mixer Platform Settings:
[2022.03.14-14.59.39:111][ 86]LogAudioMixer: Display: 	Sample Rate:						  48000
[2022.03.14-14.59.39:111][ 86]LogAudioMixer: Display: 	Callback Buffer Frame Size Requested: 1024
[2022.03.14-14.59.39:112][ 86]LogAudioMixer: Display: 	Callback Buffer Frame Size To Use:	  1024
[2022.03.14-14.59.39:112][ 86]LogAudioMixer: Display: 	Number of buffers to queue:			  2
[2022.03.14-14.59.39:112][ 86]LogAudioMixer: Display: 	Max Channels (voices):				  32
[2022.03.14-14.59.39:112][ 86]LogAudioMixer: Display: 	Number of Async Source Workers:		  0
[2022.03.14-14.59.39:112][ 86]LogAudio: Display: AudioDevice MaxSources: 32
[2022.03.14-14.59.39:112][ 86]LogAudio: Display: Audio Spatialization Plugin: None (built-in).
[2022.03.14-14.59.39:112][ 86]LogAudio: Display: Audio Reverb Plugin: None (built-in).
[2022.03.14-14.59.39:112][ 86]LogAudio: Display: Audio Occlusion Plugin: None (built-in).
[2022.03.14-14.59.39:113][ 86]LogAudioMixer: Display: Initializing audio mixer.
[2022.03.14-14.59.39:114][ 86]LogAudioMixer: Display: 0: FrontLeft
[2022.03.14-14.59.39:114][ 86]LogAudioMixer: Display: 1: FrontRight
[2022.03.14-14.59.39:188][ 86]LogAudioMixer: Display: Using Audio Device Headphones (Realtek(R) Audio)
[2022.03.14-14.59.39:188][ 86]LogAudioMixer: Display: Initializing Sound Submixes...
[2022.03.14-14.59.39:188][ 86]LogAudioMixer: Display: Creating Master Submix 'MasterSubmixDefault'
[2022.03.14-14.59.39:188][ 86]LogAudioMixer: Display: Creating Master Submix 'MasterReverbSubmixDefault'
[2022.03.14-14.59.39:189][ 86]LogAudioMixer: Display: Creating Master Submix 'MasterEQSubmixDefault'
[2022.03.14-14.59.39:189][ 86]LogAudioMixer: FMixerPlatformXAudio2::StartAudioStream() called
[2022.03.14-14.59.39:189][ 86]LogAudioMixer: Display: Output buffers initialized: Frames=1024, Channels=2, Samples=2048
[2022.03.14-14.59.39:193][ 86]LogAudioMixer: Display: Starting AudioMixerPlatformInterface::RunInternal()
[2022.03.14-14.59.39:193][ 86]LogAudioMixer: Display: FMixerPlatformXAudio2::SubmitBuffer() called for the first time
[2022.03.14-14.59.39:193][ 86]LogInit: FAudioDevice initialized.
[2022.03.14-14.59.39:193][ 86]LogAudio: Display: Audio Device (ID: 2) registered with world 'bloking_new'.
[2022.03.14-14.59.39:222][ 86]LogSlate: Updating window title bar state: overlay mode, drag disabled, window buttons hidden, title bar hidden
[2022.03.14-14.59.39:281][ 86]LogLoad: Game class is 'BP_ShooterGameMode_C'
