Log file open, 03/15/22 16:55:25
LogWindows: Failed to load 'aqProf.dll' (GetLastError=126)
LogWindows: File 'aqProf.dll' does not exist
LogWindows: Failed to load 'VtuneApi.dll' (GetLastError=126)
LogWindows: File 'VtuneApi.dll' does not exist
LogWindows: Failed to load 'VtuneApi32e.dll' (GetLastError=126)
LogWindows: File 'VtuneApi32e.dll' does not exist
LogConsoleResponse: Display: Failed to find resolution value strings in scalability ini. Falling back to default.
LogConsoleResponse: Display: Failed to find resolution value strings in scalability ini. Falling back to default.
LogInit: Display: Running engine for game: Cyberpunk2022
LogPlatformFile: Not using cached read wrapper
LogTaskGraph: Started task graph with 5 named threads and 35 total threads with 3 sets of task threads.
LogStats: Stats thread started at 1.179161
LogICUInternationalization: ICU TimeZone Detection - Raw Offset: +3:00, Platform Override: ''
LogInit: Display: Loading text-based GConfig....
LogPluginManager: Mounting plugin MeshPainting
LogPluginManager: Mounting plugin XGEController
LogPluginManager: Mounting plugin Paper2D
LogPluginManager: Mounting plugin AISupport
LogPluginManager: Mounting plugin EnvironmentQueryEditor
LogPluginManager: Mounting plugin LiveLink
LogPluginManager: Mounting plugin LightPropagationVolume
LogPluginManager: Mounting plugin OodleData
LogPluginManager: Mounting plugin OodleNetwork
LogPluginManager: Mounting plugin AssetManagerEditor
LogPluginManager: Mounting plugin CameraShakePreviewer
LogPluginManager: Mounting plugin CryptoKeys
LogPluginManager: Mounting plugin CurveEditorTools
LogPluginManager: Mounting plugin GameplayCameras
LogPluginManager: Mounting plugin DataValidation
LogPluginManager: Mounting plugin FacialAnimation
LogPluginManager: Mounting plugin MaterialAnalyzer
LogPluginManager: Mounting plugin MacGraphicsSwitching
LogPluginManager: Mounting plugin GeometryMode
LogPluginManager: Mounting plugin SpeedTreeImporter
LogPluginManager: Mounting plugin MobileLauncherProfileWizard
LogPluginManager: Mounting plugin PluginBrowser
LogPluginManager: Mounting plugin AnimationSharing
LogPluginManager: Mounting plugin GameplayTagsEditor
LogPluginManager: Mounting plugin CLionSourceCodeAccess
LogPluginManager: Mounting plugin CodeLiteSourceCodeAccess
LogPluginManager: Mounting plugin GitSourceControl
LogPluginManager: Mounting plugin DatasmithContent
LogPluginManager: Mounting plugin KDevelopSourceCodeAccess
LogPluginManager: Mounting plugin NullSourceCodeAccess
LogPluginManager: Mounting plugin PerforceSourceControl
LogPluginManager: Mounting plugin PixWinPlugin
LogPluginManager: Mounting plugin PlasticSourceControl
LogPluginManager: Mounting plugin PluginUtils
LogPluginManager: Mounting plugin PropertyAccessNode
LogPluginManager: Mounting plugin VariantManagerContent
LogPluginManager: Mounting plugin RiderSourceCodeAccess
LogPluginManager: Mounting plugin TextureFormatOodle
LogPluginManager: Mounting plugin SubversionSourceControl
LogPluginManager: Mounting plugin UObjectPlugin
LogPluginManager: Mounting plugin XCodeSourceCodeAccess
LogPluginManager: Mounting plugin VisualStudioCodeSourceCodeAccess
LogPluginManager: Mounting plugin VisualStudioSourceCodeAccess
LogPluginManager: Mounting plugin Niagara
LogPluginManager: Mounting plugin LuminPlatformFeatures
LogPluginManager: Mounting plugin MagicLeap
LogPluginManager: Mounting plugin AlembicImporter
LogPluginManager: Mounting plugin AndroidMedia
LogPluginManager: Mounting plugin AutomationUtils
LogPluginManager: Mounting plugin BackChannel
LogPluginManager: Mounting plugin AvfMedia
LogPluginManager: Mounting plugin MagicLeapLightEstimation
LogPluginManager: Mounting plugin MagicLeapMedia
LogPluginManager: Mounting plugin ChaosCloth
LogPluginManager: Mounting plugin ChaosClothEditor
LogPluginManager: Mounting plugin ChaosEditor
LogPluginManager: Mounting plugin ChaosNiagara
LogPluginManager: Mounting plugin MagicLeapPassableWorld
LogPluginManager: Mounting plugin ChaosSolverPlugin
LogPluginManager: Mounting plugin ImgMedia
LogPluginManager: Mounting plugin MediaCompositing
LogPluginManager: Mounting plugin MLSDK
LogPluginManager: Mounting plugin CharacterAI
LogPluginManager: Mounting plugin MediaPlayerEditor
LogPluginManager: Mounting plugin WebMMedia
LogPluginManager: Mounting plugin GeometryCache
LogPluginManager: Mounting plugin GeometryCollectionPlugin
LogPluginManager: Mounting plugin GeometryProcessing
LogPluginManager: Mounting plugin WmfMedia
LogPluginManager: Mounting plugin MotoSynth
LogPluginManager: Mounting plugin OpenImageDenoise
LogPluginManager: Mounting plugin PlanarCut
LogPluginManager: Mounting plugin ProxyLODPlugin
LogPluginManager: Mounting plugin PlatformCrypto
LogPluginManager: Mounting plugin PythonScriptPlugin
LogPluginManager: Mounting plugin SkeletalReduction
LogPluginManager: Mounting plugin UdpMessaging
LogPluginManager: Mounting plugin TcpMessaging
LogPluginManager: Mounting plugin ActorSequence
LogPluginManager: Mounting plugin OnlineSubsystem
LogPluginManager: Mounting plugin OnlineSubsystemNull
LogPluginManager: Mounting plugin LevelSequenceEditor
LogPluginManager: Mounting plugin MatineeToLevelSequence
LogPluginManager: Mounting plugin OnlineSubsystemUtils
LogPluginManager: Mounting plugin TemplateSequence
LogPluginManager: Mounting plugin LauncherChunkInstaller
LogPluginManager: Mounting plugin ActorLayerUtilities
LogPluginManager: Mounting plugin AndroidDeviceProfileSelector
LogPluginManager: Mounting plugin AndroidMoviePlayer
LogPluginManager: Mounting plugin AndroidPermission
LogPluginManager: Mounting plugin AppleImageUtils
LogPluginManager: Mounting plugin AppleMoviePlayer
LogPluginManager: Mounting plugin ArchVisCharacter
LogPluginManager: Mounting plugin AssetTags
LogPluginManager: Mounting plugin AudioCapture
LogPluginManager: Mounting plugin AudioSynesthesia
LogPluginManager: Mounting plugin CableComponent
LogPluginManager: Mounting plugin ScreenshotTools
LogPluginManager: Mounting plugin CustomMeshComponent
LogPluginManager: Mounting plugin ChunkDownloader
LogPluginManager: Mounting plugin EditableMesh
LogPluginManager: Mounting plugin ExampleDeviceProfileSelector
LogPluginManager: Mounting plugin GoogleCloudMessaging
LogPluginManager: Mounting plugin GooglePAD
LogPluginManager: Mounting plugin IOSDeviceProfileSelector
LogPluginManager: Mounting plugin LinuxDeviceProfileSelector
LogPluginManager: Mounting plugin LocationServicesBPLibrary
LogPluginManager: Mounting plugin MobilePatchingUtils
LogPluginManager: Mounting plugin OpenXR
LogPluginManager: Mounting plugin OpenXREyeTracker
LogPluginManager: Mounting plugin OpenXRHandTracking
LogPluginManager: Mounting plugin PhysXVehicles
LogPluginManager: Mounting plugin Takes
LogPluginManager: Mounting plugin PostSplashScreen
LogPluginManager: Mounting plugin PropertyAccessEditor
LogPluginManager: Mounting plugin ProceduralMeshComponent
LogPluginManager: Mounting plugin RuntimePhysXCooking
LogPluginManager: Mounting plugin SignificanceManager
LogPluginManager: Mounting plugin SoundFields
LogPluginManager: Mounting plugin Synthesis
LogPluginManager: Mounting plugin WebMMoviePlayer
LogPluginManager: Mounting plugin WindowsMoviePlayer
LogPluginManager: Mounting plugin ContentBrowserAssetDataSource
LogPluginManager: Mounting plugin ContentBrowserFileDataSource
LogPluginManager: Mounting plugin ContentBrowserClassDataSource
LogPluginManager: Mounting plugin OnlineSubsystemGooglePlay
LogPluginManager: Mounting plugin OnlineSubsystemIOS
LogPluginManager: Mounting plugin OculusVR
LogPluginManager: Mounting plugin SteamVR
PixWinPlugin: PIX capture plugin failed to initialize! Check that the process is launched from PIX.
LogInit: Using libcurl 7.55.1-DEV
LogInit:  - built for x86_64-pc-win32
LogInit:  - supports SSL with OpenSSL/1.1.1
LogInit:  - supports HTTP deflate (compression) using libz 1.2.8
LogInit:  - other features:
LogInit:      CURL_VERSION_SSL
LogInit:      CURL_VERSION_LIBZ
LogInit:      CURL_VERSION_IPV6
LogInit:      CURL_VERSION_ASYNCHDNS
LogInit:      CURL_VERSION_LARGEFILE
LogInit:      CURL_VERSION_IDN
LogInit:  CurlRequestOptions (configurable via config and command line):
LogInit:  - bVerifyPeer = true  - Libcurl will verify peer certificate
LogInit:  - bUseHttpProxy = false  - Libcurl will NOT use HTTP proxy
LogInit:  - bDontReuseConnections = false  - Libcurl will reuse connections
LogInit:  - MaxHostConnections = 16  - Libcurl will limit the number of connections to a host
LogInit:  - LocalHostAddr = Default
LogInit:  - BufferSize = 65536
LogOnline: OSS: Creating online subsystem instance for: NULL
LogInit: WinSock: version 1.1 (2.2), MaxSocks=32767, MaxUdp=65467
LogOnline: OSS: TryLoadSubsystemAndSetDefault: Loaded subsystem for module [NULL]
LogOculusPluginWrapper: OculusPlugin initialized successfully
LogHMD: Failed initializing OVRPlugin 1.59.0
LogInit: Build: ++UE4+Release-4.27-CL-18319896
LogInit: Engine Version: 4.27.2-18319896+++UE4+Release-4.27
LogInit: Compatible Engine Version: 4.27.0-17155196+++UE4+Release-4.27
LogInit: Net CL: 17155196
LogInit: OS: Windows 10 (Release 2009) (), CPU: AMD Ryzen 5 5600H with Radeon Graphics         , GPU: AMD Radeon(TM) Graphics
LogInit: Compiled (64-bit): Nov 30 2021 07:12:08
LogInit: Compiled with Visual C++: 19.24.28315.00
LogInit: Build Configuration: Development
LogInit: Branch Name: ++UE4+Release-4.27
LogInit: Command Line:  -skipcompile
LogInit: Base Directory: E:/UE4/UE_4.27/Engine/Binaries/Win64/
LogInit: Allocator: TBB
LogInit: Installed Engine Build: 1
LogDevObjectVersion: Number of dev versions registered: 29
LogDevObjectVersion:   Dev-Blueprints (B0D832E4-1F89-4F0D-ACCF-7EB736FD4AA2): 10
LogDevObjectVersion:   Dev-Build (E1C64328-A22C-4D53-A36C-8E866417BD8C): 0
LogDevObjectVersion:   Dev-Core (375EC13C-06E4-48FB-B500-84F0262A717E): 4
LogDevObjectVersion:   Dev-Editor (E4B068ED-F494-42E9-A231-DA0B2E46BB41): 40
LogDevObjectVersion:   Dev-Framework (CFFC743F-43B0-4480-9391-14DF171D2073): 37
LogDevObjectVersion:   Dev-Mobile (B02B49B5-BB20-44E9-A304-32B752E40360): 3
LogDevObjectVersion:   Dev-Networking (A4E4105C-59A1-49B5-A7C5-40C4547EDFEE): 0
LogDevObjectVersion:   Dev-Online (39C831C9-5AE6-47DC-9A44-9C173E1C8E7C): 0
LogDevObjectVersion:   Dev-Physics (78F01B33-EBEA-4F98-B9B4-84EACCB95AA2): 14
LogDevObjectVersion:   Dev-Platform (6631380F-2D4D-43E0-8009-CF276956A95A): 0
LogDevObjectVersion:   Dev-Rendering (12F88B9F-8875-4AFC-A67C-D90C383ABD29): 45
LogDevObjectVersion:   Dev-Sequencer (7B5AE74C-D270-4C10-A958-57980B212A5A): 13
LogDevObjectVersion:   Dev-VR (D7296918-1DD6-4BDD-9DE2-64A83CC13884): 3
LogDevObjectVersion:   Dev-LoadTimes (C2A15278-BFE7-4AFE-6C17-90FF531DF755): 1
LogDevObjectVersion:   Private-Geometry (6EACA3D4-40EC-4CC1-B786-8BED09428FC5): 3
LogDevObjectVersion:   Dev-AnimPhys (29E575DD-E0A3-4627-9D10-D276232CDCEA): 17
LogDevObjectVersion:   Dev-Anim (AF43A65D-7FD3-4947-9873-3E8ED9C1BB05): 15
LogDevObjectVersion:   Dev-ReflectionCapture (6B266CEC-1EC7-4B8F-A30B-E4D90942FC07): 1
LogDevObjectVersion:   Dev-Automation (0DF73D61-A23F-47EA-B727-89E90C41499A): 1
LogDevObjectVersion:   FortniteMain (601D1886-AC64-4F84-AA16-D3DE0DEAC7D6): 47
LogDevObjectVersion:   FortniteRelease (E7086368-6B23-4C58-8439-1B7016265E91): 1
LogDevObjectVersion:   Dev-Enterprise (9DFFBCD6-494F-0158-E221-12823C92A888): 10
LogDevObjectVersion:   Dev-Niagara (F2AED0AC-9AFE-416F-8664-AA7FFA26D6FC): 1
LogDevObjectVersion:   Dev-Destruction (174F1F0B-B4C6-45A5-B13F-2EE8D0FB917D): 10
LogDevObjectVersion:   Dev-Physics-Ext (35F94A83-E258-406C-A318-09F59610247C): 41
LogDevObjectVersion:   Dev-PhysicsMaterial-Chaos (B68FC16E-8B1B-42E2-B453-215C058844FE): 1
LogDevObjectVersion:   Dev-CineCamera (B2E18506-4273-CFC2-A54E-F4BB758BBA07): 1
LogDevObjectVersion:   Dev-VirtualProduction (64F58936-FD1B-42BA-BA96-7289D5D0FA4E): 1
LogDevObjectVersion:   Dev-MediaFramework (6F0ED827-A609-4895-9C91-998D90180EA4): 2
LogInit: Presizing for max 25165824 objects, including 0 objects not considered by GC, pre-allocating 0 bytes for permanent pool.
LogConfig: Applying CVar settings from Section [/Script/Engine.StreamingSettings] File [E:/UE4/Projects/WargamingAcademy/Cyberpunk2022/Saved/Config/Windows/Engine.ini]
LogConfig: Setting CVar [[s.MinBulkDataSizeForAsyncLoading:131072]]
LogConfig: Setting CVar [[s.AsyncLoadingThreadEnabled:0]]
LogConfig: Setting CVar [[s.EventDrivenLoaderEnabled:1]]
LogConfig: Setting CVar [[s.WarnIfTimeLimitExceeded:0]]
LogConfig: Setting CVar [[s.TimeLimitExceededMultiplier:1.5]]
LogConfig: Setting CVar [[s.TimeLimitExceededMinTime:0.005]]
LogConfig: Setting CVar [[s.UseBackgroundLevelStreaming:1]]
LogConfig: Setting CVar [[s.PriorityAsyncLoadingExtraTime:15.0]]
LogConfig: Setting CVar [[s.LevelStreamingActorsUpdateTimeLimit:5.0]]
LogConfig: Setting CVar [[s.PriorityLevelStreamingActorsUpdateExtraTime:5.0]]
LogConfig: Setting CVar [[s.LevelStreamingComponentsRegistrationGranularity:10]]
LogConfig: Setting CVar [[s.UnregisterComponentsTimeLimit:1.0]]
LogConfig: Setting CVar [[s.LevelStreamingComponentsUnregistrationGranularity:5]]
LogConfig: Setting CVar [[s.FlushStreamingOnExit:1]]
LogInit: Object subsystem initialized
LogConfig: Setting CVar [[con.DebugEarlyDefault:1]]
LogConfig: Setting CVar [[r.setres:1280x720]]
[2022.03.15-13.55.27:607][  0]LogConfig: Setting CVar [[r.VSync:0]]
[2022.03.15-13.55.27:607][  0]LogConfig: Setting CVar [[r.RHICmdBypass:0]]
[2022.03.15-13.55.27:608][  0]LogConfig: Applying CVar settings from Section [/Script/Engine.RendererSettings] File [E:/UE4/Projects/WargamingAcademy/Cyberpunk2022/Saved/Config/Windows/Engine.ini]
[2022.03.15-13.55.27:608][  0]LogConfig: Setting CVar [[r.GPUCrashDebugging:0]]
[2022.03.15-13.55.27:608][  0]LogConfig: Setting CVar [[r.DefaultFeature.MotionBlur:0]]
[2022.03.15-13.55.27:608][  0]LogConfig: Applying CVar settings from Section [/Script/Engine.RendererOverrideSettings] File [E:/UE4/Projects/WargamingAcademy/Cyberpunk2022/Saved/Config/Windows/Engine.ini]
[2022.03.15-13.55.27:608][  0]LogConfig: Applying CVar settings from Section [/Script/Engine.StreamingSettings] File [E:/UE4/Projects/WargamingAcademy/Cyberpunk2022/Saved/Config/Windows/Engine.ini]
[2022.03.15-13.55.27:608][  0]LogConfig: Setting CVar [[s.MinBulkDataSizeForAsyncLoading:131072]]
[2022.03.15-13.55.27:608][  0]LogConfig: Setting CVar [[s.AsyncLoadingThreadEnabled:0]]
[2022.03.15-13.55.27:608][  0]LogConfig: Setting CVar [[s.EventDrivenLoaderEnabled:1]]
[2022.03.15-13.55.27:608][  0]LogConfig: Setting CVar [[s.WarnIfTimeLimitExceeded:0]]
[2022.03.15-13.55.27:608][  0]LogConfig: Setting CVar [[s.TimeLimitExceededMultiplier:1.5]]
[2022.03.15-13.55.27:609][  0]LogConfig: Setting CVar [[s.TimeLimitExceededMinTime:0.005]]
[2022.03.15-13.55.27:609][  0]LogConfig: Setting CVar [[s.UseBackgroundLevelStreaming:1]]
[2022.03.15-13.55.27:609][  0]LogConfig: Setting CVar [[s.PriorityAsyncLoadingExtraTime:15.0]]
[2022.03.15-13.55.27:609][  0]LogConfig: Setting CVar [[s.LevelStreamingActorsUpdateTimeLimit:5.0]]
[2022.03.15-13.55.27:609][  0]LogConfig: Setting CVar [[s.PriorityLevelStreamingActorsUpdateExtraTime:5.0]]
[2022.03.15-13.55.27:609][  0]LogConfig: Setting CVar [[s.LevelStreamingComponentsRegistrationGranularity:10]]
[2022.03.15-13.55.27:609][  0]LogConfig: Setting CVar [[s.UnregisterComponentsTimeLimit:1.0]]
[2022.03.15-13.55.27:609][  0]LogConfig: Setting CVar [[s.LevelStreamingComponentsUnregistrationGranularity:5]]
[2022.03.15-13.55.27:609][  0]LogConfig: Setting CVar [[s.FlushStreamingOnExit:1]]
[2022.03.15-13.55.27:609][  0]LogConfig: Applying CVar settings from Section [/Script/Engine.GarbageCollectionSettings] File [E:/UE4/Projects/WargamingAcademy/Cyberpunk2022/Saved/Config/Windows/Engine.ini]
[2022.03.15-13.55.27:609][  0]LogConfig: Setting CVar [[gc.MaxObjectsNotConsideredByGC:1]]
[2022.03.15-13.55.27:609][  0]LogConfig: Setting CVar [[gc.SizeOfPermanentObjectPool:0]]
[2022.03.15-13.55.27:609][  0]LogConfig: Setting CVar [[gc.FlushStreamingOnGC:0]]
[2022.03.15-13.55.27:609][  0]LogConfig: Setting CVar [[gc.NumRetriesBeforeForcingGC:10]]
[2022.03.15-13.55.27:609][  0]LogConfig: Setting CVar [[gc.AllowParallelGC:1]]
[2022.03.15-13.55.27:609][  0]LogConfig: Setting CVar [[gc.TimeBetweenPurgingPendingKillObjects:61.1]]
[2022.03.15-13.55.27:609][  0]LogConfig: Setting CVar [[gc.MaxObjectsInEditor:25165824]]
[2022.03.15-13.55.27:609][  0]LogConfig: Setting CVar [[gc.IncrementalBeginDestroyEnabled:1]]
[2022.03.15-13.55.27:609][  0]LogConfig: Setting CVar [[gc.CreateGCClusters:1]]
[2022.03.15-13.55.27:609][  0]LogConfig: Setting CVar [[gc.MinGCClusterSize:5]]
[2022.03.15-13.55.27:609][  0]LogConfig: Setting CVar [[gc.ActorClusteringEnabled:0]]
[2022.03.15-13.55.27:609][  0]LogConfig: Setting CVar [[gc.BlueprintClusteringEnabled:0]]
[2022.03.15-13.55.27:609][  0]LogConfig: Setting CVar [[gc.UseDisregardForGCOnDedicatedServers:0]]
[2022.03.15-13.55.27:609][  0]LogConfig: Setting CVar [[gc.MultithreadedDestructionEnabled:1]]
[2022.03.15-13.55.27:609][  0]LogConfig: Applying CVar settings from Section [/Script/Engine.NetworkSettings] File [E:/UE4/Projects/WargamingAcademy/Cyberpunk2022/Saved/Config/Windows/Engine.ini]
[2022.03.15-13.55.27:609][  0]LogConfig: Applying CVar settings from Section [/Script/UnrealEd.CookerSettings] File [E:/UE4/Projects/WargamingAcademy/Cyberpunk2022/Saved/Config/Windows/Engine.ini]
[2022.03.15-13.55.27:623][  0]LogConfig: Applying CVar settings from Section [ViewDistanceQuality@3] File [E:/UE4/Projects/WargamingAcademy/Cyberpunk2022/Saved/Config/Windows/Scalability.ini]
[2022.03.15-13.55.27:623][  0]LogConfig: Setting CVar [[r.SkeletalMeshLODBias:0]]
[2022.03.15-13.55.27:623][  0]LogConfig: Setting CVar [[r.ViewDistanceScale:1.0]]
[2022.03.15-13.55.27:623][  0]LogConfig: Applying CVar settings from Section [AntiAliasingQuality@3] File [E:/UE4/Projects/WargamingAcademy/Cyberpunk2022/Saved/Config/Windows/Scalability.ini]
[2022.03.15-13.55.27:623][  0]LogConfig: Setting CVar [[r.PostProcessAAQuality:4]]
[2022.03.15-13.55.27:623][  0]LogConfig: Applying CVar settings from Section [ShadowQuality@3] File [E:/UE4/Projects/WargamingAcademy/Cyberpunk2022/Saved/Config/Windows/Scalability.ini]
[2022.03.15-13.55.27:623][  0]LogConfig: Setting CVar [[r.LightFunctionQuality:1]]
[2022.03.15-13.55.27:623][  0]LogConfig: Setting CVar [[r.ShadowQuality:5]]
[2022.03.15-13.55.27:623][  0]LogConfig: Setting CVar [[r.Shadow.CSM.MaxCascades:10]]
[2022.03.15-13.55.27:623][  0]LogConfig: Setting CVar [[r.Shadow.MaxResolution:2048]]
[2022.03.15-13.55.27:623][  0]LogConfig: Setting CVar [[r.Shadow.MaxCSMResolution:2048]]
[2022.03.15-13.55.27:623][  0]LogConfig: Setting CVar [[r.Shadow.RadiusThreshold:0.01]]
[2022.03.15-13.55.27:623][  0]LogConfig: Setting CVar [[r.Shadow.DistanceScale:1.0]]
[2022.03.15-13.55.27:623][  0]LogConfig: Setting CVar [[r.Shadow.CSM.TransitionScale:1.0]]
[2022.03.15-13.55.27:623][  0]LogConfig: Setting CVar [[r.Shadow.PreShadowResolutionFactor:1.0]]
[2022.03.15-13.55.27:623][  0]LogConfig: Setting CVar [[r.DistanceFieldShadowing:1]]
[2022.03.15-13.55.27:623][  0]LogConfig: Setting CVar [[r.DistanceFieldAO:1]]
[2022.03.15-13.55.27:623][  0]LogConfig: Setting CVar [[r.AOQuality:2]]
[2022.03.15-13.55.27:623][  0]LogConfig: Setting CVar [[r.VolumetricFog:1]]
[2022.03.15-13.55.27:623][  0]LogConfig: Setting CVar [[r.VolumetricFog.GridPixelSize:8]]
[2022.03.15-13.55.27:623][  0]LogConfig: Setting CVar [[r.VolumetricFog.GridSizeZ:128]]
[2022.03.15-13.55.27:623][  0]LogConfig: Setting CVar [[r.VolumetricFog.HistoryMissSupersampleCount:4]]
[2022.03.15-13.55.27:624][  0]LogConfig: Setting CVar [[r.LightMaxDrawDistanceScale:1]]
[2022.03.15-13.55.27:624][  0]LogConfig: Setting CVar [[r.CapsuleShadows:1]]
[2022.03.15-13.55.27:624][  0]LogConfig: Applying CVar settings from Section [PostProcessQuality@3] File [E:/UE4/Projects/WargamingAcademy/Cyberpunk2022/Saved/Config/Windows/Scalability.ini]
[2022.03.15-13.55.27:624][  0]LogConfig: Setting CVar [[r.MotionBlurQuality:4]]
[2022.03.15-13.55.27:624][  0]LogConfig: Setting CVar [[r.AmbientOcclusionMipLevelFactor:0.4]]
[2022.03.15-13.55.27:624][  0]LogConfig: Setting CVar [[r.AmbientOcclusionMaxQuality:100]]
[2022.03.15-13.55.27:624][  0]LogConfig: Setting CVar [[r.AmbientOcclusionLevels:-1]]
[2022.03.15-13.55.27:624][  0]LogConfig: Setting CVar [[r.AmbientOcclusionRadiusScale:1.0]]
[2022.03.15-13.55.27:624][  0]LogConfig: Setting CVar [[r.DepthOfFieldQuality:2]]
[2022.03.15-13.55.27:624][  0]LogConfig: Setting CVar [[r.RenderTargetPoolMin:400]]
[2022.03.15-13.55.27:624][  0]LogConfig: Setting CVar [[r.LensFlareQuality:2]]
[2022.03.15-13.55.27:624][  0]LogConfig: Setting CVar [[r.SceneColorFringeQuality:1]]
[2022.03.15-13.55.27:624][  0]LogConfig: Setting CVar [[r.EyeAdaptationQuality:2]]
[2022.03.15-13.55.27:624][  0]LogConfig: Setting CVar [[r.BloomQuality:5]]
[2022.03.15-13.55.27:624][  0]LogConfig: Setting CVar [[r.FastBlurThreshold:100]]
[2022.03.15-13.55.27:624][  0]LogConfig: Setting CVar [[r.Upscale.Quality:3]]
[2022.03.15-13.55.27:624][  0]LogConfig: Setting CVar [[r.Tonemapper.GrainQuantization:1]]
[2022.03.15-13.55.27:624][  0]LogConfig: Setting CVar [[r.LightShaftQuality:1]]
[2022.03.15-13.55.27:624][  0]LogConfig: Setting CVar [[r.Filter.SizeScale:1]]
[2022.03.15-13.55.27:624][  0]LogConfig: Setting CVar [[r.Tonemapper.Quality:5]]
[2022.03.15-13.55.27:624][  0]LogConfig: Setting CVar [[r.DOF.Gather.AccumulatorQuality:1        ; higher gathering accumulator quality]]
[2022.03.15-13.55.27:624][  0]LogConfig: Setting CVar [[r.DOF.Gather.PostfilterMethod:1          ; Median3x3 postfilering method]]
[2022.03.15-13.55.27:624][  0]LogConfig: Setting CVar [[r.DOF.Gather.EnableBokehSettings:0       ; no bokeh simulation when gathering]]
[2022.03.15-13.55.27:624][  0]LogConfig: Setting CVar [[r.DOF.Gather.RingCount:4                 ; medium number of samples when gathering]]
[2022.03.15-13.55.27:625][  0]LogConfig: Setting CVar [[r.DOF.Scatter.ForegroundCompositing:1    ; additive foreground scattering]]
[2022.03.15-13.55.27:625][  0]LogConfig: Setting CVar [[r.DOF.Scatter.BackgroundCompositing:2    ; additive background scattering]]
[2022.03.15-13.55.27:625][  0]LogConfig: Setting CVar [[r.DOF.Scatter.EnableBokehSettings:1      ; bokeh simulation when scattering]]
[2022.03.15-13.55.27:625][  0]LogConfig: Setting CVar [[r.DOF.Scatter.MaxSpriteRatio:0.1         ; only a maximum of 10% of scattered bokeh]]
[2022.03.15-13.55.27:625][  0]LogConfig: Setting CVar [[r.DOF.Recombine.Quality:1                ; cheap slight out of focus]]
[2022.03.15-13.55.27:625][  0]LogConfig: Setting CVar [[r.DOF.Recombine.EnableBokehSettings:0    ; no bokeh simulation on slight out of focus]]
[2022.03.15-13.55.27:625][  0]LogConfig: Setting CVar [[r.DOF.TemporalAAQuality:1                ; more stable temporal accumulation]]
[2022.03.15-13.55.27:625][  0]LogConfig: Setting CVar [[r.DOF.Kernel.MaxForegroundRadius:0.025]]
[2022.03.15-13.55.27:625][  0]LogConfig: Setting CVar [[r.DOF.Kernel.MaxBackgroundRadius:0.025]]
[2022.03.15-13.55.27:625][  0]LogConfig: Applying CVar settings from Section [TextureQuality@3] File [E:/UE4/Projects/WargamingAcademy/Cyberpunk2022/Saved/Config/Windows/Scalability.ini]
[2022.03.15-13.55.27:625][  0]LogConfig: Setting CVar [[r.Streaming.MipBias:0]]
[2022.03.15-13.55.27:625][  0]LogConfig: Setting CVar [[r.Streaming.AmortizeCPUToGPUCopy:0]]
[2022.03.15-13.55.27:625][  0]LogConfig: Setting CVar [[r.Streaming.MaxNumTexturesToStreamPerFrame:0]]
[2022.03.15-13.55.27:625][  0]LogConfig: Setting CVar [[r.Streaming.Boost:1]]
[2022.03.15-13.55.27:625][  0]LogConfig: Setting CVar [[r.MaxAnisotropy:8]]
[2022.03.15-13.55.27:625][  0]LogConfig: Setting CVar [[r.VT.MaxAnisotropy:8]]
[2022.03.15-13.55.27:625][  0]LogConfig: Setting CVar [[r.Streaming.LimitPoolSizeToVRAM:0]]
[2022.03.15-13.55.27:625][  0]LogConfig: Setting CVar [[r.Streaming.PoolSize:1000]]
[2022.03.15-13.55.27:625][  0]LogConfig: Setting CVar [[r.Streaming.MaxEffectiveScreenSize:0]]
[2022.03.15-13.55.27:625][  0]LogConfig: Applying CVar settings from Section [EffectsQuality@3] File [E:/UE4/Projects/WargamingAcademy/Cyberpunk2022/Saved/Config/Windows/Scalability.ini]
[2022.03.15-13.55.27:625][  0]LogConfig: Setting CVar [[r.TranslucencyLightingVolumeDim:64]]
[2022.03.15-13.55.27:625][  0]LogConfig: Setting CVar [[r.RefractionQuality:2]]
[2022.03.15-13.55.27:625][  0]LogConfig: Setting CVar [[r.SSR.Quality:3]]
[2022.03.15-13.55.27:625][  0]LogConfig: Setting CVar [[r.SSR.HalfResSceneColor:0]]
[2022.03.15-13.55.27:625][  0]LogConfig: Setting CVar [[r.SceneColorFormat:4]]
[2022.03.15-13.55.27:625][  0]LogConfig: Setting CVar [[r.DetailMode:2]]
[2022.03.15-13.55.27:625][  0]LogConfig: Setting CVar [[r.TranslucencyVolumeBlur:1]]
[2022.03.15-13.55.27:625][  0]LogConfig: Setting CVar [[r.MaterialQualityLevel:1 ; High quality]]
[2022.03.15-13.55.27:625][  0]LogConfig: Setting CVar [[r.AnisotropicMaterials:1]]
[2022.03.15-13.55.27:625][  0]LogConfig: Setting CVar [[r.SSS.Scale:1]]
[2022.03.15-13.55.27:626][  0]LogConfig: Setting CVar [[r.SSS.SampleSet:2]]
[2022.03.15-13.55.27:626][  0]LogConfig: Setting CVar [[r.SSS.Quality:1]]
[2022.03.15-13.55.27:626][  0]LogConfig: Setting CVar [[r.SSS.HalfRes:0]]
[2022.03.15-13.55.27:626][  0]LogConfig: Setting CVar [[r.SSGI.Quality:3]]
[2022.03.15-13.55.27:626][  0]LogConfig: Setting CVar [[r.EmitterSpawnRateScale:1.0]]
[2022.03.15-13.55.27:626][  0]LogConfig: Setting CVar [[r.ParticleLightQuality:2]]
[2022.03.15-13.55.27:626][  0]LogConfig: Setting CVar [[r.SkyAtmosphere.AerialPerspectiveLUT.FastApplyOnOpaque:1 ; Always have FastSkyLUT 1 in this case to avoid wrong sky]]
[2022.03.15-13.55.27:626][  0]LogConfig: Setting CVar [[r.SkyAtmosphere.AerialPerspectiveLUT.SampleCountMaxPerSlice:4]]
[2022.03.15-13.55.27:626][  0]LogConfig: Setting CVar [[r.SkyAtmosphere.AerialPerspectiveLUT.DepthResolution:16.0]]
[2022.03.15-13.55.27:626][  0]LogConfig: Setting CVar [[r.SkyAtmosphere.FastSkyLUT:1]]
[2022.03.15-13.55.27:626][  0]LogConfig: Setting CVar [[r.SkyAtmosphere.FastSkyLUT.SampleCountMin:4.0]]
[2022.03.15-13.55.27:626][  0]LogConfig: Setting CVar [[r.SkyAtmosphere.FastSkyLUT.SampleCountMax:128.0]]
[2022.03.15-13.55.27:626][  0]LogConfig: Setting CVar [[r.SkyAtmosphere.SampleCountMin:4.0]]
[2022.03.15-13.55.27:626][  0]LogConfig: Setting CVar [[r.SkyAtmosphere.SampleCountMax:128.0]]
[2022.03.15-13.55.27:626][  0]LogConfig: Setting CVar [[r.SkyAtmosphere.TransmittanceLUT.UseSmallFormat:0]]
[2022.03.15-13.55.27:626][  0]LogConfig: Setting CVar [[r.SkyAtmosphere.TransmittanceLUT.SampleCount:10.0]]
[2022.03.15-13.55.27:626][  0]LogConfig: Setting CVar [[r.SkyAtmosphere.MultiScatteringLUT.SampleCount:15.0]]
[2022.03.15-13.55.27:626][  0]LogConfig: Setting CVar [[r.SkyLight.RealTimeReflectionCapture:1]]
[2022.03.15-13.55.27:626][  0]LogConfig: Applying CVar settings from Section [FoliageQuality@3] File [E:/UE4/Projects/WargamingAcademy/Cyberpunk2022/Saved/Config/Windows/Scalability.ini]
[2022.03.15-13.55.27:626][  0]LogConfig: Setting CVar [[foliage.DensityScale:1.0]]
[2022.03.15-13.55.27:626][  0]LogConfig: Setting CVar [[grass.DensityScale:1.0]]
[2022.03.15-13.55.27:626][  0]LogConfig: Applying CVar settings from Section [ShadingQuality@3] File [E:/UE4/Projects/WargamingAcademy/Cyberpunk2022/Saved/Config/Windows/Scalability.ini]
[2022.03.15-13.55.27:626][  0]LogConfig: Setting CVar [[r.HairStrands.SkyLighting.IntegrationType:2]]
[2022.03.15-13.55.27:626][  0]LogConfig: Setting CVar [[r.HairStrands.SkyAO.SampleCount:4]]
[2022.03.15-13.55.27:626][  0]LogConfig: Setting CVar [[r.HairStrands.Visibility.MSAA.SamplePerPixel:4]]
[2022.03.15-13.55.27:627][  0]LogInit: Selected Device Profile: [Windows]
[2022.03.15-13.55.27:627][  0]LogInit: Applying CVar settings loaded from the selected device profile: [Windows]
[2022.03.15-13.55.27:628][  0]LogHAL: Display: Platform has ~ 16 GB [16487870464 / 17179869184 / 16], which maps to Larger [LargestMinGB=32, LargerMinGB=12, DefaultMinGB=8, SmallerMinGB=6, SmallestMinGB=0)
[2022.03.15-13.55.27:628][  0]LogInit: Going up to parent DeviceProfile []
[2022.03.15-13.55.27:629][  0]LogConfig: Applying CVar settings from Section [ViewDistanceQuality@3] File [E:/UE4/Projects/WargamingAcademy/Cyberpunk2022/Saved/Config/Windows/Scalability.ini]
[2022.03.15-13.55.27:629][  0]LogConfig: Setting CVar [[r.SkeletalMeshLODBias:0]]
[2022.03.15-13.55.27:629][  0]LogConfig: Setting CVar [[r.ViewDistanceScale:1.0]]
[2022.03.15-13.55.27:629][  0]LogConfig: Applying CVar settings from Section [AntiAliasingQuality@3] File [E:/UE4/Projects/WargamingAcademy/Cyberpunk2022/Saved/Config/Windows/Scalability.ini]
[2022.03.15-13.55.27:629][  0]LogConfig: Setting CVar [[r.PostProcessAAQuality:4]]
[2022.03.15-13.55.27:629][  0]LogConfig: Applying CVar settings from Section [ShadowQuality@3] File [E:/UE4/Projects/WargamingAcademy/Cyberpunk2022/Saved/Config/Windows/Scalability.ini]
[2022.03.15-13.55.27:629][  0]LogConfig: Setting CVar [[r.LightFunctionQuality:1]]
[2022.03.15-13.55.27:629][  0]LogConfig: Setting CVar [[r.ShadowQuality:5]]
[2022.03.15-13.55.27:629][  0]LogConfig: Setting CVar [[r.Shadow.CSM.MaxCascades:10]]
[2022.03.15-13.55.27:629][  0]LogConfig: Setting CVar [[r.Shadow.MaxResolution:2048]]
[2022.03.15-13.55.27:629][  0]LogConfig: Setting CVar [[r.Shadow.MaxCSMResolution:2048]]
[2022.03.15-13.55.27:629][  0]LogConfig: Setting CVar [[r.Shadow.RadiusThreshold:0.01]]
[2022.03.15-13.55.27:629][  0]LogConfig: Setting CVar [[r.Shadow.DistanceScale:1.0]]
[2022.03.15-13.55.27:629][  0]LogConfig: Setting CVar [[r.Shadow.CSM.TransitionScale:1.0]]
[2022.03.15-13.55.27:629][  0]LogConfig: Setting CVar [[r.Shadow.PreShadowResolutionFactor:1.0]]
[2022.03.15-13.55.27:629][  0]LogConfig: Setting CVar [[r.DistanceFieldShadowing:1]]
[2022.03.15-13.55.27:629][  0]LogConfig: Setting CVar [[r.DistanceFieldAO:1]]
[2022.03.15-13.55.27:629][  0]LogConfig: Setting CVar [[r.AOQuality:2]]
[2022.03.15-13.55.27:629][  0]LogConfig: Setting CVar [[r.VolumetricFog:1]]
[2022.03.15-13.55.27:629][  0]LogConfig: Setting CVar [[r.VolumetricFog.GridPixelSize:8]]
[2022.03.15-13.55.27:630][  0]LogConfig: Setting CVar [[r.VolumetricFog.GridSizeZ:128]]
[2022.03.15-13.55.27:630][  0]LogConfig: Setting CVar [[r.VolumetricFog.HistoryMissSupersampleCount:4]]
[2022.03.15-13.55.27:630][  0]LogConfig: Setting CVar [[r.LightMaxDrawDistanceScale:1]]
[2022.03.15-13.55.27:630][  0]LogConfig: Setting CVar [[r.CapsuleShadows:1]]
[2022.03.15-13.55.27:630][  0]LogConfig: Applying CVar settings from Section [PostProcessQuality@3] File [E:/UE4/Projects/WargamingAcademy/Cyberpunk2022/Saved/Config/Windows/Scalability.ini]
[2022.03.15-13.55.27:630][  0]LogConfig: Setting CVar [[r.MotionBlurQuality:4]]
[2022.03.15-13.55.27:630][  0]LogConfig: Setting CVar [[r.AmbientOcclusionMipLevelFactor:0.4]]
[2022.03.15-13.55.27:630][  0]LogConfig: Setting CVar [[r.AmbientOcclusionMaxQuality:100]]
[2022.03.15-13.55.27:630][  0]LogConfig: Setting CVar [[r.AmbientOcclusionLevels:-1]]
[2022.03.15-13.55.27:630][  0]LogConfig: Setting CVar [[r.AmbientOcclusionRadiusScale:1.0]]
[2022.03.15-13.55.27:630][  0]LogConfig: Setting CVar [[r.DepthOfFieldQuality:2]]
[2022.03.15-13.55.27:630][  0]LogConfig: Setting CVar [[r.RenderTargetPoolMin:400]]
[2022.03.15-13.55.27:630][  0]LogConfig: Setting CVar [[r.LensFlareQuality:2]]
[2022.03.15-13.55.27:630][  0]LogConfig: Setting CVar [[r.SceneColorFringeQuality:1]]
[2022.03.15-13.55.27:630][  0]LogConfig: Setting CVar [[r.EyeAdaptationQuality:2]]
[2022.03.15-13.55.27:630][  0]LogConfig: Setting CVar [[r.BloomQuality:5]]
[2022.03.15-13.55.27:630][  0]LogConfig: Setting CVar [[r.FastBlurThreshold:100]]
[2022.03.15-13.55.27:630][  0]LogConfig: Setting CVar [[r.Upscale.Quality:3]]
[2022.03.15-13.55.27:630][  0]LogConfig: Setting CVar [[r.Tonemapper.GrainQuantization:1]]
[2022.03.15-13.55.27:630][  0]LogConfig: Setting CVar [[r.LightShaftQuality:1]]
[2022.03.15-13.55.27:630][  0]LogConfig: Setting CVar [[r.Filter.SizeScale:1]]
[2022.03.15-13.55.27:630][  0]LogConfig: Setting CVar [[r.Tonemapper.Quality:5]]
[2022.03.15-13.55.27:630][  0]LogConfig: Setting CVar [[r.DOF.Gather.AccumulatorQuality:1        ; higher gathering accumulator quality]]
[2022.03.15-13.55.27:630][  0]LogConfig: Setting CVar [[r.DOF.Gather.PostfilterMethod:1          ; Median3x3 postfilering method]]
[2022.03.15-13.55.27:630][  0]LogConfig: Setting CVar [[r.DOF.Gather.EnableBokehSettings:0       ; no bokeh simulation when gathering]]
[2022.03.15-13.55.27:630][  0]LogConfig: Setting CVar [[r.DOF.Gather.RingCount:4                 ; medium number of samples when gathering]]
[2022.03.15-13.55.27:630][  0]LogConfig: Setting CVar [[r.DOF.Scatter.ForegroundCompositing:1    ; additive foreground scattering]]
[2022.03.15-13.55.27:631][  0]LogConfig: Setting CVar [[r.DOF.Scatter.BackgroundCompositing:2    ; additive background scattering]]
[2022.03.15-13.55.27:631][  0]LogConfig: Setting CVar [[r.DOF.Scatter.EnableBokehSettings:1      ; bokeh simulation when scattering]]
[2022.03.15-13.55.27:631][  0]LogConfig: Setting CVar [[r.DOF.Scatter.MaxSpriteRatio:0.1         ; only a maximum of 10% of scattered bokeh]]
[2022.03.15-13.55.27:631][  0]LogConfig: Setting CVar [[r.DOF.Recombine.Quality:1                ; cheap slight out of focus]]
[2022.03.15-13.55.27:631][  0]LogConfig: Setting CVar [[r.DOF.Recombine.EnableBokehSettings:0    ; no bokeh simulation on slight out of focus]]
[2022.03.15-13.55.27:631][  0]LogConfig: Setting CVar [[r.DOF.TemporalAAQuality:1                ; more stable temporal accumulation]]
[2022.03.15-13.55.27:631][  0]LogConfig: Setting CVar [[r.DOF.Kernel.MaxForegroundRadius:0.025]]
[2022.03.15-13.55.27:631][  0]LogConfig: Setting CVar [[r.DOF.Kernel.MaxBackgroundRadius:0.025]]
[2022.03.15-13.55.27:631][  0]LogConfig: Applying CVar settings from Section [TextureQuality@3] File [E:/UE4/Projects/WargamingAcademy/Cyberpunk2022/Saved/Config/Windows/Scalability.ini]
[2022.03.15-13.55.27:631][  0]LogConfig: Setting CVar [[r.Streaming.MipBias:0]]
[2022.03.15-13.55.27:631][  0]LogConfig: Setting CVar [[r.Streaming.AmortizeCPUToGPUCopy:0]]
[2022.03.15-13.55.27:631][  0]LogConfig: Setting CVar [[r.Streaming.MaxNumTexturesToStreamPerFrame:0]]
[2022.03.15-13.55.27:631][  0]LogConfig: Setting CVar [[r.Streaming.Boost:1]]
[2022.03.15-13.55.27:631][  0]LogConfig: Setting CVar [[r.MaxAnisotropy:8]]
[2022.03.15-13.55.27:631][  0]LogConfig: Setting CVar [[r.VT.MaxAnisotropy:8]]
[2022.03.15-13.55.27:631][  0]LogConfig: Setting CVar [[r.Streaming.LimitPoolSizeToVRAM:0]]
[2022.03.15-13.55.27:631][  0]LogConfig: Setting CVar [[r.Streaming.PoolSize:1000]]
[2022.03.15-13.55.27:631][  0]LogConfig: Setting CVar [[r.Streaming.MaxEffectiveScreenSize:0]]
[2022.03.15-13.55.27:631][  0]LogConfig: Applying CVar settings from Section [EffectsQuality@3] File [E:/UE4/Projects/WargamingAcademy/Cyberpunk2022/Saved/Config/Windows/Scalability.ini]
[2022.03.15-13.55.27:631][  0]LogConfig: Setting CVar [[r.TranslucencyLightingVolumeDim:64]]
[2022.03.15-13.55.27:631][  0]LogConfig: Setting CVar [[r.RefractionQuality:2]]
[2022.03.15-13.55.27:631][  0]LogConfig: Setting CVar [[r.SSR.Quality:3]]
[2022.03.15-13.55.27:631][  0]LogConfig: Setting CVar [[r.SSR.HalfResSceneColor:0]]
[2022.03.15-13.55.27:631][  0]LogConfig: Setting CVar [[r.SceneColorFormat:4]]
[2022.03.15-13.55.27:631][  0]LogConfig: Setting CVar [[r.DetailMode:2]]
[2022.03.15-13.55.27:631][  0]LogConfig: Setting CVar [[r.TranslucencyVolumeBlur:1]]
[2022.03.15-13.55.27:631][  0]LogConfig: Setting CVar [[r.MaterialQualityLevel:1 ; High quality]]
[2022.03.15-13.55.27:631][  0]LogConfig: Setting CVar [[r.AnisotropicMaterials:1]]
[2022.03.15-13.55.27:631][  0]LogConfig: Setting CVar [[r.SSS.Scale:1]]
[2022.03.15-13.55.27:631][  0]LogConfig: Setting CVar [[r.SSS.SampleSet:2]]
[2022.03.15-13.55.27:631][  0]LogConfig: Setting CVar [[r.SSS.Quality:1]]
[2022.03.15-13.55.27:632][  0]LogConfig: Setting CVar [[r.SSS.HalfRes:0]]
[2022.03.15-13.55.27:632][  0]LogConfig: Setting CVar [[r.SSGI.Quality:3]]
[2022.03.15-13.55.27:632][  0]LogConfig: Setting CVar [[r.EmitterSpawnRateScale:1.0]]
[2022.03.15-13.55.27:632][  0]LogConfig: Setting CVar [[r.ParticleLightQuality:2]]
[2022.03.15-13.55.27:632][  0]LogConfig: Setting CVar [[r.SkyAtmosphere.AerialPerspectiveLUT.FastApplyOnOpaque:1 ; Always have FastSkyLUT 1 in this case to avoid wrong sky]]
[2022.03.15-13.55.27:632][  0]LogConfig: Setting CVar [[r.SkyAtmosphere.AerialPerspectiveLUT.SampleCountMaxPerSlice:4]]
[2022.03.15-13.55.27:632][  0]LogConfig: Setting CVar [[r.SkyAtmosphere.AerialPerspectiveLUT.DepthResolution:16.0]]
[2022.03.15-13.55.27:632][  0]LogConfig: Setting CVar [[r.SkyAtmosphere.FastSkyLUT:1]]
[2022.03.15-13.55.27:632][  0]LogConfig: Setting CVar [[r.SkyAtmosphere.FastSkyLUT.SampleCountMin:4.0]]
[2022.03.15-13.55.27:632][  0]LogConfig: Setting CVar [[r.SkyAtmosphere.FastSkyLUT.SampleCountMax:128.0]]
[2022.03.15-13.55.27:632][  0]LogConfig: Setting CVar [[r.SkyAtmosphere.SampleCountMin:4.0]]
[2022.03.15-13.55.27:632][  0]LogConfig: Setting CVar [[r.SkyAtmosphere.SampleCountMax:128.0]]
[2022.03.15-13.55.27:632][  0]LogConfig: Setting CVar [[r.SkyAtmosphere.TransmittanceLUT.UseSmallFormat:0]]
[2022.03.15-13.55.27:632][  0]LogConfig: Setting CVar [[r.SkyAtmosphere.TransmittanceLUT.SampleCount:10.0]]
[2022.03.15-13.55.27:632][  0]LogConfig: Setting CVar [[r.SkyAtmosphere.MultiScatteringLUT.SampleCount:15.0]]
[2022.03.15-13.55.27:632][  0]LogConfig: Setting CVar [[r.SkyLight.RealTimeReflectionCapture:1]]
[2022.03.15-13.55.27:632][  0]LogConfig: Applying CVar settings from Section [FoliageQuality@3] File [E:/UE4/Projects/WargamingAcademy/Cyberpunk2022/Saved/Config/Windows/Scalability.ini]
[2022.03.15-13.55.27:632][  0]LogConfig: Setting CVar [[foliage.DensityScale:1.0]]
[2022.03.15-13.55.27:632][  0]LogConfig: Setting CVar [[grass.DensityScale:1.0]]
[2022.03.15-13.55.27:632][  0]LogConfig: Applying CVar settings from Section [ShadingQuality@3] File [E:/UE4/Projects/WargamingAcademy/Cyberpunk2022/Saved/Config/Windows/Scalability.ini]
[2022.03.15-13.55.27:632][  0]LogConfig: Setting CVar [[r.HairStrands.SkyLighting.IntegrationType:2]]
[2022.03.15-13.55.27:632][  0]LogConfig: Setting CVar [[r.HairStrands.SkyAO.SampleCount:4]]
[2022.03.15-13.55.27:632][  0]LogConfig: Setting CVar [[r.HairStrands.Visibility.MSAA.SamplePerPixel:4]]
[2022.03.15-13.55.27:632][  0]LogConfig: Applying CVar settings from Section [Startup] File [../../../Engine/Config/ConsoleVariables.ini]
[2022.03.15-13.55.27:632][  0]LogConfig: Setting CVar [[net.UseAdaptiveNetUpdateFrequency:0]]
[2022.03.15-13.55.27:632][  0]LogConfig: Setting CVar [[p.chaos.AllowCreatePhysxBodies:1]]
[2022.03.15-13.55.27:632][  0]LogConfig: Setting CVar [[fx.SkipVectorVMBackendOptimizations:1]]
[2022.03.15-13.55.27:633][  0]LogConfig: Applying CVar settings from Section [ConsoleVariables] File [E:/UE4/Projects/WargamingAcademy/Cyberpunk2022/Saved/Config/Windows/Engine.ini]
[2022.03.15-13.55.27:633][  0]LogConfig: Applying CVar settings from Section [ConsoleVariables] File [E:/UE4/Projects/WargamingAcademy/Cyberpunk2022/Saved/Config/Windows/Editor.ini]
[2022.03.15-13.55.27:635][  0]LogInit: Computer: DESKTOP-P6OQVGL
[2022.03.15-13.55.27:635][  0]LogInit: User: Artem
[2022.03.15-13.55.27:635][  0]LogInit: CPU Page size=4096, Cores=6
[2022.03.15-13.55.27:635][  0]LogInit: High frequency timer resolution =10.000000 MHz
[2022.03.15-13.55.27:636][  0]LogMemory: Memory total: Physical=15.4GB (16GB approx)
[2022.03.15-13.55.27:636][  0]LogMemory: Platform Memory Stats for Windows
[2022.03.15-13.55.27:636][  0]LogMemory: Process Physical Memory: 144.90 MB used, 144.91 MB peak
[2022.03.15-13.55.27:636][  0]LogMemory: Process Virtual Memory: 126.07 MB used, 126.07 MB peak
[2022.03.15-13.55.27:636][  0]LogMemory: Physical Memory: 11728.86 MB used,  3995.20 MB free, 15724.06 MB total
[2022.03.15-13.55.27:636][  0]LogMemory: Virtual Memory: 134207576.00 MB used,  10154.48 MB free, 134217728.00 MB total
[2022.03.15-13.55.27:643][  0]LogWindows: WindowsPlatformFeatures enabled
[2022.03.15-13.55.28:052][  0]LogInit: Physics initialised using underlying interface: PhysX
[2022.03.15-13.55.28:056][  0]LogInit: Using OS detected language (en-US).
[2022.03.15-13.55.28:056][  0]LogInit: Using OS detected locale (en-US).
[2022.03.15-13.55.28:071][  0]LogTextLocalizationManager: No specific localization for 'en-US' exists, so the 'en' localization will be used.
[2022.03.15-13.55.28:460][  0]LogInit: Setting process to per monitor DPI aware
[2022.03.15-13.55.28:504][  0]LogWindowsTextInputMethodSystem: Display: IME system deactivated.
[2022.03.15-13.55.28:584][  0]LogSlate: New Slate User Created.  User Index 0, Is Virtual User: 0
[2022.03.15-13.55.28:584][  0]LogSlate: Slate User Registered.  User Index 0, Is Virtual User: 0
[2022.03.15-13.55.30:520][  0]LogD3D11RHI: Loaded GFSDK_Aftermath_Lib.x64.dll
[2022.03.15-13.55.30:539][  0]LogHMD: Failed to initialize OpenVR with code 110
[2022.03.15-13.55.30:539][  0]LogD3D11RHI: D3D11 min allowed feature level: 11_0
[2022.03.15-13.55.30:539][  0]LogD3D11RHI: D3D11 max allowed feature level: 11_0
[2022.03.15-13.55.30:540][  0]LogD3D11RHI: D3D11 adapters:
[2022.03.15-13.55.30:658][  0]LogD3D11RHI:    0. 'NVIDIA GeForce RTX 3060 Laptop GPU' (Feature Level 11_0)
[2022.03.15-13.55.30:658][  0]LogD3D11RHI:       6023/0/7862 MB DedicatedVideo/DedicatedSystem/SharedSystem, Outputs:2, VendorId:0x10de
[2022.03.15-13.55.30:715][  0]LogD3D11RHI:    1. 'AMD Radeon(TM) Graphics' (Feature Level 11_0)
[2022.03.15-13.55.30:715][  0]LogD3D11RHI:       496/0/7862 MB DedicatedVideo/DedicatedSystem/SharedSystem, Outputs:0, VendorId:0x1002
[2022.03.15-13.55.30:724][  0]LogD3D11RHI:    2. 'Microsoft Basic Render Driver' (Feature Level 11_0)
[2022.03.15-13.55.30:724][  0]LogD3D11RHI:       0/0/7862 MB DedicatedVideo/DedicatedSystem/SharedSystem, Outputs:0, VendorId:0x1414
[2022.03.15-13.55.30:724][  0]LogD3D11RHI: Chosen D3D11 Adapter:
[2022.03.15-13.55.30:724][  0]LogD3D11RHI:     Description : NVIDIA GeForce RTX 3060 Laptop GPU
[2022.03.15-13.55.30:724][  0]LogD3D11RHI:     VendorId    : 10de
[2022.03.15-13.55.30:724][  0]LogD3D11RHI:     DeviceId    : 2520
[2022.03.15-13.55.30:724][  0]LogD3D11RHI:     SubSysId    : 151f1025
[2022.03.15-13.55.30:724][  0]LogD3D11RHI:     Revision    : 00a1
[2022.03.15-13.55.30:724][  0]LogD3D11RHI:     DedicatedVideoMemory : 6315573248 bytes
[2022.03.15-13.55.30:724][  0]LogD3D11RHI:     DedicatedSystemMemory : 0 bytes
[2022.03.15-13.55.30:724][  0]LogD3D11RHI:     SharedSystemMemory : 8243935232 bytes
[2022.03.15-13.55.30:724][  0]LogD3D11RHI:     AdapterLuid : 0 59624
[2022.03.15-13.55.30:733][  0]LogD3D11RHI: Creating new Direct3DDevice
[2022.03.15-13.55.30:733][  0]LogD3D11RHI:     GPU DeviceId: 0x2520 (for the marketing name, search the web for "GPU Device Id")
[2022.03.15-13.55.30:733][  0]LogWindows: EnumDisplayDevices:
[2022.03.15-13.55.30:733][  0]LogWindows:    0. 'AMD Radeon(TM) Graphics' (P:1 D:1)
[2022.03.15-13.55.30:734][  0]LogWindows:    1. 'AMD Radeon(TM) Graphics' (P:0 D:0)
[2022.03.15-13.55.30:734][  0]LogWindows:    2. 'AMD Radeon(TM) Graphics' (P:0 D:0)
[2022.03.15-13.55.30:734][  0]LogWindows:    3. 'NVIDIA GeForce RTX 3060 Laptop GPU' (P:0 D:1)
[2022.03.15-13.55.30:734][  0]LogWindows: DebugString: PrimaryIsNotTheChoosenAdapter PrimaryIsNotTheChoosenAdapter PrimaryIsNotTheChoosenAdapter 
[2022.03.15-13.55.30:734][  0]LogD3D11RHI:     Adapter Name: NVIDIA GeForce RTX 3060 Laptop GPU
[2022.03.15-13.55.30:735][  0]LogD3D11RHI:   Driver Version: 497.09 (internal:30.0.14.9709, unified:497.09)
[2022.03.15-13.55.30:735][  0]LogD3D11RHI:      Driver Date: 11-26-2021
[2022.03.15-13.55.30:736][  0]LogRHI: Texture pool is 4216 MB (70% of 6023 MB)
[2022.03.15-13.55.30:736][  0]LogD3D11RHI: Creating D3DDevice using adapter:
[2022.03.15-13.55.30:736][  0]LogD3D11RHI:     Description : NVIDIA GeForce RTX 3060 Laptop GPU
[2022.03.15-13.55.30:736][  0]LogD3D11RHI:     VendorId    : 10de
[2022.03.15-13.55.30:736][  0]LogD3D11RHI:     DeviceId    : 2520
[2022.03.15-13.55.30:736][  0]LogD3D11RHI:     SubSysId    : 151f1025
[2022.03.15-13.55.30:736][  0]LogD3D11RHI:     Revision    : 00a1
[2022.03.15-13.55.30:736][  0]LogD3D11RHI:     DedicatedVideoMemory : 6315573248 bytes
[2022.03.15-13.55.30:736][  0]LogD3D11RHI:     DedicatedSystemMemory : 0 bytes
[2022.03.15-13.55.30:736][  0]LogD3D11RHI:     SharedSystemMemory : 8243935232 bytes
[2022.03.15-13.55.30:736][  0]LogD3D11RHI:     AdapterLuid : 0 59624
[2022.03.15-13.55.30:796][  0]LogD3D11RHI: RHI has support for 64 bit atomics
[2022.03.15-13.55.30:798][  0]LogD3D11RHI: Async texture creation enabled
[2022.03.15-13.55.30:798][  0]LogD3D11RHI: Array index from any shader is supported
[2022.03.15-13.55.30:888][  0]LogD3D11RHI: GPU Timing Frequency: 1000.000000 (Debug: 2 1)
[2022.03.15-13.55.30:972][  0]LogRHI: GeForceNow SDK initialized: 1
[2022.03.15-13.55.31:210][  0]LogTargetPlatformManager: Display: Loaded TargetPlatform 'AllDesktop'
[2022.03.15-13.55.31:245][  0]LogTargetPlatformManager: Display: Loaded TargetPlatform 'Android'
[2022.03.15-13.55.31:245][  0]LogTargetPlatformManager: Display: Loaded TargetPlatform 'Android_ASTC'
[2022.03.15-13.55.31:245][  0]LogTargetPlatformManager: Display: Loaded TargetPlatform 'Android_DXT'
[2022.03.15-13.55.31:245][  0]LogTargetPlatformManager: Display: Loaded TargetPlatform 'Android_ETC2'
[2022.03.15-13.55.31:245][  0]LogTargetPlatformManager: Display: Loaded TargetPlatform 'AndroidClient'
[2022.03.15-13.55.31:245][  0]LogTargetPlatformManager: Display: Loaded TargetPlatform 'Android_ASTCClient'
[2022.03.15-13.55.31:245][  0]LogTargetPlatformManager: Display: Loaded TargetPlatform 'Android_DXTClient'
[2022.03.15-13.55.31:245][  0]LogTargetPlatformManager: Display: Loaded TargetPlatform 'Android_ETC2Client'
[2022.03.15-13.55.31:245][  0]LogTargetPlatformManager: Display: Loaded TargetPlatform 'Android_Multi'
[2022.03.15-13.55.31:245][  0]LogTargetPlatformManager: Display: Loaded TargetPlatform 'Android_MultiClient'
[2022.03.15-13.55.31:303][  0]LogTargetPlatformManager: Display: Loaded TargetPlatform 'IOSClient'
[2022.03.15-13.55.31:303][  0]LogTargetPlatformManager: Display: Loaded TargetPlatform 'IOS'
[2022.03.15-13.55.31:333][  0]LogTargetPlatformManager: Display: Loaded TargetPlatform 'Linux'
[2022.03.15-13.55.31:350][  0]LogTargetPlatformManager: Display: Loaded TargetPlatform 'LinuxNoEditor'
[2022.03.15-13.55.31:367][  0]LogTargetPlatformManager: Display: Loaded TargetPlatform 'LinuxClient'
[2022.03.15-13.55.31:385][  0]LogTargetPlatformManager: Display: Loaded TargetPlatform 'LinuxServer'
[2022.03.15-13.55.31:408][  0]LogTargetPlatformManager: Display: Loaded TargetPlatform 'LinuxAArch64NoEditor'
[2022.03.15-13.55.31:424][  0]LogTargetPlatformManager: Display: Loaded TargetPlatform 'LinuxAArch64Client'
[2022.03.15-13.55.31:443][  0]LogTargetPlatformManager: Display: Loaded TargetPlatform 'LinuxAArch64Server'
[2022.03.15-13.55.31:481][  0]LogTargetPlatformManager: Display: Loaded TargetPlatform 'Lumin'
[2022.03.15-13.55.31:482][  0]LogTargetPlatformManager: Display: Loaded TargetPlatform 'LuminClient'
[2022.03.15-13.55.31:508][  0]LogTargetPlatformManager: Display: Loaded TargetPlatform 'MacNoEditor'
[2022.03.15-13.55.31:526][  0]LogTargetPlatformManager: Display: Loaded TargetPlatform 'Mac'
[2022.03.15-13.55.31:543][  0]LogTargetPlatformManager: Display: Loaded TargetPlatform 'MacClient'
[2022.03.15-13.55.31:559][  0]LogTargetPlatformManager: Display: Loaded TargetPlatform 'MacServer'
[2022.03.15-13.55.31:579][  0]LogTargetPlatformManager: Display: Loaded TargetPlatform 'TVOSClient'
[2022.03.15-13.55.31:579][  0]LogTargetPlatformManager: Display: Loaded TargetPlatform 'TVOS'
[2022.03.15-13.55.31:600][  0]LogTargetPlatformManager: Display: Loaded TargetPlatform 'WindowsNoEditor'
[2022.03.15-13.55.31:618][  0]LogTargetPlatformManager: Display: Loaded TargetPlatform 'Windows'
[2022.03.15-13.55.31:640][  0]LogTargetPlatformManager: Display: Loaded TargetPlatform 'WindowsClient'
[2022.03.15-13.55.31:658][  0]LogTargetPlatformManager: Display: Loaded TargetPlatform 'WindowsServer'
[2022.03.15-13.55.31:658][  0]LogTargetPlatformManager: Display: Building Assets For Windows
[2022.03.15-13.55.31:729][  0]LogAudioDebug: Display: Lib vorbis DLL was dynamically loaded.
[2022.03.15-13.55.31:927][  0]LogTextureFormatOodle: Display: Oodle Texture 2.9.0 init RDO Off
[2022.03.15-13.55.32:215][  0]LogRendererCore: Ray tracing is disabled. Reason: r.RayTracing=0.
[2022.03.15-13.55.32:218][  0]LogShaderCompilers: Guid format shader working directory is -5 characters bigger than the processId version (../../../../Projects/WargamingAcademy/Cyberpunk2022/Intermediate/Shaders/WorkingDirectory/2288/).
[2022.03.15-13.55.32:218][  0]LogShaderCompilers: Cleaned the shader compiler working directory 'C:/Users/Artem/AppData/Local/Temp/UnrealShaderWorkingDir/675F4DF6426A609F0B9C32831333C793/'.
[2022.03.15-13.55.32:220][  0]LogXGEController: Cannot use XGE Controller as Incredibuild is not installed on this machine.
[2022.03.15-13.55.32:220][  0]LogShaderCompilers: Cannot use XGE Shader Compiler as Incredibuild is not installed on this machine.
[2022.03.15-13.55.32:221][  0]LogShaderCompilers: Display: Using Local Shader Compiler.
[2022.03.15-13.55.34:500][  0]LogDerivedDataCache: Display: Max Cache Size: 512 MB
[2022.03.15-13.55.34:618][  0]LogDerivedDataCache: Loaded boot cache 0.12s 103MB C:/Users/Artem/AppData/Local/UnrealEngine/4.27/DerivedDataCache/Boot.ddc.
[2022.03.15-13.55.34:618][  0]LogDerivedDataCache: Display: Loaded Boot cache: C:/Users/Artem/AppData/Local/UnrealEngine/4.27/DerivedDataCache/Boot.ddc
[2022.03.15-13.55.34:618][  0]LogDerivedDataCache: FDerivedDataBackendGraph:  Pak pak cache file ../../../../Projects/WargamingAcademy/Cyberpunk2022/DerivedDataCache/DDC.ddp not found, will not use a pak cache.
[2022.03.15-13.55.34:618][  0]LogDerivedDataCache: Unable to find inner node Pak for hierarchical cache Hierarchy.
[2022.03.15-13.55.34:618][  0]LogDerivedDataCache: FDerivedDataBackendGraph:  CompressedPak pak cache file ../../../../Projects/WargamingAcademy/Cyberpunk2022/DerivedDataCache/Compressed.ddp not found, will not use a pak cache.
[2022.03.15-13.55.34:618][  0]LogDerivedDataCache: Unable to find inner node CompressedPak for hierarchical cache Hierarchy.
[2022.03.15-13.55.34:642][  0]LogDerivedDataCache: Display: Pak cache opened for reading ../../../Engine/DerivedDataCache/Compressed.ddp.
[2022.03.15-13.55.34:643][  0]LogDerivedDataCache: FDerivedDataBackendGraph:  EnterprisePak pak cache file ../../../Enterprise/DerivedDataCache/Compressed.ddp not found, will not use a pak cache.
[2022.03.15-13.55.34:643][  0]LogDerivedDataCache: Unable to find inner node EnterprisePak for hierarchical cache Hierarchy.
[2022.03.15-13.55.34:684][  0]LogDerivedDataCache: Speed tests for C:/Users/Artem/AppData/Local/UnrealEngine/Common/DerivedDataCache took 0.04 seconds
[2022.03.15-13.55.34:684][  0]LogDerivedDataCache: Display: Performance to C:/Users/Artem/AppData/Local/UnrealEngine/Common/DerivedDataCache: Latency=0.45ms. RandomReadSpeed=30.40MBs, RandomWriteSpeed=193.62MBs. Assigned SpeedClass 'Local'
[2022.03.15-13.55.34:686][  0]LogDerivedDataCache: Using Local data cache path C:/Users/Artem/AppData/Local/UnrealEngine/Common/DerivedDataCache: Writable
[2022.03.15-13.55.34:687][  0]LogDerivedDataCache: Shared data cache path not found in *engine.ini, will not use an Shared cache.
[2022.03.15-13.55.34:687][  0]LogDerivedDataCache: Unable to find inner node Shared for hierarchical cache Hierarchy.
[2022.03.15-13.55.34:736][  0]LogSlate: Using FreeType 2.10.0
[2022.03.15-13.55.34:754][  0]LogSlate: SlateFontServices - WITH_FREETYPE: 1, WITH_HARFBUZZ: 1
[2022.03.15-13.55.34:897][  0]LogAssetRegistry: FAssetRegistry took 0.0100 seconds to start up
[2022.03.15-13.55.35:439][  0]LogInit: Selected Device Profile: [Windows]
[2022.03.15-13.55.35:439][  0]LogInit: Active device profile: [0000017A39206C00][0000017A37F3EC80 49] Windows
[2022.03.15-13.55.35:439][  0]LogInit: Profiles: [0000017A39206C00][0000017A37F3EC80 49] Windows, [0000017A391BD600][0000017A37F2EE00 49] WindowsNoEditor, [0000017A39205600][0000017A37F2AF80 49] WindowsServer, [0000017A391BE300][0000017A35067100 49] WindowsClient, [0000017A39206200][0000017A35CA7280 49] IOS, [0000017A391BE600][0000017A35CA3400 49] iPadAir, [0000017A39206900][0000017A35C9F580 49] iPadAir2, [0000017A3916AC00][0000017A34D75840 49] IPadPro, [0000017A3916AD00][0000017A35C9B880 49] iPadAir3, [0000017A39207400][0000017A34D71A00 49] iPadAir4, [0000017A3916B400][0000017A37E55B80 49] iPadMini2, [0000017A39205D00][0000017A37E58180 49] iPadMini3, [0000017A39169200][0000017A35038300 49] iPadMini4, [0000017A39204B00][0000017A35190480 49] iPadMini5, [0000017A391AE500][0000017A34D5C740 49] iPhone6, [0000017A391AE600][0000017A34D58780 49] iPodTouch6, [0000017A39169F00][0000017A34D609C0 49] iPhone7, [0000017A3916A000][0000017A37F3AA00 49] iPodTouch7, [0000017A391AE900][0000017A34D64B40 49] iPhone5S, [0000017A39168A00][0000017A34D6CCC0 49] iPhone6Plus, [0000017A391AD200][0000017A35932E40 49] iPhone6S, [0000017A3916BB00][0000017A35936FC0 49] iPhone6SPlus, [0000017A391AFC00][0000017A3593B140 49] iPhone7Plus, [0000017A3916B700][0000017A3593F2C0 49] iPhoneSE, [0000017A391AEF00][0000017A35943440 49] iPhone8, [0000017A39168700][0000017A359475C0 49] iPhone8Plus, [0000017A391AD800][0000017A3594B740 49] iPhoneX, [0000017A3916B000][0000017A3594F8C0 49] iPhoneXS, [0000017A391AFF00][0000017A35953A40 49] iPhoneXSMax, [0000017A3916A400][0000017A35957BC0 49] iPhoneXR, [0000017A391AFE00][0000017A39AF81C0 49] iPhone11, [0000017A39168F00][0000017A39AFC340 49] iPhone11Pro, [0000017A391AF000][0000017A39B004C0 49] iPhone11ProMax, [0000017A3916AE00][0000017A39B04640 49] iPhoneSE2, [0000017A391AC500][0000017A39B087C0 49] iPhone12Mini, [0000017A3916BD00][0000017A39B0C940 49] iPhone12, [0000017A391AC600][0000017A34D68A80 49] iPhone12Pro, [0000017A39168800][0000017A39B10BC0 49] iPhone12ProMax, [0000017A391AF300][0000017A39B14D00 49] iPadPro105, [0000017A39168600][0000017A39B1CE80 49] iPadPro129, [0000017A391ACA00][0000017A39B21000 49] iPadPro97, [0000017A3916B900][0000017A39B25180 49] iPadPro2_129, [0000017A391ADF00][0000017A39B29300 49] iPad5, [0000017A3916B800][0000017A39B2D480 49] iPad6, [0000017A391ACB00][0000017A37EF1600 49] iPad7, [0000017A3916B100][0000017A37EF5780 49] iPad8, [0000017A391AC700][0000017A37EF9900 49] iPadPro11, [0000017A3916A300][0000017A37EFDA80 49] iPadPro2_11, [0000017A391ACC00][0000017A37F01C00 49] iPadPro3_129, [0000017A39168300][0000017A37F04200 49] iPadPro4_129, [0000017A391BD900][0000017A37F08380 49] AppleTV, [0000017A3923C800][0000017A37F0C500 49] AppleTV4K, [0000017A391BF500][0000017A37F10680 49] TVOS, [0000017A3923DC00][0000017A37F14800 49] Mac, [0000017A391BF200][0000017A37F18980 49] MacClient, [0000017A3923D600][0000017A37F1CB00 49] MacNoEditor, [0000017A391BF900][0000017A39B18C40 49] MacServer, [0000017A3923E100][0000017A37F20D80 49] Linux, [0000017A391BE400][0000017A37F24EC0 49] LinuxAArch64, [0000017A3923CC00][0000017A383E1040 49] LinuxNoEditor, [0000017A391BF600][0000017A383E51C0 49] LinuxAArch64NoEditor, [0000017A3923D100][0000017A383E9340 49] LinuxClient, [0000017A391BE900][0000017A383ED4C0 49] LinuxAArch64Client, [0000017A3923DA00][0000017A383F1640 49] LinuxServer, [0000017A391BD000][0000017A383F57C0 49] LinuxAArch64Server, [0000017A3923D800][0000017A383F9940 49] Android, [0000017A391BCC00][0000017A383FDAC0 49] Android_Low, [0000017A3923D000][0000017A384000C0 49] Android_Mid, [0000017A39169A00][0000017A38404240 49] Android_High, [0000017A391AC300][0000017A384083C0 49] Android_Default, [0000017A3916B200][0000017A3840C540 49] Android_Adreno4xx, [0000017A391ADA00][0000017A384106C0 49] Android_Adreno5xx_Low, [0000017A3916BF00][0000017A38414840 49] Android_Adreno5xx, [0000017A391AEB00][0000017A34E269C0 49] Android_Adreno6xx, [0000017A3916BC00][0000017A34E2AB40 49] Android_Adreno6xx_Vulkan, [0000017A391AE000][0000017A34E2ECC0 49] Android_Mali_T6xx, [0000017A39169B00][0000017A383DCE00 49] Android_Mali_T7xx, [0000017A391AD100][0000017A34E32F40 49] Android_Mali_T8xx, [0000017A39169C00][0000017A34E37080 49] Android_Mali_G71, [0000017A391AE200][0000017A34E3B1C0 49] Android_Mali_G72, [0000017A3916A600][0000017A34E43340 49] Android_Mali_G72_Vulkan, [0000017A391AEC00][0000017A34E474C0 49] Android_Mali_G76, [0000017A39168400][0000017A34E4B640 49] Android_Mali_G76_Vulkan, [0000017A391AEA00][0000017A34E4F7C0 49] Android_Mali_G77, [0000017A3916A900][0000017A34E53940 49] Android_Mali_G77_Vulkan, [0000017A3923C600][0000017A34E57AC0 49] Android_Mali_G78, [0000017A3916A800][0000017A34E5A0C0 49] Android_Mali_G78_Vulkan, [0000017A3923D400][0000017A34E5E240 49] Android_Mali_G710, [0000017A3916BE00][0000017A34E623C0 49] Android_Mali_G710_Vulkan, [0000017A391AC800][0000017A37F6A540 49] Android_Vulkan_SM5, [0000017A39169700][0000017A37F6E6C0 49] Android_PowerVR_G6xxx, [0000017A391AD500][0000017A37F72840 49] Android_PowerVR_GT7xxx, [0000017A3916B600][0000017A37F769C0 49] Android_PowerVR_GE8xxx, [0000017A391AC900][0000017A37F7AB40 49] Android_PowerVR_GM9xxx, [0000017A39169600][0000017A37F7ECC0 49] Android_PowerVR_GM9xxx_Vulkan, [0000017A391ACF00][0000017A37F82E40 49] Android_TegraK1, [0000017A3916AB00][0000017A34E3EF80 49] Android_Unknown_Vulkan, [0000017A391AD700][0000017A37F870C0 49] Lumin, [0000017A39169500][0000017A37F8B200 49] Lumin_Desktop, [0000017A391AF900][0000017A37F8F340 49] HoloLens, 
[2022.03.15-13.55.35:927][  0]LogMeshReduction: Using QuadricMeshReduction for automatic static mesh reduction
[2022.03.15-13.55.35:927][  0]LogMeshReduction: Using SimplygonMeshReduction for automatic skeletal mesh reduction
[2022.03.15-13.55.35:927][  0]LogMeshReduction: Using ProxyLODMeshReduction for automatic mesh merging
[2022.03.15-13.55.35:927][  0]LogMeshReduction: No distributed automatic mesh merging module available
[2022.03.15-13.55.35:928][  0]LogMeshMerging: No distributed automatic mesh merging module available
[2022.03.15-13.55.36:017][  0]LogNetVersion: Cyberpunk2022 1.0.0, NetCL: 17155196, EngineNetVer: 17, GameNetVer: 0 (Checksum: 1028016206)
[2022.03.15-13.55.37:952][  0]LogTexture: Default maximum texture size for cubemaps generated from long-lat sources has been changed from 512 to unlimited. In order to preserve old behaiour for '/Engine/MapTemplates/Sky/DaylightAmbientCubemap.DaylightAmbientCubemap', its maximum texture size has been explicitly set to 512.
[2022.03.15-13.55.38:106][  0]LogHMD: PokeAHoleMaterial loaded successfully
[2022.03.15-13.55.38:117][  0]LogUObjectArray: 17178 objects as part of root set at end of initial load.
[2022.03.15-13.55.38:117][  0]LogUObjectAllocator: 4302048 out of 0 bytes used by permanent object pool.
[2022.03.15-13.55.38:117][  0]LogUObjectArray: CloseDisregardForGC: 0/0 objects in disregard for GC pool
[2022.03.15-13.55.39:711][  0]LogNiagaraDebuggerClient: Niagara Debugger Client Initialized | Session: 0FAD3A6247A94E020E078192B0C0E57C | Instance: BDBE735A4616FF5E281E548F0B2AA83C (DESKTOP-P6OQVGL-2288).
[2022.03.15-13.55.40:349][  0]LogPython: Using Python 3.7.7
[2022.03.15-13.55.41:007][  0]LogUdpMessaging: Initializing bridge on interface 0.0.0.0:0 to multicast group 230.0.0.1:6666.
[2022.03.15-13.55.41:034][  0]LogTcpMessaging: Initializing TcpMessaging bridge
[2022.03.15-13.55.42:793][  0]SourceControl: Source control is disabled
[2022.03.15-13.55.42:794][  0]SourceControl: Source control is disabled
[2022.03.15-13.55.42:859][  0]SourceControl: Source control is disabled
[2022.03.15-13.55.42:883][  0]SourceControl: Source control is disabled
[2022.03.15-13.55.42:957][  0]SourceControl: Source control is disabled
[2022.03.15-13.55.42:990][  0]LogUProjectInfo: Found projects:
[2022.03.15-13.55.43:931][  0]LogOpenImageDenoise: OIDN starting up
[2022.03.15-13.55.44:005][  0]LogAndroidPermission: UAndroidPermissionCallbackProxy::GetInstance
[2022.03.15-13.55.44:119][  0]LogAudioCaptureCore: Display: No Audio Capture implementations found. Audio input will be silent.
[2022.03.15-13.55.44:119][  0]LogAudioCaptureCore: Display: No Audio Capture implementations found. Audio input will be silent.
[2022.03.15-13.55.44:692][  0]LogCollectionManager: Loaded 0 collections in 0.001465 seconds
[2022.03.15-13.55.44:800][  0]LogFileCache: Scanning file cache for directory 'E:/UE4/Projects/WargamingAcademy/Cyberpunk2022/Saved/Collections/' took 0.00s
[2022.03.15-13.55.44:800][  0]LogFileCache: Scanning file cache for directory 'E:/UE4/Projects/WargamingAcademy/Cyberpunk2022/Content/Developers/Artem/Collections/' took 0.00s
[2022.03.15-13.55.44:800][  0]LogFileCache: Scanning file cache for directory 'E:/UE4/Projects/WargamingAcademy/Cyberpunk2022/Content/Collections/' took 0.00s
[2022.03.15-13.55.44:800][  0]LogOcInput: OculusInput pre-init called
[2022.03.15-13.55.45:310][  0]LogClass: Warning: ObjectProperty FUDecalStruct::Material is not initialized properly. Module:Cyberpunk2022 File:DecalStruct.h
[2022.03.15-13.55.45:314][  0]LogClass: Display: 1 Uninitialized script struct members found including 1 object properties
[2022.03.15-13.55.45:319][  0]LogAutomationTest: Warning: ObjectProperty FUDecalStruct::Material is not initialized properly. Module:Cyberpunk2022 File:DecalStruct.h
[2022.03.15-13.55.45:326][  0]LogEngine: Initializing Engine...
[2022.03.15-13.55.45:378][  0]LogHMD: Failed to enumerate extensions. Please check that you have a valid OpenXR runtime installed.
[2022.03.15-13.55.45:380][  0]LogHMD: Failed to initialize OpenVR with code 110
[2022.03.15-13.55.45:381][  0]LogMagicLeap: Warning: VR disabled because ZI is not enabled.  To enable, in the editor, Edit -> Project Settings -> Plugins -> Magic Leap Plugin -> Enable Zero Iteration
[2022.03.15-13.55.45:391][  0]LogStats: UGameplayTagsManager::InitializeManager -  0.003 s
[2022.03.15-13.55.45:657][  0]LogInit: Initializing FReadOnlyCVARCache
[2022.03.15-13.55.45:746][  0]LogAIModule: Creating AISystem for world Untitled
[2022.03.15-13.55.45:766][  0]LogAudio: Display: Initializing Audio Device Manager...
[2022.03.15-13.55.45:787][  0]LogAudio: Display: Loading Default Audio Settings Objects...
[2022.03.15-13.55.45:791][  0]LogAudio: Display: No default SoundConcurrencyObject specified (or failed to load).
[2022.03.15-13.55.45:793][  0]LogAudio: Display: Audio Device Manager Initialized
[2022.03.15-13.55.45:793][  0]LogAudio: Display: Creating Audio Device:                 Id: 1, Scope: Shared, Realtime: True
[2022.03.15-13.55.45:795][  0]LogAudioMixer: Display: Audio Mixer Platform Settings:
[2022.03.15-13.55.45:795][  0]LogAudioMixer: Display: 	Sample Rate:						  48000
[2022.03.15-13.55.45:795][  0]LogAudioMixer: Display: 	Callback Buffer Frame Size Requested: 1024
[2022.03.15-13.55.45:795][  0]LogAudioMixer: Display: 	Callback Buffer Frame Size To Use:	  1024
[2022.03.15-13.55.45:795][  0]LogAudioMixer: Display: 	Number of buffers to queue:			  2
[2022.03.15-13.55.45:795][  0]LogAudioMixer: Display: 	Max Channels (voices):				  32
[2022.03.15-13.55.45:795][  0]LogAudioMixer: Display: 	Number of Async Source Workers:		  0
[2022.03.15-13.55.45:795][  0]LogAudio: Display: AudioDevice MaxSources: 32
[2022.03.15-13.55.45:797][  0]LogAudio: Display: Audio Spatialization Plugin: None (built-in).
[2022.03.15-13.55.45:797][  0]LogAudio: Display: Audio Reverb Plugin: None (built-in).
[2022.03.15-13.55.45:797][  0]LogAudio: Display: Audio Occlusion Plugin: None (built-in).
[2022.03.15-13.55.45:797][  0]LogAudioMixer: Display: Initializing audio mixer.
[2022.03.15-13.55.45:840][  0]LogAudioMixer: Display: 0: FrontLeft
[2022.03.15-13.55.45:840][  0]LogAudioMixer: Display: 1: FrontRight
[2022.03.15-13.55.46:404][  0]LogAudioMixer: Display: Using Audio Device Headphones (Realtek(R) Audio)
[2022.03.15-13.55.46:408][  0]LogAudioMixer: Display: Initializing Sound Submixes...
[2022.03.15-13.55.46:423][  0]LogAudioMixer: Display: Creating Master Submix 'MasterSubmixDefault'
[2022.03.15-13.55.46:423][  0]LogAudioMixer: Display: Creating Master Submix 'MasterReverbSubmixDefault'
[2022.03.15-13.55.46:426][  0]LogAudioMixer: Display: Creating Master Submix 'MasterEQSubmixDefault'
[2022.03.15-13.55.46:426][  0]LogAudioMixer: FMixerPlatformXAudio2::StartAudioStream() called
[2022.03.15-13.55.46:426][  0]LogAudioMixer: Display: Output buffers initialized: Frames=1024, Channels=2, Samples=2048
[2022.03.15-13.55.46:428][  0]LogAudioMixer: Display: Starting AudioMixerPlatformInterface::RunInternal()
[2022.03.15-13.55.46:428][  0]LogAudioMixer: Display: FMixerPlatformXAudio2::SubmitBuffer() called for the first time
[2022.03.15-13.55.46:428][  0]LogInit: FAudioDevice initialized.
[2022.03.15-13.55.46:431][  0]LogAudio: Display: Audio Device (ID: 1) registered with world 'Untitled'.
[2022.03.15-13.55.46:433][  0]LogNetVersion: Set ProjectVersion to 1.0.0.0. Version Checksum will be recalculated on next use.
[2022.03.15-13.55.46:480][  0]LogDerivedDataCache: Saved boot cache 0.05s 103MB C:/Users/Artem/AppData/Local/UnrealEngine/4.27/DerivedDataCache/Boot.ddc.
[2022.03.15-13.55.46:481][  0]LogInit: Texture streaming: Enabled
[2022.03.15-13.55.46:544][  0]LogAnalytics: Display: [UEEditor.Rocket.Release] APIServer = https://datarouter.ol.epicgames.com/. AppVersion = 4.27.2-18319896+++UE4+Release-4.27
[2022.03.15-13.55.46:560][  0]LogEngineSessionManager: EngineSessionManager initialized
[2022.03.15-13.55.46:561][  0]LogEditorSessionSummary: Verbose: Initializing EditorSessionSummaryWriter for editor session tracking
[2022.03.15-13.55.46:565][  0]LogEditorSessionSummary: EditorSessionSummaryWriter initialized
[2022.03.15-13.55.46:634][  0]LogInit: Transaction tracking system initialized
[2022.03.15-13.55.46:773][  0]BlueprintLog: New page: Editor Load
[2022.03.15-13.55.47:171][  0]LocalizationService: Localization service is disabled
[2022.03.15-13.55.47:336][  0]TimingProfiler: Initialize
[2022.03.15-13.55.47:338][  0]TimingProfiler: OnSessionChanged
[2022.03.15-13.55.47:339][  0]LoadingProfiler: Initialize
[2022.03.15-13.55.47:339][  0]LoadingProfiler: OnSessionChanged
[2022.03.15-13.55.47:339][  0]NetworkingProfiler: Initialize
[2022.03.15-13.55.47:340][  0]NetworkingProfiler: OnSessionChanged
[2022.03.15-13.55.47:340][  0]MemoryProfiler: Initialize
[2022.03.15-13.55.47:340][  0]MemoryProfiler: OnSessionChanged
[2022.03.15-13.55.47:928][  0]LogCook: Display: CookSettings for Memory: MemoryMaxUsedVirtual 0MiB, MemoryMaxUsedPhysical 16384MiB, MemoryMinFreeVirtual 0MiB, MemoryMinFreePhysical 1024MiB
[2022.03.15-13.55.47:929][  0]LogCook: Display: Mobile HDR setting 1
[2022.03.15-13.55.48:874][  0]LogFileCache: Scanning file cache for directory 'E:/UE4/Projects/WargamingAcademy/Cyberpunk2022/Content/' took 0.02s
[2022.03.15-13.55.49:065][  0]LogInit: Display: Engine is initialized. Leaving FEngineLoop::Init()
[2022.03.15-13.55.49:077][  0]SourceControl: Source control is disabled
[2022.03.15-13.55.49:078][  0]LogUnrealEdMisc: Loading editor; pre map load, took 25.652
[2022.03.15-13.55.49:081][  0]Cmd: MAP LOAD FILE="../../../../Projects/WargamingAcademy/Cyberpunk2022/Content/FirstPersonCPP/Maps/bloking_new.umap" TEMPLATE=0 SHOWPROGRESS=1 FEATURELEVEL=3
[2022.03.15-13.55.49:087][  0]LightingResults: New page: Lighting Build
[2022.03.15-13.55.49:101][  0]LogWorld: UWorld::CleanupWorld for Untitled, bSessionEnded=true, bCleanupResources=true
[2022.03.15-13.55.49:107][  0]LogSlate: InvalidateAllWidgets triggered.  All widgets were invalidated
[2022.03.15-13.55.49:113][  0]MapCheck: New page: Map Check
[2022.03.15-13.55.49:113][  0]LightingResults: New page: Lighting Build
[2022.03.15-13.55.49:136][  0]LogAudio: Display: Audio Device unregistered from world 'None'.
[2022.03.15-13.55.49:173][  0]LogUObjectHash: Compacting FUObjectHashTables data took   1.43ms
[2022.03.15-13.55.51:713][  0]LogAudio: Display: Audio Device (ID: 1) registered with world 'bloking_new'.
[2022.03.15-13.55.51:715][  0]LogAIModule: Creating AISystem for world bloking_new
[2022.03.15-13.55.51:978][  0]LogEditorServer: Finished looking for orphan Actors (0.000 secs)
[2022.03.15-13.55.52:041][  0]LogUObjectHash: Compacting FUObjectHashTables data took   1.13ms
[2022.03.15-13.55.52:044][  0]Cmd: MAP CHECKDEP NOCLEARLOG
[2022.03.15-13.55.52:044][  0]MapCheck: Map check complete: 0 Error(s), 0 Warning(s), took 0.673ms to complete.
[2022.03.15-13.55.52:044][  0]LogFileHelpers: Loading map 'bloking_new' took 2.966
[2022.03.15-13.55.52:121][  0]LogUnrealEdMisc: Total Editor Startup Time, took 28.695
[2022.03.15-13.55.52:339][  0]LogSlate: Updating window title bar state: overlay mode, drag disabled, window buttons hidden, title bar hidden
[2022.03.15-13.55.52:347][  0]LogSlate: Updating window title bar state: overlay mode, drag disabled, window buttons hidden, title bar hidden
[2022.03.15-13.55.52:352][  0]LogSlate: Updating window title bar state: overlay mode, drag disabled, window buttons hidden, title bar hidden
[2022.03.15-13.55.52:358][  0]LogSlate: Updating window title bar state: overlay mode, drag disabled, window buttons hidden, title bar hidden
[2022.03.15-13.55.52:426][  0]LogNativeClassHierarchy: Verbose: Native class hierarchy populated in 0.0105 seconds. Added 3832 classes and 930 folders.
[2022.03.15-13.55.52:451][  0]LogNativeClassHierarchy: Verbose: Native class hierarchy updated for 'WidgetCarousel' in 0.0003 seconds. Added 0 classes and 0 folders.
[2022.03.15-13.55.52:471][  0]LogPakFile: PakFile PrimaryIndexSize=187
[2022.03.15-13.55.52:471][  0]LogPakFile: PakFile PathHashIndexSize=101
[2022.03.15-13.55.52:472][  0]LogPakFile: PakFile FullDirectoryIndexSize=148
[2022.03.15-13.55.52:473][  0]LogShaderLibrary: Display: ShaderCodeLibraryPakFileMountedCallback: PakFile 'E:/UE4/UE_4.27/FeaturePacks/FP_FirstPerson.upack' (chunk index -1, root 'root:/') mounted
[2022.03.15-13.55.52:473][  0]LogShaderLibrary: Display: ShaderCodeLibraryPakFileMountedCallback: pending pak file info (ChunkID:-1 Root:root:/ File:E:/UE4/UE_4.27/FeaturePacks/FP_FirstPerson.upack)
[2022.03.15-13.55.52:474][  0]LogPakFile: OnPakFileMounted2Time == 0.002060
[2022.03.15-13.55.52:489][  0]LogPakFile: PakFile PrimaryIndexSize=189
[2022.03.15-13.55.52:489][  0]LogPakFile: PakFile PathHashIndexSize=101
[2022.03.15-13.55.52:489][  0]LogPakFile: PakFile FullDirectoryIndexSize=152
[2022.03.15-13.55.52:489][  0]LogShaderLibrary: Display: ShaderCodeLibraryPakFileMountedCallback: PakFile 'E:/UE4/UE_4.27/FeaturePacks/FP_FirstPersonBP.upack' (chunk index -1, root 'root:/') mounted
[2022.03.15-13.55.52:489][  0]LogShaderLibrary: Display: ShaderCodeLibraryPakFileMountedCallback: pending pak file info (ChunkID:-1 Root:root:/ File:E:/UE4/UE_4.27/FeaturePacks/FP_FirstPersonBP.upack)
[2022.03.15-13.55.52:489][  0]LogPakFile: OnPakFileMounted2Time == 0.000113
[2022.03.15-13.55.52:494][  0]LogPakFile: PakFile PrimaryIndexSize=191
[2022.03.15-13.55.52:494][  0]LogPakFile: PakFile PathHashIndexSize=101
[2022.03.15-13.55.52:494][  0]LogPakFile: PakFile FullDirectoryIndexSize=160
[2022.03.15-13.55.52:494][  0]LogShaderLibrary: Display: ShaderCodeLibraryPakFileMountedCallback: PakFile 'E:/UE4/UE_4.27/FeaturePacks/MobileStarterContent.upack' (chunk index -1, root 'root:/') mounted
[2022.03.15-13.55.52:494][  0]LogShaderLibrary: Display: ShaderCodeLibraryPakFileMountedCallback: pending pak file info (ChunkID:-1 Root:root:/ File:E:/UE4/UE_4.27/FeaturePacks/MobileStarterContent.upack)
[2022.03.15-13.55.52:494][  0]LogPakFile: OnPakFileMounted2Time == 0.000093
[2022.03.15-13.55.52:499][  0]LogPakFile: PakFile PrimaryIndexSize=185
[2022.03.15-13.55.52:499][  0]LogPakFile: PakFile PathHashIndexSize=101
[2022.03.15-13.55.52:499][  0]LogPakFile: PakFile FullDirectoryIndexSize=148
[2022.03.15-13.55.52:499][  0]LogShaderLibrary: Display: ShaderCodeLibraryPakFileMountedCallback: PakFile 'E:/UE4/UE_4.27/FeaturePacks/StarterContent.upack' (chunk index -1, root 'root:/') mounted
[2022.03.15-13.55.52:499][  0]LogShaderLibrary: Display: ShaderCodeLibraryPakFileMountedCallback: pending pak file info (ChunkID:-1 Root:root:/ File:E:/UE4/UE_4.27/FeaturePacks/StarterContent.upack)
[2022.03.15-13.55.52:499][  0]LogPakFile: OnPakFileMounted2Time == 0.000115
[2022.03.15-13.55.52:504][  0]LogPakFile: PakFile PrimaryIndexSize=190
[2022.03.15-13.55.52:504][  0]LogPakFile: PakFile PathHashIndexSize=101
[2022.03.15-13.55.52:504][  0]LogPakFile: PakFile FullDirectoryIndexSize=154
[2022.03.15-13.55.52:504][  0]LogShaderLibrary: Display: ShaderCodeLibraryPakFileMountedCallback: PakFile 'E:/UE4/UE_4.27/FeaturePacks/TP_2DSideScroller.upack' (chunk index -1, root 'root:/') mounted
[2022.03.15-13.55.52:505][  0]LogShaderLibrary: Display: ShaderCodeLibraryPakFileMountedCallback: pending pak file info (ChunkID:-1 Root:root:/ File:E:/UE4/UE_4.27/FeaturePacks/TP_2DSideScroller.upack)
[2022.03.15-13.55.52:505][  0]LogPakFile: OnPakFileMounted2Time == 0.000101
[2022.03.15-13.55.52:509][  0]LogPakFile: PakFile PrimaryIndexSize=192
[2022.03.15-13.55.52:509][  0]LogPakFile: PakFile PathHashIndexSize=101
[2022.03.15-13.55.52:509][  0]LogPakFile: PakFile FullDirectoryIndexSize=158
[2022.03.15-13.55.52:509][  0]LogShaderLibrary: Display: ShaderCodeLibraryPakFileMountedCallback: PakFile 'E:/UE4/UE_4.27/FeaturePacks/TP_2DSideScrollerBP.upack' (chunk index -1, root 'root:/') mounted
[2022.03.15-13.55.52:509][  0]LogShaderLibrary: Display: ShaderCodeLibraryPakFileMountedCallback: pending pak file info (ChunkID:-1 Root:root:/ File:E:/UE4/UE_4.27/FeaturePacks/TP_2DSideScrollerBP.upack)
[2022.03.15-13.55.52:509][  0]LogPakFile: OnPakFileMounted2Time == 0.000101
[2022.03.15-13.55.52:514][  0]LogPakFile: PakFile PrimaryIndexSize=182
[2022.03.15-13.55.52:514][  0]LogPakFile: PakFile PathHashIndexSize=101
[2022.03.15-13.55.52:514][  0]LogPakFile: PakFile FullDirectoryIndexSize=138
[2022.03.15-13.55.52:514][  0]LogShaderLibrary: Display: ShaderCodeLibraryPakFileMountedCallback: PakFile 'E:/UE4/UE_4.27/FeaturePacks/TP_Flying.upack' (chunk index -1, root 'root:/') mounted
[2022.03.15-13.55.52:514][  0]LogShaderLibrary: Display: ShaderCodeLibraryPakFileMountedCallback: pending pak file info (ChunkID:-1 Root:root:/ File:E:/UE4/UE_4.27/FeaturePacks/TP_Flying.upack)
[2022.03.15-13.55.52:514][  0]LogPakFile: OnPakFileMounted2Time == 0.000096
[2022.03.15-13.55.52:520][  0]LogPakFile: PakFile PrimaryIndexSize=184
[2022.03.15-13.55.52:520][  0]LogPakFile: PakFile PathHashIndexSize=101
[2022.03.15-13.55.52:520][  0]LogPakFile: PakFile FullDirectoryIndexSize=142
[2022.03.15-13.55.52:520][  0]LogShaderLibrary: Display: ShaderCodeLibraryPakFileMountedCallback: PakFile 'E:/UE4/UE_4.27/FeaturePacks/TP_FlyingBP.upack' (chunk index -1, root 'root:/') mounted
[2022.03.15-13.55.52:520][  0]LogShaderLibrary: Display: ShaderCodeLibraryPakFileMountedCallback: pending pak file info (ChunkID:-1 Root:root:/ File:E:/UE4/UE_4.27/FeaturePacks/TP_FlyingBP.upack)
[2022.03.15-13.55.52:520][  0]LogPakFile: OnPakFileMounted2Time == 0.000085
[2022.03.15-13.55.52:525][  0]LogPakFile: PakFile PrimaryIndexSize=188
[2022.03.15-13.55.52:525][  0]LogPakFile: PakFile PathHashIndexSize=101
[2022.03.15-13.55.52:525][  0]LogPakFile: PakFile FullDirectoryIndexSize=150
[2022.03.15-13.55.52:525][  0]LogShaderLibrary: Display: ShaderCodeLibraryPakFileMountedCallback: PakFile 'E:/UE4/UE_4.27/FeaturePacks/TP_HandheldARBP.upack' (chunk index -1, root 'root:/') mounted
[2022.03.15-13.55.52:525][  0]LogShaderLibrary: Display: ShaderCodeLibraryPakFileMountedCallback: pending pak file info (ChunkID:-1 Root:root:/ File:E:/UE4/UE_4.27/FeaturePacks/TP_HandheldARBP.upack)
[2022.03.15-13.55.52:525][  0]LogPakFile: OnPakFileMounted2Time == 0.000114
[2022.03.15-13.55.52:531][  0]LogPakFile: PakFile PrimaryIndexSize=182
[2022.03.15-13.55.52:531][  0]LogPakFile: PakFile PathHashIndexSize=101
[2022.03.15-13.55.52:531][  0]LogPakFile: PakFile FullDirectoryIndexSize=138
[2022.03.15-13.55.52:531][  0]LogShaderLibrary: Display: ShaderCodeLibraryPakFileMountedCallback: PakFile 'E:/UE4/UE_4.27/FeaturePacks/TP_Puzzle.upack' (chunk index -1, root 'root:/') mounted
[2022.03.15-13.55.52:531][  0]LogShaderLibrary: Display: ShaderCodeLibraryPakFileMountedCallback: pending pak file info (ChunkID:-1 Root:root:/ File:E:/UE4/UE_4.27/FeaturePacks/TP_Puzzle.upack)
[2022.03.15-13.55.52:532][  0]LogPakFile: OnPakFileMounted2Time == 0.000121
[2022.03.15-13.55.52:536][  0]LogPakFile: PakFile PrimaryIndexSize=184
[2022.03.15-13.55.52:536][  0]LogPakFile: PakFile PathHashIndexSize=101
[2022.03.15-13.55.52:536][  0]LogPakFile: PakFile FullDirectoryIndexSize=142
[2022.03.15-13.55.52:536][  0]LogShaderLibrary: Display: ShaderCodeLibraryPakFileMountedCallback: PakFile 'E:/UE4/UE_4.27/FeaturePacks/TP_PuzzleBP.upack' (chunk index -1, root 'root:/') mounted
[2022.03.15-13.55.52:536][  0]LogShaderLibrary: Display: ShaderCodeLibraryPakFileMountedCallback: pending pak file info (ChunkID:-1 Root:root:/ File:E:/UE4/UE_4.27/FeaturePacks/TP_PuzzleBP.upack)
[2022.03.15-13.55.52:536][  0]LogPakFile: OnPakFileMounted2Time == 0.000106
[2022.03.15-13.55.52:541][  0]LogPakFile: PakFile PrimaryIndexSize=183
[2022.03.15-13.55.52:541][  0]LogPakFile: PakFile PathHashIndexSize=101
[2022.03.15-13.55.52:541][  0]LogPakFile: PakFile FullDirectoryIndexSize=140
[2022.03.15-13.55.52:541][  0]LogShaderLibrary: Display: ShaderCodeLibraryPakFileMountedCallback: PakFile 'E:/UE4/UE_4.27/FeaturePacks/TP_Rolling.upack' (chunk index -1, root 'root:/') mounted
[2022.03.15-13.55.52:541][  0]LogShaderLibrary: Display: ShaderCodeLibraryPakFileMountedCallback: pending pak file info (ChunkID:-1 Root:root:/ File:E:/UE4/UE_4.27/FeaturePacks/TP_Rolling.upack)
[2022.03.15-13.55.52:541][  0]LogPakFile: OnPakFileMounted2Time == 0.000094
[2022.03.15-13.55.52:546][  0]LogPakFile: PakFile PrimaryIndexSize=185
[2022.03.15-13.55.52:546][  0]LogPakFile: PakFile PathHashIndexSize=101
[2022.03.15-13.55.52:546][  0]LogPakFile: PakFile FullDirectoryIndexSize=144
[2022.03.15-13.55.52:546][  0]LogShaderLibrary: Display: ShaderCodeLibraryPakFileMountedCallback: PakFile 'E:/UE4/UE_4.27/FeaturePacks/TP_RollingBP.upack' (chunk index -1, root 'root:/') mounted
[2022.03.15-13.55.52:546][  0]LogShaderLibrary: Display: ShaderCodeLibraryPakFileMountedCallback: pending pak file info (ChunkID:-1 Root:root:/ File:E:/UE4/UE_4.27/FeaturePacks/TP_RollingBP.upack)
[2022.03.15-13.55.52:546][  0]LogPakFile: OnPakFileMounted2Time == 0.000110
[2022.03.15-13.55.52:551][  0]LogPakFile: PakFile PrimaryIndexSize=188
[2022.03.15-13.55.52:551][  0]LogPakFile: PakFile PathHashIndexSize=101
[2022.03.15-13.55.52:551][  0]LogPakFile: PakFile FullDirectoryIndexSize=150
[2022.03.15-13.55.52:551][  0]LogShaderLibrary: Display: ShaderCodeLibraryPakFileMountedCallback: PakFile 'E:/UE4/UE_4.27/FeaturePacks/TP_SideScroller.upack' (chunk index -1, root 'root:/') mounted
[2022.03.15-13.55.52:551][  0]LogShaderLibrary: Display: ShaderCodeLibraryPakFileMountedCallback: pending pak file info (ChunkID:-1 Root:root:/ File:E:/UE4/UE_4.27/FeaturePacks/TP_SideScroller.upack)
[2022.03.15-13.55.52:551][  0]LogPakFile: OnPakFileMounted2Time == 0.000108
[2022.03.15-13.55.52:555][  0]LogPakFile: PakFile PrimaryIndexSize=190
[2022.03.15-13.55.52:555][  0]LogPakFile: PakFile PathHashIndexSize=101
[2022.03.15-13.55.52:555][  0]LogPakFile: PakFile FullDirectoryIndexSize=154
[2022.03.15-13.55.52:555][  0]LogShaderLibrary: Display: ShaderCodeLibraryPakFileMountedCallback: PakFile 'E:/UE4/UE_4.27/FeaturePacks/TP_SideScrollerBP.upack' (chunk index -1, root 'root:/') mounted
[2022.03.15-13.55.52:555][  0]LogShaderLibrary: Display: ShaderCodeLibraryPakFileMountedCallback: pending pak file info (ChunkID:-1 Root:root:/ File:E:/UE4/UE_4.27/FeaturePacks/TP_SideScrollerBP.upack)
[2022.03.15-13.55.52:555][  0]LogPakFile: OnPakFileMounted2Time == 0.000118
[2022.03.15-13.55.52:560][  0]LogPakFile: PakFile PrimaryIndexSize=187
[2022.03.15-13.55.52:560][  0]LogPakFile: PakFile PathHashIndexSize=101
[2022.03.15-13.55.52:560][  0]LogPakFile: PakFile FullDirectoryIndexSize=148
[2022.03.15-13.55.52:561][  0]LogShaderLibrary: Display: ShaderCodeLibraryPakFileMountedCallback: PakFile 'E:/UE4/UE_4.27/FeaturePacks/TP_ThirdPerson.upack' (chunk index -1, root 'root:/') mounted
[2022.03.15-13.55.52:561][  0]LogShaderLibrary: Display: ShaderCodeLibraryPakFileMountedCallback: pending pak file info (ChunkID:-1 Root:root:/ File:E:/UE4/UE_4.27/FeaturePacks/TP_ThirdPerson.upack)
[2022.03.15-13.55.52:561][  0]LogPakFile: OnPakFileMounted2Time == 0.000131
[2022.03.15-13.55.52:566][  0]LogPakFile: PakFile PrimaryIndexSize=189
[2022.03.15-13.55.52:566][  0]LogPakFile: PakFile PathHashIndexSize=101
[2022.03.15-13.55.52:566][  0]LogPakFile: PakFile FullDirectoryIndexSize=152
[2022.03.15-13.55.52:566][  0]LogShaderLibrary: Display: ShaderCodeLibraryPakFileMountedCallback: PakFile 'E:/UE4/UE_4.27/FeaturePacks/TP_ThirdPersonBP.upack' (chunk index -1, root 'root:/') mounted
[2022.03.15-13.55.52:566][  0]LogShaderLibrary: Display: ShaderCodeLibraryPakFileMountedCallback: pending pak file info (ChunkID:-1 Root:root:/ File:E:/UE4/UE_4.27/FeaturePacks/TP_ThirdPersonBP.upack)
[2022.03.15-13.55.52:566][  0]LogPakFile: OnPakFileMounted2Time == 0.000104
[2022.03.15-13.55.52:571][  0]LogPakFile: PakFile PrimaryIndexSize=183
[2022.03.15-13.55.52:571][  0]LogPakFile: PakFile PathHashIndexSize=101
[2022.03.15-13.55.52:571][  0]LogPakFile: PakFile FullDirectoryIndexSize=140
[2022.03.15-13.55.52:571][  0]LogShaderLibrary: Display: ShaderCodeLibraryPakFileMountedCallback: PakFile 'E:/UE4/UE_4.27/FeaturePacks/TP_TopDown.upack' (chunk index -1, root 'root:/') mounted
[2022.03.15-13.55.52:571][  0]LogShaderLibrary: Display: ShaderCodeLibraryPakFileMountedCallback: pending pak file info (ChunkID:-1 Root:root:/ File:E:/UE4/UE_4.27/FeaturePacks/TP_TopDown.upack)
[2022.03.15-13.55.52:571][  0]LogPakFile: OnPakFileMounted2Time == 0.000123
[2022.03.15-13.55.52:576][  0]LogPakFile: PakFile PrimaryIndexSize=185
[2022.03.15-13.55.52:576][  0]LogPakFile: PakFile PathHashIndexSize=101
[2022.03.15-13.55.52:576][  0]LogPakFile: PakFile FullDirectoryIndexSize=144
[2022.03.15-13.55.52:576][  0]LogShaderLibrary: Display: ShaderCodeLibraryPakFileMountedCallback: PakFile 'E:/UE4/UE_4.27/FeaturePacks/TP_TopDownBP.upack' (chunk index -1, root 'root:/') mounted
[2022.03.15-13.55.52:576][  0]LogShaderLibrary: Display: ShaderCodeLibraryPakFileMountedCallback: pending pak file info (ChunkID:-1 Root:root:/ File:E:/UE4/UE_4.27/FeaturePacks/TP_TopDownBP.upack)
[2022.03.15-13.55.52:576][  0]LogPakFile: OnPakFileMounted2Time == 0.000091
[2022.03.15-13.55.52:583][  0]LogPakFile: PakFile PrimaryIndexSize=185
[2022.03.15-13.55.52:583][  0]LogPakFile: PakFile PathHashIndexSize=101
[2022.03.15-13.55.52:583][  0]LogPakFile: PakFile FullDirectoryIndexSize=144
[2022.03.15-13.55.52:583][  0]LogShaderLibrary: Display: ShaderCodeLibraryPakFileMountedCallback: PakFile 'E:/UE4/UE_4.27/FeaturePacks/TP_TwinStick.upack' (chunk index -1, root 'root:/') mounted
[2022.03.15-13.55.52:583][  0]LogShaderLibrary: Display: ShaderCodeLibraryPakFileMountedCallback: pending pak file info (ChunkID:-1 Root:root:/ File:E:/UE4/UE_4.27/FeaturePacks/TP_TwinStick.upack)
[2022.03.15-13.55.52:583][  0]LogPakFile: OnPakFileMounted2Time == 0.000097
[2022.03.15-13.55.52:588][  0]LogPakFile: PakFile PrimaryIndexSize=187
[2022.03.15-13.55.52:588][  0]LogPakFile: PakFile PathHashIndexSize=101
[2022.03.15-13.55.52:588][  0]LogPakFile: PakFile FullDirectoryIndexSize=148
[2022.03.15-13.55.52:588][  0]LogShaderLibrary: Display: ShaderCodeLibraryPakFileMountedCallback: PakFile 'E:/UE4/UE_4.27/FeaturePacks/TP_TwinStickBP.upack' (chunk index -1, root 'root:/') mounted
[2022.03.15-13.55.52:588][  0]LogShaderLibrary: Display: ShaderCodeLibraryPakFileMountedCallback: pending pak file info (ChunkID:-1 Root:root:/ File:E:/UE4/UE_4.27/FeaturePacks/TP_TwinStickBP.upack)
[2022.03.15-13.55.52:588][  0]LogPakFile: OnPakFileMounted2Time == 0.000097
[2022.03.15-13.55.52:593][  0]LogPakFile: PakFile PrimaryIndexSize=183
[2022.03.15-13.55.52:593][  0]LogPakFile: PakFile PathHashIndexSize=101
[2022.03.15-13.55.52:593][  0]LogPakFile: PakFile FullDirectoryIndexSize=140
[2022.03.15-13.55.52:593][  0]LogShaderLibrary: Display: ShaderCodeLibraryPakFileMountedCallback: PakFile 'E:/UE4/UE_4.27/FeaturePacks/TP_Vehicle.upack' (chunk index -1, root 'root:/') mounted
[2022.03.15-13.55.52:593][  0]LogShaderLibrary: Display: ShaderCodeLibraryPakFileMountedCallback: pending pak file info (ChunkID:-1 Root:root:/ File:E:/UE4/UE_4.27/FeaturePacks/TP_Vehicle.upack)
[2022.03.15-13.55.52:593][  0]LogPakFile: OnPakFileMounted2Time == 0.000081
[2022.03.15-13.55.52:598][  0]LogPakFile: PakFile PrimaryIndexSize=186
[2022.03.15-13.55.52:598][  0]LogPakFile: PakFile PathHashIndexSize=101
[2022.03.15-13.55.52:598][  0]LogPakFile: PakFile FullDirectoryIndexSize=146
[2022.03.15-13.55.52:598][  0]LogShaderLibrary: Display: ShaderCodeLibraryPakFileMountedCallback: PakFile 'E:/UE4/UE_4.27/FeaturePacks/TP_VehicleAdv.upack' (chunk index -1, root 'root:/') mounted
[2022.03.15-13.55.52:598][  0]LogShaderLibrary: Display: ShaderCodeLibraryPakFileMountedCallback: pending pak file info (ChunkID:-1 Root:root:/ File:E:/UE4/UE_4.27/FeaturePacks/TP_VehicleAdv.upack)
[2022.03.15-13.55.52:598][  0]LogPakFile: OnPakFileMounted2Time == 0.000100
[2022.03.15-13.55.52:603][  0]LogPakFile: PakFile PrimaryIndexSize=188
[2022.03.15-13.55.52:603][  0]LogPakFile: PakFile PathHashIndexSize=101
[2022.03.15-13.55.52:603][  0]LogPakFile: PakFile FullDirectoryIndexSize=150
[2022.03.15-13.55.52:603][  0]LogShaderLibrary: Display: ShaderCodeLibraryPakFileMountedCallback: PakFile 'E:/UE4/UE_4.27/FeaturePacks/TP_VehicleAdvBP.upack' (chunk index -1, root 'root:/') mounted
[2022.03.15-13.55.52:603][  0]LogShaderLibrary: Display: ShaderCodeLibraryPakFileMountedCallback: pending pak file info (ChunkID:-1 Root:root:/ File:E:/UE4/UE_4.27/FeaturePacks/TP_VehicleAdvBP.upack)
[2022.03.15-13.55.52:603][  0]LogPakFile: OnPakFileMounted2Time == 0.000105
[2022.03.15-13.55.52:608][  0]LogPakFile: PakFile PrimaryIndexSize=185
[2022.03.15-13.55.52:608][  0]LogPakFile: PakFile PathHashIndexSize=101
[2022.03.15-13.55.52:608][  0]LogPakFile: PakFile FullDirectoryIndexSize=144
[2022.03.15-13.55.52:608][  0]LogShaderLibrary: Display: ShaderCodeLibraryPakFileMountedCallback: PakFile 'E:/UE4/UE_4.27/FeaturePacks/TP_VehicleBP.upack' (chunk index -1, root 'root:/') mounted
[2022.03.15-13.55.52:608][  0]LogShaderLibrary: Display: ShaderCodeLibraryPakFileMountedCallback: pending pak file info (ChunkID:-1 Root:root:/ File:E:/UE4/UE_4.27/FeaturePacks/TP_VehicleBP.upack)
[2022.03.15-13.55.52:608][  0]LogPakFile: OnPakFileMounted2Time == 0.000102
[2022.03.15-13.55.52:613][  0]LogPakFile: PakFile PrimaryIndexSize=192
[2022.03.15-13.55.52:613][  0]LogPakFile: PakFile PathHashIndexSize=101
[2022.03.15-13.55.52:613][  0]LogPakFile: PakFile FullDirectoryIndexSize=158
[2022.03.15-13.55.52:613][  0]LogShaderLibrary: Display: ShaderCodeLibraryPakFileMountedCallback: PakFile 'E:/UE4/UE_4.27/FeaturePacks/TP_VirtualRealityBP.upack' (chunk index -1, root 'root:/') mounted
[2022.03.15-13.55.52:613][  0]LogShaderLibrary: Display: ShaderCodeLibraryPakFileMountedCallback: pending pak file info (ChunkID:-1 Root:root:/ File:E:/UE4/UE_4.27/FeaturePacks/TP_VirtualRealityBP.upack)
[2022.03.15-13.55.52:613][  0]LogPakFile: OnPakFileMounted2Time == 0.000101
[2022.03.15-13.55.52:869][  0]LogNativeClassHierarchy: Verbose: Native class hierarchy updated for 'AddContentDialog' in 0.0003 seconds. Added 0 classes and 0 folders.
[2022.03.15-13.55.52:878][  0]LogNativeClassHierarchy: Verbose: Native class hierarchy updated for 'SceneOutliner' in 0.0003 seconds. Added 2 classes and 0 folders.
[2022.03.15-13.55.53:136][  0]LogSlate: Took 0.004760 seconds to synchronously load lazily loaded font '../../../Engine/Content/Slate/Fonts/Roboto-Regular.ttf' (155K)
[2022.03.15-13.55.53:144][  0]LogSlate: Took 0.004917 seconds to synchronously load lazily loaded font '../../../Engine/Content/Editor/Slate/Fonts/FontAwesome.ttf' (139K)
[2022.03.15-13.55.53:151][  0]LogSlate: Took 0.004208 seconds to synchronously load lazily loaded font '../../../Engine/Content/Slate/Fonts/Roboto-Bold.ttf' (160K)
[2022.03.15-13.55.53:347][  0]LogRenderer: Reallocating scene render targets to support 1256x572 Format 10 NumSamples 1 (Frame:1).
[2022.03.15-13.55.53:487][  0]LogSlate: Took 0.005151 seconds to synchronously load lazily loaded font '../../../Engine/Content/Slate/Fonts/Roboto-Light.ttf' (167K)
[2022.03.15-13.55.53:609][  0]LogNativeClassHierarchy: Verbose: Native class hierarchy updated for 'HierarchicalLODOutliner' in 0.0003 seconds. Added 0 classes and 0 folders.
[2022.03.15-13.55.53:609][  0]LogLoad: (Engine Initialization) Total time: 30.18 seconds
[2022.03.15-13.55.53:609][  0]LogLoad: (Engine Initialization) Total Blueprint compile time: 0.00 seconds
[2022.03.15-13.55.53:685][  0]LogAssetRegistry: Asset discovery search completed in 18.7915 seconds
[2022.03.15-13.55.53:711][  0]LogCollectionManager: Fixed up redirectors for 0 collections in 0.000337 seconds (updated 0 objects)
[2022.03.15-13.55.53:751][  0]LogContentStreaming: Texture pool size now 1000 MB
[2022.03.15-13.55.58:831][290]LogFileCache: Retrieving MD5 hashes for directory 'E:/UE4/Projects/WargamingAcademy/Cyberpunk2022/Content/' took 5.18s
[2022.03.15-13.55.59:099][306]LogTemp: Repeating last play command: New Editor Window (PIE)
[2022.03.15-13.55.59:108][306]LogPlayLevel: PlayLevel: No blueprints needed recompiling
[2022.03.15-13.55.59:115][306]PIE: New page: PIE session: bloking_new (Mar 15, 2022, 7:55:59 PM)
[2022.03.15-13.55.59:122][306]LogOnline: OSS: Creating online subsystem instance for: NULL
[2022.03.15-13.55.59:125][306]LogOnline: OSS: TryLoadSubsystemAndSetDefault: Loaded subsystem for module [NULL]
[2022.03.15-13.55.59:127][306]LogPlayLevel: Creating play world package: /Game/FirstPersonCPP/Maps/UEDPIE_0_bloking_new
[2022.03.15-13.55.59:264][306]LogPlayLevel: PIE: StaticDuplicateObject took: (0.137235s)
[2022.03.15-13.55.59:266][306]LogAIModule: Creating AISystem for world bloking_new
[2022.03.15-13.55.59:267][306]LogPlayLevel: PIE: World Init took: (0.002888s)
[2022.03.15-13.55.59:268][306]LogPlayLevel: PIE: Created PIE world by copying editor world from /Game/FirstPersonCPP/Maps/bloking_new.bloking_new to /Game/FirstPersonCPP/Maps/UEDPIE_0_bloking_new.bloking_new (0.140952s)
[2022.03.15-13.55.59:273][306]LogUObjectHash: Compacting FUObjectHashTables data took   0.86ms
[2022.03.15-13.55.59:276][306]LogAudio: Display: Creating Audio Device:                 Id: 2, Scope: Unique, Realtime: True
[2022.03.15-13.55.59:276][306]LogAudioMixer: Display: Audio Mixer Platform Settings:
[2022.03.15-13.55.59:276][306]LogAudioMixer: Display: 	Sample Rate:						  48000
[2022.03.15-13.55.59:276][306]LogAudioMixer: Display: 	Callback Buffer Frame Size Requested: 1024
[2022.03.15-13.55.59:276][306]LogAudioMixer: Display: 	Callback Buffer Frame Size To Use:	  1024
[2022.03.15-13.55.59:276][306]LogAudioMixer: Display: 	Number of buffers to queue:			  2
[2022.03.15-13.55.59:276][306]LogAudioMixer: Display: 	Max Channels (voices):				  32
[2022.03.15-13.55.59:277][306]LogAudioMixer: Display: 	Number of Async Source Workers:		  0
[2022.03.15-13.55.59:277][306]LogAudio: Display: AudioDevice MaxSources: 32
[2022.03.15-13.55.59:277][306]LogAudio: Display: Audio Spatialization Plugin: None (built-in).
[2022.03.15-13.55.59:277][306]LogAudio: Display: Audio Reverb Plugin: None (built-in).
[2022.03.15-13.55.59:277][306]LogAudio: Display: Audio Occlusion Plugin: None (built-in).
[2022.03.15-13.55.59:277][306]LogAudioMixer: Display: Initializing audio mixer.
[2022.03.15-13.55.59:279][306]LogAudioMixer: Display: 0: FrontLeft
[2022.03.15-13.55.59:279][306]LogAudioMixer: Display: 1: FrontRight
[2022.03.15-13.55.59:344][306]LogAudioMixer: Display: Using Audio Device Headphones (Realtek(R) Audio)
[2022.03.15-13.55.59:344][306]LogAudioMixer: Display: Initializing Sound Submixes...
[2022.03.15-13.55.59:344][306]LogAudioMixer: Display: Creating Master Submix 'MasterSubmixDefault'
[2022.03.15-13.55.59:344][306]LogAudioMixer: Display: Creating Master Submix 'MasterReverbSubmixDefault'
[2022.03.15-13.55.59:345][306]LogAudioMixer: Display: Creating Master Submix 'MasterEQSubmixDefault'
[2022.03.15-13.55.59:345][306]LogAudioMixer: FMixerPlatformXAudio2::StartAudioStream() called
[2022.03.15-13.55.59:345][306]LogAudioMixer: Display: Output buffers initialized: Frames=1024, Channels=2, Samples=2048
[2022.03.15-13.55.59:346][306]LogAudioMixer: Display: Starting AudioMixerPlatformInterface::RunInternal()
[2022.03.15-13.55.59:346][306]LogAudioMixer: Display: FMixerPlatformXAudio2::SubmitBuffer() called for the first time
[2022.03.15-13.55.59:347][306]LogInit: FAudioDevice initialized.
[2022.03.15-13.55.59:347][306]LogAudio: Display: Audio Device (ID: 2) registered with world 'bloking_new'.
[2022.03.15-13.55.59:374][306]LogSlate: Updating window title bar state: overlay mode, drag disabled, window buttons hidden, title bar hidden
[2022.03.15-13.55.59:476][306]LogLoad: Game class is 'BP_ShooterGameMode_C'
[2022.03.15-13.55.59:553][306]LogWorld: Bringing World /Game/FirstPersonCPP/Maps/UEDPIE_0_bloking_new.bloking_new up for play (max tick rate 60) at 2022.03.15-16.55.59
