Log file open, 03/14/22 14:09:51
LogWindows: Failed to load 'aqProf.dll' (GetLastError=126)
LogWindows: File 'aqProf.dll' does not exist
LogWindows: Failed to load 'VtuneApi.dll' (GetLastError=126)
LogWindows: File 'VtuneApi.dll' does not exist
LogWindows: Failed to load 'VtuneApi32e.dll' (GetLastError=126)
LogWindows: File 'VtuneApi32e.dll' does not exist
LogConsoleResponse: Display: Failed to find resolution value strings in scalability ini. Falling back to default.
LogConsoleResponse: Display: Failed to find resolution value strings in scalability ini. Falling back to default.
LogInit: Display: Running engine for game: Cyberpunk2022
LogPlatformFile: Not using cached read wrapper
LogTaskGraph: Started task graph with 5 named threads and 35 total threads with 3 sets of task threads.
LogStats: Stats thread started at 0.389071
LogICUInternationalization: ICU TimeZone Detection - Raw Offset: +3:00, Platform Override: ''
LogInit: Display: Loading text-based GConfig....
LogPluginManager: Mounting plugin MeshPainting
LogPluginManager: Mounting plugin XGEController
LogPluginManager: Mounting plugin Paper2D
LogPluginManager: Mounting plugin LiveLink
LogPluginManager: Mounting plugin AISupport
LogPluginManager: Mounting plugin EnvironmentQueryEditor
LogPluginManager: Mounting plugin LightPropagationVolume
LogPluginManager: Mounting plugin CameraShakePreviewer
LogPluginManager: Mounting plugin GameplayCameras
LogPluginManager: Mounting plugin OodleData
LogPluginManager: Mounting plugin OodleNetwork
LogPluginManager: Mounting plugin VariantManagerContent
LogPluginManager: Mounting plugin AnimationSharing
LogPluginManager: Mounting plugin AssetManagerEditor
LogPluginManager: Mounting plugin CodeLiteSourceCodeAccess
LogPluginManager: Mounting plugin CLionSourceCodeAccess
LogPluginManager: Mounting plugin GitSourceControl
LogPluginManager: Mounting plugin NullSourceCodeAccess
LogPluginManager: Mounting plugin KDevelopSourceCodeAccess
LogPluginManager: Mounting plugin PerforceSourceControl
LogPluginManager: Mounting plugin PixWinPlugin
LogPluginManager: Mounting plugin PlasticSourceControl
LogPluginManager: Mounting plugin PluginUtils
LogPluginManager: Mounting plugin PropertyAccessNode
LogPluginManager: Mounting plugin RiderSourceCodeAccess
LogPluginManager: Mounting plugin TextureFormatOodle
LogPluginManager: Mounting plugin DatasmithContent
LogPluginManager: Mounting plugin SubversionSourceControl
LogPluginManager: Mounting plugin UObjectPlugin
LogPluginManager: Mounting plugin VisualStudioSourceCodeAccess
LogPluginManager: Mounting plugin VisualStudioCodeSourceCodeAccess
LogPluginManager: Mounting plugin XCodeSourceCodeAccess
LogPluginManager: Mounting plugin AndroidMedia
LogPluginManager: Mounting plugin LuminPlatformFeatures
LogPluginManager: Mounting plugin AvfMedia
LogPluginManager: Mounting plugin MagicLeap
LogPluginManager: Mounting plugin MagicLeapLightEstimation
LogPluginManager: Mounting plugin MagicLeapMedia
LogPluginManager: Mounting plugin MediaCompositing
LogPluginManager: Mounting plugin MediaPlayerEditor
LogPluginManager: Mounting plugin ImgMedia
LogPluginManager: Mounting plugin WmfMedia
LogPluginManager: Mounting plugin CurveEditorTools
LogPluginManager: Mounting plugin DataValidation
LogPluginManager: Mounting plugin Niagara
LogPluginManager: Mounting plugin FacialAnimation
LogPluginManager: Mounting plugin CryptoKeys
LogPluginManager: Mounting plugin GameplayTagsEditor
LogPluginManager: Mounting plugin AlembicImporter
LogPluginManager: Mounting plugin GeometryMode
LogPluginManager: Mounting plugin MacGraphicsSwitching
LogPluginManager: Mounting plugin AutomationUtils
LogPluginManager: Mounting plugin BackChannel
LogPluginManager: Mounting plugin MaterialAnalyzer
LogPluginManager: Mounting plugin PluginBrowser
LogPluginManager: Mounting plugin WebMMedia
LogPluginManager: Mounting plugin MobileLauncherProfileWizard
LogPluginManager: Mounting plugin SpeedTreeImporter
LogPluginManager: Mounting plugin ChaosCloth
LogPluginManager: Mounting plugin ChaosClothEditor
LogPluginManager: Mounting plugin ChaosEditor
LogPluginManager: Mounting plugin ChaosSolverPlugin
LogPluginManager: Mounting plugin LauncherChunkInstaller
LogPluginManager: Mounting plugin ChaosNiagara
LogPluginManager: Mounting plugin CharacterAI
LogPluginManager: Mounting plugin GeometryCache
LogPluginManager: Mounting plugin GeometryCollectionPlugin
LogPluginManager: Mounting plugin ActorLayerUtilities
LogPluginManager: Mounting plugin AndroidDeviceProfileSelector
LogPluginManager: Mounting plugin AndroidMoviePlayer
LogPluginManager: Mounting plugin AndroidPermission
LogPluginManager: Mounting plugin AppleMoviePlayer
LogPluginManager: Mounting plugin AppleImageUtils
LogPluginManager: Mounting plugin ArchVisCharacter
LogPluginManager: Mounting plugin AssetTags
LogPluginManager: Mounting plugin AudioSynesthesia
LogPluginManager: Mounting plugin AudioCapture
LogPluginManager: Mounting plugin CableComponent
LogPluginManager: Mounting plugin GeometryProcessing
LogPluginManager: Mounting plugin ChunkDownloader
LogPluginManager: Mounting plugin CustomMeshComponent
LogPluginManager: Mounting plugin GoogleCloudMessaging
LogPluginManager: Mounting plugin MotoSynth
LogPluginManager: Mounting plugin OpenImageDenoise
LogPluginManager: Mounting plugin GooglePAD
LogPluginManager: Mounting plugin PlanarCut
LogPluginManager: Mounting plugin PlatformCrypto
LogPluginManager: Mounting plugin ProxyLODPlugin
LogPluginManager: Mounting plugin PythonScriptPlugin
LogPluginManager: Mounting plugin SkeletalReduction
LogPluginManager: Mounting plugin IOSDeviceProfileSelector
LogPluginManager: Mounting plugin LinuxDeviceProfileSelector
LogPluginManager: Mounting plugin LocationServicesBPLibrary
LogPluginManager: Mounting plugin MobilePatchingUtils
LogPluginManager: Mounting plugin OpenXR
LogPluginManager: Mounting plugin OpenXREyeTracker
LogPluginManager: Mounting plugin OpenXRHandTracking
LogPluginManager: Mounting plugin PhysXVehicles
LogPluginManager: Mounting plugin PostSplashScreen
LogPluginManager: Mounting plugin PropertyAccessEditor
LogPluginManager: Mounting plugin ProceduralMeshComponent
LogPluginManager: Mounting plugin RuntimePhysXCooking
LogPluginManager: Mounting plugin SignificanceManager
LogPluginManager: Mounting plugin SoundFields
LogPluginManager: Mounting plugin Synthesis
LogPluginManager: Mounting plugin WebMMoviePlayer
LogPluginManager: Mounting plugin WindowsMoviePlayer
LogPluginManager: Mounting plugin ScreenshotTools
LogPluginManager: Mounting plugin MagicLeapPassableWorld
LogPluginManager: Mounting plugin OnlineSubsystem
LogPluginManager: Mounting plugin EditableMesh
LogPluginManager: Mounting plugin MLSDK
LogPluginManager: Mounting plugin OnlineSubsystemNull
LogPluginManager: Mounting plugin ExampleDeviceProfileSelector
LogPluginManager: Mounting plugin OnlineSubsystemUtils
LogPluginManager: Mounting plugin ActorSequence
LogPluginManager: Mounting plugin TcpMessaging
LogPluginManager: Mounting plugin UdpMessaging
LogPluginManager: Mounting plugin LevelSequenceEditor
LogPluginManager: Mounting plugin MatineeToLevelSequence
LogPluginManager: Mounting plugin TemplateSequence
LogPluginManager: Mounting plugin Takes
LogPluginManager: Mounting plugin ContentBrowserAssetDataSource
LogPluginManager: Mounting plugin ContentBrowserClassDataSource
LogPluginManager: Mounting plugin ContentBrowserFileDataSource
LogPluginManager: Mounting plugin OculusVR
LogPluginManager: Mounting plugin SteamVR
LogPluginManager: Mounting plugin OnlineSubsystemGooglePlay
LogPluginManager: Mounting plugin OnlineSubsystemIOS
PixWinPlugin: PIX capture plugin failed to initialize! Check that the process is launched from PIX.
LogInit: Using libcurl 7.55.1-DEV
LogInit:  - built for x86_64-pc-win32
LogInit:  - supports SSL with OpenSSL/1.1.1
LogInit:  - supports HTTP deflate (compression) using libz 1.2.8
LogInit:  - other features:
LogInit:      CURL_VERSION_SSL
LogInit:      CURL_VERSION_LIBZ
LogInit:      CURL_VERSION_IPV6
LogInit:      CURL_VERSION_ASYNCHDNS
LogInit:      CURL_VERSION_LARGEFILE
LogInit:      CURL_VERSION_IDN
LogInit:  CurlRequestOptions (configurable via config and command line):
LogInit:  - bVerifyPeer = true  - Libcurl will verify peer certificate
LogInit:  - bUseHttpProxy = false  - Libcurl will NOT use HTTP proxy
LogInit:  - bDontReuseConnections = false  - Libcurl will reuse connections
LogInit:  - MaxHostConnections = 16  - Libcurl will limit the number of connections to a host
LogInit:  - LocalHostAddr = Default
LogInit:  - BufferSize = 65536
LogOnline: OSS: Creating online subsystem instance for: NULL
LogInit: WinSock: version 1.1 (2.2), MaxSocks=32767, MaxUdp=65467
LogOnline: OSS: TryLoadSubsystemAndSetDefault: Loaded subsystem for module [NULL]
LogOculusPluginWrapper: OculusPlugin initialized successfully
LogHMD: Failed initializing OVRPlugin 1.59.0
LogInit: Build: ++UE4+Release-4.27-CL-18319896
LogInit: Engine Version: 4.27.2-18319896+++UE4+Release-4.27
LogInit: Compatible Engine Version: 4.27.0-17155196+++UE4+Release-4.27
LogInit: Net CL: 17155196
LogInit: OS: Windows 10 (Release 2009) (), CPU: AMD Ryzen 5 5600H with Radeon Graphics         , GPU: AMD Radeon(TM) Graphics
LogInit: Compiled (64-bit): Nov 30 2021 07:12:08
LogInit: Compiled with Visual C++: 19.24.28315.00
LogInit: Build Configuration: Development
LogInit: Branch Name: ++UE4+Release-4.27
LogInit: Command Line:  -skipcompile
LogInit: Base Directory: E:/UE4/UE_4.27/Engine/Binaries/Win64/
LogInit: Allocator: TBB
LogInit: Installed Engine Build: 1
LogDevObjectVersion: Number of dev versions registered: 29
LogDevObjectVersion:   Dev-Blueprints (B0D832E4-1F89-4F0D-ACCF-7EB736FD4AA2): 10
LogDevObjectVersion:   Dev-Build (E1C64328-A22C-4D53-A36C-8E866417BD8C): 0
LogDevObjectVersion:   Dev-Core (375EC13C-06E4-48FB-B500-84F0262A717E): 4
LogDevObjectVersion:   Dev-Editor (E4B068ED-F494-42E9-A231-DA0B2E46BB41): 40
LogDevObjectVersion:   Dev-Framework (CFFC743F-43B0-4480-9391-14DF171D2073): 37
LogDevObjectVersion:   Dev-Mobile (B02B49B5-BB20-44E9-A304-32B752E40360): 3
LogDevObjectVersion:   Dev-Networking (A4E4105C-59A1-49B5-A7C5-40C4547EDFEE): 0
LogDevObjectVersion:   Dev-Online (39C831C9-5AE6-47DC-9A44-9C173E1C8E7C): 0
LogDevObjectVersion:   Dev-Physics (78F01B33-EBEA-4F98-B9B4-84EACCB95AA2): 14
LogDevObjectVersion:   Dev-Platform (6631380F-2D4D-43E0-8009-CF276956A95A): 0
LogDevObjectVersion:   Dev-Rendering (12F88B9F-8875-4AFC-A67C-D90C383ABD29): 45
LogDevObjectVersion:   Dev-Sequencer (7B5AE74C-D270-4C10-A958-57980B212A5A): 13
LogDevObjectVersion:   Dev-VR (D7296918-1DD6-4BDD-9DE2-64A83CC13884): 3
LogDevObjectVersion:   Dev-LoadTimes (C2A15278-BFE7-4AFE-6C17-90FF531DF755): 1
LogDevObjectVersion:   Private-Geometry (6EACA3D4-40EC-4CC1-B786-8BED09428FC5): 3
LogDevObjectVersion:   Dev-AnimPhys (29E575DD-E0A3-4627-9D10-D276232CDCEA): 17
LogDevObjectVersion:   Dev-Anim (AF43A65D-7FD3-4947-9873-3E8ED9C1BB05): 15
LogDevObjectVersion:   Dev-ReflectionCapture (6B266CEC-1EC7-4B8F-A30B-E4D90942FC07): 1
LogDevObjectVersion:   Dev-Automation (0DF73D61-A23F-47EA-B727-89E90C41499A): 1
LogDevObjectVersion:   FortniteMain (601D1886-AC64-4F84-AA16-D3DE0DEAC7D6): 47
LogDevObjectVersion:   FortniteRelease (E7086368-6B23-4C58-8439-1B7016265E91): 1
LogDevObjectVersion:   Dev-Enterprise (9DFFBCD6-494F-0158-E221-12823C92A888): 10
LogDevObjectVersion:   Dev-Niagara (F2AED0AC-9AFE-416F-8664-AA7FFA26D6FC): 1
LogDevObjectVersion:   Dev-Destruction (174F1F0B-B4C6-45A5-B13F-2EE8D0FB917D): 10
LogDevObjectVersion:   Dev-Physics-Ext (35F94A83-E258-406C-A318-09F59610247C): 41
LogDevObjectVersion:   Dev-PhysicsMaterial-Chaos (B68FC16E-8B1B-42E2-B453-215C058844FE): 1
LogDevObjectVersion:   Dev-CineCamera (B2E18506-4273-CFC2-A54E-F4BB758BBA07): 1
LogDevObjectVersion:   Dev-VirtualProduction (64F58936-FD1B-42BA-BA96-7289D5D0FA4E): 1
LogDevObjectVersion:   Dev-MediaFramework (6F0ED827-A609-4895-9C91-998D90180EA4): 2
LogInit: Presizing for max 25165824 objects, including 0 objects not considered by GC, pre-allocating 0 bytes for permanent pool.
LogConfig: Applying CVar settings from Section [/Script/Engine.StreamingSettings] File [E:/UE4/Projects/WargamingAcademy/Cyberpunk2022/Saved/Config/Windows/Engine.ini]
LogConfig: Setting CVar [[s.MinBulkDataSizeForAsyncLoading:131072]]
LogConfig: Setting CVar [[s.AsyncLoadingThreadEnabled:0]]
LogConfig: Setting CVar [[s.EventDrivenLoaderEnabled:1]]
LogConfig: Setting CVar [[s.WarnIfTimeLimitExceeded:0]]
LogConfig: Setting CVar [[s.TimeLimitExceededMultiplier:1.5]]
LogConfig: Setting CVar [[s.TimeLimitExceededMinTime:0.005]]
LogConfig: Setting CVar [[s.UseBackgroundLevelStreaming:1]]
LogConfig: Setting CVar [[s.PriorityAsyncLoadingExtraTime:15.0]]
LogConfig: Setting CVar [[s.LevelStreamingActorsUpdateTimeLimit:5.0]]
LogConfig: Setting CVar [[s.PriorityLevelStreamingActorsUpdateExtraTime:5.0]]
LogConfig: Setting CVar [[s.LevelStreamingComponentsRegistrationGranularity:10]]
LogConfig: Setting CVar [[s.UnregisterComponentsTimeLimit:1.0]]
LogConfig: Setting CVar [[s.LevelStreamingComponentsUnregistrationGranularity:5]]
LogConfig: Setting CVar [[s.FlushStreamingOnExit:1]]
LogInit: Object subsystem initialized
LogConfig: Setting CVar [[con.DebugEarlyDefault:1]]
LogConfig: Setting CVar [[r.setres:1280x720]]
[2022.03.14-11.09.52:545][  0]LogConfig: Setting CVar [[r.VSync:0]]
[2022.03.14-11.09.52:545][  0]LogConfig: Setting CVar [[r.RHICmdBypass:0]]
[2022.03.14-11.09.52:545][  0]LogConfig: Applying CVar settings from Section [/Script/Engine.RendererSettings] File [E:/UE4/Projects/WargamingAcademy/Cyberpunk2022/Saved/Config/Windows/Engine.ini]
[2022.03.14-11.09.52:545][  0]LogConfig: Setting CVar [[r.GPUCrashDebugging:0]]
[2022.03.14-11.09.52:545][  0]LogConfig: Setting CVar [[r.DefaultFeature.MotionBlur:0]]
[2022.03.14-11.09.52:545][  0]LogConfig: Applying CVar settings from Section [/Script/Engine.RendererOverrideSettings] File [E:/UE4/Projects/WargamingAcademy/Cyberpunk2022/Saved/Config/Windows/Engine.ini]
[2022.03.14-11.09.52:545][  0]LogConfig: Applying CVar settings from Section [/Script/Engine.StreamingSettings] File [E:/UE4/Projects/WargamingAcademy/Cyberpunk2022/Saved/Config/Windows/Engine.ini]
[2022.03.14-11.09.52:545][  0]LogConfig: Setting CVar [[s.MinBulkDataSizeForAsyncLoading:131072]]
[2022.03.14-11.09.52:546][  0]LogConfig: Setting CVar [[s.AsyncLoadingThreadEnabled:0]]
[2022.03.14-11.09.52:546][  0]LogConfig: Setting CVar [[s.EventDrivenLoaderEnabled:1]]
[2022.03.14-11.09.52:546][  0]LogConfig: Setting CVar [[s.WarnIfTimeLimitExceeded:0]]
[2022.03.14-11.09.52:546][  0]LogConfig: Setting CVar [[s.TimeLimitExceededMultiplier:1.5]]
[2022.03.14-11.09.52:546][  0]LogConfig: Setting CVar [[s.TimeLimitExceededMinTime:0.005]]
[2022.03.14-11.09.52:546][  0]LogConfig: Setting CVar [[s.UseBackgroundLevelStreaming:1]]
[2022.03.14-11.09.52:546][  0]LogConfig: Setting CVar [[s.PriorityAsyncLoadingExtraTime:15.0]]
[2022.03.14-11.09.52:546][  0]LogConfig: Setting CVar [[s.LevelStreamingActorsUpdateTimeLimit:5.0]]
[2022.03.14-11.09.52:546][  0]LogConfig: Setting CVar [[s.PriorityLevelStreamingActorsUpdateExtraTime:5.0]]
[2022.03.14-11.09.52:546][  0]LogConfig: Setting CVar [[s.LevelStreamingComponentsRegistrationGranularity:10]]
[2022.03.14-11.09.52:546][  0]LogConfig: Setting CVar [[s.UnregisterComponentsTimeLimit:1.0]]
[2022.03.14-11.09.52:546][  0]LogConfig: Setting CVar [[s.LevelStreamingComponentsUnregistrationGranularity:5]]
[2022.03.14-11.09.52:546][  0]LogConfig: Setting CVar [[s.FlushStreamingOnExit:1]]
[2022.03.14-11.09.52:546][  0]LogConfig: Applying CVar settings from Section [/Script/Engine.GarbageCollectionSettings] File [E:/UE4/Projects/WargamingAcademy/Cyberpunk2022/Saved/Config/Windows/Engine.ini]
[2022.03.14-11.09.52:546][  0]LogConfig: Setting CVar [[gc.MaxObjectsNotConsideredByGC:1]]
[2022.03.14-11.09.52:546][  0]LogConfig: Setting CVar [[gc.SizeOfPermanentObjectPool:0]]
[2022.03.14-11.09.52:546][  0]LogConfig: Setting CVar [[gc.FlushStreamingOnGC:0]]
[2022.03.14-11.09.52:546][  0]LogConfig: Setting CVar [[gc.NumRetriesBeforeForcingGC:10]]
[2022.03.14-11.09.52:546][  0]LogConfig: Setting CVar [[gc.AllowParallelGC:1]]
[2022.03.14-11.09.52:546][  0]LogConfig: Setting CVar [[gc.TimeBetweenPurgingPendingKillObjects:61.1]]
[2022.03.14-11.09.52:546][  0]LogConfig: Setting CVar [[gc.MaxObjectsInEditor:25165824]]
[2022.03.14-11.09.52:546][  0]LogConfig: Setting CVar [[gc.IncrementalBeginDestroyEnabled:1]]
[2022.03.14-11.09.52:547][  0]LogConfig: Setting CVar [[gc.CreateGCClusters:1]]
[2022.03.14-11.09.52:547][  0]LogConfig: Setting CVar [[gc.MinGCClusterSize:5]]
[2022.03.14-11.09.52:547][  0]LogConfig: Setting CVar [[gc.ActorClusteringEnabled:0]]
[2022.03.14-11.09.52:547][  0]LogConfig: Setting CVar [[gc.BlueprintClusteringEnabled:0]]
[2022.03.14-11.09.52:547][  0]LogConfig: Setting CVar [[gc.UseDisregardForGCOnDedicatedServers:0]]
[2022.03.14-11.09.52:547][  0]LogConfig: Setting CVar [[gc.MultithreadedDestructionEnabled:1]]
[2022.03.14-11.09.52:547][  0]LogConfig: Applying CVar settings from Section [/Script/Engine.NetworkSettings] File [E:/UE4/Projects/WargamingAcademy/Cyberpunk2022/Saved/Config/Windows/Engine.ini]
[2022.03.14-11.09.52:547][  0]LogConfig: Applying CVar settings from Section [/Script/UnrealEd.CookerSettings] File [E:/UE4/Projects/WargamingAcademy/Cyberpunk2022/Saved/Config/Windows/Engine.ini]
[2022.03.14-11.09.52:559][  0]LogConfig: Applying CVar settings from Section [ViewDistanceQuality@3] File [E:/UE4/Projects/WargamingAcademy/Cyberpunk2022/Saved/Config/Windows/Scalability.ini]
[2022.03.14-11.09.52:559][  0]LogConfig: Setting CVar [[r.SkeletalMeshLODBias:0]]
[2022.03.14-11.09.52:559][  0]LogConfig: Setting CVar [[r.ViewDistanceScale:1.0]]
[2022.03.14-11.09.52:559][  0]LogConfig: Applying CVar settings from Section [AntiAliasingQuality@3] File [E:/UE4/Projects/WargamingAcademy/Cyberpunk2022/Saved/Config/Windows/Scalability.ini]
[2022.03.14-11.09.52:560][  0]LogConfig: Setting CVar [[r.PostProcessAAQuality:4]]
[2022.03.14-11.09.52:560][  0]LogConfig: Applying CVar settings from Section [ShadowQuality@3] File [E:/UE4/Projects/WargamingAcademy/Cyberpunk2022/Saved/Config/Windows/Scalability.ini]
[2022.03.14-11.09.52:560][  0]LogConfig: Setting CVar [[r.LightFunctionQuality:1]]
[2022.03.14-11.09.52:560][  0]LogConfig: Setting CVar [[r.ShadowQuality:5]]
[2022.03.14-11.09.52:560][  0]LogConfig: Setting CVar [[r.Shadow.CSM.MaxCascades:10]]
[2022.03.14-11.09.52:560][  0]LogConfig: Setting CVar [[r.Shadow.MaxResolution:2048]]
[2022.03.14-11.09.52:560][  0]LogConfig: Setting CVar [[r.Shadow.MaxCSMResolution:2048]]
[2022.03.14-11.09.52:560][  0]LogConfig: Setting CVar [[r.Shadow.RadiusThreshold:0.01]]
[2022.03.14-11.09.52:560][  0]LogConfig: Setting CVar [[r.Shadow.DistanceScale:1.0]]
[2022.03.14-11.09.52:560][  0]LogConfig: Setting CVar [[r.Shadow.CSM.TransitionScale:1.0]]
[2022.03.14-11.09.52:560][  0]LogConfig: Setting CVar [[r.Shadow.PreShadowResolutionFactor:1.0]]
[2022.03.14-11.09.52:560][  0]LogConfig: Setting CVar [[r.DistanceFieldShadowing:1]]
[2022.03.14-11.09.52:560][  0]LogConfig: Setting CVar [[r.DistanceFieldAO:1]]
[2022.03.14-11.09.52:560][  0]LogConfig: Setting CVar [[r.AOQuality:2]]
[2022.03.14-11.09.52:560][  0]LogConfig: Setting CVar [[r.VolumetricFog:1]]
[2022.03.14-11.09.52:560][  0]LogConfig: Setting CVar [[r.VolumetricFog.GridPixelSize:8]]
[2022.03.14-11.09.52:560][  0]LogConfig: Setting CVar [[r.VolumetricFog.GridSizeZ:128]]
[2022.03.14-11.09.52:560][  0]LogConfig: Setting CVar [[r.VolumetricFog.HistoryMissSupersampleCount:4]]
[2022.03.14-11.09.52:560][  0]LogConfig: Setting CVar [[r.LightMaxDrawDistanceScale:1]]
[2022.03.14-11.09.52:560][  0]LogConfig: Setting CVar [[r.CapsuleShadows:1]]
[2022.03.14-11.09.52:560][  0]LogConfig: Applying CVar settings from Section [PostProcessQuality@3] File [E:/UE4/Projects/WargamingAcademy/Cyberpunk2022/Saved/Config/Windows/Scalability.ini]
[2022.03.14-11.09.52:561][  0]LogConfig: Setting CVar [[r.MotionBlurQuality:4]]
[2022.03.14-11.09.52:561][  0]LogConfig: Setting CVar [[r.AmbientOcclusionMipLevelFactor:0.4]]
[2022.03.14-11.09.52:561][  0]LogConfig: Setting CVar [[r.AmbientOcclusionMaxQuality:100]]
[2022.03.14-11.09.52:561][  0]LogConfig: Setting CVar [[r.AmbientOcclusionLevels:-1]]
[2022.03.14-11.09.52:561][  0]LogConfig: Setting CVar [[r.AmbientOcclusionRadiusScale:1.0]]
[2022.03.14-11.09.52:561][  0]LogConfig: Setting CVar [[r.DepthOfFieldQuality:2]]
[2022.03.14-11.09.52:561][  0]LogConfig: Setting CVar [[r.RenderTargetPoolMin:400]]
[2022.03.14-11.09.52:561][  0]LogConfig: Setting CVar [[r.LensFlareQuality:2]]
[2022.03.14-11.09.52:561][  0]LogConfig: Setting CVar [[r.SceneColorFringeQuality:1]]
[2022.03.14-11.09.52:561][  0]LogConfig: Setting CVar [[r.EyeAdaptationQuality:2]]
[2022.03.14-11.09.52:561][  0]LogConfig: Setting CVar [[r.BloomQuality:5]]
[2022.03.14-11.09.52:561][  0]LogConfig: Setting CVar [[r.FastBlurThreshold:100]]
[2022.03.14-11.09.52:561][  0]LogConfig: Setting CVar [[r.Upscale.Quality:3]]
[2022.03.14-11.09.52:561][  0]LogConfig: Setting CVar [[r.Tonemapper.GrainQuantization:1]]
[2022.03.14-11.09.52:561][  0]LogConfig: Setting CVar [[r.LightShaftQuality:1]]
[2022.03.14-11.09.52:561][  0]LogConfig: Setting CVar [[r.Filter.SizeScale:1]]
[2022.03.14-11.09.52:561][  0]LogConfig: Setting CVar [[r.Tonemapper.Quality:5]]
[2022.03.14-11.09.52:561][  0]LogConfig: Setting CVar [[r.DOF.Gather.AccumulatorQuality:1        ; higher gathering accumulator quality]]
[2022.03.14-11.09.52:562][  0]LogConfig: Setting CVar [[r.DOF.Gather.PostfilterMethod:1          ; Median3x3 postfilering method]]
[2022.03.14-11.09.52:562][  0]LogConfig: Setting CVar [[r.DOF.Gather.EnableBokehSettings:0       ; no bokeh simulation when gathering]]
[2022.03.14-11.09.52:562][  0]LogConfig: Setting CVar [[r.DOF.Gather.RingCount:4                 ; medium number of samples when gathering]]
[2022.03.14-11.09.52:562][  0]LogConfig: Setting CVar [[r.DOF.Scatter.ForegroundCompositing:1    ; additive foreground scattering]]
[2022.03.14-11.09.52:562][  0]LogConfig: Setting CVar [[r.DOF.Scatter.BackgroundCompositing:2    ; additive background scattering]]
[2022.03.14-11.09.52:562][  0]LogConfig: Setting CVar [[r.DOF.Scatter.EnableBokehSettings:1      ; bokeh simulation when scattering]]
[2022.03.14-11.09.52:562][  0]LogConfig: Setting CVar [[r.DOF.Scatter.MaxSpriteRatio:0.1         ; only a maximum of 10% of scattered bokeh]]
[2022.03.14-11.09.52:562][  0]LogConfig: Setting CVar [[r.DOF.Recombine.Quality:1                ; cheap slight out of focus]]
[2022.03.14-11.09.52:562][  0]LogConfig: Setting CVar [[r.DOF.Recombine.EnableBokehSettings:0    ; no bokeh simulation on slight out of focus]]
[2022.03.14-11.09.52:562][  0]LogConfig: Setting CVar [[r.DOF.TemporalAAQuality:1                ; more stable temporal accumulation]]
[2022.03.14-11.09.52:562][  0]LogConfig: Setting CVar [[r.DOF.Kernel.MaxForegroundRadius:0.025]]
[2022.03.14-11.09.52:562][  0]LogConfig: Setting CVar [[r.DOF.Kernel.MaxBackgroundRadius:0.025]]
[2022.03.14-11.09.52:562][  0]LogConfig: Applying CVar settings from Section [TextureQuality@3] File [E:/UE4/Projects/WargamingAcademy/Cyberpunk2022/Saved/Config/Windows/Scalability.ini]
[2022.03.14-11.09.52:562][  0]LogConfig: Setting CVar [[r.Streaming.MipBias:0]]
[2022.03.14-11.09.52:562][  0]LogConfig: Setting CVar [[r.Streaming.AmortizeCPUToGPUCopy:0]]
[2022.03.14-11.09.52:562][  0]LogConfig: Setting CVar [[r.Streaming.MaxNumTexturesToStreamPerFrame:0]]
[2022.03.14-11.09.52:562][  0]LogConfig: Setting CVar [[r.Streaming.Boost:1]]
[2022.03.14-11.09.52:562][  0]LogConfig: Setting CVar [[r.MaxAnisotropy:8]]
[2022.03.14-11.09.52:562][  0]LogConfig: Setting CVar [[r.VT.MaxAnisotropy:8]]
[2022.03.14-11.09.52:562][  0]LogConfig: Setting CVar [[r.Streaming.LimitPoolSizeToVRAM:0]]
[2022.03.14-11.09.52:562][  0]LogConfig: Setting CVar [[r.Streaming.PoolSize:1000]]
[2022.03.14-11.09.52:562][  0]LogConfig: Setting CVar [[r.Streaming.MaxEffectiveScreenSize:0]]
[2022.03.14-11.09.52:562][  0]LogConfig: Applying CVar settings from Section [EffectsQuality@3] File [E:/UE4/Projects/WargamingAcademy/Cyberpunk2022/Saved/Config/Windows/Scalability.ini]
[2022.03.14-11.09.52:563][  0]LogConfig: Setting CVar [[r.TranslucencyLightingVolumeDim:64]]
[2022.03.14-11.09.52:563][  0]LogConfig: Setting CVar [[r.RefractionQuality:2]]
[2022.03.14-11.09.52:563][  0]LogConfig: Setting CVar [[r.SSR.Quality:3]]
[2022.03.14-11.09.52:563][  0]LogConfig: Setting CVar [[r.SSR.HalfResSceneColor:0]]
[2022.03.14-11.09.52:563][  0]LogConfig: Setting CVar [[r.SceneColorFormat:4]]
[2022.03.14-11.09.52:563][  0]LogConfig: Setting CVar [[r.DetailMode:2]]
[2022.03.14-11.09.52:563][  0]LogConfig: Setting CVar [[r.TranslucencyVolumeBlur:1]]
[2022.03.14-11.09.52:563][  0]LogConfig: Setting CVar [[r.MaterialQualityLevel:1 ; High quality]]
[2022.03.14-11.09.52:563][  0]LogConfig: Setting CVar [[r.AnisotropicMaterials:1]]
[2022.03.14-11.09.52:563][  0]LogConfig: Setting CVar [[r.SSS.Scale:1]]
[2022.03.14-11.09.52:563][  0]LogConfig: Setting CVar [[r.SSS.SampleSet:2]]
[2022.03.14-11.09.52:563][  0]LogConfig: Setting CVar [[r.SSS.Quality:1]]
[2022.03.14-11.09.52:563][  0]LogConfig: Setting CVar [[r.SSS.HalfRes:0]]
[2022.03.14-11.09.52:563][  0]LogConfig: Setting CVar [[r.SSGI.Quality:3]]
[2022.03.14-11.09.52:563][  0]LogConfig: Setting CVar [[r.EmitterSpawnRateScale:1.0]]
[2022.03.14-11.09.52:563][  0]LogConfig: Setting CVar [[r.ParticleLightQuality:2]]
[2022.03.14-11.09.52:563][  0]LogConfig: Setting CVar [[r.SkyAtmosphere.AerialPerspectiveLUT.FastApplyOnOpaque:1 ; Always have FastSkyLUT 1 in this case to avoid wrong sky]]
[2022.03.14-11.09.52:563][  0]LogConfig: Setting CVar [[r.SkyAtmosphere.AerialPerspectiveLUT.SampleCountMaxPerSlice:4]]
[2022.03.14-11.09.52:563][  0]LogConfig: Setting CVar [[r.SkyAtmosphere.AerialPerspectiveLUT.DepthResolution:16.0]]
[2022.03.14-11.09.52:563][  0]LogConfig: Setting CVar [[r.SkyAtmosphere.FastSkyLUT:1]]
[2022.03.14-11.09.52:563][  0]LogConfig: Setting CVar [[r.SkyAtmosphere.FastSkyLUT.SampleCountMin:4.0]]
[2022.03.14-11.09.52:564][  0]LogConfig: Setting CVar [[r.SkyAtmosphere.FastSkyLUT.SampleCountMax:128.0]]
[2022.03.14-11.09.52:564][  0]LogConfig: Setting CVar [[r.SkyAtmosphere.SampleCountMin:4.0]]
[2022.03.14-11.09.52:564][  0]LogConfig: Setting CVar [[r.SkyAtmosphere.SampleCountMax:128.0]]
[2022.03.14-11.09.52:564][  0]LogConfig: Setting CVar [[r.SkyAtmosphere.TransmittanceLUT.UseSmallFormat:0]]
[2022.03.14-11.09.52:564][  0]LogConfig: Setting CVar [[r.SkyAtmosphere.TransmittanceLUT.SampleCount:10.0]]
[2022.03.14-11.09.52:564][  0]LogConfig: Setting CVar [[r.SkyAtmosphere.MultiScatteringLUT.SampleCount:15.0]]
[2022.03.14-11.09.52:564][  0]LogConfig: Setting CVar [[r.SkyLight.RealTimeReflectionCapture:1]]
[2022.03.14-11.09.52:564][  0]LogConfig: Applying CVar settings from Section [FoliageQuality@3] File [E:/UE4/Projects/WargamingAcademy/Cyberpunk2022/Saved/Config/Windows/Scalability.ini]
[2022.03.14-11.09.52:564][  0]LogConfig: Setting CVar [[foliage.DensityScale:1.0]]
[2022.03.14-11.09.52:564][  0]LogConfig: Setting CVar [[grass.DensityScale:1.0]]
[2022.03.14-11.09.52:564][  0]LogConfig: Applying CVar settings from Section [ShadingQuality@3] File [E:/UE4/Projects/WargamingAcademy/Cyberpunk2022/Saved/Config/Windows/Scalability.ini]
[2022.03.14-11.09.52:564][  0]LogConfig: Setting CVar [[r.HairStrands.SkyLighting.IntegrationType:2]]
[2022.03.14-11.09.52:564][  0]LogConfig: Setting CVar [[r.HairStrands.SkyAO.SampleCount:4]]
[2022.03.14-11.09.52:564][  0]LogConfig: Setting CVar [[r.HairStrands.Visibility.MSAA.SamplePerPixel:4]]
[2022.03.14-11.09.52:564][  0]LogInit: Selected Device Profile: [Windows]
[2022.03.14-11.09.52:565][  0]LogInit: Applying CVar settings loaded from the selected device profile: [Windows]
[2022.03.14-11.09.52:565][  0]LogHAL: Display: Platform has ~ 16 GB [16487870464 / 17179869184 / 16], which maps to Larger [LargestMinGB=32, LargerMinGB=12, DefaultMinGB=8, SmallerMinGB=6, SmallestMinGB=0)
[2022.03.14-11.09.52:565][  0]LogInit: Going up to parent DeviceProfile []
[2022.03.14-11.09.52:565][  0]LogConfig: Applying CVar settings from Section [ViewDistanceQuality@3] File [E:/UE4/Projects/WargamingAcademy/Cyberpunk2022/Saved/Config/Windows/Scalability.ini]
[2022.03.14-11.09.52:565][  0]LogConfig: Setting CVar [[r.SkeletalMeshLODBias:0]]
[2022.03.14-11.09.52:565][  0]LogConfig: Setting CVar [[r.ViewDistanceScale:1.0]]
[2022.03.14-11.09.52:565][  0]LogConfig: Applying CVar settings from Section [AntiAliasingQuality@3] File [E:/UE4/Projects/WargamingAcademy/Cyberpunk2022/Saved/Config/Windows/Scalability.ini]
[2022.03.14-11.09.52:565][  0]LogConfig: Setting CVar [[r.PostProcessAAQuality:4]]
[2022.03.14-11.09.52:565][  0]LogConfig: Applying CVar settings from Section [ShadowQuality@3] File [E:/UE4/Projects/WargamingAcademy/Cyberpunk2022/Saved/Config/Windows/Scalability.ini]
[2022.03.14-11.09.52:565][  0]LogConfig: Setting CVar [[r.LightFunctionQuality:1]]
[2022.03.14-11.09.52:565][  0]LogConfig: Setting CVar [[r.ShadowQuality:5]]
[2022.03.14-11.09.52:565][  0]LogConfig: Setting CVar [[r.Shadow.CSM.MaxCascades:10]]
[2022.03.14-11.09.52:565][  0]LogConfig: Setting CVar [[r.Shadow.MaxResolution:2048]]
[2022.03.14-11.09.52:565][  0]LogConfig: Setting CVar [[r.Shadow.MaxCSMResolution:2048]]
[2022.03.14-11.09.52:565][  0]LogConfig: Setting CVar [[r.Shadow.RadiusThreshold:0.01]]
[2022.03.14-11.09.52:565][  0]LogConfig: Setting CVar [[r.Shadow.DistanceScale:1.0]]
[2022.03.14-11.09.52:565][  0]LogConfig: Setting CVar [[r.Shadow.CSM.TransitionScale:1.0]]
[2022.03.14-11.09.52:565][  0]LogConfig: Setting CVar [[r.Shadow.PreShadowResolutionFactor:1.0]]
[2022.03.14-11.09.52:565][  0]LogConfig: Setting CVar [[r.DistanceFieldShadowing:1]]
[2022.03.14-11.09.52:565][  0]LogConfig: Setting CVar [[r.DistanceFieldAO:1]]
[2022.03.14-11.09.52:565][  0]LogConfig: Setting CVar [[r.AOQuality:2]]
[2022.03.14-11.09.52:565][  0]LogConfig: Setting CVar [[r.VolumetricFog:1]]
[2022.03.14-11.09.52:565][  0]LogConfig: Setting CVar [[r.VolumetricFog.GridPixelSize:8]]
[2022.03.14-11.09.52:565][  0]LogConfig: Setting CVar [[r.VolumetricFog.GridSizeZ:128]]
[2022.03.14-11.09.52:565][  0]LogConfig: Setting CVar [[r.VolumetricFog.HistoryMissSupersampleCount:4]]
[2022.03.14-11.09.52:565][  0]LogConfig: Setting CVar [[r.LightMaxDrawDistanceScale:1]]
[2022.03.14-11.09.52:565][  0]LogConfig: Setting CVar [[r.CapsuleShadows:1]]
[2022.03.14-11.09.52:566][  0]LogConfig: Applying CVar settings from Section [PostProcessQuality@3] File [E:/UE4/Projects/WargamingAcademy/Cyberpunk2022/Saved/Config/Windows/Scalability.ini]
[2022.03.14-11.09.52:566][  0]LogConfig: Setting CVar [[r.MotionBlurQuality:4]]
[2022.03.14-11.09.52:566][  0]LogConfig: Setting CVar [[r.AmbientOcclusionMipLevelFactor:0.4]]
[2022.03.14-11.09.52:566][  0]LogConfig: Setting CVar [[r.AmbientOcclusionMaxQuality:100]]
[2022.03.14-11.09.52:566][  0]LogConfig: Setting CVar [[r.AmbientOcclusionLevels:-1]]
[2022.03.14-11.09.52:566][  0]LogConfig: Setting CVar [[r.AmbientOcclusionRadiusScale:1.0]]
[2022.03.14-11.09.52:566][  0]LogConfig: Setting CVar [[r.DepthOfFieldQuality:2]]
[2022.03.14-11.09.52:566][  0]LogConfig: Setting CVar [[r.RenderTargetPoolMin:400]]
[2022.03.14-11.09.52:566][  0]LogConfig: Setting CVar [[r.LensFlareQuality:2]]
[2022.03.14-11.09.52:566][  0]LogConfig: Setting CVar [[r.SceneColorFringeQuality:1]]
[2022.03.14-11.09.52:566][  0]LogConfig: Setting CVar [[r.EyeAdaptationQuality:2]]
[2022.03.14-11.09.52:566][  0]LogConfig: Setting CVar [[r.BloomQuality:5]]
[2022.03.14-11.09.52:566][  0]LogConfig: Setting CVar [[r.FastBlurThreshold:100]]
[2022.03.14-11.09.52:566][  0]LogConfig: Setting CVar [[r.Upscale.Quality:3]]
[2022.03.14-11.09.52:566][  0]LogConfig: Setting CVar [[r.Tonemapper.GrainQuantization:1]]
[2022.03.14-11.09.52:566][  0]LogConfig: Setting CVar [[r.LightShaftQuality:1]]
[2022.03.14-11.09.52:566][  0]LogConfig: Setting CVar [[r.Filter.SizeScale:1]]
[2022.03.14-11.09.52:566][  0]LogConfig: Setting CVar [[r.Tonemapper.Quality:5]]
[2022.03.14-11.09.52:566][  0]LogConfig: Setting CVar [[r.DOF.Gather.AccumulatorQuality:1        ; higher gathering accumulator quality]]
[2022.03.14-11.09.52:566][  0]LogConfig: Setting CVar [[r.DOF.Gather.PostfilterMethod:1          ; Median3x3 postfilering method]]
[2022.03.14-11.09.52:566][  0]LogConfig: Setting CVar [[r.DOF.Gather.EnableBokehSettings:0       ; no bokeh simulation when gathering]]
[2022.03.14-11.09.52:566][  0]LogConfig: Setting CVar [[r.DOF.Gather.RingCount:4                 ; medium number of samples when gathering]]
[2022.03.14-11.09.52:567][  0]LogConfig: Setting CVar [[r.DOF.Scatter.ForegroundCompositing:1    ; additive foreground scattering]]
[2022.03.14-11.09.52:567][  0]LogConfig: Setting CVar [[r.DOF.Scatter.BackgroundCompositing:2    ; additive background scattering]]
[2022.03.14-11.09.52:567][  0]LogConfig: Setting CVar [[r.DOF.Scatter.EnableBokehSettings:1      ; bokeh simulation when scattering]]
[2022.03.14-11.09.52:567][  0]LogConfig: Setting CVar [[r.DOF.Scatter.MaxSpriteRatio:0.1         ; only a maximum of 10% of scattered bokeh]]
[2022.03.14-11.09.52:567][  0]LogConfig: Setting CVar [[r.DOF.Recombine.Quality:1                ; cheap slight out of focus]]
[2022.03.14-11.09.52:567][  0]LogConfig: Setting CVar [[r.DOF.Recombine.EnableBokehSettings:0    ; no bokeh simulation on slight out of focus]]
[2022.03.14-11.09.52:567][  0]LogConfig: Setting CVar [[r.DOF.TemporalAAQuality:1                ; more stable temporal accumulation]]
[2022.03.14-11.09.52:567][  0]LogConfig: Setting CVar [[r.DOF.Kernel.MaxForegroundRadius:0.025]]
[2022.03.14-11.09.52:567][  0]LogConfig: Setting CVar [[r.DOF.Kernel.MaxBackgroundRadius:0.025]]
[2022.03.14-11.09.52:567][  0]LogConfig: Applying CVar settings from Section [TextureQuality@3] File [E:/UE4/Projects/WargamingAcademy/Cyberpunk2022/Saved/Config/Windows/Scalability.ini]
[2022.03.14-11.09.52:567][  0]LogConfig: Setting CVar [[r.Streaming.MipBias:0]]
[2022.03.14-11.09.52:567][  0]LogConfig: Setting CVar [[r.Streaming.AmortizeCPUToGPUCopy:0]]
[2022.03.14-11.09.52:567][  0]LogConfig: Setting CVar [[r.Streaming.MaxNumTexturesToStreamPerFrame:0]]
[2022.03.14-11.09.52:567][  0]LogConfig: Setting CVar [[r.Streaming.Boost:1]]
[2022.03.14-11.09.52:567][  0]LogConfig: Setting CVar [[r.MaxAnisotropy:8]]
[2022.03.14-11.09.52:567][  0]LogConfig: Setting CVar [[r.VT.MaxAnisotropy:8]]
[2022.03.14-11.09.52:567][  0]LogConfig: Setting CVar [[r.Streaming.LimitPoolSizeToVRAM:0]]
[2022.03.14-11.09.52:567][  0]LogConfig: Setting CVar [[r.Streaming.PoolSize:1000]]
[2022.03.14-11.09.52:567][  0]LogConfig: Setting CVar [[r.Streaming.MaxEffectiveScreenSize:0]]
[2022.03.14-11.09.52:567][  0]LogConfig: Applying CVar settings from Section [EffectsQuality@3] File [E:/UE4/Projects/WargamingAcademy/Cyberpunk2022/Saved/Config/Windows/Scalability.ini]
[2022.03.14-11.09.52:568][  0]LogConfig: Setting CVar [[r.TranslucencyLightingVolumeDim:64]]
[2022.03.14-11.09.52:568][  0]LogConfig: Setting CVar [[r.RefractionQuality:2]]
[2022.03.14-11.09.52:568][  0]LogConfig: Setting CVar [[r.SSR.Quality:3]]
[2022.03.14-11.09.52:568][  0]LogConfig: Setting CVar [[r.SSR.HalfResSceneColor:0]]
[2022.03.14-11.09.52:568][  0]LogConfig: Setting CVar [[r.SceneColorFormat:4]]
[2022.03.14-11.09.52:568][  0]LogConfig: Setting CVar [[r.DetailMode:2]]
[2022.03.14-11.09.52:568][  0]LogConfig: Setting CVar [[r.TranslucencyVolumeBlur:1]]
[2022.03.14-11.09.52:568][  0]LogConfig: Setting CVar [[r.MaterialQualityLevel:1 ; High quality]]
[2022.03.14-11.09.52:568][  0]LogConfig: Setting CVar [[r.AnisotropicMaterials:1]]
[2022.03.14-11.09.52:568][  0]LogConfig: Setting CVar [[r.SSS.Scale:1]]
[2022.03.14-11.09.52:568][  0]LogConfig: Setting CVar [[r.SSS.SampleSet:2]]
[2022.03.14-11.09.52:568][  0]LogConfig: Setting CVar [[r.SSS.Quality:1]]
[2022.03.14-11.09.52:568][  0]LogConfig: Setting CVar [[r.SSS.HalfRes:0]]
[2022.03.14-11.09.52:568][  0]LogConfig: Setting CVar [[r.SSGI.Quality:3]]
[2022.03.14-11.09.52:568][  0]LogConfig: Setting CVar [[r.EmitterSpawnRateScale:1.0]]
[2022.03.14-11.09.52:568][  0]LogConfig: Setting CVar [[r.ParticleLightQuality:2]]
[2022.03.14-11.09.52:568][  0]LogConfig: Setting CVar [[r.SkyAtmosphere.AerialPerspectiveLUT.FastApplyOnOpaque:1 ; Always have FastSkyLUT 1 in this case to avoid wrong sky]]
[2022.03.14-11.09.52:568][  0]LogConfig: Setting CVar [[r.SkyAtmosphere.AerialPerspectiveLUT.SampleCountMaxPerSlice:4]]
[2022.03.14-11.09.52:568][  0]LogConfig: Setting CVar [[r.SkyAtmosphere.AerialPerspectiveLUT.DepthResolution:16.0]]
[2022.03.14-11.09.52:568][  0]LogConfig: Setting CVar [[r.SkyAtmosphere.FastSkyLUT:1]]
[2022.03.14-11.09.52:568][  0]LogConfig: Setting CVar [[r.SkyAtmosphere.FastSkyLUT.SampleCountMin:4.0]]
[2022.03.14-11.09.52:568][  0]LogConfig: Setting CVar [[r.SkyAtmosphere.FastSkyLUT.SampleCountMax:128.0]]
[2022.03.14-11.09.52:568][  0]LogConfig: Setting CVar [[r.SkyAtmosphere.SampleCountMin:4.0]]
[2022.03.14-11.09.52:568][  0]LogConfig: Setting CVar [[r.SkyAtmosphere.SampleCountMax:128.0]]
[2022.03.14-11.09.52:569][  0]LogConfig: Setting CVar [[r.SkyAtmosphere.TransmittanceLUT.UseSmallFormat:0]]
[2022.03.14-11.09.52:569][  0]LogConfig: Setting CVar [[r.SkyAtmosphere.TransmittanceLUT.SampleCount:10.0]]
[2022.03.14-11.09.52:569][  0]LogConfig: Setting CVar [[r.SkyAtmosphere.MultiScatteringLUT.SampleCount:15.0]]
[2022.03.14-11.09.52:569][  0]LogConfig: Setting CVar [[r.SkyLight.RealTimeReflectionCapture:1]]
[2022.03.14-11.09.52:569][  0]LogConfig: Applying CVar settings from Section [FoliageQuality@3] File [E:/UE4/Projects/WargamingAcademy/Cyberpunk2022/Saved/Config/Windows/Scalability.ini]
[2022.03.14-11.09.52:569][  0]LogConfig: Setting CVar [[foliage.DensityScale:1.0]]
[2022.03.14-11.09.52:569][  0]LogConfig: Setting CVar [[grass.DensityScale:1.0]]
[2022.03.14-11.09.52:569][  0]LogConfig: Applying CVar settings from Section [ShadingQuality@3] File [E:/UE4/Projects/WargamingAcademy/Cyberpunk2022/Saved/Config/Windows/Scalability.ini]
[2022.03.14-11.09.52:569][  0]LogConfig: Setting CVar [[r.HairStrands.SkyLighting.IntegrationType:2]]
[2022.03.14-11.09.52:569][  0]LogConfig: Setting CVar [[r.HairStrands.SkyAO.SampleCount:4]]
[2022.03.14-11.09.52:569][  0]LogConfig: Setting CVar [[r.HairStrands.Visibility.MSAA.SamplePerPixel:4]]
[2022.03.14-11.09.52:569][  0]LogConfig: Applying CVar settings from Section [Startup] File [../../../Engine/Config/ConsoleVariables.ini]
[2022.03.14-11.09.52:569][  0]LogConfig: Setting CVar [[net.UseAdaptiveNetUpdateFrequency:0]]
[2022.03.14-11.09.52:569][  0]LogConfig: Setting CVar [[p.chaos.AllowCreatePhysxBodies:1]]
[2022.03.14-11.09.52:569][  0]LogConfig: Setting CVar [[fx.SkipVectorVMBackendOptimizations:1]]
[2022.03.14-11.09.52:569][  0]LogConfig: Applying CVar settings from Section [ConsoleVariables] File [E:/UE4/Projects/WargamingAcademy/Cyberpunk2022/Saved/Config/Windows/Engine.ini]
[2022.03.14-11.09.52:569][  0]LogConfig: Applying CVar settings from Section [ConsoleVariables] File [E:/UE4/Projects/WargamingAcademy/Cyberpunk2022/Saved/Config/Windows/Editor.ini]
[2022.03.14-11.09.52:570][  0]LogInit: Computer: DESKTOP-P6OQVGL
[2022.03.14-11.09.52:570][  0]LogInit: User: Artem
[2022.03.14-11.09.52:570][  0]LogInit: CPU Page size=4096, Cores=6
[2022.03.14-11.09.52:570][  0]LogInit: High frequency timer resolution =10.000000 MHz
[2022.03.14-11.09.52:570][  0]LogMemory: Memory total: Physical=15.4GB (16GB approx)
[2022.03.14-11.09.52:570][  0]LogMemory: Platform Memory Stats for Windows
[2022.03.14-11.09.52:570][  0]LogMemory: Process Physical Memory: 146.20 MB used, 146.20 MB peak
[2022.03.14-11.09.52:570][  0]LogMemory: Process Virtual Memory: 121.74 MB used, 121.74 MB peak
[2022.03.14-11.09.52:570][  0]LogMemory: Physical Memory: 11564.69 MB used,  4159.37 MB free, 15724.06 MB total
[2022.03.14-11.09.52:571][  0]LogMemory: Virtual Memory: 134211488.00 MB used,  6237.93 MB free, 134217728.00 MB total
[2022.03.14-11.09.52:582][  0]LogWindows: WindowsPlatformFeatures enabled
[2022.03.14-11.09.52:713][  0]LogInit: Physics initialised using underlying interface: PhysX
[2022.03.14-11.09.52:714][  0]LogInit: Using OS detected language (en-US).
[2022.03.14-11.09.52:714][  0]LogInit: Using OS detected locale (en-US).
[2022.03.14-11.09.52:716][  0]LogTextLocalizationManager: No specific localization for 'en-US' exists, so the 'en' localization will be used.
[2022.03.14-11.09.52:941][  0]LogInit: Setting process to per monitor DPI aware
[2022.03.14-11.09.52:962][  0]LogWindowsTextInputMethodSystem: Display: IME system deactivated.
[2022.03.14-11.09.52:980][  0]LogSlate: New Slate User Created.  User Index 0, Is Virtual User: 0
[2022.03.14-11.09.52:980][  0]LogSlate: Slate User Registered.  User Index 0, Is Virtual User: 0
[2022.03.14-11.09.53:206][  0]LogD3D11RHI: Loaded GFSDK_Aftermath_Lib.x64.dll
[2022.03.14-11.09.53:220][  0]LogHMD: Failed to initialize OpenVR with code 110
[2022.03.14-11.09.53:220][  0]LogD3D11RHI: D3D11 min allowed feature level: 11_0
[2022.03.14-11.09.53:220][  0]LogD3D11RHI: D3D11 max allowed feature level: 11_0
[2022.03.14-11.09.53:220][  0]LogD3D11RHI: D3D11 adapters:
[2022.03.14-11.09.53:318][  0]LogD3D11RHI:    0. 'NVIDIA GeForce RTX 3060 Laptop GPU' (Feature Level 11_0)
[2022.03.14-11.09.53:318][  0]LogD3D11RHI:       6023/0/7862 MB DedicatedVideo/DedicatedSystem/SharedSystem, Outputs:2, VendorId:0x10de
[2022.03.14-11.09.53:358][  0]LogD3D11RHI:    1. 'AMD Radeon(TM) Graphics' (Feature Level 11_0)
[2022.03.14-11.09.53:358][  0]LogD3D11RHI:       496/0/7862 MB DedicatedVideo/DedicatedSystem/SharedSystem, Outputs:0, VendorId:0x1002
[2022.03.14-11.09.53:364][  0]LogD3D11RHI:    2. 'Microsoft Basic Render Driver' (Feature Level 11_0)
[2022.03.14-11.09.53:364][  0]LogD3D11RHI:       0/0/7862 MB DedicatedVideo/DedicatedSystem/SharedSystem, Outputs:0, VendorId:0x1414
[2022.03.14-11.09.53:364][  0]LogD3D11RHI: Chosen D3D11 Adapter:
[2022.03.14-11.09.53:364][  0]LogD3D11RHI:     Description : NVIDIA GeForce RTX 3060 Laptop GPU
[2022.03.14-11.09.53:364][  0]LogD3D11RHI:     VendorId    : 10de
[2022.03.14-11.09.53:364][  0]LogD3D11RHI:     DeviceId    : 2520
[2022.03.14-11.09.53:364][  0]LogD3D11RHI:     SubSysId    : 151f1025
[2022.03.14-11.09.53:364][  0]LogD3D11RHI:     Revision    : 00a1
[2022.03.14-11.09.53:364][  0]LogD3D11RHI:     DedicatedVideoMemory : 6315573248 bytes
[2022.03.14-11.09.53:364][  0]LogD3D11RHI:     DedicatedSystemMemory : 0 bytes
[2022.03.14-11.09.53:364][  0]LogD3D11RHI:     SharedSystemMemory : 8243935232 bytes
[2022.03.14-11.09.53:364][  0]LogD3D11RHI:     AdapterLuid : 0 59695
[2022.03.14-11.09.53:370][  0]LogD3D11RHI: Creating new Direct3DDevice
[2022.03.14-11.09.53:370][  0]LogD3D11RHI:     GPU DeviceId: 0x2520 (for the marketing name, search the web for "GPU Device Id")
[2022.03.14-11.09.53:370][  0]LogWindows: EnumDisplayDevices:
[2022.03.14-11.09.53:370][  0]LogWindows:    0. 'AMD Radeon(TM) Graphics' (P:1 D:1)
[2022.03.14-11.09.53:371][  0]LogWindows:    1. 'AMD Radeon(TM) Graphics' (P:0 D:0)
[2022.03.14-11.09.53:371][  0]LogWindows:    2. 'AMD Radeon(TM) Graphics' (P:0 D:0)
[2022.03.14-11.09.53:371][  0]LogWindows:    3. 'NVIDIA GeForce RTX 3060 Laptop GPU' (P:0 D:1)
[2022.03.14-11.09.53:371][  0]LogWindows: DebugString: PrimaryIsNotTheChoosenAdapter PrimaryIsNotTheChoosenAdapter PrimaryIsNotTheChoosenAdapter 
[2022.03.14-11.09.53:371][  0]LogD3D11RHI:     Adapter Name: NVIDIA GeForce RTX 3060 Laptop GPU
[2022.03.14-11.09.53:371][  0]LogD3D11RHI:   Driver Version: 497.09 (internal:30.0.14.9709, unified:497.09)
[2022.03.14-11.09.53:371][  0]LogD3D11RHI:      Driver Date: 11-26-2021
[2022.03.14-11.09.53:371][  0]LogRHI: Texture pool is 4216 MB (70% of 6023 MB)
[2022.03.14-11.09.53:371][  0]LogD3D11RHI: Creating D3DDevice using adapter:
[2022.03.14-11.09.53:371][  0]LogD3D11RHI:     Description : NVIDIA GeForce RTX 3060 Laptop GPU
[2022.03.14-11.09.53:371][  0]LogD3D11RHI:     VendorId    : 10de
[2022.03.14-11.09.53:372][  0]LogD3D11RHI:     DeviceId    : 2520
[2022.03.14-11.09.53:372][  0]LogD3D11RHI:     SubSysId    : 151f1025
[2022.03.14-11.09.53:372][  0]LogD3D11RHI:     Revision    : 00a1
[2022.03.14-11.09.53:372][  0]LogD3D11RHI:     DedicatedVideoMemory : 6315573248 bytes
[2022.03.14-11.09.53:372][  0]LogD3D11RHI:     DedicatedSystemMemory : 0 bytes
[2022.03.14-11.09.53:372][  0]LogD3D11RHI:     SharedSystemMemory : 8243935232 bytes
[2022.03.14-11.09.53:372][  0]LogD3D11RHI:     AdapterLuid : 0 59695
[2022.03.14-11.09.53:427][  0]LogD3D11RHI: RHI has support for 64 bit atomics
[2022.03.14-11.09.53:427][  0]LogD3D11RHI: Async texture creation enabled
[2022.03.14-11.09.53:427][  0]LogD3D11RHI: Array index from any shader is supported
[2022.03.14-11.09.53:449][  0]LogD3D11RHI: GPU Timing Frequency: 1000.000000 (Debug: 2 1)
[2022.03.14-11.09.53:480][  0]LogRHI: GeForceNow SDK initialized: 1
[2022.03.14-11.09.53:706][  0]LogTargetPlatformManager: Display: Loaded TargetPlatform 'AllDesktop'
[2022.03.14-11.09.53:726][  0]LogTargetPlatformManager: Display: Loaded TargetPlatform 'Android'
[2022.03.14-11.09.53:726][  0]LogTargetPlatformManager: Display: Loaded TargetPlatform 'Android_ASTC'
[2022.03.14-11.09.53:726][  0]LogTargetPlatformManager: Display: Loaded TargetPlatform 'Android_DXT'
[2022.03.14-11.09.53:726][  0]LogTargetPlatformManager: Display: Loaded TargetPlatform 'Android_ETC2'
[2022.03.14-11.09.53:726][  0]LogTargetPlatformManager: Display: Loaded TargetPlatform 'AndroidClient'
[2022.03.14-11.09.53:726][  0]LogTargetPlatformManager: Display: Loaded TargetPlatform 'Android_ASTCClient'
[2022.03.14-11.09.53:726][  0]LogTargetPlatformManager: Display: Loaded TargetPlatform 'Android_DXTClient'
[2022.03.14-11.09.53:726][  0]LogTargetPlatformManager: Display: Loaded TargetPlatform 'Android_ETC2Client'
[2022.03.14-11.09.53:726][  0]LogTargetPlatformManager: Display: Loaded TargetPlatform 'Android_Multi'
[2022.03.14-11.09.53:727][  0]LogTargetPlatformManager: Display: Loaded TargetPlatform 'Android_MultiClient'
[2022.03.14-11.09.53:747][  0]LogTargetPlatformManager: Display: Loaded TargetPlatform 'IOSClient'
[2022.03.14-11.09.53:747][  0]LogTargetPlatformManager: Display: Loaded TargetPlatform 'IOS'
[2022.03.14-11.09.53:756][  0]LogTargetPlatformManager: Display: Loaded TargetPlatform 'Linux'
[2022.03.14-11.09.53:762][  0]LogTargetPlatformManager: Display: Loaded TargetPlatform 'LinuxNoEditor'
[2022.03.14-11.09.53:768][  0]LogTargetPlatformManager: Display: Loaded TargetPlatform 'LinuxClient'
[2022.03.14-11.09.53:774][  0]LogTargetPlatformManager: Display: Loaded TargetPlatform 'LinuxServer'
[2022.03.14-11.09.53:784][  0]LogTargetPlatformManager: Display: Loaded TargetPlatform 'LinuxAArch64NoEditor'
[2022.03.14-11.09.53:789][  0]LogTargetPlatformManager: Display: Loaded TargetPlatform 'LinuxAArch64Client'
[2022.03.14-11.09.53:794][  0]LogTargetPlatformManager: Display: Loaded TargetPlatform 'LinuxAArch64Server'
[2022.03.14-11.09.53:814][  0]LogTargetPlatformManager: Display: Loaded TargetPlatform 'Lumin'
[2022.03.14-11.09.53:814][  0]LogTargetPlatformManager: Display: Loaded TargetPlatform 'LuminClient'
[2022.03.14-11.09.53:822][  0]LogTargetPlatformManager: Display: Loaded TargetPlatform 'MacNoEditor'
[2022.03.14-11.09.53:828][  0]LogTargetPlatformManager: Display: Loaded TargetPlatform 'Mac'
[2022.03.14-11.09.53:833][  0]LogTargetPlatformManager: Display: Loaded TargetPlatform 'MacClient'
[2022.03.14-11.09.53:838][  0]LogTargetPlatformManager: Display: Loaded TargetPlatform 'MacServer'
[2022.03.14-11.09.53:847][  0]LogTargetPlatformManager: Display: Loaded TargetPlatform 'TVOSClient'
[2022.03.14-11.09.53:847][  0]LogTargetPlatformManager: Display: Loaded TargetPlatform 'TVOS'
[2022.03.14-11.09.53:856][  0]LogTargetPlatformManager: Display: Loaded TargetPlatform 'WindowsNoEditor'
[2022.03.14-11.09.53:862][  0]LogTargetPlatformManager: Display: Loaded TargetPlatform 'Windows'
[2022.03.14-11.09.53:867][  0]LogTargetPlatformManager: Display: Loaded TargetPlatform 'WindowsClient'
[2022.03.14-11.09.53:874][  0]LogTargetPlatformManager: Display: Loaded TargetPlatform 'WindowsServer'
[2022.03.14-11.09.53:874][  0]LogTargetPlatformManager: Display: Building Assets For Windows
[2022.03.14-11.09.53:889][  0]LogAudioDebug: Display: Lib vorbis DLL was dynamically loaded.
[2022.03.14-11.09.53:939][  0]LogTextureFormatOodle: Display: Oodle Texture 2.9.0 init RDO Off
[2022.03.14-11.09.54:002][  0]LogRendererCore: Ray tracing is disabled. Reason: r.RayTracing=0.
[2022.03.14-11.09.54:002][  0]LogShaderCompilers: Guid format shader working directory is -6 characters bigger than the processId version (../../../../Projects/WargamingAcademy/Cyberpunk2022/Intermediate/Shaders/WorkingDirectory/14220/).
[2022.03.14-11.09.54:002][  0]LogShaderCompilers: Cleaned the shader compiler working directory 'C:/Users/Artem/AppData/Local/Temp/UnrealShaderWorkingDir/24E6A38449BD46338227DC96D6D5C470/'.
[2022.03.14-11.09.54:002][  0]LogXGEController: Cannot use XGE Controller as Incredibuild is not installed on this machine.
[2022.03.14-11.09.54:002][  0]LogShaderCompilers: Cannot use XGE Shader Compiler as Incredibuild is not installed on this machine.
[2022.03.14-11.09.54:002][  0]LogShaderCompilers: Display: Using Local Shader Compiler.
[2022.03.14-11.09.54:749][  0]LogDerivedDataCache: Display: Max Cache Size: 512 MB
[2022.03.14-11.09.54:833][  0]LogDerivedDataCache: Loaded boot cache 0.08s 103MB C:/Users/Artem/AppData/Local/UnrealEngine/4.27/DerivedDataCache/Boot.ddc.
[2022.03.14-11.09.54:833][  0]LogDerivedDataCache: Display: Loaded Boot cache: C:/Users/Artem/AppData/Local/UnrealEngine/4.27/DerivedDataCache/Boot.ddc
[2022.03.14-11.09.54:833][  0]LogDerivedDataCache: FDerivedDataBackendGraph:  Pak pak cache file ../../../../Projects/WargamingAcademy/Cyberpunk2022/DerivedDataCache/DDC.ddp not found, will not use a pak cache.
[2022.03.14-11.09.54:833][  0]LogDerivedDataCache: Unable to find inner node Pak for hierarchical cache Hierarchy.
[2022.03.14-11.09.54:833][  0]LogDerivedDataCache: FDerivedDataBackendGraph:  CompressedPak pak cache file ../../../../Projects/WargamingAcademy/Cyberpunk2022/DerivedDataCache/Compressed.ddp not found, will not use a pak cache.
[2022.03.14-11.09.54:833][  0]LogDerivedDataCache: Unable to find inner node CompressedPak for hierarchical cache Hierarchy.
[2022.03.14-11.09.54:850][  0]LogDerivedDataCache: Display: Pak cache opened for reading ../../../Engine/DerivedDataCache/Compressed.ddp.
[2022.03.14-11.09.54:850][  0]LogDerivedDataCache: FDerivedDataBackendGraph:  EnterprisePak pak cache file ../../../Enterprise/DerivedDataCache/Compressed.ddp not found, will not use a pak cache.
[2022.03.14-11.09.54:850][  0]LogDerivedDataCache: Unable to find inner node EnterprisePak for hierarchical cache Hierarchy.
[2022.03.14-11.09.54:861][  0]LogDerivedDataCache: Speed tests for C:/Users/Artem/AppData/Local/UnrealEngine/Common/DerivedDataCache took 0.01 seconds
[2022.03.14-11.09.54:862][  0]LogDerivedDataCache: Display: Performance to C:/Users/Artem/AppData/Local/UnrealEngine/Common/DerivedDataCache: Latency=0.03ms. RandomReadSpeed=195.81MBs, RandomWriteSpeed=186.05MBs. Assigned SpeedClass 'Local'
[2022.03.14-11.09.54:864][  0]LogDerivedDataCache: Using Local data cache path C:/Users/Artem/AppData/Local/UnrealEngine/Common/DerivedDataCache: Writable
[2022.03.14-11.09.54:864][  0]LogDerivedDataCache: Shared data cache path not found in *engine.ini, will not use an Shared cache.
[2022.03.14-11.09.54:864][  0]LogDerivedDataCache: Unable to find inner node Shared for hierarchical cache Hierarchy.
[2022.03.14-11.09.54:901][  0]LogSlate: Using FreeType 2.10.0
[2022.03.14-11.09.54:902][  0]LogSlate: SlateFontServices - WITH_FREETYPE: 1, WITH_HARFBUZZ: 1
[2022.03.14-11.09.54:929][  0]LogAssetRegistry: FAssetRegistry took 0.0040 seconds to start up
[2022.03.14-11.09.55:122][  0]LogInit: Selected Device Profile: [Windows]
[2022.03.14-11.09.55:122][  0]LogInit: Active device profile: [0000014720EECD00][00000147194A6D80 49] Windows
[2022.03.14-11.09.55:122][  0]LogInit: Profiles: [0000014720EECD00][00000147194A6D80 49] Windows, [0000014720EAE300][000001471D55EF00 49] WindowsNoEditor, [0000014720EEDC00][000001471F1E1080 49] WindowsServer, [0000014720EAF100][000001471F1E5200 49] WindowsClient, [0000014720EEE900][000001471F1E9380 49] IOS, [0000014720EADA00][000001471F1ED500 49] iPadAir, [0000014720EEFE00][000001471F1F1680 49] iPadAir2, [0000014720E29100][000001471F1F9940 49] IPadPro, [0000014720E29200][000001471F1F5980 49] iPadAir3, [0000014720EACC00][000001471F1FDB00 49] iPadAir4, [0000014720E29E00][000001471F200100 49] iPadMini2, [0000014720EAF300][000001471F204280 49] iPadMini3, [0000014720E2B900][000001471F208400 49] iPadMini4, [0000014720EAD000][000001471F20C580 49] iPadMini5, [0000014720E30900][000001471D55A800 49] iPhone6, [0000014720E30A00][000001471F210840 49] iPodTouch6, [0000014720EEEE00][000001471F218A80 49] iPhone7, [0000014720EEEF00][000001471F214AC0 49] iPodTouch7, [0000014720E2BE00][000001471F220C40 49] iPhone5S, [0000014720EED100][000001471F224DC0 49] iPhone6Plus, [0000014720E30100][000001471F228F40 49] iPhone6S, [0000014720E28300][000001471F22D0C0 49] iPhone6SPlus, [0000014720E32800][000001471F231240 49] iPhone7Plus, [0000014720E2A300][000001471F2353C0 49] iPhoneSE, [0000014720E32600][000001471F239540 49] iPhone8, [0000014720E29000][000001471F23D6C0 49] iPhone8Plus, [0000014720E33100][000001472126B840 49] iPhoneX, [0000014720EED500][000001472126F9C0 49] iPhoneXS, [0000014720E32B00][0000014721273B40 49] iPhoneXSMax, [0000014720EEC700][0000014721276140 49] iPhoneXR, [0000014720E30700][000001472127A2C0 49] iPhone11, [0000014720EECE00][000001472127E440 49] iPhone11Pro, [0000014720E31A00][00000147212825C0 49] iPhone11ProMax, [0000014720EEF800][0000014721286740 49] iPhoneSE2, [0000014720E33800][000001472128A8C0 49] iPhone12Mini, [0000014720EEE300][000001471F21CA00 49] iPhone12, [0000014720E32300][000001472128EB40 49] iPhone12Pro, [0000014720EEC500][0000014721292C80 49] iPhone12ProMax, [0000014720E31500][0000014721296DC0 49] iPadPro105, [0000014720EECA00][000001472129EF40 49] iPadPro129, [0000014720E33D00][00000147212A30C0 49] iPadPro97, [0000014720EED200][00000147212A7240 49] iPadPro2_129, [0000014720E32A00][00000147212AB3C0 49] iPad5, [0000014720EEDD00][00000147212AF540 49] iPad6, [0000014720E31300][00000147212B36C0 49] iPad7, [0000014720EEFA00][00000147212B7840 49] iPad8, [0000014720E30300][00000147212BB9C0 49] iPadPro11, [0000014720EEC100][00000147212BFB40 49] iPadPro2_11, [0000014720E31600][00000147212C2140 49] iPadPro3_129, [0000014720EEF300][00000147212C62C0 49] iPadPro4_129, [0000014720E31000][00000147212CA440 49] AppleTV, [0000014720EEDB00][00000147212CE5C0 49] AppleTV4K, [0000014720E33200][00000147212D2740 49] TVOS, [0000014720EEFB00][00000147212D68C0 49] Mac, [0000014720E33700][00000147212DAA40 49] MacClient, [0000014720EEFF00][000001472129AB80 49] MacNoEditor, [0000014720E33000][00000147212DECC0 49] MacServer, [0000014720EEEC00][00000147212E2E00 49] Linux, [0000014720E31D00][00000147212E6F40 49] LinuxAArch64, [0000014720EEEA00][00000147212EF0C0 49] LinuxNoEditor, [0000014720E33900][00000147212F3240 49] LinuxAArch64NoEditor, [0000014720EEF100][00000147212F73C0 49] LinuxClient, [0000014720E32F00][00000147212FB540 49] LinuxAArch64Client, [0000014720EEF200][00000147212FF6C0 49] LinuxServer, [0000014720E33F00][0000014721303840 49] LinuxAArch64Server, [0000014720EEC200][00000147213079C0 49] Android, [0000014720E30500][000001472130BB40 49] Android_Low, [0000014720EEE200][000001472130E140 49] Android_Mid, [0000014720E33B00][00000147213122C0 49] Android_High, [0000014720EEE000][0000014721316440 49] Android_Default, [0000014720E33300][000001472131A5C0 49] Android_Adreno4xx, [0000014720EEF700][000001472131E740 49] Android_Adreno5xx_Low, [0000014720E30B00][00000147213228C0 49] Android_Adreno5xx, [0000014720EEE600][0000014721326A40 49] Android_Adreno6xx, [0000014720EAC500][000001472132ABC0 49] Android_Adreno6xx_Vulkan, [0000014720E29300][000001472132ED40 49] Android_Mali_T6xx, [0000014720EAFE00][00000147212EAE80 49] Android_Mali_T7xx, [0000014720E2B300][0000014721332FC0 49] Android_Mali_T8xx, [0000014720EAEE00][0000014721337100 49] Android_Mali_G71, [0000014720E2A800][000001472133F280 49] Android_Mali_G72, [0000014720EAD400][0000014721343400 49] Android_Mali_G72_Vulkan, [0000014720E29500][0000014721347580 49] Android_Mali_G76, [0000014720EAFA00][000001472134B700 49] Android_Mali_G76_Vulkan, [0000014720E2AC00][000001472134F880 49] Android_Mali_G77, [0000014720EAF600][0000014721353A00 49] Android_Mali_G77_Vulkan, [0000014720E29700][0000014721357B80 49] Android_Mali_G78, [0000014720EAE200][000001472135A180 49] Android_Mali_G78_Vulkan, [0000014720E28B00][000001472135E300 49] Android_Mali_G710, [0000014720EAC300][0000014721362480 49] Android_Mali_G710_Vulkan, [0000014720E28200][0000014721366600 49] Android_Vulkan_SM5, [0000014720EAC800][000001472136A780 49] Android_PowerVR_G6xxx, [0000014720E2A500][000001472136E900 49] Android_PowerVR_GT7xxx, [0000014720EACE00][0000014721372A80 49] Android_PowerVR_GE8xxx, [0000014720E29400][0000014721376C00 49] Android_PowerVR_GM9xxx, [0000014720EAF400][000001472137AD80 49] Android_PowerVR_GM9xxx_Vulkan, [0000014720E28600][000001472137EF00 49] Android_TegraK1, [0000014720EADE00][000001472133B040 49] Android_Unknown_Vulkan, [0000014720E2A100][0000014721383180 49] Lumin, [0000014720EAD100][00000147213872C0 49] Lumin_Desktop, [0000014720E2B400][000001472138F440 49] HoloLens, 
[2022.03.14-11.09.55:257][  0]LogMeshReduction: Using QuadricMeshReduction for automatic static mesh reduction
[2022.03.14-11.09.55:257][  0]LogMeshReduction: Using SimplygonMeshReduction for automatic skeletal mesh reduction
[2022.03.14-11.09.55:257][  0]LogMeshReduction: Using ProxyLODMeshReduction for automatic mesh merging
[2022.03.14-11.09.55:257][  0]LogMeshReduction: No distributed automatic mesh merging module available
[2022.03.14-11.09.55:257][  0]LogMeshMerging: No distributed automatic mesh merging module available
[2022.03.14-11.09.55:273][  0]LogNetVersion: Cyberpunk2022 1.0.0, NetCL: 17155196, EngineNetVer: 17, GameNetVer: 0 (Checksum: 1028016206)
[2022.03.14-11.09.55:661][  0]LogTexture: Default maximum texture size for cubemaps generated from long-lat sources has been changed from 512 to unlimited. In order to preserve old behaiour for '/Engine/MapTemplates/Sky/DaylightAmbientCubemap.DaylightAmbientCubemap', its maximum texture size has been explicitly set to 512.
[2022.03.14-11.09.55:711][  0]LogHMD: PokeAHoleMaterial loaded successfully
[2022.03.14-11.09.55:717][  0]LogUObjectArray: 17178 objects as part of root set at end of initial load.
[2022.03.14-11.09.55:717][  0]LogUObjectAllocator: 4302048 out of 0 bytes used by permanent object pool.
[2022.03.14-11.09.55:717][  0]LogUObjectArray: CloseDisregardForGC: 0/0 objects in disregard for GC pool
[2022.03.14-11.09.56:189][  0]LogNiagaraDebuggerClient: Niagara Debugger Client Initialized | Session: 017B5128422A960BE1D992A7F89A6901 | Instance: BE56842B410674077640D695025217C4 (DESKTOP-P6OQVGL-14220).
[2022.03.14-11.09.56:262][  0]LogPython: Using Python 3.7.7
