Log file open, 03/11/22 18:58:50
LogWindows: Failed to load 'aqProf.dll' (GetLastError=126)
LogWindows: File 'aqProf.dll' does not exist
LogWindows: Failed to load 'VtuneApi.dll' (GetLastError=126)
LogWindows: File 'VtuneApi.dll' does not exist
LogWindows: Failed to load 'VtuneApi32e.dll' (GetLastError=126)
LogWindows: File 'VtuneApi32e.dll' does not exist
LogConsoleResponse: Display: Failed to find resolution value strings in scalability ini. Falling back to default.
LogConsoleResponse: Display: Failed to find resolution value strings in scalability ini. Falling back to default.
LogInit: Display: Running engine for game: Cyberpunk2022
LogPlatformFile: Not using cached read wrapper
LogTaskGraph: Started task graph with 5 named threads and 47 total threads with 3 sets of task threads.
LogStats: Stats thread started at 0.187703
LogICUInternationalization: ICU TimeZone Detection - Raw Offset: +3:00, Platform Override: ''
LogInit: Display: Loading text-based GConfig....
LogPluginManager: Mounting plugin MeshPainting
LogPluginManager: Mounting plugin XGEController
LogPluginManager: Mounting plugin Paper2D
LogPluginManager: Mounting plugin LiveLink
LogPluginManager: Mounting plugin AISupport
LogPluginManager: Mounting plugin EnvironmentQueryEditor
LogPluginManager: Mounting plugin LightPropagationVolume
LogPluginManager: Mounting plugin CameraShakePreviewer
LogPluginManager: Mounting plugin OodleData
LogPluginManager: Mounting plugin OodleNetwork
LogPluginManager: Mounting plugin AnimationSharing
LogPluginManager: Mounting plugin CodeLiteSourceCodeAccess
LogPluginManager: Mounting plugin CLionSourceCodeAccess
LogPluginManager: Mounting plugin KDevelopSourceCodeAccess
LogPluginManager: Mounting plugin GitSourceControl
LogPluginManager: Mounting plugin PerforceSourceControl
LogPluginManager: Mounting plugin NullSourceCodeAccess
LogPluginManager: Mounting plugin PixWinPlugin
LogPluginManager: Mounting plugin PlasticSourceControl
LogPluginManager: Mounting plugin PropertyAccessNode
LogPluginManager: Mounting plugin PluginUtils
LogPluginManager: Mounting plugin RiderSourceCodeAccess
LogPluginManager: Mounting plugin TextureFormatOodle
LogPluginManager: Mounting plugin SubversionSourceControl
LogPluginManager: Mounting plugin UObjectPlugin
LogPluginManager: Mounting plugin GameplayCameras
LogPluginManager: Mounting plugin VisualStudioCodeSourceCodeAccess
LogPluginManager: Mounting plugin VisualStudioSourceCodeAccess
LogPluginManager: Mounting plugin Niagara
LogPluginManager: Mounting plugin XCodeSourceCodeAccess
LogPluginManager: Mounting plugin DatasmithContent
LogPluginManager: Mounting plugin AssetManagerEditor
LogPluginManager: Mounting plugin CryptoKeys
LogPluginManager: Mounting plugin AlembicImporter
LogPluginManager: Mounting plugin AutomationUtils
LogPluginManager: Mounting plugin LuminPlatformFeatures
LogPluginManager: Mounting plugin BackChannel
LogPluginManager: Mounting plugin MagicLeap
LogPluginManager: Mounting plugin DataValidation
LogPluginManager: Mounting plugin CurveEditorTools
LogPluginManager: Mounting plugin FacialAnimation
LogPluginManager: Mounting plugin GameplayTagsEditor
LogPluginManager: Mounting plugin MacGraphicsSwitching
LogPluginManager: Mounting plugin GeometryMode
LogPluginManager: Mounting plugin MagicLeapLightEstimation
LogPluginManager: Mounting plugin MagicLeapMedia
LogPluginManager: Mounting plugin MaterialAnalyzer
LogPluginManager: Mounting plugin MagicLeapPassableWorld
LogPluginManager: Mounting plugin PluginBrowser
LogPluginManager: Mounting plugin MobileLauncherProfileWizard
LogPluginManager: Mounting plugin ChaosCloth
LogPluginManager: Mounting plugin ChaosClothEditor
LogPluginManager: Mounting plugin ChaosEditor
LogPluginManager: Mounting plugin ChaosNiagara
LogPluginManager: Mounting plugin ChaosSolverPlugin
LogPluginManager: Mounting plugin SpeedTreeImporter
LogPluginManager: Mounting plugin CharacterAI
LogPluginManager: Mounting plugin VariantManagerContent
LogPluginManager: Mounting plugin MLSDK
LogPluginManager: Mounting plugin GeometryCache
LogPluginManager: Mounting plugin GeometryCollectionPlugin
LogPluginManager: Mounting plugin AndroidMedia
LogPluginManager: Mounting plugin AvfMedia
LogPluginManager: Mounting plugin ImgMedia
LogPluginManager: Mounting plugin MediaCompositing
LogPluginManager: Mounting plugin MediaPlayerEditor
LogPluginManager: Mounting plugin WebMMedia
LogPluginManager: Mounting plugin WmfMedia
LogPluginManager: Mounting plugin GeometryProcessing
LogPluginManager: Mounting plugin MotoSynth
LogPluginManager: Mounting plugin OpenImageDenoise
LogPluginManager: Mounting plugin PlanarCut
LogPluginManager: Mounting plugin PlatformCrypto
LogPluginManager: Mounting plugin ProxyLODPlugin
LogPluginManager: Mounting plugin PythonScriptPlugin
LogPluginManager: Mounting plugin SkeletalReduction
LogPluginManager: Mounting plugin TcpMessaging
LogPluginManager: Mounting plugin ActorSequence
LogPluginManager: Mounting plugin UdpMessaging
LogPluginManager: Mounting plugin LevelSequenceEditor
LogPluginManager: Mounting plugin MatineeToLevelSequence
LogPluginManager: Mounting plugin TemplateSequence
LogPluginManager: Mounting plugin OnlineSubsystem
LogPluginManager: Mounting plugin OnlineSubsystemNull
LogPluginManager: Mounting plugin OnlineSubsystemUtils
LogPluginManager: Mounting plugin LauncherChunkInstaller
LogPluginManager: Mounting plugin ScreenshotTools
LogPluginManager: Mounting plugin ActorLayerUtilities
LogPluginManager: Mounting plugin AndroidDeviceProfileSelector
LogPluginManager: Mounting plugin AndroidMoviePlayer
LogPluginManager: Mounting plugin AndroidPermission
LogPluginManager: Mounting plugin Takes
LogPluginManager: Mounting plugin AppleImageUtils
LogPluginManager: Mounting plugin AppleMoviePlayer
LogPluginManager: Mounting plugin ArchVisCharacter
LogPluginManager: Mounting plugin AssetTags
LogPluginManager: Mounting plugin AudioCapture
LogPluginManager: Mounting plugin AudioSynesthesia
LogPluginManager: Mounting plugin CableComponent
LogPluginManager: Mounting plugin ChunkDownloader
LogPluginManager: Mounting plugin CustomMeshComponent
LogPluginManager: Mounting plugin EditableMesh
LogPluginManager: Mounting plugin ExampleDeviceProfileSelector
LogPluginManager: Mounting plugin GoogleCloudMessaging
LogPluginManager: Mounting plugin GooglePAD
LogPluginManager: Mounting plugin IOSDeviceProfileSelector
LogPluginManager: Mounting plugin LinuxDeviceProfileSelector
LogPluginManager: Mounting plugin LocationServicesBPLibrary
LogPluginManager: Mounting plugin MobilePatchingUtils
LogPluginManager: Mounting plugin OpenXREyeTracker
LogPluginManager: Mounting plugin OpenXRHandTracking
LogPluginManager: Mounting plugin PhysXVehicles
LogPluginManager: Mounting plugin OpenXR
LogPluginManager: Mounting plugin PostSplashScreen
LogPluginManager: Mounting plugin ProceduralMeshComponent
LogPluginManager: Mounting plugin PropertyAccessEditor
LogPluginManager: Mounting plugin RuntimePhysXCooking
LogPluginManager: Mounting plugin SoundFields
LogPluginManager: Mounting plugin SignificanceManager
LogPluginManager: Mounting plugin Synthesis
LogPluginManager: Mounting plugin WebMMoviePlayer
LogPluginManager: Mounting plugin WindowsMoviePlayer
LogPluginManager: Mounting plugin ContentBrowserAssetDataSource
LogPluginManager: Mounting plugin ContentBrowserClassDataSource
LogPluginManager: Mounting plugin ContentBrowserFileDataSource
LogPluginManager: Mounting plugin OnlineSubsystemGooglePlay
LogPluginManager: Mounting plugin OnlineSubsystemIOS
LogPluginManager: Mounting plugin OculusVR
LogPluginManager: Mounting plugin SteamVR
PixWinPlugin: PIX capture plugin failed to initialize! Check that the process is launched from PIX.
LogInit: Using libcurl 7.55.1-DEV
LogInit:  - built for x86_64-pc-win32
LogInit:  - supports SSL with OpenSSL/1.1.1
LogInit:  - supports HTTP deflate (compression) using libz 1.2.8
LogInit:  - other features:
LogInit:      CURL_VERSION_SSL
LogInit:      CURL_VERSION_LIBZ
LogInit:      CURL_VERSION_IPV6
LogInit:      CURL_VERSION_ASYNCHDNS
LogInit:      CURL_VERSION_LARGEFILE
LogInit:      CURL_VERSION_IDN
LogInit:  CurlRequestOptions (configurable via config and command line):
LogInit:  - bVerifyPeer = true  - Libcurl will verify peer certificate
LogInit:  - bUseHttpProxy = false  - Libcurl will NOT use HTTP proxy
LogInit:  - bDontReuseConnections = false  - Libcurl will reuse connections
LogInit:  - MaxHostConnections = 16  - Libcurl will limit the number of connections to a host
LogInit:  - LocalHostAddr = Default
LogInit:  - BufferSize = 65536
LogOnline: OSS: Creating online subsystem instance for: NULL
LogInit: WinSock: version 1.1 (2.2), MaxSocks=32767, MaxUdp=65467
LogOnline: OSS: TryLoadSubsystemAndSetDefault: Loaded subsystem for module [NULL]
LogOculusPluginWrapper: OculusPlugin initialized successfully
LogHMD: Failed initializing OVRPlugin 1.59.0
LogInit: Build: ++UE4+Release-4.27-CL-18319896
LogInit: Engine Version: 4.27.2-18319896+++UE4+Release-4.27
LogInit: Compatible Engine Version: 4.27.0-17155196+++UE4+Release-4.27
LogInit: Net CL: 17155196
LogInit: OS: Windows 10 (Release 2009) (), CPU: 11th Gen Intel(R) Core(TM) i7-11800H @ 2.30GHz, GPU: Intel(R) UHD Graphics
LogInit: Compiled (64-bit): Nov 30 2021 07:12:08
LogInit: Compiled with Visual C++: 19.24.28315.00
LogInit: Build Configuration: Development
LogInit: Branch Name: ++UE4+Release-4.27
LogInit: Command Line: 
LogInit: Base Directory: C:/Program Files/Epic Games/UE_4.27/Engine/Binaries/Win64/
LogInit: Allocator: TBB
LogInit: Installed Engine Build: 1
LogDevObjectVersion: Number of dev versions registered: 29
LogDevObjectVersion:   Dev-Blueprints (B0D832E4-1F89-4F0D-ACCF-7EB736FD4AA2): 10
LogDevObjectVersion:   Dev-Build (E1C64328-A22C-4D53-A36C-8E866417BD8C): 0
LogDevObjectVersion:   Dev-Core (375EC13C-06E4-48FB-B500-84F0262A717E): 4
LogDevObjectVersion:   Dev-Editor (E4B068ED-F494-42E9-A231-DA0B2E46BB41): 40
LogDevObjectVersion:   Dev-Framework (CFFC743F-43B0-4480-9391-14DF171D2073): 37
LogDevObjectVersion:   Dev-Mobile (B02B49B5-BB20-44E9-A304-32B752E40360): 3
LogDevObjectVersion:   Dev-Networking (A4E4105C-59A1-49B5-A7C5-40C4547EDFEE): 0
LogDevObjectVersion:   Dev-Online (39C831C9-5AE6-47DC-9A44-9C173E1C8E7C): 0
LogDevObjectVersion:   Dev-Physics (78F01B33-EBEA-4F98-B9B4-84EACCB95AA2): 14
LogDevObjectVersion:   Dev-Platform (6631380F-2D4D-43E0-8009-CF276956A95A): 0
LogDevObjectVersion:   Dev-Rendering (12F88B9F-8875-4AFC-A67C-D90C383ABD29): 45
LogDevObjectVersion:   Dev-Sequencer (7B5AE74C-D270-4C10-A958-57980B212A5A): 13
LogDevObjectVersion:   Dev-VR (D7296918-1DD6-4BDD-9DE2-64A83CC13884): 3
LogDevObjectVersion:   Dev-LoadTimes (C2A15278-BFE7-4AFE-6C17-90FF531DF755): 1
LogDevObjectVersion:   Private-Geometry (6EACA3D4-40EC-4CC1-B786-8BED09428FC5): 3
LogDevObjectVersion:   Dev-AnimPhys (29E575DD-E0A3-4627-9D10-D276232CDCEA): 17
LogDevObjectVersion:   Dev-Anim (AF43A65D-7FD3-4947-9873-3E8ED9C1BB05): 15
LogDevObjectVersion:   Dev-ReflectionCapture (6B266CEC-1EC7-4B8F-A30B-E4D90942FC07): 1
LogDevObjectVersion:   Dev-Automation (0DF73D61-A23F-47EA-B727-89E90C41499A): 1
LogDevObjectVersion:   FortniteMain (601D1886-AC64-4F84-AA16-D3DE0DEAC7D6): 47
LogDevObjectVersion:   FortniteRelease (E7086368-6B23-4C58-8439-1B7016265E91): 1
LogDevObjectVersion:   Dev-Enterprise (9DFFBCD6-494F-0158-E221-12823C92A888): 10
LogDevObjectVersion:   Dev-Niagara (F2AED0AC-9AFE-416F-8664-AA7FFA26D6FC): 1
LogDevObjectVersion:   Dev-Destruction (174F1F0B-B4C6-45A5-B13F-2EE8D0FB917D): 10
LogDevObjectVersion:   Dev-Physics-Ext (35F94A83-E258-406C-A318-09F59610247C): 41
LogDevObjectVersion:   Dev-PhysicsMaterial-Chaos (B68FC16E-8B1B-42E2-B453-215C058844FE): 1
LogDevObjectVersion:   Dev-CineCamera (B2E18506-4273-CFC2-A54E-F4BB758BBA07): 1
LogDevObjectVersion:   Dev-VirtualProduction (64F58936-FD1B-42BA-BA96-7289D5D0FA4E): 1
LogDevObjectVersion:   Dev-MediaFramework (6F0ED827-A609-4895-9C91-998D90180EA4): 2
LogInit: Presizing for max 25165824 objects, including 0 objects not considered by GC, pre-allocating 0 bytes for permanent pool.
LogConfig: Applying CVar settings from Section [/Script/Engine.StreamingSettings] File [C:/3D/Wargaming/GIT/WargamingAcademy/Cyberpunk2022/Saved/Config/Windows/Engine.ini]
LogConfig: Setting CVar [[s.MinBulkDataSizeForAsyncLoading:131072]]
LogConfig: Setting CVar [[s.AsyncLoadingThreadEnabled:0]]
LogConfig: Setting CVar [[s.EventDrivenLoaderEnabled:1]]
LogConfig: Setting CVar [[s.WarnIfTimeLimitExceeded:0]]
LogConfig: Setting CVar [[s.TimeLimitExceededMultiplier:1.5]]
LogConfig: Setting CVar [[s.TimeLimitExceededMinTime:0.005]]
LogConfig: Setting CVar [[s.UseBackgroundLevelStreaming:1]]
LogConfig: Setting CVar [[s.PriorityAsyncLoadingExtraTime:15.0]]
LogConfig: Setting CVar [[s.LevelStreamingActorsUpdateTimeLimit:5.0]]
LogConfig: Setting CVar [[s.PriorityLevelStreamingActorsUpdateExtraTime:5.0]]
LogConfig: Setting CVar [[s.LevelStreamingComponentsRegistrationGranularity:10]]
LogConfig: Setting CVar [[s.UnregisterComponentsTimeLimit:1.0]]
LogConfig: Setting CVar [[s.LevelStreamingComponentsUnregistrationGranularity:5]]
LogConfig: Setting CVar [[s.FlushStreamingOnExit:1]]
LogInit: Object subsystem initialized
LogConfig: Setting CVar [[con.DebugEarlyDefault:1]]
LogConfig: Setting CVar [[r.setres:1280x720]]
[2022.03.11-15.58.50:605][  0]LogConfig: Setting CVar [[r.VSync:0]]
[2022.03.11-15.58.50:605][  0]LogConfig: Setting CVar [[r.RHICmdBypass:0]]
[2022.03.11-15.58.50:605][  0]LogConfig: Applying CVar settings from Section [/Script/Engine.RendererSettings] File [C:/3D/Wargaming/GIT/WargamingAcademy/Cyberpunk2022/Saved/Config/Windows/Engine.ini]
[2022.03.11-15.58.50:605][  0]LogConfig: Setting CVar [[r.GPUCrashDebugging:0]]
[2022.03.11-15.58.50:605][  0]LogConfig: Setting CVar [[r.DefaultFeature.MotionBlur:0]]
[2022.03.11-15.58.50:605][  0]LogConfig: Applying CVar settings from Section [/Script/Engine.RendererOverrideSettings] File [C:/3D/Wargaming/GIT/WargamingAcademy/Cyberpunk2022/Saved/Config/Windows/Engine.ini]
[2022.03.11-15.58.50:605][  0]LogConfig: Applying CVar settings from Section [/Script/Engine.StreamingSettings] File [C:/3D/Wargaming/GIT/WargamingAcademy/Cyberpunk2022/Saved/Config/Windows/Engine.ini]
[2022.03.11-15.58.50:605][  0]LogConfig: Setting CVar [[s.MinBulkDataSizeForAsyncLoading:131072]]
[2022.03.11-15.58.50:605][  0]LogConfig: Setting CVar [[s.AsyncLoadingThreadEnabled:0]]
[2022.03.11-15.58.50:605][  0]LogConfig: Setting CVar [[s.EventDrivenLoaderEnabled:1]]
[2022.03.11-15.58.50:605][  0]LogConfig: Setting CVar [[s.WarnIfTimeLimitExceeded:0]]
[2022.03.11-15.58.50:605][  0]LogConfig: Setting CVar [[s.TimeLimitExceededMultiplier:1.5]]
[2022.03.11-15.58.50:605][  0]LogConfig: Setting CVar [[s.TimeLimitExceededMinTime:0.005]]
[2022.03.11-15.58.50:605][  0]LogConfig: Setting CVar [[s.UseBackgroundLevelStreaming:1]]
[2022.03.11-15.58.50:605][  0]LogConfig: Setting CVar [[s.PriorityAsyncLoadingExtraTime:15.0]]
[2022.03.11-15.58.50:605][  0]LogConfig: Setting CVar [[s.LevelStreamingActorsUpdateTimeLimit:5.0]]
[2022.03.11-15.58.50:605][  0]LogConfig: Setting CVar [[s.PriorityLevelStreamingActorsUpdateExtraTime:5.0]]
[2022.03.11-15.58.50:605][  0]LogConfig: Setting CVar [[s.LevelStreamingComponentsRegistrationGranularity:10]]
[2022.03.11-15.58.50:605][  0]LogConfig: Setting CVar [[s.UnregisterComponentsTimeLimit:1.0]]
[2022.03.11-15.58.50:605][  0]LogConfig: Setting CVar [[s.LevelStreamingComponentsUnregistrationGranularity:5]]
[2022.03.11-15.58.50:605][  0]LogConfig: Setting CVar [[s.FlushStreamingOnExit:1]]
[2022.03.11-15.58.50:605][  0]LogConfig: Applying CVar settings from Section [/Script/Engine.GarbageCollectionSettings] File [C:/3D/Wargaming/GIT/WargamingAcademy/Cyberpunk2022/Saved/Config/Windows/Engine.ini]
[2022.03.11-15.58.50:605][  0]LogConfig: Setting CVar [[gc.MaxObjectsNotConsideredByGC:1]]
[2022.03.11-15.58.50:605][  0]LogConfig: Setting CVar [[gc.SizeOfPermanentObjectPool:0]]
[2022.03.11-15.58.50:605][  0]LogConfig: Setting CVar [[gc.FlushStreamingOnGC:0]]
[2022.03.11-15.58.50:605][  0]LogConfig: Setting CVar [[gc.NumRetriesBeforeForcingGC:10]]
[2022.03.11-15.58.50:605][  0]LogConfig: Setting CVar [[gc.AllowParallelGC:1]]
[2022.03.11-15.58.50:605][  0]LogConfig: Setting CVar [[gc.TimeBetweenPurgingPendingKillObjects:61.1]]
[2022.03.11-15.58.50:605][  0]LogConfig: Setting CVar [[gc.MaxObjectsInEditor:25165824]]
[2022.03.11-15.58.50:605][  0]LogConfig: Setting CVar [[gc.IncrementalBeginDestroyEnabled:1]]
[2022.03.11-15.58.50:605][  0]LogConfig: Setting CVar [[gc.CreateGCClusters:1]]
[2022.03.11-15.58.50:605][  0]LogConfig: Setting CVar [[gc.MinGCClusterSize:5]]
[2022.03.11-15.58.50:605][  0]LogConfig: Setting CVar [[gc.ActorClusteringEnabled:0]]
[2022.03.11-15.58.50:605][  0]LogConfig: Setting CVar [[gc.BlueprintClusteringEnabled:0]]
[2022.03.11-15.58.50:605][  0]LogConfig: Setting CVar [[gc.UseDisregardForGCOnDedicatedServers:0]]
[2022.03.11-15.58.50:605][  0]LogConfig: Setting CVar [[gc.MultithreadedDestructionEnabled:1]]
[2022.03.11-15.58.50:605][  0]LogConfig: Applying CVar settings from Section [/Script/Engine.NetworkSettings] File [C:/3D/Wargaming/GIT/WargamingAcademy/Cyberpunk2022/Saved/Config/Windows/Engine.ini]
[2022.03.11-15.58.50:606][  0]LogConfig: Applying CVar settings from Section [/Script/UnrealEd.CookerSettings] File [C:/3D/Wargaming/GIT/WargamingAcademy/Cyberpunk2022/Saved/Config/Windows/Engine.ini]
[2022.03.11-15.58.50:622][  0]LogConfig: Applying CVar settings from Section [ViewDistanceQuality@3] File [C:/3D/Wargaming/GIT/WargamingAcademy/Cyberpunk2022/Saved/Config/Windows/Scalability.ini]
[2022.03.11-15.58.50:622][  0]LogConfig: Setting CVar [[r.SkeletalMeshLODBias:0]]
[2022.03.11-15.58.50:622][  0]LogConfig: Setting CVar [[r.ViewDistanceScale:1.0]]
[2022.03.11-15.58.50:622][  0]LogConfig: Applying CVar settings from Section [AntiAliasingQuality@3] File [C:/3D/Wargaming/GIT/WargamingAcademy/Cyberpunk2022/Saved/Config/Windows/Scalability.ini]
[2022.03.11-15.58.50:622][  0]LogConfig: Setting CVar [[r.PostProcessAAQuality:4]]
[2022.03.11-15.58.50:622][  0]LogConfig: Applying CVar settings from Section [ShadowQuality@3] File [C:/3D/Wargaming/GIT/WargamingAcademy/Cyberpunk2022/Saved/Config/Windows/Scalability.ini]
[2022.03.11-15.58.50:622][  0]LogConfig: Setting CVar [[r.LightFunctionQuality:1]]
[2022.03.11-15.58.50:622][  0]LogConfig: Setting CVar [[r.ShadowQuality:5]]
[2022.03.11-15.58.50:622][  0]LogConfig: Setting CVar [[r.Shadow.CSM.MaxCascades:10]]
[2022.03.11-15.58.50:622][  0]LogConfig: Setting CVar [[r.Shadow.MaxResolution:2048]]
[2022.03.11-15.58.50:622][  0]LogConfig: Setting CVar [[r.Shadow.MaxCSMResolution:2048]]
[2022.03.11-15.58.50:622][  0]LogConfig: Setting CVar [[r.Shadow.RadiusThreshold:0.01]]
[2022.03.11-15.58.50:622][  0]LogConfig: Setting CVar [[r.Shadow.DistanceScale:1.0]]
[2022.03.11-15.58.50:622][  0]LogConfig: Setting CVar [[r.Shadow.CSM.TransitionScale:1.0]]
[2022.03.11-15.58.50:622][  0]LogConfig: Setting CVar [[r.Shadow.PreShadowResolutionFactor:1.0]]
[2022.03.11-15.58.50:622][  0]LogConfig: Setting CVar [[r.DistanceFieldShadowing:1]]
[2022.03.11-15.58.50:622][  0]LogConfig: Setting CVar [[r.DistanceFieldAO:1]]
[2022.03.11-15.58.50:622][  0]LogConfig: Setting CVar [[r.AOQuality:2]]
[2022.03.11-15.58.50:622][  0]LogConfig: Setting CVar [[r.VolumetricFog:1]]
[2022.03.11-15.58.50:622][  0]LogConfig: Setting CVar [[r.VolumetricFog.GridPixelSize:8]]
[2022.03.11-15.58.50:622][  0]LogConfig: Setting CVar [[r.VolumetricFog.GridSizeZ:128]]
[2022.03.11-15.58.50:622][  0]LogConfig: Setting CVar [[r.VolumetricFog.HistoryMissSupersampleCount:4]]
[2022.03.11-15.58.50:622][  0]LogConfig: Setting CVar [[r.LightMaxDrawDistanceScale:1]]
[2022.03.11-15.58.50:622][  0]LogConfig: Setting CVar [[r.CapsuleShadows:1]]
[2022.03.11-15.58.50:623][  0]LogConfig: Applying CVar settings from Section [PostProcessQuality@3] File [C:/3D/Wargaming/GIT/WargamingAcademy/Cyberpunk2022/Saved/Config/Windows/Scalability.ini]
[2022.03.11-15.58.50:623][  0]LogConfig: Setting CVar [[r.MotionBlurQuality:4]]
[2022.03.11-15.58.50:623][  0]LogConfig: Setting CVar [[r.AmbientOcclusionMipLevelFactor:0.4]]
[2022.03.11-15.58.50:623][  0]LogConfig: Setting CVar [[r.AmbientOcclusionMaxQuality:100]]
[2022.03.11-15.58.50:623][  0]LogConfig: Setting CVar [[r.AmbientOcclusionLevels:-1]]
[2022.03.11-15.58.50:623][  0]LogConfig: Setting CVar [[r.AmbientOcclusionRadiusScale:1.0]]
[2022.03.11-15.58.50:623][  0]LogConfig: Setting CVar [[r.DepthOfFieldQuality:2]]
[2022.03.11-15.58.50:623][  0]LogConfig: Setting CVar [[r.RenderTargetPoolMin:400]]
[2022.03.11-15.58.50:623][  0]LogConfig: Setting CVar [[r.LensFlareQuality:2]]
[2022.03.11-15.58.50:623][  0]LogConfig: Setting CVar [[r.SceneColorFringeQuality:1]]
[2022.03.11-15.58.50:623][  0]LogConfig: Setting CVar [[r.EyeAdaptationQuality:2]]
[2022.03.11-15.58.50:623][  0]LogConfig: Setting CVar [[r.BloomQuality:5]]
[2022.03.11-15.58.50:623][  0]LogConfig: Setting CVar [[r.FastBlurThreshold:100]]
[2022.03.11-15.58.50:623][  0]LogConfig: Setting CVar [[r.Upscale.Quality:3]]
[2022.03.11-15.58.50:623][  0]LogConfig: Setting CVar [[r.Tonemapper.GrainQuantization:1]]
[2022.03.11-15.58.50:623][  0]LogConfig: Setting CVar [[r.LightShaftQuality:1]]
[2022.03.11-15.58.50:623][  0]LogConfig: Setting CVar [[r.Filter.SizeScale:1]]
[2022.03.11-15.58.50:623][  0]LogConfig: Setting CVar [[r.Tonemapper.Quality:5]]
[2022.03.11-15.58.50:623][  0]LogConfig: Setting CVar [[r.DOF.Gather.AccumulatorQuality:1        ; higher gathering accumulator quality]]
[2022.03.11-15.58.50:623][  0]LogConfig: Setting CVar [[r.DOF.Gather.PostfilterMethod:1          ; Median3x3 postfilering method]]
[2022.03.11-15.58.50:623][  0]LogConfig: Setting CVar [[r.DOF.Gather.EnableBokehSettings:0       ; no bokeh simulation when gathering]]
[2022.03.11-15.58.50:623][  0]LogConfig: Setting CVar [[r.DOF.Gather.RingCount:4                 ; medium number of samples when gathering]]
[2022.03.11-15.58.50:623][  0]LogConfig: Setting CVar [[r.DOF.Scatter.ForegroundCompositing:1    ; additive foreground scattering]]
[2022.03.11-15.58.50:623][  0]LogConfig: Setting CVar [[r.DOF.Scatter.BackgroundCompositing:2    ; additive background scattering]]
[2022.03.11-15.58.50:623][  0]LogConfig: Setting CVar [[r.DOF.Scatter.EnableBokehSettings:1      ; bokeh simulation when scattering]]
[2022.03.11-15.58.50:623][  0]LogConfig: Setting CVar [[r.DOF.Scatter.MaxSpriteRatio:0.1         ; only a maximum of 10% of scattered bokeh]]
[2022.03.11-15.58.50:623][  0]LogConfig: Setting CVar [[r.DOF.Recombine.Quality:1                ; cheap slight out of focus]]
[2022.03.11-15.58.50:623][  0]LogConfig: Setting CVar [[r.DOF.Recombine.EnableBokehSettings:0    ; no bokeh simulation on slight out of focus]]
[2022.03.11-15.58.50:623][  0]LogConfig: Setting CVar [[r.DOF.TemporalAAQuality:1                ; more stable temporal accumulation]]
[2022.03.11-15.58.50:623][  0]LogConfig: Setting CVar [[r.DOF.Kernel.MaxForegroundRadius:0.025]]
[2022.03.11-15.58.50:623][  0]LogConfig: Setting CVar [[r.DOF.Kernel.MaxBackgroundRadius:0.025]]
[2022.03.11-15.58.50:623][  0]LogConfig: Applying CVar settings from Section [TextureQuality@3] File [C:/3D/Wargaming/GIT/WargamingAcademy/Cyberpunk2022/Saved/Config/Windows/Scalability.ini]
[2022.03.11-15.58.50:623][  0]LogConfig: Setting CVar [[r.Streaming.MipBias:0]]
[2022.03.11-15.58.50:623][  0]LogConfig: Setting CVar [[r.Streaming.AmortizeCPUToGPUCopy:0]]
[2022.03.11-15.58.50:623][  0]LogConfig: Setting CVar [[r.Streaming.MaxNumTexturesToStreamPerFrame:0]]
[2022.03.11-15.58.50:623][  0]LogConfig: Setting CVar [[r.Streaming.Boost:1]]
[2022.03.11-15.58.50:623][  0]LogConfig: Setting CVar [[r.MaxAnisotropy:8]]
[2022.03.11-15.58.50:623][  0]LogConfig: Setting CVar [[r.VT.MaxAnisotropy:8]]
[2022.03.11-15.58.50:623][  0]LogConfig: Setting CVar [[r.Streaming.LimitPoolSizeToVRAM:0]]
[2022.03.11-15.58.50:623][  0]LogConfig: Setting CVar [[r.Streaming.PoolSize:1000]]
[2022.03.11-15.58.50:623][  0]LogConfig: Setting CVar [[r.Streaming.MaxEffectiveScreenSize:0]]
[2022.03.11-15.58.50:623][  0]LogConfig: Applying CVar settings from Section [EffectsQuality@3] File [C:/3D/Wargaming/GIT/WargamingAcademy/Cyberpunk2022/Saved/Config/Windows/Scalability.ini]
[2022.03.11-15.58.50:623][  0]LogConfig: Setting CVar [[r.TranslucencyLightingVolumeDim:64]]
[2022.03.11-15.58.50:623][  0]LogConfig: Setting CVar [[r.RefractionQuality:2]]
[2022.03.11-15.58.50:623][  0]LogConfig: Setting CVar [[r.SSR.Quality:3]]
[2022.03.11-15.58.50:623][  0]LogConfig: Setting CVar [[r.SSR.HalfResSceneColor:0]]
[2022.03.11-15.58.50:623][  0]LogConfig: Setting CVar [[r.SceneColorFormat:4]]
[2022.03.11-15.58.50:623][  0]LogConfig: Setting CVar [[r.DetailMode:2]]
[2022.03.11-15.58.50:623][  0]LogConfig: Setting CVar [[r.TranslucencyVolumeBlur:1]]
[2022.03.11-15.58.50:623][  0]LogConfig: Setting CVar [[r.MaterialQualityLevel:1 ; High quality]]
[2022.03.11-15.58.50:623][  0]LogConfig: Setting CVar [[r.AnisotropicMaterials:1]]
[2022.03.11-15.58.50:623][  0]LogConfig: Setting CVar [[r.SSS.Scale:1]]
[2022.03.11-15.58.50:623][  0]LogConfig: Setting CVar [[r.SSS.SampleSet:2]]
[2022.03.11-15.58.50:623][  0]LogConfig: Setting CVar [[r.SSS.Quality:1]]
[2022.03.11-15.58.50:623][  0]LogConfig: Setting CVar [[r.SSS.HalfRes:0]]
[2022.03.11-15.58.50:623][  0]LogConfig: Setting CVar [[r.SSGI.Quality:3]]
[2022.03.11-15.58.50:623][  0]LogConfig: Setting CVar [[r.EmitterSpawnRateScale:1.0]]
[2022.03.11-15.58.50:623][  0]LogConfig: Setting CVar [[r.ParticleLightQuality:2]]
[2022.03.11-15.58.50:623][  0]LogConfig: Setting CVar [[r.SkyAtmosphere.AerialPerspectiveLUT.FastApplyOnOpaque:1 ; Always have FastSkyLUT 1 in this case to avoid wrong sky]]
[2022.03.11-15.58.50:623][  0]LogConfig: Setting CVar [[r.SkyAtmosphere.AerialPerspectiveLUT.SampleCountMaxPerSlice:4]]
[2022.03.11-15.58.50:623][  0]LogConfig: Setting CVar [[r.SkyAtmosphere.AerialPerspectiveLUT.DepthResolution:16.0]]
[2022.03.11-15.58.50:623][  0]LogConfig: Setting CVar [[r.SkyAtmosphere.FastSkyLUT:1]]
[2022.03.11-15.58.50:623][  0]LogConfig: Setting CVar [[r.SkyAtmosphere.FastSkyLUT.SampleCountMin:4.0]]
[2022.03.11-15.58.50:623][  0]LogConfig: Setting CVar [[r.SkyAtmosphere.FastSkyLUT.SampleCountMax:128.0]]
[2022.03.11-15.58.50:623][  0]LogConfig: Setting CVar [[r.SkyAtmosphere.SampleCountMin:4.0]]
[2022.03.11-15.58.50:623][  0]LogConfig: Setting CVar [[r.SkyAtmosphere.SampleCountMax:128.0]]
[2022.03.11-15.58.50:623][  0]LogConfig: Setting CVar [[r.SkyAtmosphere.TransmittanceLUT.UseSmallFormat:0]]
[2022.03.11-15.58.50:623][  0]LogConfig: Setting CVar [[r.SkyAtmosphere.TransmittanceLUT.SampleCount:10.0]]
[2022.03.11-15.58.50:623][  0]LogConfig: Setting CVar [[r.SkyAtmosphere.MultiScatteringLUT.SampleCount:15.0]]
[2022.03.11-15.58.50:623][  0]LogConfig: Setting CVar [[r.SkyLight.RealTimeReflectionCapture:1]]
[2022.03.11-15.58.50:623][  0]LogConfig: Applying CVar settings from Section [FoliageQuality@3] File [C:/3D/Wargaming/GIT/WargamingAcademy/Cyberpunk2022/Saved/Config/Windows/Scalability.ini]
[2022.03.11-15.58.50:623][  0]LogConfig: Setting CVar [[foliage.DensityScale:1.0]]
[2022.03.11-15.58.50:623][  0]LogConfig: Setting CVar [[grass.DensityScale:1.0]]
[2022.03.11-15.58.50:623][  0]LogConfig: Applying CVar settings from Section [ShadingQuality@3] File [C:/3D/Wargaming/GIT/WargamingAcademy/Cyberpunk2022/Saved/Config/Windows/Scalability.ini]
[2022.03.11-15.58.50:623][  0]LogConfig: Setting CVar [[r.HairStrands.SkyLighting.IntegrationType:2]]
[2022.03.11-15.58.50:623][  0]LogConfig: Setting CVar [[r.HairStrands.SkyAO.SampleCount:4]]
[2022.03.11-15.58.50:623][  0]LogConfig: Setting CVar [[r.HairStrands.Visibility.MSAA.SamplePerPixel:4]]
[2022.03.11-15.58.50:623][  0]LogInit: Selected Device Profile: [Windows]
[2022.03.11-15.58.50:623][  0]LogInit: Applying CVar settings loaded from the selected device profile: [Windows]
[2022.03.11-15.58.50:623][  0]LogHAL: Display: Platform has ~ 16 GB [16866865152 / 17179869184 / 16], which maps to Larger [LargestMinGB=32, LargerMinGB=12, DefaultMinGB=8, SmallerMinGB=6, SmallestMinGB=0)
[2022.03.11-15.58.50:623][  0]LogInit: Going up to parent DeviceProfile []
[2022.03.11-15.58.50:623][  0]LogConfig: Applying CVar settings from Section [ViewDistanceQuality@3] File [C:/3D/Wargaming/GIT/WargamingAcademy/Cyberpunk2022/Saved/Config/Windows/Scalability.ini]
[2022.03.11-15.58.50:623][  0]LogConfig: Setting CVar [[r.SkeletalMeshLODBias:0]]
[2022.03.11-15.58.50:623][  0]LogConfig: Setting CVar [[r.ViewDistanceScale:1.0]]
[2022.03.11-15.58.50:623][  0]LogConfig: Applying CVar settings from Section [AntiAliasingQuality@3] File [C:/3D/Wargaming/GIT/WargamingAcademy/Cyberpunk2022/Saved/Config/Windows/Scalability.ini]
[2022.03.11-15.58.50:623][  0]LogConfig: Setting CVar [[r.PostProcessAAQuality:4]]
[2022.03.11-15.58.50:623][  0]LogConfig: Applying CVar settings from Section [ShadowQuality@3] File [C:/3D/Wargaming/GIT/WargamingAcademy/Cyberpunk2022/Saved/Config/Windows/Scalability.ini]
[2022.03.11-15.58.50:623][  0]LogConfig: Setting CVar [[r.LightFunctionQuality:1]]
[2022.03.11-15.58.50:623][  0]LogConfig: Setting CVar [[r.ShadowQuality:5]]
[2022.03.11-15.58.50:623][  0]LogConfig: Setting CVar [[r.Shadow.CSM.MaxCascades:10]]
[2022.03.11-15.58.50:623][  0]LogConfig: Setting CVar [[r.Shadow.MaxResolution:2048]]
[2022.03.11-15.58.50:623][  0]LogConfig: Setting CVar [[r.Shadow.MaxCSMResolution:2048]]
[2022.03.11-15.58.50:623][  0]LogConfig: Setting CVar [[r.Shadow.RadiusThreshold:0.01]]
[2022.03.11-15.58.50:623][  0]LogConfig: Setting CVar [[r.Shadow.DistanceScale:1.0]]
[2022.03.11-15.58.50:623][  0]LogConfig: Setting CVar [[r.Shadow.CSM.TransitionScale:1.0]]
[2022.03.11-15.58.50:623][  0]LogConfig: Setting CVar [[r.Shadow.PreShadowResolutionFactor:1.0]]
[2022.03.11-15.58.50:623][  0]LogConfig: Setting CVar [[r.DistanceFieldShadowing:1]]
[2022.03.11-15.58.50:623][  0]LogConfig: Setting CVar [[r.DistanceFieldAO:1]]
[2022.03.11-15.58.50:623][  0]LogConfig: Setting CVar [[r.AOQuality:2]]
[2022.03.11-15.58.50:623][  0]LogConfig: Setting CVar [[r.VolumetricFog:1]]
[2022.03.11-15.58.50:623][  0]LogConfig: Setting CVar [[r.VolumetricFog.GridPixelSize:8]]
[2022.03.11-15.58.50:623][  0]LogConfig: Setting CVar [[r.VolumetricFog.GridSizeZ:128]]
[2022.03.11-15.58.50:623][  0]LogConfig: Setting CVar [[r.VolumetricFog.HistoryMissSupersampleCount:4]]
[2022.03.11-15.58.50:623][  0]LogConfig: Setting CVar [[r.LightMaxDrawDistanceScale:1]]
[2022.03.11-15.58.50:623][  0]LogConfig: Setting CVar [[r.CapsuleShadows:1]]
[2022.03.11-15.58.50:623][  0]LogConfig: Applying CVar settings from Section [PostProcessQuality@3] File [C:/3D/Wargaming/GIT/WargamingAcademy/Cyberpunk2022/Saved/Config/Windows/Scalability.ini]
[2022.03.11-15.58.50:623][  0]LogConfig: Setting CVar [[r.MotionBlurQuality:4]]
[2022.03.11-15.58.50:623][  0]LogConfig: Setting CVar [[r.AmbientOcclusionMipLevelFactor:0.4]]
[2022.03.11-15.58.50:623][  0]LogConfig: Setting CVar [[r.AmbientOcclusionMaxQuality:100]]
[2022.03.11-15.58.50:623][  0]LogConfig: Setting CVar [[r.AmbientOcclusionLevels:-1]]
[2022.03.11-15.58.50:623][  0]LogConfig: Setting CVar [[r.AmbientOcclusionRadiusScale:1.0]]
[2022.03.11-15.58.50:624][  0]LogConfig: Setting CVar [[r.DepthOfFieldQuality:2]]
[2022.03.11-15.58.50:624][  0]LogConfig: Setting CVar [[r.RenderTargetPoolMin:400]]
[2022.03.11-15.58.50:624][  0]LogConfig: Setting CVar [[r.LensFlareQuality:2]]
[2022.03.11-15.58.50:624][  0]LogConfig: Setting CVar [[r.SceneColorFringeQuality:1]]
[2022.03.11-15.58.50:624][  0]LogConfig: Setting CVar [[r.EyeAdaptationQuality:2]]
[2022.03.11-15.58.50:624][  0]LogConfig: Setting CVar [[r.BloomQuality:5]]
[2022.03.11-15.58.50:624][  0]LogConfig: Setting CVar [[r.FastBlurThreshold:100]]
[2022.03.11-15.58.50:624][  0]LogConfig: Setting CVar [[r.Upscale.Quality:3]]
[2022.03.11-15.58.50:624][  0]LogConfig: Setting CVar [[r.Tonemapper.GrainQuantization:1]]
[2022.03.11-15.58.50:624][  0]LogConfig: Setting CVar [[r.LightShaftQuality:1]]
[2022.03.11-15.58.50:624][  0]LogConfig: Setting CVar [[r.Filter.SizeScale:1]]
[2022.03.11-15.58.50:624][  0]LogConfig: Setting CVar [[r.Tonemapper.Quality:5]]
[2022.03.11-15.58.50:624][  0]LogConfig: Setting CVar [[r.DOF.Gather.AccumulatorQuality:1        ; higher gathering accumulator quality]]
[2022.03.11-15.58.50:624][  0]LogConfig: Setting CVar [[r.DOF.Gather.PostfilterMethod:1          ; Median3x3 postfilering method]]
[2022.03.11-15.58.50:624][  0]LogConfig: Setting CVar [[r.DOF.Gather.EnableBokehSettings:0       ; no bokeh simulation when gathering]]
[2022.03.11-15.58.50:624][  0]LogConfig: Setting CVar [[r.DOF.Gather.RingCount:4                 ; medium number of samples when gathering]]
[2022.03.11-15.58.50:624][  0]LogConfig: Setting CVar [[r.DOF.Scatter.ForegroundCompositing:1    ; additive foreground scattering]]
[2022.03.11-15.58.50:624][  0]LogConfig: Setting CVar [[r.DOF.Scatter.BackgroundCompositing:2    ; additive background scattering]]
[2022.03.11-15.58.50:624][  0]LogConfig: Setting CVar [[r.DOF.Scatter.EnableBokehSettings:1      ; bokeh simulation when scattering]]
[2022.03.11-15.58.50:624][  0]LogConfig: Setting CVar [[r.DOF.Scatter.MaxSpriteRatio:0.1         ; only a maximum of 10% of scattered bokeh]]
[2022.03.11-15.58.50:624][  0]LogConfig: Setting CVar [[r.DOF.Recombine.Quality:1                ; cheap slight out of focus]]
[2022.03.11-15.58.50:624][  0]LogConfig: Setting CVar [[r.DOF.Recombine.EnableBokehSettings:0    ; no bokeh simulation on slight out of focus]]
[2022.03.11-15.58.50:624][  0]LogConfig: Setting CVar [[r.DOF.TemporalAAQuality:1                ; more stable temporal accumulation]]
[2022.03.11-15.58.50:624][  0]LogConfig: Setting CVar [[r.DOF.Kernel.MaxForegroundRadius:0.025]]
[2022.03.11-15.58.50:624][  0]LogConfig: Setting CVar [[r.DOF.Kernel.MaxBackgroundRadius:0.025]]
[2022.03.11-15.58.50:624][  0]LogConfig: Applying CVar settings from Section [TextureQuality@3] File [C:/3D/Wargaming/GIT/WargamingAcademy/Cyberpunk2022/Saved/Config/Windows/Scalability.ini]
[2022.03.11-15.58.50:624][  0]LogConfig: Setting CVar [[r.Streaming.MipBias:0]]
[2022.03.11-15.58.50:624][  0]LogConfig: Setting CVar [[r.Streaming.AmortizeCPUToGPUCopy:0]]
[2022.03.11-15.58.50:624][  0]LogConfig: Setting CVar [[r.Streaming.MaxNumTexturesToStreamPerFrame:0]]
[2022.03.11-15.58.50:624][  0]LogConfig: Setting CVar [[r.Streaming.Boost:1]]
[2022.03.11-15.58.50:624][  0]LogConfig: Setting CVar [[r.MaxAnisotropy:8]]
[2022.03.11-15.58.50:624][  0]LogConfig: Setting CVar [[r.VT.MaxAnisotropy:8]]
[2022.03.11-15.58.50:624][  0]LogConfig: Setting CVar [[r.Streaming.LimitPoolSizeToVRAM:0]]
[2022.03.11-15.58.50:624][  0]LogConfig: Setting CVar [[r.Streaming.PoolSize:1000]]
[2022.03.11-15.58.50:624][  0]LogConfig: Setting CVar [[r.Streaming.MaxEffectiveScreenSize:0]]
[2022.03.11-15.58.50:624][  0]LogConfig: Applying CVar settings from Section [EffectsQuality@3] File [C:/3D/Wargaming/GIT/WargamingAcademy/Cyberpunk2022/Saved/Config/Windows/Scalability.ini]
[2022.03.11-15.58.50:624][  0]LogConfig: Setting CVar [[r.TranslucencyLightingVolumeDim:64]]
[2022.03.11-15.58.50:624][  0]LogConfig: Setting CVar [[r.RefractionQuality:2]]
[2022.03.11-15.58.50:624][  0]LogConfig: Setting CVar [[r.SSR.Quality:3]]
[2022.03.11-15.58.50:624][  0]LogConfig: Setting CVar [[r.SSR.HalfResSceneColor:0]]
[2022.03.11-15.58.50:624][  0]LogConfig: Setting CVar [[r.SceneColorFormat:4]]
[2022.03.11-15.58.50:624][  0]LogConfig: Setting CVar [[r.DetailMode:2]]
[2022.03.11-15.58.50:624][  0]LogConfig: Setting CVar [[r.TranslucencyVolumeBlur:1]]
[2022.03.11-15.58.50:624][  0]LogConfig: Setting CVar [[r.MaterialQualityLevel:1 ; High quality]]
[2022.03.11-15.58.50:624][  0]LogConfig: Setting CVar [[r.AnisotropicMaterials:1]]
[2022.03.11-15.58.50:624][  0]LogConfig: Setting CVar [[r.SSS.Scale:1]]
[2022.03.11-15.58.50:624][  0]LogConfig: Setting CVar [[r.SSS.SampleSet:2]]
[2022.03.11-15.58.50:624][  0]LogConfig: Setting CVar [[r.SSS.Quality:1]]
[2022.03.11-15.58.50:624][  0]LogConfig: Setting CVar [[r.SSS.HalfRes:0]]
[2022.03.11-15.58.50:624][  0]LogConfig: Setting CVar [[r.SSGI.Quality:3]]
[2022.03.11-15.58.50:624][  0]LogConfig: Setting CVar [[r.EmitterSpawnRateScale:1.0]]
[2022.03.11-15.58.50:624][  0]LogConfig: Setting CVar [[r.ParticleLightQuality:2]]
[2022.03.11-15.58.50:624][  0]LogConfig: Setting CVar [[r.SkyAtmosphere.AerialPerspectiveLUT.FastApplyOnOpaque:1 ; Always have FastSkyLUT 1 in this case to avoid wrong sky]]
[2022.03.11-15.58.50:624][  0]LogConfig: Setting CVar [[r.SkyAtmosphere.AerialPerspectiveLUT.SampleCountMaxPerSlice:4]]
[2022.03.11-15.58.50:624][  0]LogConfig: Setting CVar [[r.SkyAtmosphere.AerialPerspectiveLUT.DepthResolution:16.0]]
[2022.03.11-15.58.50:624][  0]LogConfig: Setting CVar [[r.SkyAtmosphere.FastSkyLUT:1]]
[2022.03.11-15.58.50:624][  0]LogConfig: Setting CVar [[r.SkyAtmosphere.FastSkyLUT.SampleCountMin:4.0]]
[2022.03.11-15.58.50:624][  0]LogConfig: Setting CVar [[r.SkyAtmosphere.FastSkyLUT.SampleCountMax:128.0]]
[2022.03.11-15.58.50:624][  0]LogConfig: Setting CVar [[r.SkyAtmosphere.SampleCountMin:4.0]]
[2022.03.11-15.58.50:624][  0]LogConfig: Setting CVar [[r.SkyAtmosphere.SampleCountMax:128.0]]
[2022.03.11-15.58.50:624][  0]LogConfig: Setting CVar [[r.SkyAtmosphere.TransmittanceLUT.UseSmallFormat:0]]
[2022.03.11-15.58.50:624][  0]LogConfig: Setting CVar [[r.SkyAtmosphere.TransmittanceLUT.SampleCount:10.0]]
[2022.03.11-15.58.50:624][  0]LogConfig: Setting CVar [[r.SkyAtmosphere.MultiScatteringLUT.SampleCount:15.0]]
[2022.03.11-15.58.50:624][  0]LogConfig: Setting CVar [[r.SkyLight.RealTimeReflectionCapture:1]]
[2022.03.11-15.58.50:624][  0]LogConfig: Applying CVar settings from Section [FoliageQuality@3] File [C:/3D/Wargaming/GIT/WargamingAcademy/Cyberpunk2022/Saved/Config/Windows/Scalability.ini]
[2022.03.11-15.58.50:624][  0]LogConfig: Setting CVar [[foliage.DensityScale:1.0]]
[2022.03.11-15.58.50:624][  0]LogConfig: Setting CVar [[grass.DensityScale:1.0]]
[2022.03.11-15.58.50:624][  0]LogConfig: Applying CVar settings from Section [ShadingQuality@3] File [C:/3D/Wargaming/GIT/WargamingAcademy/Cyberpunk2022/Saved/Config/Windows/Scalability.ini]
[2022.03.11-15.58.50:624][  0]LogConfig: Setting CVar [[r.HairStrands.SkyLighting.IntegrationType:2]]
[2022.03.11-15.58.50:624][  0]LogConfig: Setting CVar [[r.HairStrands.SkyAO.SampleCount:4]]
[2022.03.11-15.58.50:624][  0]LogConfig: Setting CVar [[r.HairStrands.Visibility.MSAA.SamplePerPixel:4]]
[2022.03.11-15.58.50:624][  0]LogConfig: Applying CVar settings from Section [Startup] File [../../../Engine/Config/ConsoleVariables.ini]
[2022.03.11-15.58.50:624][  0]LogConfig: Setting CVar [[net.UseAdaptiveNetUpdateFrequency:0]]
[2022.03.11-15.58.50:624][  0]LogConfig: Setting CVar [[p.chaos.AllowCreatePhysxBodies:1]]
[2022.03.11-15.58.50:624][  0]LogConfig: Setting CVar [[fx.SkipVectorVMBackendOptimizations:1]]
[2022.03.11-15.58.50:624][  0]LogConfig: Applying CVar settings from Section [ConsoleVariables] File [C:/3D/Wargaming/GIT/WargamingAcademy/Cyberpunk2022/Saved/Config/Windows/Engine.ini]
[2022.03.11-15.58.50:624][  0]LogConfig: Applying CVar settings from Section [ConsoleVariables] File [C:/3D/Wargaming/GIT/WargamingAcademy/Cyberpunk2022/Saved/Config/Windows/Editor.ini]
[2022.03.11-15.58.50:624][  0]LogInit: Computer: MSI
[2022.03.11-15.58.50:624][  0]LogInit: User: Максим
[2022.03.11-15.58.50:624][  0]LogInit: CPU Page size=4096, Cores=8
[2022.03.11-15.58.50:624][  0]LogInit: High frequency timer resolution =10.000000 MHz
[2022.03.11-15.58.50:624][  0]LogMemory: Memory total: Physical=15.7GB (16GB approx)
[2022.03.11-15.58.50:624][  0]LogMemory: Platform Memory Stats for Windows
[2022.03.11-15.58.50:624][  0]LogMemory: Process Physical Memory: 145.21 MB used, 145.21 MB peak
[2022.03.11-15.58.50:624][  0]LogMemory: Process Virtual Memory: 123.09 MB used, 123.09 MB peak
[2022.03.11-15.58.50:624][  0]LogMemory: Physical Memory: 11282.80 MB used,  4802.69 MB free, 16085.50 MB total
[2022.03.11-15.58.50:624][  0]LogMemory: Virtual Memory: 134202736.00 MB used,  14990.69 MB free, 134217728.00 MB total
[2022.03.11-15.58.50:628][  0]LogWindows: WindowsPlatformFeatures enabled
[2022.03.11-15.58.50:653][  0]LogInit: Physics initialised using underlying interface: PhysX
[2022.03.11-15.58.50:654][  0]LogInit: Using OS detected language (ru-RU).
[2022.03.11-15.58.50:654][  0]LogInit: Using OS detected locale (ru-RU).
[2022.03.11-15.58.50:657][  0]LogTextLocalizationManager: No specific localization for 'ru-RU' exists, so the 'ru' localization will be used.
[2022.03.11-15.58.50:657][  0]LogTextLocalizationResource: LocRes '../../../Engine/Content/Localization/Editor/ru/Editor.locres' could not be opened for reading!
[2022.03.11-15.58.50:657][  0]LogTextLocalizationResource: LocRes '../../../Engine/Content/Localization/EditorTutorials/ru/EditorTutorials.locres' could not be opened for reading!
[2022.03.11-15.58.50:657][  0]LogTextLocalizationResource: LocRes '../../../Engine/Content/Localization/Keywords/ru/Keywords.locres' could not be opened for reading!
[2022.03.11-15.58.50:657][  0]LogTextLocalizationResource: LocRes '../../../Engine/Content/Localization/Category/ru/Category.locres' could not be opened for reading!
[2022.03.11-15.58.50:658][  0]LogTextLocalizationResource: LocRes '../../../Engine/Content/Localization/ToolTips/ru/ToolTips.locres' could not be opened for reading!
[2022.03.11-15.58.50:658][  0]LogTextLocalizationResource: LocRes '../../../Engine/Content/Localization/PropertyNames/ru/PropertyNames.locres' could not be opened for reading!
[2022.03.11-15.58.50:658][  0]LogTextLocalizationResource: LocRes '../../../Engine/Content/Localization/Engine/ru/Engine.locres' could not be opened for reading!
[2022.03.11-15.58.50:658][  0]LogInit: Setting process to per monitor DPI aware
[2022.03.11-15.58.50:665][  0]LogWindowsTextInputMethodSystem: Display: IME system deactivated.
[2022.03.11-15.58.50:674][  0]LogSlate: New Slate User Created.  User Index 0, Is Virtual User: 0
[2022.03.11-15.58.50:674][  0]LogSlate: Slate User Registered.  User Index 0, Is Virtual User: 0
[2022.03.11-15.58.50:749][  0]LogD3D11RHI: Loaded GFSDK_Aftermath_Lib.x64.dll
[2022.03.11-15.58.50:760][  0]LogHMD: Failed to initialize OpenVR with code 110
[2022.03.11-15.58.50:760][  0]LogD3D11RHI: D3D11 min allowed feature level: 11_0
[2022.03.11-15.58.50:760][  0]LogD3D11RHI: D3D11 max allowed feature level: 11_0
[2022.03.11-15.58.50:760][  0]LogD3D11RHI: D3D11 adapters:
[2022.03.11-15.58.50:843][  0]LogD3D11RHI:    0. 'NVIDIA GeForce RTX 3070 Laptop GPU' (Feature Level 11_0)
[2022.03.11-15.58.50:843][  0]LogD3D11RHI:       8044/0/8042 MB DedicatedVideo/DedicatedSystem/SharedSystem, Outputs:1, VendorId:0x10de
[2022.03.11-15.58.50:867][  0]LogD3D11RHI:    1. 'Intel(R) UHD Graphics' (Feature Level 11_0)
[2022.03.11-15.58.50:867][  0]LogD3D11RHI:       128/0/8042 MB DedicatedVideo/DedicatedSystem/SharedSystem, Outputs:0, VendorId:0x8086
[2022.03.11-15.58.50:869][  0]LogD3D11RHI:    2. 'Microsoft Basic Render Driver' (Feature Level 11_0)
[2022.03.11-15.58.50:869][  0]LogD3D11RHI:       0/0/8042 MB DedicatedVideo/DedicatedSystem/SharedSystem, Outputs:0, VendorId:0x1414
[2022.03.11-15.58.50:869][  0]LogD3D11RHI: Chosen D3D11 Adapter:
[2022.03.11-15.58.50:869][  0]LogD3D11RHI:     Description : NVIDIA GeForce RTX 3070 Laptop GPU
[2022.03.11-15.58.50:869][  0]LogD3D11RHI:     VendorId    : 10de
[2022.03.11-15.58.50:869][  0]LogD3D11RHI:     DeviceId    : 249d
[2022.03.11-15.58.50:869][  0]LogD3D11RHI:     SubSysId    : 12fb1462
[2022.03.11-15.58.50:869][  0]LogD3D11RHI:     Revision    : 00a1
[2022.03.11-15.58.50:869][  0]LogD3D11RHI:     DedicatedVideoMemory : 8434745344 bytes
[2022.03.11-15.58.50:869][  0]LogD3D11RHI:     DedicatedSystemMemory : 0 bytes
[2022.03.11-15.58.50:869][  0]LogD3D11RHI:     SharedSystemMemory : 8433432576 bytes
[2022.03.11-15.58.50:869][  0]LogD3D11RHI:     AdapterLuid : 0 55302
[2022.03.11-15.58.50:874][  0]LogD3D11RHI: Creating new Direct3DDevice
[2022.03.11-15.58.50:874][  0]LogD3D11RHI:     GPU DeviceId: 0x249d (for the marketing name, search the web for "GPU Device Id")
[2022.03.11-15.58.50:874][  0]LogWindows: EnumDisplayDevices:
[2022.03.11-15.58.50:874][  0]LogWindows:    0. 'Intel(R) UHD Graphics' (P:1 D:1)
[2022.03.11-15.58.50:874][  0]LogWindows:    1. 'Intel(R) UHD Graphics' (P:0 D:0)
[2022.03.11-15.58.50:874][  0]LogWindows:    2. 'Intel(R) UHD Graphics' (P:0 D:0)
[2022.03.11-15.58.50:874][  0]LogWindows:    3. 'Intel(R) UHD Graphics' (P:0 D:0)
[2022.03.11-15.58.50:874][  0]LogWindows:    4. 'NVIDIA GeForce RTX 3070 Laptop GPU' (P:0 D:0)
[2022.03.11-15.58.50:875][  0]LogWindows:    5. 'NVIDIA GeForce RTX 3070 Laptop GPU' (P:0 D:0)
[2022.03.11-15.58.50:875][  0]LogWindows:    6. 'NVIDIA GeForce RTX 3070 Laptop GPU' (P:0 D:0)
[2022.03.11-15.58.50:875][  0]LogWindows:    7. 'NVIDIA GeForce RTX 3070 Laptop GPU' (P:0 D:0)
[2022.03.11-15.58.50:875][  0]LogWindows: DebugString: PrimaryIsNotTheChoosenAdapter PrimaryIsNotTheChoosenAdapter PrimaryIsNotTheChoosenAdapter PrimaryIsNotTheChoosenAdapter FoundDriverCount:4 
[2022.03.11-15.58.50:875][  0]LogD3D11RHI:     Adapter Name: NVIDIA GeForce RTX 3070 Laptop GPU
[2022.03.11-15.58.50:875][  0]LogD3D11RHI:   Driver Version: 471.41 (internal:30.0.14.7141, unified:471.41)
[2022.03.11-15.58.50:875][  0]LogD3D11RHI:      Driver Date: 7-12-2021
[2022.03.11-15.58.50:875][  0]LogRHI: Texture pool is 5630 MB (70% of 8044 MB)
[2022.03.11-15.58.50:875][  0]LogD3D11RHI: Creating D3DDevice using adapter:
[2022.03.11-15.58.50:875][  0]LogD3D11RHI:     Description : NVIDIA GeForce RTX 3070 Laptop GPU
[2022.03.11-15.58.50:875][  0]LogD3D11RHI:     VendorId    : 10de
[2022.03.11-15.58.50:875][  0]LogD3D11RHI:     DeviceId    : 249d
[2022.03.11-15.58.50:875][  0]LogD3D11RHI:     SubSysId    : 12fb1462
[2022.03.11-15.58.50:875][  0]LogD3D11RHI:     Revision    : 00a1
[2022.03.11-15.58.50:875][  0]LogD3D11RHI:     DedicatedVideoMemory : 8434745344 bytes
[2022.03.11-15.58.50:875][  0]LogD3D11RHI:     DedicatedSystemMemory : 0 bytes
[2022.03.11-15.58.50:875][  0]LogD3D11RHI:     SharedSystemMemory : 8433432576 bytes
[2022.03.11-15.58.50:875][  0]LogD3D11RHI:     AdapterLuid : 0 55302
[2022.03.11-15.58.50:934][  0]LogD3D11RHI: RHI has support for 64 bit atomics
[2022.03.11-15.58.50:934][  0]LogD3D11RHI: Async texture creation enabled
[2022.03.11-15.58.50:934][  0]LogD3D11RHI: Array index from any shader is supported
[2022.03.11-15.58.50:951][  0]LogD3D11RHI: GPU Timing Frequency: 1000.000000 (Debug: 2 2)
[2022.03.11-15.58.50:969][  0]LogRHI: GeForceNow SDK initialized: 1
[2022.03.11-15.58.51:197][  0]LogTargetPlatformManager: Display: Loaded TargetPlatform 'AllDesktop'
[2022.03.11-15.58.51:213][  0]LogTargetPlatformManager: Display: Loaded TargetPlatform 'Android'
[2022.03.11-15.58.51:213][  0]LogTargetPlatformManager: Display: Loaded TargetPlatform 'Android_ASTC'
[2022.03.11-15.58.51:213][  0]LogTargetPlatformManager: Display: Loaded TargetPlatform 'Android_DXT'
[2022.03.11-15.58.51:213][  0]LogTargetPlatformManager: Display: Loaded TargetPlatform 'Android_ETC2'
[2022.03.11-15.58.51:213][  0]LogTargetPlatformManager: Display: Loaded TargetPlatform 'AndroidClient'
[2022.03.11-15.58.51:213][  0]LogTargetPlatformManager: Display: Loaded TargetPlatform 'Android_ASTCClient'
[2022.03.11-15.58.51:213][  0]LogTargetPlatformManager: Display: Loaded TargetPlatform 'Android_DXTClient'
[2022.03.11-15.58.51:213][  0]LogTargetPlatformManager: Display: Loaded TargetPlatform 'Android_ETC2Client'
[2022.03.11-15.58.51:213][  0]LogTargetPlatformManager: Display: Loaded TargetPlatform 'Android_Multi'
[2022.03.11-15.58.51:213][  0]LogTargetPlatformManager: Display: Loaded TargetPlatform 'Android_MultiClient'
[2022.03.11-15.58.51:226][  0]LogTargetPlatformManager: Display: Loaded TargetPlatform 'IOSClient'
[2022.03.11-15.58.51:226][  0]LogTargetPlatformManager: Display: Loaded TargetPlatform 'IOS'
[2022.03.11-15.58.51:232][  0]LogTargetPlatformManager: Display: Loaded TargetPlatform 'Linux'
[2022.03.11-15.58.51:235][  0]LogTargetPlatformManager: Display: Loaded TargetPlatform 'LinuxNoEditor'
[2022.03.11-15.58.51:238][  0]LogTargetPlatformManager: Display: Loaded TargetPlatform 'LinuxClient'
[2022.03.11-15.58.51:241][  0]LogTargetPlatformManager: Display: Loaded TargetPlatform 'LinuxServer'
[2022.03.11-15.58.51:248][  0]LogTargetPlatformManager: Display: Loaded TargetPlatform 'LinuxAArch64NoEditor'
[2022.03.11-15.58.51:251][  0]LogTargetPlatformManager: Display: Loaded TargetPlatform 'LinuxAArch64Client'
[2022.03.11-15.58.51:254][  0]LogTargetPlatformManager: Display: Loaded TargetPlatform 'LinuxAArch64Server'
[2022.03.11-15.58.51:270][  0]LogTargetPlatformManager: Display: Loaded TargetPlatform 'Lumin'
[2022.03.11-15.58.51:270][  0]LogTargetPlatformManager: Display: Loaded TargetPlatform 'LuminClient'
[2022.03.11-15.58.51:276][  0]LogTargetPlatformManager: Display: Loaded TargetPlatform 'MacNoEditor'
[2022.03.11-15.58.51:279][  0]LogTargetPlatformManager: Display: Loaded TargetPlatform 'Mac'
[2022.03.11-15.58.51:282][  0]LogTargetPlatformManager: Display: Loaded TargetPlatform 'MacClient'
[2022.03.11-15.58.51:285][  0]LogTargetPlatformManager: Display: Loaded TargetPlatform 'MacServer'
[2022.03.11-15.58.51:292][  0]LogTargetPlatformManager: Display: Loaded TargetPlatform 'TVOSClient'
[2022.03.11-15.58.51:292][  0]LogTargetPlatformManager: Display: Loaded TargetPlatform 'TVOS'
[2022.03.11-15.58.51:299][  0]LogTargetPlatformManager: Display: Loaded TargetPlatform 'WindowsNoEditor'
[2022.03.11-15.58.51:302][  0]LogTargetPlatformManager: Display: Loaded TargetPlatform 'Windows'
[2022.03.11-15.58.51:305][  0]LogTargetPlatformManager: Display: Loaded TargetPlatform 'WindowsClient'
[2022.03.11-15.58.51:308][  0]LogTargetPlatformManager: Display: Loaded TargetPlatform 'WindowsServer'
[2022.03.11-15.58.51:308][  0]LogTargetPlatformManager: Display: Building Assets For Windows
[2022.03.11-15.58.51:313][  0]LogAudioDebug: Display: Lib vorbis DLL was dynamically loaded.
[2022.03.11-15.58.51:333][  0]LogTextureFormatOodle: Display: Oodle Texture 2.9.0 init RDO Off
[2022.03.11-15.58.51:353][  0]LogRendererCore: Ray tracing is disabled. Reason: r.RayTracing=0.
[2022.03.11-15.58.51:353][  0]LogShaderCompilers: Guid format shader working directory is -19 characters bigger than the processId version (../../../../../../3D/Wargaming/GIT/WargamingAcademy/Cyberpunk2022/Intermediate/Shaders/WorkingDirectory/13776/).
[2022.03.11-15.58.51:353][  0]LogShaderCompilers: Cleaned the shader compiler working directory 'C:/Users/Максим/AppData/Local/Temp/UnrealShaderWorkingDir/09D2F3E44C8DBDAA16B29CA57F78E15B/'.
[2022.03.11-15.58.51:353][  0]LogXGEController: Cannot use XGE Controller as Incredibuild is not installed on this machine.
[2022.03.11-15.58.51:353][  0]LogShaderCompilers: Cannot use XGE Shader Compiler as Incredibuild is not installed on this machine.
[2022.03.11-15.58.51:353][  0]LogShaderCompilers: Display: Using Local Shader Compiler.
[2022.03.11-15.58.51:923][  0]LogDerivedDataCache: Display: Max Cache Size: 512 MB
[2022.03.11-15.58.51:971][  0]LogDerivedDataCache: Loaded boot cache 0.05s 94MB C:/Users/Максим/AppData/Local/UnrealEngine/4.27/DerivedDataCache/Boot.ddc.
[2022.03.11-15.58.51:971][  0]LogDerivedDataCache: Display: Loaded Boot cache: C:/Users/Максим/AppData/Local/UnrealEngine/4.27/DerivedDataCache/Boot.ddc
[2022.03.11-15.58.51:971][  0]LogDerivedDataCache: FDerivedDataBackendGraph:  Pak pak cache file ../../../../../../3D/Wargaming/GIT/WargamingAcademy/Cyberpunk2022/DerivedDataCache/DDC.ddp not found, will not use a pak cache.
[2022.03.11-15.58.51:971][  0]LogDerivedDataCache: Unable to find inner node Pak for hierarchical cache Hierarchy.
[2022.03.11-15.58.51:971][  0]LogDerivedDataCache: FDerivedDataBackendGraph:  CompressedPak pak cache file ../../../../../../3D/Wargaming/GIT/WargamingAcademy/Cyberpunk2022/DerivedDataCache/Compressed.ddp not found, will not use a pak cache.
[2022.03.11-15.58.51:971][  0]LogDerivedDataCache: Unable to find inner node CompressedPak for hierarchical cache Hierarchy.
[2022.03.11-15.58.51:985][  0]LogDerivedDataCache: Display: Pak cache opened for reading ../../../Engine/DerivedDataCache/Compressed.ddp.
[2022.03.11-15.58.51:985][  0]LogDerivedDataCache: FDerivedDataBackendGraph:  EnterprisePak pak cache file ../../../Enterprise/DerivedDataCache/Compressed.ddp not found, will not use a pak cache.
[2022.03.11-15.58.51:985][  0]LogDerivedDataCache: Unable to find inner node EnterprisePak for hierarchical cache Hierarchy.
[2022.03.11-15.58.51:989][  0]LogDerivedDataCache: Speed tests for C:/Users/Максим/AppData/Local/UnrealEngine/Common/DerivedDataCache took 0.00 seconds
[2022.03.11-15.58.51:989][  0]LogDerivedDataCache: Display: Performance to C:/Users/Максим/AppData/Local/UnrealEngine/Common/DerivedDataCache: Latency=0.02ms. RandomReadSpeed=2198.36MBs, RandomWriteSpeed=276.64MBs. Assigned SpeedClass 'Local'
[2022.03.11-15.58.51:989][  0]LogDerivedDataCache: Using Local data cache path C:/Users/Максим/AppData/Local/UnrealEngine/Common/DerivedDataCache: Writable
[2022.03.11-15.58.51:990][  0]LogDerivedDataCache: Shared data cache path not found in *engine.ini, will not use an Shared cache.
[2022.03.11-15.58.51:990][  0]LogDerivedDataCache: Unable to find inner node Shared for hierarchical cache Hierarchy.
[2022.03.11-15.58.52:025][  0]LogSlate: Using FreeType 2.10.0
[2022.03.11-15.58.52:026][  0]LogSlate: SlateFontServices - WITH_FREETYPE: 1, WITH_HARFBUZZ: 1
[2022.03.11-15.58.52:044][  0]LogAssetRegistry: FAssetRegistry took 0.0023 seconds to start up
[2022.03.11-15.58.52:226][  0]LogInit: Selected Device Profile: [Windows]
[2022.03.11-15.58.52:227][  0]LogInit: Active device profile: [000001BDF1EA3E00][000001BDE69F5200 49] Windows
[2022.03.11-15.58.52:227][  0]LogInit: Profiles: [000001BDF1EA3E00][000001BDE69F5200 49] Windows, [000001BDF1DE0300][000001BDE6A05380 49] WindowsNoEditor, [000001BDF1EA0300][000001BDE70F7500 49] WindowsServer, [000001BDF1DE1600][000001BDE682B680 49] WindowsClient, [000001BDF1EA1500][000001BDE682F800 49] IOS, [000001BDF1DE2400][000001BDF2DCD980 49] iPadAir, [000001BDF1EA2300][000001BDF06CFB00 49] iPadAir2, [000001BDF2FFBD00][000001BDF06D6240 49] IPadPro, [000001BDF2FFBE00][000001BDF06D2280 49] iPadAir3, [000001BDF1EA3800][000001BDF06DA400 49] iPadAir4, [000001BDF2FF8800][000001BDF06E2580 49] iPadMini2, [000001BDF1EA0700][000001BDF06F2700 49] iPadMini3, [000001BDF2FFAD00][000001BDE69F8840 49] iPadMini4, [000001BDF1EA1200][000001BDF06FA980 49] iPadMini5, [000001BDF3037600][000001BDF0702BC0 49] iPhone6, [000001BDF3037700][000001BDF06FEC00 49] iPodTouch6, [000001BDF2FFA000][000001BDF070EEC0 49] iPhone7, [000001BDF2FFA100][000001BDF070AF00 49] iPodTouch7, [000001BDF3034700][000001BDF0717080 49] iPhone5S, [000001BDF2FF8D00][000001BDEB041200 49] iPhone6Plus, [000001BDF3035100][000001BDEB055380 49] iPhone6S, [000001BDF2FF9A00][000001BDEB063500 49] iPhone6SPlus, [000001BDF3037400][000001BDF05C1680 49] iPhone7Plus, [000001BDF2FFAB00][000001BDF05C5800 49] iPhoneSE, [000001BDF3034D00][000001BDF0619980 49] iPhone8, [000001BDF2FFBF00][000001BDF2B9BB00 49] iPhone8Plus, [000001BDF3036700][000001BDE69E2100 49] iPhoneX, [000001BDF2FFA900][000001BDE69E6280 49] iPhoneXS, [000001BDF3034300][000001BDE69EA400 49] iPhoneXSMax, [000001BDF2FF9700][000001BDE69EE580 49] iPhoneXR, [000001BDF3035200][000001BDE694C700 49] iPhone11, [000001BDF2FFBA00][000001BDE6950880 49] iPhone11Pro, [000001BDF3034600][000001BDF07069C0 49] iPhone11ProMax, [000001BDF2FF9B00][000001BDF2BDAB00 49] iPhoneSE2, [000001BDF3037800][000001BDF2BDEC40 49] iPhone12Mini, [000001BDF2FFAA00][000001BDF2BE2D80 49] iPhone12, [000001BDF3034400][000001BDE70C6F00 49] iPhone12Pro, [000001BDF2FFA400][000001BDE70DB080 49] iPhone12ProMax, [000001BDF3037500][000001BDE679F200 49] iPadPro105, [000001BDF2FFB400][000001BDE67E1380 49] iPadPro129, [000001BDF3037300][000001BDE67ED500 49] iPadPro97, [000001BDF2FFBC00][000001BDE67F1680 49] iPadPro2_129, [000001BDF3036F00][000001BDE67F5800 49] iPad5, [000001BDF2FF9F00][000001BDE67F9980 49] iPad6, [000001BDF3035C00][000001BDE680DB00 49] iPad7, [000001BDF2FF8900][000001BDE6814100 49] iPad8, [000001BDF3034900][000001BDE681C280 49] iPadPro11, [000001BDF2FFBB00][000001BDF4034400 49] iPadPro2_11, [000001BDF3037200][000001BDF4038580 49] iPadPro3_129, [000001BDF2FFA700][000001BDF403C700 49] iPadPro4_129, [000001BDF3037D00][000001BDF4040880 49] AppleTV, [000001BDF2FFA500][000001BDF4044A00 49] AppleTV4K, [000001BDF3036A00][000001BDE70B0B40 49] TVOS, [000001BDF2FF8200][000001BDF466CC80 49] Mac, [000001BDF3034B00][000001BDF4670DC0 49] MacClient, [000001BDF2FF9600][000001BDF4674F00 49] MacNoEditor, [000001BDF3035300][000001BDF467D080 49] MacServer, [000001BDF2FF9000][000001BDF2CE9200 49] Linux, [000001BDF3036300][000001BDF2CED380 49] LinuxAArch64, [000001BDF2FF8F00][000001BDF2CF1500 49] LinuxNoEditor, [000001BDF3034100][000001BDF2D99680 49] LinuxAArch64NoEditor, [000001BDF2FF8600][000001BDF05F5800 49] LinuxClient, [000001BDF3035E00][000001BDF0605980 49] LinuxAArch64Client, [000001BDF1DE0900][000001BDF2B8FB00 49] LinuxServer, [000001BDF1F99600][000001BDF0608100 49] LinuxAArch64Server, [000001BDF1DE1500][000001BDF060C280 49] Android, [000001BDF1F98800][000001BDF0610400 49] Android_Low, [000001BDF1DE1800][000001BDF0614580 49] Android_Mid, [000001BDF1F9AD00][000001BDE69B2700 49] Android_High, [000001BDF1DE3D00][000001BDE69B6880 49] Android_Default, [000001BDF1F9B200][000001BDE69BAA00 49] Android_Adreno4xx, [000001BDF1DE2F00][000001BDE69BEB80 49] Android_Adreno5xx_Low, [000001BDF1F99500][000001BDE69C8D00 49] Android_Adreno5xx, [000001BDF1DE2B00][000001BDF4678E40 49] Android_Adreno6xx, [000001BDF1F99200][000001BDE69CCF80 49] Android_Adreno6xx_Vulkan, [000001BDF1DE0600][000001BDE69D10C0 49] Android_Mali_T6xx, [000001BDF1F98400][000001BDE69D9240 49] Android_Mali_T7xx, [000001BDF1DE1C00][000001BDE69DD3C0 49] Android_Mali_T8xx, [000001BDF1F9AE00][000001BDF4681540 49] Android_Mali_G71, [000001BDF1DE3700][000001BDF46856C0 49] Android_Mali_G72, [000001BDF1F99100][000001BDF4689840 49] Android_Mali_G72_Vulkan, [000001BDF1DE3B00][000001BDF468D9C0 49] Android_Mali_G76, [000001BDF1F98D00][000001BDF4691B40 49] Android_Mali_G76_Vulkan, [000001BDF1DE1900][000001BDF4750140 49] Android_Mali_G77, [000001BDF1F9AF00][000001BDF47542C0 49] Android_Mali_G77_Vulkan, [000001BDF3036400][000001BDF4758440 49] Android_Mali_G78, [000001BDF1F9AA00][000001BDF475C5C0 49] Android_Mali_G78_Vulkan, [000001BDF3036500][000001BDE6946740 49] Android_Mali_G710, [000001BDF1F98300][000001BDE70AC8C0 49] Android_Mali_G710_Vulkan, [000001BDF3035000][000001BDF4760A40 49] Android_Vulkan_SM5, [000001BDF1F9A800][000001BDF4764BC0 49] Android_PowerVR_G6xxx, [000001BDF3035D00][000001BDE6810D40 49] Android_PowerVR_GT7xxx, [000001BDF1F99300][000001BDE67E8EC0 49] Android_PowerVR_GE8xxx, [000001BDF3035400][000001BDE69D5000 49] Android_PowerVR_GM9xxx, [000001BDF1F9B900][000001BDE67E5140 49] Android_PowerVR_GM9xxx_Vulkan, [000001BDF3037A00][000001BDE67D5280 49] Android_TegraK1, [000001BDF1F99900][000001BDE67D13C0 49] Android_Unknown_Vulkan, [000001BDF3037E00][000001BDE6797540 49] Lumin, [000001BDF1F99C00][000001BDE67936C0 49] Lumin_Desktop, [000001BDF3036600][000001BDE678F840 49] HoloLens, 
[2022.03.11-15.58.52:319][  0]LogMeshReduction: Using QuadricMeshReduction for automatic static mesh reduction
[2022.03.11-15.58.52:319][  0]LogMeshReduction: Using SimplygonMeshReduction for automatic skeletal mesh reduction
[2022.03.11-15.58.52:319][  0]LogMeshReduction: Using ProxyLODMeshReduction for automatic mesh merging
[2022.03.11-15.58.52:319][  0]LogMeshReduction: No distributed automatic mesh merging module available
[2022.03.11-15.58.52:319][  0]LogMeshMerging: No distributed automatic mesh merging module available
[2022.03.11-15.58.52:333][  0]LogNetVersion: Cyberpunk2022 1.0.0, NetCL: 17155196, EngineNetVer: 17, GameNetVer: 0 (Checksum: 1028016206)
[2022.03.11-15.58.52:591][  0]LogTexture: Default maximum texture size for cubemaps generated from long-lat sources has been changed from 512 to unlimited. In order to preserve old behaiour for '/Engine/MapTemplates/Sky/DaylightAmbientCubemap.DaylightAmbientCubemap', its maximum texture size has been explicitly set to 512.
[2022.03.11-15.58.52:632][  0]LogHMD: PokeAHoleMaterial loaded successfully
[2022.03.11-15.58.52:636][  0]LogUObjectArray: 17178 objects as part of root set at end of initial load.
[2022.03.11-15.58.52:636][  0]LogUObjectAllocator: 4302048 out of 0 bytes used by permanent object pool.
[2022.03.11-15.58.52:636][  0]LogUObjectArray: CloseDisregardForGC: 0/0 objects in disregard for GC pool
[2022.03.11-15.58.52:745][  0]LogNiagaraDebuggerClient: Niagara Debugger Client Initialized | Session: FF50A2ED4200462F74B521BA902E8AED | Instance: D440539F4A3D0C360B913CBF5E53CCB3 (MSI-13776).
[2022.03.11-15.58.52:895][  0]LogPython: Using Python 3.7.7
[2022.03.11-15.58.53:251][  0]LogTcpMessaging: Initializing TcpMessaging bridge
[2022.03.11-15.58.53:257][  0]LogUdpMessaging: Initializing bridge on interface 0.0.0.0:0 to multicast group 230.0.0.1:6666.
[2022.03.11-15.58.53:649][  0]SourceControl: Source control is disabled
[2022.03.11-15.58.53:649][  0]SourceControl: Source control is disabled
[2022.03.11-15.58.53:651][  0]SourceControl: Source control is disabled
[2022.03.11-15.58.53:653][  0]SourceControl: Source control is disabled
[2022.03.11-15.58.53:659][  0]SourceControl: Source control is disabled
[2022.03.11-15.58.53:663][  0]LogUProjectInfo: Found projects:
[2022.03.11-15.58.53:818][  0]LogOpenImageDenoise: OIDN starting up
[2022.03.11-15.58.53:828][  0]LogAndroidPermission: UAndroidPermissionCallbackProxy::GetInstance
[2022.03.11-15.58.53:843][  0]LogAudioCaptureCore: Display: No Audio Capture implementations found. Audio input will be silent.
[2022.03.11-15.58.53:843][  0]LogAudioCaptureCore: Display: No Audio Capture implementations found. Audio input will be silent.
[2022.03.11-15.58.53:924][  0]LogCollectionManager: Loaded 0 collections in 0.001152 seconds
[2022.03.11-15.58.53:941][  0]LogFileCache: Scanning file cache for directory 'C:/3D/Wargaming/GIT/WargamingAcademy/Cyberpunk2022/Saved/Collections/' took 0.00s
[2022.03.11-15.58.53:941][  0]LogFileCache: Scanning file cache for directory 'C:/3D/Wargaming/GIT/WargamingAcademy/Cyberpunk2022/Content/Developers/Максим/Collections/' took 0.00s
[2022.03.11-15.58.53:941][  0]LogFileCache: Scanning file cache for directory 'C:/3D/Wargaming/GIT/WargamingAcademy/Cyberpunk2022/Content/Collections/' took 0.00s
[2022.03.11-15.58.53:941][  0]LogOcInput: OculusInput pre-init called
[2022.03.11-15.58.54:096][  0]LogClass: Warning: ObjectProperty FUDecalStruct::Material is not initialized properly. Module:Cyberpunk2022 File:DecalStruct.h
[2022.03.11-15.58.54:097][  0]LogClass: Display: 1 Uninitialized script struct members found including 1 object properties
[2022.03.11-15.58.54:097][  0]LogAutomationTest: Warning: ObjectProperty FUDecalStruct::Material is not initialized properly. Module:Cyberpunk2022 File:DecalStruct.h
[2022.03.11-15.58.54:097][  0]LogEngine: Initializing Engine...
[2022.03.11-15.58.54:099][  0]LogHMD: Failed to enumerate extensions. Please check that you have a valid OpenXR runtime installed.
[2022.03.11-15.58.54:099][  0]LogHMD: Failed to initialize OpenVR with code 110
[2022.03.11-15.58.54:099][  0]LogMagicLeap: Warning: VR disabled because ZI is not enabled.  To enable, in the editor, Edit -> Project Settings -> Plugins -> Magic Leap Plugin -> Enable Zero Iteration
[2022.03.11-15.58.54:100][  0]LogStats: UGameplayTagsManager::InitializeManager -  0.000 s
[2022.03.11-15.58.54:185][  0]LogInit: Initializing FReadOnlyCVARCache
[2022.03.11-15.58.54:192][  0]LogAIModule: Creating AISystem for world Untitled
[2022.03.11-15.58.54:202][  0]LogAudio: Display: Initializing Audio Device Manager...
[2022.03.11-15.58.54:204][  0]LogAudio: Display: Loading Default Audio Settings Objects...
[2022.03.11-15.58.54:205][  0]LogAudio: Display: No default SoundConcurrencyObject specified (or failed to load).
[2022.03.11-15.58.54:205][  0]LogAudio: Display: Audio Device Manager Initialized
[2022.03.11-15.58.54:205][  0]LogAudio: Display: Creating Audio Device:                 Id: 1, Scope: Shared, Realtime: True
[2022.03.11-15.58.54:205][  0]LogAudioMixer: Display: Audio Mixer Platform Settings:
[2022.03.11-15.58.54:205][  0]LogAudioMixer: Display: 	Sample Rate:						  48000
[2022.03.11-15.58.54:205][  0]LogAudioMixer: Display: 	Callback Buffer Frame Size Requested: 1024
[2022.03.11-15.58.54:205][  0]LogAudioMixer: Display: 	Callback Buffer Frame Size To Use:	  1024
[2022.03.11-15.58.54:205][  0]LogAudioMixer: Display: 	Number of buffers to queue:			  2
[2022.03.11-15.58.54:205][  0]LogAudioMixer: Display: 	Max Channels (voices):				  32
[2022.03.11-15.58.54:205][  0]LogAudioMixer: Display: 	Number of Async Source Workers:		  0
[2022.03.11-15.58.54:205][  0]LogAudio: Display: AudioDevice MaxSources: 32
[2022.03.11-15.58.54:205][  0]LogAudio: Display: Audio Spatialization Plugin: None (built-in).
[2022.03.11-15.58.54:205][  0]LogAudio: Display: Audio Reverb Plugin: None (built-in).
[2022.03.11-15.58.54:205][  0]LogAudio: Display: Audio Occlusion Plugin: None (built-in).
[2022.03.11-15.58.54:205][  0]LogAudioMixer: Display: Initializing audio mixer.
[2022.03.11-15.58.54:213][  0]LogAudioMixer: Display: 0: FrontLeft
[2022.03.11-15.58.54:213][  0]LogAudioMixer: Display: 1: FrontRight
[2022.03.11-15.58.54:221][  0]LogAudioMixer: Display: Using Audio Device Наушники (Realtek(R) Audio)
[2022.03.11-15.58.54:224][  0]LogAudioMixer: Display: Initializing Sound Submixes...
[2022.03.11-15.58.54:225][  0]LogAudioMixer: Display: Creating Master Submix 'MasterSubmixDefault'
[2022.03.11-15.58.54:225][  0]LogAudioMixer: Display: Creating Master Submix 'MasterReverbSubmixDefault'
[2022.03.11-15.58.54:226][  0]LogAudioMixer: Display: Creating Master Submix 'MasterEQSubmixDefault'
[2022.03.11-15.58.54:226][  0]LogAudioMixer: FMixerPlatformXAudio2::StartAudioStream() called
[2022.03.11-15.58.54:226][  0]LogAudioMixer: Display: Output buffers initialized: Frames=1024, Channels=2, Samples=2048
[2022.03.11-15.58.54:227][  0]LogAudioMixer: Display: Starting AudioMixerPlatformInterface::RunInternal()
[2022.03.11-15.58.54:227][  0]LogAudioMixer: Display: FMixerPlatformXAudio2::SubmitBuffer() called for the first time
[2022.03.11-15.58.54:227][  0]LogInit: FAudioDevice initialized.
[2022.03.11-15.58.54:227][  0]LogAudio: Display: Audio Device (ID: 1) registered with world 'Untitled'.
[2022.03.11-15.58.54:227][  0]LogNetVersion: Set ProjectVersion to 1.0.0.0. Version Checksum will be recalculated on next use.
[2022.03.11-15.58.54:271][  0]LogDerivedDataCache: Saved boot cache 0.04s 103MB C:/Users/Максим/AppData/Local/UnrealEngine/4.27/DerivedDataCache/Boot.ddc.
[2022.03.11-15.58.54:271][  0]LogInit: Texture streaming: Enabled
[2022.03.11-15.58.54:280][  0]LogAnalytics: Display: [UEEditor.Rocket.Release] APIServer = https://datarouter.ol.epicgames.com/. AppVersion = 4.27.2-18319896+++UE4+Release-4.27
[2022.03.11-15.58.54:282][  0]LogEngineSessionManager: EngineSessionManager initialized
[2022.03.11-15.58.54:282][  0]LogEditorSessionSummary: Verbose: Initializing EditorSessionSummaryWriter for editor session tracking
[2022.03.11-15.58.54:283][  0]LogEditorSessionSummary: EditorSessionSummaryWriter initialized
[2022.03.11-15.58.54:305][  0]LogInit: Transaction tracking system initialized
[2022.03.11-15.58.54:318][  0]BlueprintLog: New page: Editor Load
[2022.03.11-15.58.54:356][  0]LocalizationService: Localization service is disabled
[2022.03.11-15.58.54:370][  0]TimingProfiler: Initialize
[2022.03.11-15.58.54:370][  0]TimingProfiler: OnSessionChanged
[2022.03.11-15.58.54:370][  0]LoadingProfiler: Initialize
[2022.03.11-15.58.54:370][  0]LoadingProfiler: OnSessionChanged
[2022.03.11-15.58.54:370][  0]NetworkingProfiler: Initialize
[2022.03.11-15.58.54:370][  0]NetworkingProfiler: OnSessionChanged
[2022.03.11-15.58.54:370][  0]MemoryProfiler: Initialize
[2022.03.11-15.58.54:370][  0]MemoryProfiler: OnSessionChanged
[2022.03.11-15.58.54:468][  0]LogCook: Display: CookSettings for Memory: MemoryMaxUsedVirtual 0MiB, MemoryMaxUsedPhysical 16384MiB, MemoryMinFreeVirtual 0MiB, MemoryMinFreePhysical 1024MiB
[2022.03.11-15.58.54:468][  0]LogCook: Display: Mobile HDR setting 1
[2022.03.11-15.58.54:590][  0]LogFileCache: Scanning file cache for directory 'C:/3D/Wargaming/GIT/WargamingAcademy/Cyberpunk2022/Content/' took 0.01s
[2022.03.11-15.58.54:709][  0]LogInit: Display: Engine is initialized. Leaving FEngineLoop::Init()
[2022.03.11-15.58.54:711][  0]SourceControl: Source control is disabled
[2022.03.11-15.58.54:711][  0]LogUnrealEdMisc: Loading editor; pre map load, took 4.785
[2022.03.11-15.58.54:711][  0]Cmd: MAP LOAD FILE="../../../../../../3D/Wargaming/GIT/WargamingAcademy/Cyberpunk2022/Content/FirstPersonCPP/Maps/bloking_new.umap" TEMPLATE=0 SHOWPROGRESS=1 FEATURELEVEL=3
[2022.03.11-15.58.54:711][  0]LightingResults: New page: Lighting Build
[2022.03.11-15.58.54:712][  0]LogWorld: UWorld::CleanupWorld for Untitled, bSessionEnded=true, bCleanupResources=true
[2022.03.11-15.58.54:712][  0]LogSlate: InvalidateAllWidgets triggered.  All widgets were invalidated
[2022.03.11-15.58.54:712][  0]MapCheck: New page: Map Check
[2022.03.11-15.58.54:712][  0]LightingResults: New page: Lighting Build
[2022.03.11-15.58.54:717][  0]LogAudio: Display: Audio Device unregistered from world 'None'.
[2022.03.11-15.58.54:720][  0]LogUObjectHash: Compacting FUObjectHashTables data took   0.71ms
[2022.03.11-15.58.54:754][  0]LogAudio: Display: Audio Device (ID: 1) registered with world 'bloking_new'.
[2022.03.11-15.58.54:755][  0]LogAIModule: Creating AISystem for world bloking_new
[2022.03.11-15.58.54:759][  0]LogEditorServer: Finished looking for orphan Actors (0.000 secs)
[2022.03.11-15.58.54:764][  0]LogUObjectHash: Compacting FUObjectHashTables data took   0.62ms
[2022.03.11-15.58.54:764][  0]Cmd: MAP CHECKDEP NOCLEARLOG
[2022.03.11-15.58.54:765][  0]MapCheck: Map check complete: 0 Error(s), 0 Warning(s), took 0,108ms to complete.
[2022.03.11-15.58.54:765][  0]LogFileHelpers: Loading map 'bloking_new' took 0.054
[2022.03.11-15.58.54:768][  0]LogUnrealEdMisc: Total Editor Startup Time, took 4.843
[2022.03.11-15.58.54:860][  0]LogSlate: Updating window title bar state: overlay mode, drag disabled, window buttons hidden, title bar hidden
[2022.03.11-15.58.54:865][  0]LogSlate: Updating window title bar state: overlay mode, drag disabled, window buttons hidden, title bar hidden
[2022.03.11-15.58.54:869][  0]LogSlate: Updating window title bar state: overlay mode, drag disabled, window buttons hidden, title bar hidden
[2022.03.11-15.58.54:873][  0]LogSlate: Updating window title bar state: overlay mode, drag disabled, window buttons hidden, title bar hidden
[2022.03.11-15.58.54:883][  0]LogNativeClassHierarchy: Verbose: Native class hierarchy populated in 0.0073 seconds. Added 3831 classes and 930 folders.
[2022.03.11-15.58.54:885][  0]LogNativeClassHierarchy: Verbose: Native class hierarchy updated for 'WidgetCarousel' in 0.0002 seconds. Added 0 classes and 0 folders.
[2022.03.11-15.58.54:886][  0]LogPakFile: PakFile PrimaryIndexSize=187
[2022.03.11-15.58.54:886][  0]LogPakFile: PakFile PathHashIndexSize=101
[2022.03.11-15.58.54:886][  0]LogPakFile: PakFile FullDirectoryIndexSize=148
[2022.03.11-15.58.54:886][  0]LogShaderLibrary: Display: ShaderCodeLibraryPakFileMountedCallback: PakFile 'C:/Program Files/Epic Games/UE_4.27/FeaturePacks/FP_FirstPerson.upack' (chunk index -1, root 'root:/') mounted
[2022.03.11-15.58.54:886][  0]LogShaderLibrary: Display: ShaderCodeLibraryPakFileMountedCallback: pending pak file info (ChunkID:-1 Root:root:/ File:C:/Program Files/Epic Games/UE_4.27/FeaturePacks/FP_FirstPerson.upack)
[2022.03.11-15.58.54:886][  0]LogPakFile: OnPakFileMounted2Time == 0.000040
[2022.03.11-15.58.54:886][  0]LogPakFile: PakFile PrimaryIndexSize=189
[2022.03.11-15.58.54:887][  0]LogPakFile: PakFile PathHashIndexSize=101
[2022.03.11-15.58.54:887][  0]LogPakFile: PakFile FullDirectoryIndexSize=152
[2022.03.11-15.58.54:887][  0]LogShaderLibrary: Display: ShaderCodeLibraryPakFileMountedCallback: PakFile 'C:/Program Files/Epic Games/UE_4.27/FeaturePacks/FP_FirstPersonBP.upack' (chunk index -1, root 'root:/') mounted
[2022.03.11-15.58.54:887][  0]LogShaderLibrary: Display: ShaderCodeLibraryPakFileMountedCallback: pending pak file info (ChunkID:-1 Root:root:/ File:C:/Program Files/Epic Games/UE_4.27/FeaturePacks/FP_FirstPersonBP.upack)
[2022.03.11-15.58.54:887][  0]LogPakFile: OnPakFileMounted2Time == 0.000027
[2022.03.11-15.58.54:887][  0]LogPakFile: PakFile PrimaryIndexSize=191
[2022.03.11-15.58.54:887][  0]LogPakFile: PakFile PathHashIndexSize=101
[2022.03.11-15.58.54:887][  0]LogPakFile: PakFile FullDirectoryIndexSize=160
[2022.03.11-15.58.54:887][  0]LogShaderLibrary: Display: ShaderCodeLibraryPakFileMountedCallback: PakFile 'C:/Program Files/Epic Games/UE_4.27/FeaturePacks/MobileStarterContent.upack' (chunk index -1, root 'root:/') mounted
[2022.03.11-15.58.54:887][  0]LogShaderLibrary: Display: ShaderCodeLibraryPakFileMountedCallback: pending pak file info (ChunkID:-1 Root:root:/ File:C:/Program Files/Epic Games/UE_4.27/FeaturePacks/MobileStarterContent.upack)
[2022.03.11-15.58.54:887][  0]LogPakFile: OnPakFileMounted2Time == 0.000027
[2022.03.11-15.58.54:887][  0]LogPakFile: PakFile PrimaryIndexSize=185
[2022.03.11-15.58.54:887][  0]LogPakFile: PakFile PathHashIndexSize=101
[2022.03.11-15.58.54:887][  0]LogPakFile: PakFile FullDirectoryIndexSize=148
[2022.03.11-15.58.54:887][  0]LogShaderLibrary: Display: ShaderCodeLibraryPakFileMountedCallback: PakFile 'C:/Program Files/Epic Games/UE_4.27/FeaturePacks/StarterContent.upack' (chunk index -1, root 'root:/') mounted
[2022.03.11-15.58.54:887][  0]LogShaderLibrary: Display: ShaderCodeLibraryPakFileMountedCallback: pending pak file info (ChunkID:-1 Root:root:/ File:C:/Program Files/Epic Games/UE_4.27/FeaturePacks/StarterContent.upack)
[2022.03.11-15.58.54:887][  0]LogPakFile: OnPakFileMounted2Time == 0.000025
[2022.03.11-15.58.54:888][  0]LogPakFile: PakFile PrimaryIndexSize=190
[2022.03.11-15.58.54:888][  0]LogPakFile: PakFile PathHashIndexSize=101
[2022.03.11-15.58.54:888][  0]LogPakFile: PakFile FullDirectoryIndexSize=154
[2022.03.11-15.58.54:888][  0]LogShaderLibrary: Display: ShaderCodeLibraryPakFileMountedCallback: PakFile 'C:/Program Files/Epic Games/UE_4.27/FeaturePacks/TP_2DSideScroller.upack' (chunk index -1, root 'root:/') mounted
[2022.03.11-15.58.54:888][  0]LogShaderLibrary: Display: ShaderCodeLibraryPakFileMountedCallback: pending pak file info (ChunkID:-1 Root:root:/ File:C:/Program Files/Epic Games/UE_4.27/FeaturePacks/TP_2DSideScroller.upack)
[2022.03.11-15.58.54:888][  0]LogPakFile: OnPakFileMounted2Time == 0.000023
[2022.03.11-15.58.54:888][  0]LogPakFile: PakFile PrimaryIndexSize=192
[2022.03.11-15.58.54:888][  0]LogPakFile: PakFile PathHashIndexSize=101
[2022.03.11-15.58.54:888][  0]LogPakFile: PakFile FullDirectoryIndexSize=158
[2022.03.11-15.58.54:888][  0]LogShaderLibrary: Display: ShaderCodeLibraryPakFileMountedCallback: PakFile 'C:/Program Files/Epic Games/UE_4.27/FeaturePacks/TP_2DSideScrollerBP.upack' (chunk index -1, root 'root:/') mounted
[2022.03.11-15.58.54:888][  0]LogShaderLibrary: Display: ShaderCodeLibraryPakFileMountedCallback: pending pak file info (ChunkID:-1 Root:root:/ File:C:/Program Files/Epic Games/UE_4.27/FeaturePacks/TP_2DSideScrollerBP.upack)
[2022.03.11-15.58.54:888][  0]LogPakFile: OnPakFileMounted2Time == 0.000023
[2022.03.11-15.58.54:888][  0]LogPakFile: PakFile PrimaryIndexSize=182
[2022.03.11-15.58.54:888][  0]LogPakFile: PakFile PathHashIndexSize=101
[2022.03.11-15.58.54:888][  0]LogPakFile: PakFile FullDirectoryIndexSize=138
[2022.03.11-15.58.54:888][  0]LogShaderLibrary: Display: ShaderCodeLibraryPakFileMountedCallback: PakFile 'C:/Program Files/Epic Games/UE_4.27/FeaturePacks/TP_Flying.upack' (chunk index -1, root 'root:/') mounted
[2022.03.11-15.58.54:888][  0]LogShaderLibrary: Display: ShaderCodeLibraryPakFileMountedCallback: pending pak file info (ChunkID:-1 Root:root:/ File:C:/Program Files/Epic Games/UE_4.27/FeaturePacks/TP_Flying.upack)
[2022.03.11-15.58.54:888][  0]LogPakFile: OnPakFileMounted2Time == 0.000023
[2022.03.11-15.58.54:889][  0]LogPakFile: PakFile PrimaryIndexSize=184
[2022.03.11-15.58.54:889][  0]LogPakFile: PakFile PathHashIndexSize=101
[2022.03.11-15.58.54:889][  0]LogPakFile: PakFile FullDirectoryIndexSize=142
[2022.03.11-15.58.54:889][  0]LogShaderLibrary: Display: ShaderCodeLibraryPakFileMountedCallback: PakFile 'C:/Program Files/Epic Games/UE_4.27/FeaturePacks/TP_FlyingBP.upack' (chunk index -1, root 'root:/') mounted
[2022.03.11-15.58.54:889][  0]LogShaderLibrary: Display: ShaderCodeLibraryPakFileMountedCallback: pending pak file info (ChunkID:-1 Root:root:/ File:C:/Program Files/Epic Games/UE_4.27/FeaturePacks/TP_FlyingBP.upack)
[2022.03.11-15.58.54:889][  0]LogPakFile: OnPakFileMounted2Time == 0.000023
[2022.03.11-15.58.54:889][  0]LogPakFile: PakFile PrimaryIndexSize=188
[2022.03.11-15.58.54:889][  0]LogPakFile: PakFile PathHashIndexSize=101
[2022.03.11-15.58.54:889][  0]LogPakFile: PakFile FullDirectoryIndexSize=150
[2022.03.11-15.58.54:889][  0]LogShaderLibrary: Display: ShaderCodeLibraryPakFileMountedCallback: PakFile 'C:/Program Files/Epic Games/UE_4.27/FeaturePacks/TP_HandheldARBP.upack' (chunk index -1, root 'root:/') mounted
[2022.03.11-15.58.54:889][  0]LogShaderLibrary: Display: ShaderCodeLibraryPakFileMountedCallback: pending pak file info (ChunkID:-1 Root:root:/ File:C:/Program Files/Epic Games/UE_4.27/FeaturePacks/TP_HandheldARBP.upack)
[2022.03.11-15.58.54:889][  0]LogPakFile: OnPakFileMounted2Time == 0.000023
[2022.03.11-15.58.54:890][  0]LogPakFile: PakFile PrimaryIndexSize=182
[2022.03.11-15.58.54:890][  0]LogPakFile: PakFile PathHashIndexSize=101
[2022.03.11-15.58.54:890][  0]LogPakFile: PakFile FullDirectoryIndexSize=138
[2022.03.11-15.58.54:890][  0]LogShaderLibrary: Display: ShaderCodeLibraryPakFileMountedCallback: PakFile 'C:/Program Files/Epic Games/UE_4.27/FeaturePacks/TP_Puzzle.upack' (chunk index -1, root 'root:/') mounted
[2022.03.11-15.58.54:890][  0]LogShaderLibrary: Display: ShaderCodeLibraryPakFileMountedCallback: pending pak file info (ChunkID:-1 Root:root:/ File:C:/Program Files/Epic Games/UE_4.27/FeaturePacks/TP_Puzzle.upack)
[2022.03.11-15.58.54:890][  0]LogPakFile: OnPakFileMounted2Time == 0.000023
[2022.03.11-15.58.54:890][  0]LogPakFile: PakFile PrimaryIndexSize=184
[2022.03.11-15.58.54:890][  0]LogPakFile: PakFile PathHashIndexSize=101
[2022.03.11-15.58.54:890][  0]LogPakFile: PakFile FullDirectoryIndexSize=142
[2022.03.11-15.58.54:890][  0]LogShaderLibrary: Display: ShaderCodeLibraryPakFileMountedCallback: PakFile 'C:/Program Files/Epic Games/UE_4.27/FeaturePacks/TP_PuzzleBP.upack' (chunk index -1, root 'root:/') mounted
[2022.03.11-15.58.54:890][  0]LogShaderLibrary: Display: ShaderCodeLibraryPakFileMountedCallback: pending pak file info (ChunkID:-1 Root:root:/ File:C:/Program Files/Epic Games/UE_4.27/FeaturePacks/TP_PuzzleBP.upack)
[2022.03.11-15.58.54:890][  0]LogPakFile: OnPakFileMounted2Time == 0.000022
[2022.03.11-15.58.54:890][  0]LogPakFile: PakFile PrimaryIndexSize=183
[2022.03.11-15.58.54:890][  0]LogPakFile: PakFile PathHashIndexSize=101
[2022.03.11-15.58.54:890][  0]LogPakFile: PakFile FullDirectoryIndexSize=140
[2022.03.11-15.58.54:890][  0]LogShaderLibrary: Display: ShaderCodeLibraryPakFileMountedCallback: PakFile 'C:/Program Files/Epic Games/UE_4.27/FeaturePacks/TP_Rolling.upack' (chunk index -1, root 'root:/') mounted
[2022.03.11-15.58.54:890][  0]LogShaderLibrary: Display: ShaderCodeLibraryPakFileMountedCallback: pending pak file info (ChunkID:-1 Root:root:/ File:C:/Program Files/Epic Games/UE_4.27/FeaturePacks/TP_Rolling.upack)
[2022.03.11-15.58.54:890][  0]LogPakFile: OnPakFileMounted2Time == 0.000024
[2022.03.11-15.58.54:890][  0]LogPakFile: PakFile PrimaryIndexSize=185
[2022.03.11-15.58.54:890][  0]LogPakFile: PakFile PathHashIndexSize=101
[2022.03.11-15.58.54:890][  0]LogPakFile: PakFile FullDirectoryIndexSize=144
[2022.03.11-15.58.54:890][  0]LogShaderLibrary: Display: ShaderCodeLibraryPakFileMountedCallback: PakFile 'C:/Program Files/Epic Games/UE_4.27/FeaturePacks/TP_RollingBP.upack' (chunk index -1, root 'root:/') mounted
[2022.03.11-15.58.54:890][  0]LogShaderLibrary: Display: ShaderCodeLibraryPakFileMountedCallback: pending pak file info (ChunkID:-1 Root:root:/ File:C:/Program Files/Epic Games/UE_4.27/FeaturePacks/TP_RollingBP.upack)
[2022.03.11-15.58.54:890][  0]LogPakFile: OnPakFileMounted2Time == 0.000025
[2022.03.11-15.58.54:890][  0]LogPakFile: PakFile PrimaryIndexSize=188
[2022.03.11-15.58.54:890][  0]LogPakFile: PakFile PathHashIndexSize=101
[2022.03.11-15.58.54:890][  0]LogPakFile: PakFile FullDirectoryIndexSize=150
[2022.03.11-15.58.54:891][  0]LogShaderLibrary: Display: ShaderCodeLibraryPakFileMountedCallback: PakFile 'C:/Program Files/Epic Games/UE_4.27/FeaturePacks/TP_SideScroller.upack' (chunk index -1, root 'root:/') mounted
[2022.03.11-15.58.54:891][  0]LogShaderLibrary: Display: ShaderCodeLibraryPakFileMountedCallback: pending pak file info (ChunkID:-1 Root:root:/ File:C:/Program Files/Epic Games/UE_4.27/FeaturePacks/TP_SideScroller.upack)
[2022.03.11-15.58.54:891][  0]LogPakFile: OnPakFileMounted2Time == 0.000022
[2022.03.11-15.58.54:891][  0]LogPakFile: PakFile PrimaryIndexSize=190
[2022.03.11-15.58.54:891][  0]LogPakFile: PakFile PathHashIndexSize=101
[2022.03.11-15.58.54:891][  0]LogPakFile: PakFile FullDirectoryIndexSize=154
[2022.03.11-15.58.54:891][  0]LogShaderLibrary: Display: ShaderCodeLibraryPakFileMountedCallback: PakFile 'C:/Program Files/Epic Games/UE_4.27/FeaturePacks/TP_SideScrollerBP.upack' (chunk index -1, root 'root:/') mounted
[2022.03.11-15.58.54:891][  0]LogShaderLibrary: Display: ShaderCodeLibraryPakFileMountedCallback: pending pak file info (ChunkID:-1 Root:root:/ File:C:/Program Files/Epic Games/UE_4.27/FeaturePacks/TP_SideScrollerBP.upack)
[2022.03.11-15.58.54:891][  0]LogPakFile: OnPakFileMounted2Time == 0.000022
[2022.03.11-15.58.54:891][  0]LogPakFile: PakFile PrimaryIndexSize=187
[2022.03.11-15.58.54:891][  0]LogPakFile: PakFile PathHashIndexSize=101
[2022.03.11-15.58.54:891][  0]LogPakFile: PakFile FullDirectoryIndexSize=148
[2022.03.11-15.58.54:891][  0]LogShaderLibrary: Display: ShaderCodeLibraryPakFileMountedCallback: PakFile 'C:/Program Files/Epic Games/UE_4.27/FeaturePacks/TP_ThirdPerson.upack' (chunk index -1, root 'root:/') mounted
[2022.03.11-15.58.54:891][  0]LogShaderLibrary: Display: ShaderCodeLibraryPakFileMountedCallback: pending pak file info (ChunkID:-1 Root:root:/ File:C:/Program Files/Epic Games/UE_4.27/FeaturePacks/TP_ThirdPerson.upack)
[2022.03.11-15.58.54:891][  0]LogPakFile: OnPakFileMounted2Time == 0.000022
[2022.03.11-15.58.54:892][  0]LogPakFile: PakFile PrimaryIndexSize=189
[2022.03.11-15.58.54:892][  0]LogPakFile: PakFile PathHashIndexSize=101
[2022.03.11-15.58.54:892][  0]LogPakFile: PakFile FullDirectoryIndexSize=152
[2022.03.11-15.58.54:892][  0]LogShaderLibrary: Display: ShaderCodeLibraryPakFileMountedCallback: PakFile 'C:/Program Files/Epic Games/UE_4.27/FeaturePacks/TP_ThirdPersonBP.upack' (chunk index -1, root 'root:/') mounted
[2022.03.11-15.58.54:892][  0]LogShaderLibrary: Display: ShaderCodeLibraryPakFileMountedCallback: pending pak file info (ChunkID:-1 Root:root:/ File:C:/Program Files/Epic Games/UE_4.27/FeaturePacks/TP_ThirdPersonBP.upack)
[2022.03.11-15.58.54:892][  0]LogPakFile: OnPakFileMounted2Time == 0.000039
[2022.03.11-15.58.54:892][  0]LogPakFile: PakFile PrimaryIndexSize=183
[2022.03.11-15.58.54:892][  0]LogPakFile: PakFile PathHashIndexSize=101
[2022.03.11-15.58.54:892][  0]LogPakFile: PakFile FullDirectoryIndexSize=140
[2022.03.11-15.58.54:892][  0]LogShaderLibrary: Display: ShaderCodeLibraryPakFileMountedCallback: PakFile 'C:/Program Files/Epic Games/UE_4.27/FeaturePacks/TP_TopDown.upack' (chunk index -1, root 'root:/') mounted
[2022.03.11-15.58.54:892][  0]LogShaderLibrary: Display: ShaderCodeLibraryPakFileMountedCallback: pending pak file info (ChunkID:-1 Root:root:/ File:C:/Program Files/Epic Games/UE_4.27/FeaturePacks/TP_TopDown.upack)
[2022.03.11-15.58.54:892][  0]LogPakFile: OnPakFileMounted2Time == 0.000027
[2022.03.11-15.58.54:892][  0]LogPakFile: PakFile PrimaryIndexSize=185
[2022.03.11-15.58.54:892][  0]LogPakFile: PakFile PathHashIndexSize=101
[2022.03.11-15.58.54:892][  0]LogPakFile: PakFile FullDirectoryIndexSize=144
[2022.03.11-15.58.54:892][  0]LogShaderLibrary: Display: ShaderCodeLibraryPakFileMountedCallback: PakFile 'C:/Program Files/Epic Games/UE_4.27/FeaturePacks/TP_TopDownBP.upack' (chunk index -1, root 'root:/') mounted
[2022.03.11-15.58.54:892][  0]LogShaderLibrary: Display: ShaderCodeLibraryPakFileMountedCallback: pending pak file info (ChunkID:-1 Root:root:/ File:C:/Program Files/Epic Games/UE_4.27/FeaturePacks/TP_TopDownBP.upack)
[2022.03.11-15.58.54:892][  0]LogPakFile: OnPakFileMounted2Time == 0.000023
[2022.03.11-15.58.54:893][  0]LogPakFile: PakFile PrimaryIndexSize=185
[2022.03.11-15.58.54:893][  0]LogPakFile: PakFile PathHashIndexSize=101
[2022.03.11-15.58.54:893][  0]LogPakFile: PakFile FullDirectoryIndexSize=144
[2022.03.11-15.58.54:893][  0]LogShaderLibrary: Display: ShaderCodeLibraryPakFileMountedCallback: PakFile 'C:/Program Files/Epic Games/UE_4.27/FeaturePacks/TP_TwinStick.upack' (chunk index -1, root 'root:/') mounted
[2022.03.11-15.58.54:893][  0]LogShaderLibrary: Display: ShaderCodeLibraryPakFileMountedCallback: pending pak file info (ChunkID:-1 Root:root:/ File:C:/Program Files/Epic Games/UE_4.27/FeaturePacks/TP_TwinStick.upack)
[2022.03.11-15.58.54:893][  0]LogPakFile: OnPakFileMounted2Time == 0.000032
[2022.03.11-15.58.54:893][  0]LogPakFile: PakFile PrimaryIndexSize=187
[2022.03.11-15.58.54:893][  0]LogPakFile: PakFile PathHashIndexSize=101
[2022.03.11-15.58.54:893][  0]LogPakFile: PakFile FullDirectoryIndexSize=148
[2022.03.11-15.58.54:893][  0]LogShaderLibrary: Display: ShaderCodeLibraryPakFileMountedCallback: PakFile 'C:/Program Files/Epic Games/UE_4.27/FeaturePacks/TP_TwinStickBP.upack' (chunk index -1, root 'root:/') mounted
[2022.03.11-15.58.54:893][  0]LogShaderLibrary: Display: ShaderCodeLibraryPakFileMountedCallback: pending pak file info (ChunkID:-1 Root:root:/ File:C:/Program Files/Epic Games/UE_4.27/FeaturePacks/TP_TwinStickBP.upack)
[2022.03.11-15.58.54:893][  0]LogPakFile: OnPakFileMounted2Time == 0.000027
[2022.03.11-15.58.54:893][  0]LogPakFile: PakFile PrimaryIndexSize=183
[2022.03.11-15.58.54:893][  0]LogPakFile: PakFile PathHashIndexSize=101
[2022.03.11-15.58.54:893][  0]LogPakFile: PakFile FullDirectoryIndexSize=140
[2022.03.11-15.58.54:893][  0]LogShaderLibrary: Display: ShaderCodeLibraryPakFileMountedCallback: PakFile 'C:/Program Files/Epic Games/UE_4.27/FeaturePacks/TP_Vehicle.upack' (chunk index -1, root 'root:/') mounted
[2022.03.11-15.58.54:893][  0]LogShaderLibrary: Display: ShaderCodeLibraryPakFileMountedCallback: pending pak file info (ChunkID:-1 Root:root:/ File:C:/Program Files/Epic Games/UE_4.27/FeaturePacks/TP_Vehicle.upack)
[2022.03.11-15.58.54:893][  0]LogPakFile: OnPakFileMounted2Time == 0.000022
[2022.03.11-15.58.54:894][  0]LogPakFile: PakFile PrimaryIndexSize=186
[2022.03.11-15.58.54:894][  0]LogPakFile: PakFile PathHashIndexSize=101
[2022.03.11-15.58.54:894][  0]LogPakFile: PakFile FullDirectoryIndexSize=146
[2022.03.11-15.58.54:894][  0]LogShaderLibrary: Display: ShaderCodeLibraryPakFileMountedCallback: PakFile 'C:/Program Files/Epic Games/UE_4.27/FeaturePacks/TP_VehicleAdv.upack' (chunk index -1, root 'root:/') mounted
[2022.03.11-15.58.54:894][  0]LogShaderLibrary: Display: ShaderCodeLibraryPakFileMountedCallback: pending pak file info (ChunkID:-1 Root:root:/ File:C:/Program Files/Epic Games/UE_4.27/FeaturePacks/TP_VehicleAdv.upack)
[2022.03.11-15.58.54:894][  0]LogPakFile: OnPakFileMounted2Time == 0.000023
[2022.03.11-15.58.54:894][  0]LogPakFile: PakFile PrimaryIndexSize=188
[2022.03.11-15.58.54:894][  0]LogPakFile: PakFile PathHashIndexSize=101
[2022.03.11-15.58.54:894][  0]LogPakFile: PakFile FullDirectoryIndexSize=150
[2022.03.11-15.58.54:894][  0]LogShaderLibrary: Display: ShaderCodeLibraryPakFileMountedCallback: PakFile 'C:/Program Files/Epic Games/UE_4.27/FeaturePacks/TP_VehicleAdvBP.upack' (chunk index -1, root 'root:/') mounted
[2022.03.11-15.58.54:894][  0]LogShaderLibrary: Display: ShaderCodeLibraryPakFileMountedCallback: pending pak file info (ChunkID:-1 Root:root:/ File:C:/Program Files/Epic Games/UE_4.27/FeaturePacks/TP_VehicleAdvBP.upack)
[2022.03.11-15.58.54:894][  0]LogPakFile: OnPakFileMounted2Time == 0.000023
[2022.03.11-15.58.54:894][  0]LogPakFile: PakFile PrimaryIndexSize=185
[2022.03.11-15.58.54:894][  0]LogPakFile: PakFile PathHashIndexSize=101
[2022.03.11-15.58.54:894][  0]LogPakFile: PakFile FullDirectoryIndexSize=144
[2022.03.11-15.58.54:894][  0]LogShaderLibrary: Display: ShaderCodeLibraryPakFileMountedCallback: PakFile 'C:/Program Files/Epic Games/UE_4.27/FeaturePacks/TP_VehicleBP.upack' (chunk index -1, root 'root:/') mounted
[2022.03.11-15.58.54:894][  0]LogShaderLibrary: Display: ShaderCodeLibraryPakFileMountedCallback: pending pak file info (ChunkID:-1 Root:root:/ File:C:/Program Files/Epic Games/UE_4.27/FeaturePacks/TP_VehicleBP.upack)
[2022.03.11-15.58.54:894][  0]LogPakFile: OnPakFileMounted2Time == 0.000023
[2022.03.11-15.58.54:895][  0]LogPakFile: PakFile PrimaryIndexSize=192
[2022.03.11-15.58.54:895][  0]LogPakFile: PakFile PathHashIndexSize=101
[2022.03.11-15.58.54:895][  0]LogPakFile: PakFile FullDirectoryIndexSize=158
[2022.03.11-15.58.54:895][  0]LogShaderLibrary: Display: ShaderCodeLibraryPakFileMountedCallback: PakFile 'C:/Program Files/Epic Games/UE_4.27/FeaturePacks/TP_VirtualRealityBP.upack' (chunk index -1, root 'root:/') mounted
[2022.03.11-15.58.54:895][  0]LogShaderLibrary: Display: ShaderCodeLibraryPakFileMountedCallback: pending pak file info (ChunkID:-1 Root:root:/ File:C:/Program Files/Epic Games/UE_4.27/FeaturePacks/TP_VirtualRealityBP.upack)
[2022.03.11-15.58.54:895][  0]LogPakFile: OnPakFileMounted2Time == 0.000026
[2022.03.11-15.58.54:926][  0]LogNativeClassHierarchy: Verbose: Native class hierarchy updated for 'AddContentDialog' in 0.0003 seconds. Added 0 classes and 0 folders.
[2022.03.11-15.58.54:927][  0]LogNativeClassHierarchy: Verbose: Native class hierarchy updated for 'SceneOutliner' in 0.0002 seconds. Added 2 classes and 0 folders.
[2022.03.11-15.58.54:968][  0]LogSlate: Took 0.000113 seconds to synchronously load lazily loaded font '../../../Engine/Content/Slate/Fonts/Roboto-Regular.ttf' (155K)
[2022.03.11-15.58.54:969][  0]LogSlate: Took 0.000114 seconds to synchronously load lazily loaded font '../../../Engine/Content/Editor/Slate/Fonts/FontAwesome.ttf' (139K)
[2022.03.11-15.58.54:971][  0]LogSlate: Took 0.000093 seconds to synchronously load lazily loaded font '../../../Engine/Content/Slate/Fonts/Roboto-Bold.ttf' (160K)
[2022.03.11-15.58.55:027][  0]LogRenderer: Reallocating scene render targets to support 1312x540 Format 10 NumSamples 1 (Frame:1).
[2022.03.11-15.58.55:139][  0]LogNativeClassHierarchy: Verbose: Native class hierarchy updated for 'HierarchicalLODOutliner' in 0.0003 seconds. Added 0 classes and 0 folders.
[2022.03.11-15.58.55:139][  0]LogLoad: (Engine Initialization) Total time: 5.21 seconds
[2022.03.11-15.58.55:139][  0]LogLoad: (Engine Initialization) Total Blueprint compile time: 0.00 seconds
[2022.03.11-15.58.55:217][  0]LogAssetRegistry: Asset discovery search completed in 3.1742 seconds
[2022.03.11-15.58.55:221][  0]LogCollectionManager: Fixed up redirectors for 0 collections in 0.000001 seconds (updated 0 objects)
[2022.03.11-15.58.55:222][  0]LogContentStreaming: Texture pool size now 1000 MB
[2022.03.11-15.59.00:251][296]LogFileCache: Retrieving MD5 hashes for directory 'C:/3D/Wargaming/GIT/WargamingAcademy/Cyberpunk2022/Content/' took 5.07s
[2022.03.11-16.00.36:649][803]LogSlate: Took 0.000159 seconds to synchronously load lazily loaded font '../../../Engine/Content/Slate/Fonts/Roboto-Light.ttf' (167K)
[2022.03.11-16.00.36:664][803]LogUObjectHash: Compacting FUObjectHashTables data took   0.66ms
[2022.03.11-16.00.36:673][803]LogSavePackage: Moving '../../../../../../3D/Wargaming/GIT/WargamingAcademy/Cyberpunk2022/Saved/bloking_new594D0C8C477065CD44915995B133EFD8.tmp' to '../../../../../../3D/Wargaming/GIT/WargamingAcademy/Cyberpunk2022/Content/FirstPersonCPP/Maps/bloking_new.umap'
[2022.03.11-16.00.36:688][803]AssetCheck: New page: Asset Save: bloking_new
[2022.03.11-16.00.36:688][803]LogContentValidation: Display: Validating World /Game/FirstPersonCPP/Maps/bloking_new.bloking_new
[2022.03.11-16.00.38:978][941]LogUObjectHash: Compacting FUObjectHashTables data took   0.24ms
